2025-06-21 16:10:25 INFO Initializing first population
2025-06-21 16:10:25 INFO Initializing population from 7 seed files...
2025-06-21 16:10:25 INFO --- GNBG Problem Parameters for f9 ---
  Dimension: 30, MaxEvals: 500000
  Search Bounds: [-100, 100]
  Number of Components: 1
  Known Optimum Value: -884.736010
  Lambda (Curvature): [1]
  Mu (Asymmetry/Depth): [1 1]
----------------------------------------
2025-06-21 16:10:30 INFO Run function 9 complete. FEHistory len: 70000, AOCC: 0.0000
2025-06-21 16:10:30 INFO FeHistory: [9.23317336e+05 1.20890099e+06 2.42721827e+06 ... 2.07001584e+02
 2.07001584e+02 2.07001583e+02]
2025-06-21 16:10:30 INFO Expected Optimum FE: -884.7360096017693
2025-06-21 16:10:30 INFO Unimodal AOCC mean: nan
2025-06-21 16:10:30 INFO Multimodal (single component) AOCC mean: 0.0000
2025-06-21 16:10:30 INFO Multimodal (multiple components) AOCC mean: nan
2025-06-21 16:10:30 INFO AOCC mean: 0.0000
2025-06-21 16:10:30 INFO --- GNBG Problem Parameters for f9 ---
  Dimension: 30, MaxEvals: 500000
  Search Bounds: [-100, 100]
  Number of Components: 1
  Known Optimum Value: -884.736010
  Lambda (Curvature): [1]
  Mu (Asymmetry/Depth): [1 1]
----------------------------------------
