2025-06-21 08:21:11 INFO Initializing first population
2025-06-21 08:21:11 INFO Initializing population from 4 seed files...
2025-06-21 08:21:11 INFO --- GNBG Problem Parameters for f4 ---
  Dimension: 30, MaxEvals: 500000
  Search Bounds: [-100, 100]
  Number of Components: 1
  Known Optimum Value: -382.620521
  Lambda (Curvature): [1]
  Mu (Asymmetry/Depth): [0 0]
----------------------------------------
2025-06-21 08:21:16 INFO Run function 4 complete. FEHistory len: 70000, AOCC: 0.3296
2025-06-21 08:21:16 INFO FeHistory: [ 1.28102497e+06  1.49339952e+06  1.54378806e+06 ... -3.82620521e+02
 -3.82620521e+02 -3.82620521e+02]
2025-06-21 08:21:16 INFO Expected Optimum FE: -382.6205211774271
2025-06-21 08:21:16 INFO Good algorithm:
Algorithm Name: AdaptiveGaussianSamplingEA
import numpy as np
class AdaptiveGaussianSamplingEA:
    def __init__(self, budget: int, dim: int, lower_bounds: list[float], upper_bounds: list[float]):
        self.budget = int(budget)
        self.dim = int(dim)
        self.lower_bounds = np.array(lower_bounds, dtype=float)
        self.upper_bounds = np.array(upper_bounds, dtype=float)

        self.eval_count = 0
        self.best_solution_overall = None
        self.best_fitness_overall = float('inf')
        self.population_size = 100  # Adjust as needed
        self.sigma = 0.2 * (self.upper_bounds - self.lower_bounds)  # Initial Gaussian width
        self.sigma_decay = 0.99 #Decay rate of sigma


    def optimize(self, objective_function: callable, acceptance_threshold: float = 1e-8) -> tuple:
        self.eval_count = 0
        self.best_solution_overall = np.random.uniform(self.lower_bounds, self.upper_bounds, self.dim)
        self.best_fitness_overall = objective_function(self.best_solution_overall.reshape(1, -1))[0]
        self.eval_count += 1

        population = self._initialize_population()
        fitness_values = objective_function(population)
        self.eval_count += self.population_size

        while self.eval_count < self.budget:
            # Selection (tournament selection)
            parents = self._tournament_selection(population, fitness_values)

            # Recombination (Gaussian perturbation)
            offspring = self._gaussian_recombination(parents)

            # Mutation (adjust sigma adaptively)
            offspring = self._adaptive_mutation(offspring)

            #Evaluation
            offspring_fitness = objective_function(offspring)
            self.eval_count += len(offspring)
            
            #Selection for next generation
            population, fitness_values = self._select_next_generation(population, fitness_values, offspring, offspring_fitness)

            # Update best solution
            self._update_best(offspring, offspring_fitness)
            self.sigma *= self.sigma_decay

        optimization_info = {
            'function_evaluations_used': self.eval_count,
            'final_best_fitness': self.best_fitness_overall
        }
        return self.best_solution_overall, self.best_fitness_overall, optimization_info


    def _initialize_population(self):
        #Adaptive Gaussian Sampling
        center = np.random.uniform(self.lower_bounds, self.upper_bounds, self.dim)
        population = np.random.normal(center, self.sigma, size=(self.population_size, self.dim))
        population = np.clip(population, self.lower_bounds, self.upper_bounds)
        return population

    def _tournament_selection(self, population, fitness_values):
        tournament_size = 5
        num_parents = self.population_size //2 #Binary Recombination

        selected_parents = []
        for _ in range(num_parents):
            tournament = np.random.choice(len(population), tournament_size, replace=False)
            winner_index = tournament[np.argmin(fitness_values[tournament])]
            selected_parents.append(population[winner_index])
        return np.array(selected_parents)


    def _gaussian_recombination(self, parents):
        offspring = []
        for i in range(0, len(parents), 2):
            parent1 = parents[i]
            parent2 = parents[i+1]
            child1 = (parent1 + parent2) / 2 + np.random.normal(0, self.sigma / 2, self.dim)
            child2 = (parent1 + parent2) / 2 + np.random.normal(0, self.sigma / 2, self.dim)
            offspring.extend([child1, child2])
        return np.clip(np.array(offspring), self.lower_bounds, self.upper_bounds)


    def _adaptive_mutation(self, offspring):
        #Simple Mutation, sigma is already updated
        offspring += np.random.normal(0, self.sigma, size=offspring.shape)
        return np.clip(offspring, self.lower_bounds, self.upper_bounds)

    def _select_next_generation(self, population, fitness_values, offspring, offspring_fitness):
        combined_pop = np.vstack((population, offspring))
        combined_fit = np.concatenate((fitness_values, offspring_fitness))
        
        sorted_indices = np.argsort(combined_fit)
        
        next_gen = combined_pop[sorted_indices[:self.population_size]]
        next_fit = combined_fit[sorted_indices[:self.population_size]]
        return next_gen, next_fit
    

    def _update_best(self, offspring, offspring_fitness):
        for i, fitness in enumerate(offspring_fitness):
            if fitness < self.best_fitness_overall:
                self.best_fitness_overall = fitness
                self.best_solution_overall = offspring[i]
2025-06-21 08:21:16 INFO --- GNBG Problem Parameters for f6 ---
  Dimension: 30, MaxEvals: 500000
  Search Bounds: [-100, 100]
  Number of Components: 1
  Known Optimum Value: -186.864053
  Lambda (Curvature): [0.05]
  Mu (Asymmetry/Depth): [0 0]
----------------------------------------
2025-06-21 08:21:22 INFO Run function 6 complete. FEHistory len: 70000, AOCC: 0.1743
2025-06-21 08:21:22 INFO FeHistory: [-183.29384404 -183.29835055 -183.30681975 ... -185.47975386 -185.47975321
 -185.4797538 ]
2025-06-21 08:21:22 INFO Expected Optimum FE: -186.86405320391498
2025-06-21 08:21:22 INFO Good algorithm:
Algorithm Name: AdaptiveGaussianSamplingEA
import numpy as np
class AdaptiveGaussianSamplingEA:
    def __init__(self, budget: int, dim: int, lower_bounds: list[float], upper_bounds: list[float]):
        self.budget = int(budget)
        self.dim = int(dim)
        self.lower_bounds = np.array(lower_bounds, dtype=float)
        self.upper_bounds = np.array(upper_bounds, dtype=float)

        self.eval_count = 0
        self.best_solution_overall = None
        self.best_fitness_overall = float('inf')
        self.population_size = 100  # Adjust as needed
        self.sigma = 0.2 * (self.upper_bounds - self.lower_bounds)  # Initial Gaussian width
        self.sigma_decay = 0.99 #Decay rate of sigma


    def optimize(self, objective_function: callable, acceptance_threshold: float = 1e-8) -> tuple:
        self.eval_count = 0
        self.best_solution_overall = np.random.uniform(self.lower_bounds, self.upper_bounds, self.dim)
        self.best_fitness_overall = objective_function(self.best_solution_overall.reshape(1, -1))[0]
        self.eval_count += 1

        population = self._initialize_population()
        fitness_values = objective_function(population)
        self.eval_count += self.population_size

        while self.eval_count < self.budget:
            # Selection (tournament selection)
            parents = self._tournament_selection(population, fitness_values)

            # Recombination (Gaussian perturbation)
            offspring = self._gaussian_recombination(parents)

            # Mutation (adjust sigma adaptively)
            offspring = self._adaptive_mutation(offspring)

            #Evaluation
            offspring_fitness = objective_function(offspring)
            self.eval_count += len(offspring)
            
            #Selection for next generation
            population, fitness_values = self._select_next_generation(population, fitness_values, offspring, offspring_fitness)

            # Update best solution
            self._update_best(offspring, offspring_fitness)
            self.sigma *= self.sigma_decay

        optimization_info = {
            'function_evaluations_used': self.eval_count,
            'final_best_fitness': self.best_fitness_overall
        }
        return self.best_solution_overall, self.best_fitness_overall, optimization_info


    def _initialize_population(self):
        #Adaptive Gaussian Sampling
        center = np.random.uniform(self.lower_bounds, self.upper_bounds, self.dim)
        population = np.random.normal(center, self.sigma, size=(self.population_size, self.dim))
        population = np.clip(population, self.lower_bounds, self.upper_bounds)
        return population

    def _tournament_selection(self, population, fitness_values):
        tournament_size = 5
        num_parents = self.population_size //2 #Binary Recombination

        selected_parents = []
        for _ in range(num_parents):
            tournament = np.random.choice(len(population), tournament_size, replace=False)
            winner_index = tournament[np.argmin(fitness_values[tournament])]
            selected_parents.append(population[winner_index])
        return np.array(selected_parents)


    def _gaussian_recombination(self, parents):
        offspring = []
        for i in range(0, len(parents), 2):
            parent1 = parents[i]
            parent2 = parents[i+1]
            child1 = (parent1 + parent2) / 2 + np.random.normal(0, self.sigma / 2, self.dim)
            child2 = (parent1 + parent2) / 2 + np.random.normal(0, self.sigma / 2, self.dim)
            offspring.extend([child1, child2])
        return np.clip(np.array(offspring), self.lower_bounds, self.upper_bounds)


    def _adaptive_mutation(self, offspring):
        #Simple Mutation, sigma is already updated
        offspring += np.random.normal(0, self.sigma, size=offspring.shape)
        return np.clip(offspring, self.lower_bounds, self.upper_bounds)

    def _select_next_generation(self, population, fitness_values, offspring, offspring_fitness):
        combined_pop = np.vstack((population, offspring))
        combined_fit = np.concatenate((fitness_values, offspring_fitness))
        
        sorted_indices = np.argsort(combined_fit)
        
        next_gen = combined_pop[sorted_indices[:self.population_size]]
        next_fit = combined_fit[sorted_indices[:self.population_size]]
        return next_gen, next_fit
    

    def _update_best(self, offspring, offspring_fitness):
        for i, fitness in enumerate(offspring_fitness):
            if fitness < self.best_fitness_overall:
                self.best_fitness_overall = fitness
                self.best_solution_overall = offspring[i]
2025-06-21 08:21:22 INFO --- GNBG Problem Parameters for f7 ---
  Dimension: 30, MaxEvals: 500000
  Search Bounds: [-100, 100]
  Number of Components: 1
  Known Optimum Value: -912.857374
  Lambda (Curvature): [1]
  Mu (Asymmetry/Depth): [0.2 0.2]
----------------------------------------
2025-06-21 08:21:27 INFO Run function 7 complete. FEHistory len: 70000, AOCC: 0.3761
2025-06-21 08:21:27 INFO FeHistory: [170608.55801008 165861.79600091 196278.46085068 ...   -912.8573739
   -912.85737392   -912.85737384]
2025-06-21 08:21:27 INFO Expected Optimum FE: -912.8573739743372
2025-06-21 08:21:27 INFO Good algorithm:
Algorithm Name: AdaptiveGaussianSamplingEA
import numpy as np
class AdaptiveGaussianSamplingEA:
    def __init__(self, budget: int, dim: int, lower_bounds: list[float], upper_bounds: list[float]):
        self.budget = int(budget)
        self.dim = int(dim)
        self.lower_bounds = np.array(lower_bounds, dtype=float)
        self.upper_bounds = np.array(upper_bounds, dtype=float)

        self.eval_count = 0
        self.best_solution_overall = None
        self.best_fitness_overall = float('inf')
        self.population_size = 100  # Adjust as needed
        self.sigma = 0.2 * (self.upper_bounds - self.lower_bounds)  # Initial Gaussian width
        self.sigma_decay = 0.99 #Decay rate of sigma


    def optimize(self, objective_function: callable, acceptance_threshold: float = 1e-8) -> tuple:
        self.eval_count = 0
        self.best_solution_overall = np.random.uniform(self.lower_bounds, self.upper_bounds, self.dim)
        self.best_fitness_overall = objective_function(self.best_solution_overall.reshape(1, -1))[0]
        self.eval_count += 1

        population = self._initialize_population()
        fitness_values = objective_function(population)
        self.eval_count += self.population_size

        while self.eval_count < self.budget:
            # Selection (tournament selection)
            parents = self._tournament_selection(population, fitness_values)

            # Recombination (Gaussian perturbation)
            offspring = self._gaussian_recombination(parents)

            # Mutation (adjust sigma adaptively)
            offspring = self._adaptive_mutation(offspring)

            #Evaluation
            offspring_fitness = objective_function(offspring)
            self.eval_count += len(offspring)
            
            #Selection for next generation
            population, fitness_values = self._select_next_generation(population, fitness_values, offspring, offspring_fitness)

            # Update best solution
            self._update_best(offspring, offspring_fitness)
            self.sigma *= self.sigma_decay

        optimization_info = {
            'function_evaluations_used': self.eval_count,
            'final_best_fitness': self.best_fitness_overall
        }
        return self.best_solution_overall, self.best_fitness_overall, optimization_info


    def _initialize_population(self):
        #Adaptive Gaussian Sampling
        center = np.random.uniform(self.lower_bounds, self.upper_bounds, self.dim)
        population = np.random.normal(center, self.sigma, size=(self.population_size, self.dim))
        population = np.clip(population, self.lower_bounds, self.upper_bounds)
        return population

    def _tournament_selection(self, population, fitness_values):
        tournament_size = 5
        num_parents = self.population_size //2 #Binary Recombination

        selected_parents = []
        for _ in range(num_parents):
            tournament = np.random.choice(len(population), tournament_size, replace=False)
            winner_index = tournament[np.argmin(fitness_values[tournament])]
            selected_parents.append(population[winner_index])
        return np.array(selected_parents)


    def _gaussian_recombination(self, parents):
        offspring = []
        for i in range(0, len(parents), 2):
            parent1 = parents[i]
            parent2 = parents[i+1]
            child1 = (parent1 + parent2) / 2 + np.random.normal(0, self.sigma / 2, self.dim)
            child2 = (parent1 + parent2) / 2 + np.random.normal(0, self.sigma / 2, self.dim)
            offspring.extend([child1, child2])
        return np.clip(np.array(offspring), self.lower_bounds, self.upper_bounds)


    def _adaptive_mutation(self, offspring):
        #Simple Mutation, sigma is already updated
        offspring += np.random.normal(0, self.sigma, size=offspring.shape)
        return np.clip(offspring, self.lower_bounds, self.upper_bounds)

    def _select_next_generation(self, population, fitness_values, offspring, offspring_fitness):
        combined_pop = np.vstack((population, offspring))
        combined_fit = np.concatenate((fitness_values, offspring_fitness))
        
        sorted_indices = np.argsort(combined_fit)
        
        next_gen = combined_pop[sorted_indices[:self.population_size]]
        next_fit = combined_fit[sorted_indices[:self.population_size]]
        return next_gen, next_fit
    

    def _update_best(self, offspring, offspring_fitness):
        for i, fitness in enumerate(offspring_fitness):
            if fitness < self.best_fitness_overall:
                self.best_fitness_overall = fitness
                self.best_solution_overall = offspring[i]
2025-06-21 08:21:27 INFO --- GNBG Problem Parameters for f8 ---
  Dimension: 30, MaxEvals: 500000
  Search Bounds: [-100, 100]
  Number of Components: 1
  Known Optimum Value: -656.788998
  Lambda (Curvature): [1]
  Mu (Asymmetry/Depth): [0.2 0.2]
----------------------------------------
2025-06-21 08:21:33 INFO Run function 8 complete. FEHistory len: 70000, AOCC: 0.3773
2025-06-21 08:21:33 INFO FeHistory: [357315.34909585 258572.23216408 180792.13960267 ...   -656.78899789
   -656.78899793   -656.78899792]
2025-06-21 08:21:33 INFO Expected Optimum FE: -656.7889979935655
2025-06-21 08:21:33 INFO Good algorithm:
Algorithm Name: AdaptiveGaussianSamplingEA
import numpy as np
class AdaptiveGaussianSamplingEA:
    def __init__(self, budget: int, dim: int, lower_bounds: list[float], upper_bounds: list[float]):
        self.budget = int(budget)
        self.dim = int(dim)
        self.lower_bounds = np.array(lower_bounds, dtype=float)
        self.upper_bounds = np.array(upper_bounds, dtype=float)

        self.eval_count = 0
        self.best_solution_overall = None
        self.best_fitness_overall = float('inf')
        self.population_size = 100  # Adjust as needed
        self.sigma = 0.2 * (self.upper_bounds - self.lower_bounds)  # Initial Gaussian width
        self.sigma_decay = 0.99 #Decay rate of sigma


    def optimize(self, objective_function: callable, acceptance_threshold: float = 1e-8) -> tuple:
        self.eval_count = 0
        self.best_solution_overall = np.random.uniform(self.lower_bounds, self.upper_bounds, self.dim)
        self.best_fitness_overall = objective_function(self.best_solution_overall.reshape(1, -1))[0]
        self.eval_count += 1

        population = self._initialize_population()
        fitness_values = objective_function(population)
        self.eval_count += self.population_size

        while self.eval_count < self.budget:
            # Selection (tournament selection)
            parents = self._tournament_selection(population, fitness_values)

            # Recombination (Gaussian perturbation)
            offspring = self._gaussian_recombination(parents)

            # Mutation (adjust sigma adaptively)
            offspring = self._adaptive_mutation(offspring)

            #Evaluation
            offspring_fitness = objective_function(offspring)
            self.eval_count += len(offspring)
            
            #Selection for next generation
            population, fitness_values = self._select_next_generation(population, fitness_values, offspring, offspring_fitness)

            # Update best solution
            self._update_best(offspring, offspring_fitness)
            self.sigma *= self.sigma_decay

        optimization_info = {
            'function_evaluations_used': self.eval_count,
            'final_best_fitness': self.best_fitness_overall
        }
        return self.best_solution_overall, self.best_fitness_overall, optimization_info


    def _initialize_population(self):
        #Adaptive Gaussian Sampling
        center = np.random.uniform(self.lower_bounds, self.upper_bounds, self.dim)
        population = np.random.normal(center, self.sigma, size=(self.population_size, self.dim))
        population = np.clip(population, self.lower_bounds, self.upper_bounds)
        return population

    def _tournament_selection(self, population, fitness_values):
        tournament_size = 5
        num_parents = self.population_size //2 #Binary Recombination

        selected_parents = []
        for _ in range(num_parents):
            tournament = np.random.choice(len(population), tournament_size, replace=False)
            winner_index = tournament[np.argmin(fitness_values[tournament])]
            selected_parents.append(population[winner_index])
        return np.array(selected_parents)


    def _gaussian_recombination(self, parents):
        offspring = []
        for i in range(0, len(parents), 2):
            parent1 = parents[i]
            parent2 = parents[i+1]
            child1 = (parent1 + parent2) / 2 + np.random.normal(0, self.sigma / 2, self.dim)
            child2 = (parent1 + parent2) / 2 + np.random.normal(0, self.sigma / 2, self.dim)
            offspring.extend([child1, child2])
        return np.clip(np.array(offspring), self.lower_bounds, self.upper_bounds)


    def _adaptive_mutation(self, offspring):
        #Simple Mutation, sigma is already updated
        offspring += np.random.normal(0, self.sigma, size=offspring.shape)
        return np.clip(offspring, self.lower_bounds, self.upper_bounds)

    def _select_next_generation(self, population, fitness_values, offspring, offspring_fitness):
        combined_pop = np.vstack((population, offspring))
        combined_fit = np.concatenate((fitness_values, offspring_fitness))
        
        sorted_indices = np.argsort(combined_fit)
        
        next_gen = combined_pop[sorted_indices[:self.population_size]]
        next_fit = combined_fit[sorted_indices[:self.population_size]]
        return next_gen, next_fit
    

    def _update_best(self, offspring, offspring_fitness):
        for i, fitness in enumerate(offspring_fitness):
            if fitness < self.best_fitness_overall:
                self.best_fitness_overall = fitness
                self.best_solution_overall = offspring[i]
2025-06-21 08:21:33 INFO --- GNBG Problem Parameters for f20 ---
  Dimension: 30, MaxEvals: 1000000
  Search Bounds: [-100, 100]
  Number of Components: 5
  Known Optimum Value: -100.000000
  Lambda (Curvature): [0.25 0.25 0.25 0.25 0.25]
  Mu (Asymmetry/Depth): [0.4901829  0.25862884 0.37043014 0.37440768 0.26098797 0.491006
 0.27569772 0.45404864 0.42314776 0.27195433]
----------------------------------------
2025-06-21 08:21:50 INFO Run function 20 complete. FEHistory len: 70000, AOCC: 0.2373
2025-06-21 08:21:50 INFO FeHistory: [-76.60141524 -78.84576923 -80.20731289 ... -99.98501909 -99.98214653
 -99.98188787]
2025-06-21 08:21:50 INFO Expected Optimum FE: -100
2025-06-21 08:21:50 INFO Good algorithm:
Algorithm Name: AdaptiveGaussianSamplingEA
import numpy as np
class AdaptiveGaussianSamplingEA:
    def __init__(self, budget: int, dim: int, lower_bounds: list[float], upper_bounds: list[float]):
        self.budget = int(budget)
        self.dim = int(dim)
        self.lower_bounds = np.array(lower_bounds, dtype=float)
        self.upper_bounds = np.array(upper_bounds, dtype=float)

        self.eval_count = 0
        self.best_solution_overall = None
        self.best_fitness_overall = float('inf')
        self.population_size = 100  # Adjust as needed
        self.sigma = 0.2 * (self.upper_bounds - self.lower_bounds)  # Initial Gaussian width
        self.sigma_decay = 0.99 #Decay rate of sigma


    def optimize(self, objective_function: callable, acceptance_threshold: float = 1e-8) -> tuple:
        self.eval_count = 0
        self.best_solution_overall = np.random.uniform(self.lower_bounds, self.upper_bounds, self.dim)
        self.best_fitness_overall = objective_function(self.best_solution_overall.reshape(1, -1))[0]
        self.eval_count += 1

        population = self._initialize_population()
        fitness_values = objective_function(population)
        self.eval_count += self.population_size

        while self.eval_count < self.budget:
            # Selection (tournament selection)
            parents = self._tournament_selection(population, fitness_values)

            # Recombination (Gaussian perturbation)
            offspring = self._gaussian_recombination(parents)

            # Mutation (adjust sigma adaptively)
            offspring = self._adaptive_mutation(offspring)

            #Evaluation
            offspring_fitness = objective_function(offspring)
            self.eval_count += len(offspring)
            
            #Selection for next generation
            population, fitness_values = self._select_next_generation(population, fitness_values, offspring, offspring_fitness)

            # Update best solution
            self._update_best(offspring, offspring_fitness)
            self.sigma *= self.sigma_decay

        optimization_info = {
            'function_evaluations_used': self.eval_count,
            'final_best_fitness': self.best_fitness_overall
        }
        return self.best_solution_overall, self.best_fitness_overall, optimization_info


    def _initialize_population(self):
        #Adaptive Gaussian Sampling
        center = np.random.uniform(self.lower_bounds, self.upper_bounds, self.dim)
        population = np.random.normal(center, self.sigma, size=(self.population_size, self.dim))
        population = np.clip(population, self.lower_bounds, self.upper_bounds)
        return population

    def _tournament_selection(self, population, fitness_values):
        tournament_size = 5
        num_parents = self.population_size //2 #Binary Recombination

        selected_parents = []
        for _ in range(num_parents):
            tournament = np.random.choice(len(population), tournament_size, replace=False)
            winner_index = tournament[np.argmin(fitness_values[tournament])]
            selected_parents.append(population[winner_index])
        return np.array(selected_parents)


    def _gaussian_recombination(self, parents):
        offspring = []
        for i in range(0, len(parents), 2):
            parent1 = parents[i]
            parent2 = parents[i+1]
            child1 = (parent1 + parent2) / 2 + np.random.normal(0, self.sigma / 2, self.dim)
            child2 = (parent1 + parent2) / 2 + np.random.normal(0, self.sigma / 2, self.dim)
            offspring.extend([child1, child2])
        return np.clip(np.array(offspring), self.lower_bounds, self.upper_bounds)


    def _adaptive_mutation(self, offspring):
        #Simple Mutation, sigma is already updated
        offspring += np.random.normal(0, self.sigma, size=offspring.shape)
        return np.clip(offspring, self.lower_bounds, self.upper_bounds)

    def _select_next_generation(self, population, fitness_values, offspring, offspring_fitness):
        combined_pop = np.vstack((population, offspring))
        combined_fit = np.concatenate((fitness_values, offspring_fitness))
        
        sorted_indices = np.argsort(combined_fit)
        
        next_gen = combined_pop[sorted_indices[:self.population_size]]
        next_fit = combined_fit[sorted_indices[:self.population_size]]
        return next_gen, next_fit
    

    def _update_best(self, offspring, offspring_fitness):
        for i, fitness in enumerate(offspring_fitness):
            if fitness < self.best_fitness_overall:
                self.best_fitness_overall = fitness
                self.best_solution_overall = offspring[i]
2025-06-21 08:21:50 INFO --- GNBG Problem Parameters for f24 ---
  Dimension: 30, MaxEvals: 1000000
  Search Bounds: [-100, 100]
  Number of Components: 5
  Known Optimum Value: -100.000000
  Lambda (Curvature): [0.25 0.25 0.25 0.25 0.25]
  Mu (Asymmetry/Depth): [0.44142637 0.27898903 0.25803028 0.21978833 0.39183826 0.42051979
 0.35740109 0.43165341 0.47744239 0.47234476]
----------------------------------------
2025-06-21 08:22:07 INFO Run function 24 complete. FEHistory len: 70000, AOCC: 0.0461
2025-06-21 08:22:07 INFO FeHistory: [211.42695721 219.5877039  239.42740353 ... -74.2762904  -74.27629031
 -74.27629041]
2025-06-21 08:22:07 INFO Expected Optimum FE: -100
2025-06-21 08:22:07 INFO Good algorithm:
Algorithm Name: AdaptiveGaussianSamplingEA
import numpy as np
class AdaptiveGaussianSamplingEA:
    def __init__(self, budget: int, dim: int, lower_bounds: list[float], upper_bounds: list[float]):
        self.budget = int(budget)
        self.dim = int(dim)
        self.lower_bounds = np.array(lower_bounds, dtype=float)
        self.upper_bounds = np.array(upper_bounds, dtype=float)

        self.eval_count = 0
        self.best_solution_overall = None
        self.best_fitness_overall = float('inf')
        self.population_size = 100  # Adjust as needed
        self.sigma = 0.2 * (self.upper_bounds - self.lower_bounds)  # Initial Gaussian width
        self.sigma_decay = 0.99 #Decay rate of sigma


    def optimize(self, objective_function: callable, acceptance_threshold: float = 1e-8) -> tuple:
        self.eval_count = 0
        self.best_solution_overall = np.random.uniform(self.lower_bounds, self.upper_bounds, self.dim)
        self.best_fitness_overall = objective_function(self.best_solution_overall.reshape(1, -1))[0]
        self.eval_count += 1

        population = self._initialize_population()
        fitness_values = objective_function(population)
        self.eval_count += self.population_size

        while self.eval_count < self.budget:
            # Selection (tournament selection)
            parents = self._tournament_selection(population, fitness_values)

            # Recombination (Gaussian perturbation)
            offspring = self._gaussian_recombination(parents)

            # Mutation (adjust sigma adaptively)
            offspring = self._adaptive_mutation(offspring)

            #Evaluation
            offspring_fitness = objective_function(offspring)
            self.eval_count += len(offspring)
            
            #Selection for next generation
            population, fitness_values = self._select_next_generation(population, fitness_values, offspring, offspring_fitness)

            # Update best solution
            self._update_best(offspring, offspring_fitness)
            self.sigma *= self.sigma_decay

        optimization_info = {
            'function_evaluations_used': self.eval_count,
            'final_best_fitness': self.best_fitness_overall
        }
        return self.best_solution_overall, self.best_fitness_overall, optimization_info


    def _initialize_population(self):
        #Adaptive Gaussian Sampling
        center = np.random.uniform(self.lower_bounds, self.upper_bounds, self.dim)
        population = np.random.normal(center, self.sigma, size=(self.population_size, self.dim))
        population = np.clip(population, self.lower_bounds, self.upper_bounds)
        return population

    def _tournament_selection(self, population, fitness_values):
        tournament_size = 5
        num_parents = self.population_size //2 #Binary Recombination

        selected_parents = []
        for _ in range(num_parents):
            tournament = np.random.choice(len(population), tournament_size, replace=False)
            winner_index = tournament[np.argmin(fitness_values[tournament])]
            selected_parents.append(population[winner_index])
        return np.array(selected_parents)


    def _gaussian_recombination(self, parents):
        offspring = []
        for i in range(0, len(parents), 2):
            parent1 = parents[i]
            parent2 = parents[i+1]
            child1 = (parent1 + parent2) / 2 + np.random.normal(0, self.sigma / 2, self.dim)
            child2 = (parent1 + parent2) / 2 + np.random.normal(0, self.sigma / 2, self.dim)
            offspring.extend([child1, child2])
        return np.clip(np.array(offspring), self.lower_bounds, self.upper_bounds)


    def _adaptive_mutation(self, offspring):
        #Simple Mutation, sigma is already updated
        offspring += np.random.normal(0, self.sigma, size=offspring.shape)
        return np.clip(offspring, self.lower_bounds, self.upper_bounds)

    def _select_next_generation(self, population, fitness_values, offspring, offspring_fitness):
        combined_pop = np.vstack((population, offspring))
        combined_fit = np.concatenate((fitness_values, offspring_fitness))
        
        sorted_indices = np.argsort(combined_fit)
        
        next_gen = combined_pop[sorted_indices[:self.population_size]]
        next_fit = combined_fit[sorted_indices[:self.population_size]]
        return next_gen, next_fit
    

    def _update_best(self, offspring, offspring_fitness):
        for i, fitness in enumerate(offspring_fitness):
            if fitness < self.best_fitness_overall:
                self.best_fitness_overall = fitness
                self.best_solution_overall = offspring[i]
2025-06-21 08:22:07 INFO Unimodal AOCC mean: 0.2519
2025-06-21 08:22:07 INFO Multimodal (single component) AOCC mean: 0.3767
2025-06-21 08:22:07 INFO Multimodal (multiple components) AOCC mean: 0.1417
2025-06-21 08:22:07 INFO AOCC mean: 0.2568
2025-06-21 08:22:07 INFO --- GNBG Problem Parameters for f4 ---
  Dimension: 30, MaxEvals: 500000
  Search Bounds: [-100, 100]
  Number of Components: 1
  Known Optimum Value: -382.620521
  Lambda (Curvature): [1]
  Mu (Asymmetry/Depth): [0 0]
----------------------------------------
2025-06-21 08:22:16 INFO Run function 4 complete. FEHistory len: 70000, AOCC: 0.1522
2025-06-21 08:22:16 INFO FeHistory: [ 8.82106896e+05  8.81220449e+05  8.82106896e+05 ...  2.88555070e+03
 -3.82076439e+02  6.48621527e+03]
2025-06-21 08:22:16 INFO Expected Optimum FE: -382.6205211774271
2025-06-21 08:22:16 INFO Good algorithm:
Algorithm Name: AdaptiveMultimodalOptimizerImproved
import numpy as np
import random
class AdaptiveMultimodalOptimizerImproved:
    def __init__(self, budget: int, dim: int, lower_bounds: list[float], upper_bounds: list[float]):
        self.budget = int(budget)
        self.dim = int(dim)
        self.lower_bounds = np.array(lower_bounds, dtype=float)
        self.upper_bounds = np.array(upper_bounds, dtype=float)

        self.eval_count = 0
        self.best_solution_overall = None
        self.best_fitness_overall = float('inf')
        self.tabu_list = []  # Tabu list to avoid revisiting recent solutions
        self.tabu_length = 10 # Length of the tabu list

        self.perturbation_strength = 0.5 # Initial perturbation strength, adaptive
        self.local_search_iterations = 10 # Number of iterations for local search
        self.temperature = 1.0 # Initial temperature for simulated annealing

    def optimize(self, objective_function: callable, acceptance_threshold: float = 1e-8) -> tuple:
        self.eval_count = 0
        if self.dim > 0:
            self.best_solution_overall = np.random.uniform(self.lower_bounds, self.upper_bounds, self.dim)
        else:
            self.best_solution_overall = np.array([])

        self.best_fitness_overall = objective_function(self.best_solution_overall.reshape(1, -1))[0]
        self.eval_count += 1

        while self.eval_count < self.budget:
            current_solution = self.best_solution_overall.copy()
                                
            # Local Search
            for _ in range(self.local_search_iterations):
                neighbor = self._generate_neighbor(current_solution)
                neighbor_fitness = objective_function(neighbor.reshape(1, -1))[0]
                self.eval_count += 1

                if self._accept(neighbor_fitness, self._fitness(current_solution, objective_function), self.temperature):
                    current_solution = neighbor

                if neighbor_fitness < self.best_fitness_overall:
                    self.best_fitness_overall = neighbor_fitness
                    self.best_solution_overall = neighbor
                    self.tabu_list = [] # Reset tabu list upon finding a new global best

            # Check for stagnation and apply perturbation
            if self._is_stagnant(current_solution):
                current_solution = self._perturb(current_solution)
            self.temperature *= 0.95 # Cool down the temperature

            # Add solution to tabu list
            self._update_tabu_list(current_solution)

        optimization_info = {
            'function_evaluations_used': self.eval_count,
            'final_best_fitness': self.best_fitness_overall,
            'perturbation_strength': self.perturbation_strength,
            'final_temperature': self.temperature
        }
        return self.best_solution_overall, self.best_fitness_overall, optimization_info


    def _generate_neighbor(self, solution):
        neighbor = solution.copy()
        index = random.randint(0, self.dim - 1)
        neighbor[index] += np.random.normal(0, 0.1 * (self.upper_bounds[index] - self.lower_bounds[index]))  # Small Gaussian perturbation
        neighbor = np.clip(neighbor, self.lower_bounds, self.upper_bounds)
        return neighbor

    def _perturb(self, solution):
        perturbation = np.random.uniform(-self.perturbation_strength, self.perturbation_strength, self.dim) * (self.upper_bounds - self.lower_bounds)
        new_solution = solution + perturbation
        new_solution = np.clip(new_solution, self.lower_bounds, self.upper_bounds)
        self.perturbation_strength *= 1.1 # Increase perturbation strength adaptively
        return new_solution

    def _is_stagnant(self, solution):
        return np.allclose(solution, self.best_solution_overall, atol=1e-4)


    def _update_tabu_list(self, solution):
        self.tabu_list.append(tuple(solution))
        if len(self.tabu_list) > self.tabu_length:
            self.tabu_list.pop(0)

    def _fitness(self, solution, objective_function):
        return objective_function(solution.reshape(1, -1))[0]

    def _accept(self, new_fitness, current_fitness, temperature):
        if new_fitness < current_fitness:
            return True
        else:
            delta_e = new_fitness - current_fitness
            acceptance_probability = np.exp(-delta_e / temperature)
            return random.random() < acceptance_probability








2025-06-21 08:22:16 INFO --- GNBG Problem Parameters for f6 ---
  Dimension: 30, MaxEvals: 500000
  Search Bounds: [-100, 100]
  Number of Components: 1
  Known Optimum Value: -186.864053
  Lambda (Curvature): [0.05]
  Mu (Asymmetry/Depth): [0 0]
----------------------------------------
2025-06-21 08:22:26 INFO Run function 6 complete. FEHistory len: 70000, AOCC: 0.1676
2025-06-21 08:22:26 INFO FeHistory: [-183.25093212 -183.24813478 -183.25093212 ... -184.09529344 -184.92020869
 -184.53628412]
2025-06-21 08:22:26 INFO Expected Optimum FE: -186.86405320391498
2025-06-21 08:22:26 INFO Good algorithm:
Algorithm Name: AdaptiveMultimodalOptimizerImproved
import numpy as np
import random
class AdaptiveMultimodalOptimizerImproved:
    def __init__(self, budget: int, dim: int, lower_bounds: list[float], upper_bounds: list[float]):
        self.budget = int(budget)
        self.dim = int(dim)
        self.lower_bounds = np.array(lower_bounds, dtype=float)
        self.upper_bounds = np.array(upper_bounds, dtype=float)

        self.eval_count = 0
        self.best_solution_overall = None
        self.best_fitness_overall = float('inf')
        self.tabu_list = []  # Tabu list to avoid revisiting recent solutions
        self.tabu_length = 10 # Length of the tabu list

        self.perturbation_strength = 0.5 # Initial perturbation strength, adaptive
        self.local_search_iterations = 10 # Number of iterations for local search
        self.temperature = 1.0 # Initial temperature for simulated annealing

    def optimize(self, objective_function: callable, acceptance_threshold: float = 1e-8) -> tuple:
        self.eval_count = 0
        if self.dim > 0:
            self.best_solution_overall = np.random.uniform(self.lower_bounds, self.upper_bounds, self.dim)
        else:
            self.best_solution_overall = np.array([])

        self.best_fitness_overall = objective_function(self.best_solution_overall.reshape(1, -1))[0]
        self.eval_count += 1

        while self.eval_count < self.budget:
            current_solution = self.best_solution_overall.copy()
                                
            # Local Search
            for _ in range(self.local_search_iterations):
                neighbor = self._generate_neighbor(current_solution)
                neighbor_fitness = objective_function(neighbor.reshape(1, -1))[0]
                self.eval_count += 1

                if self._accept(neighbor_fitness, self._fitness(current_solution, objective_function), self.temperature):
                    current_solution = neighbor

                if neighbor_fitness < self.best_fitness_overall:
                    self.best_fitness_overall = neighbor_fitness
                    self.best_solution_overall = neighbor
                    self.tabu_list = [] # Reset tabu list upon finding a new global best

            # Check for stagnation and apply perturbation
            if self._is_stagnant(current_solution):
                current_solution = self._perturb(current_solution)
            self.temperature *= 0.95 # Cool down the temperature

            # Add solution to tabu list
            self._update_tabu_list(current_solution)

        optimization_info = {
            'function_evaluations_used': self.eval_count,
            'final_best_fitness': self.best_fitness_overall,
            'perturbation_strength': self.perturbation_strength,
            'final_temperature': self.temperature
        }
        return self.best_solution_overall, self.best_fitness_overall, optimization_info


    def _generate_neighbor(self, solution):
        neighbor = solution.copy()
        index = random.randint(0, self.dim - 1)
        neighbor[index] += np.random.normal(0, 0.1 * (self.upper_bounds[index] - self.lower_bounds[index]))  # Small Gaussian perturbation
        neighbor = np.clip(neighbor, self.lower_bounds, self.upper_bounds)
        return neighbor

    def _perturb(self, solution):
        perturbation = np.random.uniform(-self.perturbation_strength, self.perturbation_strength, self.dim) * (self.upper_bounds - self.lower_bounds)
        new_solution = solution + perturbation
        new_solution = np.clip(new_solution, self.lower_bounds, self.upper_bounds)
        self.perturbation_strength *= 1.1 # Increase perturbation strength adaptively
        return new_solution

    def _is_stagnant(self, solution):
        return np.allclose(solution, self.best_solution_overall, atol=1e-4)


    def _update_tabu_list(self, solution):
        self.tabu_list.append(tuple(solution))
        if len(self.tabu_list) > self.tabu_length:
            self.tabu_list.pop(0)

    def _fitness(self, solution, objective_function):
        return objective_function(solution.reshape(1, -1))[0]

    def _accept(self, new_fitness, current_fitness, temperature):
        if new_fitness < current_fitness:
            return True
        else:
            delta_e = new_fitness - current_fitness
            acceptance_probability = np.exp(-delta_e / temperature)
            return random.random() < acceptance_probability








2025-06-21 08:22:26 INFO --- GNBG Problem Parameters for f7 ---
  Dimension: 30, MaxEvals: 500000
  Search Bounds: [-100, 100]
  Number of Components: 1
  Known Optimum Value: -912.857374
  Lambda (Curvature): [1]
  Mu (Asymmetry/Depth): [0.2 0.2]
----------------------------------------
2025-06-21 08:22:36 INFO Run function 7 complete. FEHistory len: 70000, AOCC: 0.2654
2025-06-21 08:22:36 INFO FeHistory: [ 1.80631280e+05  1.99963235e+05  1.80631280e+05 ... -8.54408396e+02
 -9.12828761e+02 -1.94043398e+02]
2025-06-21 08:22:36 INFO Expected Optimum FE: -912.8573739743372
2025-06-21 08:22:36 INFO Good algorithm:
Algorithm Name: AdaptiveMultimodalOptimizerImproved
import numpy as np
import random
class AdaptiveMultimodalOptimizerImproved:
    def __init__(self, budget: int, dim: int, lower_bounds: list[float], upper_bounds: list[float]):
        self.budget = int(budget)
        self.dim = int(dim)
        self.lower_bounds = np.array(lower_bounds, dtype=float)
        self.upper_bounds = np.array(upper_bounds, dtype=float)

        self.eval_count = 0
        self.best_solution_overall = None
        self.best_fitness_overall = float('inf')
        self.tabu_list = []  # Tabu list to avoid revisiting recent solutions
        self.tabu_length = 10 # Length of the tabu list

        self.perturbation_strength = 0.5 # Initial perturbation strength, adaptive
        self.local_search_iterations = 10 # Number of iterations for local search
        self.temperature = 1.0 # Initial temperature for simulated annealing

    def optimize(self, objective_function: callable, acceptance_threshold: float = 1e-8) -> tuple:
        self.eval_count = 0
        if self.dim > 0:
            self.best_solution_overall = np.random.uniform(self.lower_bounds, self.upper_bounds, self.dim)
        else:
            self.best_solution_overall = np.array([])

        self.best_fitness_overall = objective_function(self.best_solution_overall.reshape(1, -1))[0]
        self.eval_count += 1

        while self.eval_count < self.budget:
            current_solution = self.best_solution_overall.copy()
                                
            # Local Search
            for _ in range(self.local_search_iterations):
                neighbor = self._generate_neighbor(current_solution)
                neighbor_fitness = objective_function(neighbor.reshape(1, -1))[0]
                self.eval_count += 1

                if self._accept(neighbor_fitness, self._fitness(current_solution, objective_function), self.temperature):
                    current_solution = neighbor

                if neighbor_fitness < self.best_fitness_overall:
                    self.best_fitness_overall = neighbor_fitness
                    self.best_solution_overall = neighbor
                    self.tabu_list = [] # Reset tabu list upon finding a new global best

            # Check for stagnation and apply perturbation
            if self._is_stagnant(current_solution):
                current_solution = self._perturb(current_solution)
            self.temperature *= 0.95 # Cool down the temperature

            # Add solution to tabu list
            self._update_tabu_list(current_solution)

        optimization_info = {
            'function_evaluations_used': self.eval_count,
            'final_best_fitness': self.best_fitness_overall,
            'perturbation_strength': self.perturbation_strength,
            'final_temperature': self.temperature
        }
        return self.best_solution_overall, self.best_fitness_overall, optimization_info


    def _generate_neighbor(self, solution):
        neighbor = solution.copy()
        index = random.randint(0, self.dim - 1)
        neighbor[index] += np.random.normal(0, 0.1 * (self.upper_bounds[index] - self.lower_bounds[index]))  # Small Gaussian perturbation
        neighbor = np.clip(neighbor, self.lower_bounds, self.upper_bounds)
        return neighbor

    def _perturb(self, solution):
        perturbation = np.random.uniform(-self.perturbation_strength, self.perturbation_strength, self.dim) * (self.upper_bounds - self.lower_bounds)
        new_solution = solution + perturbation
        new_solution = np.clip(new_solution, self.lower_bounds, self.upper_bounds)
        self.perturbation_strength *= 1.1 # Increase perturbation strength adaptively
        return new_solution

    def _is_stagnant(self, solution):
        return np.allclose(solution, self.best_solution_overall, atol=1e-4)


    def _update_tabu_list(self, solution):
        self.tabu_list.append(tuple(solution))
        if len(self.tabu_list) > self.tabu_length:
            self.tabu_list.pop(0)

    def _fitness(self, solution, objective_function):
        return objective_function(solution.reshape(1, -1))[0]

    def _accept(self, new_fitness, current_fitness, temperature):
        if new_fitness < current_fitness:
            return True
        else:
            delta_e = new_fitness - current_fitness
            acceptance_probability = np.exp(-delta_e / temperature)
            return random.random() < acceptance_probability








2025-06-21 08:22:36 INFO --- GNBG Problem Parameters for f8 ---
  Dimension: 30, MaxEvals: 500000
  Search Bounds: [-100, 100]
  Number of Components: 1
  Known Optimum Value: -656.788998
  Lambda (Curvature): [1]
  Mu (Asymmetry/Depth): [0.2 0.2]
----------------------------------------
2025-06-21 08:22:45 INFO Run function 8 complete. FEHistory len: 70000, AOCC: 0.2880
2025-06-21 08:22:45 INFO FeHistory: [239290.74433178 233995.64073619 239290.74433178 ...   1133.93788699
   -656.77625617   -647.8980842 ]
2025-06-21 08:22:45 INFO Expected Optimum FE: -656.7889979935655
2025-06-21 08:22:45 INFO Good algorithm:
Algorithm Name: AdaptiveMultimodalOptimizerImproved
import numpy as np
import random
class AdaptiveMultimodalOptimizerImproved:
    def __init__(self, budget: int, dim: int, lower_bounds: list[float], upper_bounds: list[float]):
        self.budget = int(budget)
        self.dim = int(dim)
        self.lower_bounds = np.array(lower_bounds, dtype=float)
        self.upper_bounds = np.array(upper_bounds, dtype=float)

        self.eval_count = 0
        self.best_solution_overall = None
        self.best_fitness_overall = float('inf')
        self.tabu_list = []  # Tabu list to avoid revisiting recent solutions
        self.tabu_length = 10 # Length of the tabu list

        self.perturbation_strength = 0.5 # Initial perturbation strength, adaptive
        self.local_search_iterations = 10 # Number of iterations for local search
        self.temperature = 1.0 # Initial temperature for simulated annealing

    def optimize(self, objective_function: callable, acceptance_threshold: float = 1e-8) -> tuple:
        self.eval_count = 0
        if self.dim > 0:
            self.best_solution_overall = np.random.uniform(self.lower_bounds, self.upper_bounds, self.dim)
        else:
            self.best_solution_overall = np.array([])

        self.best_fitness_overall = objective_function(self.best_solution_overall.reshape(1, -1))[0]
        self.eval_count += 1

        while self.eval_count < self.budget:
            current_solution = self.best_solution_overall.copy()
                                
            # Local Search
            for _ in range(self.local_search_iterations):
                neighbor = self._generate_neighbor(current_solution)
                neighbor_fitness = objective_function(neighbor.reshape(1, -1))[0]
                self.eval_count += 1

                if self._accept(neighbor_fitness, self._fitness(current_solution, objective_function), self.temperature):
                    current_solution = neighbor

                if neighbor_fitness < self.best_fitness_overall:
                    self.best_fitness_overall = neighbor_fitness
                    self.best_solution_overall = neighbor
                    self.tabu_list = [] # Reset tabu list upon finding a new global best

            # Check for stagnation and apply perturbation
            if self._is_stagnant(current_solution):
                current_solution = self._perturb(current_solution)
            self.temperature *= 0.95 # Cool down the temperature

            # Add solution to tabu list
            self._update_tabu_list(current_solution)

        optimization_info = {
            'function_evaluations_used': self.eval_count,
            'final_best_fitness': self.best_fitness_overall,
            'perturbation_strength': self.perturbation_strength,
            'final_temperature': self.temperature
        }
        return self.best_solution_overall, self.best_fitness_overall, optimization_info


    def _generate_neighbor(self, solution):
        neighbor = solution.copy()
        index = random.randint(0, self.dim - 1)
        neighbor[index] += np.random.normal(0, 0.1 * (self.upper_bounds[index] - self.lower_bounds[index]))  # Small Gaussian perturbation
        neighbor = np.clip(neighbor, self.lower_bounds, self.upper_bounds)
        return neighbor

    def _perturb(self, solution):
        perturbation = np.random.uniform(-self.perturbation_strength, self.perturbation_strength, self.dim) * (self.upper_bounds - self.lower_bounds)
        new_solution = solution + perturbation
        new_solution = np.clip(new_solution, self.lower_bounds, self.upper_bounds)
        self.perturbation_strength *= 1.1 # Increase perturbation strength adaptively
        return new_solution

    def _is_stagnant(self, solution):
        return np.allclose(solution, self.best_solution_overall, atol=1e-4)


    def _update_tabu_list(self, solution):
        self.tabu_list.append(tuple(solution))
        if len(self.tabu_list) > self.tabu_length:
            self.tabu_list.pop(0)

    def _fitness(self, solution, objective_function):
        return objective_function(solution.reshape(1, -1))[0]

    def _accept(self, new_fitness, current_fitness, temperature):
        if new_fitness < current_fitness:
            return True
        else:
            delta_e = new_fitness - current_fitness
            acceptance_probability = np.exp(-delta_e / temperature)
            return random.random() < acceptance_probability








2025-06-21 08:22:45 INFO --- GNBG Problem Parameters for f20 ---
  Dimension: 30, MaxEvals: 1000000
  Search Bounds: [-100, 100]
  Number of Components: 5
  Known Optimum Value: -100.000000
  Lambda (Curvature): [0.25 0.25 0.25 0.25 0.25]
  Mu (Asymmetry/Depth): [0.4901829  0.25862884 0.37043014 0.37440768 0.26098797 0.491006
 0.27569772 0.45404864 0.42314776 0.27195433]
----------------------------------------
