2025-06-23 16:49:15 INFO --- GNBG Problem Parameters for f24 ---
  Dimension: 30, MaxEvals: 1000000
  Search Bounds: [-100, 100]
  Number of Components: 5
  Known Optimum Value: -100.000000
  Lambda (Curvature): [0.25 0.25 0.25 0.25 0.25]
  Mu (Asymmetry/Depth): [0.44142637 0.27898903 0.25803028 0.21978833 0.39183826 0.42051979
 0.35740109 0.43165341 0.47744239 0.47234476]
----------------------------------------
2025-06-23 16:49:15 INFO --- GNBG Problem Parameters for f24 ---
  Dimension: 30, MaxEvals: 1000000
  Search Bounds: [-100, 100]
  Number of Components: 5
  Known Optimum Value: -100.000000
  Lambda (Curvature): [0.25 0.25 0.25 0.25 0.25]
  Mu (Asymmetry/Depth): [0.44142637 0.27898903 0.25803028 0.21978833 0.39183826 0.42051979
 0.35740109 0.43165341 0.47744239 0.47234476]
----------------------------------------
2025-06-23 16:49:15 INFO --- GNBG Problem Parameters for f24 ---
  Dimension: 30, MaxEvals: 1000000
  Search Bounds: [-100, 100]
  Number of Components: 5
  Known Optimum Value: -100.000000
  Lambda (Curvature): [0.25 0.25 0.25 0.25 0.25]
  Mu (Asymmetry/Depth): [0.44142637 0.27898903 0.25803028 0.21978833 0.39183826 0.42051979
 0.35740109 0.43165341 0.47744239 0.47234476]
----------------------------------------
2025-06-23 16:49:15 INFO --- GNBG Problem Parameters for f24 ---
  Dimension: 30, MaxEvals: 1000000
  Search Bounds: [-100, 100]
  Number of Components: 5
  Known Optimum Value: -100.000000
  Lambda (Curvature): [0.25 0.25 0.25 0.25 0.25]
  Mu (Asymmetry/Depth): [0.44142637 0.27898903 0.25803028 0.21978833 0.39183826 0.42051979
 0.35740109 0.43165341 0.47744239 0.47234476]
----------------------------------------
2025-06-23 16:49:15 INFO --- GNBG Problem Parameters for f24 ---
  Dimension: 30, MaxEvals: 1000000
  Search Bounds: [-100, 100]
  Number of Components: 5
  Known Optimum Value: -100.000000
  Lambda (Curvature): [0.25 0.25 0.25 0.25 0.25]
  Mu (Asymmetry/Depth): [0.44142637 0.27898903 0.25803028 0.21978833 0.39183826 0.42051979
 0.35740109 0.43165341 0.47744239 0.47234476]
----------------------------------------
2025-06-23 16:49:15 ERROR Can not run the algorithm
2025-06-23 16:49:16 INFO Run function 24 complete. FEHistory len: 245, AOCC: 0.0000
2025-06-23 16:49:16 INFO FeHistory: [201.77026721 194.165718   188.95958397 219.77998287 179.98932641
 162.82479712 172.92227243 206.09347362 164.01828097 178.33494132
 184.91081404 158.92476343 169.57220709 200.07236398 208.9539835
 177.33514654 209.69215198 160.76035121 172.37879528 194.17334633
 183.37800796 215.57054567 195.77892014 206.66188535 152.97928301
 191.99317184 195.29200764 170.14711105 187.42536674 181.17912324
 179.45245986 171.95684541 196.84904933 199.75242016 198.81731434
 201.52801863 218.07866008 189.89681191 199.12332369 152.91129529
 201.26988658 209.07369165 211.62265811 197.85568983 199.83554734
 203.33110885 162.57596638 197.7389957  191.94009679 201.60800743
 213.50835924 185.05671327 187.74396516 196.95969826 180.82628855
 195.34375467 202.60972017 194.39634713 190.30298155 200.35903394
 181.48452491 178.86260004 189.53417562 196.91624395 212.72643765
 196.53739255 211.66949651 199.64137072 170.79485778 157.59216394
 183.28445684 200.02107128 156.09699208 215.61935592 213.90867352
 213.04437009 199.71087186 168.52005146 185.44462564 219.770501
 169.77750592 164.92142814 197.35886016 184.92752681 179.64596735
 212.39231561 203.83801133 198.6920561  209.48655481 193.53725955
 196.2969522  150.36289219 189.06510232 167.87353319 175.48063562
 196.86299274 150.62727037 185.12739793 211.94936447 192.20639685
 148.35978242 181.54378511 189.87434878 182.96666455 183.41055492
 165.00859251 181.59249237 193.09778966 194.24627009 179.71532033
 187.81891464 143.11130393 195.11215837 183.96283266 199.56614203
 196.72998996 198.05849791 180.75866042 187.54946732 198.91414347
 189.35996971 212.3704372  196.15882913 206.21830129 185.08670224
 196.23708032 202.07651191 176.31054647 188.15939334 203.24109949
 189.27133545 189.99201992 196.2042022  192.49376797 183.89226877
 201.72708772 193.47914143 182.90851686 206.31077121 202.76710942
 192.14747205 155.09429877 165.34178617 159.86207781 217.99494035
 155.46523076 203.25040995 201.78438678 213.29927435 174.43741416
 147.89073415 172.02471896 220.66592984 161.5938276  161.18437911
 162.8972407  152.38992036 206.60270753 172.67347802 194.90992645
 190.45832606 186.44492276 194.9055199  146.48099594 198.7018788
 173.79551956 176.82560127 169.45398559 181.36527836 206.94601885
 194.28327536 172.88065793 169.6418625  195.87645584 181.77634607
 176.94920416 158.66346763 190.96897682 147.45959567 182.00074033
 227.0580131  193.75497271 155.37606465 213.9523119  204.75988006
 176.48632918 197.00028391 174.61276534 199.12160488 181.51994598
 184.22110276 202.34157782 166.77311544 176.38286204 209.69734085
 167.24476874 183.59469747 213.32468326 208.85920591 216.74814486
 193.55459453 174.13923821 196.19233919 220.89919314 184.03279246
 199.97528871 196.67088114 163.05631743 167.08727267 193.78434718
 167.4428274  177.93394451 179.32493247 169.26329995 178.72342892
 164.68947446 230.77099371 195.20422533 195.73857424 230.43752765
 215.41547589 159.12318067 141.93864175 193.29416754 188.98232344
 221.32020069 148.07554705 186.0167224  215.11263656 150.79083135
 202.39384909 197.29048835 179.92638924 203.25871057 151.56789702
 205.40467629 188.55588333 142.89408122 191.77317797 214.00451499
 246.06380401 200.69154745 189.42456723 194.21677341 180.63194963]
2025-06-23 16:49:16 INFO Expected Optimum FE: -100
2025-06-23 16:49:16 INFO Unimodal AOCC mean: nan
2025-06-23 16:49:16 INFO Multimodal (single component) AOCC mean: nan
2025-06-23 16:49:16 INFO Multimodal (multiple components) AOCC mean: 0.0000
2025-06-23 16:49:16 INFO AOCC mean: 0.0000
2025-06-23 16:49:16 INFO --- GNBG Problem Parameters for f24 ---
  Dimension: 30, MaxEvals: 1000000
  Search Bounds: [-100, 100]
  Number of Components: 5
  Known Optimum Value: -100.000000
  Lambda (Curvature): [0.25 0.25 0.25 0.25 0.25]
  Mu (Asymmetry/Depth): [0.44142637 0.27898903 0.25803028 0.21978833 0.39183826 0.42051979
 0.35740109 0.43165341 0.47744239 0.47234476]
----------------------------------------
2025-06-23 16:49:18 INFO Run function 24 complete. FEHistory len: 6300, AOCC: 0.0016
2025-06-23 16:49:18 INFO FeHistory: [190.81842075 174.41678197 189.86945635 ...  31.57148183  19.5876187
   9.14051225]
2025-06-23 16:49:18 INFO Expected Optimum FE: -100
2025-06-23 16:49:18 INFO Unimodal AOCC mean: nan
2025-06-23 16:49:18 INFO Multimodal (single component) AOCC mean: nan
2025-06-23 16:49:18 INFO Multimodal (multiple components) AOCC mean: 0.0016
2025-06-23 16:49:18 INFO AOCC mean: 0.0016
2025-06-23 16:49:18 INFO --- GNBG Problem Parameters for f24 ---
  Dimension: 30, MaxEvals: 1000000
  Search Bounds: [-100, 100]
  Number of Components: 5
  Known Optimum Value: -100.000000
  Lambda (Curvature): [0.25 0.25 0.25 0.25 0.25]
  Mu (Asymmetry/Depth): [0.44142637 0.27898903 0.25803028 0.21978833 0.39183826 0.42051979
 0.35740109 0.43165341 0.47744239 0.47234476]
----------------------------------------
2025-06-23 16:49:18 INFO Run function 24 complete. FEHistory len: 6860, AOCC: 0.0000
2025-06-23 16:49:18 INFO FeHistory: [204.57741256 170.65008169 195.610034   ...   7.81959151  14.08899128
  55.55388594]
2025-06-23 16:49:18 INFO Expected Optimum FE: -100
2025-06-23 16:49:18 INFO Unimodal AOCC mean: nan
2025-06-23 16:49:18 INFO Multimodal (single component) AOCC mean: nan
2025-06-23 16:49:18 INFO Multimodal (multiple components) AOCC mean: 0.0000
2025-06-23 16:49:18 INFO AOCC mean: 0.0000
2025-06-23 16:49:18 INFO --- GNBG Problem Parameters for f24 ---
  Dimension: 30, MaxEvals: 1000000
  Search Bounds: [-100, 100]
  Number of Components: 5
  Known Optimum Value: -100.000000
  Lambda (Curvature): [0.25 0.25 0.25 0.25 0.25]
  Mu (Asymmetry/Depth): [0.44142637 0.27898903 0.25803028 0.21978833 0.39183826 0.42051979
 0.35740109 0.43165341 0.47744239 0.47234476]
----------------------------------------
2025-06-23 16:49:21 INFO Run function 24 complete. FEHistory len: 8085, AOCC: 0.0013
2025-06-23 16:49:21 INFO FeHistory: [205.77425593 165.98026031 207.06530334 ...  37.0941526   20.29156577
   3.00029636]
2025-06-23 16:49:21 INFO Expected Optimum FE: -100
2025-06-23 16:49:21 INFO Unimodal AOCC mean: nan
2025-06-23 16:49:21 INFO Multimodal (single component) AOCC mean: nan
2025-06-23 16:49:21 INFO Multimodal (multiple components) AOCC mean: 0.0013
2025-06-23 16:49:21 INFO AOCC mean: 0.0013
2025-06-23 16:49:21 INFO --- GNBG Problem Parameters for f24 ---
  Dimension: 30, MaxEvals: 1000000
  Search Bounds: [-100, 100]
  Number of Components: 5
  Known Optimum Value: -100.000000
  Lambda (Curvature): [0.25 0.25 0.25 0.25 0.25]
  Mu (Asymmetry/Depth): [0.44142637 0.27898903 0.25803028 0.21978833 0.39183826 0.42051979
 0.35740109 0.43165341 0.47744239 0.47234476]
----------------------------------------
2025-06-23 16:49:22 INFO Run function 24 complete. FEHistory len: 10290, AOCC: 0.0005
2025-06-23 16:49:22 INFO FeHistory: [157.70631642 164.71394796 182.90059889 ...   9.02346224  20.66050181
   7.60183767]
2025-06-23 16:49:22 INFO Expected Optimum FE: -100
2025-06-23 16:49:22 INFO Unimodal AOCC mean: nan
2025-06-23 16:49:22 INFO Multimodal (single component) AOCC mean: nan
2025-06-23 16:49:22 INFO Multimodal (multiple components) AOCC mean: 0.0005
2025-06-23 16:49:22 INFO AOCC mean: 0.0005
2025-06-23 16:49:22 INFO --- GNBG Problem Parameters for f24 ---
  Dimension: 30, MaxEvals: 1000000
  Search Bounds: [-100, 100]
  Number of Components: 5
  Known Optimum Value: -100.000000
  Lambda (Curvature): [0.25 0.25 0.25 0.25 0.25]
  Mu (Asymmetry/Depth): [0.44142637 0.27898903 0.25803028 0.21978833 0.39183826 0.42051979
 0.35740109 0.43165341 0.47744239 0.47234476]
----------------------------------------
2025-06-23 16:49:22 INFO Run function 24 complete. FEHistory len: 19110, AOCC: 0.0001
2025-06-23 16:49:22 INFO FeHistory: [208.69639266 212.19437976 226.46383324 ...   5.60847058  -0.23896673
  14.27312695]
2025-06-23 16:49:22 INFO Expected Optimum FE: -100
2025-06-23 16:49:22 INFO Unimodal AOCC mean: nan
2025-06-23 16:49:22 INFO Multimodal (single component) AOCC mean: nan
2025-06-23 16:49:22 INFO Multimodal (multiple components) AOCC mean: 0.0001
2025-06-23 16:49:22 INFO AOCC mean: 0.0001
2025-06-23 16:49:25 INFO Run function 24 complete. FEHistory len: 9310, AOCC: 0.0020
2025-06-23 16:49:25 INFO FeHistory: [185.89157194 180.32450861 209.86306102 ...  26.82293897  26.66098987
  11.91135144]
2025-06-23 16:49:25 INFO Expected Optimum FE: -100
2025-06-23 16:49:25 INFO Unimodal AOCC mean: nan
2025-06-23 16:49:25 INFO Multimodal (single component) AOCC mean: nan
2025-06-23 16:49:25 INFO Multimodal (multiple components) AOCC mean: 0.0020
2025-06-23 16:49:25 INFO AOCC mean: 0.0020
2025-06-23 16:49:28 ERROR Can not run the algorithm
2025-06-23 16:49:28 INFO Run function 24 complete. FEHistory len: 21805, AOCC: 0.0012
2025-06-23 16:49:28 INFO FeHistory: [177.2725644  201.49734943 212.50178534 ...  13.39169893  -3.06656091
   5.73587787]
2025-06-23 16:49:28 INFO Expected Optimum FE: -100
2025-06-23 16:49:28 INFO Unimodal AOCC mean: nan
2025-06-23 16:49:28 INFO Multimodal (single component) AOCC mean: nan
2025-06-23 16:49:28 INFO Multimodal (multiple components) AOCC mean: 0.0012
2025-06-23 16:49:28 INFO AOCC mean: 0.0012
2025-06-23 16:50:05 INFO Run function 24 complete. FEHistory len: 150000, AOCC: 0.0014
2025-06-23 16:50:05 INFO FeHistory: [213.2702135  212.80844894 204.4004529  ...  -4.71886634  -4.71877705
  -4.71887831]
2025-06-23 16:50:05 INFO Expected Optimum FE: -100
2025-06-23 16:50:05 INFO Unimodal AOCC mean: nan
2025-06-23 16:50:05 INFO Multimodal (single component) AOCC mean: nan
2025-06-23 16:50:05 INFO Multimodal (multiple components) AOCC mean: 0.0014
2025-06-23 16:50:05 INFO AOCC mean: 0.0014
2025-06-23 16:50:07 INFO Run function 24 complete. FEHistory len: 150000, AOCC: 0.0000
2025-06-23 16:50:07 INFO FeHistory: [197.40816207 193.23066406 182.7279682  ...  84.9559436   99.92507083
 115.87409305]
2025-06-23 16:50:07 INFO Expected Optimum FE: -100
2025-06-23 16:50:07 INFO Unimodal AOCC mean: nan
2025-06-23 16:50:07 INFO Multimodal (single component) AOCC mean: nan
2025-06-23 16:50:07 INFO Multimodal (multiple components) AOCC mean: 0.0000
2025-06-23 16:50:07 INFO AOCC mean: 0.0000
2025-06-23 16:50:58 INFO --- GNBG Problem Parameters for f24 ---
  Dimension: 30, MaxEvals: 1000000
  Search Bounds: [-100, 100]
  Number of Components: 5
  Known Optimum Value: -100.000000
  Lambda (Curvature): [0.25 0.25 0.25 0.25 0.25]
  Mu (Asymmetry/Depth): [0.44142637 0.27898903 0.25803028 0.21978833 0.39183826 0.42051979
 0.35740109 0.43165341 0.47744239 0.47234476]
----------------------------------------
2025-06-23 16:50:58 INFO --- GNBG Problem Parameters for f24 ---
  Dimension: 30, MaxEvals: 1000000
  Search Bounds: [-100, 100]
  Number of Components: 5
  Known Optimum Value: -100.000000
  Lambda (Curvature): [0.25 0.25 0.25 0.25 0.25]
  Mu (Asymmetry/Depth): [0.44142637 0.27898903 0.25803028 0.21978833 0.39183826 0.42051979
 0.35740109 0.43165341 0.47744239 0.47234476]
----------------------------------------
2025-06-23 16:50:58 INFO --- GNBG Problem Parameters for f24 ---
  Dimension: 30, MaxEvals: 1000000
  Search Bounds: [-100, 100]
  Number of Components: 5
  Known Optimum Value: -100.000000
  Lambda (Curvature): [0.25 0.25 0.25 0.25 0.25]
  Mu (Asymmetry/Depth): [0.44142637 0.27898903 0.25803028 0.21978833 0.39183826 0.42051979
 0.35740109 0.43165341 0.47744239 0.47234476]
----------------------------------------
2025-06-23 16:50:58 INFO --- GNBG Problem Parameters for f24 ---
  Dimension: 30, MaxEvals: 1000000
  Search Bounds: [-100, 100]
  Number of Components: 5
  Known Optimum Value: -100.000000
  Lambda (Curvature): [0.25 0.25 0.25 0.25 0.25]
  Mu (Asymmetry/Depth): [0.44142637 0.27898903 0.25803028 0.21978833 0.39183826 0.42051979
 0.35740109 0.43165341 0.47744239 0.47234476]
----------------------------------------
2025-06-23 16:50:58 INFO --- GNBG Problem Parameters for f24 ---
  Dimension: 30, MaxEvals: 1000000
  Search Bounds: [-100, 100]
  Number of Components: 5
  Known Optimum Value: -100.000000
  Lambda (Curvature): [0.25 0.25 0.25 0.25 0.25]
  Mu (Asymmetry/Depth): [0.44142637 0.27898903 0.25803028 0.21978833 0.39183826 0.42051979
 0.35740109 0.43165341 0.47744239 0.47234476]
----------------------------------------
2025-06-23 16:50:58 ERROR Can not run the algorithm
2025-06-23 16:50:58 ERROR Can not run the algorithm
2025-06-23 16:50:58 ERROR Can not run the algorithm
2025-06-23 16:50:58 ERROR Can not run the algorithm
2025-06-23 16:50:58 INFO Run function 24 complete. FEHistory len: 300, AOCC: 0.0000
2025-06-23 16:50:58 INFO FeHistory: [197.32926747 189.66126628 182.57596395 174.62963822 161.56557444
 177.9820709  194.97682115 177.62806823 205.81562273 199.36187498
 196.41369802 187.35308725 209.48131961 205.84643731 176.30881035
 174.77087871 186.2903731  204.13742664 199.75869338 205.46487669
 195.99332782 190.61235867 196.28229128 231.23458792 181.72636292
 171.42385128 191.30160551 196.29926681 177.1520464  187.38193986
 138.20943013 150.17828026 193.96839538 149.38290866 205.73419197
 194.86616187 198.81180422 162.32100512 172.12588549 211.36118678
 203.22757521 198.43618832 156.96740831 190.50328198 182.20961131
 177.06454504 204.74253661 172.83832205 204.37803208 208.269133
 172.02124836 181.27892414 173.72995609 175.77553482 172.72451066
 173.99620163 171.12543471 183.37663376 194.2260514  219.88277588
 191.32494177 188.97254504 162.61123454 198.82909505 209.10935022
 176.7819651  163.34294358 202.25868464 207.05877019 194.55639465
 206.71801859 209.98788032 172.11772115 123.95280197 173.16964784
 173.30648827 212.52789978 136.56771399 212.75341038 166.35262627
 185.00246945 213.19812675 177.29447375 180.09968625 215.71182057
 218.84604354 181.46131364 207.11546822 189.16741755 189.71389018
 192.07870983 193.23105606 202.08182678 193.55647611 194.07190088
 158.83336473 185.42070476 177.08940894 173.83786457 184.92110898
 174.79676511 166.89283668 176.32780708 151.56716348 186.69004453
 185.0020449  193.11646321 168.77459125 190.01058817 190.32837394
 219.56306003 165.42469532 198.95588531 185.88588147 188.41433189
 160.21973134 168.21337315 161.56384778 175.4421236  196.76249886
 195.78074649 190.71838949 165.46919217 193.99789434 187.07732468
 181.03117321 206.98184653 168.83334657 200.66278504 199.21596035
 190.97338142 175.88823112 146.7347459  147.16597529 190.90115252
 202.57125977 180.2346475  165.38043417 184.93818549 203.14222376
 181.81921649 181.2823759  185.58334368 230.19856029 215.18849572
 189.06025539 194.71993583 172.77374412 179.94779604 182.75902689
 154.80111243 116.19713227 208.86289852 194.23989649 185.47984935
 149.69125123 192.35085047 198.40443215 178.2239768  192.35360603
 211.98418941 183.39756334 193.55277838 170.67731111 183.34878121
 192.97894669 169.14353027 200.15171127 186.1796223  180.25853014
 219.80487714 197.72590516 217.45952252 189.83521454 221.82224078
 195.52127942 183.35397501 213.22237684 175.06862675 172.02201084
 186.77038699 163.13935887 154.43698703 192.13868975 166.40422731
 183.64718609 174.54648771 166.56729131 195.80941244 227.44900228
 182.18901617 203.77322355 192.86386333 162.14030042 201.3627672
 196.8973759  188.66070052 202.04678889 207.09186342 178.00268973
 194.43745958 191.12685643 179.35945804 182.54421121 157.71023327
 176.17050715 170.86762284 144.47527507 201.78225427 204.74100044
 195.51588736 173.42887324 188.40583621 161.91538484 208.93017111
 206.98893979 168.0965956  225.21097618 194.60159909 174.92891154
 191.757979   181.80741111 173.59102562 176.64906096 206.98283048
 161.93278881 180.99560717 162.62067172 160.89948491 167.13529009
 187.19603476 164.21900544 181.71193745 214.31295849 166.30101683
 174.85701236 138.86271793 194.13843991 154.53380332 186.10517523
 191.07589161 214.9868609  184.10884626 202.0285582  206.95447181
 207.31626862 174.11312199 182.8218326  196.67582683 223.95005004
 169.45818757 185.78160421 173.19355786 205.95784615 181.37346998
 164.86767682 160.87530658 176.14449212 212.60290113 186.51830927
 203.19428184 202.53839126 205.68245026 214.08699463 175.02463406
 165.70056249 209.62563632 218.54895877 159.56006844 194.0404455
 160.98328708 200.58894278 160.33552609 164.60464676 196.87121832
 147.24626489 177.54577476 146.46092237 179.19418461 170.95217591
 161.95363616 183.34889974 191.5122369  193.84689421 188.25161619
 199.45493134 202.43754359 196.14540721 200.57021752 165.77207459
 166.92340469 162.21835925 230.35043454 184.52952108 177.00957577
 185.10393543 178.58984952 170.85114036 191.40034938 197.32758021]
2025-06-23 16:50:58 INFO Expected Optimum FE: -100
2025-06-23 16:50:58 INFO Unimodal AOCC mean: nan
2025-06-23 16:50:58 INFO Multimodal (single component) AOCC mean: nan
2025-06-23 16:50:58 INFO Multimodal (multiple components) AOCC mean: 0.0000
2025-06-23 16:50:58 INFO AOCC mean: 0.0000
2025-06-23 16:50:58 INFO Run function 24 complete. FEHistory len: 600, AOCC: 0.0000
2025-06-23 16:50:58 INFO FeHistory: [206.64883064 163.01460216 197.18939484 173.39862328 164.45267291
 189.18161645 196.33867063 196.52051005 204.64545443 217.37411243
 163.12616326 144.19506873 206.56803791 168.36752121 154.87314151
 237.84242445 221.33042423 198.53358093 151.09844834 201.69985105
 227.00485265 213.60527063 193.43080145 214.63143522 216.78423083
 173.02871509 203.18894723 207.16567072 196.67736988 203.88484849
 172.97192007 179.83788336 151.28245747 175.947993   188.48153504
 201.41742046 208.24678685 187.77091162 207.29159126 181.12679675
 175.89869373 137.00228193 210.37121547 179.21414406 192.69030149
 157.89963746 163.33558255 198.73899761 210.35987643 157.75148349
 163.71403211 191.78928419 180.97537712 177.42350751 219.28254998
 189.51221743 175.22018532 158.93139308 174.00315381 212.03498769
 182.23310163 203.76291288 190.54849743 173.69839755 166.47380941
 211.82076279 186.72047152 190.06016813 162.07387076 162.49400145
 174.29123614 200.27132415 216.24544628 203.35841147 199.98479621
 199.4834816  191.63531326 194.44124942 134.62220817 167.89806615
 186.330371   227.78497225 192.97740341 183.48988547 198.13280733
 159.53546445 205.86411262 218.56334449 214.35124882 134.38634208
 185.11023055 165.51889936 144.89226597 145.57696464 198.92026676
 210.46758674 209.95674316 192.26310622 167.20117898 191.24066772
 194.26058959 181.26317162 184.18575778 191.6303981  168.05550562
 206.33702399 162.19066391 190.41992824 201.58561596 164.88980931
 179.94285788 224.96702531 188.34618646 200.43745515 204.94552692
 241.25424578 143.62576261 201.30358807 203.30553253 158.488263
 200.60960125 168.41400402 213.45896684 173.36458134 194.81462345
 180.99084651 206.13059357 190.56319503 205.39117847 208.33555143
 186.33357287 203.65511096 189.66023473 224.71967561 194.45389523
 201.40722762 187.54382057 172.23131831 156.06512749 190.21112318
 178.06012792 169.27543118 173.32819813 173.79379928 134.30936086
 189.68293346 156.10913188 172.25984711 199.83038626 188.45949159
 181.65675605 177.208066   190.08611719 155.20506159 184.57703645
 188.21625876 171.16821457 160.40813167 201.41578577 175.2889759
 167.10506414 196.70333794 175.56707575 174.19749638 213.30126703
 185.14299774 108.49623805 164.47973976 204.24174157 176.74202309
 144.33738222 147.25212914 190.12687392 200.07193206 175.18488148
 157.44495228 203.31906676 200.12242259 144.56377046 182.18563273
 183.42260869 168.72346528 190.70231091 164.04162964 167.13335292
 219.15301794 173.85641577 221.342609   176.00885247 193.67075188
 185.96095242 184.03265189 192.55422279 178.70342377 179.1501253
 174.84359832 213.58361298 184.80633538 197.96667291 179.964077
 207.78472038 166.22068984 191.06940389 164.69841945 185.32707336
 220.3367982  212.03647364 160.67976238 190.25282107 189.00428166
 196.27086073 136.94038805 168.88192042 184.44280925 231.26928952
 182.91358647 169.27548122 211.64852635 184.16321725 197.52237816
 166.53887191 191.68356257 179.83364392 182.86855458 190.75390752
 219.88288185 197.75083289 200.58512989 205.56597401 195.31841211
 178.41466488 174.8287412  182.84547961 172.22812853 170.01509785
 202.85200441 192.57443769 201.54902675 156.96942623 167.12431773
 209.92049964 181.18010827 132.45064498 166.22184746 211.20799049
 183.37069435 179.13432458 199.69595787 233.16149845 183.54230527
 224.56419292 224.97941969 184.45706771 124.29491298 219.00076428
 151.9337285  218.73426374 192.51142    172.23076282 182.39113698
 182.75474274 209.81533458 193.19466465 155.13143256 207.59037075
 185.36088514 159.001159   206.96544799 197.94429133 145.75231807
 212.05856523 186.81527501 170.42530911 158.03994184 201.62053434
 210.35744002 192.16571068 205.18774988 190.44329512 193.79358234
 168.97616226 191.76756083 193.1106505  151.11570446 175.55431163
 159.24097517 222.6309382  232.81537275 203.12505409 200.00176217
 176.83760188 193.28926899 225.85231997 208.00863637 197.35693069
 219.08439183 176.71358324 137.04773173 180.51487494 183.63097705
 201.4735346  163.89007249 174.2090359  213.76504527 175.34644334
 115.67866685 161.79714598 113.53763691 193.42524022 203.63817826
 196.27196417 179.79572635 149.53712215 163.86174122 135.09543144
 159.41988767 191.22739887 169.82439909 148.749715   200.75153698
 156.08877457 171.28939069 172.20653031 160.87551389 167.79971279
 184.21749454 162.11904501 150.31417133 144.3582955  156.59200544
 169.10909826 148.92051105 161.97717456 162.52628042 193.7579805
 149.08482939 169.20222769 188.88454888 168.41527224 141.55701087
 187.76456243 151.3429254  185.88222635 168.82689789 155.43647159
 153.00737027 153.48602234 188.40596069 177.44616055 127.96302645
 194.64159719 189.40423961 156.48828272 188.43915091 200.27472368
 184.28439828 154.19301711 180.04350292 179.35659852 159.65349659
 190.6144839  173.4278568  178.28337267 190.6810777  163.43869649
 177.49293532 223.1509853  147.77134613 171.06093019 190.16377068
 195.16563799 135.47712386 196.31242018 176.64034548 155.32876743
 183.41659885 122.6887338  158.54892129 174.19949689 161.97226588
 134.50440024 218.80023052 155.00077424 143.03336214 164.02827409
 178.65744778 169.4576996  148.54210723 194.97313453 157.84176111
 189.20057718 147.90686393 166.61451643 167.86536699 178.97874746
 169.51498819 205.94141296 135.26606436 144.31715129 162.4677708
 155.64920959 166.44753905 165.09330655 200.65442085 177.14578916
 136.71534085 188.97745393 163.1083839  154.25122543 136.55674203
 194.49441259 153.27745388 162.16345489 154.16304172 198.02591057
 185.78652008 188.91262465 201.59198147 175.09310286 134.10374738
 182.76854881 167.2490366  178.85860812 163.1351769  185.44237861
 166.42108724 169.85220104 180.57498608 142.59259764 168.78316299
 178.5253455  173.04342166 167.67678626 161.32451551 182.59880984
 148.25020998 143.22090555 182.73432487 155.92277663 151.50346064
 150.44126675 175.93742683 199.76824412 173.09187426 168.16020186
 196.57043601 162.19313845 160.52065471 189.36818649 190.90399123
 175.49390979 164.11731764 209.48290928 147.71307839 147.46701744
 174.08158251 157.25656352 161.40647703 171.41632477 140.43056648
 176.62791431 122.38663488 176.2319664  145.8831014  185.04322732
 202.05560054 139.74024466 202.45634327 165.16617314 150.93274099
 154.10844815 168.00437103 174.54253741 167.43464627 182.52726655
 170.45881948 180.97122186 189.63989177 143.06857271 124.62695372
 127.2143243  173.30708415 195.36867914 178.26324465 140.88799787
 197.05019445 191.03523157 168.45994648 172.84929583 165.60675006
 188.71998558 188.67734048 139.70105169 184.65721914 164.85404178
 164.14549768 191.68797696 184.56866521 170.941284   191.00891129
 177.35524927 176.69500503 203.73876916 124.28465618 170.89051262
 176.13887461 185.38751424 157.85098363 141.59484262 181.49662648
 133.28469907 159.00208757 125.11479934 141.77711228 153.30348454
 175.43636269 186.94758842 184.34939359 209.10383417 147.37915902
 122.13021051 197.44063958 197.64799873 174.51587019 208.87519139
 170.16207218 172.48115958 194.11276204 198.89878341 170.75459719
 180.19615829 171.07280712 201.65991227 152.98547411 151.53607068
 156.80741846 202.25748723 211.03338874 172.78017555 156.33449307
 123.86113711 164.50967815 133.37050261 181.51643004 157.11387668
 167.3895754  143.15338731 155.90615563 169.07135638 170.31934847
 219.86250087 208.87571605 133.10489386 194.03221759 161.56790731
 188.33617803 159.96954638 156.73416406 163.49805605 159.93058652
 165.40579124 164.857388   150.2744144  147.21532121 202.14819935
 171.02122793 140.14841383 135.66490723 199.37177657 176.45304803
 186.63858405 147.81938296 125.79662499 148.81788811 134.27941321
 152.26843156 199.97662194 160.93245652 172.93139913 150.33054712
 162.55427848 183.72257261 158.49651091 156.87188701 184.08413165
 181.30575848 162.17558248 161.05059615 148.01436481 187.72539156
 142.91888819 144.45868377 138.58872742 209.99571852 173.49102719
 187.29529503 147.63925426 152.2745146  133.46418635 152.67737553]
2025-06-23 16:50:58 INFO Expected Optimum FE: -100
2025-06-23 16:50:58 INFO Unimodal AOCC mean: nan
2025-06-23 16:50:58 INFO Multimodal (single component) AOCC mean: nan
2025-06-23 16:50:58 INFO Multimodal (multiple components) AOCC mean: 0.0000
2025-06-23 16:50:58 INFO AOCC mean: 0.0000
2025-06-23 16:50:58 INFO Run function 24 complete. FEHistory len: 600, AOCC: 0.0000
2025-06-23 16:50:58 INFO FeHistory: [195.31845627 160.02770597 129.90801843 200.65518202 198.94861049
 194.47969264 205.08052534 203.7046637  197.5683166  215.89444703
 217.58168995 157.66936332 185.59303794 191.55425022 178.53831265
 186.16059984 199.48671697 201.91209247 173.18145006 196.87320339
 174.77334675 184.86194526 186.46178972 182.62618154 207.09639273
 209.51245652 204.87132248 189.42560754 201.69826595 182.61770673
 198.75598809 159.82206714 196.60527528 228.80653518 186.4464919
 196.59431493 205.60891585 182.09768846 182.08656039 184.48202689
 162.21862367 144.74055734 182.67426262 154.34714944 195.52744665
 186.17727115 197.6234339  190.24222522 203.39295026 181.15994036
 199.72949256 190.39360733 180.92427917 220.73061621 195.04679334
 205.38569178 174.34072982 169.50281697 191.64375923 194.50549595
 123.57936454 152.15312044 198.38907539 198.5164173  216.38056767
 208.63094833 177.13347853 177.69455698 180.96361652 171.98182928
 175.1179564  204.83149507 182.70517881 193.4769866  213.44563422
 166.84719393 175.17401416 210.13653404 190.2745576  169.87132087
 215.49112615 189.24821334 164.97084352 208.83050401 200.73675425
 176.83226236 183.40514776 173.48124002 154.72396426 237.76446563
 160.21037675 211.73545936 194.66381038 170.62709093 191.21240601
 174.82772924 171.73109097 204.77068295 193.91258313 188.89436055
 191.74278051 199.11844076 202.25503111 165.91020946 220.34144537
 184.53008438 194.11533345 190.91843633 215.29494655 147.26813937
 182.74466423 147.75022373 174.105139   194.73957094 208.14972748
 188.96501392 177.7995371  190.03787621 205.713815   176.79022002
 199.80616706 193.62778002 181.40781813 185.16260745 179.52536014
 199.28857774 183.28651947 197.80293696 178.54652177 207.39766909
 194.13477491 178.62917566 200.59752474 183.82983863 204.67652251
 151.34768588 198.8835844  171.47022771 213.83560222 181.71549652
 170.54447174 205.29205864 192.75762282 172.84994784 159.11501366
 213.15711343 196.87290415 222.07091913 184.75359011 189.02434901
 237.63222045 202.98334766 198.63582826 193.79290446 165.48395236
 168.47843084 179.95173863 167.09398918 203.01643231 194.20271194
 191.49745252 165.71273593 209.03488875 201.16553531 215.94066858
 183.74459179 187.22267461 216.4051742  219.81812914 175.35580437
 212.87092148 165.1349267  215.80076931 187.34138825 194.55939946
 192.82413838 196.4634441  176.69319211 164.86494317 198.8239797
 191.65266054 208.90302901 192.0837513  199.33951163 202.03512448
 194.54930193 167.54639265 161.23141576 169.51278136 184.72590596
 224.44354566 152.27276469 182.92818231 138.06857929 190.75802322
 209.1403203  187.90220697 225.38860385 136.73190607 169.74307794
 193.42463985 223.61199921 190.9485494  201.35288264 185.28544205
 190.12444455 147.08835561 176.47243829 166.17212821 162.52964108
 197.26889254 165.96790545 202.22700673 193.31914059 164.14229066
 120.59968663 185.61174565 205.92786437 188.54315363 189.4329877
 188.50948859 223.11166964 209.17382289 241.34193158 195.78648133
 151.59979236 181.1136653  192.02720687 210.93439972 176.03178875
 181.04067619 156.38001364 216.62260977 206.73014307 186.21016324
 211.60397644 196.95736094 208.09264915 195.73989547 175.22801804
 187.91287631 197.62459867 166.39378711 176.93574374 199.23735699
 215.43353351 212.51523611 192.06349383 181.24959306 204.81241804
 188.42918938 171.11201426 197.09572857 167.01040524 231.40895349
 185.17377999 182.78935909 187.52274024 196.61178035 201.37984106
 199.10999659 226.29991307 174.50834532 190.61191983 204.34659524
 183.59381002 204.44435531 200.92814067 163.42573943 190.33849885
 193.63367697 215.78233512 210.7519349  185.84503928 189.32364122
 164.96450399 195.26565889 188.45948598 168.99631142 164.69035516
 188.87543524 197.80395915 181.92595322 190.04034617 212.40623485
 187.33750126 182.29504741 183.38247823 194.91233285 216.33226579
 169.69400172 158.54994974 189.60296123 183.6778643  144.27729627
 213.80763617 146.16281889 162.75541078 194.1602909  167.4171656
 202.97022699 186.30369164 124.93977749 162.48159805 179.29581915
 153.26570325 159.74316646 196.94679248 174.25473663 219.56471874
 182.78669747 161.26112264 198.58992679 181.0183077  137.15504681
 177.51356485 168.1376268  155.66905409 162.63535051 153.71023226
 182.68943642 168.9232605  146.70086888 173.0083835  135.99107063
 145.63051235 167.73625823 204.848593   125.33550365 126.04082029
 198.55956075 185.6294862  168.90374611 192.73000162 205.33034074
 169.87726893 176.35019368 170.65332722 146.40949205 148.32212296
 139.49635301 162.78610731 202.77834557 191.95513347 151.30499508
 176.0501848  171.27931733 157.48762225 202.02546236 160.5536684
 141.17611119 207.63099261 144.08855317 174.80973901 189.61000298
 193.51619739 164.16330091 151.28602295 171.66048747 196.64390257
 162.94356884 156.29415879 185.98833828 192.6525445  169.00834067
 160.20301305 156.95604183 183.83876549 173.52960491 152.09847393
 192.02053438 201.94853962 143.54655266 172.84778032 140.03733324
 153.67425145 150.06378003 138.20215471 192.05961528 153.74572893
 181.90419541 183.48880157 183.21647018 170.0141203  182.98156702
 142.31772757 205.19086903 153.09014335 145.81904028 196.06542784
 178.23977559 184.55360185 176.56481152 154.36427132 199.4000193
 160.14390879 161.99999707 182.73897317 179.37370975 182.87652406
 173.15717763 212.69995455 201.9020825  194.4812839  189.88767463
 152.02916714 137.15726556 189.63307533 219.54138387 186.83636975
 165.82468596 169.21798829 163.20143661 171.97333091 154.12109611
 135.711129   158.75782637 201.09870877 173.43013419 115.08889804
 163.26917281 150.37940981 191.62486189 175.43119201 130.345169
 167.98566108 154.89153961 186.45287759 131.6579282  169.5135663
 188.49945468 150.78154807 158.91440718 188.75507779 141.21469679
 162.19145855 182.55849858 167.67876938 157.51806303 162.98106339
 186.77448243 165.34964455 191.63604558 193.79549031 163.05886592
 150.30563534 149.98237768 184.7214071  207.60261372 183.21363468
 177.11184231 167.64323923 172.16318664 210.84328502 168.7872906
 157.53820811 152.46174719 160.26851244 149.18705487 190.56116413
 150.76475164 185.78250222 197.1128085  178.13639167 200.41930454
 221.58185366 168.50414604 216.29006589 153.84124834 136.44237272
 150.76121384 200.20709556 175.14595607 174.28394576 140.53672579
 182.50137295 182.49250947 160.19700297 145.29911946 196.37689932
 187.88056927 145.27925926 166.4781262  196.02187069 170.45809003
 171.96943786 199.90913015 176.01565327 196.68742049 189.28047301
 172.2457736  178.90270658 170.54826658 187.14452366 188.81795837
 166.41643597 191.49103947 191.12724202 198.73184491 168.3866021
 177.68660754 191.11553899 163.86513405 166.45471094 137.07657724
 201.78189946 139.31773633 166.70331721 149.11374177 153.38166697
 192.42588637 187.05195489 188.79584122 152.07494904 173.45934544
 166.81876617 172.88565804 172.05867583 202.41766445 183.84294031
 154.1757414  184.76048787 182.28379483 192.54421815 195.0500293
 181.06929235 217.0863928  207.40527924 168.94357587 203.5937953
 188.40865198 136.84933898 189.60135838 175.57127189 172.95830132
 206.92860926 174.17714942 207.61406841 148.25509604 195.88534842
 182.75696396 167.61913894 141.86590535 165.89226913 169.65828803
 190.94945604 164.26557938 186.21800292 197.28463878 174.45498694
 179.18106258 214.87700371 174.03199194 192.44810698 164.90355518
 196.17535656 162.75305671 179.12507525 153.79228117 160.27118979
 163.61832541 211.87674503 160.84585927 171.47522569 176.54653297
 169.2587839  201.66982745 155.71564128 132.25154397 172.82267393
 173.15712745 147.52828027 153.02144352 137.53349303 200.1051309
 192.66480522 157.91432489 165.16599034 175.94593665 134.72541115
 186.7093238  162.7258785  172.73737406 159.59714996 166.54018303
 197.41241433 138.06166209 174.20289364 162.01814673 168.49625686
 153.29517443 179.87098947 209.43527125 164.86383743 166.89187022
 170.02766379 171.80287063 173.41045704 168.62212288 197.09835001]
2025-06-23 16:50:58 INFO Expected Optimum FE: -100
2025-06-23 16:50:58 INFO Unimodal AOCC mean: nan
2025-06-23 16:50:58 INFO Multimodal (single component) AOCC mean: nan
2025-06-23 16:50:58 INFO Multimodal (multiple components) AOCC mean: 0.0000
2025-06-23 16:50:58 INFO AOCC mean: 0.0000
2025-06-23 16:50:58 INFO Run function 24 complete. FEHistory len: 900, AOCC: 0.0000
2025-06-23 16:50:58 INFO FeHistory: [203.44188434 177.63286943 168.10121299 210.49483233 207.6494031
 158.49227439 194.31985843 219.5253804  208.28832265 212.70114826
 152.68153709 216.83981254 162.51754457 205.13302465 180.62803243
 180.40853091 186.65877706 200.00486468 186.44538806 206.9758628
 180.59631473 222.88113498 172.55675798 199.38960446 181.40576597
 189.64318681 145.9383808  185.79693998 169.68392969 183.82339347
 180.13977995 199.03207671 160.11244964 185.91214396 192.08497807
 205.40264954 214.58400199 156.89307897 191.04331133 218.34698313
 205.62601947 186.15027007 199.78128516 171.03803942 168.21694561
 194.41475405 191.19121319 214.81782551 182.22673674 199.41123306
 199.19013933 194.05450884 184.35334471 199.20148697 175.4547849
 204.93142132 205.3839907  200.19984681 165.19601008 181.38547437
 162.29271147 219.20672655 160.89452532 183.09332761 194.81864999
 175.48598426 171.75890562 123.36477287 175.54534884 184.0972086
 168.98126662 195.77582387 183.03395457 149.80446574 174.91556505
 177.45315713 193.70237743 192.92250549 174.64361288 179.85971782
 195.39819156 197.39263442 181.9736778  177.80090395 198.06729508
 200.1628853  147.78173969 170.57050404 194.85192298 225.14052972
 217.22940463 186.00551767 192.55722735 175.0406163  190.63936123
 180.54646967 198.75170656 218.63424173 170.66871416 176.56468541
 195.77504817 196.07492719 174.79942828 217.81110849 189.29662956
 214.34305183 218.55626442 170.54443227 163.63209661 183.30285223
 192.28688167 178.11859953 171.94983329 179.77340619 214.45055789
 167.83364144 230.88729734 216.22472272 194.75784641 161.26872852
 177.94130558 179.46614285 186.42021601 190.68118209 169.44016523
 209.97278085 157.70784735 213.04198901 189.5672249  215.33198796
 184.55656043 172.85483205 191.96592882 158.81643822 202.56952742
 176.44043383 177.82573661 188.31208392 173.42929686 163.20185972
 147.2759515  199.97796175 137.51742411 194.73444133 179.22484879
 166.41616533 198.46857899 187.21159823 197.45206249 189.71330036
 174.0497976  151.43313222 179.89246814 190.95670597 216.45839348
 171.08278188 195.46557122 193.31829255 214.29592054 185.8369212
 201.95884993 186.50220824 180.86743265 192.4790803  175.51769861
 204.3755317  165.40956123 189.03501415 199.09276901 170.48335559
 193.26563334 179.90715876 182.53196159 152.62637302 194.92656711
 191.65285333 225.50092098 209.95290825 200.8349029  202.00103501
 166.39779968 208.13893274 194.48663855 179.55645381 195.87620732
 204.16634818 199.72232225 195.45337404 173.38679597 179.0929948
 149.25817459 175.38547265 167.8735781  203.27712527 184.48667523
 150.71238281 162.75487463 179.92628599 199.63666313 223.11503658
 203.92125523 156.64665079 197.08697127 198.23896399 181.09275146
 178.30367713 218.03511957 156.94521266 133.97510534 150.72099758
 191.63359166 196.25183642 203.03661062 166.80134855 163.9183643
 198.62403131 172.25742868 214.98022078 205.89799591 191.29905332
 167.47967799 168.30023736 193.4911899  195.86551717 173.42729513
 186.1482729  207.01213583 197.59217351 153.94461845 169.51724214
 184.12318049 195.82296947 204.62936209 204.01214185 206.84453066
 169.03356085 180.9033386  199.3311573  174.35159196 177.26180386
 203.18278294 181.3186664  211.44364017 177.09811603 207.45644502
 228.04011572 163.00251214 167.26790542 151.6601685  156.61448296
 162.93820221 170.53348983 154.64888819 191.5422928  167.62879957
 189.43747362 185.07682743 201.99814019 218.80332123 202.41316469
 156.43000105 159.22150675 178.44228074 172.92311703 178.07252336
 162.52891847 188.53136087 188.09029131 192.32875526 194.28314944
 197.01741274 170.10883715 170.76731755 164.00027129 198.71028481
 145.88319675 189.27702934 189.88756345 208.15480381 163.57422231
 225.40695334 208.877205   180.59557915 214.58866352 208.52189219
 183.36677123 184.98942765 204.97484411 192.26167136 178.17731294
 204.74366042 197.76405934 186.17291567 200.73287216 187.00587676
 149.09061064 218.39851122 212.55495722 169.92974999 218.86075564
 192.09991219 170.0854514  184.2569707  167.95339453 194.7658403
 181.51673143 201.71499016 170.22512723 186.11557181 189.90066764
 139.73143837 184.53333095 182.00854818 224.52074203 180.40229169
 139.83073497 191.20583573 202.07728459 188.2900852  199.30223081
 173.26469762 148.3951841  163.17609237 188.70396414 163.73892369
 215.28721485 177.34429763 165.29912922 161.19925003 184.35095023
 204.13237774 155.04273275 157.67303701 186.47124384 204.29330645
 192.60792981 191.88452387 174.1663255  181.58346327 165.76595245
 199.88032579 172.75846439 150.30972509 152.68596209 189.00616741
 184.67561558 145.28529467 166.42071314 196.69409366 179.08577986
 180.04035551 179.42191525 195.82080306 159.70549988 149.38423079
 224.410914   176.41896614 215.59082571 142.42275526 190.62438426
 154.14044657 173.7148536  184.57034346 179.90303848 179.48783725
 194.89922491 170.69867787 180.62054761 203.97888883 192.48813334
 147.34994347 149.88387596 187.21824267 188.15379376 178.07825876
 147.44625139 198.47684816 196.8821579  154.90291574 170.6254508
 225.00604451 181.89655052 169.16618571 171.63778735 173.39443136
 185.26603053 175.57346705 148.81715496 183.92249738 204.80551701
 185.34333606 148.35106537 169.89411687 171.88913105 175.08090075
 188.43482532 174.52608219 186.62123057 175.17116665 127.42384941
 203.07546754 187.04850249 188.06494867 207.62369343 191.81090893
 176.68570726 217.38429284 171.28497407 169.56080247 168.65125678
 147.56033956 207.29143257 180.43771973 191.60996085 187.55937711
 164.56120627 172.94060735 185.13476445 191.18740133 172.36657423
 182.44589562 217.86881261 191.97397584 188.63099296 207.31562071
 179.79374793 173.67108519 216.38873724 161.47612446 162.47469956
 171.06321366 180.3601356  188.57832166 185.36396402 180.29135286
 194.37093964 162.7098389  182.31838676 188.54992695 173.0758096
 169.57791392 172.0476977  211.4028912  162.22384677 186.01230679
 178.82028454 181.04182583 187.55250243 203.35548936 157.19365617
 167.04815308 189.15544516 169.50968137 186.81896164 187.97842851
 193.08106659 204.46642823 195.81785117 195.23306787 167.29121256
 200.2556843  173.54991625 183.88503931 171.42833153 187.31037537
 189.95928607 177.71362089 184.964823   182.67351156 193.14931103
 185.68793021 169.97399767 209.37152505 162.15172041 198.62690448
 201.94563781 169.64288136 178.49111555 192.01175277 182.40573507
 174.73658041 203.9174399  165.03719972 166.54208035 143.93700568
 201.29063682 208.1209317  183.8072663  168.40239181 160.52368991
 189.73264178 198.67429113 154.6565828  185.08578357 155.477039
 179.43455734 212.76808991 188.03273163 188.08757269 188.7020245
 194.03831086 180.88706516 177.79409936 185.47162875 198.51778359
 171.2905971  183.87257015 179.78974978 189.4619134  193.14940267
 174.90164304 185.70128194 199.32499154 149.90228389 181.03306852
 175.58454287 162.65127162 171.75036747 184.44610654 166.06633714
 137.09155617 189.36458664 200.98911287 175.82314162 175.54011755
 166.08427456 177.65700942 187.70632555 165.5245141  186.69655978
 201.39188734 186.50611385 164.54150256 159.38108782 168.27506828
 151.95789053 138.60188404 177.67662581 171.73601677 165.8298798
 175.35132902 154.47589387 217.91242448 173.64614889 196.2098741
 204.70203464 184.74883585 174.99430613 157.57744575 189.39684124
 206.51328229 202.44852323 174.22480339 185.76614411 200.71872999
 221.51765021 180.99314976 195.50748133 143.61340811 200.47592156
 207.94022277 150.65609134 158.29912308 182.00597755 147.7115339
 200.22984211 210.38670175 181.24612121 186.29338154 189.95439791
 193.94224633 182.07594381 149.42568628 201.13239014 164.92136563
 196.33851292 189.87291995 183.20074203 190.52098164 196.54233877
 171.14596867 200.45899183 172.47124039 187.01848365 194.72996191
 203.19050225 172.55544451 179.83078943 187.85797284 186.47186654
 185.38273155 166.4168688  188.12008689 185.02872701 177.8234889
 189.93552982 195.25317127 185.45894382 180.46529315 200.66704815
 136.64187879 148.86676507 175.27974784 188.2007534  145.76826124
 161.16877892 170.99980329 168.50939919 134.77117484 185.69835027
 172.77156892 181.24794031 178.05731464 180.80493087 170.04450294
 172.48725381 201.07925829 155.16740556 144.03953152 172.06590428
 144.50608214 178.58769522 190.61074947 175.59205142 148.35601273
 172.7330218  167.41135134 148.62963246 195.07334942 172.99461974
 172.58475651 167.68556125 161.96027012 179.63624075 186.33223927
 161.82686308 141.72768545 171.62189165 182.00964741 180.88796022
 173.95768252 158.70722341 163.00094629 158.09211935 164.95286124
 176.01995538 181.74336236 162.70986216 160.00151518 168.45590549
 146.60000713 149.10764695 151.61889334 141.79083919 167.80186543
 170.69767379 170.63875652 190.01290534 124.11221657 170.2146179
 145.62109668 178.40157742 126.1222218  179.2242507  193.64731148
 199.50890407 181.68339365 179.06986549 186.1299995  152.07452935
 173.15406853 180.56158018 173.94643759 122.62262718 186.94124302
 153.68287366 148.97175322 158.59047487 167.97101115 133.10590834
 200.61396308 159.35110516 157.80441969 185.66526712 154.1288778
 190.89450157 177.95484671 173.1646857  200.8948664  187.08871138
 174.39283957 149.18806838 155.16722144 184.79613613 164.31485954
 195.9114452  168.44773601 168.94835149 187.32107091 195.75816452
 177.1815723  191.64968127 187.54842022 167.69190914 163.95077417
 206.17357922 196.03798832 171.9575747  190.4489517  168.63215843
 180.28801144 181.7704616  178.734514   150.06530523 154.01238608
 165.62190199 148.83508742 189.63513246 173.80512785 146.04443561
 169.63978849 175.64135039 182.66594561 184.38717051 164.35971292
 193.41151344 158.10490147 186.59925057 188.79239472 185.17662633
 171.78499617 162.14588962 161.2537654  189.20284947 156.32710295
 172.40268437 170.04343227 133.40648419 214.61557607 187.87927508
 155.95047304 190.45130652 143.17541142 200.1182206  192.20762438
 173.3488281  174.90721996 180.38394207 138.61427449 155.64827523
 160.12773449 146.09130678 179.30037608 173.03697588 122.80043199
 147.13138361 153.2131121  179.83343323 149.9968729  120.85814891
 162.67103575 176.38115423 162.50009292 194.72687188 176.82996662
 153.90234908 206.43243285 160.30171517 190.18095853 188.10179423
 169.49263961 169.97627387 166.28649762 156.68822703 190.4377499
 177.36886027 203.71099884 173.78794577 210.8367663  161.00115308
 202.59062662 153.05006657 154.16403157 174.6416568  159.3085297
 183.99691824 152.5189167  183.33050977 193.64264494 160.95161663
 167.81396295 159.26874823 169.75573988 179.77400792 184.87632199
 162.01505924 181.2997047  175.74605604 162.27921169 180.4352223
 191.74497393 164.8391768  133.08199567 207.73052985 159.31991978
 199.90846952 209.50926536 174.19127996 164.03572003 178.05569914
 190.6689277  168.69681153 189.28577509 199.82848796 217.82363456
 197.79893263 153.97658055 155.83972116 163.14369935 190.20570528
 184.5866764  193.57029436 178.58188455 164.59905199 137.6653819
 189.08829535 189.31901661 168.06106723 186.90535872 185.19900423
 205.99848117 174.27491429 162.75452984 163.84258702 194.53402649
 195.48382168 167.31235495 158.08782372 199.94663899 130.70768009
 160.65698021 180.83307464 229.42808503 192.57825431 152.86986867
 209.96425729 175.36006087 171.12645439 193.62522276 160.79237788
 155.2377547  165.92231255 189.47707494 185.14225884 181.79029845
 153.56236555 153.02355021 170.23960135 177.19469902 167.36807266
 192.71696382 171.78146426 166.07623864 217.66027368 180.33021134
 180.67714592 182.71017863 169.54202406 167.21676879 165.27135569
 154.93293872 212.77161115 169.54088727 145.38725888 191.80712569
 168.43077756 194.32052855 156.56306015 186.73432828 168.07617146
 183.84496131 178.11425033 178.95825473 184.94714878 199.94828422
 189.17894117 202.87343135 195.05761463 191.19547888 145.53560557
 156.66237028 162.0982937  177.03776576 174.06899471 164.25687841
 181.31492757 169.5805415  228.85940994 168.8371454  182.28937451]
2025-06-23 16:50:58 INFO Expected Optimum FE: -100
2025-06-23 16:50:58 INFO Unimodal AOCC mean: nan
2025-06-23 16:50:58 INFO Multimodal (single component) AOCC mean: nan
2025-06-23 16:50:58 INFO Multimodal (multiple components) AOCC mean: 0.0000
2025-06-23 16:50:58 INFO AOCC mean: 0.0000
2025-06-23 16:51:42 INFO Run function 24 complete. FEHistory len: 150000, AOCC: 0.0000
2025-06-23 16:51:42 INFO FeHistory: [182.70790273 195.41786274 211.84845546 ...  43.75741107  43.75741105
  43.75741105]
2025-06-23 16:51:42 INFO Expected Optimum FE: -100
2025-06-23 16:51:42 INFO Unimodal AOCC mean: nan
2025-06-23 16:51:42 INFO Multimodal (single component) AOCC mean: nan
2025-06-23 16:51:42 INFO Multimodal (multiple components) AOCC mean: 0.0000
2025-06-23 16:51:42 INFO AOCC mean: 0.0000
