2025-06-24 16:03:28 INFO --- GNBG Problem Parameters for f16 ---
  Dimension: 30, MaxEvals: 1000000
  Search Bounds: [-100, 100]
  Number of Components: 5
  Known Optimum Value: -5000.000000
  Lambda (Curvature): [1 1 1 1 1]
  Mu (Asymmetry/Depth): [0 0 0 0 0 0 0 0 0 0]
----------------------------------------
2025-06-24 16:03:28 INFO --- GNBG Problem Parameters for f16 ---
  Dimension: 30, MaxEvals: 1000000
  Search Bounds: [-100, 100]
  Number of Components: 5
  Known Optimum Value: -5000.000000
  Lambda (Curvature): [1 1 1 1 1]
  Mu (Asymmetry/Depth): [0 0 0 0 0 0 0 0 0 0]
----------------------------------------
2025-06-24 16:03:28 INFO --- GNBG Problem Parameters for f16 ---
  Dimension: 30, MaxEvals: 1000000
  Search Bounds: [-100, 100]
  Number of Components: 5
  Known Optimum Value: -5000.000000
  Lambda (Curvature): [1 1 1 1 1]
  Mu (Asymmetry/Depth): [0 0 0 0 0 0 0 0 0 0]
----------------------------------------
2025-06-24 16:03:28 ERROR Can not run the algorithm
2025-06-24 16:03:29 INFO Run function 16 complete. FEHistory len: 251, AOCC: 0.0000
2025-06-24 16:03:29 INFO FeHistory: [130170.88323135 176745.33633257 141608.37643267 194212.70951586
 244554.65424254 206198.08142908 158636.84347411 176718.28674817
 136309.46853504 212495.2762775  193435.13668076 227248.13620378
 238192.20296577 182271.22250376 217106.64641326 129318.32624882
 160746.72208197 276190.16408142 231102.21920639 156214.39729155
 196253.85134019 182337.81933916 188943.05886492 172462.37143838
 222199.62998531 166376.9106748  216458.04999582 189965.87078671
 237576.52149014 161888.72105526 162171.56987874 196595.66074072
 201348.203821   203302.634392   152524.24591788 170115.42721094
 133070.12859206 242647.81618761 140333.78175278 229997.78060782
 154051.38046979 158074.22962307 195599.16608009 194854.12018684
 293516.6482555  180514.79952771 229920.9149573  177883.69691871
 181900.22970676 230328.34275162 158029.21127745 214363.31425955
 211891.07781112 135468.67599348 249180.4754839  188847.81660338
 215188.65822812 259006.49798918 208088.82320244 224059.28052164
 203550.29290813 179161.38006355 178954.59955591 167332.84725236
 193008.38935803 227995.31427372 218757.22439977 162168.92074372
 224709.61992899 258055.22204247 169006.69854764 180354.26552805
 189484.42860679 170564.496247   175679.0399546  217341.85176914
 217274.98201452 252241.99274598 185986.70705261 208489.97439136
 178864.87899626 161611.89515194 219385.00473799 160000.99879534
 202853.46227452 165058.62180248 262628.30999753 204469.28048585
 242904.1177322  203527.95932812 240491.3673861  213053.69869675
 239415.67795592 176857.81106921 149201.81652216 202072.12377961
 196190.4895447  203692.04882149 162209.90769853 146587.26421366
 261114.00044032 151554.36337166 137984.20723883 147217.30396979
 210188.5680491  231336.30859172 213273.49817127 183225.17186597
 177085.8529271  205693.64385024 254955.47908611 186244.0428156
 218572.4645145  125221.35487784 167064.92876527 198015.26049623
 157457.9334975  151218.39202096 264817.80846242 174779.4449418
 204234.69472433 195992.11946153 185346.81973541 172411.39628834
 186839.07981093 171798.45489259 201266.69059176 163546.087376
 173841.22093753 193359.82859595 229997.65714047 185832.61738967
 175492.97929806 160018.85798066 185770.84280259 212515.41416475
 198598.85664635 212688.74850429 191586.57785433 189357.66299845
 158925.37477474 217039.13919747 194978.70236807 181766.95712869
 196596.80241056 181424.54265106 196030.60896226 204663.30174685
 182933.20584039 167231.82946607 147363.93524511 192991.83573018
 170712.20502203 209988.61139104 195189.56741002 242885.28635653
 156782.4326152  206698.25123069 192352.25113698 186270.10274673
 175735.83023099 173727.93325842 220401.3239417  156129.95596893
 142080.450817   212164.41534315 211965.6097726  215473.07571264
 144133.154678   187701.42644561 208230.89755016 202944.69991901
 203828.747766   174279.60498563 173770.04084583 196416.81696848
 218704.63281798 180729.25424335 199804.50146176 144952.67392854
 187633.18432478 175739.46801605 193102.40821034 171195.26257998
 206530.86504852 211505.20727691 139364.54179451 159566.74455867
 227275.55025807 168950.77714603 121812.92907277 253820.94565673
 168073.75547321 185433.69590014 181792.9741051  169230.05553134
 193597.66811938 182567.37465424 204690.77032718 211307.63120375
 152773.30281419 176735.56492785 146543.4583933  195467.87199551
 179680.26381057 174870.61529645 228125.37463195 198727.90385412
 213817.42259961 129839.62883375 216392.94067637 227835.06206559
 167787.70534257 216061.31091376 159818.32317757 142586.31484658
 226150.39910287 206588.48502756 171992.80261177 271143.95495848
 135127.36151898 252013.24482873 202689.23816625 176794.3389472
 203326.06138603 211926.90690306 198676.18827616 231801.53171048
 234994.33271616 196861.75077463 274851.39657339 201022.84962748
 166842.44795163 238417.24947319 219368.18063146 165735.92231386
 243198.05661236 169680.50063504 217677.41880215 219518.17988882
 223037.65589918 188213.33200501 184956.05613635 175453.9028274
 238520.96769703 150171.35824863 154054.97141998 227063.27410423
 188569.44475402 195408.43425954 142500.89681212]
2025-06-24 16:03:29 INFO Expected Optimum FE: -5000
2025-06-24 16:03:29 INFO --- GNBG Problem Parameters for f18 ---
  Dimension: 30, MaxEvals: 1000000
  Search Bounds: [-100, 100]
  Number of Components: 5
  Known Optimum Value: -5000.000000
  Lambda (Curvature): [1 1 1 1 1]
  Mu (Asymmetry/Depth): [0.22159228 0.42314776 0.4901829  0.25862884 0.37043014 0.37440768
 0.26098797 0.491006   0.27569772 0.45404864]
----------------------------------------
2025-06-24 16:03:29 ERROR Can not run the algorithm
2025-06-24 16:03:29 ERROR Can not run the algorithm
2025-06-24 16:03:29 INFO Run function 18 complete. FEHistory len: 251, AOCC: 0.0000
2025-06-24 16:03:29 INFO FeHistory: [142644.95718502 130068.85617719 232946.12535086 239497.32895236
 187087.70116559 181273.97288885 235225.93337661 227339.89844498
 205582.14727533 186919.42429708 248605.94323129 125718.9209828
 187848.1769728  230293.06829556 267049.96148544 166690.35565085
 217285.52174285 230833.29354002 323831.16663033 124314.5975194
 257050.05525832 218804.91818527 230218.07458812 169907.51897058
 183105.98385713 177238.05411116 201707.39353543 180288.37718451
 141602.30339645 161082.07054031 229710.2136847  194793.63918685
 182791.63209107 227272.96251765 227144.81275609 179555.49817133
 179784.3383033  232117.08775764 200550.20903945 231965.55238787
 214952.67252149 248681.83586922 249084.79740705 164837.25244959
 210222.49396148 249004.97795565 260760.95580427 309360.87978051
 211944.82096622 219254.4157705  138531.56847555 241321.87682838
 323807.80443872 268040.08169018 183701.62950243 162435.60715019
 409682.20612089 272495.86645535 206838.01707406 170379.52563061
 154831.78608427 210032.33620883 226245.60757259 177633.28803905
 188301.09310238 210807.94417157 231261.39468046 269754.25996982
 236499.69509235 266410.7205985  247275.54615821 187704.03767353
 260324.88599947 197646.5878011  194092.25244026 187119.92275796
 220177.80394562 187055.93340567 244802.06791043 210074.9144053
 255697.3550048  212058.59334025 232502.89268171 217131.11856335
 217776.0139208  171580.23727852 146781.12784428 235967.93450755
 143827.7826204  252405.42050771 217851.07320026 232047.63777901
 175723.98822155 328197.93874771 203117.9301592  168952.67347206
 232437.47472624 218348.87066684 205716.97290771 169783.91803953
 217618.3885015  214068.70015    169446.55410681 210981.32951523
 155317.36304104 189746.58517008 272222.74539214 270249.49591097
 243401.6207455  212518.67045887 175050.12899189 285259.89846652
 263523.7335761  160569.75858884 214003.6527233  211236.6817571
 253116.23428888 143056.2288409  188993.47634717 133328.20693364
 217085.15057164 202036.16238025 190388.76431489 221526.170563
 264283.11295302 177430.48468917 234442.69983496 203242.36899321
 214249.0373976  137056.66373746 289364.01707709 219976.50975722
 235109.91298494 254308.2930732  229386.37750391 200060.77623643
 233780.59011699 167195.74182071 204462.40595807 183847.80662476
 230045.22873374 248698.14487491 155802.44488861 166671.80004064
 143963.97603707 224008.4151706  244466.4849114  173529.61305435
 189586.99959236 252100.5762745  222321.1117767  227921.74661962
 226568.27233646 232536.48534664 158978.44579005 281954.48158162
 255583.04982586 190238.78386043 260628.79138339 303155.04966438
 284840.60159652 321972.73139411 222180.7807927  172246.6524987
 220846.29370623 175318.85840834 257040.42662826 204231.90668833
 161206.00256004 179310.48778902 295417.22874073 221572.91943208
 235322.30633356 221508.38755914 270916.5682571  230806.03783978
 255694.9556746  242677.9328987  203662.09269781 229026.70698047
 174844.35273256 223460.05509325 261691.86122267 214333.36694153
 230106.082729   282327.46695921 187591.91109188 281291.52436399
 204063.38366255 304825.44508816 211852.30594524 155302.36245894
 319722.97626121 226202.30773239 313925.14671592 262341.96096815
 183858.03574579 293616.0227819  189475.30932647 152759.11067311
 290189.59326916 219777.42313669 322515.9374844  235508.02704091
 267110.53477735 169310.56985627 202671.26811717 298092.8247886
 211407.82854421 252559.77616318 270741.95039101 151164.63479343
 197465.41452868 184030.43613471 246003.51876096 195607.2688111
 175497.86957274 246717.29815107 194816.31431139 206876.01825622
 239654.43566666 142886.18131568 299896.43168607 172242.23984641
 187748.20286083 196865.81841498 172443.63184403 221634.36806259
 176521.48462417 235221.41048229 210003.02971402 227184.47095772
 118691.23207835 299301.79424336 194004.2985064  245004.96843175
 240269.79933945 190050.89672093 188183.81307052 187422.43458103
 207750.94964272 199523.3444264  234333.80697559 160315.35748818
 250320.17157682 184217.08105348 151359.8727035  167349.16772198
 334051.6022154  124288.04044335 224516.87757769]
2025-06-24 16:03:29 INFO Expected Optimum FE: -5000
2025-06-24 16:03:29 INFO --- GNBG Problem Parameters for f19 ---
  Dimension: 30, MaxEvals: 1000000
  Search Bounds: [-100, 100]
  Number of Components: 5
  Known Optimum Value: -5000.000000
  Lambda (Curvature): [1 1 1 1 1]
  Mu (Asymmetry/Depth): [0.5 0.5 0.5 0.5 0.5 0.5 0.5 0.5 0.5 0.5]
----------------------------------------
2025-06-24 16:03:29 ERROR Can not run the algorithm
2025-06-24 16:03:30 INFO Run function 16 complete. FEHistory len: 500, AOCC: 0.0000
2025-06-24 16:03:30 INFO FeHistory: [165089.12664223  72618.70146683 125685.7710074  113447.49767022
 111783.95607131 112168.16102746 160818.79679943 173846.25641395
 127667.43172091 120944.32534785 131863.53046306 136798.85890775
 129983.01272066 167496.84980787 138771.85052089 116433.33738563
 131802.82638265 150266.77559236 122164.56459734 137458.62728545
 142717.27206322 127591.768538   141037.55014335 121921.03597856
 116400.81376262 153294.38523928 163148.9667565   72157.17120995
 105213.49271813 136459.59567393 161226.64357074 161234.95089549
 122938.22613261 132408.494044   100997.23063385 156283.15941148
 132827.09624404 104662.4264485  142442.5138574  147241.5387709
 154948.02223111 139275.93653918  98182.46273105 148693.27128323
 102414.67303057 169470.97547382  74993.30519477 103561.80939046
 121292.10941411 178673.01267423 193349.66755647 187748.54927911
 174913.57588287 163488.20232472 158556.75127063 150423.86744863
 164988.41944142 167687.57935973 190325.97092353 149959.08873758
 173433.96651011 133329.22953191 112066.92142665 145607.24779433
 141680.61016047 175032.86593665 147003.39292178 182681.34382099
 188464.65531715 153410.00249068 180480.54665642 166028.13042341
 131539.25372611 121172.17763135 179865.43662863 149609.40900435
 117011.89192569 158954.52494146 131283.34848085 150369.1123397
 150863.27360909 123835.12494494 142217.0917879  102836.13449203
 110277.9094918  136079.14773036 144983.80359864 189854.45408332
 142812.18519477 125264.99376357 151294.17122729 150135.61762347
 196942.10602213  99085.03423637 121041.45421277  94965.24629013
 196114.88798898 106974.42104836 189831.49528632 152751.93083283
 123762.47483377 182528.56939559 102888.00147702 136548.1004832
 152849.57290693 115524.14326881 133352.63639289 142001.56977058
 117046.55296272 167277.80234132 144284.52919942  82625.38576779
 121230.96921354 158814.21339674 154930.69170208 133402.86031748
 141569.70507476 144634.78674957 139837.72062438 110435.9543279
 101052.73915873 201837.93194279 100183.72983093 168234.38548665
 115983.79600799 100784.21437328 146345.91848416 122759.6108368
  96637.57259842 142943.32113801 133238.87277454 106384.61527976
 122915.44961898 136080.86544391 123100.83894704 169373.58858727
 128272.09256987 148782.24262227 113401.44688005 133061.68235123
 136266.73709902 135954.11578419 128354.62011025 162463.98317428
  97846.18017403 170775.13165231  90479.22249889  78597.97858221
  91293.9263293  130656.14723803 167300.88659836 134080.39644572
 141373.22729785 206479.01930368 111785.59355743 178291.70656297
 160874.00448412 161887.44215842 165169.80268067  94732.0594296
 156848.89827181  92938.55419896 190650.9377602  151146.84720838
 187772.64738145 121734.1953731  142927.14089912 189573.82862523
 158386.2093457  137139.93668801 158934.33035467 181276.59624165
 125552.09314414 149879.85248163  92267.13508966 148289.85824308
 110445.2009787  132698.44676377 153349.56576043 166439.94838789
 143226.09215484 201114.61140461 150920.8595442  125012.48037866
 152965.32591808 184818.56100632 114929.48911223 221293.28746426
 178497.93241216 212744.43194616 174247.85354432 126718.86698962
 140358.29488955  79023.88152904 148434.3290973  157395.49399996
 115974.82333372 160163.32223083 137464.46715839  97708.88587364
 107110.96039181 135847.84388557 108320.40241252 144488.84262838
 143456.9385361   84114.34009595 105867.17375398 119424.56244986
 116513.54391782 111233.05096269 128352.44753945 100876.21225672
 117228.25387914 147145.29784018 175616.14430863 141432.96993154
 102198.55468097 148522.9090777  174124.74224107 158288.76353746
 148747.7010921  157887.674196   150633.40985456 104619.23953428
 177786.00466682  62502.29028564 130954.25201351 131820.89645575
 116727.61592    114099.74037585  92658.68840022 102356.05862419
 191281.86341229 134284.24991517 133602.92373929 141688.77303563
 149863.20099307 166306.17910838 171094.56420318 107302.49527827
 129073.82836493 104908.51586682 136428.16445656 142779.94183027
 102581.96580665  96090.82475347 112361.75593447  80348.90280392
 151314.68128065 128265.22138503 136904.82113398 180977.73334007
 172956.45387361 208976.39727776 152616.08402236 178146.87210063
 120968.29476482 184410.07209529 172480.27459735 192980.14765749
 121568.78271171 108371.40315746 126791.60853961 173984.02753998
 151485.30924686 141324.17186548 120722.7818556  140644.99511141
 158689.70684813 148890.74026677 147934.60652686 150082.9008425
 122825.48831316 166128.56892839 121898.61862598 113535.81157905
 118928.11810754 222475.04221321 154443.42452158 142512.23871363
  81935.81972942 189404.5853323  183980.46156466 125129.1286283
 151310.14240456 148080.02416102 172140.09849485 179098.74944695
 181577.07693224 198247.89750931 166777.47978251 151331.37146751
 150506.83008034 144886.46677836 133953.27032647 226861.38847055
 159132.45574706 154985.17262222 133585.84269868 151315.90790601
 105176.35348992 112369.34205037 109302.34614482 108208.63589419
 116642.7565723  125548.72342796 117082.42815791 174970.79893533
 139277.36986311 109068.31654831 141320.64346974 146581.45117261
 120290.54959445 144746.50588191 136680.6653186  176451.62877977
 136411.07212939  89188.10099173 123730.69745568 182066.39153415
 124251.89524963 102179.84254169 151993.15542946 126709.34487569
 134113.29815064 167345.84200139 118726.47037222  90528.71809796
 114451.02973679 114705.57632926 112248.72132008 142016.34000832
 154973.39265024 121595.69112647 111142.70121214  87660.57745932
 119690.17530973 113210.10656273 170363.44139283 146967.85850904
  99267.04435668  95121.76002815 142538.89635243 122941.82223602
 133497.05702588 132951.03040498 158447.03013031 104116.04672152
 141472.94311487 168813.45128825 169088.88230268 181292.7839263
  87497.82907024 134804.34371933 146985.41040084 125783.68263806
 108504.02198411 144767.36937126 159719.65497336 201385.30634264
  98027.3931836  114899.22302108 143466.61947471 112306.08117461
 139277.08189571 123622.85573264 144157.61481967 163329.08349422
 142567.09901497 226261.0487157  114219.85793242  84589.72839239
 148234.45833953 131854.15757553 182637.05974601 119679.6233358
 146015.68068849 120293.21293367 144128.75047632 208063.27728201
 126245.65789398 197929.8095054  104703.42978377 137707.39837525
 128173.57891572 143144.16963365  86986.86159623  88374.82297025
 144222.90251092 164090.92146789 214772.96721193  79700.54225442
 168412.86858654 125139.32688556 173178.09529737 106949.48809484
  95796.31052228 120917.62846974  96603.95059287 149523.0813439
 156100.50945204 159800.88012741 105896.3961084  141769.3866917
 109759.60703805 159962.65581652 115219.99776369 105373.16363039
 102920.67524967  97359.34393699 121657.91976589 178753.27520802
 146978.01681516 142895.84615165 139947.74489848 128478.53781311
  91015.92929169 131334.4977803  101817.3198882  129671.0543482
 142333.09596271 153131.64010374 125512.63658877 207034.82502735
 168407.76119595 135545.0529492  117880.24436578 132906.34225728
 171994.24308407 126414.42516687 167848.58777859 105792.67633622
 150913.46821668 124876.28330951 143718.11918163 159998.14655406
 147342.02780292  76412.00286396  80833.27221301 136271.25916147
 132350.89425903 114781.9045485  169319.80207652 133979.60203575
 136666.76415078 139600.01593317 170774.88906993  91400.40967674
 184449.90964327 133377.93390392 196904.38384167 178260.52531282
 155613.9347966  220394.62492983 177770.51473437 185063.83237814
 207407.52607293 163963.05553889 179889.48737795 146836.14063385
 129865.06847405 143215.73387012 221430.29134671 118762.37671678
 181027.47010541 125611.90529859 144511.63376097 107355.7527729
 203358.9475205  173421.89035652 136906.27495728 147070.71610625
 132450.39269408 156718.00763988 113496.9762697  162553.3269769
 122625.05873034 183408.88503637 129004.42186395 169085.72691972
 151900.10918019 151662.39176975  81150.69135682 207573.0207122
 170921.86542363 188027.80242775 174441.23465052 147344.2220578
 173631.91828848  96906.15440291 125790.81635875 116628.46776142
 183989.80374333 174945.86208313 174311.27931506 144009.15712776
 129464.75192559  77396.67328619 193008.11653236 117148.71667735]
2025-06-24 16:03:30 INFO Expected Optimum FE: -5000
2025-06-24 16:03:30 INFO --- GNBG Problem Parameters for f18 ---
  Dimension: 30, MaxEvals: 1000000
  Search Bounds: [-100, 100]
  Number of Components: 5
  Known Optimum Value: -5000.000000
  Lambda (Curvature): [1 1 1 1 1]
  Mu (Asymmetry/Depth): [0.22159228 0.42314776 0.4901829  0.25862884 0.37043014 0.37440768
 0.26098797 0.491006   0.27569772 0.45404864]
----------------------------------------
2025-06-24 16:03:30 INFO Run function 19 complete. FEHistory len: 251, AOCC: 0.0000
2025-06-24 16:03:30 INFO FeHistory: [185037.91344166 342230.3748864  399799.84163291 278750.94129919
 218130.05953031 184969.98481375 230849.55244997 266173.94733535
 163019.38143977 190717.36290265 264273.69421236  98692.33474829
 339973.28056405 236731.24248194 159365.8937614  297168.83367013
 195252.91203094 231792.60721298 229817.97656789 147892.88669955
 333475.7926907  163093.37974206 254069.26188507 282405.02510995
 234040.6238729  279940.3970176  246650.98295289 219136.85083576
 290522.23612498 255800.11920515 200350.05064417 333200.4028423
 335645.50376546 212309.5888188  157438.18677956 181269.72892625
 177735.1816694  235766.05710087 162848.56041232 302200.32431554
 241800.63372887 175984.95424125 248276.11801663 205690.63360963
 229155.3355822  377733.27284375 220919.80635182 169003.80841848
 248962.29009518 186950.98714776 161128.69526021 252438.97944323
 283377.59283493 281367.12179077 183241.19987309 154574.1048068
 243921.87172941 222075.49756352 188175.84498868 215776.56471893
 219327.9992974  191036.27242661 261021.88207985 225132.9179941
 167484.37691289 203768.92066328 203379.8662824  202051.88252244
 217907.52084025 238573.81201177 375444.43339822 172864.81476591
 211846.56256607 212271.08036025 146164.06153959 236576.16568094
 124219.63766624 179401.9317063  290405.13716833 255393.57564677
 316952.9864959  292502.75600291 236984.12787091 218355.60048114
 229360.91339486 298301.07561968 237366.61861927 273684.2759382
 185588.73577072 282563.70268582 165419.64094279 138892.51305167
 242266.80151305 222406.23823254 177999.11564734 213356.80506224
 238789.52846481 260443.59800824 233532.00125656 306088.54940916
 332136.10536875 181391.23551344 186527.07526775 187166.96580016
 192489.71034193 275524.46986966 232293.46711026 285469.41431815
 151729.25007368 322252.24316552 136612.24344883 270512.0950248
 190060.19770435 364760.85410092 276997.61171878 282682.57401562
 203807.27851294 366598.2799179  266630.94401584 244415.91812066
 306200.7350955  219809.09988012 212477.13547618 212568.15826184
 145647.98319058 199445.86380706 297146.91569004 190096.19385027
 203090.41268494 178619.75688104 244835.38716973 382266.59049669
 236549.86437879 217980.97184448 257009.52318244 203973.89320802
 247306.45540377 155116.64531955 276361.57571364 248974.07749481
 276986.25160313 314083.33103656 274583.3480117  253754.26019964
 252065.70747708 182265.76718649 321639.24319846 349707.438257
 210438.70137008 289081.94148016 329615.57493927 302105.70204346
 330122.99207899 189294.1632851  149154.89449148 256988.76478827
 186009.41588138 337966.31091506 128491.06070319 260355.22363204
 256618.48328322 268596.02231166 126363.83995667 155431.28803786
 337546.24032042 209061.67281391 175508.53290829 181788.37608762
 304691.76700417 229099.0185387  211416.31726486 224128.45937625
 160097.61793848 228253.96685048 219861.10846448 226149.07471287
 207902.13339289 225153.00142468 241126.56885555 236120.94701863
 299521.66185803 191441.34651729 222804.41245973 307464.36002876
 356701.67439148 194586.99166476 256762.55918833 167858.09746427
 261149.4894167  286784.47252544 176829.38398033 364909.26444724
 296336.08504578 250072.07162711 238333.35110149 219749.82854189
 319903.43613049 153398.03360309 275825.08562966 243407.63291756
 181813.67409023 240760.17455707 321786.43497682 320637.13550829
 129562.92028582 357355.71891979 249649.39552909 193169.6461769
 324894.48674551 222134.23048886 370630.39559324 133931.80611046
 218423.71636102 231687.57362682 204022.39702691 194550.35405217
 217754.87622338 147321.68140253 253958.92658184 358659.62941991
 191282.91264641 218744.23615848 208765.96483259 176564.99716535
 287428.6316978  220352.34684104 194817.37963001 222535.73725456
 434444.11811527 243218.35373289 212950.12140152 211539.77590802
 253374.56905348 276264.60489813 262915.58283266 163545.14460447
 204385.23163702 329004.50453051 220675.72640757 254141.95108428
 184174.78297039 270892.86266674 144544.40549952 278098.21575528
 458722.64604733 262225.1912888  161611.42357718 193153.26390148
 219250.05292144 220706.94350128 229419.01507547]
2025-06-24 16:03:30 INFO Expected Optimum FE: -5000
2025-06-24 16:03:30 INFO Unimodal AOCC mean: nan
2025-06-24 16:03:30 INFO Multimodal (single component) AOCC mean: nan
2025-06-24 16:03:30 INFO Multimodal (multiple components) AOCC mean: 0.0000
2025-06-24 16:03:30 INFO AOCC mean: 0.0000
2025-06-24 16:03:30 INFO Weighed AOCC mean: nan
2025-06-24 16:03:30 ERROR Can not run the algorithm
2025-06-24 16:03:31 INFO Run function 18 complete. FEHistory len: 500, AOCC: 0.0000
2025-06-24 16:03:31 INFO FeHistory: [145685.81571724 162488.38793463 155548.81702071 178528.31799487
 219154.92926215 110408.13253795 176690.65751716 166418.24268719
 127496.34870968 165615.81345084 127712.26255157 174492.06279436
 191896.65006017 143474.71786999 196379.28486304 182565.51206864
 111227.04732021 146238.02778626 155807.55257585 160369.13228699
 148565.44586291 164907.97399227 165476.59267369 116376.0464556
 112089.05021858 162647.33218356 143745.41007298 171398.23751913
 120659.37222408 141872.38939727 158404.07561272 165010.13231472
 147008.35234824 163582.97042118 140055.43200493 127177.45483049
 148587.09322961 173505.4496553  193071.77056116 160709.01570086
 158185.39475856 145121.94817617 147961.47790065 110273.23593447
 204225.56190961 100938.44741076 126520.05086306 147185.34696103
 156742.46844711 124153.32519259 109139.94033896 171268.41022123
 178885.7149708  226722.15684581 166383.29718205 175937.85039062
 158047.72123867 150386.18863422 120208.86397877 189711.8091558
 169004.99253646 162229.08922998 254081.53517422 225608.09425716
 142826.61595205 200709.99379187 187237.54351796 139997.56245216
 118108.32131417 215356.47815031 166550.04153698 182163.4701193
 119204.51264548 219612.594479   179286.00686845 153075.98754796
 216957.96459514 113808.76833987 151150.36090524 141676.99000363
 166294.02811942 221577.7924372  178065.82902714 242149.98306645
 166957.60819718 224556.2701259  118726.44423708 145466.90956661
 259800.07214471 225839.59813138 142609.55421214 195825.43559419
 165244.65933041 193088.06269646 142843.91340962 216733.30700016
 164177.89737295 108226.19455411 181017.8984276  102749.0089673
 159256.91434877 144162.84707654 201051.53479152 172947.73983061
 138030.04130319 180944.19380151 132641.34967643 124682.24100198
 159554.23740614 188127.45156228 139123.54569122 122022.28805533
 169622.31808815 171042.06593545 117989.58487821 263730.31378425
 128645.4128979  126693.22164632 170186.58603432 144344.91486299
 140122.55421491 128475.33269291 127783.762283   140130.43132786
 164071.67646933 159740.51137789 115104.86212079 165318.1083276
 154776.48036424 124926.35026659 111179.63383556 166430.94801185
 153853.04312679 117875.32307306 155780.24365598 175145.02536769
 119867.42934462 155445.7753873  208800.13423149 142549.69012463
  75855.30853487 129694.6588778  131451.44026059 138132.67210802
 143919.02376898 159169.41431057 160452.55193567 147370.55411101
 161704.19452953 103554.88818296 185730.4746582  171556.36092718
 107272.23791385 182775.3309875  128731.31479506 199268.4053412
 172968.2721436  159687.99347657 148603.27722293 217249.12085675
 159543.3645418  128321.53845665 161576.3598232  169485.31446785
 110945.22190131 157180.98453371 185515.77344829 171845.27855266
 244892.75800927 114450.98975139 140972.5077103   96281.35254554
 171501.34005572 184477.48909623 202414.79686492 228869.21210259
 105634.36571077 193947.25580801 174131.9531554   99456.5781704
 139560.41924018 126197.73628495 229073.52774466 211363.4722529
 161257.24531935 169048.76061634 137272.24247682 120690.20108463
 192857.35932842 200226.72080236 120217.72182945 167094.94000986
 149488.45921899 122100.62234718 163592.5632459  159430.29843763
 188834.59710883 198001.17776247 170935.74007941 220693.86065887
 128070.24070513 132568.57638533 138652.97540239 114156.48770163
 155671.73229378 113652.50894339 142961.8882637  179831.42447735
 164267.85929991 220912.94029361 170624.67409899  89322.50556474
 133117.60753506 140405.85802135 181506.75456426 159590.61331019
 153321.30421757 176013.29712568 181554.1998028  246243.2374789
 163814.49830585 137420.94794199 139557.96327593 216176.46624142
 156686.37026108 191328.6969395  149251.39534743 173471.3355386
 132994.92754696 139121.61361047 119446.69974487 132386.53245803
 176016.9412102  139241.28025233 110966.82402832 123692.7368496
 190103.49023207 158159.03662253 138367.64641781 127698.70371678
 122841.74123228 218215.90406512 175497.85446862 147288.13120613
 255743.65848312 208892.34735906 119666.02854815 205093.26669623
 183359.61542768 205209.94945901 135695.60686335 229469.47304557
 192693.77476774 152856.71240444 209138.75549553 175231.93434163
 205253.93514422 167834.86732491 148260.80729902 191660.19542169
 177735.52131679  70924.38262822 183313.32131575 227897.07151594
 199715.55518736 218437.05310861 103970.67760416 149219.43739806
 167523.16413977 183390.23774347 204740.80787272 205368.16277722
 124851.96415884 122671.76892516 199733.79665367 171631.28619307
 157501.49307687 156302.34712839 192529.80244792 202736.31281573
 118506.42972911 146886.88776983 251669.27394782 132368.93483089
 147675.39639219 183806.69420921 188640.81803423 161474.49652031
 169076.15349481 213290.16007636 281515.39885976 134899.83668143
 188297.80226254 165959.82331166 124151.97058958 194844.87751797
 197816.56784691 216354.90301545 142516.052477   124917.98532506
 176477.72767481 153475.48868089 103514.7043395  138503.10088719
 164690.20607111 163298.48229018  94508.30673215 129649.33875013
 170871.96772813 185123.90694948 112730.63999151 232998.44375761
 148830.76960904 172481.74153896 129413.29781092  95704.35459889
 129641.44827594 146574.56621761 165310.72215124 166226.84148851
 155210.72511459  92062.52213577 153574.04775372 140276.52832432
 121517.3010344  105273.08268143 230898.94187807 175500.2704747
 158129.44862224 104243.9486117  172126.27009024 223674.38887952
 210151.69556023 191501.38809904 163939.59576823 159714.4353154
 179612.37972831 114608.41853859 170184.95566331 186699.28752115
 199768.61357999 182912.52040981 191521.65528095  88743.12238971
 175764.95989506 174853.91713236 222820.31513005 150833.52324266
 180823.49964351 188134.32599112 127921.81455422 146759.2173404
 141478.83239789 173572.60849727 136036.0465608  170978.75119626
 182858.45278343 157819.90719888 186099.26106181 228950.87101929
 174367.70100551 148130.31982057 210020.66033026 190120.20765918
 137883.72888743 210707.30609429 197375.35534904  99986.27800947
 197601.19162344 183521.70179525 162568.11308316 115826.96787352
 175410.19645977 168925.92221047 314061.69169949 184540.1180009
 162583.05057925 186881.23844613 164491.17335108 200067.62577691
 135667.14167304 259918.77834281 201027.23911364 111387.58393057
 133380.90640004 207360.54871356 178939.74282871 185673.71557513
 190582.87600187 101921.10402619 237634.94687473 191378.6029582
 155871.50327644 175211.55719431 187516.11095833 193221.75863521
 171827.49239086 126363.44534909 134604.26141729 129758.15332452
  92334.8670582   99313.60003081  79661.38967845 140286.05560257
 171070.21479273 160565.69965228 156942.38385149 149819.16217754
 129019.07858642 263512.06282503 173139.53496332 142154.86161986
 186468.97546188 251509.78604318 181152.21937908 173641.02146856
 173717.78131529 144105.43730021 194475.33357956 121434.32372461
 153435.76964692 165349.92575484 119243.32686359 199291.54725784
 198500.23827058 107692.04544345 229426.32682575 121875.65532071
 177748.54402172 184373.20377275 174102.67834351 114961.81253811
 117063.01576056 237351.35768867 127512.2494912  189553.03625649
 154715.03568607 163598.09915065 131186.33059252 136900.15181213
 131179.34526271 212546.83791456 188200.86521588 202124.69556267
  80174.51567123 150996.70692448  79859.90352666  93067.44558424
 141147.79725472 178995.38798798 145638.18766441 168363.59329419
 141125.16236515 120266.9333161   57446.30452181 207967.52309724
 118116.50925414 222029.67784722 198807.5740155  215421.42789891
 193589.39782698 134283.99788476 187285.40842043 184852.80045739
 243258.78552259 174991.66149618 273913.27740038 156809.91399045
 286296.39299582 128831.75423594 159828.30409921 150573.95884899
 210772.79254644 145027.48711344 196607.01826655 119451.73060136
 169855.21269924 119306.85916764 195585.95978138 178177.83746343
 265719.55327641 119072.96910016 277931.61642145 185039.79021479
 231662.88407929 113447.30902073 122238.10569761 192950.93131911
 200136.74170784 163048.84026318 221103.84180837 150301.524228
 134263.19868146 180662.10457327 192236.92516492 116700.98925241
 201631.02081255 228666.96231888 161048.0742546  155374.57935311]
2025-06-24 16:03:31 INFO Expected Optimum FE: -5000
2025-06-24 16:03:31 INFO --- GNBG Problem Parameters for f19 ---
  Dimension: 30, MaxEvals: 1000000
  Search Bounds: [-100, 100]
  Number of Components: 5
  Known Optimum Value: -5000.000000
  Lambda (Curvature): [1 1 1 1 1]
  Mu (Asymmetry/Depth): [0.5 0.5 0.5 0.5 0.5 0.5 0.5 0.5 0.5 0.5]
----------------------------------------
2025-06-24 16:03:32 ERROR Can not run the algorithm
2025-06-24 16:03:32 INFO Run function 19 complete. FEHistory len: 500, AOCC: 0.0000
2025-06-24 16:03:32 INFO FeHistory: [160652.06998157 251671.11907453 211028.39317634 207453.74513286
 157880.79624886 116449.56050785 123566.55342327 153851.16943959
 144318.91818874 137729.97910084 140552.00344142 187215.65361033
 168662.25688896 157605.75280704 140166.58674139 142432.11854996
 167318.13947381 189211.325001   190104.90957968 129963.30141249
 150110.39348317 243845.92360564 130847.48518234 201895.02871447
 128911.34106299 144868.7530624  119254.59662099 150618.67310766
 130512.43194065 114032.92168091 118291.40423142 242786.90064251
 209646.06858074 207668.49766432 145705.2976216  155701.17312219
 166113.91937593 115991.1193161  187568.81455085 197225.46878011
 127529.1494134  167942.94900918 180994.5461856  119090.41764548
 166388.8047017  214628.76630953 146394.57574467 144883.18791185
 122172.08575882 122408.30775376 298531.23459355 205668.09072642
 182262.40782795 173312.21066882 174796.25297379 166396.86940975
 198915.94765995 175349.35104125 206341.0050975  216496.4964457
 227492.55809947 155726.65621213 185301.50419561 201008.12568804
 183342.37771163 135171.78668003 206510.80547827 254189.98827346
 109468.28620769 187574.29983214 167870.27964472 230185.88328394
 183137.05414871 217706.87835374 103701.07636982 372141.65856569
  95123.30596078 168783.8546712  230714.88572109 198878.30427421
 142908.49800269 255441.60592991 264442.36335447 149118.88131379
 243004.70307132 133603.65892544 222936.86354809 231297.45616713
 198867.738397   129953.52783364 205479.81183855 162118.942644
 141401.28382214 308356.40140012 202582.75986328 230171.76623525
 130060.07878754 149183.90082814 223675.05452421 181667.66170508
 212269.84677826 151510.1456512  157115.08641757 120281.16534914
 195835.59691729 180787.0040658  163256.52920462 162437.35002906
 186405.78145756 181292.64263194 186016.68071921 209584.1445759
 249639.61199139 167274.57386256 128869.24506809 136211.05782663
 159322.21080011 192570.11570633 249403.64109104 192046.5591386
 116157.85954051 101441.33855128 133017.49435053 113861.98151843
 191858.70035718  93744.49846104 149976.05527628 284967.31687247
 106636.84775166 190789.3411862  174775.40254386  94738.47124099
 131614.16777917 239206.22034075  93422.76884976 111757.6710975
 103380.40834469 173450.20014819 161539.367501   124752.49574783
 244906.05537937 122019.39778984 130925.62738455 138248.54636463
 212541.87440851 216066.31950604 192797.15726449 193433.14221241
 178633.34073862 197435.26806842 142455.83541815 115644.746755
 286459.73268143 185277.21513049 290606.7584763  291673.88120593
 107519.27107081 141123.88653871 263447.68682867 253956.52297886
 137046.40663555 188392.88938932 202771.64187063 217659.45791908
 145982.18908994 134230.94798042 253078.87880484 148577.53026444
 227200.70006165 196889.5587052  204602.99921424 169829.52212483
 301626.08621099 315384.1559929  227810.59578076 131769.46999317
 129662.50263787 126988.16216764  90481.11589815 306150.15893344
 146444.19584001 219133.82468438 262786.6043385  140461.512721
 188708.97986988 244860.48443099 195199.28198129 122086.49020942
 258579.54355539 151808.22621868 236474.11456633 208404.24031496
 179982.48790654 141310.17950497 222774.77191845 171665.11604104
 223314.98540958 133693.42634341 183064.82040274 148871.82244768
 151941.54377593 103812.76149828 190546.92787989 172852.92897863
 183314.11330404 163799.88988726 124788.32478596 216460.64043904
 196885.09209672 138892.86732636 150684.96057754 167613.81235625
 127990.1857144  116116.46315365 189943.77524474  98863.63682263
 119897.15847389 199327.12147597 201799.75347221 118005.23167947
 110916.29704901 264541.71159048 165974.28589595 126920.9394614
 173057.84015892 124027.28686718 139791.67501172 123443.28278113
 162739.17256144 304458.51084512 226785.59082976 143327.46518051
 124311.40524302 137410.34856523 300069.64589957 274780.37659957
  98428.34046349 249914.21582236 123911.76833543 112652.93097575
 225667.83931704 170225.14794917 252200.75456436 120579.76333622
 221718.58283875 224381.53276606 182255.56917818 208479.14715993
 188578.76895669 216386.44603186 220549.12867657 151052.71050246
 201484.60195945 167185.79321725 279058.31245959 224433.9801792
 252732.41722618 251596.29987208 236683.34990509 220385.44526222
 232858.99103329 191603.25926565 285504.51451149 166716.99187458
 248052.14245617 255705.58065048 196071.4279581  161042.28686271
  98227.63599072 227374.20451825 243132.40141973 162866.17863617
 128103.99420065 167262.4383308  186095.55791405 169173.87622806
 148136.92882775 192761.29745845 262376.29130092 203982.11817793
 129916.79934729 200585.73756714 240359.97766544 243577.61185392
 173102.76652834 179171.57894006 152623.17108776 117713.03034499
 249091.19931078 205192.21843428 168917.7181528  181933.90481789
 161765.98399033 229573.9356225  130470.60814147 227242.96823584
 503104.24649592 169947.44271126 174980.35850785 195590.40684641
 156649.3330279  190526.88783871  88764.03217373 114294.9334997
 256414.21598878 160693.30759289 197420.67017979 113653.45075524
 190016.47282662 140947.65478486 143164.90732863 243587.54808431
 221295.81453265 217770.50526911 159136.52780896  87388.44259031
 153806.21882509 147564.56773517 113167.99202763 206921.9480177
 261684.37689015 145805.39380044 191749.56100034 168916.45850576
 154775.49334079 179233.02703622 103182.64847623 120947.09772771
 161074.09496715 121374.51128004 111434.23976148 176220.20376493
 261191.54455602 187165.41725977 125455.09413147 110500.28267466
 260678.17095386 184244.49376309 100657.86026753 273895.95699751
 133990.70615053  91649.70017037 151271.94895086 173907.00232038
 227620.02073981 141661.11934166 223401.53771469 161255.68253482
 172416.45819173 123753.56678226 185948.72890337 114554.92788485
 180229.20830025 259951.1490987  149737.6949664  185654.20972397
 272999.72208823 233496.67370258 266066.23106609 102403.99056746
 255781.45342255 157082.88939747 111316.40693541 221714.54688713
  92455.12696543 175823.1366608  290321.58254758 284077.24804065
 209333.28445661 115436.84655029 362397.40296194 213037.04205291
 222131.40968671 210226.62549273 191952.37672105 164994.71478006
 216580.71507189 265609.46248447 186829.1663036  225103.88012607
 163975.43588363 329428.7557883  257699.9328763  217670.75606473
 155919.68181656 186971.17244769 250627.91744942 136153.59252464
 152391.1098058  144775.23356306 323633.42635762 187711.40291776
 127651.1494936  132244.98880351 269473.40396694 189597.782597
 198758.03795582 246609.31776565 153934.60232317 249230.63521875
  96256.54690137 424585.17267357 156912.1169499  151743.01749893
 141885.13201661 134112.86321597 272091.73139792 157233.52782258
 228859.744679    79756.7440909  152077.07242538  97571.48161414
 214309.97177002 148193.20698836 159648.32169204 135286.87449306
 198004.71655091 218812.80784506 201319.5610387  251629.74466221
 197028.22605083 225509.60946229 107922.17285373 135000.66084247
 291190.12563768 204987.73926973 200709.18159768 157427.79294867
 144462.4863268  133028.73612618 192768.61030957 105251.99189221
 152015.91576606 242719.20269822 206455.62670846 166862.69664521
 240644.34684061  99098.08208964 117112.94109385 146025.54219728
 151826.58003872 169922.70892281  54742.10860596 185191.4149783
 202138.8182266  163447.06288609 127053.86006779 120782.54017051
 179716.69026225 122287.70516147 231276.16868227 188233.20738147
 200453.37203284 226257.28209139 137817.23658065 281792.97935159
 175098.17636543 238205.28752425 284290.44109222 175983.00976796
 167054.92646363 159100.79146119 315776.285855   177658.01912728
 137572.60432225 144839.93227718 107910.60627519 155977.27619701
 103422.27353951 208330.75444669 264800.85733342 228553.24092278
 138696.32135414 193123.3783423  229962.4115862  336836.64900693
 163276.67917467 225647.25644547 150490.03778166 171987.05228717
 182664.57838268  59493.93675705 110120.16097514 273976.58702722
 297591.90499085 222455.06999584 231214.80714384 254365.37418935
  95047.87978404 209309.72905002 175894.14335931 195499.69938479
 316575.81172912 213173.1934844  253919.8156885  120102.759037
 107131.3631599  205042.93807515 125918.31759296 162297.27103748]
2025-06-24 16:03:32 INFO Expected Optimum FE: -5000
2025-06-24 16:03:32 INFO Unimodal AOCC mean: nan
2025-06-24 16:03:32 INFO Multimodal (single component) AOCC mean: nan
2025-06-24 16:03:32 INFO Multimodal (multiple components) AOCC mean: 0.0000
2025-06-24 16:03:32 INFO AOCC mean: 0.0000
2025-06-24 16:03:32 INFO Weighed AOCC mean: nan
2025-06-24 16:04:22 INFO Run function 16 complete. FEHistory len: 150000, AOCC: 0.0000
2025-06-24 16:04:22 INFO FeHistory: [153030.25318993 149391.34647702 157761.49873042 ...  43438.40185913
  59329.43558177  83124.00641542]
2025-06-24 16:04:22 INFO Expected Optimum FE: -5000
2025-06-24 16:04:22 INFO --- GNBG Problem Parameters for f18 ---
  Dimension: 30, MaxEvals: 1000000
  Search Bounds: [-100, 100]
  Number of Components: 5
  Known Optimum Value: -5000.000000
  Lambda (Curvature): [1 1 1 1 1]
  Mu (Asymmetry/Depth): [0.22159228 0.42314776 0.4901829  0.25862884 0.37043014 0.37440768
 0.26098797 0.491006   0.27569772 0.45404864]
----------------------------------------
2025-06-24 16:05:13 INFO Run function 18 complete. FEHistory len: 150000, AOCC: 0.0000
2025-06-24 16:05:13 INFO FeHistory: [158754.90576053 186410.54845441 181798.39312815 ... 105141.74926758
 103314.09497413 148083.98403866]
2025-06-24 16:05:13 INFO Expected Optimum FE: -5000
2025-06-24 16:05:13 INFO --- GNBG Problem Parameters for f19 ---
  Dimension: 30, MaxEvals: 1000000
  Search Bounds: [-100, 100]
  Number of Components: 5
  Known Optimum Value: -5000.000000
  Lambda (Curvature): [1 1 1 1 1]
  Mu (Asymmetry/Depth): [0.5 0.5 0.5 0.5 0.5 0.5 0.5 0.5 0.5 0.5]
----------------------------------------
2025-06-24 16:06:03 INFO Run function 19 complete. FEHistory len: 150000, AOCC: 0.0000
2025-06-24 16:06:03 INFO FeHistory: [151402.07043077 193695.28118318 176395.40011133 ... 254098.03576285
 172889.37080773 148578.12347802]
2025-06-24 16:06:03 INFO Expected Optimum FE: -5000
2025-06-24 16:06:03 INFO Unimodal AOCC mean: nan
2025-06-24 16:06:03 INFO Multimodal (single component) AOCC mean: nan
2025-06-24 16:06:03 INFO Multimodal (multiple components) AOCC mean: 0.0000
2025-06-24 16:06:03 INFO AOCC mean: 0.0000
2025-06-24 16:06:03 INFO Weighed AOCC mean: nan
