2025-06-24 09:43:42 INFO --- GNBG Problem Parameters for f18 ---
  Dimension: 30, MaxEvals: 1000000
  Search Bounds: [-100, 100]
  Number of Components: 5
  Known Optimum Value: -5000.000000
  Lambda (Curvature): [1 1 1 1 1]
  Mu (Asymmetry/Depth): [0.22159228 0.42314776 0.4901829  0.25862884 0.37043014 0.37440768
 0.26098797 0.491006   0.27569772 0.45404864]
----------------------------------------
2025-06-24 09:43:42 INFO --- GNBG Problem Parameters for f18 ---
  Dimension: 30, MaxEvals: 1000000
  Search Bounds: [-100, 100]
  Number of Components: 5
  Known Optimum Value: -5000.000000
  Lambda (Curvature): [1 1 1 1 1]
  Mu (Asymmetry/Depth): [0.22159228 0.42314776 0.4901829  0.25862884 0.37043014 0.37440768
 0.26098797 0.491006   0.27569772 0.45404864]
----------------------------------------
2025-06-24 09:43:42 INFO --- GNBG Problem Parameters for f18 ---
  Dimension: 30, MaxEvals: 1000000
  Search Bounds: [-100, 100]
  Number of Components: 5
  Known Optimum Value: -5000.000000
  Lambda (Curvature): [1 1 1 1 1]
  Mu (Asymmetry/Depth): [0.22159228 0.42314776 0.4901829  0.25862884 0.37043014 0.37440768
 0.26098797 0.491006   0.27569772 0.45404864]
----------------------------------------
2025-06-24 09:43:42 ERROR Can not run the algorithm
2025-06-24 09:43:42 INFO Run function 18 complete. FEHistory len: 600, AOCC: 0.0000
2025-06-24 09:43:42 INFO FeHistory: [188691.17697484 124537.803912   139337.06335099 138230.27132091
 148760.34131711 112128.44930326 138590.85456427 175493.68210328
 130403.26904374 197999.9411286  119271.46003525 165954.18287654
 159979.18633047  94734.55690796 122593.24094375 120208.7615985
  81978.15854575 104532.80424187 119588.30774184 113383.90677169
 192862.43349154 185227.28595199 205052.40398173 161428.46852153
 156979.11569774 158832.55730163 159413.78746607 144440.75943702
 156681.80970752 183576.3301291  108765.48786729 146972.24993634
 134925.51495749 134692.04521795 157128.62325104 173771.00109866
 170784.14182026 141792.20898885 197185.15162585 139105.7801088
 153465.47682676 109099.92718975 170812.03081854 127290.24361323
 167544.92404581 140151.19565856 140883.10719591 149000.25169169
  99551.68116422 261157.12196656 121142.77875466 192806.42342426
  72449.19670568 206113.95560056 175707.19685668 132317.00187687
 189006.81364382 187413.47739874 179329.02862771 168489.33875404
 281936.24554002 113632.53272404 142555.69617638  72647.93975679
 141232.43782448 151229.29035335 196151.76467226 105870.14241772
 103425.79125908 120190.91021713 197003.80684721 149880.49613957
 130546.75107994 156878.68790151 164291.84344335 178113.93945764
 152931.75889816 170439.55943882 123422.37899291 126192.57008496
 126608.93309657 107748.16503923 133384.47601934 106936.39272269
 102585.91886521 133533.21233175 176237.93576482 174556.59760704
 165359.64493461 132860.99045667 124289.30070047 210678.30284315
 110675.36024948 142379.00541692 220024.7996659  193988.87143407
 120114.98053808 129682.86339646 167047.37435225 112931.48547846
 102858.7416123  152309.16131816 130861.87131217 158654.7127431
 153509.88039139 197154.39771998 131636.27351123  89947.91557278
 162908.98916178 150255.48114395 152616.35417299 164906.56440018
 137085.62312014 114600.29971463 190073.24288912 156404.28406834
 104806.99513108 138463.3855535  147319.44956914 208360.24176688
 112201.08120235 133910.81853327 159337.01379189 147266.18508625
 102044.71872949 158587.29662652 133721.65990124 183979.14729724
 124410.1682538  123914.72874926 149731.48292771 151040.53738452
 109112.7478508  155622.44871146 100459.08842985 127157.26375281
 136177.74883122 162827.44940916 167302.20664261 129534.85663964
 157073.23830319 148724.36921704  82862.81203659 169469.38977304
 138834.37725492 136554.84966826 132063.5824272  174258.21429564
 137244.73982092 115810.7333414  116096.1885104   88952.14920634
 162886.52097103 139442.50701713 138164.50783078 152908.63569081
 130931.23424154 182674.29610433 209761.86040054  91346.6022304
 172631.59150018 245669.32835682 115806.6614611  147558.44668124
 116450.11434325 123798.83639881  90881.43156376 123262.59985945
 171619.95131025 128210.71856526 227915.18120901 128931.99469428
 186305.49677049 115051.86535614 135733.92759378 136912.20477419
 175496.6982143  189478.28027268 163545.81055195 128249.953864
  94615.15392617 119466.99946071 163198.16576986 212619.49907641
 125929.2032218  203469.95644837 190476.27492473 147361.69325396
  98136.48100568 215776.07252023 160905.78742361 196524.65037608
 158500.20201314 157710.09335339 157134.96072611 128857.49886379
 231631.61384549 123091.78905664 177451.68149999 136619.23785328
 125168.19151315 159255.76090491 175139.97970662 157532.30879835
 121504.93667557 159338.01189939 184952.83262546 153029.03403349
 169293.02487567 202664.8237507  142976.27930461 106886.43540492
 158984.43919511 182097.91075154 107036.79855704  91190.58789046
 145086.85168527 134291.16804397 210463.12424488 247939.09074493
 161530.35118057 126668.17248856  96128.49863187 231612.81437378
  72710.43044439 142036.94208032 117915.71849036  94596.36198825
 175718.48140141 185346.49984874 110104.96005143 152204.39873449
  66520.49991694 106253.11393059 166281.20930734 159107.54840515
 107488.78692227 122046.02038082 193234.05858616 141829.44739871
 146131.85115018 209256.2920308  151618.63902773 126160.72962877
 130359.37984439 115380.89520267 149978.1698666  130671.12149799
 157241.51209881 169243.15559622 175410.55765562 101866.58088293
 157497.7057838  162976.3852495  119921.09499675 144494.11167263
 181042.45358813 169781.97845454 117594.5954486   98920.75005069
 130991.96462798 146758.80221856 189554.28879139 122306.40345508
 106804.84190749 224352.81334228 182958.85469632 136062.84312817
 190714.88255189 135784.01518999 149001.5006372  254446.7214653
 117479.64485853 160298.92689335 131491.58574675 178203.12828931
 141986.4595229   72408.01783614 200273.83065732 200449.31853756
 136369.42778113 148011.85800741 123572.47603223 201741.90005311
 127000.44731031 101743.65283817  87497.38798805 134210.81932239
 133486.68649444 209119.71608776 219600.68110645 135402.85212825
 129762.05495462 226140.66560627 195507.65862855 152434.39921592
 111298.58144745 117760.68798041 161550.4368116  155979.12076174
 195492.23119873 136347.57773905 117346.24431065 109834.99115714
 166779.40119761 145251.9198796  174225.38856455 155267.86745187
 124168.25830992 153891.83278207 229823.94446271 141258.83665763
 177227.68755994 148222.45688786 134823.18820507  83167.28424752
 180057.22029824 102197.93014527 144863.70322824 129143.81038775
 180119.43836838 190524.42879316 125096.36998022 106291.53546838
 113826.73241284 136653.26721704 118668.53070171 144506.3091495
 137736.70330999 179862.76259911 130003.37941743 140131.81183588
 131492.72584397 200976.42947888 177099.08692667 178574.01077367
 152945.46035595  92253.9025987  257567.43477105 112965.24564126
 189104.92939733 145280.45792548 181100.44896403  88513.57634052
 120776.57701307 144927.90846372 146883.12238437 179416.1138904
  93612.17811011 170084.31169278  94968.60809394 164215.47058369
 136705.86897437 152100.0097185  156732.98300368 151965.89116329
 145954.06179721 151815.2536447  149430.39409337 144959.67710835
 180015.09395672  86751.54980423  97729.14030564  90562.66401164
 107587.46666003 186339.22682815 162005.73645408 114945.60941186
 137221.95213701 120911.85824642 118627.42529705 160789.50209094
 148472.94222817 109089.03317788 171407.41642175 113986.35051578
 150820.23091303 167626.55282579 106091.48528667 124158.59582531
 134370.7022104  152412.84766119 176619.82363994 123096.03597765
 149799.00360519 138508.66141478 118820.71583069 139587.33708884
 237069.86514309 103330.43436451 172693.62696237 166520.78908886
 141022.52973518 100158.51711418 110578.50488136 209401.01424852
 113999.34313272 146335.17663807 151375.78287962 128381.16622578
 237154.2855359  113446.80570257 134927.35291912  88082.11110782
 148340.28615864 132190.22101655 183574.56173718  68878.33387086
 140992.56827571  96435.37337786 212317.15174348 135803.19585538
 126405.14227269 120109.80565499 106773.1037463   91792.94912397
 103381.51536064 125443.01980879 109602.57056931 121047.88845911
 128160.29504894 186174.99281345 175572.79930593 118270.03392341
  70957.33411098 143528.8377712  209876.47375368 122017.24443064
 135616.49537189 172813.56631314 131060.94846257  89625.61098295
 150199.51682914 175031.05216954 112633.75149731 123986.26828579
 115373.99955422 163029.55849836 135841.66930299 156681.85755016
 169207.91864189 106796.60271873 172910.95574439 214445.41800746
 152349.79443837  68456.76349253 161449.82047075 111195.92552142
 106957.96495748 151388.39712757 107490.21117358  72017.46102947
 199527.2501295  128362.80821061 140003.11223768 159516.31588166
 135660.65984415 136153.24341805 135572.38134224 113814.94795108
 173695.46942123  75291.93049237 157498.10928337 163497.06594916
 107263.81617578 158641.35139482 164007.73075601 114422.74806068
 181576.59272836 152352.45274656 144533.82760343 128516.05453898
 113238.07319825  74700.29361786 101309.17357047 143445.60904799
 173180.84889576 151703.03988262  87507.40290323 116037.80284795
 144378.69006541 124983.31274613  80489.58974196 143405.31708349
 116296.02567574 175642.78071824 126909.04723782 163966.44252035
 147776.20825277 164307.99419256  96441.42266211 137936.65369412
 212932.60806031 188267.61662146 115269.57826724 170180.38549825
 146283.34590118 110903.80244165 109868.91123784 167484.90147225
 120683.92641075  84596.07702005 190033.54542089 176706.57371824
 187956.48254684 147284.40637834 124033.39457309 155546.5830517
 105613.00537625 129858.27492478 114485.03396202 171516.47104144
 147341.86158453 160727.98076756 100668.1261546  181714.6671101
 177879.85355575 109034.88676609 183497.37088346 153384.42946233
 131937.55523056 141759.3464688   83229.2653942  178533.12664142
 109521.08045006 115050.72137891 161765.59721777 105495.06022537
 181444.46720753 174082.31588105 116154.6600625  129340.00866124
 172865.13210617 161622.10674481 169230.61991804 137067.94090586
  96363.46600126  94460.64837695 159705.06286914 150610.7183077
 181665.52933407 145665.36355271 140658.83747395 122501.83793609
 146265.71454656 161565.02736169 152260.15014692 187487.44997421
 115602.89823949 132826.24461724 140139.17826333 156856.92133931
 164334.80787567 127016.91310101 141977.66980398 203267.67246496
 143602.08788609 160916.7210865  130343.17371824 123629.37687496
 168069.38431222 113820.21117869 141991.85301898  89393.65141622
 154175.08078706 119132.82472964 133041.20166566 135310.13607544
 126274.86880047 135773.15589667 199436.72681392  95638.27743586
 131898.20523464 111753.20434946 188591.74108003 132175.1363702
 171671.89639713  63979.62498048 121749.76740045 111553.10058539
 136551.05908287 173146.80637332 127374.85793728 113530.05048545
  73368.4284105  122709.85276808 132598.59568135 113123.58518561
 142602.04579316 160082.81228151 170759.5231945  141897.87392302
 137954.62369095 167048.19500356 179020.19108918 194772.3413277
 102880.57235192 111387.22316927 157972.47699597 136609.37926597]
2025-06-24 09:43:42 INFO Expected Optimum FE: -5000
2025-06-24 09:43:42 INFO Unimodal AOCC mean: nan
2025-06-24 09:43:42 INFO Multimodal (single component) AOCC mean: nan
2025-06-24 09:43:42 INFO Multimodal (multiple components) AOCC mean: 0.0000
2025-06-24 09:43:42 INFO AOCC mean: 0.0000
2025-06-24 09:43:42 INFO Weighed AOCC mean: nan
2025-06-24 09:44:05 ERROR Can not run the algorithm
2025-06-24 09:44:05 INFO Run function 18 complete. FEHistory len: 18006, AOCC: 0.0000
2025-06-24 09:44:05 INFO FeHistory: [137271.76675637 157285.62213806 176138.27853355 ...  79435.17749147
  28932.41688208 136818.08045906]
2025-06-24 09:44:05 INFO Expected Optimum FE: -5000
2025-06-24 09:44:05 INFO Unimodal AOCC mean: nan
2025-06-24 09:44:05 INFO Multimodal (single component) AOCC mean: nan
2025-06-24 09:44:05 INFO Multimodal (multiple components) AOCC mean: 0.0000
2025-06-24 09:44:05 INFO AOCC mean: 0.0000
2025-06-24 09:44:05 INFO Weighed AOCC mean: nan
