2025-06-20 17:31:37 INFO Initializing first population
2025-06-20 17:31:37 INFO Initializing population from 4 seed files...
2025-06-20 17:31:37 INFO --- GNBG Problem Parameters for f4 ---
  Dimension: 30, MaxEvals: 500000
  Search Bounds: [-100, 100]
  Number of Components: 1
  Known Optimum Value: -382.620521
  Lambda (Curvature): [1]
  Mu (Asymmetry/Depth): [0 0]
----------------------------------------
2025-06-20 17:31:37 INFO Run function 4 complete. FEHistory len: 10, AOCC: 0.0000
2025-06-20 17:31:37 INFO FeHistory: [802411.24135507 824777.42560237 890514.17727905 880258.25983383
 745050.92615471 800396.52287564 705467.4406292  993524.80108012
 646440.18780021 845321.692228  ]
2025-06-20 17:31:37 INFO Expected Optimum FE: -382.6205211774271
2025-06-20 17:31:37 INFO --- GNBG Problem Parameters for f7 ---
  Dimension: 30, MaxEvals: 500000
  Search Bounds: [-100, 100]
  Number of Components: 1
  Known Optimum Value: -912.857374
  Lambda (Curvature): [1]
  Mu (Asymmetry/Depth): [0.2 0.2]
----------------------------------------
2025-06-20 17:31:37 INFO Run function 7 complete. FEHistory len: 10, AOCC: 0.0000
2025-06-20 17:31:37 INFO FeHistory: [241593.64842569 250564.51659068 258908.12816064 233746.3007736
 203633.46025951 311648.62906343 314331.62648019 253608.5018276
 201552.72685076 233974.14461874]
2025-06-20 17:31:37 INFO Expected Optimum FE: -912.8573739743372
2025-06-20 17:31:37 INFO --- GNBG Problem Parameters for f8 ---
  Dimension: 30, MaxEvals: 500000
  Search Bounds: [-100, 100]
  Number of Components: 1
  Known Optimum Value: -656.788998
  Lambda (Curvature): [1]
  Mu (Asymmetry/Depth): [0.2 0.2]
----------------------------------------
2025-06-20 17:31:37 INFO Run function 8 complete. FEHistory len: 10, AOCC: 0.0000
2025-06-20 17:31:37 INFO FeHistory: [133907.58726697 266817.01876973 262016.83689605 229412.24215973
 197767.77001917 318499.10496164 277569.01914675 262746.22793041
 220080.98517339 222564.41773813]
2025-06-20 17:31:37 INFO Expected Optimum FE: -656.7889979935655
2025-06-20 17:31:37 INFO --- GNBG Problem Parameters for f24 ---
  Dimension: 30, MaxEvals: 1000000
  Search Bounds: [-100, 100]
  Number of Components: 5
  Known Optimum Value: -100.000000
  Lambda (Curvature): [0.25 0.25 0.25 0.25 0.25]
  Mu (Asymmetry/Depth): [0.44142637 0.27898903 0.25803028 0.21978833 0.39183826 0.42051979
 0.35740109 0.43165341 0.47744239 0.47234476]
----------------------------------------
2025-06-20 17:31:37 INFO Run function 24 complete. FEHistory len: 10, AOCC: 0.0000
2025-06-20 17:31:37 INFO FeHistory: [218.77195074 197.53452306 185.02710967 193.15161379 158.36747636
 232.18112796 204.55261793 190.81111172 172.38872907 193.04968577]
2025-06-20 17:31:37 INFO Expected Optimum FE: -100
2025-06-20 17:31:37 INFO Multimodal (single component) AOCC mean: 0.0000
2025-06-20 17:31:37 INFO AOCC mean: 0.0000
2025-06-20 17:31:37 INFO --- GNBG Problem Parameters for f4 ---
  Dimension: 30, MaxEvals: 500000
  Search Bounds: [-100, 100]
  Number of Components: 1
  Known Optimum Value: -382.620521
  Lambda (Curvature): [1]
  Mu (Asymmetry/Depth): [0 0]
----------------------------------------
2025-06-20 17:31:37 ERROR Can not run the algorithm
2025-06-20 17:31:37 INFO Run function 4 complete. FEHistory len: 1, AOCC: 0.0000
2025-06-20 17:31:37 INFO FeHistory: [851383.26185764]
2025-06-20 17:31:37 INFO Expected Optimum FE: -382.6205211774271
2025-06-20 17:31:37 INFO --- GNBG Problem Parameters for f7 ---
  Dimension: 30, MaxEvals: 500000
  Search Bounds: [-100, 100]
  Number of Components: 1
  Known Optimum Value: -912.857374
  Lambda (Curvature): [1]
  Mu (Asymmetry/Depth): [0.2 0.2]
----------------------------------------
2025-06-20 17:31:37 ERROR Can not run the algorithm
2025-06-20 17:31:37 INFO Run function 7 complete. FEHistory len: 1, AOCC: 0.0000
2025-06-20 17:31:37 INFO FeHistory: [113439.45858146]
2025-06-20 17:31:37 INFO Expected Optimum FE: -912.8573739743372
2025-06-20 17:31:37 INFO --- GNBG Problem Parameters for f8 ---
  Dimension: 30, MaxEvals: 500000
  Search Bounds: [-100, 100]
  Number of Components: 1
  Known Optimum Value: -656.788998
  Lambda (Curvature): [1]
  Mu (Asymmetry/Depth): [0.2 0.2]
----------------------------------------
2025-06-20 17:31:37 ERROR Can not run the algorithm
2025-06-20 17:31:37 INFO Run function 8 complete. FEHistory len: 1, AOCC: 0.0000
2025-06-20 17:31:37 INFO FeHistory: [148657.92970567]
2025-06-20 17:31:37 INFO Expected Optimum FE: -656.7889979935655
2025-06-20 17:31:37 INFO --- GNBG Problem Parameters for f24 ---
  Dimension: 30, MaxEvals: 1000000
  Search Bounds: [-100, 100]
  Number of Components: 5
  Known Optimum Value: -100.000000
  Lambda (Curvature): [0.25 0.25 0.25 0.25 0.25]
  Mu (Asymmetry/Depth): [0.44142637 0.27898903 0.25803028 0.21978833 0.39183826 0.42051979
 0.35740109 0.43165341 0.47744239 0.47234476]
----------------------------------------
2025-06-20 17:31:37 ERROR Can not run the algorithm
2025-06-20 17:31:37 INFO Run function 24 complete. FEHistory len: 1, AOCC: 0.0000
2025-06-20 17:31:37 INFO FeHistory: [211.4811499]
2025-06-20 17:31:37 INFO Expected Optimum FE: -100
2025-06-20 17:31:37 INFO Multimodal (single component) AOCC mean: 0.0000
2025-06-20 17:31:37 INFO AOCC mean: 0.0000
2025-06-20 17:31:37 INFO --- GNBG Problem Parameters for f4 ---
  Dimension: 30, MaxEvals: 500000
  Search Bounds: [-100, 100]
  Number of Components: 1
  Known Optimum Value: -382.620521
  Lambda (Curvature): [1]
  Mu (Asymmetry/Depth): [0 0]
----------------------------------------
2025-06-20 17:31:37 INFO Run function 4 complete. FEHistory len: 10, AOCC: 0.0000
2025-06-20 17:31:37 INFO FeHistory: [ 871349.13375016  900572.11370399  532214.06917034  682684.3186952
  976624.76407149  520043.76450814  801045.49726661  855198.31580191
 1029423.88037827  774212.11957385]
2025-06-20 17:31:37 INFO Expected Optimum FE: -382.6205211774271
2025-06-20 17:31:37 INFO --- GNBG Problem Parameters for f7 ---
  Dimension: 30, MaxEvals: 500000
  Search Bounds: [-100, 100]
  Number of Components: 1
  Known Optimum Value: -912.857374
  Lambda (Curvature): [1]
  Mu (Asymmetry/Depth): [0.2 0.2]
----------------------------------------
2025-06-20 17:31:37 INFO Run function 7 complete. FEHistory len: 10, AOCC: 0.0000
2025-06-20 17:31:37 INFO FeHistory: [205363.91662737 172131.05207805 275445.11102828 171888.00921233
 234428.68229981 239934.34234384 252285.54383781 296519.38617236
 132285.43664139 202780.38192301]
2025-06-20 17:31:37 INFO Expected Optimum FE: -912.8573739743372
2025-06-20 17:31:37 INFO --- GNBG Problem Parameters for f8 ---
  Dimension: 30, MaxEvals: 500000
  Search Bounds: [-100, 100]
  Number of Components: 1
  Known Optimum Value: -656.788998
  Lambda (Curvature): [1]
  Mu (Asymmetry/Depth): [0.2 0.2]
----------------------------------------
2025-06-20 17:31:37 INFO Run function 8 complete. FEHistory len: 10, AOCC: 0.0000
2025-06-20 17:31:37 INFO FeHistory: [262284.17063082 182348.44563295 176366.82740213 234653.41679185
 169841.52109837 201038.64535541 203845.670217   174086.44076392
 147789.1677462  198694.27206986]
2025-06-20 17:31:37 INFO Expected Optimum FE: -656.7889979935655
2025-06-20 17:31:37 INFO --- GNBG Problem Parameters for f24 ---
  Dimension: 30, MaxEvals: 1000000
  Search Bounds: [-100, 100]
  Number of Components: 5
  Known Optimum Value: -100.000000
  Lambda (Curvature): [0.25 0.25 0.25 0.25 0.25]
  Mu (Asymmetry/Depth): [0.44142637 0.27898903 0.25803028 0.21978833 0.39183826 0.42051979
 0.35740109 0.43165341 0.47744239 0.47234476]
----------------------------------------
2025-06-20 17:31:37 INFO Run function 24 complete. FEHistory len: 10, AOCC: 0.0000
2025-06-20 17:31:37 INFO FeHistory: [170.03990173 208.25724166 226.53301427 193.7057583  158.58777601
 208.27314783 213.81465123 181.18846639 194.41524424 166.91858349]
2025-06-20 17:31:37 INFO Expected Optimum FE: -100
2025-06-20 17:31:37 INFO Multimodal (single component) AOCC mean: 0.0000
2025-06-20 17:31:37 INFO AOCC mean: 0.0000
2025-06-20 17:31:37 INFO --- GNBG Problem Parameters for f4 ---
  Dimension: 30, MaxEvals: 500000
  Search Bounds: [-100, 100]
  Number of Components: 1
  Known Optimum Value: -382.620521
  Lambda (Curvature): [1]
  Mu (Asymmetry/Depth): [0 0]
----------------------------------------
2025-06-20 17:31:37 INFO Run function 4 complete. FEHistory len: 10, AOCC: 0.0000
2025-06-20 17:31:37 INFO FeHistory: [ 957407.05195831  907263.02716704  611094.40137515 1138881.82030119
  730072.88603334  749520.06352446  842855.62674114  718879.25443021
 1086191.59295069 1093910.49368502]
2025-06-20 17:31:37 INFO Expected Optimum FE: -382.6205211774271
2025-06-20 17:31:37 INFO --- GNBG Problem Parameters for f7 ---
  Dimension: 30, MaxEvals: 500000
  Search Bounds: [-100, 100]
  Number of Components: 1
  Known Optimum Value: -912.857374
  Lambda (Curvature): [1]
  Mu (Asymmetry/Depth): [0.2 0.2]
----------------------------------------
2025-06-20 17:31:37 INFO Run function 7 complete. FEHistory len: 10, AOCC: 0.0000
2025-06-20 17:31:37 INFO FeHistory: [234421.79703701 175528.31461736 213175.87700443 206732.88848613
 121458.02490094 222145.67442542 213648.19533657 235161.96971752
 173926.81963251 197184.86946149]
2025-06-20 17:31:37 INFO Expected Optimum FE: -912.8573739743372
2025-06-20 17:31:37 INFO --- GNBG Problem Parameters for f8 ---
  Dimension: 30, MaxEvals: 500000
  Search Bounds: [-100, 100]
  Number of Components: 1
  Known Optimum Value: -656.788998
  Lambda (Curvature): [1]
  Mu (Asymmetry/Depth): [0.2 0.2]
----------------------------------------
2025-06-20 17:31:37 INFO Run function 8 complete. FEHistory len: 10, AOCC: 0.0000
2025-06-20 17:31:37 INFO FeHistory: [198232.19324924 158065.35242338 148163.92495107 216846.01366054
 174358.35388706 109760.97960696 173302.74817714 248500.11722915
 169594.73440856 168693.61445383]
2025-06-20 17:31:37 INFO Expected Optimum FE: -656.7889979935655
2025-06-20 17:31:37 INFO --- GNBG Problem Parameters for f24 ---
  Dimension: 30, MaxEvals: 1000000
  Search Bounds: [-100, 100]
  Number of Components: 5
  Known Optimum Value: -100.000000
  Lambda (Curvature): [0.25 0.25 0.25 0.25 0.25]
  Mu (Asymmetry/Depth): [0.44142637 0.27898903 0.25803028 0.21978833 0.39183826 0.42051979
 0.35740109 0.43165341 0.47744239 0.47234476]
----------------------------------------
2025-06-20 17:31:37 INFO Run function 24 complete. FEHistory len: 10, AOCC: 0.0000
2025-06-20 17:31:37 INFO FeHistory: [162.83753764 170.1978176  161.74239152 172.42671578 168.99564941
 164.08487873 177.00929722 177.12290822 208.13228349 160.36943343]
2025-06-20 17:31:37 INFO Expected Optimum FE: -100
2025-06-20 17:31:37 INFO Multimodal (single component) AOCC mean: 0.0000
2025-06-20 17:31:37 INFO AOCC mean: 0.0000
2025-06-20 17:31:37 INFO Started evolutionary loop, best so far: 0.0
2025-06-20 17:31:37 INFO --- Performing Long-Term Reflection at Generation 1 ---
2025-06-20 17:31:43 INFO Full response text: **Analysis:**

Comparing AdaptiveGaussianSamplingEA (best) vs AdaptiveGaussianMutationDE (worst), we see that AdaptiveGaussianSamplingEA uses adaptive Gaussian sampling for population initialization, centering the initial population around a random point and gradually shrinking the variance.  This targeted approach contrasts with AdaptiveGaussianMutationDE's simple uniform random initialization, which lacks focus in a high-dimensional space.  AdaptiveGaussianSamplingEA also incorporates adaptive mutation, adjusting the mutation strength based on the search progress, which is absent in AdaptiveGaussianMutationDE.


AdaptiveMultimodalOptimizerImproved (second best) vs EnhancedArchiveGuidedDE (third best) show different optimization strategies. AdaptiveMultimodalOptimizerImproved employs local search with simulated annealing and adaptive perturbation to escape local optima. In contrast, EnhancedArchiveGuidedDE uses differential evolution with an archive to maintain population diversity and guide the search.  Both methods are more sophisticated than the simple random initialization and mutation used in the worst-performing algorithms.


Comparing AdaptiveGaussianSamplingEA (1st) vs AdaptiveMultimodalOptimizerImproved (2nd), we see that AdaptiveGaussianSamplingEA uses a population-based approach with recombination and selection, promoting exploration and exploitation efficiently. AdaptiveMultimodalOptimizerImproved focuses on local search around a single solution, potentially getting stuck in local optima more easily, especially in high dimensions.


AdaptiveGaussianMutationDE (3rd) vs EnhancedArchiveGuidedDE (4th) reveals a difference in how they adapt their parameters. AdaptiveGaussianMutationDE adjusts the mutation scale, while EnhancedArchiveGuidedDE adapts the scaling factor in its differential evolution operator. However, both suffer from potentially less effective exploration than AdaptiveGaussianSamplingEA, resulting in suboptimal performance.


Comparing AdaptiveMultimodalOptimizerImproved (second worst) vs AdaptiveGaussianMutationDE (worst), we observe that AdaptiveMultimodalOptimizerImproved employs a more sophisticated exploration mechanism, using adaptive perturbation and local search. AdaptiveGaussianMutationDE is simpler, lacking any strategy to improve initial exploration beyond a random sample.


Overall: The top two algorithms leverage adaptive mechanisms for both initialization and parameter tuning, resulting in superior performance. The inferior algorithms rely on less sophisticated initialization and parameter adaptation, hindering their exploration of the high-dimensional search space.


**Experience:**

Designing effective initialization requires considering the search space characteristics. Adaptive sampling strategies, coupled with mechanisms for handling high dimensionality and promoting diversity, are crucial for robust performance in complex optimization problems.  Adaptive parameter control further enhances the algorithm's ability to navigate the search landscape.

2025-06-20 17:31:43 INFO Generating offspring via Crossover...
2025-06-20 17:31:54 INFO --- GNBG Problem Parameters for f4 ---
  Dimension: 30, MaxEvals: 500000
  Search Bounds: [-100, 100]
  Number of Components: 1
  Known Optimum Value: -382.620521
  Lambda (Curvature): [1]
  Mu (Asymmetry/Depth): [0 0]
----------------------------------------
2025-06-20 17:31:54 INFO Run function 4 complete. FEHistory len: 10, AOCC: 0.0000
2025-06-20 17:31:54 INFO FeHistory: [1004638.25472776  786900.82170504  746957.93465821 1069283.06359555
 1008403.89769778  705388.21773961  873982.27738449  765591.85239687
  872542.55718418  503085.61879812]
2025-06-20 17:31:54 INFO Expected Optimum FE: -382.6205211774271
2025-06-20 17:31:54 INFO --- GNBG Problem Parameters for f7 ---
  Dimension: 30, MaxEvals: 500000
  Search Bounds: [-100, 100]
  Number of Components: 1
  Known Optimum Value: -912.857374
  Lambda (Curvature): [1]
  Mu (Asymmetry/Depth): [0.2 0.2]
----------------------------------------
2025-06-20 17:31:54 INFO Run function 7 complete. FEHistory len: 10, AOCC: 0.0000
2025-06-20 17:31:54 INFO FeHistory: [150077.69369062 293282.66311702 202064.43008316 281659.70479581
 260600.74466105 267505.02262847 243946.73073405 228795.80245548
 209692.65469964 235591.18286424]
2025-06-20 17:31:54 INFO Expected Optimum FE: -912.8573739743372
2025-06-20 17:31:54 INFO --- GNBG Problem Parameters for f8 ---
  Dimension: 30, MaxEvals: 500000
  Search Bounds: [-100, 100]
  Number of Components: 1
  Known Optimum Value: -656.788998
  Lambda (Curvature): [1]
  Mu (Asymmetry/Depth): [0.2 0.2]
----------------------------------------
2025-06-20 17:31:54 INFO Run function 8 complete. FEHistory len: 10, AOCC: 0.0000
2025-06-20 17:31:54 INFO FeHistory: [156417.90924993 150044.13186431 185516.72409222  79477.48127576
 165051.98488001 119118.21977578  87939.85435988 189152.89397664
 161638.11676371 131808.36500033]
2025-06-20 17:31:54 INFO Expected Optimum FE: -656.7889979935655
2025-06-20 17:31:54 INFO --- GNBG Problem Parameters for f24 ---
  Dimension: 30, MaxEvals: 1000000
  Search Bounds: [-100, 100]
  Number of Components: 5
  Known Optimum Value: -100.000000
  Lambda (Curvature): [0.25 0.25 0.25 0.25 0.25]
  Mu (Asymmetry/Depth): [0.44142637 0.27898903 0.25803028 0.21978833 0.39183826 0.42051979
 0.35740109 0.43165341 0.47744239 0.47234476]
----------------------------------------
2025-06-20 17:31:54 INFO Run function 24 complete. FEHistory len: 10, AOCC: 0.0000
2025-06-20 17:31:54 INFO FeHistory: [206.46805117 239.94654266 200.44165189 215.28435325 197.44652236
 168.1916684  176.28770189 188.35894341 192.51689856 211.7460856 ]
2025-06-20 17:31:54 INFO Expected Optimum FE: -100
2025-06-20 17:31:54 INFO Multimodal (single component) AOCC mean: 0.0000
2025-06-20 17:31:54 INFO AOCC mean: 0.0000
