2025-06-26 06:45:59 INFO --- GNBG Problem Parameters for f16 ---
  Dimension: 30, MaxEvals: 1000000
  Search Bounds: [-100, 100]
  Number of Components: 5
  Known Optimum Value: -5000.000000
  Lambda (Curvature): [1 1 1 1 1]
  Mu (Asymmetry/Depth): [0 0 0 0 0 0 0 0 0 0]
----------------------------------------
2025-06-26 06:46:41 INFO Run function 16 complete. FEHistory len: 150000, AOCC: 0.0000
2025-06-26 06:46:41 INFO FeHistory: [124070.38155141 171399.28838483  92691.17591468 ... 165168.58215284
 106375.77376343 133707.52982641]
2025-06-26 06:46:41 INFO Expected Optimum FE: -5000
2025-06-26 06:46:41 INFO --- GNBG Problem Parameters for f18 ---
  Dimension: 30, MaxEvals: 1000000
  Search Bounds: [-100, 100]
  Number of Components: 5
  Known Optimum Value: -5000.000000
  Lambda (Curvature): [1 1 1 1 1]
  Mu (Asymmetry/Depth): [0.22159228 0.42314776 0.4901829  0.25862884 0.37043014 0.37440768
 0.26098797 0.491006   0.27569772 0.45404864]
----------------------------------------
2025-06-26 06:47:20 INFO Run function 18 complete. FEHistory len: 150000, AOCC: 0.0000
2025-06-26 06:47:20 INFO FeHistory: [176756.08452052 128562.36943136  75159.69068109 ... 177390.8563416
  97581.74437424 181861.18869151]
2025-06-26 06:47:20 INFO Expected Optimum FE: -5000
2025-06-26 06:47:20 INFO --- GNBG Problem Parameters for f19 ---
  Dimension: 30, MaxEvals: 1000000
  Search Bounds: [-100, 100]
  Number of Components: 5
  Known Optimum Value: -5000.000000
  Lambda (Curvature): [1 1 1 1 1]
  Mu (Asymmetry/Depth): [0.5 0.5 0.5 0.5 0.5 0.5 0.5 0.5 0.5 0.5]
----------------------------------------
2025-06-26 06:48:00 INFO Run function 19 complete. FEHistory len: 150000, AOCC: 0.0000
2025-06-26 06:48:00 INFO FeHistory: [118689.47165332 206429.58702241 243447.36492064 ... 180227.9191478
 215253.75597399 113371.49580744]
2025-06-26 06:48:00 INFO Expected Optimum FE: -5000
2025-06-26 06:48:00 INFO Unimodal AOCC mean: nan
2025-06-26 06:48:00 INFO Multimodal (single component) AOCC mean: nan
2025-06-26 06:48:00 INFO Multimodal (multiple components) AOCC mean: 0.0000
2025-06-26 06:48:00 INFO AOCC mean: 0.0000
2025-06-26 06:48:00 INFO Weighed AOCC mean: nan
2025-06-26 06:48:55 INFO --- GNBG Problem Parameters for f16 ---
  Dimension: 30, MaxEvals: 1000000
  Search Bounds: [-100, 100]
  Number of Components: 5
  Known Optimum Value: -5000.000000
  Lambda (Curvature): [1 1 1 1 1]
  Mu (Asymmetry/Depth): [0 0 0 0 0 0 0 0 0 0]
----------------------------------------
2025-06-26 06:49:38 INFO Run function 16 complete. FEHistory len: 150000, AOCC: 0.0000
2025-06-26 06:49:38 INFO FeHistory: [181625.11923813 138018.21788395 130861.7903892  ...  -4317.72842673
  -4317.63022398  -4317.68999109]
2025-06-26 06:49:38 INFO Expected Optimum FE: -5000
2025-06-26 06:49:38 INFO --- GNBG Problem Parameters for f18 ---
  Dimension: 30, MaxEvals: 1000000
  Search Bounds: [-100, 100]
  Number of Components: 5
  Known Optimum Value: -5000.000000
  Lambda (Curvature): [1 1 1 1 1]
  Mu (Asymmetry/Depth): [0.22159228 0.42314776 0.4901829  0.25862884 0.37043014 0.37440768
 0.26098797 0.491006   0.27569772 0.45404864]
----------------------------------------
2025-06-26 06:50:18 INFO Run function 18 complete. FEHistory len: 150000, AOCC: 0.0000
2025-06-26 06:50:18 INFO FeHistory: [ 99468.51347543 203250.70649937 113329.96000958 ...   7726.96961601
   7724.69952022   7728.49622458]
2025-06-26 06:50:18 INFO Expected Optimum FE: -5000
2025-06-26 06:50:18 INFO --- GNBG Problem Parameters for f19 ---
  Dimension: 30, MaxEvals: 1000000
  Search Bounds: [-100, 100]
  Number of Components: 5
  Known Optimum Value: -5000.000000
  Lambda (Curvature): [1 1 1 1 1]
  Mu (Asymmetry/Depth): [0.5 0.5 0.5 0.5 0.5 0.5 0.5 0.5 0.5 0.5]
----------------------------------------
2025-06-26 06:50:59 INFO Run function 19 complete. FEHistory len: 150000, AOCC: 0.0000
2025-06-26 06:50:59 INFO FeHistory: [114877.74076183 267365.68309286 188051.05435957 ...  21202.69888127
  21181.21633988  21238.97726247]
2025-06-26 06:50:59 INFO Expected Optimum FE: -5000
2025-06-26 06:50:59 INFO Unimodal AOCC mean: nan
2025-06-26 06:50:59 INFO Multimodal (single component) AOCC mean: nan
2025-06-26 06:50:59 INFO Multimodal (multiple components) AOCC mean: 0.0000
2025-06-26 06:50:59 INFO AOCC mean: 0.0000
2025-06-26 06:50:59 INFO Weighed AOCC mean: nan
