2025-06-21 09:46:35 INFO Initializing first population
2025-06-21 09:46:35 INFO Initializing population from 7 seed files...
2025-06-21 09:46:35 INFO --- GNBG Problem Parameters for f11 ---
  Dimension: 30, MaxEvals: 500000
  Search Bounds: [-100, 100]
  Number of Components: 1
  Known Optimum Value: -118.075358
  Lambda (Curvature): [1]
  Mu (Asymmetry/Depth): [0.2 0.5]
----------------------------------------
2025-06-21 09:46:35 INFO Run function 11 complete. FEHistory len: 10, AOCC: 0.0000
2025-06-21 09:46:35 INFO FeHistory: [260710.12385905 258798.19178991 209145.65804683 232845.34117129
 368650.92320925 217811.14011001 323304.60545054 315656.22730398
 339708.28617601 409252.5120095 ]
2025-06-21 09:46:35 INFO Expected Optimum FE: -118.07535757360006
2025-06-21 09:46:35 INFO --- GNBG Problem Parameters for f21 ---
  Dimension: 30, MaxEvals: 1000000
  Search Bounds: [-100, 100]
  Number of Components: 5
  Known Optimum Value: -50.000000
  Lambda (Curvature): [0.5 0.5 0.5 0.5 0.5]
  Mu (Asymmetry/Depth): [0.17318004 0.11194571 0.19092932 0.18126106 0.14008737 0.11467924
 0.12498507 0.12642975 0.11734302 0.18190892]
----------------------------------------
2025-06-21 09:46:35 INFO Run function 21 complete. FEHistory len: 10, AOCC: 0.0000
2025-06-21 09:46:35 INFO FeHistory: [330.28908576 245.61355096 260.90301211 294.57857455 279.34950037
 321.66166574 259.12048912 277.27565739 314.60566258 293.4690415 ]
2025-06-21 09:46:35 INFO Expected Optimum FE: -50
2025-06-21 09:46:35 INFO Unimodal AOCC mean: nan
2025-06-21 09:46:35 INFO Multimodal (single component) AOCC mean: 0.0000
2025-06-21 09:46:35 INFO Multimodal (multiple components) AOCC mean: 0.0000
2025-06-21 09:46:35 INFO AOCC mean: 0.0000
2025-06-21 09:46:35 INFO --- GNBG Problem Parameters for f11 ---
  Dimension: 30, MaxEvals: 500000
  Search Bounds: [-100, 100]
  Number of Components: 1
  Known Optimum Value: -118.075358
  Lambda (Curvature): [1]
  Mu (Asymmetry/Depth): [0.2 0.5]
----------------------------------------
2025-06-21 09:46:35 INFO Run function 11 complete. FEHistory len: 10, AOCC: 0.0000
2025-06-21 09:46:35 INFO FeHistory: [354717.60858398 311330.46833938 354717.60858398 324093.59585219
 311330.46833938 392624.6934793  311330.46833938 342662.59561032
 311330.46833938 308520.75941649]
2025-06-21 09:46:35 INFO Expected Optimum FE: -118.07535757360006
2025-06-21 09:46:35 INFO --- GNBG Problem Parameters for f21 ---
  Dimension: 30, MaxEvals: 1000000
  Search Bounds: [-100, 100]
  Number of Components: 5
  Known Optimum Value: -50.000000
  Lambda (Curvature): [0.5 0.5 0.5 0.5 0.5]
  Mu (Asymmetry/Depth): [0.17318004 0.11194571 0.19092932 0.18126106 0.14008737 0.11467924
 0.12498507 0.12642975 0.11734302 0.18190892]
----------------------------------------
2025-06-21 09:46:35 INFO Run function 21 complete. FEHistory len: 10, AOCC: 0.0000
2025-06-21 09:46:35 INFO FeHistory: [292.80709034 293.77548995 292.80709034 292.73972335 292.80709034
 299.29141334 292.73972335 291.10789843 292.73972335 289.96621888]
2025-06-21 09:46:35 INFO Expected Optimum FE: -50
2025-06-21 09:46:35 INFO Unimodal AOCC mean: nan
2025-06-21 09:46:35 INFO Multimodal (single component) AOCC mean: 0.0000
2025-06-21 09:46:35 INFO Multimodal (multiple components) AOCC mean: 0.0000
2025-06-21 09:46:35 INFO AOCC mean: 0.0000
2025-06-21 09:46:35 INFO --- GNBG Problem Parameters for f11 ---
  Dimension: 30, MaxEvals: 500000
  Search Bounds: [-100, 100]
  Number of Components: 1
  Known Optimum Value: -118.075358
  Lambda (Curvature): [1]
  Mu (Asymmetry/Depth): [0.2 0.5]
----------------------------------------
2025-06-21 09:46:35 INFO Run function 11 complete. FEHistory len: 10, AOCC: 0.0000
2025-06-21 09:46:35 INFO FeHistory: [202455.65404103 151596.07189435 240412.35285107 278728.77314615
 143234.19228435 295732.65764063 161522.09204698 166330.09881716
 260686.8624523  142163.81594744]
2025-06-21 09:46:35 INFO Expected Optimum FE: -118.07535757360006
2025-06-21 09:46:35 INFO --- GNBG Problem Parameters for f21 ---
  Dimension: 30, MaxEvals: 1000000
  Search Bounds: [-100, 100]
  Number of Components: 5
  Known Optimum Value: -50.000000
  Lambda (Curvature): [0.5 0.5 0.5 0.5 0.5]
  Mu (Asymmetry/Depth): [0.17318004 0.11194571 0.19092932 0.18126106 0.14008737 0.11467924
 0.12498507 0.12642975 0.11734302 0.18190892]
----------------------------------------
2025-06-21 09:46:35 INFO Run function 21 complete. FEHistory len: 10, AOCC: 0.0000
2025-06-21 09:46:35 INFO FeHistory: [301.15037209 272.49225469 292.67494443 239.1758397  320.46844884
 297.68616507 305.54542152 267.33129396 285.6701315  223.13391075]
2025-06-21 09:46:35 INFO Expected Optimum FE: -50
2025-06-21 09:46:35 INFO Unimodal AOCC mean: nan
2025-06-21 09:46:35 INFO Multimodal (single component) AOCC mean: 0.0000
2025-06-21 09:46:35 INFO Multimodal (multiple components) AOCC mean: 0.0000
2025-06-21 09:46:35 INFO AOCC mean: 0.0000
2025-06-21 09:46:35 INFO --- GNBG Problem Parameters for f11 ---
  Dimension: 30, MaxEvals: 500000
  Search Bounds: [-100, 100]
  Number of Components: 1
  Known Optimum Value: -118.075358
  Lambda (Curvature): [1]
  Mu (Asymmetry/Depth): [0.2 0.5]
----------------------------------------
2025-06-21 09:46:35 INFO Run function 11 complete. FEHistory len: 10, AOCC: 0.0000
2025-06-21 09:46:35 INFO FeHistory: [192140.90557091 174327.84313432 159712.05547575 143774.85109813
 398449.32103529 169739.96762856 289275.49303089 155632.87163229
 178815.9350918  280468.47344948]
2025-06-21 09:46:35 INFO Expected Optimum FE: -118.07535757360006
2025-06-21 09:46:35 INFO --- GNBG Problem Parameters for f21 ---
  Dimension: 30, MaxEvals: 1000000
  Search Bounds: [-100, 100]
  Number of Components: 5
  Known Optimum Value: -50.000000
  Lambda (Curvature): [0.5 0.5 0.5 0.5 0.5]
  Mu (Asymmetry/Depth): [0.17318004 0.11194571 0.19092932 0.18126106 0.14008737 0.11467924
 0.12498507 0.12642975 0.11734302 0.18190892]
----------------------------------------
2025-06-21 09:46:35 INFO Run function 21 complete. FEHistory len: 10, AOCC: 0.0000
2025-06-21 09:46:35 INFO FeHistory: [312.85298088 278.27355043 267.46689044 306.01779855 254.15659676
 285.59983286 299.6580267  289.46093013 251.91890735 302.15272118]
2025-06-21 09:46:35 INFO Expected Optimum FE: -50
2025-06-21 09:46:35 INFO Unimodal AOCC mean: nan
2025-06-21 09:46:35 INFO Multimodal (single component) AOCC mean: 0.0000
2025-06-21 09:46:35 INFO Multimodal (multiple components) AOCC mean: 0.0000
2025-06-21 09:46:35 INFO AOCC mean: 0.0000
2025-06-21 09:46:35 INFO --- GNBG Problem Parameters for f11 ---
  Dimension: 30, MaxEvals: 500000
  Search Bounds: [-100, 100]
  Number of Components: 1
  Known Optimum Value: -118.075358
  Lambda (Curvature): [1]
  Mu (Asymmetry/Depth): [0.2 0.5]
----------------------------------------
2025-06-21 09:46:35 INFO Run function 11 complete. FEHistory len: 10, AOCC: 0.0000
2025-06-21 09:46:35 INFO FeHistory: [326348.30712703 228944.74443046 145464.36022095 328449.75162893
 155228.89684736 261117.76882083 182358.71393871 202248.0101777
 154046.95632212 182504.19866025]
2025-06-21 09:46:35 INFO Expected Optimum FE: -118.07535757360006
2025-06-21 09:46:35 INFO --- GNBG Problem Parameters for f21 ---
  Dimension: 30, MaxEvals: 1000000
  Search Bounds: [-100, 100]
  Number of Components: 5
  Known Optimum Value: -50.000000
  Lambda (Curvature): [0.5 0.5 0.5 0.5 0.5]
  Mu (Asymmetry/Depth): [0.17318004 0.11194571 0.19092932 0.18126106 0.14008737 0.11467924
 0.12498507 0.12642975 0.11734302 0.18190892]
----------------------------------------
2025-06-21 09:46:35 INFO Run function 21 complete. FEHistory len: 10, AOCC: 0.0000
2025-06-21 09:46:35 INFO FeHistory: [318.1438262  246.80004148 279.58815385 260.11701458 316.36656105
 339.26357201 342.44948375 311.21221628 299.58648316 254.46468727]
2025-06-21 09:46:35 INFO Expected Optimum FE: -50
2025-06-21 09:46:35 INFO Unimodal AOCC mean: nan
2025-06-21 09:46:35 INFO Multimodal (single component) AOCC mean: 0.0000
2025-06-21 09:46:35 INFO Multimodal (multiple components) AOCC mean: 0.0000
2025-06-21 09:46:35 INFO AOCC mean: 0.0000
2025-06-21 09:46:35 INFO --- GNBG Problem Parameters for f11 ---
  Dimension: 30, MaxEvals: 500000
  Search Bounds: [-100, 100]
  Number of Components: 1
  Known Optimum Value: -118.075358
  Lambda (Curvature): [1]
  Mu (Asymmetry/Depth): [0.2 0.5]
----------------------------------------
2025-06-21 09:46:35 INFO Run function 11 complete. FEHistory len: 10, AOCC: 0.0000
2025-06-21 09:46:35 INFO FeHistory: [111487.77025472 251677.77687711 122109.94212803 152807.27868926
 233592.05283259 317848.56794539 178775.97033191 301931.50351473
  89888.89727332 294264.19987361]
2025-06-21 09:46:35 INFO Expected Optimum FE: -118.07535757360006
2025-06-21 09:46:35 INFO --- GNBG Problem Parameters for f21 ---
  Dimension: 30, MaxEvals: 1000000
  Search Bounds: [-100, 100]
  Number of Components: 5
  Known Optimum Value: -50.000000
  Lambda (Curvature): [0.5 0.5 0.5 0.5 0.5]
  Mu (Asymmetry/Depth): [0.17318004 0.11194571 0.19092932 0.18126106 0.14008737 0.11467924
 0.12498507 0.12642975 0.11734302 0.18190892]
----------------------------------------
2025-06-21 09:46:35 INFO Run function 21 complete. FEHistory len: 10, AOCC: 0.0000
2025-06-21 09:46:35 INFO FeHistory: [276.19994114 315.93090773 265.94551488 260.75969281 298.48215897
 292.38384828 229.66887851 281.3429483  264.53453293 272.63123523]
2025-06-21 09:46:35 INFO Expected Optimum FE: -50
2025-06-21 09:46:35 INFO Unimodal AOCC mean: nan
2025-06-21 09:46:35 INFO Multimodal (single component) AOCC mean: 0.0000
2025-06-21 09:46:35 INFO Multimodal (multiple components) AOCC mean: 0.0000
2025-06-21 09:46:35 INFO AOCC mean: 0.0000
2025-06-21 09:46:35 INFO --- GNBG Problem Parameters for f11 ---
  Dimension: 30, MaxEvals: 500000
  Search Bounds: [-100, 100]
  Number of Components: 1
  Known Optimum Value: -118.075358
  Lambda (Curvature): [1]
  Mu (Asymmetry/Depth): [0.2 0.5]
----------------------------------------
2025-06-21 09:46:35 INFO Run function 11 complete. FEHistory len: 10, AOCC: 0.0000
2025-06-21 09:46:35 INFO FeHistory: [164927.8488681  251755.79947239 227595.74339686 244461.94592653
 185331.05123038 132856.99661291 182047.51619738 282081.40699042
 207259.55384976 173922.43850353]
2025-06-21 09:46:35 INFO Expected Optimum FE: -118.07535757360006
2025-06-21 09:46:35 INFO --- GNBG Problem Parameters for f21 ---
  Dimension: 30, MaxEvals: 1000000
  Search Bounds: [-100, 100]
  Number of Components: 5
  Known Optimum Value: -50.000000
  Lambda (Curvature): [0.5 0.5 0.5 0.5 0.5]
  Mu (Asymmetry/Depth): [0.17318004 0.11194571 0.19092932 0.18126106 0.14008737 0.11467924
 0.12498507 0.12642975 0.11734302 0.18190892]
----------------------------------------
2025-06-21 09:46:35 INFO Run function 21 complete. FEHistory len: 10, AOCC: 0.0000
2025-06-21 09:46:35 INFO FeHistory: [296.92018462 281.49297325 329.69637157 237.26065699 340.81503352
 292.388899   295.2987036  294.02652721 305.36958206 237.63079016]
2025-06-21 09:46:35 INFO Expected Optimum FE: -50
2025-06-21 09:46:35 INFO Unimodal AOCC mean: nan
2025-06-21 09:46:35 INFO Multimodal (single component) AOCC mean: 0.0000
2025-06-21 09:46:35 INFO Multimodal (multiple components) AOCC mean: 0.0000
2025-06-21 09:46:35 INFO AOCC mean: 0.0000
2025-06-21 09:47:01 INFO Started evolutionary loop, best so far: 0.0
2025-06-21 09:47:01 INFO --- Performing Long-Term Reflection at Generation 1 ---
2025-06-21 09:47:07 INFO Full response text: **Analysis:**

Comparing (best) `AdaptiveGaussianSamplingEA` vs (worst) `AdaptiveMultimodalOptimizer`, we see that the best utilizes adaptive Gaussian sampling and a more refined selection mechanism (tournament selection), leading to a more focused and efficient exploration of the search space, while the worst uses a simpler, less directed approach.  `AdaptiveGaussianSamplingEA` also incorporates adaptive mutation and recombination, improving convergence speed. `AdaptiveGaussianSamplingEA`'s Gaussian sampling strategy allows for a more informed exploration of the search space by concentrating the sampling around promising areas. The worst algorithm suffers from a less sophisticated approach, leading to lower performance.

(second best) `AdaptiveMultimodalOptimizerImproved` vs (second worst) `AdaptiveGaussianSamplingEAwithArchive`: `AdaptiveMultimodalOptimizerImproved` incorporates local search and adaptive perturbation, offering a more robust exploration for multimodal functions.  `AdaptiveGaussianSamplingEAwithArchive`, although using an archive, lacks the local search component for refining solutions within promising regions, making it less effective in complex landscapes. The local search in `AdaptiveMultimodalOptimizerImproved` efficiently refines solutions found during global exploration.


Comparing (1st) `AdaptiveGaussianSamplingEA` vs (2nd) `AdaptiveMultimodalOptimizerImproved`, we see that `AdaptiveGaussianSamplingEA` directly uses the Gaussian distribution for population generation and mutation, leading to faster convergence in unimodal cases. `AdaptiveMultimodalOptimizerImproved` uses a local search strategy which helps in multimodal cases, but can slow convergence in unimodal cases.


(3rd) `EnhancedArchiveGuidedDE` vs (4th) `AdaptiveGaussianMutationDE`: `EnhancedArchiveGuidedDE` leverages an archive to maintain diversity and guide the search, making it more suitable for multimodal landscapes where multiple optima exist.  `AdaptiveGaussianMutationDE` mainly focuses on differential mutation with adaptive Gaussian perturbation; while the perturbation helps escape local optima, the lack of an archive limits its exploration of diverse optima.  `EnhancedArchiveGuidedDE` effectively balances exploration and exploitation via archive management.


Comparing (second worst) `AdaptiveGaussianSamplingEAwithArchive` vs (worst) `AdaptiveMultimodalOptimizer`, we see both use an adaptive approach. However, `AdaptiveGaussianSamplingEAwithArchive` benefits from a more structured approach based on Gaussian sampling, adaptive mutation, and an archive for diversity management. `AdaptiveMultimodalOptimizer` lacks the strategic components found in the better-performing algorithms.


Overall: The top-ranked algorithms consistently incorporate adaptive mechanisms for mutation, recombination, or population sampling, combined with effective selection strategies (like tournament selection) or archive-based diversity preservation.  Lower-ranked algorithms often rely on simpler or less sophisticated techniques, resulting in suboptimal exploration and exploitation of the search space, particularly in higher-dimensional and multimodal landscapes.  The use of Gaussian sampling and archives appear to be particularly beneficial in higher dimensions.


**Experience:**

Developing effective heuristics requires a balanced approach integrating adaptive mechanisms to navigate complex landscapes while maintaining solution diversity. Local search and sophisticated selection methods significantly improve performance.  Careful consideration of mutation strategies and population diversity are crucial for high-dimensional optimization.

