2025-06-23 17:01:48 INFO --- GNBG Problem Parameters for f24 ---
  Dimension: 30, MaxEvals: 1000000
  Search Bounds: [-100, 100]
  Number of Components: 5
  Known Optimum Value: -100.000000
  Lambda (Curvature): [0.25 0.25 0.25 0.25 0.25]
  Mu (Asymmetry/Depth): [0.44142637 0.27898903 0.25803028 0.21978833 0.39183826 0.42051979
 0.35740109 0.43165341 0.47744239 0.47234476]
----------------------------------------
2025-06-23 17:01:48 INFO --- GNBG Problem Parameters for f24 ---
  Dimension: 30, MaxEvals: 1000000
  Search Bounds: [-100, 100]
  Number of Components: 5
  Known Optimum Value: -100.000000
  Lambda (Curvature): [0.25 0.25 0.25 0.25 0.25]
  Mu (Asymmetry/Depth): [0.44142637 0.27898903 0.25803028 0.21978833 0.39183826 0.42051979
 0.35740109 0.43165341 0.47744239 0.47234476]
----------------------------------------
2025-06-23 17:01:48 INFO --- GNBG Problem Parameters for f24 ---
  Dimension: 30, MaxEvals: 1000000
  Search Bounds: [-100, 100]
  Number of Components: 5
  Known Optimum Value: -100.000000
  Lambda (Curvature): [0.25 0.25 0.25 0.25 0.25]
  Mu (Asymmetry/Depth): [0.44142637 0.27898903 0.25803028 0.21978833 0.39183826 0.42051979
 0.35740109 0.43165341 0.47744239 0.47234476]
----------------------------------------
2025-06-23 17:01:48 INFO --- GNBG Problem Parameters for f24 ---
  Dimension: 30, MaxEvals: 1000000
  Search Bounds: [-100, 100]
  Number of Components: 5
  Known Optimum Value: -100.000000
  Lambda (Curvature): [0.25 0.25 0.25 0.25 0.25]
  Mu (Asymmetry/Depth): [0.44142637 0.27898903 0.25803028 0.21978833 0.39183826 0.42051979
 0.35740109 0.43165341 0.47744239 0.47234476]
----------------------------------------
2025-06-23 17:01:48 INFO --- GNBG Problem Parameters for f24 ---
  Dimension: 30, MaxEvals: 1000000
  Search Bounds: [-100, 100]
  Number of Components: 5
  Known Optimum Value: -100.000000
  Lambda (Curvature): [0.25 0.25 0.25 0.25 0.25]
  Mu (Asymmetry/Depth): [0.44142637 0.27898903 0.25803028 0.21978833 0.39183826 0.42051979
 0.35740109 0.43165341 0.47744239 0.47234476]
----------------------------------------
2025-06-23 17:01:54 INFO Run function 24 complete. FEHistory len: 10500, AOCC: 0.0026
2025-06-23 17:01:54 INFO FeHistory: [175.98617454 160.86475754 174.69632725 ... 171.42622227 191.35491646
 162.73310644]
2025-06-23 17:01:54 INFO Expected Optimum FE: -100
2025-06-23 17:01:54 INFO Unimodal AOCC mean: nan
2025-06-23 17:01:54 INFO Multimodal (single component) AOCC mean: nan
2025-06-23 17:01:54 INFO Multimodal (multiple components) AOCC mean: 0.0026
2025-06-23 17:01:54 INFO AOCC mean: 0.0026
2025-06-23 17:01:54 INFO --- GNBG Problem Parameters for f24 ---
  Dimension: 30, MaxEvals: 1000000
  Search Bounds: [-100, 100]
  Number of Components: 5
  Known Optimum Value: -100.000000
  Lambda (Curvature): [0.25 0.25 0.25 0.25 0.25]
  Mu (Asymmetry/Depth): [0.44142637 0.27898903 0.25803028 0.21978833 0.39183826 0.42051979
 0.35740109 0.43165341 0.47744239 0.47234476]
----------------------------------------
2025-06-23 17:01:54 INFO Run function 24 complete. FEHistory len: 18000, AOCC: 0.0002
2025-06-23 17:01:54 INFO FeHistory: [209.91942    199.02647044 180.26809261 ...  24.77695923  21.37671825
  28.96912029]
2025-06-23 17:01:54 INFO Expected Optimum FE: -100
2025-06-23 17:01:54 INFO Unimodal AOCC mean: nan
2025-06-23 17:01:54 INFO Multimodal (single component) AOCC mean: nan
2025-06-23 17:01:54 INFO Multimodal (multiple components) AOCC mean: 0.0002
2025-06-23 17:01:54 INFO AOCC mean: 0.0002
2025-06-23 17:01:54 INFO --- GNBG Problem Parameters for f24 ---
  Dimension: 30, MaxEvals: 1000000
  Search Bounds: [-100, 100]
  Number of Components: 5
  Known Optimum Value: -100.000000
  Lambda (Curvature): [0.25 0.25 0.25 0.25 0.25]
  Mu (Asymmetry/Depth): [0.44142637 0.27898903 0.25803028 0.21978833 0.39183826 0.42051979
 0.35740109 0.43165341 0.47744239 0.47234476]
----------------------------------------
2025-06-23 17:01:55 ERROR Can not run the algorithm
2025-06-23 17:01:55 INFO Run function 24 complete. FEHistory len: 600, AOCC: 0.0000
2025-06-23 17:01:55 INFO FeHistory: [210.66578194 191.75790395 180.63719803 155.66296108 150.26637045
 231.29463233 197.84909465 176.25334663 233.35727511 173.99767823
 208.28375883 222.11184462 178.90465551 215.05865637 190.20235518
 190.60367852 203.59374776 203.24451771 205.68001381 186.3440077
 193.34221905 175.10249649 209.85255097 199.09907957 180.30916101
 176.52892453 194.98879295 191.23316821 182.34638009 189.27919032
 163.17562753 205.88991473 184.3672329  143.43267613 181.33194746
 178.20324466 201.02060726 237.11762255 158.65152582 171.65886863
 174.95996907 143.88747487 168.64791074 201.34493018 194.34302262
 161.30864059 164.05508379 173.33173129 203.61774904 191.49124193
 233.54331659 170.09110858 178.8840141  192.99313146 206.41195364
 161.86830835 193.51085253 193.1171472  178.05085987 188.26057657
 195.13385893 171.52020283 187.80286589 173.11374467 168.82086109
 152.71829745 211.58522663 172.44410655 209.61817618 193.83085299
 190.39787028 206.94726441 189.78053751 217.42474792 194.30464187
 159.1149713  188.48616873 177.84270265 173.63204965 172.87638517
 234.69950409 201.22772762 186.29337357 174.58734924 184.99887757
 202.49038227 170.23306351 186.27493441 189.43241231 181.28301803
 198.43335853 201.194235   197.83323736 174.55588381 164.76318016
 179.22239149 200.95406225 195.2141857  196.79117667 192.08689092
 218.8230458  164.78616366 171.28153757 153.1715426  186.06352447
 223.2038389  188.33856999 206.652626   214.55306085 183.22818104
 185.15015902 178.82763778 219.43574236 169.30250116 161.62751811
 196.20907133 190.79236806 176.61249802 185.80035388 193.47595356
 219.41123132 145.1243846  192.89608394 203.98655128 187.11764451
 214.93223059 199.56374828 210.45753094 168.95834366 200.48499608
 185.60048821 173.46281723 212.52994054 173.83314227 175.24120023
 187.33569859 188.5136462  203.75377835 220.46476667 174.02618378
 181.93254623 161.64005628 184.34889636 188.28041473 170.66839224
 167.31589736 220.58735889 205.71082109 190.68386284 204.47514875
 199.51887713 167.73574631 240.02514342 201.96667526 202.32454689
 199.91428015 171.8297033  223.88526685 168.26261515 210.28452133
 158.2221126  198.54436594 195.14505609 211.69844122 239.19807286
 198.522818   184.50714053 166.29007619 215.19368216 210.63322723
 186.18579077 208.45855177 144.1861871  179.5783459  173.05821099
 155.16737597 210.5494414  141.69585493 191.27215872 195.67461664
 231.15997674 192.25171725 217.37511088 187.00204228 215.63418941
 163.59708328 169.51894704 208.3481255  159.00206421 190.51443593
 206.44650051 168.16377278 196.81459419 190.71643471 176.08327744
 178.37265757 216.80798089 193.8906105  197.71085231 183.52065584
 190.43581172 176.15040188 130.74555632 184.79229675 188.60122361
 223.56139096 198.77154343 186.74628794 140.50361396 168.26692769
 205.73557734 151.02980646 195.53286967 175.45640755 186.73928079
 204.39511298 177.69411488 201.8337682  202.59621078 178.45241494
 190.85453263 176.28825834 196.76052858 206.86069077 177.71988612
 191.05192664 183.73696013 195.43657549 181.10112129 166.57777261
 161.48981972 206.25740522 184.94581228 175.60042875 228.29351023
 150.05486645 160.0602082  183.87218266 219.52583395 192.68558801
 212.17800213 188.59196765 167.99905266 202.7991946  172.86105929
 197.92215493 180.73544805 203.88524873 183.94668158 203.23691435
 160.91862224 172.01412302 182.98311405 160.92817134 206.72516982
 177.35034121 212.80444733 147.64614576 209.17087691 207.37884996
 150.09973095 210.99828243 174.60728905 164.28408747 179.92042767
 181.82217926 186.0532166  200.1040526  231.78558012 185.48565852
 173.16499335 204.64800165 150.27820174 227.38980303 191.94374947
 181.91033427 156.95042107 179.14706265 211.05538846 181.425058
 230.93781566 172.27871215 174.93319483 200.14024073 181.17595643
 170.0242828  193.11010086 232.53408875 186.82927089 161.08856862
 188.36855797 196.85963003 247.35468714 214.77842889 203.50866073
 205.63301048 134.53966458 193.38489645 189.22007509 191.42981483
 192.83366357 200.18992492 203.09060821 193.63350771 209.84637021
 198.97285412 193.15231359 210.76964423 174.87522113 198.70269332
 181.05488359 147.14220818 183.9664296  206.38261985 200.79740319
 234.02846984 150.92963272 196.53435958 175.77439467 158.38520303
 195.96340999 187.1894486  199.11332991 177.20882748 204.59833285
 182.01591931 185.92227077 193.47536949 232.25329241 167.67091827
 184.50586643 187.58435877 210.87656852 187.52907305 203.0371526
 204.83151895 203.80415641 201.24441047 184.03673422 163.95725239
 197.68749172 154.56767951 182.39357792 185.52875273 157.79170103
 190.28805623 208.2358683  206.80620112 235.07876868 201.98822931
 184.95814554 216.11608049 187.52266754 171.01273965 185.51662106
 217.18335833 159.22565471 182.37219174 220.55112434 225.20056756
 145.24366901 182.26629507 154.31177141 219.97126416 187.97209827
 205.1564987  223.82572806 201.66126865 193.22788146 194.07660779
 205.23976103 194.7860518  187.35459515 210.75696964 213.2594036
 245.73906265 182.61295611 155.59341209 162.65981988 197.047101
 185.35412674 164.74715714 186.41454591 176.14607747 225.08782157
 172.44070543 187.73700515 180.30864062 180.31601473 215.1693648
 210.90447854 196.55282177 176.17535833 178.19771458 172.19225826
 193.46849508 199.70562448 171.52005316 212.57491167 184.09814361
 202.06605484 214.40005889 186.71056024 196.60985094 200.58482165
 163.68998985 167.12196362 243.41870078 188.67497695 203.11504957
 201.68431893 230.75132457 194.82255393 166.91534004 189.08771235
 179.12703419 165.63146172 196.37359716 207.10542153 206.85078157
 210.9786065  218.26082419 171.99330053 215.48425441 207.65682713
 193.48916026 177.57227158 200.50611097 201.32698638 173.44316406
 224.51573904 174.506584   202.56215819 241.90242151 149.42440233
 193.42507492 220.58792276 170.79256191 184.6599803  186.24969976
 193.14815852 186.2511046  209.95867456 165.81760876 182.51249093
 212.85558044 197.97664547 214.80105982 203.69823199 170.11967092
 184.12957785 166.17583614 219.06330392 198.5123027  186.64744117
 176.66139195 180.9598385  205.53877869 178.41985986 190.38471531
 207.169665   171.45925077 198.00624605 162.34524054 225.88409862
 207.9977459  169.27140239 202.18764982 217.68771777 197.99986952
 180.06042024 171.058532   184.0435462  173.05371683 168.62493028
 203.06221517 204.92591727 188.92999398 175.32302481 196.96858367
 193.67578376 188.38396923 181.82521597 196.50232792 209.79033259
 195.82478738 180.12759352 199.59676949 185.79155831 182.31762688
 182.26605487 184.78858675 154.46542324 198.62063951 177.22507909
 186.66638226 173.61834793 199.22463236 200.37840913 213.38862829
 180.97907001 190.77265884 179.16211374 188.53886341 191.37384222
 197.91721029 215.16128176 211.88491133 186.26739158 185.17711861
 165.62465403 194.02050492 204.20233918 154.19258103 208.90094868
 175.47474506 183.11752103 200.74217371 202.84533434 177.85457408
 211.92882591 189.21469441 185.65492552 211.62360496 212.43263424
 197.30729526 224.65735766 183.05560699 163.03113159 198.83156517
 201.72453095 163.5468541  236.47645096 184.89289436 164.03161707
 180.9114625  170.53173716 195.68362536 232.72506143 160.51498005
 204.69638421 185.19115556 186.78452258 230.28611422 207.68005833
 186.35401849 211.67997632 194.99886001 216.31634853 219.02508197
 209.6586602  171.60480318 213.53060268 179.97126193 217.57035383
 192.9041621  180.92777458 206.00106477 164.99073997 159.22683607
 193.72748126 211.47594114 196.97054328 181.95238653 191.49833191
 186.7696813  196.3772341  216.74225375 191.20936516 205.27052698
 194.3836579  143.06259871 185.21348351 226.5462354  195.99430114
 231.36549601 201.25670804 196.90027455 229.81611389 204.96999753
 210.22535332 212.45344669 136.36117002 196.62340929 204.48562986
 213.29835517 210.35483081 200.30321656 218.93118864 191.59910683
 188.31054631 174.60757756 160.98828984 216.11491465 181.67685558
 169.6917563  224.60943218 223.17281263 214.21116356 178.96608359]
2025-06-23 17:01:55 INFO Expected Optimum FE: -100
2025-06-23 17:01:55 INFO Unimodal AOCC mean: nan
2025-06-23 17:01:55 INFO Multimodal (single component) AOCC mean: nan
2025-06-23 17:01:55 INFO Multimodal (multiple components) AOCC mean: 0.0000
2025-06-23 17:01:55 INFO AOCC mean: 0.0000
2025-06-23 17:01:55 INFO --- GNBG Problem Parameters for f24 ---
  Dimension: 30, MaxEvals: 1000000
  Search Bounds: [-100, 100]
  Number of Components: 5
  Known Optimum Value: -100.000000
  Lambda (Curvature): [0.25 0.25 0.25 0.25 0.25]
  Mu (Asymmetry/Depth): [0.44142637 0.27898903 0.25803028 0.21978833 0.39183826 0.42051979
 0.35740109 0.43165341 0.47744239 0.47234476]
----------------------------------------
2025-06-23 17:01:55 ERROR Can not run the algorithm
2025-06-23 17:01:55 INFO Run function 24 complete. FEHistory len: 300, AOCC: 0.0000
2025-06-23 17:01:55 INFO FeHistory: [183.29201953 199.88700398 195.97203107 185.10050684 201.1718201
 173.07341953 168.42408137 193.01762723 169.13714604 205.0682734
 210.69217072 202.99867494 169.64145043 187.38427807 188.28533539
 191.14167375 178.77208104 187.24253291 186.90304997 158.79014123
 210.3194324  199.54659997 167.84786539 208.76235919 185.13066236
 185.18149949 172.67885198 157.33489635 179.12123677 185.40993772
 185.05481594 196.18970896 203.78027356 198.60373653 186.6558074
 208.69424738 192.99123143 186.03504372 184.8825118  203.26246597
 178.30341764 171.0605607  209.5225864  166.21403828 150.47199524
 151.00186422 178.70396309 175.42907616 169.55476387 161.90639634
 221.05088039 201.90670171 176.95399667 229.56523382 199.84260537
 197.89378544 196.3063356  183.44384952 201.01903667 178.43382058
 171.95394973 143.03077004 160.85278437 148.73266241 189.52814851
 171.27234998 169.18228574 175.85933821 194.04028557 195.86773837
 169.76039306 173.58566316 184.97867588 186.1131119  192.90331764
 193.6500401  164.70073185 207.96180784 189.06619785 190.74541251
 167.87495518 209.65138153 144.36337602 195.00549151 189.90568088
 166.50742409 179.4978751  179.75393198 200.35378262 194.7871664
 175.23455708 194.21088361 162.90766364 203.30766113 220.26222142
 162.52722249 200.88116868 192.64538312 198.5868341  212.24092069
 207.54948399 158.2295983  206.61383286 208.21413239 175.62540956
 192.07205656 210.33943845 207.27404802 162.97153531 168.01608581
 203.60300739 182.3975562  184.14661764 184.97086199 166.87854595
 214.10864598 173.1495254  194.60815166 156.06015724 199.11857177
 204.24102411 182.68432085 202.64959681 175.4822972  165.66054146
 184.26152292 190.34279912 187.45773665 154.280497   160.46481167
 195.70349181 197.74389561 190.87994899 212.65371348 200.66715109
 187.80645706 175.80632621 222.33478579 220.29009518 164.31894426
 200.33800642 155.26666472 210.54302997 175.01628034 169.35062249
 206.17449069 183.94940404 172.04947468 164.89914244 205.55393935
 193.56126345 177.61825291 167.13233195 203.58503178 195.75117343
 158.18393366 223.77271583 186.00186683 204.72046169 176.30471545
 214.96233056 182.39663726 179.30190265 188.54207175 169.96667757
 196.59526701 195.41847956 197.80599879 182.72300543 214.00284404
 191.56530767 181.5299485  170.64631186 177.98354484 211.32637962
 164.50566203 170.14475192 199.30727378 190.85701812 197.42365409
 163.25012529 194.38846315 204.98507576 219.35200558 177.11214995
 190.54768608 177.33977649 196.69026755 227.61471293 165.65993014
 162.00385925 173.8620179  230.97123231 182.73951065 169.27259116
 167.2593298  167.03165641 182.75811832 213.7249063  179.91632372
 166.38193389 169.44453572 163.44877933 172.15936509 218.03056729
 202.88464352 188.98700273 222.8920031  188.88242816 198.2019976
 177.46849163 186.58909467 197.30899666 167.96421586 197.54619419
 195.01509403 191.64076197 188.07926171 182.68147766 209.15912106
 179.68367963 171.19563491 236.31267315 185.20676112 184.21596864
 190.09625489 136.44972874 192.78891177 211.16971523 208.96624821
 208.45353393 191.07457815 179.52024564 210.92498062 192.07340649
 184.42221683 174.29253237 207.78666856 189.16438582 160.15042885
 186.03027943 199.9330417  187.59084025 191.61191194 167.04006102
 183.84255407 198.63280671 204.75936389 173.0748126  191.55783246
 192.40322554 183.0857381  195.64175697 199.36239649 182.47927414
 187.82756178 202.2852809  194.13033053 168.40077727 230.13068634
 195.9257895  188.05071754 130.14348823 142.47978188 215.79189869
 180.62596058 185.14116571 175.89793454 171.60867682 201.79141214
 186.51982079 161.73364786 179.40549359 179.72516956 171.18613767
 121.55771793 165.61220873 171.08955643 192.35247573 187.83283573
 189.64112365 234.03758047 187.98205352 207.01346592 192.35839324
 212.27365765 179.64450632 149.04184792 216.48718449 193.70556678
 133.79911997 222.43338797 193.37902266 176.91098922 204.519412
 199.02414033 203.62411123 204.20195435 177.65928506 215.47630602]
2025-06-23 17:01:55 INFO Expected Optimum FE: -100
2025-06-23 17:01:55 INFO Unimodal AOCC mean: nan
2025-06-23 17:01:55 INFO Multimodal (single component) AOCC mean: nan
2025-06-23 17:01:55 INFO Multimodal (multiple components) AOCC mean: 0.0000
2025-06-23 17:01:55 INFO AOCC mean: 0.0000
2025-06-23 17:01:55 INFO --- GNBG Problem Parameters for f24 ---
  Dimension: 30, MaxEvals: 1000000
  Search Bounds: [-100, 100]
  Number of Components: 5
  Known Optimum Value: -100.000000
  Lambda (Curvature): [0.25 0.25 0.25 0.25 0.25]
  Mu (Asymmetry/Depth): [0.44142637 0.27898903 0.25803028 0.21978833 0.39183826 0.42051979
 0.35740109 0.43165341 0.47744239 0.47234476]
----------------------------------------
2025-06-23 17:01:56 ERROR Can not run the algorithm
2025-06-23 17:01:56 INFO Run function 24 complete. FEHistory len: 300, AOCC: 0.0000
2025-06-23 17:01:56 INFO FeHistory: [185.3120125  197.63973729 164.24415998 202.5894396  194.74990335
 168.30353759 183.12047907 148.74182416 189.07561253 204.23761417
 215.56983198 210.9666778  174.33193989 134.97225671 229.90376717
 204.93300997 194.47069384 191.00062407 175.24782551 207.4792045
 192.17354361 193.24859124 160.45483281 202.32260396 224.35287952
 189.15443074 187.28672953 188.73984649 190.01931887 158.66711018
 171.66972109 172.80839319 174.58551953 166.04730068 196.49548671
 168.46199661 195.79781389 188.90670375 185.23374433 182.69553302
 171.49908422 189.33163865 179.58242203 184.23892232 218.29359325
 145.24225779 199.07256775 183.91351937 172.1071781  185.04990875
 179.21726898 201.53251542 178.9584277  203.00870987 191.13010906
 187.70846869 179.17772956 158.61598054 141.33786211 172.24147468
 171.96834238 178.5769757  187.22109348 160.87173193 216.45284304
 158.94433949 185.42511773 164.79083589 177.88617642 206.54760733
 160.51954864 147.3563263  210.84036824 153.82226792 216.50906213
 198.69590483 175.01054782 215.61346637 159.95684752 173.34016097
 161.09811953 151.56593583 173.46668595 153.67363761 182.56759986
 187.37930445 166.64524357 208.75517175 191.23635329 186.77472145
 199.75869128 200.33541436 202.84014241 176.40606088 189.48004354
 188.36831009 179.87752709 142.69609603 185.92169084 199.71372573
 198.69460284 157.16639482 189.94056108 198.89582191 207.80299792
 215.36439737 149.60081833 191.27083053 184.42172089 191.87023094
 186.47120446 207.3665456  180.31874225 194.94707282 177.46020833
 192.13535795 174.6062208  172.84278304 204.94156111 172.5037445
 208.01945543 186.4016488  175.6816454  184.12501804 190.24864667
 174.38638323 134.5734793  209.99359955 176.05964862 170.67811752
 180.13031424 211.35886695 128.83421315 185.02144425 203.5025537
 151.19123178 181.77041524 161.42380912 183.79933753 176.74748448
 182.77412581 214.03321853 172.56271554 220.60731159 169.59168433
 194.21369053 177.35150546 184.22248811 194.00353732 187.34413081
 162.37069091 218.32556519 174.08628462 188.6768424  187.59063612
 186.15329559 192.79063102 178.1756761  207.51313425 171.6127443
 181.65609043 217.23390497 160.01834323 203.22665698 192.6820341
 205.35463559 175.7432847  150.72521884 227.39584869 172.37695272
 200.73412655 209.63539519 206.8722867  204.10979968 155.63898975
 211.34976534 229.92123194 166.69365377 155.77362182 152.74924924
 193.71078043 152.79705425 158.03182928 182.86344975 152.50673073
 169.90727227 203.55895073 172.20959619 154.08911118 183.8554079
 182.04352436 204.10362985 139.38489598 194.24969944 224.92998844
 171.42328691 192.2319581  193.21255801 183.56918453 204.69246989
 198.57580829 180.98483422 208.88849902 193.83366977 189.3513801
 160.68608821 201.32772068 201.96726383 200.93240319 204.08236389
 194.33050059 191.26986657 180.76340856 156.89927742 181.70115486
 205.9103385  184.4276768  191.23104704 183.51316326 184.21227025
 218.68426393 184.15504597 215.21442057 213.97191011 186.30955819
 191.43431693 195.1243404  188.2243392  176.11992347 129.97142736
 223.16226474 189.17865947 155.6872714  153.53079054 196.47740158
 171.72624146 163.62675645 184.04969206 193.80653569 172.00774212
 185.71322813 187.692047   175.6902138  204.76012282 175.25257611
 191.97333764 186.37435148 184.06078117 201.05946504 189.63724485
 214.91163432 194.41921151 193.6178132  179.4144158  180.59612384
 161.99609917 201.52073546 159.3661976  194.5308944  208.80619452
 174.93076946 218.30939057 182.45952807 200.89153582 167.23336011
 194.43364443 206.08275607 170.70653152 192.44295611 138.43805928
 220.36325754 202.07966462 170.16181167 204.18682955 181.4784263
 173.54705439 190.67167464 204.3526572  196.07732779 198.07497483
 141.0387925  201.10579289 193.12418935 191.15010309 199.36311043
 207.01614465 191.44265936 192.86189425 174.42434199 203.58184518
 207.81044401 180.41348913 173.2382885  207.73660403 195.76671998
 141.88128865 179.5278839  201.00611686 200.99710034 214.3604894 ]
2025-06-23 17:01:56 INFO Expected Optimum FE: -100
2025-06-23 17:01:56 INFO Unimodal AOCC mean: nan
2025-06-23 17:01:56 INFO Multimodal (single component) AOCC mean: nan
2025-06-23 17:01:56 INFO Multimodal (multiple components) AOCC mean: 0.0000
2025-06-23 17:01:56 INFO AOCC mean: 0.0000
2025-06-23 17:01:56 INFO --- GNBG Problem Parameters for f24 ---
  Dimension: 30, MaxEvals: 1000000
  Search Bounds: [-100, 100]
  Number of Components: 5
  Known Optimum Value: -100.000000
  Lambda (Curvature): [0.25 0.25 0.25 0.25 0.25]
  Mu (Asymmetry/Depth): [0.44142637 0.27898903 0.25803028 0.21978833 0.39183826 0.42051979
 0.35740109 0.43165341 0.47744239 0.47234476]
----------------------------------------
2025-06-23 17:01:56 ERROR Can not run the algorithm
2025-06-23 17:01:56 INFO Run function 24 complete. FEHistory len: 300, AOCC: 0.0000
2025-06-23 17:01:56 INFO FeHistory: [181.20360458 186.11708774 183.29411609 171.12843456 220.93902031
 135.07587023 217.76246656 202.29341164 165.60268486 177.05727275
 177.57094642 165.81453861 173.35465341 162.14966119 138.99324829
 198.44600752 192.28330429 190.63204203 180.12403228 170.75474573
 175.69381988 177.28171199 178.08381144 162.81201931 182.04314044
 174.44916015 178.86753164 185.76958193 169.83650421 178.62330664
 195.19901531 143.56562488 202.44776625 167.8263036  198.06356049
 177.40355352 175.64092166 177.90747232 172.27240919 174.67205818
 180.92568416 179.20270173 212.03133353 193.41122668 203.2733518
 186.32843866 187.83168896 180.70968434 214.43152694 163.53211333
 201.61804563 189.03258295 233.15991166 175.93916579 200.00282042
 227.81349832 178.73352682 161.95371975 170.6447585  171.43532742
 196.93736402 153.32509334 194.93571336 149.44749665 215.21055446
 176.75613872 186.03025108 207.76420067 194.38178973 200.48164574
 215.38135862 232.77331342 233.35441795 190.3775236  192.1999621
 151.84484441 169.82622757 171.25647026 181.61029402 184.81049238
 179.90481276 175.00936412 184.45196088 141.33165305 235.58791236
 178.51921454 198.52041756 201.95767321 216.2237481  208.54231645
 193.65115352 185.82582227 191.71345752 195.06663728 179.57668683
 160.13620936 204.79095507 178.46240501 181.55051917 188.03599288
 182.9969225  182.64042906 152.09125965 179.9241384  213.96391663
 202.68431302 198.70540406 210.17737242 152.33407308 224.10274953
 176.98433262 198.88412535 192.38974378 205.39069665 214.21943809
 136.30774399 184.91795561 183.48709017 164.21255891 237.40006566
 181.23439847 205.92633363 190.77658173 193.27226785 174.95379992
 182.2424666  192.81804987 214.60506468 180.26557199 165.41481606
 190.2551815  201.26066792 204.56486288 184.57121823 197.36814954
 173.19607136 209.51185419 212.81000163 147.60288319 146.54944329
 237.89350023 160.59160269 204.80808078 188.27349066 201.76441107
 192.49381787 213.26236491 198.20854318 190.09270642 217.61744534
 199.73136864 216.54597162 195.13851798 165.50564717 191.24230353
 197.50390655 191.10688218 227.688209   173.62139401 199.66263013
 206.50628154 181.5114637  180.39761245 224.73576874 211.26807883
 187.38847261 181.20022713 201.33700844 186.80708138 231.97180184
 205.77101165 143.82225267 203.90471686 205.5988472  179.71438689
 194.0602683  200.67367673 163.10795085 192.82473942 189.37748307
 180.18570198 193.76735467 192.47019324 174.73936353 179.1164317
 152.02654654 189.82631363 217.1114979  138.73815935 192.25310469
 142.2266548  205.14073041 217.01337426 198.30367029 217.19690217
 168.90208236 170.18275175 166.4740244  199.92242887 152.03603947
 172.96157443 154.55823882 203.05790543 191.05151994 193.44159278
 161.21787596 207.6332794  182.63130472 182.13849451 197.43150782
 194.800978   193.62366647 194.50382231 203.56781213 213.8361034
 220.62426417 152.5210955  195.05920252 211.248492   185.15106937
 170.65764078 170.11907663 187.45471193 194.73411817 167.96344072
 190.66406541 225.49246099 203.85175135 186.73649222 185.48374236
 189.68792121 162.95746613 215.18359238 180.92600933 202.37611273
 206.20174105 160.16330125 172.7182777  175.44379054 186.37520074
 215.99726256 202.82176931 173.58166904 158.56033714 192.46513664
 157.2254318  179.61095614 185.35463641 203.71627452 224.07356734
 155.81554887 183.84749671 189.58399057 172.65118689 172.91574292
 191.21763845 174.31478162 200.6343589  192.53764429 187.61116927
 192.6936197  188.66263746 179.45835854 153.96211787 181.72883804
 212.34151545 176.93603974 173.75143349 202.66851099 186.71117719
 174.82014799 189.32857427 197.40835988 197.6177326  154.22046239
 205.28389905 184.11835892 195.34471597 169.41006385 188.83208453
 194.67284289 193.45156979 167.26482221 166.59013325 201.0602641
 164.94394009 191.43632466 210.31835156 181.84933183 159.74756384
 155.94501424 219.37752666 199.29547643 197.78389948 204.91091362
 179.57901196 224.54028809 169.75018527 155.02631816 195.16091902]
2025-06-23 17:01:56 INFO Expected Optimum FE: -100
2025-06-23 17:01:56 INFO Unimodal AOCC mean: nan
2025-06-23 17:01:56 INFO Multimodal (single component) AOCC mean: nan
2025-06-23 17:01:56 INFO Multimodal (multiple components) AOCC mean: 0.0000
2025-06-23 17:01:56 INFO AOCC mean: 0.0000
2025-06-23 17:02:01 INFO Run function 24 complete. FEHistory len: 22785, AOCC: 0.0009
2025-06-23 17:02:01 INFO FeHistory: [152.46667099 137.25969653 194.72428853 ...  11.30151916  14.40012484
   9.05295991]
2025-06-23 17:02:01 INFO Expected Optimum FE: -100
2025-06-23 17:02:01 INFO Unimodal AOCC mean: nan
2025-06-23 17:02:01 INFO Multimodal (single component) AOCC mean: nan
2025-06-23 17:02:01 INFO Multimodal (multiple components) AOCC mean: 0.0009
2025-06-23 17:02:01 INFO AOCC mean: 0.0009
2025-06-23 17:02:34 INFO Run function 24 complete. FEHistory len: 150000, AOCC: 0.0265
2025-06-23 17:02:34 INFO FeHistory: [196.14683358 205.89934311 209.60830833 ... -50.85811713 -51.22357767
 -50.45974753]
2025-06-23 17:02:34 INFO Expected Optimum FE: -100
2025-06-23 17:02:34 INFO Unimodal AOCC mean: nan
2025-06-23 17:02:34 INFO Multimodal (single component) AOCC mean: nan
2025-06-23 17:02:34 INFO Multimodal (multiple components) AOCC mean: 0.0265
2025-06-23 17:02:34 INFO AOCC mean: 0.0265
2025-06-23 17:03:29 INFO Run function 24 complete. FEHistory len: 150000, AOCC: 0.1208
2025-06-23 17:03:29 INFO FeHistory: [188.3034825  164.65237915 189.1271915  ... -98.70685531 -98.69861218
 -98.66933872]
2025-06-23 17:03:29 INFO Expected Optimum FE: -100
2025-06-23 17:03:29 INFO Good algorithm:
Algorithm Name: AdaptiveArchiveDE_withDiversity
import numpy as np
import random

# Name: AdaptiveArchiveDE_withDiversity
# Description: Differential Evolution with adaptive scaling and archive management prioritizing both fitness and diversity.
# Code:

class AdaptiveArchiveDE_withDiversity:
    """
    Differential Evolution algorithm with adaptive scaling factor and archive management.
    Prioritizes both solution quality and diversity within the archive.
    """
    def __init__(self, budget: int, dim: int, lower_bounds: list[float], upper_bounds: list[float]):
        self.budget = int(budget)
        self.dim = int(dim)
        self.lower_bounds = np.array(lower_bounds, dtype=float)
        self.upper_bounds = np.array(upper_bounds, dtype=float)

        self.eval_count = 0
        self.best_solution_overall = None
        self.best_fitness_overall = float('inf')

        self.population_size = 10 * self.dim  # Common heuristic
        self.archive_size = 200  # Increased archive size for better diversity
        self.archive = []
        self.population = None
        self.F_scale = 0.5  # Initial scaling factor


    def optimize(self, objective_function: callable, acceptance_threshold: float = 1e-8) -> tuple:
        self.eval_count = 0
        self.population = np.random.uniform(self.lower_bounds, self.upper_bounds, size=(self.population_size, self.dim))
        fitness = objective_function(self.population)
        self.eval_count += self.population_size

        self.best_solution_overall = self.population[np.argmin(fitness)]
        self.best_fitness_overall = np.min(fitness)

        while self.eval_count < self.budget:
            offspring = self.generate_offspring(self.population, fitness)
            offspring_fitness = objective_function(offspring)
            self.eval_count += len(offspring)

            # Update archive
            self.update_archive(offspring, offspring_fitness)

            # Select best solutions for next generation
            combined_population = np.concatenate((self.population, offspring))
            combined_fitness = np.concatenate((fitness, offspring_fitness))
            indices = np.argsort(combined_fitness)
            self.population = combined_population[indices[:self.population_size]]
            fitness = combined_fitness[indices[:self.population_size]]

            #Update best solution
            self.best_solution_overall = self.population[np.argmin(fitness)]
            self.best_fitness_overall = np.min(fitness)


        optimization_info = {
            'function_evaluations_used': self.eval_count,
            'final_best_fitness': self.best_fitness_overall,
            'archive_size': len(self.archive)
        }
        return self.best_solution_overall, self.best_fitness_overall, optimization_info

    def generate_offspring(self, population, fitness):
        offspring = np.zeros((self.population_size, self.dim))
        #Adaptive scaling factor.  Slight variation added for robustness.
        self.F_scale = 0.5 + 0.3 * np.random.rand()

        for i in range(self.population_size):
            #Weighted pbest selection from archive (if available).  Better solutions get higher probability.
            if self.archive:
                weights = np.exp(-np.array([f for _, f in self.archive])) # higher fitness = lower weight, more likely to be chosen
                weights /= np.sum(weights)
                pbest_index = np.random.choice(len(self.archive), p=weights)
                pbest = self.archive[pbest_index][0]
            else:
                pbest = population[np.argmin(fitness)]

            a, b, c = random.sample(range(self.population_size), 3)
            while a == i or b == i or c == i:
                a, b, c = random.sample(range(self.population_size), 3)

            offspring[i] = population[i] + self.F_scale * (pbest - population[i] + population[a] - population[b])
            offspring[i] = np.clip(offspring[i], self.lower_bounds, self.upper_bounds)

        return offspring

    def update_archive(self, offspring, offspring_fitness):
        for i in range(len(offspring)):
            if len(self.archive) < self.archive_size:
                self.archive.append((offspring[i], offspring_fitness[i]))
            else:
                #Prioritize diversity and fitness using a simple distance metric (Euclidean).
                worst_index = np.argmax([f for _, f in self.archive])
                distances = np.array([np.linalg.norm(offspring[i] - sol) for sol, _ in self.archive])
                if offspring_fitness[i] < self.archive[worst_index][1] or np.min(distances) > 5: #Maintain diversity
                    self.archive[worst_index] = (offspring[i], offspring_fitness[i])
2025-06-23 17:03:29 INFO Unimodal AOCC mean: nan
2025-06-23 17:03:29 INFO Multimodal (single component) AOCC mean: nan
2025-06-23 17:03:29 INFO Multimodal (multiple components) AOCC mean: 0.1208
2025-06-23 17:03:29 INFO AOCC mean: 0.1208
2025-06-23 17:03:39 INFO Run function 24 complete. FEHistory len: 150000, AOCC: 0.0000
2025-06-23 17:03:39 INFO FeHistory: [195.85519208 173.3231802  151.50175844 ... 130.16734216  94.18041602
 136.90399418]
2025-06-23 17:03:39 INFO Expected Optimum FE: -100
2025-06-23 17:03:39 INFO Unimodal AOCC mean: nan
2025-06-23 17:03:39 INFO Multimodal (single component) AOCC mean: nan
2025-06-23 17:03:39 INFO Multimodal (multiple components) AOCC mean: 0.0000
2025-06-23 17:03:39 INFO AOCC mean: 0.0000
2025-06-23 17:04:30 INFO --- GNBG Problem Parameters for f24 ---
  Dimension: 30, MaxEvals: 1000000
  Search Bounds: [-100, 100]
  Number of Components: 5
  Known Optimum Value: -100.000000
  Lambda (Curvature): [0.25 0.25 0.25 0.25 0.25]
  Mu (Asymmetry/Depth): [0.44142637 0.27898903 0.25803028 0.21978833 0.39183826 0.42051979
 0.35740109 0.43165341 0.47744239 0.47234476]
----------------------------------------
2025-06-23 17:04:30 ERROR Can not run the algorithm
2025-06-23 17:04:31 INFO --- GNBG Problem Parameters for f24 ---
  Dimension: 30, MaxEvals: 1000000
  Search Bounds: [-100, 100]
  Number of Components: 5
  Known Optimum Value: -100.000000
  Lambda (Curvature): [0.25 0.25 0.25 0.25 0.25]
  Mu (Asymmetry/Depth): [0.44142637 0.27898903 0.25803028 0.21978833 0.39183826 0.42051979
 0.35740109 0.43165341 0.47744239 0.47234476]
----------------------------------------
2025-06-23 17:04:31 INFO --- GNBG Problem Parameters for f24 ---
  Dimension: 30, MaxEvals: 1000000
  Search Bounds: [-100, 100]
  Number of Components: 5
  Known Optimum Value: -100.000000
  Lambda (Curvature): [0.25 0.25 0.25 0.25 0.25]
  Mu (Asymmetry/Depth): [0.44142637 0.27898903 0.25803028 0.21978833 0.39183826 0.42051979
 0.35740109 0.43165341 0.47744239 0.47234476]
----------------------------------------
2025-06-23 17:04:31 INFO --- GNBG Problem Parameters for f24 ---
  Dimension: 30, MaxEvals: 1000000
  Search Bounds: [-100, 100]
  Number of Components: 5
  Known Optimum Value: -100.000000
  Lambda (Curvature): [0.25 0.25 0.25 0.25 0.25]
  Mu (Asymmetry/Depth): [0.44142637 0.27898903 0.25803028 0.21978833 0.39183826 0.42051979
 0.35740109 0.43165341 0.47744239 0.47234476]
----------------------------------------
2025-06-23 17:04:31 INFO --- GNBG Problem Parameters for f24 ---
  Dimension: 30, MaxEvals: 1000000
  Search Bounds: [-100, 100]
  Number of Components: 5
  Known Optimum Value: -100.000000
  Lambda (Curvature): [0.25 0.25 0.25 0.25 0.25]
  Mu (Asymmetry/Depth): [0.44142637 0.27898903 0.25803028 0.21978833 0.39183826 0.42051979
 0.35740109 0.43165341 0.47744239 0.47234476]
----------------------------------------
2025-06-23 17:04:31 ERROR Can not run the algorithm
2025-06-23 17:04:31 ERROR Can not run the algorithm
2025-06-23 17:04:31 ERROR Can not run the algorithm
2025-06-23 17:04:31 INFO Run function 24 complete. FEHistory len: 600, AOCC: 0.0000
2025-06-23 17:04:31 INFO FeHistory: [169.57735683 176.78005    218.18207459 188.966673   198.94887283
 212.89522259 168.13363277 193.95624411 176.80573573 186.12874108
 194.49548922 145.58445798 177.30300443 186.13386971 191.0833388
 172.11136939 166.91915279 197.42457149 197.39787865 204.21269687
 192.21055901 183.01077922 177.24120119 200.37240452 189.90447108
 208.01292684 193.89635455 153.54601218 171.91528888 151.99423311
 172.1727382  189.99214695 221.28414137 203.51678261 215.3685494
 173.5672771  197.18616763 218.67994429 181.1584992  197.71629228
 217.62942316 210.92710476 198.02453005 205.49769213 219.74557215
 194.18659346 210.66325948 169.69078061 202.21498654 138.17064054
 187.97601873 186.85074804 193.02725611 179.17750594 177.62479557
 214.93322538 227.99624323 172.92426736 211.01808488 163.6268971
 187.92376711 182.2927989  164.98578994 165.87575071 174.29336404
 186.19744355 206.58458613 193.60199885 171.49101575 198.32726366
 176.34809688 185.84555552 139.69251579 178.5763701  170.01253637
 152.99412595 191.03082225 204.98955511 143.21591127 179.82900853
 160.94731414 187.55305337 232.25305636 206.81381043 211.67816209
 188.65435801 179.8789517  176.61240324 190.95383548 183.00781237
 163.28056424 178.88106554 191.02874117 145.43247721 175.23330433
 198.97730301 195.25265896 168.28270071 156.54129483 223.39467047
 230.78428522 184.88617623 203.368197   223.52208639 187.26649215
 157.43039572 204.48594672 187.34871448 217.66563451 172.25643274
 164.596315   188.87308397 180.88733436 213.32505428 185.88123962
 210.47504468 195.73111618 131.99467874 180.99023972 178.46239549
 157.54934297 230.11941329 176.44703931 164.33845334 153.03463575
 176.4212411  183.27813173 218.33909886 194.30224665 192.72137968
 207.23401174 203.53918093 199.94828287 208.73914523 188.07806186
 195.77529718 190.45293589 222.83793914 202.16862951 200.53538871
 203.49696707 218.35633766 220.00977582 164.65292653 184.98457934
 192.64580965 177.1570898  173.64591105 202.09824759 182.58225453
 172.1549242  163.03915007 180.01477558 145.9484132  195.91746299
 181.10522982 155.13734003 195.9302307  158.57012967 133.02259247
 151.95373874 233.99320637 164.54826515 168.6497582  236.17951386
 162.16148517 195.34104542 192.26537266 190.28986796 165.17024201
 161.30618579 191.75008813 168.5893287  219.1041756  190.2034558
 198.26737557 154.34111774 168.59416643 217.19254304 198.61035115
 198.77230679 197.19904967 162.39017278 174.7443813  177.3257412
 185.32003681 163.69748729 183.13885123 175.00108705 199.97097627
 224.77142035 179.50885451 211.12993812 198.4556816  186.13483655
 226.62557016 196.50204988 200.01631649 162.10605364 210.01517536
 165.12028707 188.94867232 193.7880492  171.69248837 203.41071378
 181.21066863 202.84800108 171.74581735 155.44992646 191.26539672
 175.21778498 175.56043604 202.36822071 212.54198149 227.32437913
 184.07334987 189.52700697 205.37880798 164.08105592 158.51692329
 240.24206925 184.58445481 202.67097144 189.21569237 194.19457415
 219.23185193 215.70355465 181.33584683 165.89421281 207.9444462
 210.24366704 176.21580885 209.90674373 219.27796869 189.59632386
 202.25027492 213.78471862 156.23946233 169.46820101 171.87074619
 149.65232974 191.2149967  209.99530332 145.88886237 225.38679716
 204.50317507 180.4975827  183.8068841  225.79881291 170.92311033
 172.8629332  221.72852829 167.21802479 192.24075936 171.09256719
 213.97929376 181.28157032 200.98539983 201.20298449 173.03416271
 183.88700544 182.26863582 170.1942844  184.44913643 207.22720796
 221.07720549 183.9737324  184.04642641 198.10351278 210.32329009
 154.04353854 195.08037679 196.28967904 189.86715422 149.36013957
 216.3626184  191.80169526 178.53353821 196.01114062 174.55195332
 211.45070312 172.36410941 163.8570385  190.3330258  196.35393178
 209.20754293 183.62626303 168.6034003  178.70064954 184.92240763
 221.29923564 172.9893716  188.75458171 171.29427948 193.17971158
 181.99752432 205.22721181 165.31239276 180.72762359 215.98765887
 149.32375334 179.77399716 176.79749719 203.46744122 216.01914454
 131.0861874  188.35450966 174.48268625 173.10804343 147.69392962
 150.48131868 136.51402605 180.59855305 164.8773849  179.09437514
 158.21610631 193.8502489  208.4995712  158.00602635 177.96553242
 184.83477795 189.1272035  160.56225252 169.94227063 216.75381624
 196.82479497 190.16057095 164.15075105 191.82090864 209.48790188
 187.88463584 216.63655127 209.8144675  205.54249803 152.5911832
 183.18711638 195.91221169 203.91531443 186.90329407 211.05938016
 148.07190493 138.99996316 194.28279462 198.08616662 148.9972625
 201.92080507 183.71773971 181.64656567 175.79818967 143.47980626
 221.70271867 185.86798118 183.10306458 172.15235505 165.26508844
 178.87959627 215.19391723 184.88563856 203.76504933 197.43395268
 155.11435866 187.38831182 163.33041752 193.29867678 189.1545386
 169.47529067 178.03799602 189.18497705 165.3058226  143.38556738
 148.14543576 178.78924661 201.19798316 199.27100124 212.22813063
 152.20757463 159.60335654 163.2227701  202.58194142 172.62057102
 170.78705055 184.93600191 187.03651574 196.12519639 189.6464108
 156.9405563  182.69818265 174.07806961 210.04059573 195.04001473
 167.92987186 166.43753727 211.5651435  170.99833469 176.37225911
 164.97161328 194.9412182  179.5455259  157.38352401 241.38561207
 184.8441719  189.41671645 159.09686179 183.29391028 237.02973711
 138.74337686 179.83631466 204.41536927 179.16303851 168.12636086
 197.66771928 177.88638604 173.10461524 185.13899855 192.94211171
 211.98613931 198.14818555 146.93152567 182.34528618 171.2800155
 130.42721217 192.5020527  196.82800481 168.6573864  201.05900076
 161.88510582 203.49401826 208.10666318 188.76767497 181.46627702
 212.48251699 182.77551902 174.32415547 204.21620751 191.72743293
 164.22548653 172.3845314  188.61935067 187.98436813 159.83411697
 191.40446611 224.57523464 165.8563602  210.39160369 183.84119276
 170.71913676 189.65894299 176.60874718 202.46668305 141.29148657
 179.34771937 215.23453398 197.35548408 157.17080346 180.18872888
 141.26638936 211.84641606 216.48630451 163.52796324 168.94891067
 186.15307994 199.11049797 185.39195701 197.89984215 170.31917597
 172.17919108 209.65521543 145.56023625 160.96130591 187.72477097
 140.04789123 168.01442343 176.17048344 177.53484465 170.74120232
 153.8703259  201.69037918 182.68608673 133.46679092 226.33717382
 208.57067578 209.6888149  153.86925869 151.17808149 171.70054494
 165.83635751 172.50896054 171.35239746 147.74662822 144.34857112
 213.34483211 160.25645077 207.5057854  219.59800671 197.67769078
 174.46293506 206.89967155 190.07484533 168.80774192 198.46894853
 173.05833353 158.96827938 156.51324677 192.25092816 185.8249107
 144.2156212  179.44545627 173.59642335 178.0807605  195.29236895
 223.85087976 167.88015337 208.21069848 160.68976254 168.74904153
 169.54057468 185.92437172 197.73874838 223.361654   173.86920761
 194.44644916 173.49630382 194.07583997 215.05137147 199.5756117
 175.31721773 182.78917669 220.80698242 186.10787856 213.80816161
 208.76049692 234.88140133 185.13365293 186.9733009  212.74438291
 209.0416674  176.51000399 213.49255791 191.87848929 167.2456915
 204.52739929 191.86245738 171.70273189 183.31509096 185.14702266
 198.04088186 156.56384481 206.19451205 172.2455998  143.55995592
 175.36106199 174.46758978 220.71433301 178.28761384 213.66778219
 149.72994196 213.20178395 172.47626313 172.81219396 172.35275945
 180.44382819 187.61629529 194.1327925  181.6026227  185.14456419
 198.95654613 151.0359118  166.92341408 188.35379545 197.73667026
 179.09826549 177.07608616 157.91914913 182.99532922 176.88288207
 175.61594485 154.14210674 180.15168363 155.64922113 202.41233594
 177.35862563 178.19468817 192.27737491 181.38830677 184.28631332
 197.99569398 173.61008888 147.11316023 169.01399212 183.6882027
 246.23716717 178.63311057 170.47102926 191.07731513 188.13532459
 224.60249732 195.11006933 168.43251574 198.92682186 183.67427977]
2025-06-23 17:04:31 INFO Expected Optimum FE: -100
2025-06-23 17:04:31 INFO Unimodal AOCC mean: nan
2025-06-23 17:04:31 INFO Multimodal (single component) AOCC mean: nan
2025-06-23 17:04:31 INFO Multimodal (multiple components) AOCC mean: 0.0000
2025-06-23 17:04:31 INFO AOCC mean: 0.0000
2025-06-23 17:04:31 ERROR Can not run the algorithm
2025-06-23 17:04:31 INFO Run function 24 complete. FEHistory len: 300, AOCC: 0.0000
2025-06-23 17:04:31 INFO FeHistory: [187.79479191 182.24441973 170.67089051 230.29059238 150.74629939
 149.80607579 172.68874351 185.40472007 161.59771357 210.84632621
 207.19864144 218.81268563 146.60349874 215.76736561 189.39673746
 187.67759649 192.23207232 175.19599585 185.39379345 195.50167191
 183.98840535 209.19321225 180.50205443 165.57532153 207.37132532
 195.96598025 171.3940557  194.12168338 182.14899007 189.08437222
 191.93957336 171.64893439 171.64586947 178.29110815 201.67745107
 210.75925665 229.66301294 204.21472954 177.36946515 168.25746455
 156.23689629 211.88706307 200.36534173 173.37858711 202.51158392
 190.61461455 198.62391275 205.80238922 188.35674632 211.67016534
 164.32518446 177.26031605 194.35340587 209.19973128 187.2088359
 201.20500173 166.53854988 197.93331134 188.46481752 165.83059147
 205.64159784 190.9513719  204.21351907 215.21963433 179.34351401
 190.77533908 205.80573466 203.06356899 195.75515021 191.60482614
 181.92565366 184.24882606 161.48163558 188.85508765 186.31539795
 188.92800698 173.39627512 193.08319468 190.39368122 196.42755185
 166.69696995 200.11994185 188.93623316 151.51209171 219.84414637
 180.48000356 159.05067289 209.38072897 212.42408955 171.55646037
 180.44353651 201.98444618 169.84879009 183.21865916 177.15135068
 197.71333033 210.22561898 198.04371622 192.89990799 192.60381646
 193.36163507 184.29470831 218.13336864 187.94836067 106.46958228
 154.95763535 212.56315622 196.33299393 200.93735493 187.59911333
 176.36578615 197.26281606 171.19654743 181.35242486 185.60101997
 172.93610638 189.65866485 173.06830941 172.23060577 188.48474323
 189.36553098 162.17312827 159.03581723 180.88561117 175.52939718
 187.21282872 151.02791278 171.39698302 157.85087565 186.21253331
 183.28332367 216.56701565 194.99745008 194.58841181 161.32368022
 191.15692262 216.88076776 146.94714376 170.47680332 168.75762203
 212.71067288 213.52295353 198.3833979  196.5135827  180.20721368
 183.93453012 186.65874929 173.96447515 188.09838811 190.8841291
 194.56841377 199.53693809 172.98587377 194.76385947 204.8742963
 192.87724487 178.93860522 157.60051035 166.75986481 194.93661603
 239.09292739 207.50687529 183.93933157 216.95687961 217.24618731
 175.06016113 177.45993346 211.35908421 196.22401592 213.68987636
 177.11122836 203.77148616 189.80447301 182.84662047 158.75664106
 160.66895107 157.48448775 190.04824495 178.77266101 167.7933764
 210.77162498 211.9790266  164.96336338 193.93731492 191.20933499
 167.36147942 190.14163298 211.06649926 154.89115996 202.35922518
 176.48635305 166.20713983 200.68472094 168.1779645  173.55999443
 175.22980863 219.27953747 173.66584838 189.55371302 164.04897799
 192.78953279 209.87783547 222.63204953 174.31455595 197.45055074
 194.87225788 179.01926575 197.96064251 184.42085406 174.1269044
 209.4097473  168.21763103 178.02329739 183.16081095 198.58891026
 201.79913584 208.88544351 169.44192704 177.08453477 199.03251936
 194.60444248 182.9686047  182.03895521 191.75718914 199.88826722
 210.5237617  179.21116034 222.21881685 171.54876385 200.42055923
 202.2963767  203.34612001 220.46813304 130.05748948 190.78098715
 167.46004806 182.91234106 166.87673288 207.41414784 178.93560043
 215.28221902 218.62726094 162.99623876 153.20021349 161.91815189
 141.88985161 207.75927564 200.11354952 176.3293026  186.78435013
 170.78807544 159.85330956 156.88212272 224.66589336 197.27645287
 187.56290285 202.5427158  208.04677234 172.96543807 117.82403028
 188.09409999 198.70763155 174.43527292 138.69485132 173.26827819
 198.9966986  166.96980229 139.0083426  188.01054288 217.93999532
 204.70413876 190.10473342 185.26064946 179.70227632 160.37450129
 176.24901729 195.16278645 204.31918757 151.52736245 212.96535615
 221.60968378 206.55168044 181.17577309 187.70382761 172.43289818
 176.50596603 220.62686992 175.42256301 214.55998124 183.1175768
 177.09810416 212.14333617 205.78914711 147.94793522 202.38651685
 191.50643233 194.95326313 189.67569653 170.8537005  167.59217451]
2025-06-23 17:04:31 INFO Expected Optimum FE: -100
2025-06-23 17:04:31 INFO Unimodal AOCC mean: nan
2025-06-23 17:04:31 INFO Multimodal (single component) AOCC mean: nan
2025-06-23 17:04:31 INFO Multimodal (multiple components) AOCC mean: 0.0000
2025-06-23 17:04:31 INFO AOCC mean: 0.0000
2025-06-23 17:04:31 INFO Run function 24 complete. FEHistory len: 600, AOCC: 0.0000
2025-06-23 17:04:31 INFO FeHistory: [169.77606622 217.73584599 155.52326295 181.57331928 132.38499084
 180.07183874 198.97230304 195.81672053 193.08336357 191.62464227
 146.43124119 191.55711628 172.31836036 184.22168293 171.83484884
 176.46354611 157.96526838 192.94252772 177.82431871 188.95668287
 162.76202115 175.69812359 201.41683401 191.11591759 148.63629683
 145.02481248 180.37658961 172.82258386 233.36513064 208.61185618
 217.66880487 198.33163577 180.71432999 183.76185145 195.00305155
 214.38916618 211.16601429 162.40011513 195.32707988 186.43135461
 203.74406526 182.81759252 199.98959847 182.57872885 167.96268586
 203.08015494 221.10071979 189.61247501 175.84085342 170.97298597
 219.23231309 191.7900743  197.01399697 165.61169975 192.89047522
 207.16511791 196.71356397 215.97016081 159.5913614  221.06576504
 181.90058024 146.1325688  176.45820945 202.18019991 186.20641436
 208.83514038 197.63827669 182.34685521 150.96806198 172.18651619
 225.04165844 214.38878391 143.61081273 148.60759306 174.36371938
 212.4332032  203.4861805  205.35021863 175.58912404 189.94832221
 146.28802474 210.08022416 170.51990035 205.26869639 188.78107485
 203.62748456 149.37279387 208.16331274 178.17379076 209.71019861
 184.046883   198.98515874 203.36811001 187.66505637 198.92488829
 186.77659108 160.64842355 198.17701214 166.344993   190.41925052
 169.92596424 188.4232305  244.97544756 152.8981422  179.34849011
 199.99767886 191.02466779 212.86646479 186.14973752 173.10806279
 175.99875446 199.63724649 136.8228833  202.56246733 156.63833492
 194.38262876 219.06844261 194.96914151 199.1772946  179.65629548
 201.68739648 191.65143454 204.26910826 178.26495796 216.29879295
 206.54503718 200.70245857 200.34296037 201.04055768 165.82969024
 157.5263186  141.13553405 185.45606452 190.68077408 180.83503123
 186.32341694 134.06925136 206.45994528 192.23267145 179.60236459
 188.3694644  171.7703435  172.44007765 205.81466534 156.43803006
 182.78633511 227.74832105 185.45298255 197.61829447 181.72437059
 204.59718579 151.49835595 164.61579594 206.76595334 211.13755043
 175.52918317 198.88694404 165.3143421  173.16512859 166.24232516
 185.88536018 150.77044927 192.12717915 221.01440126 194.07964921
 160.44062985 183.83744347 183.19895139 227.72448035 198.63195677
 194.45869272 176.01533458 181.83967877 209.68756018 195.94629833
 183.58574763 140.62445151 204.43697739 178.72951889 182.4895754
 171.97103194 151.46939934 182.27945196 186.5780102  187.08501657
 183.04941406 170.43275801 179.3284256  179.3889498  207.95160679
 199.25428578 176.17807507 202.44713021 176.89694708 203.89003092
 152.69689709 207.06160317 193.57912186 178.59920087 166.2822004
 170.15048635 217.60277871 191.6058276  178.36151786 188.16975919
 189.68907161 188.57215588 156.98785424 207.41632611 153.77324247
 166.52598657 157.81934592 205.99385421 157.37806168 194.72281523
 180.46271927 190.38650466 175.89221641 201.94796832 224.86596967
 190.21738021 231.55769043 162.10545508 170.18296193 216.31640371
 163.65126353 198.00874901 200.79355736 195.97734552 212.50727676
 211.6163005  208.82414912 171.89428043 169.36359457 157.38642457
 191.6885435  208.57163804 181.09860756 177.08006918 171.48440872
 156.53474786 196.07291256 209.96847414 162.20102212 201.95333209
 198.00601424 215.93111894 155.95096715 192.63025027 168.32034381
 197.32094095 162.76066984 205.9947488  153.70197045 208.35626062
 185.01438334 191.10517538 167.28163748 196.46869239 192.77833844
 165.49656455 184.22392051 205.96524313 163.13690559 139.28683986
 206.24158388 182.36122403 205.02661765 161.96711057 213.31394797
 195.70486826 197.85679073 157.29379878 227.887472   198.63744473
 217.4014028  181.60213805 188.75020678 212.60685963 203.05453254
 189.34995242 188.03508794 196.41994378 198.78099367 194.15347143
 213.51187405 187.47571639 153.97229165 184.86366512 207.30560409
 202.99575638 175.95685294 134.09508536 178.11495823 199.78737648
 198.72057163 191.66955556 194.01944837 201.23127986 158.6514832
 164.54619683 179.45340818 171.97238508 147.02391476 161.79332825
 181.96063785 154.56371922 159.91298249 160.63216954 185.76137579
 164.00600333 146.97361367 172.78238546 226.29976026 176.66476298
 152.00575561 185.19792416 171.26810253 180.53893039 195.09242094
 151.71974202 197.70919467 163.68543974 162.04739362 162.36656461
 160.11661441 189.4747284  187.02497386 153.21903993 172.63885029
 197.90505747 215.77454015 177.16356908 121.62815379 180.55086305
 185.00624926 160.81633084 157.92075041 183.94886306 115.9703703
 203.53180676 163.87855245 146.12373186 197.68593723 151.53012989
 139.03631437 167.40736333 181.92310817 181.0074723  167.27409605
 186.49456629 154.38491953 160.98942674 181.83899343 168.51075477
 166.18918316 154.40993817 189.04056291 154.30210836 187.4195325
 150.11370752 162.18367518 196.46092705 141.65824824 176.73923494
 173.09345847 187.52061416 168.49037762 158.26991827 174.01911842
 195.57187299 174.55994872 174.55117212 189.1801283  217.79804771
 172.37834465 178.64826458 174.2829346  180.73851478 174.25571539
 171.17022246 166.98686591 163.18699257 196.26234693 170.92586173
 170.87931638 180.14713873 170.58043998 185.65152358 158.25208558
 163.85577692 180.439045   177.99112057 153.27784541 195.32216461
 163.14196971 161.77512175 133.41026455 156.72158372 188.42849726
 172.30990242 176.57267585 175.49008978 147.30632773 157.15266699
 197.02569702 199.66189982 146.52662252 157.7086674  182.7225932
 148.7354017  184.52742673 151.58344934 154.90469728 148.32571241
 165.3051825  212.74429889 182.43324283 154.98953045 155.55080166
 179.44735266 179.73890632 171.00749724 169.71639455 172.2259801
 199.15797559 153.54156674 207.21991476 209.91735008 166.93507364
 179.56192339 163.00725022 153.26138076 173.01611483 180.35047077
 150.76962373 185.85284244 182.86365838 170.64476888 158.21088938
 181.82045936 153.8981454  190.85606315 138.22513577 148.5919001
 148.8017688  171.64327385 169.18495056 151.89141612 146.50184436
 164.26445285 136.51749547 187.40496754 133.42150218 154.12674714
 147.95749441 187.56187239 139.57202563 145.4076295  191.41062692
 218.60657621 171.62702152 171.51730717 185.68934803 176.8410121
 176.01615715 195.4745417  127.49636557 162.87026076 170.68225721
 179.392933   148.80300927 194.30138315 167.10405721 172.02423239
 145.03213079 129.87404017 149.07850726 168.737995   159.63139286
 141.19066391 167.71048104 153.40811467 150.53076824 177.92762203
 177.95797925 171.41845204 170.8133621  117.33867283 188.6770886
 143.67419564 194.62551745 136.56204728 155.8295438  177.99351449
 180.51753918 119.02392354 148.91587918 195.17422928 160.09425064
 151.96124496 183.99913283 175.95557163 182.18619929 149.9882742
 164.1390945  178.99531442 187.51253851 182.56042424 157.65753574
 154.725604   147.54506056 194.18225046 190.59536521 188.74973202
 150.71144676 179.5231299  163.76579856 197.12210282 186.95039399
 154.85806951 164.30094406 172.3706581  177.96996512 171.44818837
 153.03302607 150.30092152 200.43604127 164.35612981 189.52047265
 175.18239303 162.34850354 167.14674841 210.91425135 199.64492622
 174.00873574 166.12827364 158.86118378 167.91334742 159.89838629
 139.34953697 189.35971848 175.8041641  150.72124199 147.46063337
 165.56321437 168.43466471 157.756499   182.644854   178.22904691
 182.60292266 183.90340364 190.5549135  142.00464335 168.62837899
 165.24332979 155.510716   149.20006717 182.09273527 178.00218743
 183.63098441 173.40626836 164.89126355 185.78840965 155.73517633
 126.75303267 135.63910334 187.11884359 203.36641583 175.05750937
 169.39244566 164.20776754 159.96962397 196.98453905 189.6130018
 146.09986754 200.13119055 183.06925164 147.11237999 158.76854497
 150.69233988 176.5205208  157.87185522 156.9255034  189.63944461
 167.06263501 190.75060169 178.60866017 183.34739347 187.47576845
 170.52090677 177.25116722 157.05047202 202.16807583 171.97129542
 172.10472776 137.00608932 184.53441827 186.0840558  169.58996426]
2025-06-23 17:04:31 INFO Expected Optimum FE: -100
2025-06-23 17:04:31 INFO Unimodal AOCC mean: nan
2025-06-23 17:04:31 INFO Multimodal (single component) AOCC mean: nan
2025-06-23 17:04:31 INFO Multimodal (multiple components) AOCC mean: 0.0000
2025-06-23 17:04:31 INFO AOCC mean: 0.0000
2025-06-23 17:04:31 INFO Run function 24 complete. FEHistory len: 600, AOCC: 0.0000
2025-06-23 17:04:31 INFO FeHistory: [193.24720863 184.13356531 187.37888033 213.70983443 182.5145667
 164.66248691 185.4068548  174.97576381 176.22218547 164.32826064
 173.41160744 224.76935218 136.77510997 203.4803035  180.74890444
 190.35463412 195.84125681 171.94534215 206.97147673 187.14862453
 219.5757205  198.18343497 178.36665987 180.37835222 171.51880954
 192.90590144 189.06873967 176.66874926 190.05375726 186.39568575
 186.28279598 216.01809837 169.33666619 192.05834659 176.78665675
 212.14036608 211.30660307 178.20813377 162.20239956 178.72441641
 203.55642914 198.25593163 144.1769443  170.86019352 206.56970034
 150.50817072 210.86607831 177.01929247 183.35030036 170.88511733
 213.0129017  221.65422434 182.17301036 204.86567969 172.16972015
 180.18369022 184.14542413 175.04674059 177.68435634 171.87131582
 165.50577202 207.11535394 162.1626884  182.51651318 137.25466942
 177.41174146 182.59136559 181.62593869 213.42386163 192.68557359
 189.0687992  201.39136176 156.77681493 192.18865407 175.43078845
 210.78433563 202.46616452 189.39279849 217.06069702 148.60505683
 173.16307298 168.64865302 199.06860858 218.53330933 163.1810366
 224.66232946 197.76659401 194.14671103 234.44191995 163.84761523
 159.4530604  195.83364005 141.01843305 163.14198963 182.25223497
 189.11402319 201.91436889 228.03144667 201.8101175  199.47477589
 193.73487587 208.46938009 152.78292709 181.59160666 178.9685975
 176.82565108 179.21913722 191.42409921 185.26040405 188.27135597
 189.65348192 209.4784377  153.21773957 223.00915776 154.59029995
 182.51012876 136.93378921 156.84724777 213.14773514 197.85856844
 140.72671797 182.21931571 149.30060018 181.86113325 163.05029039
 181.2094127  149.38845601 192.46450077 198.34379744 189.11670908
 156.53989497 240.99121478 210.0588742  191.23992049 216.58241183
 201.53625216 179.65724492 181.65526356 191.1363557  147.2444029
 224.51721948 175.22287964 140.44028488 177.88260581 203.24895055
 160.09910666 180.15346479 164.31825382 188.93236428 178.35407291
 188.98007688 173.43297244 218.40666713 197.07766895 180.1742239
 202.0477201  181.8224534  193.78551647 202.79607727 158.03559528
 206.74021095 165.24931186 178.5548542  185.59276233 199.22677652
 190.12950374 183.16544607 165.64929299 185.19449784 215.79436804
 237.37202561 194.15977366 218.72190957 182.71882705 210.3729798
 216.09228345 191.65647005 162.58791262 204.02370868 209.61233489
 198.10546196 202.38519448 189.32135514 201.53673352 188.54678126
 199.98103806 183.42418979 179.24338409 215.33880882 181.56836428
 211.93373294 172.37452574 193.74368164 188.56493036 122.65071123
 187.9417763  227.18680277 209.65129539 196.00557486 184.76192058
 173.20933571 190.39115294 184.0035524  172.12642601 171.47115606
 181.97229575 164.2525664  195.79738917 190.72922553 199.8907389
 171.72851186 224.46257878 197.03437482 201.18006659 222.13760583
 199.00847827 201.82630594 148.50176223 217.15319674 174.05323861
 200.77263885 191.46946885 190.80338468 173.57593719 193.1638434
 170.54369769 141.68030175 205.18021733 174.27558448 193.26101579
 207.16703316 198.29872102 150.57040256 187.83796125 165.55193593
 174.80551078 198.78812616 195.46348518 207.82226557 208.13736021
 166.68203571 198.91204195 193.22594881 193.23179206 211.11647176
 171.94982284 192.07059744 166.06115127 188.72443115 149.88784415
 164.39406932 216.55649316 177.44545785 165.63056216 224.75781348
 174.78136934 218.97488944 206.86718435 173.15293245 175.61608468
 183.39873959 211.37764984 223.4695954  146.82903498 194.5501723
 233.36075884 186.43088318 204.34960176 159.78998525 133.8756211
 187.49890509 195.81540524 163.0155246  183.10375405 185.4775104
 229.22153567 199.98069641 174.07725041 188.86665474 189.75962235
 158.58902573 201.84089366 175.95090521 194.73309587 195.32896224
 227.14455792 189.74123607 197.00269389 220.40747609 169.94573682
 165.32633357 204.55433142 168.07225741 186.36996932 202.30580926
 212.68392373 202.9962941  205.88457267 176.11923585 179.97116544
 150.76270505 191.77413752 166.61649967 170.48295482 178.42324971
 160.04770137 158.67887229 181.29037194 188.42909595 181.74833504
 162.66841157 182.31906427 156.88254467 176.00381451 176.06928359
 204.10904574 165.72046345 179.81119502 171.76471913 176.18954095
 206.84028107 192.1158001  157.03263316 195.23442691 158.12311192
 174.0587493  196.43625504 186.36242985 179.0085087  175.92208585
 167.04015397 180.94495007 169.39681581 175.7642028  164.48269878
 215.67322678 173.42489541 156.34904162 198.63891609 145.49720119
 156.26269436 166.47928333 148.71765663 151.01989342 172.28955167
 175.93470972 152.45158194 177.48825139 168.6329888  181.36888147
 191.04865544 190.08850332 153.85478414 173.38805834 143.93073641
 219.78998043 180.48521096 158.41438703 161.66937905 143.86470766
 179.96902074 170.76864311 161.32712383 180.97004169 187.81744404
 175.59439931 186.48446536 146.98351997 174.63240772 158.41183829
 173.83102618 167.97089558 167.43361889 173.24809486 166.92737543
 172.92976119 189.7666422  198.11953491 160.52144579 161.04273084
 157.35474681 132.49267011 177.2377264  164.17017984 177.61406694
 190.62409759 172.10133447 209.56292939 174.92653965 171.95119464
 185.1498302  185.26701294 171.41050103 173.73900175 186.87512214
 187.29758862 159.73197158 184.12204099 147.00138701 206.54344005
 189.74746868 165.44216361 142.41953046 144.31109539 206.76593026
 188.82264752 170.26998253 145.63883777 152.13516564 176.73200402
 199.79948759 179.94897463 180.41471756 147.8486317  151.99283909
 170.50901916 181.43143986 173.92376707 161.68195394 175.59995473
 141.42302204 172.61795045 161.30261783 158.35716285 157.48661465
 174.48550478 162.27793789 195.53079827 198.45691691 168.43296868
 197.56565247 190.6263117  176.46387992 215.79148473 193.2729871
 160.09086207 183.10918904 150.69764399 157.04356887 150.92836222
 171.0337135  184.8314818  186.30166748 172.02325268 185.53771483
 162.05976319 186.84138006 174.7327971  171.41902883 176.95295308
 160.50217348 147.72054366 176.7023082  157.08198782 177.21554879
 165.63376824 149.44084222 183.73975074 188.96808597 154.62773582
 185.36091035 151.01031862 172.5350689  171.04039108 146.18740918
 205.1555797  169.42584533 143.26656361 175.7430208  180.74266653
 170.11591483 185.40120037 179.85182969 156.25867961 202.9683694
 211.95826991 149.52418994 159.16985568 182.10105395 158.75381403
 150.80686309 162.65393887 179.88953749 186.89234184 153.64189372
 180.74762205 160.80181052 147.65862175 162.6243533  135.87618234
 166.01914533 167.84137039 188.94082609 138.87538931 156.5049231
 216.65924628 223.00771368 174.08058279 183.06971454 207.77408545
 167.30245661 182.0296398  162.47856965 158.2511634  144.65027395
 183.0980193  147.07296023 181.43413365 189.45205595 164.24350444
 165.4240981  156.35067876 197.11855771 128.38889096 177.80635393
 176.4256437  179.23732    174.53613754 162.4825956  139.65245296
 175.80196981 199.2563811  183.43587484 203.3832169  163.08362423
 143.94751784 157.88459329 206.55879409 159.61588783 181.14536283
 172.40405147 177.60088384 147.66222253 200.02125788 172.29676266
 194.611957   178.10965034 179.90930828 179.03785032 169.17614507
 221.96788978 180.19545406 153.58931834 121.86546865 186.61486546
 187.88277729 199.02384091 188.49268736 186.40676424 173.70449076
 170.65120518 208.31005912 168.11095538 151.2629889  225.8821813
 188.4242141  201.02779166 174.27472332 173.44788873 149.66708849
 169.58913794 142.02786743 185.3491119  182.64167837 185.3684562
 170.91917481 172.78363491 177.06127761 184.11982593 169.42939924
 203.14079132 160.0992725  168.2095018  191.0051732  182.72017435
 176.23933039 178.58816838 139.1669368  190.73168475 204.43857213
 171.32792135 223.61619822 176.0681221  171.33011451 180.85740404
 203.02102664 178.80351854 194.59064115 162.35325462 195.12728865
 167.46394473 159.68620869 173.66208909 164.60078502 196.76236364
 196.16146446 159.30996633 219.006296   204.48050703 162.20994778]
2025-06-23 17:04:31 INFO Expected Optimum FE: -100
2025-06-23 17:04:31 INFO Unimodal AOCC mean: nan
2025-06-23 17:04:31 INFO Multimodal (single component) AOCC mean: nan
2025-06-23 17:04:31 INFO Multimodal (multiple components) AOCC mean: 0.0000
2025-06-23 17:04:31 INFO AOCC mean: 0.0000
2025-06-23 17:04:31 INFO Run function 24 complete. FEHistory len: 600, AOCC: 0.0000
2025-06-23 17:04:31 INFO FeHistory: [200.28706205 191.88744093 189.03579769 160.92960862 212.34542353
 202.49154608 185.3987792  223.08225442 202.33921635 179.85379569
 179.56929233 190.82949517 178.01420612 167.44125769 216.09882166
 169.75428731 185.53919304 174.46783146 179.67742107 183.40401054
 191.02622665 178.81269237 196.19657435 177.0580571  217.0888365
 197.3172376  210.65209327 166.73311434 182.80196763 162.44414708
 208.17017764 188.79653479 175.77928103 140.74618262 134.99356014
 209.61172344 174.50824349 204.10737497 212.08158881 224.3258782
 137.58923952 181.2049305  187.06786858 189.86729079 153.07986265
 191.24233119 172.05821602 162.6391468  192.27876775 214.50654764
 216.76988473 208.68774601 194.13843084 198.13316991 213.39776405
 215.86988491 196.33952284 148.05351466 202.30448634 211.47131358
 176.43456219 204.73562881 175.83930743 189.05785008 162.15354855
 215.83232496 182.58604065 200.17088131 181.82571867 212.89726467
 180.07818258 179.25268831 192.04679391 211.86498611 219.06701956
 205.76292027 212.08757973 142.43396454 194.22513775 212.70880126
 174.26530853 213.20593418 241.37393346 195.50525461 186.63109003
 200.60002609 180.56285125 189.32993526 165.29596968 186.97362877
 207.89733849 197.55128981 157.20822174 156.19223253 203.92438455
 161.93494247 216.22475495 150.77852696 163.26376083 173.14059256
 209.49314349 187.26342288 174.35374242 155.19713011 163.42982543
 212.51698468 171.61543977 196.97338862 159.16870616 169.89880259
 189.467848   161.14048536 192.48763659 203.43345528 150.20574221
 185.1294477  189.10825154 169.8939876  188.91939367 198.61729305
 214.37370258 180.11776521 181.98352271 199.95467327 186.98241303
 202.50358837 146.76745887 204.31884659 153.85613027 236.88453454
 208.51855489 230.8564222  198.48689655 207.64999064 190.30556993
 211.01229255 174.90689129 165.80434319 183.87371882 194.97122747
 175.76656167 184.30833808 168.36033785 211.06454799 173.07427228
 154.2254617  153.85526836 166.33656342 177.30251332 216.38898058
 188.40106827 193.56267286 177.37151818 195.425297   222.81718025
 188.70801108 190.34089613 154.24069452 192.55335212 188.77927624
 174.0226299  188.2638586  158.18170606 202.62548438 185.08753544
 204.26507162 188.39999888 199.10161132 195.60274905 161.40225186
 189.95759544 176.08338016 205.00672682 159.76781119 178.21089535
 159.97769157 167.80074577 179.75726392 162.97715786 196.67138203
 200.05131658 208.32033651 165.33152569 239.01634682 207.86036122
 175.67490968 202.25447046 154.7317615  151.85250817 153.45774721
 170.79461717 203.82688214 228.46493839 177.16203221 205.9691273
 212.24724809 188.3595104  147.51482118 189.67003936 202.55392878
 188.21113206 185.08246194 200.68367978 216.29296156 196.36228617
 180.79520154 183.11872443 199.904941   186.06815566 200.75469081
 201.97624586 182.36075459 177.12502342 205.53980491 176.92051024
 205.04516759 217.79495218 189.74005828 165.68135332 189.05759385
 173.74070878 198.14327251 190.93365775 154.25707144 223.39304803
 200.69129356 201.07751292 186.80741549 142.93701583 183.34279727
 174.74070013 148.5127153  200.81243584 173.72643643 192.29575698
 193.76905599 198.14169587 175.61520823 205.44566456 210.49746489
 191.58502305 167.10590181 192.43280593 166.53516098 202.84423416
 148.17397675 188.29814161 226.89069309 189.38593638 196.81973839
 173.51423945 218.76332049 166.37781166 186.69759756 155.95199777
 180.49295128 220.12936575 195.86929684 170.39332568 153.40119584
 166.85681767 160.47769175 210.43865401 179.04069126 150.72963151
 156.12187198 197.75677857 199.97517055 172.33726739 183.7642269
 176.56276476 188.19566822 189.9757249  176.50720527 221.31163074
 194.7373319  229.06206382 242.6654873  154.69360404 173.5002275
 226.46540401 191.98794133 192.88291023 185.34674436 198.04602761
 197.54543663 170.13544447 190.97926398 212.56987912 199.01158542
 185.51646095 176.8006045  196.44910032 178.35902814 187.12547782
 199.67276737 187.04249606 163.75668778 211.54798805 185.43817839
 210.71763472 190.2860709  172.64689707 168.02978856 239.83951706
 199.07614189 208.98216986 215.90313459 177.14649441 179.27323647
 154.33227698 207.02254027 198.9731703  207.29910827 229.03381275
 168.84066736 226.29600112 213.99228092 186.4709975  219.71280545
 198.76602853 214.07311595 184.46573304 169.79591262 209.1890251
 213.93358674 193.95703019 207.72817273 226.33020261 225.64044213
 190.39919472 186.60783564 202.52873095 157.44390338 158.01366722
 205.96095706 184.83112738 222.61247644 205.88702646 205.03764422
 214.04989255 210.62761906 196.2960854  197.35541091 166.33525544
 132.66358899 176.35514697 162.75127905 202.46191589 221.74960925
 219.57161282 176.19397697 192.70689521 170.79748032 238.26677784
 213.94368953 204.08117837 165.81624503 193.08510636 186.67311737
 162.97884287 215.65393409 233.23601638 208.02232729 155.19245899
 211.51525905 188.69926709 208.23589765 198.1428777  208.11691104
 165.45847783 208.47565784 189.30196611 188.70251357 207.97133116
 160.47539479 191.93320456 204.452863   188.49808606 200.7933363
 196.45453632 221.00137026 192.80721287 211.22574243 165.9540251
 243.66587652 226.4418712  214.23293939 164.16977085 209.94374967
 230.8751785  207.39413896 161.29299143 190.24836646 233.58513981
 194.82104391 251.8999752  184.99910781 176.64331721 187.55303256
 188.28127727 198.1342773  186.44110838 175.7111511  211.3552996
 202.7296396  171.03823118 215.97371965 158.25315315 225.57208006
 225.48548727 159.24284212 210.62977315 196.89922644 163.26829154
 187.74562831 222.69322514 181.43427559 178.247971   199.32233364
 228.00099792 212.46923939 190.366454   194.91614367 196.31373324
 203.15814812 228.73161749 179.74134126 169.42866424 196.27196176
 214.45939206 241.72188485 170.48897576 202.12722565 191.48503128
 160.07666248 184.46631636 202.25437912 228.04599251 204.71111627
 161.93747728 246.06826724 193.26895507 219.79988072 199.59417966
 190.50684618 192.08423299 197.6284552  215.85843169 193.49665216
 233.2448481  205.71196728 187.48264942 203.20753583 216.95048532
 183.83827184 236.4820473  243.67530002 230.94326977 175.28842715
 194.44189047 189.24709685 160.83700582 168.50231185 206.91142705
 217.05179141 203.97264157 201.24756355 199.73681679 196.01688713
 212.4437284  145.73262517 216.38817949 192.42232753 202.43295692
 181.08516101 204.79995915 221.91094209 202.56898635 222.1124621
 197.00823168 218.25758315 204.67881742 238.53187222 219.77792792
 186.86485234 232.60019667 207.65208989 228.91143889 171.87902568
 202.74970051 205.32807763 194.63586214 186.52086962 233.53226759
 200.60434031 187.86505548 199.76029694 166.46353991 205.68173716
 177.47310686 200.41239891 212.59809917 172.28824776 169.63290395
 220.75109873 180.46293633 191.09642324 213.84617978 153.37476153
 164.26457011 214.85677829 246.47828643 185.93684454 182.61244057
 205.18160129 230.94150821 174.31722335 187.39893364 172.15428057
 195.2672355  190.94885127 202.66314262 196.43865835 203.78804625
 205.77283197 242.5721505  192.05231597 178.36622929 188.97921378
 177.94189454 201.39905795 197.24610486 185.71361259 201.30689999
 221.31534548 188.44985763 202.34425896 213.63522005 204.27228289
 179.44377983 158.93504398 194.08958807 212.61473284 194.08800915
 223.78011139 165.23042147 184.88278817 202.27215137 197.39950106
 173.83649474 197.35688414 177.3208205  230.2222491  235.68186873
 226.74043182 180.59672427 172.70280806 232.57415608 185.27792635
 202.23643095 176.48369799 218.78034585 203.15288434 155.18410038
 215.12237191 164.80047645 224.71260666 185.04983104 205.34070877
 158.15803627 169.47173663 200.13831937 206.26095072 195.598786
 226.27477825 238.41519046 196.00237494 218.86829031 202.7145278
 201.79716184 192.45760544 194.2843223  169.03260966 178.37634238
 207.15524367 208.54829826 216.62857057 209.50201105 190.31339258
 230.5698098  212.57937549 205.82033226 183.68873479 213.59094289
 199.65866607 181.42024549 171.21776221 215.68511913 183.99549567]
2025-06-23 17:04:31 INFO Expected Optimum FE: -100
2025-06-23 17:04:31 INFO Unimodal AOCC mean: nan
2025-06-23 17:04:31 INFO Multimodal (single component) AOCC mean: nan
2025-06-23 17:04:31 INFO Multimodal (multiple components) AOCC mean: 0.0000
2025-06-23 17:04:31 INFO AOCC mean: 0.0000
