2025-06-24 17:50:31 INFO --- GNBG Problem Parameters for f16 ---
  Dimension: 30, MaxEvals: 1000000
  Search Bounds: [-100, 100]
  Number of Components: 5
  Known Optimum Value: -5000.000000
  Lambda (Curvature): [1 1 1 1 1]
  Mu (Asymmetry/Depth): [0 0 0 0 0 0 0 0 0 0]
----------------------------------------
2025-06-24 17:50:32 ERROR Can not run the algorithm
2025-06-24 17:50:33 INFO Run function 16 complete. FEHistory len: 3665, AOCC: 0.0000
2025-06-24 17:50:33 INFO FeHistory: [125693.48134288 115342.41183532  95734.12858532 ...  73809.19165209
  74123.33120939  74440.8730714 ]
2025-06-24 17:50:33 INFO Expected Optimum FE: -5000
2025-06-24 17:50:33 INFO --- GNBG Problem Parameters for f18 ---
  Dimension: 30, MaxEvals: 1000000
  Search Bounds: [-100, 100]
  Number of Components: 5
  Known Optimum Value: -5000.000000
  Lambda (Curvature): [1 1 1 1 1]
  Mu (Asymmetry/Depth): [0.22159228 0.42314776 0.4901829  0.25862884 0.37043014 0.37440768
 0.26098797 0.491006   0.27569772 0.45404864]
----------------------------------------
2025-06-24 17:50:33 ERROR Can not run the algorithm
2025-06-24 17:50:34 INFO Run function 18 complete. FEHistory len: 3769, AOCC: 0.0000
2025-06-24 17:50:34 INFO FeHistory: [160213.846011   193292.90690844 131929.89406137 ... 107773.03394395
 107782.96856421 107944.0261468 ]
2025-06-24 17:50:34 INFO Expected Optimum FE: -5000
2025-06-24 17:50:34 INFO --- GNBG Problem Parameters for f19 ---
  Dimension: 30, MaxEvals: 1000000
  Search Bounds: [-100, 100]
  Number of Components: 5
  Known Optimum Value: -5000.000000
  Lambda (Curvature): [1 1 1 1 1]
  Mu (Asymmetry/Depth): [0.5 0.5 0.5 0.5 0.5 0.5 0.5 0.5 0.5 0.5]
----------------------------------------
2025-06-24 17:50:35 ERROR Can not run the algorithm
2025-06-24 17:50:35 INFO Run function 19 complete. FEHistory len: 3668, AOCC: 0.0000
2025-06-24 17:50:35 INFO FeHistory: [161295.80297498 204708.59883404 195281.49025282 ... 115355.36851127
 115638.95080815 116241.13491521]
2025-06-24 17:50:35 INFO Expected Optimum FE: -5000
2025-06-24 17:50:35 INFO Unimodal AOCC mean: nan
2025-06-24 17:50:35 INFO Multimodal (single component) AOCC mean: nan
2025-06-24 17:50:35 INFO Multimodal (multiple components) AOCC mean: 0.0000
2025-06-24 17:50:35 INFO AOCC mean: 0.0000
2025-06-24 17:50:35 INFO Weighed AOCC mean: nan
2025-06-24 17:52:14 INFO --- GNBG Problem Parameters for f16 ---
  Dimension: 30, MaxEvals: 1000000
  Search Bounds: [-100, 100]
  Number of Components: 5
  Known Optimum Value: -5000.000000
  Lambda (Curvature): [1 1 1 1 1]
  Mu (Asymmetry/Depth): [0 0 0 0 0 0 0 0 0 0]
----------------------------------------
2025-06-24 17:52:15 ERROR Can not run the algorithm
2025-06-24 17:52:15 INFO Run function 16 complete. FEHistory len: 501, AOCC: 0.0000
2025-06-24 17:52:15 INFO FeHistory: [154690.20208659 180870.57973413 116833.48849165 101821.78325468
 137712.99002334 162177.71158425 160015.82250912 105595.9878953
 116390.32966084 123938.04435275 132871.7050156  129304.09261463
 152167.18282977 129213.74226364 131599.26843726 147518.29683031
 126158.30661429 140482.96785852 139835.7357061  147717.70501067
 127601.70393963 135765.22479264 194128.75340844 116723.65230263
  85342.16269597 109513.35823608 127946.91770067 124845.00884274
 124309.57696738  93651.73177097  80221.04023124 125955.23720322
 127964.77331197 120278.64237701 142416.98487954 124917.38755675
 122653.03596063 120453.14455901 150684.61662923 143186.14686966
 158295.7057612  174861.49490965 142284.79671146 118226.92746165
 164861.26443719 133914.34583474 159426.89924139 118907.77885351
  95865.22312606 136069.63364178 125750.76275151 126678.06783436
 110762.60958127 102875.72806394 124566.04219548 148420.77803084
 109998.93860571 126860.06196422 150086.51608072 142330.58555337
 120829.04717486  83277.82042026 148480.90882441 133723.61292726
 132974.27931824 108471.95035312 139082.92034294 110141.04922873
 144428.87318388 151564.15648024 145208.35829412 115484.76647424
 115052.12004431 133757.9777748  123074.2199767  126326.19899212
 118219.11125052 140245.12628218 145935.88475303 129933.01570282
  70618.07190943 126346.76044199 138263.36375983 130794.95588818
  70642.79695138 125900.19571401 106922.79672824 170829.21783097
 142128.42351339  79060.54038477 144745.58723086 165990.02817801
  69344.96323882 132801.30595351 112026.71813718 136754.3884937
 127626.62961504  93930.34055732  87861.39333363 164683.71122382
 170837.5242393  158807.08646568 170782.04531646  95476.11286828
 136393.7100915  172652.72434326 116579.72502851 117579.71516669
 109209.67711398 133184.71909753 107350.83054146 140033.40573315
 147507.9488732  128405.38881129 119281.97871156 159049.77020826
 124223.62252277 173571.34981318  88015.66200213 148201.43837126
 125907.63004195  98763.08782778 104180.50850891 178778.99610294
 123608.76094384 149312.07003202 103836.8440349  152988.83737125
 135677.60369501  93679.30938039 112518.30847878 116468.44286782
 112155.98437232 155665.75529722 142651.28512502 149122.97746402
 136141.93932242 172868.68349363 104928.99566078 161148.39547436
 147670.20664431 107606.65253975 139397.20849109 112051.82387485
 115689.81019591 112040.56765748 132454.40019014 129669.45640527
 151786.12845029 127256.27181884 149668.63029921 129772.69659366
 159996.01328432 144248.84789331 165060.10675804 118526.92606221
 133865.0151345  115543.99678421 126507.53875048 131617.94732623
 150481.50337643 113696.53305344  94928.43557607  96830.16088709
 125487.00432539 106101.72067435 153003.24098169 122622.06956933
 137744.809872    98554.75470922 124277.32814172 108599.76398299
 135977.33252937 143915.03499464  83488.24120244 140900.13798317
 149631.45244959 125298.68306272 122464.3155212  172978.94463173
 118502.96203169 128502.19525572 141876.46832956 137500.38573983
 163457.87426248 150392.46675688 167840.21170042 152469.67550348
 144438.52386723 105513.18777991 143283.92327066 114180.01539432
 155604.895236   145702.17386574 141840.58366794 145764.98858426
 164264.9419086  123570.4302156  141963.60383673 154728.13007943
 118494.37226147 153632.74033045 171809.69848207 136612.86500659
 107748.50384985  96792.8612384  159408.023853   142750.34478481
 171196.05657073 196759.77875441 112087.76333894  90789.50023387
 144376.11622744 156437.07620882 161349.43507645 118983.42020759
 110176.24212239 130120.44311654  80149.12835169 125233.28221966
  91923.19512618 166475.19731399 110034.84741442 142062.65843741
 119490.22283168 147172.49098321 139747.25749542 145428.61168808
 108672.10722494 104933.16827765 140147.10685838 120595.43399253
 164228.82490778 133722.11789147 123379.42141463 122553.72507321
  66676.00507828 113459.55007857 107974.06525904  90561.99123207
 119349.68798515  91855.38014727 118742.51566628 156831.11845759
 123499.26790444 131274.24580781 116615.21175517  95426.18744229
 124069.36933641 114832.55532402 163058.21531363 150544.1891675
 108355.1496591  133021.74218099 145931.72247923 197210.53509337
 141806.6924331  114265.83058213 134671.87597728 123418.62182687
 161958.19222128 154054.5178901  140315.14735435 122736.77114563
  95670.70280266 168131.59176776 136633.46864428 135030.78322058
 142082.92566813 143264.3641838  145322.73130043 165942.64076148
 190092.09994584 120503.47795856 148896.06304982 145924.90520857
 160145.9562208  138318.10275464 155003.74170876 123396.10539292
 169379.85059538 155196.27608454 184457.05529737 138498.85932272
 146839.30466669 161016.36162983 161855.27275028  99376.91481478
 191538.27125066 115395.46526039 177782.30294224 153819.9965042
 112863.61494722 125869.88478432 112479.60539048 158368.8087611
 161226.72029175 135158.42533527 142181.66149789 162972.76018301
 134743.52375701 124684.93990525 124044.04759247 167859.53600059
 162782.69886561 115288.59765725 102756.79254673 185253.95439232
 116840.60220078 170897.31280293 154171.68737247 152915.79944007
 110544.65805876 134652.421095   124005.30590855  63795.93582427
 164672.19663288 151134.92367309 102432.27500449 118417.95932642
 160163.30003979 154150.40448021 153295.3386716  120388.76081242
 178312.77169975 112395.33685239 165978.06655493 143286.89359077
 151681.43968212 106515.56057663 112031.12932792 169502.14142455
 152360.91433474 133090.15073559 123307.04044681 134575.30392463
 134587.48126253 162546.77835308 134524.73049381 126876.01071037
 158506.50076645 197293.91673012 138081.54880063 134662.05375419
 138054.9359432  142262.66802697 114000.40094821 160541.70024933
 131640.8234055  152494.30975866 129231.76938484 207849.64253156
 191421.70852623 115017.65498427 108819.86926523 132819.31174345
 153244.31456639 157946.94953663 141871.91449924 195220.8913468
 164215.22170974 170353.93760766 148967.94406235 166720.98702871
 163642.24778978 166433.39117078 139011.3653314  107321.664666
 104715.4248911  138809.18039134 131160.68966992 114799.61477533
 133271.98198383 101985.65996744 172052.78938558 148216.44808467
 137248.54698919 129803.92313462 163106.67423428 107309.81907501
 108597.61520502 160274.835636   161017.85775389 132604.47481342
 195538.92705848 193377.5959051   87647.06999268 159277.34303255
 113127.66017203 189459.9597675  140077.06292592 122985.64917489
 138631.3814648  126187.64920449 132948.89511595 125542.94164971
 163779.88384914 117316.61281769 104276.66740554 106671.42591455
 110439.04581825 157577.92018987 134216.20669669 181034.07685531
 154483.45508962 185069.84841785 167299.22572024  99102.55711448
 146845.42629425 176043.91345263 177630.93345008 105560.91430928
 173316.48725026 148057.86178125 189141.95169743 177588.29468601
 125821.40614595 168796.46598774 227510.19584013 106843.75660761
 165028.0199077  145536.86810161 140526.21765835 165991.18446781
 128451.19844853 114500.06981126 119764.26266581 126379.67371682
 168102.17895609 150771.00030521 203418.01817832 195030.81676908
 100783.85564767 156158.51625715 169304.35225534 122557.52347146
 197248.87477495 189577.26089967 106160.22901533 135014.45387338
 189162.80181873 133469.45289991 154163.41304371 109572.84229698
 129299.07719467 157764.29144774 130338.93114025 151565.23508464
 148514.74650559 146300.27950189 163574.67465097 106628.04086079
 195271.38779962  89635.73866386 147470.35976078 142605.03782269
 192415.21534476 115474.84531798 144840.56470449 193031.17252076
 133605.57083216 139118.00786452 113423.37338817 192895.16193854
 137649.72555636 131766.25820183 105534.79771719 121065.49665532
 121717.10213944 132164.71159963 114976.20673282 181513.92962773
 130992.8136858  130175.43998535 114330.31964764 105682.83425198
 132675.91922871 162312.40712358 158302.78683733 126573.79085575
 167738.85425384 182427.59856139 144647.28788249 143476.55302418
 165469.48882485 100265.48780813 139867.02166196 148262.70797306
 129343.77985264 137786.62013993 126614.69226475 119575.09516244
 150666.35219115 159435.81355878 170006.19733867 114806.78610428
 104652.50626407 160652.85516155  97558.0088187  139621.89126812
 125481.42491404]
2025-06-24 17:52:15 INFO Expected Optimum FE: -5000
2025-06-24 17:52:15 INFO --- GNBG Problem Parameters for f18 ---
  Dimension: 30, MaxEvals: 1000000
  Search Bounds: [-100, 100]
  Number of Components: 5
  Known Optimum Value: -5000.000000
  Lambda (Curvature): [1 1 1 1 1]
  Mu (Asymmetry/Depth): [0.22159228 0.42314776 0.4901829  0.25862884 0.37043014 0.37440768
 0.26098797 0.491006   0.27569772 0.45404864]
----------------------------------------
2025-06-24 17:52:15 ERROR Can not run the algorithm
2025-06-24 17:52:16 INFO Run function 18 complete. FEHistory len: 501, AOCC: 0.0000
2025-06-24 17:52:16 INFO FeHistory: [180429.21293112 208849.76813986 222899.85567246 133732.91206373
 139988.35763354 244815.36172336  92743.30059059 137071.72217962
 159553.84036917 225655.61857953 196925.33575592 179339.185022
 122244.56540572 215914.45216177 118114.65360701 169451.01627326
 172391.32433543 104472.43243758 186821.00803504 215890.65332095
 116461.97372882  82996.82734925 106334.89913118 173880.79815673
 107599.96200959 131697.89096788  96973.85054832 202359.59465787
 106726.92688976 108959.80612865 138478.29662803 185642.41940874
 165113.79358925  92086.88643079 149627.58198241 124822.86030714
 157249.27723243 127388.92127278 109503.69582218 132984.94334191
 167673.39763846 166326.37442888 202492.11664408 227251.83494061
 202569.94195446 189871.19913345 161545.39024972 152728.8395277
 191253.84878679 163244.45348887 131407.82319548 101106.42641665
 171925.32646257 125943.10163245 221670.35299859 171038.65775669
 140317.1920108  251457.69671217 124111.55790804 169083.58998494
 208996.79299138 115088.77068057 119228.73651593 167407.0223938
 152033.22496602 129739.8438122  133971.72626888 133511.45428206
 186706.9825682  163024.5649793  130589.70815569 170664.86636139
 142977.88644475 134263.32275219 116465.13891312 179405.81669241
 125394.81399523 127845.44044955 148131.83719933 105200.7343387
 145188.28048468 221714.71514566 134420.00613369 161552.65561293
 204140.23658547 107869.09418425 208053.99818074 189114.75603727
 165526.93961324 155591.1595067  144168.77833833 168944.57356503
 126493.98932861 125610.45635115 148059.47983797 161360.98361199
 217741.06621101 151268.53910393 127863.4826731  133669.49758562
 169935.65415549 172224.85105951 133295.64261682 145148.56361713
 136903.08679854 165394.2799481  195841.99817743 158696.0271556
 138915.07156249 187457.37101078 181603.63483885 176098.18237726
 163337.53447389 248041.53473866 146490.39385668 120350.88421767
 148912.95992009 123507.08053145 116069.18563511 100816.55604638
 176830.15842587 138871.78829944  96664.75450727 108554.04069269
 121627.69959142 119478.5511964  129061.6588074  142565.17237239
 135429.56920839 141610.94302069 140428.84898711 164381.86836059
 146457.83031905 132206.34964395 153251.30763572 125224.28899
 299946.96226761 173066.43038562  98902.11653433 120827.43425853
 274418.006271   176196.20242033 214263.25045399 186084.3123175
 133184.47300544 104477.62833984 146438.75724823 125501.47813288
 114851.6419298  171336.30207673 147139.53270271 119473.05961869
 140893.43843399  96590.57143222 170604.27135401 149473.57421958
 133205.40717634 217539.15599025 126915.21356168 128345.09966334
 171761.20831335 181835.63758249 146534.53940285 167473.64854469
  81305.56982624 105266.17578534 140449.60677508 142389.73291475
  98526.6571669  143131.82719529 184832.22289056 103136.33967855
 136846.51581832 191653.46551611 170607.22641122 216617.14617095
 147890.36793946 173420.47426058 155167.28021518 123886.19229339
 101544.92417217 143194.11057102 123467.37076975 132338.41299488
 146007.31809034 101915.87887572 200495.27447083 191849.92945149
 159606.13888469 168225.94432782 194096.37728839 155722.60119149
 187316.4246016  178356.20021593 139766.53583496 128528.45369919
 172366.65849618 152615.8119025  209887.42923156 178891.42365427
 138944.55029545 169451.8112848  133793.27102015 201904.01331324
 134601.05541346 164195.79414268 158684.18465632 128905.46367462
 191297.11039314 146146.14992449 163024.84168224 109093.79638487
 127724.49548886 109022.08867669 115020.37183885 141766.87129114
 152290.67636003 142313.83818789 178258.77664499 192950.55119842
 167975.29160849 157985.71741564 145071.99059813 145587.44354438
 128681.86700083 153727.98971541  99664.06931643 122759.24412233
 110060.15374979 118267.51471645 179842.75093153 158095.09902775
 162918.50578778 110929.92681379 153918.50475103 127582.88551797
 149385.84703781 159278.28250282 135918.4270808  179442.71348204
 134785.81114808 173315.34792338  99045.25228166 141986.50091324
 150157.91456626 139391.88196743 133089.20711885  99867.60309797
 145427.97160419 181683.38003572 176411.37309367 162127.46215982
 215242.2320134  186184.66813822 159903.60944209 194648.11474655
 157914.94704367  89286.17034518 141568.5931413  124643.91989446
 115489.81560677 212338.53576461 150410.2662741  193677.08040529
 183304.17263914 169227.69959452 173265.79580637 130122.62141888
 208309.91500983 194047.62720705  85297.35649065 152635.99194421
 149346.43262416 142371.2061815  149846.7694304  130923.99901322
 163664.91652521 119693.00407917 122899.3074568  235139.59150501
 151216.77179549 147240.48466443 122708.92334701 105900.66791865
 135378.14530401 131223.08749034 134037.05956278 224160.07143143
 146637.68583392 164023.64487939 163555.73532994 129667.74636371
 196695.59119448  89528.08819572 225177.25339279 119393.54113339
 135504.80300304 116051.5096332  105549.96674799 119986.81277837
  89416.43038884  93173.26197112 189769.74333169 163335.63972977
 172956.56943909 192742.29599249 169691.3990554  149265.11791493
 145140.91954028 164911.74389885 175755.04946593 118364.96786225
 121653.25690336 193561.30876434 144519.69589911 173643.29384433
 126637.56593088 202110.07791541 150188.30354386 172582.98645294
 108095.19602703 221999.60827185 205944.8233916  182161.66334108
 167653.24730599 156300.80479991 159196.76991642  73335.52338104
 138783.00870456 150364.41852112 160850.06828146 162540.18216726
 176244.62760087 175036.46331991 145791.5403702  103302.31011323
 169573.45527351 178790.38353127 133458.41065369 221145.39176206
 139751.08339056 152008.7319812  153499.17286372 143891.11441155
 234300.03820726 137087.36701017 113049.84025613 109959.41207679
 126282.487547   183443.02362774 127428.29890361 166597.2379559
 113209.67692617 172757.6638274  113198.45688195 171637.62408919
 215669.35201773 141587.48679874 149783.17974622 166207.81644609
 147986.88848871 134125.91433275 140025.69916867 123003.15734336
 176897.43039088 108401.78664522 198757.32507138 197616.46415107
 144112.01032332 160176.86495877 133829.66865083 130198.68928541
 140520.13049024 151744.01309875 127462.84196264 168353.67796185
 212011.69412666 122158.27344234 156565.38894944 145088.64982847
 160815.04826693 119464.94505158 125362.5801074  137063.038469
 148177.97127048 242749.03099761 162006.86391126 148614.41319402
 200208.60193367 159650.15212476  79743.43236446 143565.12979171
 117054.57917566 257096.80950746 238035.03550246 157811.90555965
  83880.94818835 126129.81255612 161341.09339879 123721.83562986
 201074.99239328 116683.79548472 141710.87792305 120554.77789431
 220730.04265195 117154.25648999 137674.15783996 128227.34434165
 140256.60020334 200797.00930918 211267.86209215 153995.14738878
 160355.77746754 103141.33503435 179160.02323902 138059.81585075
 202579.83918118 139859.14241752  87781.4812388  252784.26314493
 173987.57684557 137135.48808445 181119.28863408 186550.3578303
 158425.24224706  95023.36549662 306768.81466133 143947.71924753
 169554.66967633 177229.23712149 161340.69718391 169044.96120899
 162647.31822756 133996.98922804 107313.08930549 121970.18627403
 141638.12409206 156777.23367226 110106.87163025 238315.47917126
 174586.58784304 213215.11837124 152453.94198795 277476.16731795
 150740.38460497 147613.22608144 174361.57311225 173380.90116044
 209734.62875265 223359.91203511 183132.09779682 131345.28825701
 154094.96702184 143963.91693242 108718.39556903 119695.31485672
 222281.91630613 175796.80505411 252666.08767501 170289.07996762
 266563.97896938 130936.31691642 109513.67197552 191729.0423561
 121621.98006032 226702.84265728 167395.97045351 131826.0335169
 198681.28167986 127350.5645765  222273.11197572 160857.02043616
 159725.93620141 179690.09119571 127271.92088163 145951.50292672
 101264.48982728 158480.94396841  86595.45250486 150995.61956219
 205209.66731865 299524.21607825 182424.40894023 123528.21003488
 138363.26617516 147819.31545013 132819.36418461 190448.66296205
 193590.43393671 177828.05380069 167472.76984252 219975.45298313
 150221.72418186 205209.23823887 186933.17839028 234571.94627312
 115015.1293397  113122.06662493 231789.03242292 206043.63042527
 228488.28436266]
2025-06-24 17:52:16 INFO Expected Optimum FE: -5000
2025-06-24 17:52:16 INFO --- GNBG Problem Parameters for f19 ---
  Dimension: 30, MaxEvals: 1000000
  Search Bounds: [-100, 100]
  Number of Components: 5
  Known Optimum Value: -5000.000000
  Lambda (Curvature): [1 1 1 1 1]
  Mu (Asymmetry/Depth): [0.5 0.5 0.5 0.5 0.5 0.5 0.5 0.5 0.5 0.5]
----------------------------------------
2025-06-24 17:52:16 ERROR Can not run the algorithm
2025-06-24 17:52:16 INFO Run function 19 complete. FEHistory len: 501, AOCC: 0.0000
2025-06-24 17:52:16 INFO FeHistory: [159247.86178684 137259.69325421 154423.11805886 259254.58529781
 197425.14001398 180518.69525126 199991.56331554 162443.3992327
 118391.50308704 154626.05611336 233297.48081043 175985.58401476
 179686.86198532 118810.38865572 171416.12145212 120640.13065692
 211749.70538127 226705.68835117 138855.66359158 137409.97535196
 123991.57273837 145860.2703326  163738.29858241 146458.25206147
 157882.12148964 161472.22714733 171983.39704669 111715.66569621
 161040.22535415 163238.05890641 116962.7536092  167841.10213371
 161867.07783699 264456.61855192 135780.45410929 131034.78423448
 149630.86734988 213498.10693725 208647.59691585 182206.09219841
 157127.10447846 184580.65637176 136193.35423844 103181.11765438
 153494.56717561 135855.64646748 305084.44014515 252596.40572815
 126054.26537662 244974.73688508 130900.98117937 211568.19928347
 262121.49592859 133467.24379152 215224.89553759 203225.12102854
 145753.9092783  145115.04355892 202994.20113186 150387.23265102
 185285.02399425 297263.51909251 269123.87769185 189199.98925633
 131198.97969757 136497.24451503 171248.48958198 308990.87085514
 233454.54425698  97712.98462662 109975.01789662 137981.17841645
 176494.58163652 218540.00564641  94665.0805017  200675.2527194
 112666.53016754 274258.25938348 167183.65787336 174678.55397078
 227836.09850211 215296.24292724 362840.13389944 153773.79987069
 194168.41918547 187901.01025463  83289.05875361 152845.93229811
 186159.23623184 119788.15081075 214026.73825172 156204.2461309
 150704.63301965 117073.16848269 180318.75635038 175865.92947419
  88690.84042299 177317.14270772 123257.91258985 234246.60550923
 166171.084236   207573.81670476 166641.90613763 117449.86683548
 153162.97366804 176620.81343171 188512.10748428 241167.03680763
 205458.46096613 120519.61493672 236768.78424939 138916.85294757
 184966.28461259 284182.96897566 111724.15012953 151612.40858814
 192413.65640128 166645.04927437 162825.35352855 170051.87992257
 108294.58649181 205919.67775915 162114.01729522 134310.52672999
 132912.34694486 153274.39758731 168340.41252118 228007.05918341
 134713.97948883 194884.83209127 128055.4660796  202524.73538379
 238247.74165159 150924.32112682 209514.53873158 243711.4891979
 163128.56482943 227051.34821699 186605.39762008 175062.08288953
 170713.76485117 173684.0835648  104917.04619782 158325.69885431
 189998.97220976 149680.92229678 305412.79448944 184936.20633586
 211321.65943906 137423.9895602  173800.26912718 107018.97729572
 140667.32482096 101263.34851892 270359.35335517 120407.18305293
 197459.49202774 163855.22188691 265002.55369817 175833.96152846
 262413.68766837 171735.33218307 164257.13366428 136237.04773367
 261132.64800944 203396.98793231 126301.96468382 172196.87642047
 128633.62847354 186608.45589713 116931.7805591  119425.96319087
 172278.5316685  207302.9791362  128235.95738059 169378.90560837
  93447.11111069 146943.67788919 200769.48969615 116964.30651556
 196535.88916167 185802.8436184  104686.9282013  130997.29726558
 133717.61076424 119972.73728662 144439.15544045 223533.59401387
 151096.82080548 145514.85204728 271442.89244392 196854.43019217
 229801.31071221 155355.57960854 158301.51439191 167145.74973468
 139587.14037483 179288.4240869  164934.39446964 163812.21081614
 242802.51231087 179928.35905234 144388.47086517 222373.84715932
 203249.7552707  133773.34811948 219305.04356363 200884.52503764
 150201.63598276 179853.30601918 209591.92000372 174159.27428388
 183009.14192932 132448.43474021 203856.85587335 246468.67078959
  89155.27282055 185854.22048658 144666.8068424  129191.95679988
 138181.13127044 142333.87921396 164463.07789922 166805.021761
 161573.85641872 126955.33706447 144764.54262042 144536.20639693
 157294.1947014  148158.11826659 206753.90242609 201127.59919459
 228711.07580634 110444.66513309 120430.72354934 181047.4656707
 157440.2429331  255004.9846258  275398.04880161  83227.70104223
 116490.02836373 160957.60957931 246422.08698731 219312.56106459
 220039.61948534 102678.55496353 282048.13327259 183475.23944729
 163669.8901007  109693.73059299 114824.23465321 272362.03658542
 100189.94414207 182168.12597635  95378.43681545 211945.69403762
 151098.56100166 125476.07664436 241453.30664296  91834.76254361
 174125.04655558 204337.63169551 224984.38660899 119291.89482276
 267883.27290055 197767.0299714  175869.29032027 136492.22555778
 256557.34662101 160629.7451623  154068.70459517 201400.57911165
 191515.03921294 171977.11391171 184324.55691365  82681.23646991
 168281.97473801 199796.56744961 140652.55244074 250929.66568519
 219438.3827542  130004.85063728 260273.67992457 223903.37057345
 130742.03091041 140683.30299901 112649.15889058 199802.87125694
 153992.32946915 110531.7191443  134760.42600922 180648.00243212
 214180.34810473 137555.29661926 234260.76163868 195671.67489382
 210306.75279254 199709.34131631 250170.40419045 116987.36203256
 220269.40342098 177310.59456023 162477.13362496 232489.08752929
 205149.36982765 118915.50205051 201363.95485038 220825.13486426
 159274.96480948 128032.99265486 140059.25459063 171729.19159055
 195015.89172169 177521.49312548 120481.97089231 195985.54301899
 125580.77339638 278538.24563589 251318.77304854 110397.27448158
 171274.44926529 118553.75024208 233253.50932171 206205.15322585
 136648.38132225 175838.96408801 192641.26996041 116911.94867117
 155239.49305402 105909.81139316 219617.7645576  168721.69093611
 187483.65059393 218179.58375928 198218.88722658 112381.8459327
 234201.92477557 264975.85640473 140679.60003268 114914.09499239
 190685.64279886 142160.25326782 247211.58179094 227192.22521266
 170665.74633757 157346.10925505 111129.48963098  81104.56001097
 249444.26521355 107965.67668147 146997.1369981  221468.88349961
 166295.98108378 162400.70520224 277333.09779552 210119.22270352
 253738.21135181 313024.89484349 199456.72488294 191712.00936467
 229865.628392   169828.76756049 227634.74548972 270638.63066807
 134601.98625872 287761.02018914 167340.17045543 163110.11382834
 115044.95627815 153195.93197805 200044.5922919  165629.64236167
 244145.57921798 127440.55105217 153270.37226178 163835.7238292
 138791.63340746 237141.43324125 133191.16124153 196942.3362692
 137665.60477632 183108.61756332 148758.80005179 211214.50207832
 239415.95192717 235674.99152373 208728.03692886 216608.2512141
 115437.89095762 165949.39731619 136382.25569635 219829.51799463
 157821.44438585 143754.74049073 223677.18622306 130606.06918907
 135754.25459526 218017.05201693 226604.66266422 256049.34048092
 168711.51658186 180053.31724814 220669.60428678 146059.37791679
 248792.10167991 163950.02276194 129450.40787151 132752.8911464
  94007.00894435 176807.12179857 192557.44284227 174225.92261697
 104743.14625835 247586.12950802 248872.06368735 276004.82114699
 206791.6048287  147691.2730605  208957.61062496 166204.38686185
 157799.44527216 211728.17619204 203275.75753657 114677.82034217
 249310.29655675 216121.74360598 262149.41827703 226916.54731707
 143248.92036155 189983.55429811 195605.89629002 204378.53974833
 210963.53124202 163501.6257986  130231.56755375 152925.68025252
 234233.76473092 144679.64349609 138971.02290702 110238.8957416
 168710.41814396 101426.07926324 168969.27959425 236951.81110812
 220459.20719344 115499.51116725 184261.34989555 166946.91029877
 170316.6828484  283366.30408026 252068.92683316 229373.82680939
 169944.50608557 183122.97930248 143924.88202486 243591.59039952
 151635.04987022 231127.87339562 181835.02401714 117819.13356178
 220866.58464708 165141.46331373 186393.82090064 194076.32703747
 265434.39628464 175138.84058809 208765.93836199 236595.98142933
 208363.72027817 139645.3923979  242787.46272029 283035.17161526
 191151.91793485 189561.24536011 171573.95729865 165984.45702067
 249863.14170784 263105.47548907 139972.4262757  185905.88084617
 153446.36139781 199114.70867983 199985.86488068 289073.65481743
 165989.9206624  148400.45078382 262999.3783056  251334.57438913
 253909.9970723  229051.74133153 104931.14522075 248153.27067766
 144293.87867882 235800.11480952 184662.4132497  126230.73936713
 186327.17632728 155737.48307084 123412.31029084 130957.20704558
 218877.5492407 ]
2025-06-24 17:52:16 INFO Expected Optimum FE: -5000
2025-06-24 17:52:16 INFO Unimodal AOCC mean: nan
2025-06-24 17:52:16 INFO Multimodal (single component) AOCC mean: nan
2025-06-24 17:52:16 INFO Multimodal (multiple components) AOCC mean: 0.0000
2025-06-24 17:52:16 INFO AOCC mean: 0.0000
2025-06-24 17:52:16 INFO Weighed AOCC mean: nan
2025-06-24 17:54:14 INFO --- GNBG Problem Parameters for f16 ---
  Dimension: 30, MaxEvals: 1000000
  Search Bounds: [-100, 100]
  Number of Components: 5
  Known Optimum Value: -5000.000000
  Lambda (Curvature): [1 1 1 1 1]
  Mu (Asymmetry/Depth): [0 0 0 0 0 0 0 0 0 0]
----------------------------------------
2025-06-24 17:54:14 ERROR Can not run the algorithm
2025-06-24 17:54:14 INFO Run function 16 complete. FEHistory len: 250, AOCC: 0.0000
2025-06-24 17:54:14 INFO FeHistory: [116940.74490564 147475.3398184  143374.77159916 142090.51456551
 157829.18964703  97212.78340736 112837.73826938 183438.19676256
 110125.19532169 148201.64646744 104093.03900941 127156.53608503
 121914.47581924 143650.18807385 116261.26623937 109676.06632658
 191803.35002636 131370.1296594  157764.82097903 110940.27630703
  91929.6905678  156665.40392938 162313.24652944 106450.77946436
 129069.52160939 129723.60301473 163950.98376714 173172.33184988
 116009.98091339 140613.2117457  157651.44948716 113201.94622295
 124211.23106461 127787.03981277 130250.66029747 122941.00061397
 113906.03831661 108849.64731863 149147.06873525 131539.06842991
 123457.65341365 173839.5052759  109566.52453184 148843.64224987
 131189.0077477  179428.85161106  85114.00792653 136159.83486675
 145350.1269565  142148.83449889 155564.05338727 144031.67070695
 147394.57203071 164295.27817021 103774.30869956 110718.80576119
 122947.86424601 111885.52736824 125979.45978513 112100.3648204
 170134.55011909 139860.59908556 163165.03676026  89630.98210369
 148048.28445777 158839.93825791 108052.83566848 167747.97297419
 152877.3466704  132545.92344038 149198.73721352 142570.43642332
 134385.28455014 195246.71181329 154937.60551078 122364.89171286
 123286.21696129 126964.31277247 162987.20299979 149445.7204295
 130500.43423674 119914.32855575 140919.9600698  149379.47002829
  68265.44847906 117539.90961668 113870.62720263 120393.55670458
 135325.70503078 130658.18688982 161483.98723035 132739.04351488
 149853.37032083 112095.41615357 170679.0052029  142862.97332885
 134460.84693188 164629.80651633 131341.52732437 158649.50510323
 107213.32038793 137624.50183863  96346.40063167 140277.86938793
  98909.86327682  92265.30280513 140978.04449678 190140.247781
 104307.91662474 121905.81432039 110318.68468407 115216.91148267
 105826.14223023 152347.49985663 124410.93636374 161330.07505557
 154948.28164907 144430.64473832 111260.72448851 165726.61920389
 162957.03790752 117710.01652405 155352.75357075 118068.55692009
  95402.21736529 122809.64559791 138363.01608551 101677.78372144
 156321.00834992 115570.93942995 140074.51718584  95064.11099887
 126023.00484791 104325.58494627 145064.42624688 127875.45859049
 134414.56205193 173784.96102536 123496.04619091 100823.36683174
 110221.63913369 160005.08536597  93651.91973238 124978.93010836
 118364.2951637  170887.98109073 132736.52070373 166364.16129801
 132809.66018516 104372.84701327  88422.09819522 144476.47053963
 130934.58530573 155059.12219576 104952.17581722 126802.48631483
 141675.61324299 157823.46290318 117886.01279117 146925.43754139
 138736.00361444 130840.30655132 128689.72579081 145355.20476968
 133403.72162428 184625.19294223 174875.12810468  99408.22192368
 112072.54883175 158081.64241148 104861.34045818 151696.39992757
 106047.42468736 153412.61708165  77537.54000777 141233.469638
 159067.74791988 105154.98346672 107048.09256599 117870.57103768
 155340.03561492 137897.9725745  153291.39787104 196399.79468502
 130230.59964087  94455.85303483 100627.88316487 139926.80997583
 125608.53776737 105134.80864527 152073.70014062 146510.43318455
 158364.47706783 151254.44715062 141756.94796088 105486.81577034
 132621.63033588 182524.78051822 145999.62191608 163237.67330484
 156451.10616581 163464.53723584 156988.23233011 188822.79922316
 128064.74548438 128816.91659377 100939.81290533 158589.48277121
 165507.10834037 129984.19085827 166951.77074181 160268.26327789
 177031.25309186 165774.01286536 111470.45461209 149242.05189029
 114469.49732113 112913.87881636  76192.83388123 122652.35367688
 141578.88150898 132536.08421828 115891.4354889   91988.47830914
 126822.36370492 145551.10846478 122518.34754446 115639.270919
 130028.58267537 115802.04013126 149027.26362324 108327.73754211
 131741.0243397  114587.513016   167909.94135235 118448.91747929
 163370.87667042 168194.80005819 112916.24560639 115362.18368896
 121727.88937467 142138.97482818 124722.88091972 130155.8983308
 159325.57637592 113322.10708678 147411.5199342  144392.99892478
 142803.86307506 131403.19085383]
2025-06-24 17:54:14 INFO Expected Optimum FE: -5000
2025-06-24 17:54:14 INFO --- GNBG Problem Parameters for f18 ---
  Dimension: 30, MaxEvals: 1000000
  Search Bounds: [-100, 100]
  Number of Components: 5
  Known Optimum Value: -5000.000000
  Lambda (Curvature): [1 1 1 1 1]
  Mu (Asymmetry/Depth): [0.22159228 0.42314776 0.4901829  0.25862884 0.37043014 0.37440768
 0.26098797 0.491006   0.27569772 0.45404864]
----------------------------------------
2025-06-24 17:54:14 ERROR Can not run the algorithm
2025-06-24 17:54:15 INFO Run function 18 complete. FEHistory len: 250, AOCC: 0.0000
2025-06-24 17:54:15 INFO FeHistory: [100874.87049778 213696.5251168  106325.05244162 156604.99916065
 176021.97856756 119949.73020487 105777.09065084 215068.44847176
 137111.88897993 226791.26217435 143092.22185528 155834.66436161
 146092.36685761 184934.96980874 144744.80936625 109960.38125494
 115982.60183763 166200.04012256 156164.37542108 134811.69748595
 161269.38437538 248864.7724172  147555.17650302 168845.37313733
 182864.77418305  94985.98684331 128243.47470341 233536.07908779
 160514.07889143  98104.80947692 151477.14383853 199442.82287554
  95228.86703511 161407.4698713  167039.14702499  92991.92928581
 222955.97821163 140058.76106657 207045.48617988 188191.2890168
 128388.52998356 113189.78945443 230726.96136223 116450.10608283
  98155.76954216 127404.95334141 220321.58518239 108185.13563101
 204213.92458541 103232.63125262 112175.33930361 123239.21636807
 105734.9547929  123960.8856932  174802.6344213  107018.93961472
 167532.74553243 162736.42486693 120399.1255333   83571.17705075
 103268.99137289 216967.71007602  87458.41993934 219245.81902909
 187564.74202811 104092.92215183 154460.47189667 178642.74213415
 199657.30580256 216023.96399389 158283.41179206 190079.44602259
 175340.07338909 168825.94277132 121921.49407809 197048.67335015
 184000.4735231  131140.21051416 151374.27226941 182734.78254193
 196265.56209296 109136.88804558 136450.70841278 158992.57707344
 156917.09548106 124804.09038312 178603.03042253 163513.35609031
 142484.203409   151209.14387097 171005.45346393 124109.62487933
 110350.03798057 145197.57501601 142949.55557046 146426.38836325
 115310.64270654 108104.54739492 224217.35258712 160150.98839384
 125167.61334202 162122.13857868 184706.72249395 167238.20563083
 204788.38416308 228519.28482694 189042.97934239 154631.62243933
 166244.57068991 130514.46821367 104350.75238766 123368.19097472
 143168.04840371 173278.19677303 135563.66668449 150997.48734876
 196538.29418021 105928.04253854 147432.36130466 159910.48118106
 118124.35473297 137384.13207833 146588.27906766 153953.64738451
  87171.80401139 124521.46947261 181916.0597094  155775.6959838
 156702.94502322 114085.207072   166101.78998034 135696.70660059
 116626.47453739 178061.89990494 171671.47290586 178215.37101202
 106517.27895768 153320.2828486  213549.76096508 148195.4993893
 160146.6660876  232509.80010028 127638.8719996  140935.44260511
 182719.0704795  158458.22505253 173535.10869479 164234.56429164
 153800.6372984  136706.55162956 136940.78601598  99314.66866135
 154548.4982313  129888.93919544 176265.39526234 132928.49873002
 149086.53590461 131080.46258378 133301.14364537 125240.57538004
 179366.22903551 148741.42240099 109682.65788057 142030.90413849
 155152.2408921  119661.61924814 154561.23623238  74242.17172589
 110972.00003233 152139.44356986 215093.83830868 131101.29935528
 155314.54492024 141519.35047    155666.97817361 176050.21640608
 171799.34094125 164122.58529781 159248.60123521 174992.80432875
 145447.81501185 163434.57663085 116678.60670596 121183.46749398
 187476.34749883 164539.07008416 152876.99613718 182537.31070105
 189747.38034072 172790.54354636 118286.38181814 132961.69685877
 156396.63600006 187838.83298759 119216.67184781 163956.16219822
 158363.78823066 192957.12372771 136079.83692482 215780.11695446
  88925.41443403 165372.16617579 239349.49896674 184833.92258577
 129734.18823325 200794.43252434 174989.70197225 207982.64792113
 161542.65134948 149067.39712742 139630.9630294  159109.17432101
 193316.50709703 148317.72771854 160293.97760021 157790.36522012
 185297.67738343 211700.18950164 145368.70235712 179103.56940174
 151733.74702515 184702.96520826 168540.8733129  162810.07779391
 108466.39042065 160994.32246988 162363.71368915 189867.75649545
 109087.96068321 146695.75243979 237251.92434941 199034.84693002
 151547.86539933 239079.6571081  121222.01876999 161017.29464312
 146842.50794257 131632.4699246  197244.37060368 198671.36297345
 144462.66305014 153452.57176053 147308.25301273 110744.06855625
 134888.06059765 134790.40966767 160071.89290948 146608.44759435
 249685.93456246 187657.55151715]
2025-06-24 17:54:15 INFO Expected Optimum FE: -5000
2025-06-24 17:54:15 INFO --- GNBG Problem Parameters for f19 ---
  Dimension: 30, MaxEvals: 1000000
  Search Bounds: [-100, 100]
  Number of Components: 5
  Known Optimum Value: -5000.000000
  Lambda (Curvature): [1 1 1 1 1]
  Mu (Asymmetry/Depth): [0.5 0.5 0.5 0.5 0.5 0.5 0.5 0.5 0.5 0.5]
----------------------------------------
2025-06-24 17:54:15 ERROR Can not run the algorithm
2025-06-24 17:54:15 INFO Run function 19 complete. FEHistory len: 250, AOCC: 0.0000
2025-06-24 17:54:15 INFO FeHistory: [176822.62523578 184565.7486288  144563.0779512  194139.85854274
 148194.48458795 161830.70754614 179402.72584307 142963.36220084
 184493.76320486 133061.8307715  130433.93722331 181118.95154469
 143597.61551058 112160.59265777 143338.3368974  194502.14702042
 208622.40649186 209850.34501825 173651.22245143 228910.42244039
 285595.93222742 185559.96195952 257201.77634815 164861.43341712
 146790.66786704 137301.18386602 171829.32200558 130309.19980473
  98547.59792261 169222.3015761  141997.39416545 194544.39951504
 151794.42820919  84586.68225711 190735.46305112  87797.69926014
 158143.71205123 172844.19448167 160127.76628523 173611.297814
 129851.66827429 146674.58434663 152008.42878708  94022.14075497
  72792.55407945 178091.96625707 190234.86763801 148607.94467703
 206406.65472931 162725.50450167 145816.9758481  187830.11048375
 148193.12659828 196432.51679081 295050.3873913  221206.05434215
 187616.1304301  215115.97592265 215466.23522738 176640.75912432
 202620.78128451 158237.42562333 173796.92660313 192143.47445203
 102575.9557274  134422.16279972 313339.54854383 216766.53295459
 133232.52051899 162703.02589257 152894.78325908 188544.82260856
 156335.17870745 228829.36186077 152015.31774384 257410.98503539
 203696.45462177 165008.74041298 218385.41750016 113841.75629924
 123118.65693189 159292.7335578  168641.93483062 222704.69459107
 188030.70093087 310509.23481139 156284.18507243 139194.42091713
  80100.94502142  90067.92780592 132724.23118837 104877.11155531
 142058.39158133 201733.09645738 147204.72445707 187020.53096623
 120291.24791016 172367.21535557 131225.66213112 162739.52474063
 181261.01058123 198365.72459766 336253.87807684 202398.83425064
 216999.22820009 225532.83212899 116873.27168043 231329.39606293
 152129.39139583 229571.3120066  171309.21230215 209418.54351298
 202172.68347254 206659.61831135 193678.08956241 223509.22511248
 149533.4887696  135807.08465199 243126.42447805 213677.93395304
 185477.04995411 120216.39103694 211256.00663896 200950.03211408
 243678.47751697 235066.0331358  168583.61399124 108403.46646319
 172116.39090692 166778.93795989 130255.59182659 179054.5715776
 286343.51776393 193566.86187857 196014.26466818 143354.20945098
 158674.36110773 251535.71276556 134356.79405964 162824.14273315
 188974.99836339 223282.49206243 164112.96014179 267586.06401491
 225562.52869189 347990.60800333 240093.4529693  177531.99490295
 141878.57546275 133964.9403322  139572.96411994 128209.19492012
 198031.26244031 161314.32951331 186545.68000599 174370.0743562
 189935.69034844 131878.12864557 106066.10004376 146914.70564413
 100937.57452068 180300.58427872 259813.32200333 242356.98943693
 134287.18905802 109686.30287537 149708.24902225 189854.0043137
 162484.13800734 156820.59567432 221068.42573699 177329.98121331
 184699.89149062 201214.96830271 226402.15883023 144727.84118183
 205504.61025568 216051.89819649 180104.46891599 113643.61721618
  71232.88561137 103916.04774414 206507.48704003 234077.81496874
 232769.46101111 168659.02159954 147779.92930959 148226.45892785
 155933.67328491 104278.29901491 123351.8594287  159078.13597811
 223816.48434911  85395.05561886 168807.22673188 172179.31167897
 176490.23644821 191891.00906735 179432.01839014 102621.7857514
 145471.86823975 264861.09857177 166756.26622231 171112.87706672
 297655.52153838 122725.66359013 119625.17409088 147743.89821631
 220839.83700914 161394.67066922 257186.96864776 175644.86676246
 148278.99594029 166376.88478598 152441.91817816 168493.76671223
 135303.56057402 214834.04708993 240123.87981032 150636.64859911
 146364.91669013 155880.70936955 173969.71278304 104332.71902574
 205233.89024031 108899.26271985 174371.43248868 209794.33270131
 341260.91424824 267027.7029369  146121.49960744 212739.43146377
 194136.26433666 171440.98439147  83803.62389449 159227.28784825
 143674.21639925 139568.03543106 192313.02353429 162917.54107985
  67628.7260603  229640.53152721 163419.19957592 124151.84681564
 190138.85693633 208796.1330324  109793.79159556 129189.28188799
  89911.62937616 122138.1166127 ]
2025-06-24 17:54:15 INFO Expected Optimum FE: -5000
2025-06-24 17:54:15 INFO Unimodal AOCC mean: nan
2025-06-24 17:54:15 INFO Multimodal (single component) AOCC mean: nan
2025-06-24 17:54:15 INFO Multimodal (multiple components) AOCC mean: 0.0000
2025-06-24 17:54:15 INFO AOCC mean: 0.0000
2025-06-24 17:54:15 INFO Weighed AOCC mean: nan
2025-06-24 17:58:10 INFO --- GNBG Problem Parameters for f16 ---
  Dimension: 30, MaxEvals: 1000000
  Search Bounds: [-100, 100]
  Number of Components: 5
  Known Optimum Value: -5000.000000
  Lambda (Curvature): [1 1 1 1 1]
  Mu (Asymmetry/Depth): [0 0 0 0 0 0 0 0 0 0]
----------------------------------------
2025-06-24 17:59:12 INFO Run function 16 complete. FEHistory len: 150000, AOCC: 0.0000
2025-06-24 17:59:12 INFO FeHistory: [116134.99942582 118076.79408334 157254.27519949 ...  -3044.89378131
  -3214.41464527  -2348.65759174]
2025-06-24 17:59:12 INFO Expected Optimum FE: -5000
2025-06-24 17:59:12 INFO --- GNBG Problem Parameters for f18 ---
  Dimension: 30, MaxEvals: 1000000
  Search Bounds: [-100, 100]
  Number of Components: 5
  Known Optimum Value: -5000.000000
  Lambda (Curvature): [1 1 1 1 1]
  Mu (Asymmetry/Depth): [0.22159228 0.42314776 0.4901829  0.25862884 0.37043014 0.37440768
 0.26098797 0.491006   0.27569772 0.45404864]
----------------------------------------
2025-06-24 18:00:14 INFO Run function 18 complete. FEHistory len: 150000, AOCC: 0.0000
2025-06-24 18:00:14 INFO FeHistory: [ 76606.64724743 138522.23174578 133851.63079981 ... 150777.92015027
 126163.653442    53338.01353207]
2025-06-24 18:00:14 INFO Expected Optimum FE: -5000
2025-06-24 18:00:14 INFO --- GNBG Problem Parameters for f19 ---
  Dimension: 30, MaxEvals: 1000000
  Search Bounds: [-100, 100]
  Number of Components: 5
  Known Optimum Value: -5000.000000
  Lambda (Curvature): [1 1 1 1 1]
  Mu (Asymmetry/Depth): [0.5 0.5 0.5 0.5 0.5 0.5 0.5 0.5 0.5 0.5]
----------------------------------------
