2025-06-24 17:34:44 INFO --- GNBG Problem Parameters for f16 ---
  Dimension: 30, MaxEvals: 1000000
  Search Bounds: [-100, 100]
  Number of Components: 5
  Known Optimum Value: -5000.000000
  Lambda (Curvature): [1 1 1 1 1]
  Mu (Asymmetry/Depth): [0 0 0 0 0 0 0 0 0 0]
----------------------------------------
2025-06-24 17:34:44 INFO --- GNBG Problem Parameters for f16 ---
  Dimension: 30, MaxEvals: 1000000
  Search Bounds: [-100, 100]
  Number of Components: 5
  Known Optimum Value: -5000.000000
  Lambda (Curvature): [1 1 1 1 1]
  Mu (Asymmetry/Depth): [0 0 0 0 0 0 0 0 0 0]
----------------------------------------
2025-06-24 17:34:44 INFO --- GNBG Problem Parameters for f16 ---
  Dimension: 30, MaxEvals: 1000000
  Search Bounds: [-100, 100]
  Number of Components: 5
  Known Optimum Value: -5000.000000
  Lambda (Curvature): [1 1 1 1 1]
  Mu (Asymmetry/Depth): [0 0 0 0 0 0 0 0 0 0]
----------------------------------------
2025-06-24 17:34:44 INFO --- GNBG Problem Parameters for f16 ---
  Dimension: 30, MaxEvals: 1000000
  Search Bounds: [-100, 100]
  Number of Components: 5
  Known Optimum Value: -5000.000000
  Lambda (Curvature): [1 1 1 1 1]
  Mu (Asymmetry/Depth): [0 0 0 0 0 0 0 0 0 0]
----------------------------------------
2025-06-24 17:34:44 ERROR Can not run the algorithm
2025-06-24 17:34:44 ERROR Can not run the algorithm
2025-06-24 17:34:44 ERROR Can not run the algorithm
2025-06-24 17:34:44 INFO Run function 16 complete. FEHistory len: 500, AOCC: 0.0000
2025-06-24 17:34:44 INFO FeHistory: [202631.34736504 120592.54333699 104031.21425848  99590.29310943
 110007.59383966 165024.97947145 129236.32387669 109927.30384146
 157751.36234008  80020.89412011 124052.32598987 159159.01138078
 138978.00251439 129510.2173664  142887.77589409 113004.75887989
 137954.61732407 119168.00334052 136098.36538596 130889.73641914
 180861.71157238 134242.71288816 115711.82761749 164698.07528724
 103758.82424385 133141.16192504 124643.82000648 160947.60341897
  98429.77378406 126241.19675237 134857.8354893  134823.1891046
 123912.15568091 206730.52250026 107742.35899564  94236.60856249
 110690.21563863 126076.82073376 123181.83755014 150107.31068261
 124683.30915432 127272.63984748 130614.65663617 120709.90913273
 117801.24615694  94995.50111252 116366.41420991 139602.57276313
 167528.19719035 107749.35717913 120261.02063368 147411.26478641
 131064.69825804 115255.18659774 133366.22761359 124098.00258371
 150539.94482585 144691.13081031 181420.67118613 142628.52905029
 136986.97555139 138623.64768759 122482.33344375 139578.65697095
 172024.4076231  156029.73437172 144269.98553499 116411.05106262
 168200.27777609 178065.25146695 102028.68878348 141095.66629361
 141376.97861537 168078.20601199 124467.45396355 148537.83754157
 105742.75799236 101169.54722433 108908.14507735 143703.11124541
  93682.37275511  81637.69255223 128988.76160649 156617.7571178
 132447.82850632 126143.99785425 134098.52493027 169021.99475985
 138274.56103996 150892.67472817 156080.5493197  112044.18289959
 142753.01679752 132712.06573615 165045.01051639 123775.45208427
 102234.9963735  109433.10743526  99479.01078762 153550.60142982
 123907.60608296 149902.94142549 123507.48187305 109593.75033258
 134024.10817396 114797.33587807 139969.14665218 111607.30934875
 130121.15702652  94633.15639232 142802.47233157  98343.07096842
 122424.08822576 144981.12145924 138200.4510968  137468.9152541
  90612.4560531  134350.14184139 119014.35180246 129799.58337047
 206712.06643239 123334.88555573  73207.5260868  142912.4741977
 115200.18593429 146761.97751504 128307.87699527 120088.55523783
 142404.57938676 167646.30602756 173119.85065241 140486.34620133
 141066.88166358 127968.55442645 165688.64183529  87938.03209073
 146854.73811505 161946.08842298 109664.89824725 120849.73391745
 183651.92794485 116858.71266048 154939.19662508  88434.79079837
 141488.14534928 139561.73635853 131527.42108376 153049.01832346
 142600.83968525 181466.88508769 101433.43798433 130528.59201251
 153968.81773215 159249.9494612  108419.30005666 117871.18710075
 122637.61012969 155356.16456863 145072.92578693 110013.57423571
 158024.28902817 168426.89305522 141234.90520854 110817.80500541
 127314.20338973 116186.04112431 203083.35355791 166965.46463786
 146621.2027821  138920.59038531  83363.07781182 129022.53328678
 129127.8653695  132470.37384328 176210.54304107 167446.21330125
 141656.35292809 121549.90631358 100844.57140667 125351.63337619
 107215.74553364 117832.12754142  99726.57735902 123676.33849211
 143035.13515074  79993.80501481 140545.55526959 154098.88733809
 116773.18701372 178896.27641718 163251.22090954 120876.10211058
 167638.28945531 127419.3040208  154084.91349763 115580.95204638
 127992.63343915 150575.70432703 140891.52938591 137456.18664312
 103488.23284057 167944.74679041 143925.76288047 161943.64123629
  82809.4385604   99828.88193838 117823.96525204 136979.52842937
 115700.68283574 167439.40718456 169575.75357984 121509.71619629
 121599.9089831   78905.76062616 131110.77554802 138302.67397083
 149989.35237811 134760.63899271 123712.69250226 181320.40067627
 154166.09915534 101997.71375117 123585.82173025 150543.69995338
 120497.41395999 136999.94082895 114133.78199166  96098.3891647
 167819.06655921 165176.50713051 178709.84109555 109950.23428218
 140411.46951654  75290.49964412 113231.06131072 129477.15592869
 189424.83770178 136818.85400726 144633.36999561 101544.88934432
 143453.46798488 126082.3138284  105329.5775904  187136.84799356
 140541.78427121 145604.98048326 136861.26052466 161721.6414737
 123933.2269462  112472.74369731 155710.98764007 135383.6040152
 123960.06657305 138088.6299967  179822.74032603 136992.41355341
 179224.81183799 127103.53676274 121774.36943534 125671.07092167
 210214.47253442 170209.26589043 196455.57157038 190600.03178468
 117777.81962349 205279.05296932 109675.4412354  133440.49764781
 153610.77757249 161463.09671412 153103.67246882 160804.64546193
 184856.79551611 169799.49910143 139406.18060839 172033.73713615
 149260.14781342 109348.5791217  158750.10063383 116786.75508354
 126399.90422204 172118.32046341 139021.99294356 201381.99111005
 124199.1808648  138670.34764468 125692.20055743 152793.81053476
 203085.28293146 156549.28608075 163354.02931653 152238.61924339
 150347.58205789 194738.40773584 184114.65618616 184874.77762737
 158960.4399409  209678.17489462 133194.70674589 138277.31877729
 193910.79248425 178548.71028684 183251.84915634 120538.63649755
 123746.22566278 141162.0148064  212008.09756406 159257.45607488
 165281.44778586 199763.7138563  196947.34671632 230881.99914605
 104019.28603192 173991.17788952 177459.70958238 104121.58028375
 119589.30585783 160469.92942158 151610.29884845 122406.52014671
 186139.21362463 151751.31399271 206718.40752546 122868.22688612
 191057.83787389 148260.33302418 144467.17979299 122218.38207715
 221234.30879987 141815.5072679  175293.21811595 135990.10726348
 189647.13139565 135762.71955565 169442.22233502 153135.26878616
 211763.56946993 178144.93311776 141471.7624041  167307.13616753
 183000.44865486 204594.70054548 126077.14429815 239168.0550394
 159771.03528966 162049.02400292 110168.07078736 245531.31803309
 166610.66117775 201018.57369556 128225.96951095 153044.15723201
 130568.6659402  192369.22030011 181274.73595302 211890.13699145
 160983.03357927 119708.19063783 177149.06441723 166149.18896854
 178990.89326795  69551.57183641 126689.07105694 196523.48243441
 141805.82337329 136303.33709661  75914.04394093 161770.40065916
 138384.37638561 147253.91887454 167136.36080001 172765.56132397
 150596.99507352 198853.09935902 178912.17907014 150314.5169679
 141633.70752823 120597.6054969  138122.83557052 134727.65557468
 174489.65901622 120705.26104787 211738.67789641 171252.10709873
 161890.05701102 172678.07716772 159307.90208606 145026.80517282
 127371.75698262 139132.80469282 215100.37150202 138699.24766237
 184732.8943871  160312.79267518 124428.13971565 143623.45552134
 131687.34203255 172419.66399651 124902.91184293 138233.20598983
 153657.45508045 136465.41797257 185924.62275913 158176.54896658
 184587.66112829 122130.29330935 189878.44429661 167130.47751651
 142588.73458752 174038.32983667 128967.85919089 161442.71394928
 176166.10281719 120626.65660624 147128.96704579 141271.66439933
 176195.35897522 197096.90505288 179034.66993504 126319.01513634
 162674.63402442 154053.78526895 151536.60288687 164555.72427181
 143593.1384671  208307.65010955 144201.76315558 204667.15688402
  89509.08815679 187772.05234171 148020.83301244 113440.52696709
 182289.22896959 185645.16757679 194655.19353688 163808.49630209
 189966.82855775 200493.37103382 148199.89672796 205158.13271096
 136256.12207441 193991.27216269 172778.64945151 181819.39053029
 226666.30026908 150430.76972262 180432.52225677 192573.79114362
 170204.66837021 206737.40228185 165059.34972026 119414.63134807
 145201.56793776 148068.38686419 158213.84214193 190952.00052696
 172129.76467893 132378.41280231 147723.79405777 177188.31687947
 111168.32103453 148931.7077985  162439.64587134 200743.92092833
 110920.23471765 153895.03527752  90071.38154043 148231.01985606
  76572.40477214 172031.99101934 159782.77709254 164211.52824119
 181591.61317213 134854.01485896 128272.77144675 120486.55590959
 178023.22110313 158413.42874883 148691.51627951 134389.39304394
 218634.02445296 100644.77231242 143912.73159877 156624.49982914
 152759.86248803 128839.22015057 148053.18877959 170716.52183958
 168190.16018415 171205.36448572 199510.70600173 177481.60793014
 158290.40032238 161345.76235705 107298.22583482 179588.63752312
 141733.31953726 135942.5989135  179947.51967405 228013.69607509]
2025-06-24 17:34:44 INFO Expected Optimum FE: -5000
2025-06-24 17:34:44 INFO --- GNBG Problem Parameters for f18 ---
  Dimension: 30, MaxEvals: 1000000
  Search Bounds: [-100, 100]
  Number of Components: 5
  Known Optimum Value: -5000.000000
  Lambda (Curvature): [1 1 1 1 1]
  Mu (Asymmetry/Depth): [0.22159228 0.42314776 0.4901829  0.25862884 0.37043014 0.37440768
 0.26098797 0.491006   0.27569772 0.45404864]
----------------------------------------
2025-06-24 17:34:44 ERROR Can not run the algorithm
2025-06-24 17:34:44 INFO Run function 16 complete. FEHistory len: 501, AOCC: 0.0000
2025-06-24 17:34:44 INFO FeHistory: [115563.3282435  107731.69179272 122179.85654004  97947.88236823
 159782.43412436  98791.45303119 115163.53678571 178905.58788921
 105340.57035066 108203.38191075  94744.22238581 133608.02926786
 126778.4693527  128106.42831708 120841.82684465  96016.05074534
 108643.41037647 119130.66952833 150188.46198693 143727.86106949
 143198.72034988 148277.37343112 107979.51407287  92427.28558208
 106455.68112178  92951.60789056 183425.05576172 118473.66189911
 135889.1509453  130162.03800348 133777.78969065 111123.89053843
 143277.51769368 148557.61419551 109988.64142365 108942.17726095
 131087.91516433 167472.791526   120050.06919251 110084.92558677
 132191.80374861 124135.93686869 140514.42594648 144026.53674139
 160540.40000974 137139.69296788  91795.67036687 128424.08452225
 126631.29852603 121024.58404336 122951.6083676  110051.71478935
 160431.26328777  94776.69513855 147858.33341354 163387.21338198
 166973.98396505 127356.10749512 117542.27659121 141668.44249802
 127413.29082899 107439.96046579 161464.48703303 157343.96247395
  72409.71451818 213613.60336915 140825.48023804 129098.79588576
 116353.0157517  121603.34189201 127017.85030634 140811.52581895
 157213.85830572 166105.68546993 122085.27058918 134552.45048421
 122360.56477747 103123.5110048  134712.59625065 110586.39838758
 147249.5601193  132971.50968523 133756.2083841   97881.48863531
 171304.88234311 154636.95804146 153842.14395202 166429.11545862
 124748.37372172 118352.99394592 146395.7410708  110360.55911194
 107043.04692288 108334.484435   143180.2588964  133906.35273131
 149900.49373348 114458.79321226 110701.63001566 127011.68373561
 129927.89122148 130307.3725919  103913.63926182 140875.23020915
 141885.48349764 154296.9420869   99832.18339953 129501.92740271
 144774.82322658 169853.30520783 132350.4608664  118015.68893439
 110243.13234435 139270.4414885  116079.57203752 161540.89167422
 126461.80962725 110195.44832356 184527.73222416 157576.01767917
 132553.0697558   90311.24546966 124705.79649681  89676.83313366
 153882.08881958 141431.87069191 109612.51016746 117190.38329235
 115916.33251943 122312.60959315 162781.22506093 113182.86621922
 165394.16310202  98768.27941286 168495.30012444 131631.80810123
 137637.01855056 110229.76026147 109428.92635631 134029.46130157
 119034.13723768 151241.67840671 152952.13046097 126867.7404656
 144428.05829083 150266.86869683 147273.51758267 119632.41269546
 186986.79761043 114302.17289261 130516.05707534 158476.87125323
 106815.07860553 102729.40182594 123953.52168723 148736.37935976
 163058.93712897 135536.17956513 152312.99275214  85095.36695832
 105536.02746866 133285.42149947 142895.74464445 158057.59125272
 159304.95146074 152871.39511109 128667.91281477 168206.37929559
 162016.06868496 110524.19198448 138519.66248866 133384.17926426
 144512.1983711  118477.36402171 117822.97551981 107004.58392443
 147275.04666191 107358.56004961 127422.53547004 169495.12863954
 165398.03600996 127936.6320977  123721.48639655 155804.40623112
 181259.78729046 156971.06296478  97022.63612461 171478.68239561
 123130.33763887 128151.77528916 144610.71084103  95216.51775543
 122560.58053256 108098.87812076 100251.53746095 136500.23993548
 184680.51911735 110107.63038147 106209.93209599 147339.49514048
 144742.60350724 133487.91716407  85739.06080521 139200.02036365
 126619.59403024 107304.87614867 125417.53894182 125898.93954087
 168901.92678583 136526.14961763 124050.77211818 145048.19403719
 138616.19739879  98201.3641294  130772.60821168 127919.52341432
 116595.89222168 132243.28000762 127781.24794158 132014.93036292
 155494.08383522 176796.54174692 141845.27547035 150659.96137258
 124160.29552475 199282.31821107 109992.8076951  113000.88703241
 108879.2121928  107214.16758664 139913.52500358 144023.29032099
 109494.82687593 150780.26005701 140383.55577378 111187.99857849
 176239.05900811 105912.96403351 144081.26166684 156750.87547083
 133092.60347466 118892.33168184 109946.71994198 133059.95135264
 133205.34505869 136849.79347729 152080.30133136  92859.87160786
 160318.92192995 130815.55279387 139309.69958192 156103.53838554
 137038.59547943 147541.78236258 186252.99771129 119909.49685802
 143897.9861422  129676.16533009 110168.54343728 114316.78422515
 156691.09858725 114143.63183961 155543.49200786 164691.05093671
 156907.36777889 138903.36565185 122704.46063273 126791.58146678
 102785.98907755 128199.09866879 139654.20872798 141324.41386365
 117481.63991545 143248.51176095 176306.93752683 127959.3735136
 130470.15394551 103427.44592435 134964.15589219 124717.5240617
 135152.99534493 167987.64658378 128824.27831372 162193.61107306
 129818.35600034 195807.04037301 179784.65957424 143205.85270006
 149487.27572033 135967.59761271 119143.70640604 139963.48532927
  95643.66638345 153603.37205483 146951.43011314 143187.24558364
 141785.42032427 158591.06565082 182549.23348187  96026.4074325
 189887.58543987 204299.37200941 171054.06235071 148282.23461312
 164362.46089282 174078.44350784 136275.61994933 129024.09440489
 135560.10533725 160979.63375589 135196.09925405 130599.5381884
 151846.10787025 124750.3432848  101066.70092272 114379.99882066
 121485.91017365 138103.99135799 121540.42836384 151864.22762763
  96703.03311612 170038.4368609  140283.77441448 180630.95958812
 114364.39964631 130840.16199842 141599.87656123 127165.90983644
 143891.36639785 142589.73710548 135631.82200063 145075.19553726
 167436.97198162 102975.37537117 136202.06964335 137440.72727623
 115309.96079351 112462.08576475 130598.93144117 142866.70229158
 122157.25202934 118480.36277242 151778.03052789 139950.92607732
 190037.62956324 151684.69762638 108484.53683397 206992.66064885
 153417.47600861 133315.18699678 113280.39529346 134571.43434096
  89573.20912065 204128.39197483 155569.52505056 167603.22482539
 124502.93828686 164436.37171305 197972.8529322  133839.13069462
 110189.37827559 132144.40063503 127881.02861319 134282.42645906
 127789.72155136 165111.72148311 120234.22073172 151688.20400132
 181528.2678457  149187.38335257 121762.55281496 119922.99694756
  99844.9320774  139033.72428814 187988.18952686 113530.57144623
 136963.90144237 110723.89247869 134208.35666212 141512.72989385
 152597.377695   149521.60891813 145440.95270638 187505.96277911
 155199.66848276 139128.5027728  153669.36990591 175016.49666063
 173105.47469421  82828.09339507 144372.85380573 133670.05526159
 128524.63303356 190396.35074028 131814.35730345 146725.20287894
 126040.80470544 114900.01153809 140400.59099979 123712.36566506
 144412.78438713 187147.3321239  116650.89403619 109971.93277932
 109836.45845499 118571.29459155 156203.64307454 127050.26456538
 127959.71986591 188213.95392431  99215.00533557 131865.31661785
 107452.73736355 170981.17298711 155977.98927055 177560.14615978
 154873.15875912 205054.31953371 134258.76389222 100598.4333942
 180304.00285674 119226.85506962 195951.01592829 159849.35018729
 178519.263441   132572.46274533 131355.82513154 219816.13572535
 179270.85442733 153720.19251848 181253.89273357 155474.92696788
 185877.28307371 162107.00891237 139179.05667692 167504.6263887
 145149.63125671 175169.67409059 133003.22770408 173885.2507948
 167690.12054915 169013.77536471 103142.87104267 130758.96057848
 123207.34042775 150353.47524562 118866.12219506 151024.7109213
 126794.85848746 130493.32928947 129653.89784528 203639.30131491
 196244.20161772 129503.12298915 169735.47869438 102743.93829968
 159333.7360666  153874.30504789 188542.9059173  136911.29875291
 101362.50292488 161713.94765203 137726.83107299 144087.94215617
  74183.83140415 139185.9250493  127717.4955682  159400.26591877
 173345.20108514 127836.998009   120251.97182129 175382.40229815
 133826.45499457 143659.26910263 192241.03486384 113309.04512125
 152333.94793774 140166.87546675 126999.07151281 144918.12086797
 111856.07586341 145498.00459757 146097.55247463 148455.46686932
 151909.71251292 150750.78061386 167830.13569896 118982.42793529
 142971.65494943 183824.48358338 146257.08699581 175490.87341513
 128932.29090477 133027.57809061 185898.72163222 138654.91133212
 200316.38311802 139423.32852121 179031.47078755 143076.30130804
 160010.63048596]
2025-06-24 17:34:44 INFO Expected Optimum FE: -5000
2025-06-24 17:34:44 INFO --- GNBG Problem Parameters for f18 ---
  Dimension: 30, MaxEvals: 1000000
  Search Bounds: [-100, 100]
  Number of Components: 5
  Known Optimum Value: -5000.000000
  Lambda (Curvature): [1 1 1 1 1]
  Mu (Asymmetry/Depth): [0.22159228 0.42314776 0.4901829  0.25862884 0.37043014 0.37440768
 0.26098797 0.491006   0.27569772 0.45404864]
----------------------------------------
2025-06-24 17:34:44 INFO Run function 16 complete. FEHistory len: 500, AOCC: 0.0000
2025-06-24 17:34:44 INFO FeHistory: [ 96774.19691502 121891.05988561  94403.75873024 144977.62394287
 121615.86824584 125092.09753572  92444.94120696 144113.45352363
 130762.92308266  97260.76518931 129049.93772346 137566.50874425
 131281.2708228  132024.65272067 109471.69106146 111945.0949422
 140728.72465559 123456.59019047 136330.22720192 139399.46476301
 127863.54098892 154439.60342646 104142.15972389 138730.29028781
 130024.91757484  94591.47449842 140482.60901793 127736.94655018
 103573.14671284  98769.90276741 133044.06053288 152914.90465937
 107060.34733578 178010.22671465 120967.89097314 141763.41279956
 137565.01926955 133079.48274463 126808.57768735 126639.76575221
 155392.93379638 113019.0851504  124369.40587648 148204.49598957
 115607.28858849 172182.92761469  76484.33889446 150494.82214439
  94548.24454687  70406.43875428 165590.47420921 139068.40376448
 137604.59959545 118793.11626919 113623.02901979 155534.07930931
 112999.39761139 131368.26881131 135581.04863159 101609.6390865
 100635.93400427 111638.55106612 128371.49723364 115292.71442215
 131118.05096705 129416.58955797 168250.93591602 119890.4197876
 114878.93712076 174576.58659722 148636.2530185  139151.48590739
 151465.22347597 136347.7224509  159781.92186837 163822.41978344
 154049.84490272  96413.53027567 161012.74247166 159582.9510277
 150703.65241179 130263.96806505 136327.94650215 109160.510443
 145203.17737787 129786.71930618 105903.40290338 144942.92799363
 101201.02407837 166665.81924366 118668.57453831 115411.30754038
 165831.23299213 136308.44945228 133579.12338398 143103.3252128
  83580.58869193 125194.65904372 138272.33228263 128007.5377506
 172187.23645664 112221.09336767 149533.47163304 157977.65216082
 140222.10404308 121394.03662862 161457.23139576 111649.02743572
 127290.88567482 138384.69817326 111808.63762936 129042.61519253
 181247.91957922 150001.270722   144065.50211405 107149.19342304
  84352.67860839 211900.60569166 124881.16395982 210616.00672041
 136867.84176745  89953.54068091 146145.38003496 148326.69495777
 144591.72635561 144845.34443886 167283.12563231 131729.37379766
 141406.35472099 143997.70039866 183604.18969243  87573.09671676
  88928.38323713 178845.62407584 164052.76679186  96835.94823356
 116408.861958    83991.43913514 135263.47252554 148811.83842498
 146279.81395747 188008.42387623 132972.75347314  93080.9413912
  98955.92355025 109736.37517787 185735.37705916 127236.19067896
  92562.45071358 138780.6363994  159413.76885411 123232.13144872
 125893.40305166 114621.91128867 113784.63822834 149410.18830739
 137867.79057504 110046.33607119 126684.69378391 141661.57482778
  97564.99059507 120029.46259188 128170.87939193 137191.3252547
 135483.08914013 136320.42849957 111376.39308899 137063.23012215
 165164.70365004 103883.36675186 114057.57833146 159584.53150736
 158330.04086645 174376.14438741 165190.55342606 112216.05596625
 129200.83998776 146622.23179239  92972.91970324 116533.79596244
  55524.99095976 113840.92353074 136976.38669324 105698.43875846
 123262.19555496 122405.91558078 119081.84776717  50881.00332553
 137965.17809792 165112.44818351 150344.8237169  132897.75933863
 102854.20368486  71378.24864536 135298.94246979  97619.3945929
 160364.03114664 114313.69091793 122325.44725042  98449.35141667
 154115.5864479  124816.13891975 144235.98261689 139662.22266239
 130216.62143704 115298.2898738  172842.76518909 105285.25695037
 170960.38106934 181208.93051558 154138.74850559 110891.28364789
 101122.93117137 150815.6662813  149736.56344848 142414.87416638
 139160.31544803 136741.41059675 115887.78156408 126754.99042796
 135577.04946114 135864.99978796 101827.26316565 172254.44575491
 123629.34923825 194401.79470121 128405.9567673  146684.00875218
  91758.64527197 114575.05845508 106681.62872596 115678.26251045
 149874.50499708 112040.08972906 156539.30194496 103604.82627983
 115319.55242696 141663.13673468 136683.11039334 143512.33533597
 149055.68733359 122926.9805493  131296.28597919 151007.81130333
 120492.88678848 120441.11406573  97214.00979621  91740.14154907
  93631.28942839 108528.37234286 134252.83488913 160930.39060933
  76390.12129114 118254.20161176 102317.55834456  88933.87321095
  94744.08225219 168966.31364545 147529.45488601 162064.51504424
  87636.54481861 148231.8816364  135852.48501755 141016.67382305
  95952.07603853 160969.24734066 145574.53397584  87976.28113312
 162195.06737573 180623.52561948 146283.05653496 134285.71500228
 116986.44423504 150976.01280479 125321.24731798 114207.79887853
 178150.4677173   92998.9997618  152562.37980838  82624.50213161
 156357.56530638 163353.41467164 165439.51558952 191716.26052146
 104919.4749565   97856.41334052  88554.45480588 171570.13088571
 129161.06755001 129433.75342556 114764.28556642 165016.33687345
 134909.97731088 152263.36025547 142204.42875453 118611.31667655
 104730.74631529 129076.07634277 161595.2708931   70518.77092487
 151638.76280022 152485.62877427 149960.59561398 100719.78500694
 161179.01361436 181520.93429203 112015.31862228 100677.09984581
  86858.42704403 135461.01226178 131596.87543078  93506.53804447
 154353.49873413  75502.67317531 142596.52215039 134363.36370953
 151229.3459121  131416.90372998 153972.20425972 152999.07838606
 148677.26290489 127267.76356119 149257.95523146 162155.83297515
 155163.55912713 197252.86505546 152683.34887317  80027.4302047
 158656.53145577 159932.71430657 180858.1365798   78616.81080592
 185097.47334978 180408.41696858 145307.2286778  104290.37635121
 104735.86116851  99267.09649122  99037.91331581 169289.15625345
 165405.18391434 189701.48838907 151760.62004109 107778.32270141
 126955.81041647 120547.08012608 126147.2493871   90582.82791647
 130879.8136193  146904.1462535  128554.60249772 135000.95123902
 114863.27391748 132221.74008495 174925.30564844 117641.7526856
 164833.25978572  95216.9557517  123131.87631279 120865.01358128
 160814.84392925 144176.86696953 163646.13054657 185047.18714398
 110957.3638923   96525.44118784 181900.17421253 231680.47981773
 113022.84598475 162395.84401163 168051.83836773 160893.93362071
 208963.35981051 100801.55655898 107072.07481428 124120.42182295
 125339.51901533 141462.52232343 148954.00798987 111833.85296625
 115405.28057233  80890.88354638 132412.53210418 115793.76865592
 166954.093481    71795.54115006 149760.35961925  79351.21348745
  85656.78718718 127112.44003907 140522.92388399 212771.86788515
  86302.83027999 125074.53461869 103017.06675078 108271.70898555
 140935.22463639 181361.5139197  195793.02014631 125639.88287451
 142329.0953228  145346.65593056 133389.28735078 108854.73758518
 114946.6364992  129032.63624962 109583.47722883 110814.6662486
  73337.61623406 126073.86673647 171267.85544171 135255.07615413
 154768.08931733 136442.55712429 129112.68959813 150928.49961908
 126104.72331138 182966.30173975 171040.73755475 156276.38776591
 131975.64487841 160344.00211678 115387.00455515 171906.30264102
 143064.8508224   95390.86063268 130157.67823904 140072.37256221
 133105.49695336 127201.11761914  55220.65770122 169822.48577573
  79812.67862437 147163.46605231 101291.64153075 124868.69569766
 120264.31866354  77385.68482358 145101.12690946 205382.19465475
 107437.56909681 139779.96775655 164547.6506293  103353.04383137
 153769.31775754  97381.66407086 143098.89164836 138110.84397501
 167117.57616456 125499.540938   205647.57008992 166714.36469544
 168404.20460708 199560.26076792 146789.57311737 143362.28448745
 184882.26498833  81533.43309312 116608.93415681 135023.18295183
 152537.58684357 128106.1483079  123172.5073658  118453.48336827
 135460.15583485 102192.86442542 139229.95656052  85480.75196256
 202153.38306329 117009.54048376 157752.81275171  88194.69865378
 180437.15059731 143922.73332527 120040.92220897 166675.626831
  95882.86394769 171851.72473    134423.07375856  95427.93541681
  84443.01009002  81240.60409103 126729.0796935  144921.26337707
 107773.36977616 141189.73986971 138320.82121625 144808.03003024
 102148.17906628  95978.72100718 128736.75808255 101984.72666058
 143740.10810817 161839.17496909 101755.04415685 175143.97078166
 121218.4798887  152937.27953692 110461.77357864 134255.17834544]
2025-06-24 17:34:44 INFO Expected Optimum FE: -5000
2025-06-24 17:34:44 INFO --- GNBG Problem Parameters for f18 ---
  Dimension: 30, MaxEvals: 1000000
  Search Bounds: [-100, 100]
  Number of Components: 5
  Known Optimum Value: -5000.000000
  Lambda (Curvature): [1 1 1 1 1]
  Mu (Asymmetry/Depth): [0.22159228 0.42314776 0.4901829  0.25862884 0.37043014 0.37440768
 0.26098797 0.491006   0.27569772 0.45404864]
----------------------------------------
2025-06-24 17:34:45 ERROR Can not run the algorithm
2025-06-24 17:34:45 ERROR Can not run the algorithm
2025-06-24 17:34:45 INFO Run function 18 complete. FEHistory len: 500, AOCC: 0.0000
2025-06-24 17:34:45 INFO FeHistory: [174308.77936631 162392.69623793 103612.99966904  95282.90836474
 117277.26574133 126630.83015025 143155.45267438 155946.25615469
 143691.10670699 159610.95431535 128928.66539011 187745.37420294
 164324.63582752 170611.84456711 202698.98455425 138339.98257924
 199903.88866668 166552.10692543 122625.00831863 143811.94180495
 137714.35702595 106724.9213006   81351.52224197 223104.04214535
 214612.1924317  164322.39039196 116935.86035032 138562.52090358
 189941.22762988 167273.21651106 156724.25593795 219865.90919215
 105785.11569586 143049.38300039 144964.32684631  96540.21549778
 134107.25137732 158634.93513599 142839.05402309 157147.02786513
 138061.2220799  125593.66377198 142840.5502868  195357.56597071
 205881.04008613 130130.33567859  88242.66356093 148284.95027995
 124666.27636264 125660.28648424 145056.37367871 156376.28383444
 117192.28114099 129888.30347497 185851.39475523 124826.36920436
 134021.65439412 115348.18473249 186054.16819403 150331.93361892
 121759.41393605 152164.77670534 147574.5473347  182307.56058977
 149493.14293726 156923.8103034  124674.96776482 145981.96653785
  70340.30298799 117330.5306109   89904.13816472 135199.00348086
 192474.68652501 148481.54359187 155766.89053635 152147.82547296
 149516.18031219 128325.1050787  165717.62975922 110500.37632381
 176554.32866117 147468.20414842 208332.88181739 129085.15489863
 192749.32449111 161980.73695912 155542.68942834 103168.74551921
 138894.30136327 121639.99847387 116530.52752976 148148.87025775
 162830.47277903 191548.0619045  143424.30241287 171175.87268167
 205942.94680497 213182.22767698 186195.20762809 145586.28645171
 162851.45990348 210165.06670426 154441.46757938 188600.53662722
 148544.31767076 178322.25837414 151261.27771518  63475.548796
 172008.92725638 125368.45272599 151822.57868989 136102.70342816
 171124.20400335 178665.84704429 174553.61249581 168400.16771813
 110920.62682636 156577.83594339 241883.6156975  150530.66528077
 119705.52369285 156214.57593039 115377.72009379 164709.46895424
  49658.70760798 139603.25205445 116532.52217253 143052.95747395
 114094.08865419 132431.13262135 162445.98163124 165880.24701919
  96073.14165227 136790.2643093  142796.59510763 174019.91854525
 152355.16221899 114878.79142097 103177.09084504 164808.68733212
 138597.25984771 116388.77519419 130574.06860007 198653.38721132
 185874.22893448 140165.55888799 147637.7873733  219414.53731997
 185277.4412277  186688.3205679  162302.25373158 132844.00897231
 174812.46917155 164564.96469516 136961.8265595  140302.9513558
 137364.77898082 111606.74316227 132345.36386614 176701.22102423
 171524.32133219 177540.38104977 153762.68469469 162680.95588901
 120389.56843904 109572.97375393 165908.61553603 152671.06427504
 151700.2490844  136335.12258871 118586.07726196 164833.96272478
  98205.54741932 193628.52358048 165716.65103272 218510.55382542
 119657.45272991 138690.65471001 216310.98930916 143903.75404498
 239950.44684317 119299.27179715 237516.92795806 103227.33724086
 180336.27625212 129401.63218571 152410.11518876 171770.67550703
 134374.38786633 131926.7683058  166624.73946585 134264.24684455
  88799.77806909 120643.7615142   75394.64592134 170478.84131527
  81930.64800913 167664.77953272 205390.6556194  184559.06624959
 145932.77737173  68291.41104991 133078.13168834 131642.58172804
 101436.72600549 133903.47861228 161528.07475628 148874.26082059
  93176.93152709 170331.64151549 154588.28664056 163729.92666851
 146986.41222751 154666.41164709 159514.39671912 160677.77512133
 166572.10204329 165650.57409532 190704.53389146 117570.96981434
 160154.6980071  126981.48805083 121241.13984933 163251.52408076
 133236.56151026 105382.12095064 148323.50235162 136575.65279467
  68934.5822286  184715.70246606 165424.13061867 107708.86521296
 254393.70898903 172939.18739787 130890.23692689 171235.98246768
 167276.0919799  132049.15195488  94942.78790445 139776.99983175
 167524.3880655  202830.41655639 124922.84453333 158016.02131976
 123528.33579875 163510.9122677  112624.34707532 142984.76685399
 177306.36586286 157031.00568439 182955.44228614 205017.05062589
 216505.67061634 148252.27961015 221577.99330807 133613.95296707
 122600.53119284 204357.78152116 149491.61959176 202122.74762362
 166111.83376805 253672.67440015 192297.63064078 184355.98939239
 169552.05432835 210034.42607208 135082.75402648 218762.08104462
  87469.33297033 157447.35870764 146226.43152694 195302.30082847
 190866.38971567 175116.55967596 262579.76164716 276197.72099487
 254495.6287562  229190.77928764 185267.30869093 139715.22004663
 237850.76756646 231138.31357161 195768.59929368 258867.44010413
 198149.48367911 183281.18460573 155575.38017061 116744.20321366
 233412.28170479 179539.68561212 182327.75190304 152796.5627594
 159909.05951077 151100.25799659 141914.50080344 181076.04360581
 109498.79043715 248705.01567652  77899.87686315 184533.54058299
 252926.20080571 214135.0497061  209968.95376919 228829.59655202
 211690.38899981 218179.43286332 242400.2963215  132895.74554373
 116543.17202207 120469.61332291 197722.97400635 192560.26655437
 203032.31956625 248543.34174876 120531.28934672 161928.48410592
 129103.2131379  137450.68309577 201448.92070406 157679.91993855
 132021.16923053 244361.00515153 219331.70031831 167581.22187304
 206066.10074899 206043.52260622 206833.71582058 208262.08917585
 133492.10791003 268739.39085334 184253.39858724 217151.89714662
 134913.0775876  136061.83802728 143735.7929654  176448.27285567
 203519.06202013 191640.10954713 195020.96854256  83150.57348003
 188472.56795697 176704.19664564 216366.30142705 115788.51559365
 274906.2058427  225003.70443918 299653.81719144 255314.1335162
 167287.95694737 230858.39061822 238609.96672999 201300.11995046
 126027.2943345  183394.7619801  140966.19451586 159160.37829277
 173630.10200645 203672.94631942  93236.81978073 261576.627319
 225224.04470394 166789.74165856 219831.80950532 196295.75581486
 155532.434106   227752.07421902 144863.38194084 143770.24057408
 152985.42721409 193061.57490051 223121.0594805  210253.08759028
 164992.51297118 215175.055588    96294.13495269 166277.4320049
 257069.7157087  197366.61340323 214799.28578542 270775.68058717
 186791.06118999 198238.90045316 104508.65748797 245099.72328044
 100825.10977149 171946.68205879 208469.66873594 176346.95976756
 111465.16971494 157011.2080565  168059.60342668 173371.87522125
 181247.32124356 183846.41309426 181861.23615291 218535.48228965
 211911.65807278 174621.77689032 191421.85669774 120432.89808004
 196001.52454068 224041.22135372 177033.00764092 239027.56573072
 242767.51909943 150685.31711631 162542.26705989 116234.78122041
 249745.97339703 173227.77782378 133234.37219174 178848.72024075
 192746.27684455 166074.72906305 183338.51400199 181291.60827617
 173350.4893424  144176.54956649 192362.28611782 211084.90436148
 105253.13301747 223332.36974446 165425.28268304 101177.37082721
 223962.51126341 157733.81592242 192323.36025497 112622.08263372
 225715.71399246 241345.4840678  214507.54959649 106182.28254241
 172018.78007846 143503.95191437 193101.63942592 150621.80708675
 207265.13531103 249478.15308946 185745.9074686  169549.35667084
 184022.96736341 245148.76694623 176592.01649726 133157.6073168
 143368.87232685 249722.60596351 226063.11400453 183247.10361984
 151340.51942849 187511.92590709 266443.60413762 189316.34060442
 122559.75860513 163336.48962271 196332.8471202  127829.14840172
 156995.49153881 199597.99752762 138675.46209861 255961.57119828
 176827.48623174 151961.56596044 124924.65445076 158870.76811934
  89075.27484573 129868.4756316  251167.56909078 113924.27962567
 187431.85143336 193835.11660619 150795.63885264 179261.54689814
 167363.62248956 130964.51894838 189973.14435181 261154.22218356
 117367.51757702 203381.5115005  168365.21642848 167871.48141742
 202393.26151436 192866.69885124 209520.11919481 194272.95755046
 135120.33562853 158350.88226371 186911.68025309 180956.65767816
 200295.92607156 183798.29612893 189261.20642777 177439.91445415
 211982.87512177 129037.69907981 108679.34515399 179008.47739848
 193272.34070816 157383.71127401 195094.10267791 183242.13311501]
2025-06-24 17:34:45 INFO Expected Optimum FE: -5000
2025-06-24 17:34:45 INFO --- GNBG Problem Parameters for f19 ---
  Dimension: 30, MaxEvals: 1000000
  Search Bounds: [-100, 100]
  Number of Components: 5
  Known Optimum Value: -5000.000000
  Lambda (Curvature): [1 1 1 1 1]
  Mu (Asymmetry/Depth): [0.5 0.5 0.5 0.5 0.5 0.5 0.5 0.5 0.5 0.5]
----------------------------------------
2025-06-24 17:34:45 ERROR Can not run the algorithm
2025-06-24 17:34:45 INFO Run function 18 complete. FEHistory len: 501, AOCC: 0.0000
2025-06-24 17:34:45 INFO FeHistory: [125838.44471536 167551.19412234 193593.43915102 152337.5381761
 194226.4251578  157441.91735147 144249.77539014 147823.70512166
 201616.93235112 172002.69604894 130050.33084198 193205.42100062
 123108.29197369 204898.12398166 185276.76444606 112281.39039483
 172308.99799635  87201.18212852 146443.57626089 111021.78268422
 104620.84810586 156394.88817561 195666.1616242  242821.93171507
 124199.73691066 160398.68287411  98865.53177274 157829.54283259
 167906.33549658 122052.02661778 151397.35717293 148142.01588559
 155826.24866397 164294.03832188 140120.35800274 151494.40991223
 175474.75726384 112367.82723965 252719.56629424 175764.27405751
 148223.60513688  98122.85294719 117760.58809998 153276.605232
 143281.45431499 183228.37828438 122996.16747175 142857.99284196
 139293.68366949 185079.21609973  85499.9196232  148128.5122853
 170545.32270817 105586.24493059 185140.9089382  133546.82010381
 174974.76316817 123025.17623384 178116.5294695  183759.01993739
 149029.90455096 153914.14673198 134673.36934084 143723.19556491
 129569.13070338  87581.60082387 138952.24783967 159278.19150122
 180793.27047087 150937.82558357 165019.41553457 198423.34499049
 155017.62652599 124013.60045719 152232.14564428 233500.77906272
  69281.44086022 137843.0060389  189083.13842166 107221.02707985
 151799.73382983 135974.50734198 134686.55346958 143460.17518811
 168856.08956232 200466.52703814 115147.55296965  79581.88532838
 183194.40190519 158842.024306   151734.87232536 150863.9672959
 119977.12359913 164996.92762368 149095.79029871 153189.87383635
 116689.39580349 179082.59537444 157450.83251523 183910.53957598
 140490.55554827 147687.29728461 225798.2408009  162183.37188841
 142253.40263414 151710.12906928 154974.79936175 150043.26521162
 102179.20577514 171336.41142579 110816.94205169 179043.33224933
 151847.31214439 150803.50645637 156355.85085873 116109.58188524
 141692.66955652 146184.47038878 143755.01943325 151403.09758923
 158225.23552022 117981.74318104 105255.74902644 125406.02258431
 146367.1332085  186989.29820521 182982.01018529 142300.27350667
 218676.51124451 178035.11547226 155377.27841046 255766.44228194
 164145.38280083  74202.34429608 154824.69773193 122765.88146725
 128893.19546736 138795.83759966 189794.63686101 139097.22977611
 159029.38941176 151381.99702212 161488.10515546 102711.0267713
 118568.05498389 113236.63682677 179270.12884068 180398.1535952
  99805.52545626 156760.28467205 184188.54511952 155467.45678942
  95823.7594442  130851.97286048 242212.31753185 141065.72161759
 167453.81761057 151465.90300502  97020.87971524 144833.84994073
 147346.1989599  165002.12903059 150138.1010839  116491.03985456
 101756.66935739 155960.02107032 178123.5946859  156188.63216047
 101324.71556051 133819.20408039 180366.76462457 122762.40000276
 213942.5268301  135775.791484   167256.1292314  121291.24570679
 184292.47363257 164467.47959613 161357.42982002 108254.76526067
  88577.87922794 176683.41318804 114768.04118267 142809.09382762
 172296.17877982 159341.8587429  151768.03554981 121507.13043827
 178666.61118373  82048.5227558  144009.96834239 107462.64137952
 149753.85645617 154056.27349128 153334.60605743 101771.10160101
 163583.96193785 157238.4991999  138298.37616863 148859.53302289
 120010.03663165 156983.42829955 169969.71031534 178096.51830824
 102635.79284013 125345.86105586 205248.18603173 158603.33482034
 136418.088811   215366.46115776 150165.27680963 165962.42579529
 128925.19289968 183380.33807705 101579.97737071 135443.3944415
 175133.72928745 152788.85806611 156817.70394536  96782.48347635
 154494.72988536 130164.39420112 141577.30360588 150843.87049186
 143035.27292636 248354.97137312 113195.68240574 128595.18047713
 155584.73542815 194141.86668451 151544.93884325 153385.28340247
 191164.18257797 131070.51374969 118529.24623214 127861.95772195
 122650.75693506 147454.29677059 167714.62622552 140226.54137242
 170775.10132434 192777.20712435 152854.00481729 176073.08452224
 146050.41351382 136642.15485312 169692.06828683 116586.39975034
 106698.14056966 135622.72189131 116249.49297761 151730.00182275
 218762.39432929 132977.9504157  246766.92041958 142846.37916403
 158048.48637704 261340.09469394 147180.0271713  104420.97099502
  91948.57206551 142485.22278772 132804.48220354 123996.5542395
 133544.36296885 190662.17574077  77765.83207892 129693.97294809
 179509.60989748 115976.2386553  175388.93902177 204384.58971908
 146851.96195439 119413.16909943 255755.18978223 154420.41486162
 114681.33306598 162303.4479447  164127.10501518 196718.88844525
 151508.74262762 122191.71410779 187276.15005701 174912.73215519
 198405.60426833 137033.7524525  148090.29520484 136662.71501967
 264695.07564362 171245.91061912 158578.36726185 131923.77974531
 189002.68581297 134641.54057629 159819.11448249 147075.5800144
 154439.23706976 156849.74192841 142442.43995319 104821.65874026
 178447.80503219 207707.77693101 200217.65089967 157999.8983298
 203895.70362739 126930.50966419 195978.0671494  192055.43637533
 127856.6498012  191989.87379311 214006.59339451 223884.90972711
 116163.91955634 109719.38551594 150801.51390101 159258.48933325
 138508.21042504 111462.36878248 212715.60984443 142097.76091161
 210798.93348468 184855.16340868 125711.0145624  110164.20796908
 152219.86932838 137187.38080145  98399.71124211 110012.86712717
 156546.13632968 104217.81248087 126929.9414381  251918.85767607
 157993.4286467  111770.69721953 129155.97206285 169405.62318313
 157503.28075072 164325.40520647 305409.35989425 157488.66933098
 161871.44856415 112419.85043788 162979.47168974 205575.58300745
 166948.32545631 146246.27741976  95727.36483534 104978.98277376
 140744.33399969 130781.22005401 123010.4892564   69240.93020008
 173051.95421193 198868.8563046   92918.73541626 149849.00685645
 135952.73184631 202753.66346591 213765.55129957 141732.01585426
 117559.31028807 110603.28708441 185689.36421049 163443.50838108
 187157.75517724 112097.77538814 230046.66667181 167609.45218611
 170874.73115744 117946.66707143 130262.10953235 142342.80768704
  95670.57558385 172089.74775244 178775.88164556 201501.66395125
 215060.75018413 178188.56331488 184643.36266139 106657.0119342
 199407.49464436 185731.66924043  83299.61569996 155299.40912596
 165153.25491716 180397.45988185 144581.59806215 107194.88354668
 193370.49410036 219662.97871238 223223.83990662  79586.39649549
 156375.02149219 143636.0845205  144107.4563566  105089.98140502
 201444.23007223 133279.27879089 170810.43034754 147761.98673064
 189543.60647423 146934.66169833 139110.29346591 133983.09237611
 174861.37922694 179594.17490887 128371.82625268 103911.48155518
  99101.53169024 192082.87624619 147950.71081459 184563.97218417
 199637.82778054 152659.3793142  145820.83205981 143502.4212542
 176211.78303947 136562.39544035 195412.8229453  151451.76243938
 155429.23847769 160496.00284478 250697.65153367 135993.77401218
 158565.32271405 164303.41246545 187824.0604419  124582.4457887
 199817.85517403 194384.79789837 122355.6801838  163752.77817205
 116015.51888049 121892.57557955 177432.75168151 189923.65070753
 160311.79141098 194639.07577564 179413.85275086 163504.08004544
 266212.85731972 182475.4246407  167521.00637472 135130.75175816
 120485.42846696 192272.89655872 170807.38249643 124143.31267389
 112589.61873589 157266.36050446 152725.28954542 261274.25723262
 202706.04072986 186420.58341782 126412.23429324 197999.75006508
 190900.38885469 180868.25497159 237380.13530303 217737.66272666
 138142.9470218  157032.79506174 181004.22510339 146951.94518892
 162620.2869509  166820.2576468  216741.24655088 175927.48624327
 197307.99788142 170280.51843538 193854.18518481 131127.96632146
 188160.10362008 159205.26629099 162440.11673493  90564.21268307
 148716.78606844 176779.00224644 111418.06506022 191179.78915907
 198520.1542184  169828.21228534 133680.62053159 122870.28125691
 171712.92146265 129837.73576703 129431.85021539 202924.11592395
 191618.41577326 189277.14941823 196922.76261897 203324.01980994
 101616.75792639 262770.18616302 197051.60458869 140309.51584825
 160775.69325692 154662.29982192 162871.86439861 140737.56703991
 139553.420179  ]
2025-06-24 17:34:45 INFO Expected Optimum FE: -5000
2025-06-24 17:34:45 INFO --- GNBG Problem Parameters for f19 ---
  Dimension: 30, MaxEvals: 1000000
  Search Bounds: [-100, 100]
  Number of Components: 5
  Known Optimum Value: -5000.000000
  Lambda (Curvature): [1 1 1 1 1]
  Mu (Asymmetry/Depth): [0.5 0.5 0.5 0.5 0.5 0.5 0.5 0.5 0.5 0.5]
----------------------------------------
2025-06-24 17:34:45 INFO Run function 18 complete. FEHistory len: 500, AOCC: 0.0000
2025-06-24 17:34:45 INFO FeHistory: [168394.37704502 109388.64069766 112698.43355805 154873.17824635
 125177.0010145  171797.30387222 197180.73113967 111884.43876647
 115804.62119721 219178.05991506 159558.31957612 120360.61792292
 196446.40699288 189464.93782964 130590.20490365 173230.35470498
 146331.77470284 120456.64356413 121454.0548231  157728.29495348
 189318.49134482 137057.84148022 195313.84364184 178506.41021094
 148965.552515   143407.18855954 169867.85564972 158075.91205449
 240323.38749976 113204.73059927 178111.40566318 167792.96445375
 161323.90462114 127567.26844961 130736.63014917 214458.17200096
 156020.00000644 121473.42848103 131362.55537986 169203.70452546
 184120.50118473 106314.58829629 247521.64762759 188501.44201111
 218464.08336437 118088.49900499 125124.61359163 136354.29355507
 154536.05087303 130786.46240773 144455.20358443 121897.53317232
 140798.32241002 175306.35617628 141115.14531856 167865.10827082
 137748.54978247 178492.1449301  125772.48939827 116984.79213563
 149314.08066698 186298.63881595 110977.93431583 140422.48522707
 160066.65521454 144312.24454834  94855.2334116   87658.95948624
 168753.89056711 148786.34735432 214537.43326541 148449.30083246
 158588.47326455 179844.96162154 154763.6085372  100328.34201432
 173272.97629512 155252.5016028  179797.53591206  98452.32896737
 102721.5124776  158724.35403873 222129.61486656 158180.29808806
 102797.25304159 170569.92420861 122582.38230653 173482.30813437
 165095.67210937 135998.95998443 132297.1257083  117348.08734139
 102110.32400903 152802.76234851 123716.04110922 149588.68901363
 128605.52322921 159014.01352277 157580.43565284 187138.45623742
 120092.21686786 182135.53963956 131943.05669765 127345.49765528
 127356.59046424 173229.94621621 111740.00703673 230459.46043625
 202082.58095844 186978.5383504  163957.40927853 140840.01391128
 168924.86008634  96383.2717488  116176.8255237  182589.09576491
 230164.9820249   74653.65882125 180532.15467659 180193.40673617
 165442.11482691 159623.94741539 125230.77504576 128277.2844927
 192897.55016352 140117.41162383 149790.83566581  93134.30319051
 104716.47227557  87441.16770106 134456.62767293 114065.05572348
 228085.42526288 137905.07477363 217001.67015378 138397.25994552
 224223.34222512 224853.61513107 134792.0422273  123764.82604343
 148454.35247011 153145.33032752 138945.74749637 181504.9751649
 130547.8021076  121882.74845175 178027.84912021 168448.61726133
 109810.93894259 154513.41375018 123113.52026132  72669.46337669
 116176.83370007 151768.89592063 156682.72931761 176343.46987704
 202959.20727524 132805.17355617 115191.23764607 136073.27304308
 173075.87833173 137678.92586307 137306.52589954 190766.55191435
 151693.83519788 134525.04863479 104804.29466473 131130.73326552
 232966.33712082 138184.2554169  134253.42600275 146533.4885579
 100801.49546938 127411.61703447  67415.29614045 124370.86995231
 172724.19872788 127838.45945892 154947.936511   106105.73879322
 134856.93626796 148326.89885352 119657.49530127 150471.89111992
 127538.36744927 149388.1438135  171342.3100281  279396.54389088
 144979.99072723 237321.04341065 141489.00587337 131796.44438455
 116632.83016503 206710.53060636 167007.73489853 156550.93945871
 143666.98111678 150007.9304125  232561.51354669 144328.88535964
 159758.66955455 149060.83348237 156739.58633837 143300.54709723
 168053.69602975 168884.05927589 131672.09039167 194578.98904688
 143082.71789553 139941.1857766  124813.21351338 191871.54923466
 212732.75820187 166474.79668255  64305.50917348 124731.41004248
 109781.90436862 145863.72961362  95586.63781569 135020.48741264
 198719.78327315 100441.44054249 123735.30942949 139745.45065877
 147002.16415845 246046.23869184 117979.82349581 199587.66497214
 163162.54001724 148199.53174635 123163.79347074 113956.78816318
 121767.31540907 128585.11051721 115822.86544742 104313.51162812
 139012.34966483 107165.70482172 179828.81955287 168885.86425291
 133133.68000382 167789.4317821  165262.29499369  83782.76421429
 192009.91121328 131968.25551442 127641.53718412 123684.70083294
 154358.19069614 185822.26394632 220293.73868916 205285.17127566
  94177.85121047 154274.0911444  171233.84699152 190734.84222952
 178449.25556763 174726.11342263  93248.97215295 135217.73751467
 202255.5235523  138575.76723802  98058.07634192 191250.12350292
 130590.20490365 169659.27582348 123752.6417501  144446.82452183
 199657.74717226 131354.06435476 121686.63327161 186041.91542712
 107907.34931194 164036.48970955 135258.45583067 177740.75489048
 104480.49677177 158094.31734817 193548.62043946  98479.58666159
 128847.13605715 124203.5401075  142611.60391526 191640.92846495
 163531.71926832 152085.36535268 177266.39869828 261352.18228078
 146560.96438257 205220.11390524 106530.81632599 101803.26603614
 199443.59624949 190846.54803021 213850.51569686 105225.11515235
 124492.58440227 144069.67039604 156272.4517111  223778.50400821
 131776.48914428 138586.28933606 299250.16974199 158006.2183481
  79782.35494426 139028.54597076 117103.68048816 165000.34864764
 185360.47288234 110112.7979231  183758.47898989 161429.46734434
 144787.48669709 181373.35604863 143097.98964769  87682.32503208
 161178.26837579 169258.56803649  83254.26401823 153854.03486406
 160251.77988032 153109.3996289  141706.27609428 177128.48386679
 238883.14394301  99342.49628653 108025.75056161 203813.76513366
 122533.03778153 179873.04142647 121595.74728915 146839.55262729
 171933.7188336  157728.62036425 112374.87241202 246416.05284466
 110053.41793533 164119.983995   158526.01731471 173462.43416226
 185702.36745264 117348.08734139 166633.17581964 152787.18913648
 228271.46504288 180769.67421631 159553.2103908  212076.07913367
 148994.90874485 105040.77603882 117557.04451445 148564.58480519
 193695.17930884 133592.87757531 111996.08702584 101520.57717748
 140893.51280286 140552.50482008 129244.37322624 191335.77044921
 171772.74280887  99861.09270973 205973.51770035 136062.63229926
 159166.19592282 112114.95111723 194182.93674126 204571.44413855
 115740.34181291 103239.60203501 203718.96252369 285156.66310677
 131476.42198848 164581.93197155 125461.95546714 171499.32268437
 189351.0503464  106528.54377523 105883.64757729 189019.80940527
 222135.94801532 113831.18642043 204866.24362059 162392.49827545
 201519.10011595 125462.5118629  125187.33398378 167673.83485696
  96821.16112286 148987.20692304 188385.78774384 100762.08986902
 111240.31492851 168692.18728532 148940.0608598  140269.66065092
 157460.19701861 130221.32944761 153657.01679419 177034.64942378
 120876.05564866 221336.78191529 150689.9880921  139772.25035478
 199025.59493885 135463.89582819 210316.6493354  202004.73853964
 143392.03055851 116639.90331964 118601.74399735 131677.24790471
 144619.33076487 145988.25001885 209502.3811124  160914.21256119
 199123.93019767 120931.06021516 124763.96890144 166846.2359592
 130573.82504332 205486.22358481 164436.64122787 190900.19784432
  93132.8370403  146846.17094493 102265.82147468 142093.86903835
 168647.70814086 164569.53696564 202119.29889835 301980.92631594
 185428.98898463 142038.64705145 155891.77102889 150336.24233429
 108025.31191192 103737.39160447 155061.75321974 206024.27190514
  90887.22047404 135267.41068314 112004.52606591 213947.43026684
  62329.20043526 214553.43404496 143666.98111678 136870.82530401
 108810.30870484 135372.38720811 132630.15586328 190803.2901618
 122347.57007131 106508.0179813  119511.02984348 155763.24119733
 159781.69018264 237124.76962693 136246.52242814 134483.14582365
 105259.75669284 207715.3293722  137934.66083608 193876.72360853
 155551.79188887 162206.21152338 123287.13323736 170122.85522414
 120743.84032851 107342.52347851 132127.71624022 149181.3550297
 123367.71868596 146915.71770082 117977.52566974 183927.92727392
 170257.03260854 185231.18922099 197624.22897047 189734.7464685
 152145.74238161 180365.38632704  89103.83566306 173685.09305546
 118001.87406996 142838.980937   144216.17745642 109140.76775355
 156894.37133157 143857.02665616 158754.789626   195428.31345852
 228804.18329674 116876.50251073 198996.75116499 125897.41495271
 175064.53523306 159198.04457009 180225.01786896 127824.18657631]
2025-06-24 17:34:45 INFO Expected Optimum FE: -5000
2025-06-24 17:34:45 INFO --- GNBG Problem Parameters for f19 ---
  Dimension: 30, MaxEvals: 1000000
  Search Bounds: [-100, 100]
  Number of Components: 5
  Known Optimum Value: -5000.000000
  Lambda (Curvature): [1 1 1 1 1]
  Mu (Asymmetry/Depth): [0.5 0.5 0.5 0.5 0.5 0.5 0.5 0.5 0.5 0.5]
----------------------------------------
2025-06-24 17:34:45 INFO Run function 19 complete. FEHistory len: 500, AOCC: 0.0000
2025-06-24 17:34:45 INFO FeHistory: [143358.1965843  172410.76879743 279570.08769551 178848.77506833
 152956.71869665  97654.2062025  185860.33336139 110469.85948152
 166490.74724727 190241.69433859 177193.67529972 159411.72883798
 108961.69046996 211663.48542691 171258.1968465  190381.89625842
 196537.69551446 183942.54028259 241676.98915306 145515.9684013
 185946.52989516 202187.05858297 207833.28477926 195420.34455687
 226326.28657619 194352.4140792  314544.70798713 156571.26452354
 138681.4681996  190862.60264999  98260.25406793 108104.64261675
 221268.1425579  176562.74831741 182871.15084947 175181.03586703
 106533.76175085 154688.77513175 288489.28572108 226420.58779464
 135587.98925379 189508.04772981 203766.08203446 228743.20274318
 116844.332335   296252.03197906 170815.80739319 220137.3029788
 182697.57221211 112503.9153477  123365.228038   235258.38456928
 207996.64742986 186489.2176263  112464.15194025 182975.02281336
 117454.55108017 169078.42261234 267123.32185397 155011.84813895
 185459.4749481  138837.31813661 109448.31668416 131196.02485029
 168556.67583308 175893.87716478 135508.69774162 122289.28439345
 208265.62703358 184037.75643255 192910.67062017 137296.8098256
 144297.54874425 184814.92122416 236344.09482803 129286.90475667
 202665.37021855 108857.25677257 231297.21790952 264158.1715547
 228951.40332405 243519.12059425 181989.7450917  230914.89672652
 171339.26808593 167699.88371024 193101.58315631 125675.13610682
 214599.35657975 170182.7723472  128513.94729785 156463.31913962
 173282.12427139 163004.40373852 199565.58763632 152350.1708755
 113283.37293465 139666.81583908 155940.98347738  99699.38343109
 170411.62542293 126008.3549894  199977.7109146  149256.59091998
 134301.76750224 214619.57892386 185170.97640297 118731.64982341
  87810.32902721 300626.30072957 186937.32085726 187688.89827905
 152392.02557116 215980.6454574  127578.97477779 208783.82429241
 183450.46057854 160026.65701089 152025.35316334 173759.36073568
 173511.45925139 164419.87367856 138472.18557903 156141.70443185
 255647.26581032 116322.20452995 121810.05614995  96188.2276118
  87312.24421784 174484.29191821 263885.82122321 148545.03872441
 140038.42953834 111514.01320654 103677.94849975 124024.59096476
 203149.31587299 122994.5431699  113271.29286141 182358.00671968
 198852.82213464 219907.85654729 127236.25505359 199279.17729911
 149180.70328202  94747.57057811 186483.50457092 163983.47532085
 176660.31654183 185806.77221251 211488.45064853 154767.468519
 208243.22552212 128888.25002609 123476.92014114 152921.7626876
 217836.87353631  79719.43980527 119977.07409033 152102.43826444
 172355.96971831 106606.48933463 181015.88350663 164790.50104186
 169648.46828278 154085.92256775 145888.64691224 144092.38993348
 120121.02125213 176479.13807349 279912.02143084 146890.45295897
 121802.24807108 192017.49025329 206655.8888444  154926.90314707
 257900.58686325 202370.5137597  165355.95059429 257753.52959166
 215859.2376459  157749.96075206 151941.49988749 239842.12258611
  92083.49697206 229367.19866498 237626.48735568  68936.25599485
 136492.78626966 105850.32962684 199668.79509282 244074.50269205
 167487.3648372  124943.70491626 206703.28885252 240645.90931963
 167549.62841304 171266.42142487 126123.75723987 156265.56261106
 203215.96674577 129991.37323844 139082.21893331 161156.28164081
 139951.52810225 122979.38202909 161734.82860014 156861.20958416
 137307.33668295 192094.14916215 139595.68520094 154268.04940156
 242575.060497   161524.30180604  87711.91504662 155216.91585884
 145209.15896675 202574.89027597 165312.5260075  133036.71696432
 186111.76843747 150787.15784211 227850.29920142 106564.3338972
 156183.11403757 108913.58399584 187536.83873053 190260.13128895
 131634.2179152  215775.03151327 135992.65538512 194310.44484137
 132709.14220969 126318.40188271 124045.02490904 176979.04233333
 284707.76399244 140225.60500742 103540.97885148 136337.7120403
 134730.10454712 198699.27246375 161288.98736775 185751.30106151
 170444.59815894 190965.01411791 213360.25057958 114204.56310992
 185923.6538588  209361.95582816 271049.79476945 149178.66863067
 240694.63699605 145519.59628879 159506.61198107 268412.92615398
 267035.00683945 117825.92161919 178921.81643616 194378.86056907
 105184.28207263 203619.62904228 166275.22250737 181159.22330392
 170190.43376869 114861.05644002 154990.87099845 200125.36613726
 111593.51505297 202152.42575383 181198.52459155 255185.07708898
 188580.73311088 198316.46158237 232306.89541294 183575.4527812
 214527.55685911 213549.86485645 220796.61107216 195069.44457818
 216096.67555053 280369.6845805  128426.84125811 224036.76244291
 185862.52352    185623.65090403 319618.09523726 196675.20603173
 201806.20036729 272429.64239628 227420.51707675 162228.30269668
 100351.57067991 237638.93707356 235343.23284151 121649.21308947
 140054.29405884 244636.41148454 171962.78653169 137047.0432886
 236365.39183823 165221.30814774 179475.9664678  134342.66316059
 173296.56405633 232315.58389872 142478.92523653 262843.41180564
 167891.1792988  244599.03034468 151201.17024647 105591.98363757
 168932.31748412 296420.61371091 213646.70719188 234541.27256661
 256405.44944557 228816.82511193 190632.98231491 156468.16569161
 176034.52401742 240471.50396288 314257.26161434 150366.16371605
 187301.11446766 231799.93406429 192623.93530624 183422.46072556
 280769.67022479 237642.59710458 230202.49641841 177384.07753114
 176946.162421   197748.73265559 143033.25726623 173733.48129924
 171622.80873958 312054.48931923 320946.7500576  131095.11546001
 148729.7413823  122457.81338993 149953.8430478  150843.78946561
 138699.64054426 338865.21417738 206408.62847596 267832.22375134
 175522.14614218 160055.99869772 256633.49906047 241079.00186202
 229201.75460227 250162.84097136 226859.82624507 209496.43117331
 198824.92815425 218116.16818851 188796.66426695 158818.55506262
 178381.2221831  136945.02785338 215663.42451707 211363.25264603
 256144.83368213 246797.47673957 196087.72646812 223912.52411643
 210713.85229182 212611.93504645 194174.48792848 205596.72675905
 267704.22907766 176077.82935165 169197.42724962 335443.93718205
 244779.49833527 231198.58185433 188285.70178319 112391.1422323
 164709.98802634 204450.56426663 125060.14369791 320994.84714643
 154828.88428729 211107.99577127 185012.79760718 257818.11553083
  78092.01366127 130053.07252548 116624.19150357 139828.1345421
 141946.77028672 205143.6768826  274334.49077916 250962.20418654
 246497.90678706 269023.24389737 162583.62020762 133201.45028365
 282280.90162706 235433.43111718 183583.66820695 126841.69214755
 192827.28788027 190500.29107485 325750.83516744 213563.69831423
 258884.82947958 295245.6556463  244742.83691695 228443.23132197
 201074.27958412 233966.33098938 321685.77351384 224827.76811601
 212156.53355744 144851.19174    334536.73174255 168329.58275052
 295531.29647017 144851.57142475 148726.76656123 197350.16686002
 176686.63435447 101927.07375289 248752.88545967 233348.31145672
 148038.77324682 209054.6241256  200882.36818768 262705.46222347
 294302.89733528 254935.55942568 115084.52422938 334518.17780577
 218069.51957755  88768.58405014 155489.44063389 166794.46366837
 251045.61617202 355999.57144829 161787.46752663 156480.84623577
 201586.21371657 271589.24595419 176185.88457954 261450.1653957
 130547.66834725 166539.8955538  254930.50005052 167102.43452074
  75903.74720792 255696.23871251 136990.78413107 166504.7870307
 264318.85467571 176048.82172394 174724.13880901 134254.5933848
 145938.17640162 241698.72939948 208156.67480818 173562.90588981
 254636.58139944 251877.3473103  175830.08602868 201115.73793749
 199325.90500748 132926.04652024 181392.9615727  184138.35841024
 171966.40997417 120714.72247392 174759.50513162 240319.07707652
 205474.45219546 228437.26494446 230947.75084204 227428.62627905
 198704.73670388 283248.46721316 245180.60574372 172224.42430703
 177744.14520715 192572.39864185 187535.96221868 177449.97683979
 318734.43626264 171150.71577194 199792.91119549 347816.73132404
 298319.47687909 241865.85016796 135415.90207953 236156.28060002
 150019.54318651 240509.11954995 199812.07378174 169397.80731018]
2025-06-24 17:34:45 INFO Expected Optimum FE: -5000
2025-06-24 17:34:45 INFO Unimodal AOCC mean: nan
2025-06-24 17:34:45 INFO Multimodal (single component) AOCC mean: nan
2025-06-24 17:34:45 INFO Multimodal (multiple components) AOCC mean: 0.0000
2025-06-24 17:34:45 INFO AOCC mean: 0.0000
2025-06-24 17:34:45 INFO Weighed AOCC mean: nan
2025-06-24 17:34:45 ERROR Can not run the algorithm
2025-06-24 17:34:45 ERROR Can not run the algorithm
2025-06-24 17:34:46 INFO Run function 19 complete. FEHistory len: 501, AOCC: 0.0000
2025-06-24 17:34:46 INFO FeHistory: [114916.00523836 163751.93677106 104758.65154364 221230.26420781
 156902.60729716 147606.70516824 162164.19456882 129578.47607987
 309724.56245455 190792.23779892 133677.57095077 205575.14275503
 233286.71080646 151688.90423899 204933.22583976 148150.39469043
 209859.7391068  191160.44582353 186459.51014802 136036.80396299
 109305.07032563 160651.07550197 312338.4219673  193693.62769119
 201806.02319367 182047.92499485 197929.32423353 198830.20180966
 151729.17776499 105559.36892755 129544.88940534 116361.68829737
 144674.37062773 208679.88984254 120126.01667654 169069.39108729
 166354.69923251 183131.85687195 110092.19741687 190609.55433347
 199341.53962418 295854.31297908 250863.62163297 105189.68544211
 191465.62364436 195178.79361861 157338.73079048 184273.00137856
 178352.34627072 140784.86483496 185449.22784249 100112.25506587
 136678.49641983 134521.89437167 190619.90828747 208802.40223552
 196273.76663894 266932.98258678 197811.23644084 177917.41398087
 208572.76414745 153667.37762176 157540.25660437 183341.44831212
 159133.40572427 178052.13800943 188428.86863445 282159.7784939
 189226.4892538  199269.74426877 229425.88508499 173506.04570212
 151892.13820462 108851.22862427 259243.84723876 127022.34731415
 138843.98047098 184343.87836534 172198.89812356 177608.72740541
 317972.17602744 178596.84410933 145719.68323143 123783.69842145
 170775.96960327 199903.12060468 125618.12551484 143242.48272095
 266231.14802385 201150.63625292 127359.03019507 175310.36756614
 143947.72671306 163937.96521362 205160.1880138  189038.8267983
 180870.43880359 169717.28676594 223209.53441174 112356.1626606
 126655.86057378 190895.59126031 190379.13584043 153415.91313252
 159373.98580299 159472.52047493 142288.03316692 139444.6048183
 224716.87355543 299073.56618654 136005.03882498 117148.12744974
 145301.27956601 159839.17147792 156444.05791891 134911.88423362
 160581.96267802 254485.67422652 224219.32761182 216627.94499588
 174753.22821656 112662.71984305 192969.94825155 189586.11181879
 138354.88006218 314890.22371546 125973.1324785  108851.94985234
 169707.98098668 128473.08116151  88343.12475979  86949.05356336
 202409.0702028  124937.13830827 310159.45575621 208623.59132699
 246710.63604632  99973.16440636 141258.51521415 236482.21835268
 225484.75924398  88885.98764181 182280.95626364 154715.61605723
 147692.67495686 149967.53601617 163098.81402382 158887.23242501
 163681.94045912 175406.97403072 173004.69167329 238000.09198527
 216339.01666791 156576.29184703 172020.07741716 144007.28829304
 229287.96736416 197876.03640332 166601.686957   216125.41473432
 203717.00798905 136108.20821754 185012.18741811 123820.8112491
 154600.67612485 189522.32445922 245204.93134557  77877.30948447
 123907.15340672 137990.26254087 154902.32411016 209079.77938625
 170858.15827572  69359.61002707 104942.68016271 233718.29275284
 169581.20604519 133979.83207686 179254.68984146 181881.96442808
 103988.10449707 127124.71434554 204303.70509803 302267.74353123
 246808.10865196 226145.43282008 102360.0979707  128923.48373432
 169487.71143591 171174.79105765 210155.88154918 177085.44016033
 167034.31540946 260780.55406323 134223.04412926 293780.87107083
 144389.38420561 222918.88616028 214021.86934854 148572.02160538
 181228.66971874  91969.51998302 130274.93243534 169932.7864282
  85000.57112686 132961.7487386  190004.32388258 141301.19995342
 182422.09136434 201069.55437083 211049.09160179 174552.84789634
 214992.3735153  210198.15891982 135681.25438166 132812.65500086
 181498.23898789 108810.08110114 281562.62003947 270172.55476646
 329574.59581576 220613.26208505 124372.03001037 177538.37214829
 197788.01288257 186221.2633515  222482.99259863 130586.86058802
 283557.61075987 142102.27900782 160418.97903843  75045.57630239
  70427.48728715 101748.81429556 193837.43442913 309659.21858965
 193830.69800228 191215.85846128 223138.03764543 161482.84551065
 112861.27691497 191179.28527124 125098.3878097  318459.07390043
  97695.9001864  131940.76242648 206127.67325385 146063.95672173
 147823.16101045 171444.4921262  166738.89044259 195925.1287489
 187494.5264564  143844.6291045  249933.31634808 148928.87494301
 190681.61971616 147161.79330803 165361.65019456 156547.3758217
 253862.01760511 204604.83045404 237624.93978275 141264.18567487
 168426.97988953 115939.37026951 183996.29684532 173345.61026
 195959.79588771 203301.41403046 155594.67013437 234774.37420157
 265514.14463067 345459.14801023 219081.68116945 207235.8289993
 152388.23000506 172564.14149298 141348.00186519 171573.3085909
 199748.44321868 143534.28952066 139182.04587076 129020.04779181
 147277.91790232 262335.9409468  218256.85232833 181449.64749507
 288285.78435585 232644.14057563 200945.52219164 180551.89526103
 213301.06068794 159668.48564929 118431.58486536 195972.72637409
 219803.13903133 249759.51207436 143910.90832801 102312.06252662
 161055.16953569 116531.74224726 276942.61617034 281043.78462118
 209561.90544148 209860.30080311 164872.20171914 128063.66227298
 139305.33706332 196436.35831351 169331.4852897  129353.42428398
 254331.71708038 113928.94662783 119649.08488355 123578.22848149
 142754.99277379 158053.12010852 183896.54966346 174164.29772308
 217354.60872542 183078.44139087 168759.39869528 162768.22778103
 158713.65416603 114766.10127663 226265.49896351 261450.43538243
 129448.36060241 239194.29308223 314552.84079191 127913.41812521
 252498.76940249 218750.10006174 194188.86217517 150683.77260866
 187716.17970573 173285.24217104 146518.75702838 226091.0564547
 157277.10660657 165017.08897295 104419.1929412  180025.1052453
 126190.05750165 126906.92614135 193291.81697319 267214.63733896
 100304.10821231 266146.97921221 238834.57401658 132537.93138043
 207536.39595098  95318.9377917  195136.65010945 204046.08889764
 202885.16336108 130624.00463088 123051.77572652 181142.19309646
 145743.82351206 159228.71072415 217944.0573956  181210.74597142
 333863.71578567 134265.87849555 213895.27444652 273760.38511044
 218223.8772235  176288.55928398 140805.40959501 188978.82550638
 189625.52529842 156726.71527741 147117.37989857 208558.16817612
 194674.3119284  296730.2760159  208937.21585069 214032.38975777
 131883.37649321 141702.5609743  188002.48967123 191788.15483142
 104012.32097854 289652.50058265 206523.13984632 150079.52403933
 269012.39254586 173755.39603087 197011.34878962 220509.96772668
 181838.35184032 236161.5813055  236620.52369139 179261.04117884
 247199.20956068 207441.70660311 237651.33987556 123544.76808092
 214333.21838511 296752.74137211 217365.71855451 231144.3479085
 155548.68875569 325792.35618771 124689.95412765 265160.05511448
 228310.22505753 123814.31314358 249776.83681829  92579.20806617
 211401.57849789 284408.93341812 163535.04466192 236911.50886398
 187120.49351991 193468.11751475 186546.80854997 141227.95753503
 261540.78932545 225061.09040685 212126.28116948  99130.22253306
 241657.51382639 139361.67249089 235774.21602868 188379.91459957
 192714.08539009 228789.90201976 135057.00130656 118769.84979759
 188663.22543652 216996.86606272  97648.89311871 157119.89871275
 121124.14869935 337898.14140282 156265.23868274 284380.94348856
 213495.41911754 256000.8332203  275168.31951842 241227.45472401
 260218.65177202 187972.11803427 117179.74316724 127525.45642537
 186425.39397606 194489.86799076 241203.77234853 162151.76298881
 227968.05517575 219159.48973491 128191.86074903 185145.80291485
 185597.72568926 111514.99676455 110611.66117009 137974.85688146
  59104.6658331  117635.52783557 312150.72793795 168307.70101297
 187500.891549   189977.67741427 225339.42757416 173572.86934545
 111532.95447984 195923.92888176 245942.15338196 164067.7946536
 210842.53736868 284751.00206527 154042.5283574  166621.38575217
 243361.13543998 159365.26928584 110022.83242195 134358.94959488
 249483.61626602 146205.96030127  61091.9535596  117183.45938934
 112888.47739993 151904.98020341 213555.37700163  95639.4496101
 182940.37971976 236724.45158057 207750.95829237 212974.53340754
 205224.5594716  189998.60043843 162462.38500275 306878.68533567
 184220.67030605 240190.09978025 257935.0146777  178984.93381618
 224189.81895815]
2025-06-24 17:34:46 INFO Expected Optimum FE: -5000
2025-06-24 17:34:46 INFO Unimodal AOCC mean: nan
2025-06-24 17:34:46 INFO Multimodal (single component) AOCC mean: nan
2025-06-24 17:34:46 INFO Multimodal (multiple components) AOCC mean: 0.0000
2025-06-24 17:34:46 INFO AOCC mean: 0.0000
2025-06-24 17:34:46 INFO Weighed AOCC mean: nan
2025-06-24 17:34:46 INFO Run function 19 complete. FEHistory len: 500, AOCC: 0.0000
2025-06-24 17:34:46 INFO FeHistory: [159913.39389774  65107.05764669 194137.6387622  190819.26528823
 236808.44830168 175814.21451181 168237.9116374  147353.70712954
 131624.48981903 162147.39895825 254865.82358683 155457.49562217
 248866.73612884 201069.63745317 104682.13286968 151994.32595023
 128317.98213243 214676.00781402 181339.16852354 205840.49064215
 209643.73350575 155946.9489625  240367.31737153 166229.63655934
 213867.2820645  362749.62052872 151784.99476617 214627.29959949
 282782.73813747 134476.84605981 180930.18308315 252444.47873784
 126966.71583318 111863.11087616 144978.55094945 235916.87123514
 136777.67220275 295755.6926284  122323.5516254  206898.65389064
 206139.27502878 220060.52080867 173791.30117589 142082.66967706
 185171.83832409 226615.95629359 177567.39442746 161896.16340248
  99544.16341351 160785.95800994 110784.0209016  147149.26257287
 176879.45804931  93636.39503367 177248.71214253 236175.00781022
 161953.91205738 193163.07821593 225408.28175857 163669.76329771
 254977.03690129 195073.61214428 130978.78833651 170087.49143546
 231087.33516833 104851.99926044 183604.63840384 218630.63337712
 226436.01897336 286592.62725    128645.12245279 287011.07799395
 144608.14697528 195146.84582603 138603.27549785  93081.67406176
 242254.17534251 214471.45739017 222879.86235818 202821.33040421
 288480.43299219 180440.19662401 183654.69721333 167076.33619481
 205158.14197833 165746.91764476 168059.86177174 172070.99155482
 175653.2204637  231966.81955955 215821.2525604  187198.39751764
 197625.9976528  190266.86859663 165023.42609326 125565.46194697
 151352.71113332 236457.14186203 132576.74970592 117017.96403448
 151281.60275759 229598.54816613 165179.68447489 261077.13146048
 142176.50341198 143333.42987032 199897.25711075 233715.61538417
 243612.16197371 208700.67951083 152451.07448213 105654.77054865
 128709.4544788  151538.45495039 239146.73501182 121071.87118095
  98932.13686388 178406.81826715  83453.45399027 169196.76985957
 134247.33388361 150917.8883792  211003.50715899 132954.41223501
 150907.93138732 234586.09554728 157632.03080935 240140.50004735
 191175.29567871 118990.45293726 174265.27809966 180151.41053327
 171846.7328771  179535.59690087 162800.7831674  152871.76771325
 190632.42802823 188359.50038783 189572.72960605 242553.30990752
 106580.28200213 238998.26506127 144048.31938663  95956.05933548
 123865.75759672 204108.51191925 238274.49316569 178390.18262827
 185114.94492248 156754.43933696 194906.96649213 155577.5262761
 179039.90467836 132684.72442999 189793.86901608 188812.17178328
 153153.68704498 137691.04344255 221652.83629346 188879.70948841
 135019.07237413 249603.04901755 139515.88425285 148147.32346379
 193145.03685357 184585.05265124 207417.75815045 174605.51161362
 191356.26984126 208038.07543707 258330.81528992 116784.85884213
 155554.68949808 119276.04725441 139496.76325525 196330.30686747
 187303.13835271 221547.82696567 188728.72476793 113590.76187455
 106056.67546733 176930.87207839 125729.85747477 181674.82227647
 141256.02165672 133456.01348874 171877.43299742 225657.26665696
 175447.53025625 100398.71652381 120190.84500311 244563.28984911
 196102.17557949 204470.66704288 221154.75351166 191670.91391496
 248508.31749983 214397.86854963 162630.31652169 143078.13865903
 139685.29543904 159993.57448109 153106.22537347 168752.17808587
 232535.40036745 124875.29307806 189782.77253935  74870.93326878
 165241.41448144 162994.13631391 184992.15959791 232133.4832793
 235182.72667183 188000.87399185 197164.43344438 191335.29274932
 161962.28906815 120129.54405966 177348.62422767 143305.22082421
 151019.66647404 131129.52292119 204573.84583747 121007.1364516
 123335.99177797 162532.45955746 141969.0127287  128064.08845077
 134145.97202458 195266.04013355 160121.11705412 176514.0775779
 316501.13741899 177109.73049825 151037.97226642  77132.48029343
 144324.03035698 239057.82135759 159065.86482005 168698.6501176
 276640.92261198 173836.29167021 198032.77249755 118987.28952053
 181660.52114378 234663.7779874  168277.69252719 204327.51204857
 193454.17799707 178262.16050414  97444.83269893 173093.74077581
 150097.3295592  215030.30679964 176885.51144223 169714.77326659
 267288.5458359  286455.39794167 168474.7048079  138074.07314214
 196742.93981679 127645.91203564 265348.55773608 187049.7269499
 186251.81205352 149112.06880333 109197.63785711 143912.15369485
 166338.43319439 201218.68281904 127191.24742029 156462.5607879
 147635.31030509 178573.27023803  96649.96725399 128098.96010177
 161804.37642046 311420.86121393 154092.47152502 178035.54680526
 187141.87308589 217223.45281591  85803.91400996 187345.15607641
 155071.3107276  152844.64236008 174663.66646471 141095.35516012
 250523.0041153  268635.14945964 169273.18723833 215304.20388363
 233153.97683487 124010.21109826 200290.21169191 168591.50731496
 178627.34674801 137606.60487247 204297.01366267 189454.96635484
 138065.30783752 119573.87937502  95541.29403531 265469.03449204
  74235.98395352 126307.81916879 128158.32641252 113784.35086135
 144945.43512096 195478.68073236 142730.58261236 139875.40045536
 203787.59474937 170840.51939705 150909.41544643 227541.77982387
 264506.63960009 154410.96658471 134983.34059737 182778.53563576
 171684.79863656 207324.22572649 182325.14627432 177007.36775784
  94974.10468756 231336.58525778 251473.08585002 146176.32946171
 264093.28012121 251433.41007845 183050.12491684 266673.46733505
 189162.79140706 129570.5776754  108970.31649632 162744.82970431
 114673.54625385 157618.5318004  147175.14221658 131945.37026581
 189517.70999218 236970.42287761 243984.35860499 204691.76871593
 129156.51427909 272115.82107249 265628.03769147 174851.44558637
 153366.98388737 205489.61743658 104302.74793007 152088.94857924
 115062.31374676 168961.78257492 163739.10024856 212386.22990822
 177746.31439029 113793.65020096 179989.68022457 254264.58585357
 132830.17815172 182759.29591558 220595.87805939 137162.72919398
 124450.25132189 142728.93456658 171373.28493288 125878.60329728
 148443.38504774 167839.72021213 185019.61110606 183603.34361372
 201608.66432027 216662.10647463 122176.75932747 146868.09187985
 138378.82175133 131853.61638887 142589.62313868 129307.91270387
 232606.62425637 184531.15253248 206314.21611807 196690.64730826
 268325.94897115 225750.20201298 117928.26225777 172482.33381209
 217377.56233032 143234.55682833 142034.57133979 126373.15234464
 207992.44208038 128197.86072728 267784.67474815 173206.47868788
 195541.03542856 110802.10889997 163335.81411387 248092.90977824
 201953.74398402 229596.68876613 108563.88563399 164011.80216335
 289186.31122124 211805.22344596 141719.68500089 112801.32461469
 262951.60332072 216004.53578114 160640.5170327  187163.58527881
 194667.74195405 113068.7731787   83768.39760197 132424.11836965
 235204.14064359 223941.5371517  145732.91948392 127882.86120059
 278241.90318973 214812.94584446 207077.32000738 274151.21697786
 113794.17707224 198064.88536276 163421.75596954 130234.43828254
 221918.3169697  236310.921128   230890.18431475 176438.66529733
 108311.25859049 179440.58885063 111655.82918357 320878.80744512
 144883.43529116 178604.96249557 174135.74917801 157061.85303187
 113274.57646511 219878.63925146 203054.19176423  91554.8804202
 153766.41852014 183292.92506218 297498.96952886 126013.57331998
 161918.70614216 216795.1872774  154908.98650054  94887.8596334
 180002.0998797  158618.34410556 240669.41096681 200949.2711943
 200528.12287168 208524.74772812 195978.98347424 114050.05864899
 171254.94027275 140367.59792286  94959.69857403 303591.81910761
 277248.93845418 254827.7436931  151820.75663199 117775.13493242
 189832.51765791 162060.79547639 162643.49277559 159872.68155592
 266156.54411084 167724.93568057 212056.18020304 151965.18778808
 215590.36038889 134984.48023823 137926.23289869 276092.73078365
 181911.16936212 179335.24247231 232115.77313678 177109.73049825
 127778.74664442  98560.53324369 135915.33669371 160910.46577863
 214919.79702789 338755.39637829 163397.29582725 145014.08364479
 133260.74079665 189787.56505696 208922.7092088  193737.17459865
 207988.60910322 182749.10770019  79606.76674542 145746.8566528 ]
2025-06-24 17:34:46 INFO Expected Optimum FE: -5000
2025-06-24 17:34:46 INFO Unimodal AOCC mean: nan
2025-06-24 17:34:46 INFO Multimodal (single component) AOCC mean: nan
2025-06-24 17:34:46 INFO Multimodal (multiple components) AOCC mean: 0.0000
2025-06-24 17:34:46 INFO AOCC mean: 0.0000
2025-06-24 17:34:46 INFO Weighed AOCC mean: nan
2025-06-24 17:35:30 INFO Run function 16 complete. FEHistory len: 150000, AOCC: 0.0000
2025-06-24 17:35:30 INFO FeHistory: [183069.20304703 164227.06710695 170025.19111569 ...  87967.65446761
  70556.17261003  77518.98560337]
2025-06-24 17:35:30 INFO Expected Optimum FE: -5000
2025-06-24 17:35:30 INFO --- GNBG Problem Parameters for f18 ---
  Dimension: 30, MaxEvals: 1000000
  Search Bounds: [-100, 100]
  Number of Components: 5
  Known Optimum Value: -5000.000000
  Lambda (Curvature): [1 1 1 1 1]
  Mu (Asymmetry/Depth): [0.22159228 0.42314776 0.4901829  0.25862884 0.37043014 0.37440768
 0.26098797 0.491006   0.27569772 0.45404864]
----------------------------------------
2025-06-24 17:36:15 INFO Run function 18 complete. FEHistory len: 150000, AOCC: 0.0000
2025-06-24 17:36:15 INFO FeHistory: [107728.35625994 194751.14667348 180715.40879428 ... 280083.10904929
 182828.95314761 193066.12436953]
2025-06-24 17:36:15 INFO Expected Optimum FE: -5000
2025-06-24 17:36:15 INFO --- GNBG Problem Parameters for f19 ---
  Dimension: 30, MaxEvals: 1000000
  Search Bounds: [-100, 100]
  Number of Components: 5
  Known Optimum Value: -5000.000000
  Lambda (Curvature): [1 1 1 1 1]
  Mu (Asymmetry/Depth): [0.5 0.5 0.5 0.5 0.5 0.5 0.5 0.5 0.5 0.5]
----------------------------------------
2025-06-24 17:36:59 INFO Run function 19 complete. FEHistory len: 150000, AOCC: 0.0000
2025-06-24 17:36:59 INFO FeHistory: [171880.87779499 177337.96117341 123844.70150237 ... 210655.60337558
 111930.28698404  99180.77773642]
2025-06-24 17:36:59 INFO Expected Optimum FE: -5000
2025-06-24 17:36:59 INFO Unimodal AOCC mean: nan
2025-06-24 17:36:59 INFO Multimodal (single component) AOCC mean: nan
2025-06-24 17:36:59 INFO Multimodal (multiple components) AOCC mean: 0.0000
2025-06-24 17:36:59 INFO AOCC mean: 0.0000
2025-06-24 17:36:59 INFO Weighed AOCC mean: nan
