2025-06-23 21:42:27 INFO --- GNBG Problem Parameters for f6 ---
  Dimension: 30, MaxEvals: 500000
  Search Bounds: [-100, 100]
  Number of Components: 1
  Known Optimum Value: -186.864053
  Lambda (Curvature): [0.05]
  Mu (Asymmetry/Depth): [0 0]
----------------------------------------
2025-06-23 21:42:27 INFO --- GNBG Problem Parameters for f6 ---
  Dimension: 30, MaxEvals: 500000
  Search Bounds: [-100, 100]
  Number of Components: 1
  Known Optimum Value: -186.864053
  Lambda (Curvature): [0.05]
  Mu (Asymmetry/Depth): [0 0]
----------------------------------------
2025-06-23 21:42:28 INFO --- GNBG Problem Parameters for f6 ---
  Dimension: 30, MaxEvals: 500000
  Search Bounds: [-100, 100]
  Number of Components: 1
  Known Optimum Value: -186.864053
  Lambda (Curvature): [0.05]
  Mu (Asymmetry/Depth): [0 0]
----------------------------------------
2025-06-23 21:42:28 INFO --- GNBG Problem Parameters for f6 ---
  Dimension: 30, MaxEvals: 500000
  Search Bounds: [-100, 100]
  Number of Components: 1
  Known Optimum Value: -186.864053
  Lambda (Curvature): [0.05]
  Mu (Asymmetry/Depth): [0 0]
----------------------------------------
2025-06-23 21:42:28 INFO --- GNBG Problem Parameters for f6 ---
  Dimension: 30, MaxEvals: 500000
  Search Bounds: [-100, 100]
  Number of Components: 1
  Known Optimum Value: -186.864053
  Lambda (Curvature): [0.05]
  Mu (Asymmetry/Depth): [0 0]
----------------------------------------
