2025-06-26 06:41:02 INFO --- GNBG Problem Parameters for f16 ---
  Dimension: 30, MaxEvals: 1000000
  Search Bounds: [-100, 100]
  Number of Components: 5
  Known Optimum Value: -5000.000000
  Lambda (Curvature): [1 1 1 1 1]
  Mu (Asymmetry/Depth): [0 0 0 0 0 0 0 0 0 0]
----------------------------------------
2025-06-26 06:41:45 INFO Run function 16 complete. FEHistory len: 150000, AOCC: 0.0000
2025-06-26 06:41:45 INFO FeHistory: [151612.07860268 116661.10330941 139018.21242483 ... 147041.85154785
 119593.43066868 144664.78774084]
2025-06-26 06:41:45 INFO Expected Optimum FE: -5000
2025-06-26 06:41:45 INFO --- GNBG Problem Parameters for f18 ---
  Dimension: 30, MaxEvals: 1000000
  Search Bounds: [-100, 100]
  Number of Components: 5
  Known Optimum Value: -5000.000000
  Lambda (Curvature): [1 1 1 1 1]
  Mu (Asymmetry/Depth): [0.22159228 0.42314776 0.4901829  0.25862884 0.37043014 0.37440768
 0.26098797 0.491006   0.27569772 0.45404864]
----------------------------------------
2025-06-26 06:42:26 INFO Run function 18 complete. FEHistory len: 150000, AOCC: 0.0000
2025-06-26 06:42:26 INFO FeHistory: [127776.9765682  162741.22935626 191414.41948864 ... 131815.65215277
 165615.38832736 128553.27054732]
2025-06-26 06:42:26 INFO Expected Optimum FE: -5000
2025-06-26 06:42:26 INFO --- GNBG Problem Parameters for f19 ---
  Dimension: 30, MaxEvals: 1000000
  Search Bounds: [-100, 100]
  Number of Components: 5
  Known Optimum Value: -5000.000000
  Lambda (Curvature): [1 1 1 1 1]
  Mu (Asymmetry/Depth): [0.5 0.5 0.5 0.5 0.5 0.5 0.5 0.5 0.5 0.5]
----------------------------------------
2025-06-26 06:43:07 INFO Run function 19 complete. FEHistory len: 150000, AOCC: 0.0000
2025-06-26 06:43:07 INFO FeHistory: [302192.15168106 132638.58077997 186350.42360853 ... 275641.48062774
 224252.63452459 186763.75029148]
2025-06-26 06:43:07 INFO Expected Optimum FE: -5000
2025-06-26 06:43:07 INFO Unimodal AOCC mean: nan
2025-06-26 06:43:07 INFO Multimodal (single component) AOCC mean: nan
2025-06-26 06:43:07 INFO Multimodal (multiple components) AOCC mean: 0.0000
2025-06-26 06:43:07 INFO AOCC mean: 0.0000
2025-06-26 06:43:07 INFO Weighed AOCC mean: nan
2025-06-26 06:43:21 INFO --- GNBG Problem Parameters for f16 ---
  Dimension: 30, MaxEvals: 1000000
  Search Bounds: [-100, 100]
  Number of Components: 5
  Known Optimum Value: -5000.000000
  Lambda (Curvature): [1 1 1 1 1]
  Mu (Asymmetry/Depth): [0 0 0 0 0 0 0 0 0 0]
----------------------------------------
2025-06-26 06:44:04 INFO Run function 16 complete. FEHistory len: 150000, AOCC: 0.0000
2025-06-26 06:44:04 INFO FeHistory: [152865.81478806 121718.37729456 120599.89615169 ...  -3654.48579227
  -3654.46704805  -3654.48905107]
2025-06-26 06:44:04 INFO Expected Optimum FE: -5000
2025-06-26 06:44:04 INFO --- GNBG Problem Parameters for f18 ---
  Dimension: 30, MaxEvals: 1000000
  Search Bounds: [-100, 100]
  Number of Components: 5
  Known Optimum Value: -5000.000000
  Lambda (Curvature): [1 1 1 1 1]
  Mu (Asymmetry/Depth): [0.22159228 0.42314776 0.4901829  0.25862884 0.37043014 0.37440768
 0.26098797 0.491006   0.27569772 0.45404864]
----------------------------------------
2025-06-26 06:44:43 INFO Run function 18 complete. FEHistory len: 150000, AOCC: 0.0000
2025-06-26 06:44:43 INFO FeHistory: [156453.27072092 100079.90059362 134169.88693289 ...   1114.98892488
   1115.06662673   1114.71994889]
2025-06-26 06:44:43 INFO Expected Optimum FE: -5000
2025-06-26 06:44:43 INFO --- GNBG Problem Parameters for f19 ---
  Dimension: 30, MaxEvals: 1000000
  Search Bounds: [-100, 100]
  Number of Components: 5
  Known Optimum Value: -5000.000000
  Lambda (Curvature): [1 1 1 1 1]
  Mu (Asymmetry/Depth): [0.5 0.5 0.5 0.5 0.5 0.5 0.5 0.5 0.5 0.5]
----------------------------------------
2025-06-26 06:45:23 INFO Run function 19 complete. FEHistory len: 150000, AOCC: 0.0000
2025-06-26 06:45:23 INFO FeHistory: [242826.90107513 118887.72362301 189717.99128655 ...   1205.59775189
   1205.62784518   1205.62616665]
2025-06-26 06:45:23 INFO Expected Optimum FE: -5000
2025-06-26 06:45:23 INFO Unimodal AOCC mean: nan
2025-06-26 06:45:23 INFO Multimodal (single component) AOCC mean: nan
2025-06-26 06:45:23 INFO Multimodal (multiple components) AOCC mean: 0.0000
2025-06-26 06:45:23 INFO AOCC mean: 0.0000
2025-06-26 06:45:23 INFO Weighed AOCC mean: nan
2025-06-26 06:45:59 INFO --- GNBG Problem Parameters for f16 ---
  Dimension: 30, MaxEvals: 1000000
  Search Bounds: [-100, 100]
  Number of Components: 5
  Known Optimum Value: -5000.000000
  Lambda (Curvature): [1 1 1 1 1]
  Mu (Asymmetry/Depth): [0 0 0 0 0 0 0 0 0 0]
----------------------------------------
2025-06-26 06:46:42 INFO Run function 16 complete. FEHistory len: 150000, AOCC: 0.0000
2025-06-26 06:46:42 INFO FeHistory: [154980.06827987 132465.65458844 130481.38575008 ... 165812.29036975
 143458.56469512 105181.12124591]
2025-06-26 06:46:42 INFO Expected Optimum FE: -5000
2025-06-26 06:46:42 INFO --- GNBG Problem Parameters for f18 ---
  Dimension: 30, MaxEvals: 1000000
  Search Bounds: [-100, 100]
  Number of Components: 5
  Known Optimum Value: -5000.000000
  Lambda (Curvature): [1 1 1 1 1]
  Mu (Asymmetry/Depth): [0.22159228 0.42314776 0.4901829  0.25862884 0.37043014 0.37440768
 0.26098797 0.491006   0.27569772 0.45404864]
----------------------------------------
2025-06-26 06:47:22 INFO Run function 18 complete. FEHistory len: 150000, AOCC: 0.0000
2025-06-26 06:47:22 INFO FeHistory: [130090.60946861 149358.76224091 185699.86019732 ... 170561.28623697
 118052.32148419 214927.99059517]
2025-06-26 06:47:22 INFO Expected Optimum FE: -5000
2025-06-26 06:47:22 INFO --- GNBG Problem Parameters for f19 ---
  Dimension: 30, MaxEvals: 1000000
  Search Bounds: [-100, 100]
  Number of Components: 5
  Known Optimum Value: -5000.000000
  Lambda (Curvature): [1 1 1 1 1]
  Mu (Asymmetry/Depth): [0.5 0.5 0.5 0.5 0.5 0.5 0.5 0.5 0.5 0.5]
----------------------------------------
2025-06-26 06:48:01 INFO Run function 19 complete. FEHistory len: 150000, AOCC: 0.0000
2025-06-26 06:48:01 INFO FeHistory: [154418.49521253 162153.44001943 182332.91374199 ... 167841.78680084
 248222.52707377 276028.33974349]
2025-06-26 06:48:01 INFO Expected Optimum FE: -5000
2025-06-26 06:48:01 INFO Unimodal AOCC mean: nan
2025-06-26 06:48:01 INFO Multimodal (single component) AOCC mean: nan
2025-06-26 06:48:01 INFO Multimodal (multiple components) AOCC mean: 0.0000
2025-06-26 06:48:01 INFO AOCC mean: 0.0000
2025-06-26 06:48:01 INFO Weighed AOCC mean: nan
2025-06-26 06:48:55 INFO --- GNBG Problem Parameters for f16 ---
  Dimension: 30, MaxEvals: 1000000
  Search Bounds: [-100, 100]
  Number of Components: 5
  Known Optimum Value: -5000.000000
  Lambda (Curvature): [1 1 1 1 1]
  Mu (Asymmetry/Depth): [0 0 0 0 0 0 0 0 0 0]
----------------------------------------
2025-06-26 06:49:39 INFO Run function 16 complete. FEHistory len: 150000, AOCC: 0.0000
2025-06-26 06:49:39 INFO FeHistory: [154285.6102041  165312.78340184 135927.44520303 ...   2306.69396086
   3892.98959877   2454.58648492]
2025-06-26 06:49:39 INFO Expected Optimum FE: -5000
2025-06-26 06:49:39 INFO --- GNBG Problem Parameters for f18 ---
  Dimension: 30, MaxEvals: 1000000
  Search Bounds: [-100, 100]
  Number of Components: 5
  Known Optimum Value: -5000.000000
  Lambda (Curvature): [1 1 1 1 1]
  Mu (Asymmetry/Depth): [0.22159228 0.42314776 0.4901829  0.25862884 0.37043014 0.37440768
 0.26098797 0.491006   0.27569772 0.45404864]
----------------------------------------
2025-06-26 06:50:20 INFO Run function 18 complete. FEHistory len: 150000, AOCC: 0.0000
2025-06-26 06:50:20 INFO FeHistory: [151274.2927509  114157.05766269 124933.99581016 ...  58570.36867116
  44769.99003352  44891.81865702]
2025-06-26 06:50:20 INFO Expected Optimum FE: -5000
2025-06-26 06:50:20 INFO --- GNBG Problem Parameters for f19 ---
  Dimension: 30, MaxEvals: 1000000
  Search Bounds: [-100, 100]
  Number of Components: 5
  Known Optimum Value: -5000.000000
  Lambda (Curvature): [1 1 1 1 1]
  Mu (Asymmetry/Depth): [0.5 0.5 0.5 0.5 0.5 0.5 0.5 0.5 0.5 0.5]
----------------------------------------
2025-06-26 06:51:01 INFO Run function 19 complete. FEHistory len: 150000, AOCC: 0.0000
2025-06-26 06:51:01 INFO FeHistory: [200895.12714249 199205.42683856 125425.9386122  ...  24494.87695407
  28576.66220168  65138.00325095]
2025-06-26 06:51:01 INFO Expected Optimum FE: -5000
2025-06-26 06:51:01 INFO Unimodal AOCC mean: nan
2025-06-26 06:51:01 INFO Multimodal (single component) AOCC mean: nan
2025-06-26 06:51:01 INFO Multimodal (multiple components) AOCC mean: 0.0000
2025-06-26 06:51:01 INFO AOCC mean: 0.0000
2025-06-26 06:51:01 INFO Weighed AOCC mean: nan
