2025-06-23 16:17:16 INFO --- GNBG Problem Parameters for f24 ---
  Dimension: 30, MaxEvals: 1000000
  Search Bounds: [-100, 100]
  Number of Components: 5
  Known Optimum Value: -100.000000
  Lambda (Curvature): [0.25 0.25 0.25 0.25 0.25]
  Mu (Asymmetry/Depth): [0.44142637 0.27898903 0.25803028 0.21978833 0.39183826 0.42051979
 0.35740109 0.43165341 0.47744239 0.47234476]
----------------------------------------
2025-06-23 16:17:16 INFO --- GNBG Problem Parameters for f24 ---
  Dimension: 30, MaxEvals: 1000000
  Search Bounds: [-100, 100]
  Number of Components: 5
  Known Optimum Value: -100.000000
  Lambda (Curvature): [0.25 0.25 0.25 0.25 0.25]
  Mu (Asymmetry/Depth): [0.44142637 0.27898903 0.25803028 0.21978833 0.39183826 0.42051979
 0.35740109 0.43165341 0.47744239 0.47234476]
----------------------------------------
2025-06-23 16:17:16 INFO --- GNBG Problem Parameters for f24 ---
  Dimension: 30, MaxEvals: 1000000
  Search Bounds: [-100, 100]
  Number of Components: 5
  Known Optimum Value: -100.000000
  Lambda (Curvature): [0.25 0.25 0.25 0.25 0.25]
  Mu (Asymmetry/Depth): [0.44142637 0.27898903 0.25803028 0.21978833 0.39183826 0.42051979
 0.35740109 0.43165341 0.47744239 0.47234476]
----------------------------------------
2025-06-23 16:17:16 INFO --- GNBG Problem Parameters for f24 ---
  Dimension: 30, MaxEvals: 1000000
  Search Bounds: [-100, 100]
  Number of Components: 5
  Known Optimum Value: -100.000000
  Lambda (Curvature): [0.25 0.25 0.25 0.25 0.25]
  Mu (Asymmetry/Depth): [0.44142637 0.27898903 0.25803028 0.21978833 0.39183826 0.42051979
 0.35740109 0.43165341 0.47744239 0.47234476]
----------------------------------------
2025-06-23 16:17:17 ERROR Can not run the algorithm
2025-06-23 16:17:17 ERROR Can not run the algorithm
2025-06-23 16:17:17 INFO Run function 24 complete. FEHistory len: 1200, AOCC: 0.0000
2025-06-23 16:17:17 INFO FeHistory: [174.19487868 180.37483489 182.7026365  ... 210.55076271 211.23319474
 211.69901563]
2025-06-23 16:17:17 INFO Expected Optimum FE: -100
2025-06-23 16:17:17 INFO Unimodal AOCC mean: nan
2025-06-23 16:17:17 INFO Multimodal (single component) AOCC mean: nan
2025-06-23 16:17:17 INFO Multimodal (multiple components) AOCC mean: 0.0000
2025-06-23 16:17:17 INFO AOCC mean: 0.0000
2025-06-23 16:17:17 INFO Run function 24 complete. FEHistory len: 1200, AOCC: 0.0000
2025-06-23 16:17:17 INFO FeHistory: [200.21032781 199.41443169 211.06475853 ... 176.0628099  175.67990946
 199.11051928]
2025-06-23 16:17:17 INFO Expected Optimum FE: -100
2025-06-23 16:17:17 INFO Unimodal AOCC mean: nan
2025-06-23 16:17:17 INFO Multimodal (single component) AOCC mean: nan
2025-06-23 16:17:17 INFO Multimodal (multiple components) AOCC mean: 0.0000
2025-06-23 16:17:17 INFO AOCC mean: 0.0000
2025-06-23 16:19:05 INFO Run function 24 complete. FEHistory len: 150000, AOCC: 0.0000
2025-06-23 16:19:05 INFO FeHistory: [195.38983255 179.14598127 184.50130698 ... 220.2950532  173.40651514
 232.01985886]
2025-06-23 16:19:05 INFO Expected Optimum FE: -100
2025-06-23 16:19:05 INFO Unimodal AOCC mean: nan
2025-06-23 16:19:05 INFO Multimodal (single component) AOCC mean: nan
2025-06-23 16:19:05 INFO Multimodal (multiple components) AOCC mean: 0.0000
2025-06-23 16:19:05 INFO AOCC mean: 0.0000
2025-06-23 16:19:22 INFO Run function 24 complete. FEHistory len: 150000, AOCC: 0.0166
2025-06-23 16:19:22 INFO FeHistory: [164.06598903 213.03624259 204.79783532 ... -45.32597167 -46.00168323
 -45.85887156]
2025-06-23 16:19:22 INFO Expected Optimum FE: -100
2025-06-23 16:19:22 INFO Unimodal AOCC mean: nan
2025-06-23 16:19:22 INFO Multimodal (single component) AOCC mean: nan
2025-06-23 16:19:22 INFO Multimodal (multiple components) AOCC mean: 0.0166
2025-06-23 16:19:22 INFO AOCC mean: 0.0166
