2025-06-23 19:16:12 INFO --- GNBG Problem Parameters for f24 ---
  Dimension: 30, MaxEvals: 1000000
  Search Bounds: [-100, 100]
  Number of Components: 5
  Known Optimum Value: -100.000000
  Lambda (Curvature): [0.25 0.25 0.25 0.25 0.25]
  Mu (Asymmetry/Depth): [0.44142637 0.27898903 0.25803028 0.21978833 0.39183826 0.42051979
 0.35740109 0.43165341 0.47744239 0.47234476]
----------------------------------------
2025-06-23 19:16:12 INFO --- GNBG Problem Parameters for f24 ---
  Dimension: 30, MaxEvals: 1000000
  Search Bounds: [-100, 100]
  Number of Components: 5
  Known Optimum Value: -100.000000
  Lambda (Curvature): [0.25 0.25 0.25 0.25 0.25]
  Mu (Asymmetry/Depth): [0.44142637 0.27898903 0.25803028 0.21978833 0.39183826 0.42051979
 0.35740109 0.43165341 0.47744239 0.47234476]
----------------------------------------
2025-06-23 19:16:12 INFO --- GNBG Problem Parameters for f24 ---
  Dimension: 30, MaxEvals: 1000000
  Search Bounds: [-100, 100]
  Number of Components: 5
  Known Optimum Value: -100.000000
  Lambda (Curvature): [0.25 0.25 0.25 0.25 0.25]
  Mu (Asymmetry/Depth): [0.44142637 0.27898903 0.25803028 0.21978833 0.39183826 0.42051979
 0.35740109 0.43165341 0.47744239 0.47234476]
----------------------------------------
2025-06-23 19:16:54 INFO Run function 24 complete. FEHistory len: 150000, AOCC: 0.0000
2025-06-23 19:16:54 INFO FeHistory: [171.75101461 205.83250638 154.52151014 ...  37.06656799  38.00166313
  26.96398018]
2025-06-23 19:16:54 INFO Expected Optimum FE: -100
2025-06-23 19:16:54 INFO Unimodal AOCC mean: nan
2025-06-23 19:16:54 INFO Multimodal (single component) AOCC mean: nan
2025-06-23 19:16:54 INFO Multimodal (multiple components) AOCC mean: 0.0000
2025-06-23 19:16:54 INFO AOCC mean: 0.0000
2025-06-23 19:22:54 INFO Run function 24 complete. FEHistory len: 150000, AOCC: 0.0000
2025-06-23 19:22:54 INFO FeHistory: [172.0975743  193.02367926 184.91186343 ... 101.1397123   91.28801221
  97.22056633]
2025-06-23 19:22:54 INFO Expected Optimum FE: -100
2025-06-23 19:22:54 INFO Unimodal AOCC mean: nan
2025-06-23 19:22:54 INFO Multimodal (single component) AOCC mean: nan
2025-06-23 19:22:54 INFO Multimodal (multiple components) AOCC mean: 0.0000
2025-06-23 19:22:54 INFO AOCC mean: 0.0000
2025-06-23 19:22:56 INFO Run function 24 complete. FEHistory len: 150000, AOCC: 0.0000
2025-06-23 19:22:56 INFO FeHistory: [173.68401039 179.61229876 205.20903976 ...  64.23646798  64.02581699
  66.44948201]
2025-06-23 19:22:56 INFO Expected Optimum FE: -100
2025-06-23 19:22:56 INFO Unimodal AOCC mean: nan
2025-06-23 19:22:56 INFO Multimodal (single component) AOCC mean: nan
2025-06-23 19:22:56 INFO Multimodal (multiple components) AOCC mean: 0.0000
2025-06-23 19:22:56 INFO AOCC mean: 0.0000
2025-06-23 19:23:38 INFO --- GNBG Problem Parameters for f24 ---
  Dimension: 30, MaxEvals: 1000000
  Search Bounds: [-100, 100]
  Number of Components: 5
  Known Optimum Value: -100.000000
  Lambda (Curvature): [0.25 0.25 0.25 0.25 0.25]
  Mu (Asymmetry/Depth): [0.44142637 0.27898903 0.25803028 0.21978833 0.39183826 0.42051979
 0.35740109 0.43165341 0.47744239 0.47234476]
----------------------------------------
2025-06-23 19:23:38 INFO --- GNBG Problem Parameters for f24 ---
  Dimension: 30, MaxEvals: 1000000
  Search Bounds: [-100, 100]
  Number of Components: 5
  Known Optimum Value: -100.000000
  Lambda (Curvature): [0.25 0.25 0.25 0.25 0.25]
  Mu (Asymmetry/Depth): [0.44142637 0.27898903 0.25803028 0.21978833 0.39183826 0.42051979
 0.35740109 0.43165341 0.47744239 0.47234476]
----------------------------------------
2025-06-23 19:23:38 ERROR Can not run the algorithm
2025-06-23 19:23:38 INFO Run function 24 complete. FEHistory len: 600, AOCC: 0.0000
2025-06-23 19:23:38 INFO FeHistory: [142.29040286 135.72111915 182.32557213 204.29605906 214.6434219
 186.7962902  187.2801667  187.21995459 145.37543302 182.5348356
 164.56138042 196.09671465 170.04965585 180.94559927 176.54756711
 174.89086438 143.64049247 173.87550194 165.09524062 171.17769508
 177.91925552 189.23052526 162.24514094 142.95642852 174.49395601
 176.85788726 182.29688211 194.00591488 212.11659669 188.96226218
 197.82437321 215.9854922  208.94104806 140.14999593 196.89236652
 204.96100824 197.38758357 190.61433745 203.18970214 153.53563494
 212.95982421 186.83193712 174.32711918 214.04857695 195.83288876
 166.52840989 169.99565517 165.28279388 169.65476739 181.93781532
 162.13851109 246.9699223  184.17876557 175.15164949 194.75878768
 189.61054982 174.93311205 185.52607519 169.83042293 199.89359836
 165.87845316 111.09072216 187.56851351 218.21790785 191.86114596
 194.47741359 165.33514316 173.84123252 186.01679696 192.61207923
 196.38738047 168.03939194 142.50143068 188.644333   165.87511691
 180.33991964 201.06944876 188.03564747 179.93774139 173.40669504
 191.78063644 212.72416665 204.18865766 196.52825126 193.39227664
 194.7607844  199.3319013  206.63119529 171.20431631 178.08857085
 174.77496524 192.78128058 189.3884778  154.2920835  198.56749148
 220.74791533 214.1800769  196.06894437 180.00475255 181.30283753
 200.50644518 187.37901379 164.44295277 191.51267006 148.89145989
 180.07919402 197.72277673 207.44037629 195.96945154 186.27384743
 139.5716441  220.70687148 175.73270012 212.63672138 203.83956202
 195.7517348  175.95426029 217.41816913 174.15466586 193.19801692
 162.82106336 124.92375578 203.83085876 175.46349465 189.53115029
 190.26167243 224.5912625  189.98842194 199.71160553 213.95760359
 182.51667953 162.2715502  175.26700983 174.8887428  145.47850757
 187.15502185 211.18664145 180.83714521 204.63762812 197.54753637
 208.88372542 188.71901951 193.4531318  197.5305589  183.84832115
 200.42805463 150.97889602 188.70567941 178.6581369  181.98378018
 182.08536911 149.71654029 187.44827023 204.47177008 178.09129541
 205.92330563 184.73214611 198.25723793 185.72043062 177.66652312
 160.55085258 170.23370697 192.80881336 221.03413431 169.5706536
 179.57139668 179.50938564 179.70613182 163.51446592 185.93488842
 205.99015183 202.67936776 173.00560952 185.66134582 155.4752763
 166.36325711 186.3962666  214.05095794 189.75503843 181.34561007
 204.69283352 169.58842579 204.48326138 195.75387366 171.96373633
 161.85505314 185.12860897 157.8032852  183.63029987 139.63914868
 203.1375245  194.91545666 204.4348733  200.97766903 195.68858255
 200.14113581 207.34497108 164.23919131 178.98096776 197.9996063
 177.23576748 176.3745145  169.46081628 183.10731024 218.93787967
 200.3476401  164.26473768 215.08331428 182.0395041  169.8536743
 189.31890568 179.88006055 171.57196279 196.55153927 169.1998815
 181.4013759  206.97596823 171.37809845 191.55334511 194.13295875
 203.70844485 179.70303665 218.66424533 190.23073117 189.34637434
 216.37767317 165.9079829  174.6022091  172.44108257 194.2167712
 218.84752524 158.00786588 184.83914165 170.90804261 166.07258166
 176.65057002 190.40213883 179.46199862 191.48730082 189.92194594
 208.54375705 205.36551653 220.50367221 189.29091474 167.87418933
 189.18063155 177.16717412 163.58335396 187.32168445 191.02324609
 209.68595157 178.46545545 211.18490767 210.45361286 197.17879949
 145.57834848 194.58195382 164.58331657 209.57081606 190.57135122
 197.20461194 166.08161942 194.64783947 201.76943979 170.91569925
 211.35912166 178.54060239 188.44578676 165.47870909 172.76663476
 180.48783732 223.2959352  205.3870202  164.61333419 166.23297866
 177.30339147 160.29057947 210.32173261 197.06199242 159.30238644
 213.37075183 212.78204972 189.3819523  186.28334811 162.8903394
 195.31003782 208.33170385 182.25927162 168.06013628 196.5378386
 205.08313527 219.17350401 181.57469585 182.53700459 183.92253985
 196.92785094 220.84010195 216.00441065 201.16222863 216.58475384
 158.86054603 153.264878   163.24957924 185.99204337 192.50979222
 167.95234352 121.4709987  185.2234396  174.79307015 179.38038969
 170.58024558 186.30235495 204.83861304 160.70184054 167.00971595
 165.96146871 176.04731233 186.58704063 197.66851052 187.7792572
 173.66689464 184.02868394 170.46010773 143.78061687 180.8829724
 154.46343897 170.23855817 187.57670348 178.87507167 179.36364105
 172.89177064 177.30398518 167.87090407 191.94859719 184.98170454
 171.37986596 177.80851477 197.28418624 203.18826847 146.08832369
 169.56754236 161.44457519 199.18529329 145.55425371 155.91580073
 186.59178723 166.36236658 180.71388097 158.84419952 153.85608238
 168.17657076 186.43819234 148.50814705 164.64426584 178.35979068
 152.8224037  194.24644143 160.74211284 151.18411495 197.96923414
 139.98387605 182.65916416 171.24074654 182.47302063 168.8157455
 185.24168835 189.37780002 194.84244568 175.27687094 186.66091093
 195.70800279 186.93145636 164.35922804 175.8815514  177.73080459
 168.73225296 204.91345512 174.2028433  171.7125891  184.45133929
 164.05868652 134.31981657 206.27025092 193.61192123 170.11154262
 183.60978732 199.73759577 183.48327994 134.56792542 202.66985857
 195.8976624  194.34082202 187.11380976 202.75475779 167.13798861
 199.71057926 183.46603288 201.64235376 173.03977856 159.74789413
 137.10027091 195.15495177 191.83140592 169.32281607 158.56912135
 142.92804979 202.87782995 175.59653764 188.9143764  160.5091303
 168.66114592 165.81328694 185.52148141 201.24977521 228.40083356
 210.11537491 194.0380689  199.73889445 159.58694738 201.42998424
 173.30823207 153.34559005 185.72627835 156.48869797 192.53068213
 166.84039673 185.30898234 187.13978212 185.49113515 148.99665363
 156.46614177 172.22137499 149.50653875 205.0810306  171.91035893
 132.78059535 162.73282309 171.87759687 199.86132923 177.15232651
 163.76489645 202.2792526  170.58483391 164.34101899 158.78326979
 147.94410971 200.46613583 189.40696212 153.43452896 157.65146612
 150.40526453 172.82196904 173.29573571 206.86022863 210.75800009
 160.58204206 202.8667235  178.04133087 187.87487258 162.55539758
 161.74980193 192.32283791 191.79098576 205.71336734 136.54084128
 197.37117587 191.04484252 205.90248469 166.43441723 176.4937824
 165.96886415 153.24423609 171.5793775  166.49711898 156.40780184
 180.78704435 182.38108328 151.69212448 163.41151825 175.39149571
 166.89499604 155.59039448 185.81432238 194.7587814  160.8941527
 125.33816766 152.97982586 180.45784328 174.46378704 167.9777185
 149.89168091 161.55124253 168.76209715 174.73756848 207.21257853
 181.5773244  175.40008796 169.73723373 163.09144721 185.7836637
 149.94836227 203.5235928  165.64926806 176.8440332  165.35056213
 145.34907762 147.83386433 166.11493629 163.46146238 202.76843816
 156.2939765  186.07989822 166.8384735  141.72261449 184.7077144
 152.04101893 175.28771588 173.53380436 172.65360921 127.69958596
 219.82803404 164.41465375 174.297316   182.65897969 193.62979313
 161.84644741 193.93803042 184.99622274 162.26932784 187.81983689
 176.84515751 136.66788678 168.59965679 156.80739486 184.97113045
 139.08213919 209.38641414 139.13358943 180.80884866 175.69597257
 198.08055053 192.71292402 173.47961232 134.1142275  186.13538957
 162.14315259 172.28207804 183.26188477 122.02292507 183.36161401
 193.98885788 201.17090912 183.13661426 209.77047488 162.83757061
 163.26004549 184.76544634 152.61261643 167.68784364 199.35149153
 162.07036786 170.31351658 144.12630054 182.79818618 181.45747168
 158.32891921 163.542756   200.1301418  158.75652168 158.30192149
 160.77551467 197.01534542 198.8656805  163.05398629 136.43645723
 187.52611067 162.57130623 183.83679104 198.35128898 186.9250244
 160.00312314 194.04641645 135.97561629 176.86348182 196.16066185
 159.57550912 173.40794723 189.60449794 207.35338731 205.33578967
 229.07427356 205.78078671 153.47810134 152.4646877  170.29043678
 196.66887157 152.72432161 177.82388753 147.58950424 167.70347028]
2025-06-23 19:23:38 INFO Expected Optimum FE: -100
2025-06-23 19:23:38 INFO Unimodal AOCC mean: nan
2025-06-23 19:23:38 INFO Multimodal (single component) AOCC mean: nan
2025-06-23 19:23:38 INFO Multimodal (multiple components) AOCC mean: 0.0000
2025-06-23 19:23:38 INFO AOCC mean: 0.0000
2025-06-23 19:23:38 INFO --- GNBG Problem Parameters for f24 ---
  Dimension: 30, MaxEvals: 1000000
  Search Bounds: [-100, 100]
  Number of Components: 5
  Known Optimum Value: -100.000000
  Lambda (Curvature): [0.25 0.25 0.25 0.25 0.25]
  Mu (Asymmetry/Depth): [0.44142637 0.27898903 0.25803028 0.21978833 0.39183826 0.42051979
 0.35740109 0.43165341 0.47744239 0.47234476]
----------------------------------------
2025-06-23 19:23:38 ERROR Can not run the algorithm
2025-06-23 19:23:39 INFO Run function 24 complete. FEHistory len: 600, AOCC: 0.0000
2025-06-23 19:23:39 INFO FeHistory: [207.55331297 180.51745047 202.88323418 199.10312171 176.59267231
 192.68469451 214.93457431 176.80867291 211.08533803 186.8750256
 207.45694179 223.58346226 178.44702415 178.00846806 181.36455871
 179.08860279 176.39635303 212.31457465 204.59749264 191.98529768
 188.11228542 174.56628817 188.67890751 176.29394822 187.20415108
 188.51926507 206.80121492 192.25957087 148.14862585 162.13005556
 186.41421486 204.61586947 181.73003375 203.13988279 201.56301175
 187.72619449 188.72938281 186.57902299 187.6814861  189.40204508
 182.23079746 162.40265887 189.61357383 179.61013423 176.38314979
 192.90486342 180.0928397  164.64764569 191.13563315 173.47156563
 194.34745424 162.37428598 178.07848371 205.56872327 176.87775297
 167.73453063 186.27753547 184.95500258 151.8985906  169.37082846
 172.83399261 179.86475    195.13039638 197.76809506 225.04665495
 177.93919248 198.89423991 180.16079567 208.52983938 195.08422737
 141.66973652 223.70069589 172.0916349  181.34871515 209.29135834
 183.56492534 193.78117658 192.63728978 194.02969263 192.4106222
 215.68624521 182.68998511 160.0851633  193.24095135 192.88265431
 141.69670401 171.05412084 177.52780517 180.96993853 204.70601908
 193.76583319 176.70676327 234.67199976 195.61112742 154.66899243
 189.09161401 194.03032006 164.39602079 174.05139237 196.86782981
 161.82523634 186.29528109 187.85147497 145.68086306 183.90587317
 177.29954042 136.18503074 158.77566337 172.69848444 177.1933266
 189.55975498 189.69560242 193.8364013  214.32047629 189.91395349
 187.65568554 172.3189484  172.90240253 218.81263037 166.01696784
 189.15946172 148.68982422 183.43662697 216.90277921 185.08411518
 191.44905599 185.79944076 190.33751002 231.68865168 192.32180804
 198.9804849  175.07316452 159.74277824 174.2084508  209.95712426
 193.70717282 197.41241211 187.71629401 225.29305151 208.87567587
 192.88439957 193.96350335 173.11895903 199.39759487 220.56416299
 205.85809609 152.97408558 201.06433263 205.58241582 212.90772548
 213.90297468 175.00347308 211.65172997 206.92613289 188.35902504
 184.18131719 191.71481049 188.73689651 160.65338297 120.78979877
 173.41396305 174.18432628 181.45216453 194.66509477 200.61947965
 171.72770211 155.26075791 186.89600402 187.26020932 180.44729606
 162.53748139 160.94833495 193.68366955 172.42001016 196.45588153
 204.32564331 193.8680902  189.81517171 186.03798811 198.24870059
 198.12852999 160.67409989 206.27265147 176.73392266 186.48660385
 203.13393158 141.86238387 190.16246371 219.53981039 192.76835494
 182.79846697 187.58133124 189.5156059  165.99870214 177.62545888
 180.32089691 180.03248598 179.42474689 184.64453158 183.23848639
 186.98318797 176.52741626 166.55105366 166.80140917 188.59840819
 151.99041429 160.35337208 179.3433662  176.94907187 196.64469231
 187.30160069 201.35755124 178.22226558 195.42683244 208.65693747
 210.20499207 175.87419468 170.60332427 179.21461924 196.04525472
 177.08742898 209.68597371 201.26879796 229.51149239 213.23316326
 173.01768542 216.6744099  172.35236295 213.7254187  194.13358648
 131.59349388 185.84555201 187.16610429 183.417855   164.23671844
 171.16166359 212.80317213 177.87113789 180.46628705 188.68347854
 207.18279047 191.61752739 187.1501348  189.00225079 158.51862571
 158.3693948  184.94797029 203.42927795 195.94748638 206.2728395
 196.93590223 207.10762286 187.43527009 193.72055751 182.93768225
 148.89846666 210.77895422 182.15075962 193.34168268 178.43660588
 176.6732423  142.19224227 235.88463216 185.72441764 192.8822246
 205.48879766 188.04087272 175.25831948 158.85110244 190.6009762
 201.94998064 187.42260718 182.73429764 176.15204535 194.9440054
 182.92633962 210.35732478 210.14609257 171.89214302 216.19063475
 173.80358869 184.79632637 194.82201198 187.59368958 185.9829191
 205.76521608 188.88889364 193.7264071  205.13756239 202.52641504
 202.255212   170.89203165 191.41955765 196.27052975 202.58520237
 187.44097932 190.87944011 192.93843864 116.18436585 191.34524929
 227.66246971 217.04488735 154.40806085 215.99514798 182.19455896
 189.3486904  192.27372051 166.96295587 206.02334604 219.51728094
 205.51408994 176.83361897 149.69085824 187.18708432 215.30160861
 181.13777226 183.94593379 183.46503212 191.83436324 157.78124797
 188.58098842 228.91156872 194.98365291 146.62527532 164.96223305
 189.07257266 161.14063117 182.74428464 213.93801584 180.91797751
 154.70326109 176.00248228 198.04790524 185.7734123  162.43601992
 190.01972739 226.49464084 159.71062573 166.39153177 167.73723278
 180.64510066 172.10125083 194.28883323 169.8493284  217.2705086
 164.6015693  209.34705361 202.68758317 158.91501309 163.3921349
 188.1136238  164.44999445 160.54692974 180.83061674 162.59438674
 191.5571546  171.83018765 192.11528856 169.43885882 183.32179302
 167.64181434 147.70532411 169.39197698 165.03403601 179.04705688
 206.18230213 204.01256635 179.3296553  203.8634651  194.02304395
 154.47733588 232.11007353 184.51601783 178.03163742 240.05637667
 142.27168691 187.26904954 206.67368467 169.60834522 213.67233141
 194.40855791 160.18957166 122.28228733 203.5184713  175.41004115
 189.63426148 180.06185591 182.83805891 165.52200988 164.50516445
 190.59915528 179.45189793 160.21906301 174.63865585 196.31306647
 175.98614174 153.36850599 195.99297581 168.06982837 165.82607756
 223.72081455 174.86051568 161.63515594 158.42357769 201.76760153
 186.49794598 214.68473769 213.01584789 162.64927849 180.3324403
 206.0371249  174.3436036  221.86713798 172.24483203 229.96535458
 180.07147305 184.93614518 187.05314999 205.50949235 172.77099582
 194.35782909 185.17069602 221.96170215 171.99416927 175.23156696
 161.164076   179.54659175 179.49226897 215.75415537 161.39094085
 171.65492269 176.95701596 146.2011893  186.11764031 199.0718941
 190.34342069 180.17720403 186.82039495 205.70378181 165.80946123
 191.62093945 177.70744093 141.36502706 185.41749319 189.89524289
 206.89388473 216.83335561 184.20974121 210.35949513 180.70722672
 173.64294245 197.13456154 215.53473866 179.77245116 174.83561729
 194.96730703 142.52772705 183.87799959 224.21384978 187.97646338
 186.17296433 180.62087083 179.5212642  195.00349236 200.34209953
 208.52919079 228.94634972 202.52646456 186.93364397 198.83467268
 203.57935147 187.64194766 193.61947037 180.12604151 169.25610389
 200.06062086 161.80541945 189.4330163  190.77010173 205.53280985
 191.97738033 203.25722876 143.12103782 162.96490632 186.43158113
 183.39013328 188.46905922 183.04376147 203.53298357 176.47762572
 207.46648657 215.54469653 174.31655838 142.28216314 165.12992972
 191.14944223 188.22727615 136.48413912 215.49627618 162.06491363
 161.62999881 212.47060321 170.27982226 187.14896539 214.47124232
 191.21532027 174.78282037 156.86755557 189.27543597 206.24193761
 193.32656709 194.06488925 180.71318439 189.36180144 189.74532031
 167.55998095 209.63297302 162.61579433 193.49769877 201.94866206
 189.42903854 184.61308589 159.00014078 176.07615898 194.08716566
 220.9505115  175.59269598 153.70543983 174.46838668 205.11512494
 199.2789782  205.76370904 177.90873313 152.63899106 174.96569578
 223.34188626 204.45527576 179.98074144 206.96973638 170.61417668
 156.63275623 207.22395779 188.12279703 159.34338653 183.59591984
 179.41724703 206.92420807 187.95999885 192.46857694 142.52983104
 176.39793232 161.17800008 192.32172636 203.28654898 189.4200411
 203.17377389 152.90575884 208.36742681 180.78465422 174.82165407
 184.22264804 233.32000939 203.43729543 174.78952232 198.63095433
 195.64674839 179.58834429 163.30453698 145.0428932  196.87695533
 192.70381475 185.73045871 199.64273188 204.55277516 180.09743626
 166.64235386 195.64376749 179.84222052 193.40986091 198.40322453
 201.65089522 194.75410511 187.48965993 173.78366839 201.03278609
 203.96760897 198.16727398 179.48991255 170.25185357 178.45825783
 191.69547284 154.62645607 179.72399315 163.56935122 184.79902382
 198.68714959 171.50026402 165.91163011 200.96025735 202.82572454]
2025-06-23 19:23:39 INFO Expected Optimum FE: -100
2025-06-23 19:23:39 INFO Unimodal AOCC mean: nan
2025-06-23 19:23:39 INFO Multimodal (single component) AOCC mean: nan
2025-06-23 19:23:39 INFO Multimodal (multiple components) AOCC mean: 0.0000
2025-06-23 19:23:39 INFO AOCC mean: 0.0000
2025-06-23 19:24:35 INFO Run function 24 complete. FEHistory len: 150000, AOCC: 0.0000
2025-06-23 19:24:35 INFO FeHistory: [177.45752123 204.85432115 196.01771147 ... 103.50284382 102.6833863
 118.1683191 ]
2025-06-23 19:24:35 INFO Expected Optimum FE: -100
2025-06-23 19:24:35 INFO Unimodal AOCC mean: nan
2025-06-23 19:24:35 INFO Multimodal (single component) AOCC mean: nan
2025-06-23 19:24:35 INFO Multimodal (multiple components) AOCC mean: 0.0000
2025-06-23 19:24:35 INFO AOCC mean: 0.0000
