2025-06-20 17:32:58 INFO Initializing first population
2025-06-20 17:32:58 INFO Initializing population from 4 seed files...
2025-06-20 17:32:58 INFO --- GNBG Problem Parameters for f4 ---
  Dimension: 30, MaxEvals: 500000
  Search Bounds: [-100, 100]
  Number of Components: 1
  Known Optimum Value: -382.620521
  Lambda (Curvature): [1]
  Mu (Asymmetry/Depth): [0 0]
----------------------------------------
2025-06-20 17:32:58 INFO Run function 4 complete. FEHistory len: 10, AOCC: 0.0000
2025-06-20 17:32:58 INFO FeHistory: [1096226.70092199 1130855.78550118 1127813.11325086 1372558.42050075
 1303997.51711904 1199078.53746576  968739.02904813 1058642.39521534
  985343.10819699  992459.30097998]
2025-06-20 17:32:58 INFO Expected Optimum FE: -382.6205211774271
2025-06-20 17:32:58 INFO --- GNBG Problem Parameters for f7 ---
  Dimension: 30, MaxEvals: 500000
  Search Bounds: [-100, 100]
  Number of Components: 1
  Known Optimum Value: -912.857374
  Lambda (Curvature): [1]
  Mu (Asymmetry/Depth): [0.2 0.2]
----------------------------------------
2025-06-20 17:32:58 INFO Run function 7 complete. FEHistory len: 10, AOCC: 0.0000
2025-06-20 17:32:58 INFO FeHistory: [193388.93112763 271207.38381438 268906.90024044 295393.82943147
 193254.95649775 240317.65948354 247944.12437097 220858.56328191
 287317.25678683 282918.7814392 ]
2025-06-20 17:32:58 INFO Expected Optimum FE: -912.8573739743372
2025-06-20 17:32:58 INFO --- GNBG Problem Parameters for f8 ---
  Dimension: 30, MaxEvals: 500000
  Search Bounds: [-100, 100]
  Number of Components: 1
  Known Optimum Value: -656.788998
  Lambda (Curvature): [1]
  Mu (Asymmetry/Depth): [0.2 0.2]
----------------------------------------
2025-06-20 17:32:58 INFO Run function 8 complete. FEHistory len: 10, AOCC: 0.0000
2025-06-20 17:32:58 INFO FeHistory: [175461.05619918 224894.71159629 279040.14777836 137831.8805382
 183969.09489607 232428.6307743  257016.36772191 335931.97731622
 212212.38376131 224350.40335802]
2025-06-20 17:32:58 INFO Expected Optimum FE: -656.7889979935655
2025-06-20 17:32:58 INFO --- GNBG Problem Parameters for f24 ---
  Dimension: 30, MaxEvals: 1000000
  Search Bounds: [-100, 100]
  Number of Components: 5
  Known Optimum Value: -100.000000
  Lambda (Curvature): [0.25 0.25 0.25 0.25 0.25]
  Mu (Asymmetry/Depth): [0.44142637 0.27898903 0.25803028 0.21978833 0.39183826 0.42051979
 0.35740109 0.43165341 0.47744239 0.47234476]
----------------------------------------
2025-06-20 17:32:58 INFO Run function 24 complete. FEHistory len: 10, AOCC: 0.0000
2025-06-20 17:32:58 INFO FeHistory: [185.16938886 218.4008136  164.69031007 211.78145649 189.906714
 209.83269164 195.83981614 209.15885734 219.73348575 188.15862143]
2025-06-20 17:32:58 INFO Expected Optimum FE: -100
2025-06-20 17:32:58 INFO Multimodal (single component) AOCC mean: 0.0000
2025-06-20 17:32:58 INFO AOCC mean: 0.0000
2025-06-20 17:32:58 INFO --- GNBG Problem Parameters for f4 ---
  Dimension: 30, MaxEvals: 500000
  Search Bounds: [-100, 100]
  Number of Components: 1
  Known Optimum Value: -382.620521
  Lambda (Curvature): [1]
  Mu (Asymmetry/Depth): [0 0]
----------------------------------------
2025-06-20 17:32:58 ERROR Can not run the algorithm
2025-06-20 17:32:58 INFO Run function 4 complete. FEHistory len: 1, AOCC: 0.0000
2025-06-20 17:32:58 INFO FeHistory: [780800.9277375]
2025-06-20 17:32:58 INFO Expected Optimum FE: -382.6205211774271
2025-06-20 17:32:58 INFO --- GNBG Problem Parameters for f7 ---
  Dimension: 30, MaxEvals: 500000
  Search Bounds: [-100, 100]
  Number of Components: 1
  Known Optimum Value: -912.857374
  Lambda (Curvature): [1]
  Mu (Asymmetry/Depth): [0.2 0.2]
----------------------------------------
2025-06-20 17:32:58 ERROR Can not run the algorithm
2025-06-20 17:32:58 INFO Run function 7 complete. FEHistory len: 1, AOCC: 0.0000
2025-06-20 17:32:58 INFO FeHistory: [183061.48836674]
2025-06-20 17:32:58 INFO Expected Optimum FE: -912.8573739743372
2025-06-20 17:32:58 INFO --- GNBG Problem Parameters for f8 ---
  Dimension: 30, MaxEvals: 500000
  Search Bounds: [-100, 100]
  Number of Components: 1
  Known Optimum Value: -656.788998
  Lambda (Curvature): [1]
  Mu (Asymmetry/Depth): [0.2 0.2]
----------------------------------------
2025-06-20 17:32:58 ERROR Can not run the algorithm
2025-06-20 17:32:58 INFO Run function 8 complete. FEHistory len: 1, AOCC: 0.0000
2025-06-20 17:32:58 INFO FeHistory: [135699.63612339]
2025-06-20 17:32:58 INFO Expected Optimum FE: -656.7889979935655
2025-06-20 17:32:58 INFO --- GNBG Problem Parameters for f24 ---
  Dimension: 30, MaxEvals: 1000000
  Search Bounds: [-100, 100]
  Number of Components: 5
  Known Optimum Value: -100.000000
  Lambda (Curvature): [0.25 0.25 0.25 0.25 0.25]
  Mu (Asymmetry/Depth): [0.44142637 0.27898903 0.25803028 0.21978833 0.39183826 0.42051979
 0.35740109 0.43165341 0.47744239 0.47234476]
----------------------------------------
2025-06-20 17:32:58 ERROR Can not run the algorithm
2025-06-20 17:32:58 INFO Run function 24 complete. FEHistory len: 1, AOCC: 0.0000
2025-06-20 17:32:58 INFO FeHistory: [201.22042287]
2025-06-20 17:32:58 INFO Expected Optimum FE: -100
2025-06-20 17:32:58 INFO Multimodal (single component) AOCC mean: 0.0000
2025-06-20 17:32:58 INFO AOCC mean: 0.0000
2025-06-20 17:32:58 INFO --- GNBG Problem Parameters for f4 ---
  Dimension: 30, MaxEvals: 500000
  Search Bounds: [-100, 100]
  Number of Components: 1
  Known Optimum Value: -382.620521
  Lambda (Curvature): [1]
  Mu (Asymmetry/Depth): [0 0]
----------------------------------------
2025-06-20 17:32:58 INFO Run function 4 complete. FEHistory len: 10, AOCC: 0.0000
2025-06-20 17:32:58 INFO FeHistory: [ 713553.85801268  794223.14838648  933094.25663432 1099842.85441536
  866920.98686731  862164.6388506   745542.85331308  833904.82592782
  742774.65119781  972947.39945242]
2025-06-20 17:32:58 INFO Expected Optimum FE: -382.6205211774271
2025-06-20 17:32:58 INFO --- GNBG Problem Parameters for f7 ---
  Dimension: 30, MaxEvals: 500000
  Search Bounds: [-100, 100]
  Number of Components: 1
  Known Optimum Value: -912.857374
  Lambda (Curvature): [1]
  Mu (Asymmetry/Depth): [0.2 0.2]
----------------------------------------
2025-06-20 17:32:58 INFO Run function 7 complete. FEHistory len: 10, AOCC: 0.0000
2025-06-20 17:32:58 INFO FeHistory: [238644.02081638 312907.40843542 239790.99338782 140372.69652927
 227307.54762612 251394.50472971 189453.09530273 161961.76510586
 139711.28065352 166648.54617625]
2025-06-20 17:32:58 INFO Expected Optimum FE: -912.8573739743372
2025-06-20 17:32:58 INFO --- GNBG Problem Parameters for f8 ---
  Dimension: 30, MaxEvals: 500000
  Search Bounds: [-100, 100]
  Number of Components: 1
  Known Optimum Value: -656.788998
  Lambda (Curvature): [1]
  Mu (Asymmetry/Depth): [0.2 0.2]
----------------------------------------
2025-06-20 17:32:58 INFO Run function 8 complete. FEHistory len: 10, AOCC: 0.0000
2025-06-20 17:32:58 INFO FeHistory: [236266.91392481 192015.9377788  187934.89775553 160703.91451656
 161835.70658938 217885.84494843 282573.41692989 378346.18973514
 184953.35693243 148715.72012505]
2025-06-20 17:32:58 INFO Expected Optimum FE: -656.7889979935655
2025-06-20 17:32:58 INFO --- GNBG Problem Parameters for f24 ---
  Dimension: 30, MaxEvals: 1000000
  Search Bounds: [-100, 100]
  Number of Components: 5
  Known Optimum Value: -100.000000
  Lambda (Curvature): [0.25 0.25 0.25 0.25 0.25]
  Mu (Asymmetry/Depth): [0.44142637 0.27898903 0.25803028 0.21978833 0.39183826 0.42051979
 0.35740109 0.43165341 0.47744239 0.47234476]
----------------------------------------
2025-06-20 17:32:58 INFO Run function 24 complete. FEHistory len: 10, AOCC: 0.0000
2025-06-20 17:32:58 INFO FeHistory: [218.04642865 192.85772333 208.24843909 176.5261621  186.8589625
 173.73428174 184.05885516 183.99292494 191.27068235 138.0706771 ]
2025-06-20 17:32:58 INFO Expected Optimum FE: -100
2025-06-20 17:32:58 INFO Multimodal (single component) AOCC mean: 0.0000
2025-06-20 17:32:58 INFO AOCC mean: 0.0000
2025-06-20 17:32:58 INFO --- GNBG Problem Parameters for f4 ---
  Dimension: 30, MaxEvals: 500000
  Search Bounds: [-100, 100]
  Number of Components: 1
  Known Optimum Value: -382.620521
  Lambda (Curvature): [1]
  Mu (Asymmetry/Depth): [0 0]
----------------------------------------
2025-06-20 17:32:58 INFO Run function 4 complete. FEHistory len: 10, AOCC: 0.0000
2025-06-20 17:32:58 INFO FeHistory: [ 797623.59992776  825690.4571888  1165822.30175464 1126212.32448364
 1249169.90063204 1198266.35590787  786611.91830842  874056.71200559
  562965.56946701  898221.59923295]
2025-06-20 17:32:58 INFO Expected Optimum FE: -382.6205211774271
2025-06-20 17:32:58 INFO --- GNBG Problem Parameters for f7 ---
  Dimension: 30, MaxEvals: 500000
  Search Bounds: [-100, 100]
  Number of Components: 1
  Known Optimum Value: -912.857374
  Lambda (Curvature): [1]
  Mu (Asymmetry/Depth): [0.2 0.2]
----------------------------------------
2025-06-20 17:32:58 INFO Run function 7 complete. FEHistory len: 10, AOCC: 0.0000
2025-06-20 17:32:58 INFO FeHistory: [150102.817646   177344.17425588 166621.88433379 162995.03797824
 240160.98738934 249788.5887796  298774.47078949 193936.62490447
 258748.05902316 180161.26366995]
2025-06-20 17:32:58 INFO Expected Optimum FE: -912.8573739743372
2025-06-20 17:32:58 INFO --- GNBG Problem Parameters for f8 ---
  Dimension: 30, MaxEvals: 500000
  Search Bounds: [-100, 100]
  Number of Components: 1
  Known Optimum Value: -656.788998
  Lambda (Curvature): [1]
  Mu (Asymmetry/Depth): [0.2 0.2]
----------------------------------------
2025-06-20 17:32:58 INFO Run function 8 complete. FEHistory len: 10, AOCC: 0.0000
2025-06-20 17:32:58 INFO FeHistory: [243509.14158529 107575.48256468 257645.66367415 198798.76518761
 145477.7792743  236183.20780957 204936.27051384 251762.87598027
 217691.25462017 199154.9867384 ]
2025-06-20 17:32:58 INFO Expected Optimum FE: -656.7889979935655
2025-06-20 17:32:58 INFO --- GNBG Problem Parameters for f24 ---
  Dimension: 30, MaxEvals: 1000000
  Search Bounds: [-100, 100]
  Number of Components: 5
  Known Optimum Value: -100.000000
  Lambda (Curvature): [0.25 0.25 0.25 0.25 0.25]
  Mu (Asymmetry/Depth): [0.44142637 0.27898903 0.25803028 0.21978833 0.39183826 0.42051979
 0.35740109 0.43165341 0.47744239 0.47234476]
----------------------------------------
2025-06-20 17:32:58 INFO Run function 24 complete. FEHistory len: 10, AOCC: 0.0000
2025-06-20 17:32:58 INFO FeHistory: [201.65555567 184.79085042 178.91971641 138.79228474 209.10944553
 197.15215918 176.92260592 223.39861863 193.91661874 147.2553447 ]
2025-06-20 17:32:58 INFO Expected Optimum FE: -100
2025-06-20 17:32:58 INFO Multimodal (single component) AOCC mean: 0.0000
2025-06-20 17:32:58 INFO AOCC mean: 0.0000
2025-06-20 17:32:59 INFO Started evolutionary loop, best so far: 0.0
2025-06-20 17:32:59 INFO --- Performing Long-Term Reflection at Generation 1 ---
2025-06-20 17:33:03 INFO Full response text: **Analysis:**

Comparing (best) `AdaptiveGaussianSamplingEA` vs (worst) `AdaptiveGaussianMutationDE`, we see that `AdaptiveGaussianSamplingEA` uses adaptive Gaussian sampling for initialization, focusing on exploring the search space effectively from the start, while `AdaptiveGaussianMutationDE` relies on a simple uniform random initialization, which is less efficient for high-dimensional spaces.  `AdaptiveGaussianSamplingEA` also incorporates adaptive mutation and recombination strategies.  `(second best)` `AdaptiveMultimodalOptimizerImproved` uses a local search approach combined with simulated annealing and a tabu list to escape local optima and explore the search space more effectively, while `(second worst)` `EnhancedArchiveGuidedDE` uses an archive to maintain diversity but relies on standard DE mutation, lacking adaptive strategies like the top two. Comparing (1st) vs (2nd), we see that `AdaptiveGaussianSamplingEA` is a population-based approach, handling multiple candidate solutions concurrently, while `AdaptiveMultimodalOptimizerImproved` is a single-solution approach, relying on local search. (3rd) vs (4th): `EnhancedArchiveGuidedDE` uses an archive to guide the search and maintain diversity, a more sophisticated strategy than the simple random population initialization and mutation of `AdaptiveGaussianMutationDE`. Comparing (second worst) vs (worst), we see that `EnhancedArchiveGuidedDE` at least incorporates an archive to guide the search and improve diversity, which `AdaptiveGaussianMutationDE` lacks. Overall: The top two algorithms demonstrate the significant benefits of adaptive strategies (both mutation and population initialization) and employing either population-based search or local search combined with escape mechanisms for better exploration and exploitation. The lower-ranked algorithms lack these key adaptive elements, resulting in less effective search behavior.

**Experience:**

Adaptive initialization and mutation are crucial for high-dimensional problems.  Combining population-based methods with local search strategies or using archives for diversity significantly enhances performance.  Initial exploration needs careful design for high dimensionality.

2025-06-20 17:33:03 INFO Generating offspring via Crossover...
