2025-06-21 10:04:42 INFO Initializing first population
2025-06-21 10:04:42 INFO Initializing population from 7 seed files...
2025-06-21 10:04:42 INFO --- GNBG Problem Parameters for f11 ---
  Dimension: 30, MaxEvals: 500000
  Search Bounds: [-100, 100]
  Number of Components: 1
  Known Optimum Value: -118.075358
  Lambda (Curvature): [1]
  Mu (Asymmetry/Depth): [0.2 0.5]
----------------------------------------
2025-06-21 10:04:48 INFO Run function 11 complete. FEHistory len: 70000, AOCC: 0.3746
2025-06-21 10:04:48 INFO FeHistory: [ 3.39794847e+05  2.49097205e+05  2.21784435e+05 ... -1.18075357e+02
 -1.18075358e+02 -1.18075357e+02]
2025-06-21 10:04:48 INFO Expected Optimum FE: -118.07535757360006
2025-06-21 10:04:48 INFO Good algorithm:
Algorithm Name: AdaptiveGaussianSamplingEA
import numpy as np
class AdaptiveGaussianSamplingEA:
    def __init__(self, budget: int, dim: int, lower_bounds: list[float], upper_bounds: list[float]):
        self.budget = int(budget)
        self.dim = int(dim)
        self.lower_bounds = np.array(lower_bounds, dtype=float)
        self.upper_bounds = np.array(upper_bounds, dtype=float)

        self.eval_count = 0
        self.best_solution_overall = None
        self.best_fitness_overall = float('inf')
        self.population_size = 100  # Adjust as needed
        self.sigma = 0.2 * (self.upper_bounds - self.lower_bounds)  # Initial Gaussian width
        self.sigma_decay = 0.99 #Decay rate of sigma


    def optimize(self, objective_function: callable, acceptance_threshold: float = 1e-8) -> tuple:
        self.eval_count = 0
        self.best_solution_overall = np.random.uniform(self.lower_bounds, self.upper_bounds, self.dim)
        self.best_fitness_overall = objective_function(self.best_solution_overall.reshape(1, -1))[0]
        self.eval_count += 1

        population = self._initialize_population()
        fitness_values = objective_function(population)
        self.eval_count += self.population_size

        while self.eval_count < self.budget:
            # Selection (tournament selection)
            parents = self._tournament_selection(population, fitness_values)

            # Recombination (Gaussian perturbation)
            offspring = self._gaussian_recombination(parents)

            # Mutation (adjust sigma adaptively)
            offspring = self._adaptive_mutation(offspring)

            #Evaluation
            offspring_fitness = objective_function(offspring)
            self.eval_count += len(offspring)
            
            #Selection for next generation
            population, fitness_values = self._select_next_generation(population, fitness_values, offspring, offspring_fitness)

            # Update best solution
            self._update_best(offspring, offspring_fitness)
            self.sigma *= self.sigma_decay

        optimization_info = {
            'function_evaluations_used': self.eval_count,
            'final_best_fitness': self.best_fitness_overall
        }
        return self.best_solution_overall, self.best_fitness_overall, optimization_info


    def _initialize_population(self):
        #Adaptive Gaussian Sampling
        center = np.random.uniform(self.lower_bounds, self.upper_bounds, self.dim)
        population = np.random.normal(center, self.sigma, size=(self.population_size, self.dim))
        population = np.clip(population, self.lower_bounds, self.upper_bounds)
        return population

    def _tournament_selection(self, population, fitness_values):
        tournament_size = 5
        num_parents = self.population_size //2 #Binary Recombination

        selected_parents = []
        for _ in range(num_parents):
            tournament = np.random.choice(len(population), tournament_size, replace=False)
            winner_index = tournament[np.argmin(fitness_values[tournament])]
            selected_parents.append(population[winner_index])
        return np.array(selected_parents)


    def _gaussian_recombination(self, parents):
        offspring = []
        for i in range(0, len(parents), 2):
            parent1 = parents[i]
            parent2 = parents[i+1]
            child1 = (parent1 + parent2) / 2 + np.random.normal(0, self.sigma / 2, self.dim)
            child2 = (parent1 + parent2) / 2 + np.random.normal(0, self.sigma / 2, self.dim)
            offspring.extend([child1, child2])
        return np.clip(np.array(offspring), self.lower_bounds, self.upper_bounds)


    def _adaptive_mutation(self, offspring):
        #Simple Mutation, sigma is already updated
        offspring += np.random.normal(0, self.sigma, size=offspring.shape)
        return np.clip(offspring, self.lower_bounds, self.upper_bounds)

    def _select_next_generation(self, population, fitness_values, offspring, offspring_fitness):
        combined_pop = np.vstack((population, offspring))
        combined_fit = np.concatenate((fitness_values, offspring_fitness))
        
        sorted_indices = np.argsort(combined_fit)
        
        next_gen = combined_pop[sorted_indices[:self.population_size]]
        next_fit = combined_fit[sorted_indices[:self.population_size]]
        return next_gen, next_fit
    

    def _update_best(self, offspring, offspring_fitness):
        for i, fitness in enumerate(offspring_fitness):
            if fitness < self.best_fitness_overall:
                self.best_fitness_overall = fitness
                self.best_solution_overall = offspring[i]
2025-06-21 10:04:49 INFO --- GNBG Problem Parameters for f21 ---
  Dimension: 30, MaxEvals: 1000000
  Search Bounds: [-100, 100]
  Number of Components: 5
  Known Optimum Value: -50.000000
  Lambda (Curvature): [0.5 0.5 0.5 0.5 0.5]
  Mu (Asymmetry/Depth): [0.17318004 0.11194571 0.19092932 0.18126106 0.14008737 0.11467924
 0.12498507 0.12642975 0.11734302 0.18190892]
----------------------------------------
2025-06-21 10:05:09 INFO Run function 21 complete. FEHistory len: 70000, AOCC: 0.1047
2025-06-21 10:05:09 INFO FeHistory: [278.99112711 278.03944627 266.0305609  ... -44.9997212  -44.99969816
 -44.99978617]
2025-06-21 10:05:09 INFO Expected Optimum FE: -50
2025-06-21 10:05:09 INFO Good algorithm:
Algorithm Name: AdaptiveGaussianSamplingEA
import numpy as np
class AdaptiveGaussianSamplingEA:
    def __init__(self, budget: int, dim: int, lower_bounds: list[float], upper_bounds: list[float]):
        self.budget = int(budget)
        self.dim = int(dim)
        self.lower_bounds = np.array(lower_bounds, dtype=float)
        self.upper_bounds = np.array(upper_bounds, dtype=float)

        self.eval_count = 0
        self.best_solution_overall = None
        self.best_fitness_overall = float('inf')
        self.population_size = 100  # Adjust as needed
        self.sigma = 0.2 * (self.upper_bounds - self.lower_bounds)  # Initial Gaussian width
        self.sigma_decay = 0.99 #Decay rate of sigma


    def optimize(self, objective_function: callable, acceptance_threshold: float = 1e-8) -> tuple:
        self.eval_count = 0
        self.best_solution_overall = np.random.uniform(self.lower_bounds, self.upper_bounds, self.dim)
        self.best_fitness_overall = objective_function(self.best_solution_overall.reshape(1, -1))[0]
        self.eval_count += 1

        population = self._initialize_population()
        fitness_values = objective_function(population)
        self.eval_count += self.population_size

        while self.eval_count < self.budget:
            # Selection (tournament selection)
            parents = self._tournament_selection(population, fitness_values)

            # Recombination (Gaussian perturbation)
            offspring = self._gaussian_recombination(parents)

            # Mutation (adjust sigma adaptively)
            offspring = self._adaptive_mutation(offspring)

            #Evaluation
            offspring_fitness = objective_function(offspring)
            self.eval_count += len(offspring)
            
            #Selection for next generation
            population, fitness_values = self._select_next_generation(population, fitness_values, offspring, offspring_fitness)

            # Update best solution
            self._update_best(offspring, offspring_fitness)
            self.sigma *= self.sigma_decay

        optimization_info = {
            'function_evaluations_used': self.eval_count,
            'final_best_fitness': self.best_fitness_overall
        }
        return self.best_solution_overall, self.best_fitness_overall, optimization_info


    def _initialize_population(self):
        #Adaptive Gaussian Sampling
        center = np.random.uniform(self.lower_bounds, self.upper_bounds, self.dim)
        population = np.random.normal(center, self.sigma, size=(self.population_size, self.dim))
        population = np.clip(population, self.lower_bounds, self.upper_bounds)
        return population

    def _tournament_selection(self, population, fitness_values):
        tournament_size = 5
        num_parents = self.population_size //2 #Binary Recombination

        selected_parents = []
        for _ in range(num_parents):
            tournament = np.random.choice(len(population), tournament_size, replace=False)
            winner_index = tournament[np.argmin(fitness_values[tournament])]
            selected_parents.append(population[winner_index])
        return np.array(selected_parents)


    def _gaussian_recombination(self, parents):
        offspring = []
        for i in range(0, len(parents), 2):
            parent1 = parents[i]
            parent2 = parents[i+1]
            child1 = (parent1 + parent2) / 2 + np.random.normal(0, self.sigma / 2, self.dim)
            child2 = (parent1 + parent2) / 2 + np.random.normal(0, self.sigma / 2, self.dim)
            offspring.extend([child1, child2])
        return np.clip(np.array(offspring), self.lower_bounds, self.upper_bounds)


    def _adaptive_mutation(self, offspring):
        #Simple Mutation, sigma is already updated
        offspring += np.random.normal(0, self.sigma, size=offspring.shape)
        return np.clip(offspring, self.lower_bounds, self.upper_bounds)

    def _select_next_generation(self, population, fitness_values, offspring, offspring_fitness):
        combined_pop = np.vstack((population, offspring))
        combined_fit = np.concatenate((fitness_values, offspring_fitness))
        
        sorted_indices = np.argsort(combined_fit)
        
        next_gen = combined_pop[sorted_indices[:self.population_size]]
        next_fit = combined_fit[sorted_indices[:self.population_size]]
        return next_gen, next_fit
    

    def _update_best(self, offspring, offspring_fitness):
        for i, fitness in enumerate(offspring_fitness):
            if fitness < self.best_fitness_overall:
                self.best_fitness_overall = fitness
                self.best_solution_overall = offspring[i]
2025-06-21 10:05:09 INFO Unimodal AOCC mean: nan
2025-06-21 10:05:09 INFO Multimodal (single component) AOCC mean: 0.3746
2025-06-21 10:05:09 INFO Multimodal (multiple components) AOCC mean: 0.1047
2025-06-21 10:05:09 INFO AOCC mean: 0.2396
2025-06-21 10:05:09 INFO --- GNBG Problem Parameters for f11 ---
  Dimension: 30, MaxEvals: 500000
  Search Bounds: [-100, 100]
  Number of Components: 1
  Known Optimum Value: -118.075358
  Lambda (Curvature): [1]
  Mu (Asymmetry/Depth): [0.2 0.5]
----------------------------------------
2025-06-21 10:05:20 INFO Run function 11 complete. FEHistory len: 70000, AOCC: 0.0000
2025-06-21 10:05:20 INFO FeHistory: [112571.91902911 139635.96239191 112571.91902911 ...  66722.44694745
  37098.46036605  41845.03175028]
2025-06-21 10:05:20 INFO Expected Optimum FE: -118.07535757360006
2025-06-21 10:05:20 INFO --- GNBG Problem Parameters for f21 ---
  Dimension: 30, MaxEvals: 1000000
  Search Bounds: [-100, 100]
  Number of Components: 5
  Known Optimum Value: -50.000000
  Lambda (Curvature): [0.5 0.5 0.5 0.5 0.5]
  Mu (Asymmetry/Depth): [0.17318004 0.11194571 0.19092932 0.18126106 0.14008737 0.11467924
 0.12498507 0.12642975 0.11734302 0.18190892]
----------------------------------------
2025-06-21 10:06:00 INFO Run function 21 complete. FEHistory len: 70000, AOCC: 0.0000
2025-06-21 10:06:00 INFO FeHistory: [344.33573805 343.39391443 344.33573805 ... 117.74748161 116.73732917
 118.06741331]
2025-06-21 10:06:00 INFO Expected Optimum FE: -50
2025-06-21 10:06:00 INFO Unimodal AOCC mean: nan
2025-06-21 10:06:00 INFO Multimodal (single component) AOCC mean: 0.0000
2025-06-21 10:06:00 INFO Multimodal (multiple components) AOCC mean: 0.0000
2025-06-21 10:06:00 INFO AOCC mean: 0.0000
2025-06-21 10:06:00 INFO --- GNBG Problem Parameters for f11 ---
  Dimension: 30, MaxEvals: 500000
  Search Bounds: [-100, 100]
  Number of Components: 1
  Known Optimum Value: -118.075358
  Lambda (Curvature): [1]
  Mu (Asymmetry/Depth): [0.2 0.5]
----------------------------------------
2025-06-21 10:06:06 INFO Run function 11 complete. FEHistory len: 70000, AOCC: 0.0673
2025-06-21 10:06:06 INFO FeHistory: [ 3.40315575e+05  2.31951088e+05  1.58861109e+05 ... -1.17679306e+02
 -1.17820685e+02 -1.17829784e+02]
2025-06-21 10:06:06 INFO Expected Optimum FE: -118.07535757360006
2025-06-21 10:06:06 INFO Good algorithm:
Algorithm Name: EnhancedArchiveGuidedDE
import numpy as np
import random
class EnhancedArchiveGuidedDE:
    def __init__(self, budget: int, dim: int, lower_bounds: list[float], upper_bounds: list[float]):
        self.budget = int(budget)
        self.dim = int(dim)
        self.lower_bounds = np.array(lower_bounds, dtype=float)
        self.upper_bounds = np.array(upper_bounds, dtype=float)

        self.eval_count = 0
        self.best_solution_overall = None
        self.best_fitness_overall = float('inf')

        self.population_size = 10 * self.dim  # common heuristic
        self.archive_size = 100
        self.archive = []
        self.population = None
        self.F_scale = 0.5 #initial scaling factor


    def optimize(self, objective_function: callable, acceptance_threshold: float = 1e-8) -> tuple:
        self.eval_count = 0
        self.population = np.random.uniform(self.lower_bounds, self.upper_bounds, size=(self.population_size, self.dim))
        fitness = objective_function(self.population)
        self.eval_count += self.population_size

        self.best_solution_overall = self.population[np.argmin(fitness)]
        self.best_fitness_overall = np.min(fitness)

        while self.eval_count < self.budget:
            offspring = self.generate_offspring(self.population, fitness)
            offspring_fitness = objective_function(offspring)
            self.eval_count += len(offspring)

            # Update archive
            self.update_archive(offspring, offspring_fitness)

            # Select best solutions for next generation
            combined_population = np.concatenate((self.population, offspring))
            combined_fitness = np.concatenate((fitness, offspring_fitness))
            indices = np.argsort(combined_fitness)
            self.population = combined_population[indices[:self.population_size]]
            fitness = combined_fitness[indices[:self.population_size]]

            #Update best solution
            self.best_solution_overall = self.population[np.argmin(fitness)]
            self.best_fitness_overall = np.min(fitness)


        optimization_info = {
            'function_evaluations_used': self.eval_count,
            'final_best_fitness': self.best_fitness_overall,
            'archive_size': len(self.archive)
        }
        return self.best_solution_overall, self.best_fitness_overall, optimization_info

    def generate_offspring(self, population, fitness):
        offspring = np.zeros((self.population_size, self.dim))
        #Adaptive scaling factor
        self.F_scale = 0.5 + 0.3*np.random.rand() #scale factor with slight variation

        for i in range(self.population_size):
            # Select pbest from archive (if available)
            if self.archive:
                pbest_index = np.random.choice(len(self.archive))
                pbest = self.archive[pbest_index][0]
            else:
                pbest = population[np.argmin(fitness)]

            a, b, c = random.sample(range(self.population_size), 3)
            while a == i or b == i or c == i:
                a, b, c = random.sample(range(self.population_size), 3)

            offspring[i] = population[i] + self.F_scale * (pbest - population[i] + population[a] - population[b])
            offspring[i] = np.clip(offspring[i], self.lower_bounds, self.upper_bounds) #Boundary handling

        return offspring

    def update_archive(self, offspring, offspring_fitness):
        for i in range(len(offspring)):
            if len(self.archive) < self.archive_size:
                self.archive.append((offspring[i], offspring_fitness[i]))
            else:
                #Prioritize diversity in archive
                worst_index = np.argmax([f for _, f in self.archive])
                if offspring_fitness[i] < self.archive[worst_index][1] or len(self.archive) < self.archive_size * 0.8 :
                    self.archive[worst_index] = (offspring[i], offspring_fitness[i])
2025-06-21 10:06:06 INFO --- GNBG Problem Parameters for f21 ---
  Dimension: 30, MaxEvals: 1000000
  Search Bounds: [-100, 100]
  Number of Components: 5
  Known Optimum Value: -50.000000
  Lambda (Curvature): [0.5 0.5 0.5 0.5 0.5]
  Mu (Asymmetry/Depth): [0.17318004 0.11194571 0.19092932 0.18126106 0.14008737 0.11467924
 0.12498507 0.12642975 0.11734302 0.18190892]
----------------------------------------
2025-06-21 10:06:26 INFO Run function 21 complete. FEHistory len: 70000, AOCC: 0.0866
2025-06-21 10:06:26 INFO FeHistory: [373.84776948 308.53114743 278.20379351 ... -44.87918223 -44.84923084
 -44.81855399]
2025-06-21 10:06:26 INFO Expected Optimum FE: -50
2025-06-21 10:06:26 INFO Good algorithm:
Algorithm Name: EnhancedArchiveGuidedDE
import numpy as np
import random
class EnhancedArchiveGuidedDE:
    def __init__(self, budget: int, dim: int, lower_bounds: list[float], upper_bounds: list[float]):
        self.budget = int(budget)
        self.dim = int(dim)
        self.lower_bounds = np.array(lower_bounds, dtype=float)
        self.upper_bounds = np.array(upper_bounds, dtype=float)

        self.eval_count = 0
        self.best_solution_overall = None
        self.best_fitness_overall = float('inf')

        self.population_size = 10 * self.dim  # common heuristic
        self.archive_size = 100
        self.archive = []
        self.population = None
        self.F_scale = 0.5 #initial scaling factor


    def optimize(self, objective_function: callable, acceptance_threshold: float = 1e-8) -> tuple:
        self.eval_count = 0
        self.population = np.random.uniform(self.lower_bounds, self.upper_bounds, size=(self.population_size, self.dim))
        fitness = objective_function(self.population)
        self.eval_count += self.population_size

        self.best_solution_overall = self.population[np.argmin(fitness)]
        self.best_fitness_overall = np.min(fitness)

        while self.eval_count < self.budget:
            offspring = self.generate_offspring(self.population, fitness)
            offspring_fitness = objective_function(offspring)
            self.eval_count += len(offspring)

            # Update archive
            self.update_archive(offspring, offspring_fitness)

            # Select best solutions for next generation
            combined_population = np.concatenate((self.population, offspring))
            combined_fitness = np.concatenate((fitness, offspring_fitness))
            indices = np.argsort(combined_fitness)
            self.population = combined_population[indices[:self.population_size]]
            fitness = combined_fitness[indices[:self.population_size]]

            #Update best solution
            self.best_solution_overall = self.population[np.argmin(fitness)]
            self.best_fitness_overall = np.min(fitness)


        optimization_info = {
            'function_evaluations_used': self.eval_count,
            'final_best_fitness': self.best_fitness_overall,
            'archive_size': len(self.archive)
        }
        return self.best_solution_overall, self.best_fitness_overall, optimization_info

    def generate_offspring(self, population, fitness):
        offspring = np.zeros((self.population_size, self.dim))
        #Adaptive scaling factor
        self.F_scale = 0.5 + 0.3*np.random.rand() #scale factor with slight variation

        for i in range(self.population_size):
            # Select pbest from archive (if available)
            if self.archive:
                pbest_index = np.random.choice(len(self.archive))
                pbest = self.archive[pbest_index][0]
            else:
                pbest = population[np.argmin(fitness)]

            a, b, c = random.sample(range(self.population_size), 3)
            while a == i or b == i or c == i:
                a, b, c = random.sample(range(self.population_size), 3)

            offspring[i] = population[i] + self.F_scale * (pbest - population[i] + population[a] - population[b])
            offspring[i] = np.clip(offspring[i], self.lower_bounds, self.upper_bounds) #Boundary handling

        return offspring

    def update_archive(self, offspring, offspring_fitness):
        for i in range(len(offspring)):
            if len(self.archive) < self.archive_size:
                self.archive.append((offspring[i], offspring_fitness[i]))
            else:
                #Prioritize diversity in archive
                worst_index = np.argmax([f for _, f in self.archive])
                if offspring_fitness[i] < self.archive[worst_index][1] or len(self.archive) < self.archive_size * 0.8 :
                    self.archive[worst_index] = (offspring[i], offspring_fitness[i])
2025-06-21 10:06:26 INFO Unimodal AOCC mean: nan
2025-06-21 10:06:26 INFO Multimodal (single component) AOCC mean: 0.0673
2025-06-21 10:06:26 INFO Multimodal (multiple components) AOCC mean: 0.0866
2025-06-21 10:06:26 INFO AOCC mean: 0.0769
2025-06-21 10:06:26 INFO --- GNBG Problem Parameters for f11 ---
  Dimension: 30, MaxEvals: 500000
  Search Bounds: [-100, 100]
  Number of Components: 1
  Known Optimum Value: -118.075358
  Lambda (Curvature): [1]
  Mu (Asymmetry/Depth): [0.2 0.5]
----------------------------------------
2025-06-21 10:06:33 INFO Run function 11 complete. FEHistory len: 70000, AOCC: 0.1842
2025-06-21 10:06:33 INFO FeHistory: [ 2.26949091e+05  2.09965879e+05  1.85328043e+05 ... -1.18010864e+02
 -1.17983835e+02 -1.18020538e+02]
2025-06-21 10:06:33 INFO Expected Optimum FE: -118.07535757360006
2025-06-21 10:06:33 INFO Good algorithm:
Algorithm Name: AdaptiveGaussianMutationDE
import numpy as np
import random

class AdaptiveGaussianMutationDE:
    def __init__(self, budget: int, dim: int, lower_bounds: list[float], upper_bounds: list[float]):
        self.budget = int(budget)
        self.dim = int(dim)
        self.lower_bounds = np.array(lower_bounds, dtype=float)
        self.upper_bounds = np.array(upper_bounds, dtype=float)

        self.eval_count = 0
        self.best_solution_overall = None
        self.best_fitness_overall = float('inf')
        self.population_size = 100  # Adjust as needed
        self.population = None
        self.fitness_values = None
        self.mutation_scale = 0.8 # Initial mutation scale
        self.mutation_scale_decay = 0.99 #decay factor for the mutation scale

    def optimize(self, objective_function: callable, acceptance_threshold: float = 1e-8) -> tuple:
        self.eval_count = 0
        self.population = self._initialize_population()
        self.fitness_values = self._evaluate_population(objective_function)

        self.best_solution_overall, self.best_fitness_overall = self._find_best(self.population,self.fitness_values)

        while self.eval_count < self.budget:
            new_population = []
            new_fitness_values = []

            for i in range(self.population_size):
                # Differential Mutation
                a, b, c = self._select_different(i)
                mutant = self.population[a] + self.mutation_scale * (self.population[b] - self.population[c])

                #Adaptive Gaussian perturbation to escape local optima
                mutant += np.random.normal(0, self.mutation_scale/2, self.dim)  

                #Clipping
                mutant = np.clip(mutant, self.lower_bounds, self.upper_bounds)

                #Crossover
                trial = np.where(np.random.rand(self.dim) < 0.5, mutant, self.population[i])

                #Selection
                trial_fitness = objective_function(trial.reshape(1, -1))[0]
                self.eval_count += 1
                if trial_fitness < self.fitness_values[i]:
                    new_population.append(trial)
                    new_fitness_values.append(trial_fitness)
                else:
                    new_population.append(self.population[i])
                    new_fitness_values.append(self.fitness_values[i])
                
                best_solution,best_fitness = self._find_best(np.array(new_population), np.array(new_fitness_values))
                if best_fitness < self.best_fitness_overall:
                    self.best_solution_overall = best_solution
                    self.best_fitness_overall = best_fitness


            self.population = np.array(new_population)
            self.fitness_values = np.array(new_fitness_values)
            self.mutation_scale *= self.mutation_scale_decay #Decay mutation scale

        optimization_info = {
            'function_evaluations_used': self.eval_count,
            'final_best_fitness': self.best_fitness_overall
        }
        return self.best_solution_overall, self.best_fitness_overall, optimization_info

    def _initialize_population(self):
        return np.random.uniform(self.lower_bounds, self.upper_bounds, size=(self.population_size, self.dim))

    def _evaluate_population(self, objective_function):
        population_reshaped = self.population.reshape(-1, self.dim)
        fitness = objective_function(population_reshaped)
        self.eval_count += self.population_size
        return fitness

    def _select_different(self, index):
        a, b, c = random.sample(range(self.population_size), 3)
        while a == index or b == index or c == index or a == b or a == c or b == c:
            a, b, c = random.sample(range(self.population_size), 3)
        return a, b, c

    def _find_best(self,population,fitness_values):
        best_index = np.argmin(fitness_values)
        return population[best_index], fitness_values[best_index]
2025-06-21 10:06:33 INFO --- GNBG Problem Parameters for f21 ---
  Dimension: 30, MaxEvals: 1000000
  Search Bounds: [-100, 100]
  Number of Components: 5
  Known Optimum Value: -50.000000
  Lambda (Curvature): [0.5 0.5 0.5 0.5 0.5]
  Mu (Asymmetry/Depth): [0.17318004 0.11194571 0.19092932 0.18126106 0.14008737 0.11467924
 0.12498507 0.12642975 0.11734302 0.18190892]
----------------------------------------
2025-06-21 10:06:55 INFO Run function 21 complete. FEHistory len: 70000, AOCC: 0.1022
2025-06-21 10:06:55 INFO FeHistory: [261.18939335 218.70709121 273.18535291 ... -44.99688165 -44.99673877
 -44.99700946]
2025-06-21 10:06:55 INFO Expected Optimum FE: -50
2025-06-21 10:06:55 INFO Good algorithm:
Algorithm Name: AdaptiveGaussianMutationDE
import numpy as np
import random

class AdaptiveGaussianMutationDE:
    def __init__(self, budget: int, dim: int, lower_bounds: list[float], upper_bounds: list[float]):
        self.budget = int(budget)
        self.dim = int(dim)
        self.lower_bounds = np.array(lower_bounds, dtype=float)
        self.upper_bounds = np.array(upper_bounds, dtype=float)

        self.eval_count = 0
        self.best_solution_overall = None
        self.best_fitness_overall = float('inf')
        self.population_size = 100  # Adjust as needed
        self.population = None
        self.fitness_values = None
        self.mutation_scale = 0.8 # Initial mutation scale
        self.mutation_scale_decay = 0.99 #decay factor for the mutation scale

    def optimize(self, objective_function: callable, acceptance_threshold: float = 1e-8) -> tuple:
        self.eval_count = 0
        self.population = self._initialize_population()
        self.fitness_values = self._evaluate_population(objective_function)

        self.best_solution_overall, self.best_fitness_overall = self._find_best(self.population,self.fitness_values)

        while self.eval_count < self.budget:
            new_population = []
            new_fitness_values = []

            for i in range(self.population_size):
                # Differential Mutation
                a, b, c = self._select_different(i)
                mutant = self.population[a] + self.mutation_scale * (self.population[b] - self.population[c])

                #Adaptive Gaussian perturbation to escape local optima
                mutant += np.random.normal(0, self.mutation_scale/2, self.dim)  

                #Clipping
                mutant = np.clip(mutant, self.lower_bounds, self.upper_bounds)

                #Crossover
                trial = np.where(np.random.rand(self.dim) < 0.5, mutant, self.population[i])

                #Selection
                trial_fitness = objective_function(trial.reshape(1, -1))[0]
                self.eval_count += 1
                if trial_fitness < self.fitness_values[i]:
                    new_population.append(trial)
                    new_fitness_values.append(trial_fitness)
                else:
                    new_population.append(self.population[i])
                    new_fitness_values.append(self.fitness_values[i])
                
                best_solution,best_fitness = self._find_best(np.array(new_population), np.array(new_fitness_values))
                if best_fitness < self.best_fitness_overall:
                    self.best_solution_overall = best_solution
                    self.best_fitness_overall = best_fitness


            self.population = np.array(new_population)
            self.fitness_values = np.array(new_fitness_values)
            self.mutation_scale *= self.mutation_scale_decay #Decay mutation scale

        optimization_info = {
            'function_evaluations_used': self.eval_count,
            'final_best_fitness': self.best_fitness_overall
        }
        return self.best_solution_overall, self.best_fitness_overall, optimization_info

    def _initialize_population(self):
        return np.random.uniform(self.lower_bounds, self.upper_bounds, size=(self.population_size, self.dim))

    def _evaluate_population(self, objective_function):
        population_reshaped = self.population.reshape(-1, self.dim)
        fitness = objective_function(population_reshaped)
        self.eval_count += self.population_size
        return fitness

    def _select_different(self, index):
        a, b, c = random.sample(range(self.population_size), 3)
        while a == index or b == index or c == index or a == b or a == c or b == c:
            a, b, c = random.sample(range(self.population_size), 3)
        return a, b, c

    def _find_best(self,population,fitness_values):
        best_index = np.argmin(fitness_values)
        return population[best_index], fitness_values[best_index]
2025-06-21 10:06:55 INFO Unimodal AOCC mean: nan
2025-06-21 10:06:55 INFO Multimodal (single component) AOCC mean: 0.1842
2025-06-21 10:06:55 INFO Multimodal (multiple components) AOCC mean: 0.1022
2025-06-21 10:06:55 INFO AOCC mean: 0.1432
2025-06-21 10:06:55 INFO --- GNBG Problem Parameters for f11 ---
  Dimension: 30, MaxEvals: 500000
  Search Bounds: [-100, 100]
  Number of Components: 1
  Known Optimum Value: -118.075358
  Lambda (Curvature): [1]
  Mu (Asymmetry/Depth): [0.2 0.5]
----------------------------------------
