2025-06-23 17:12:28 INFO --- GNBG Problem Parameters for f24 ---
  Dimension: 30, MaxEvals: 1000000
  Search Bounds: [-100, 100]
  Number of Components: 5
  Known Optimum Value: -100.000000
  Lambda (Curvature): [0.25 0.25 0.25 0.25 0.25]
  Mu (Asymmetry/Depth): [0.44142637 0.27898903 0.25803028 0.21978833 0.39183826 0.42051979
 0.35740109 0.43165341 0.47744239 0.47234476]
----------------------------------------
2025-06-23 17:12:28 INFO --- GNBG Problem Parameters for f24 ---
  Dimension: 30, MaxEvals: 1000000
  Search Bounds: [-100, 100]
  Number of Components: 5
  Known Optimum Value: -100.000000
  Lambda (Curvature): [0.25 0.25 0.25 0.25 0.25]
  Mu (Asymmetry/Depth): [0.44142637 0.27898903 0.25803028 0.21978833 0.39183826 0.42051979
 0.35740109 0.43165341 0.47744239 0.47234476]
----------------------------------------
2025-06-23 17:12:28 INFO --- GNBG Problem Parameters for f24 ---
  Dimension: 30, MaxEvals: 1000000
  Search Bounds: [-100, 100]
  Number of Components: 5
  Known Optimum Value: -100.000000
  Lambda (Curvature): [0.25 0.25 0.25 0.25 0.25]
  Mu (Asymmetry/Depth): [0.44142637 0.27898903 0.25803028 0.21978833 0.39183826 0.42051979
 0.35740109 0.43165341 0.47744239 0.47234476]
----------------------------------------
2025-06-23 17:12:28 INFO --- GNBG Problem Parameters for f24 ---
  Dimension: 30, MaxEvals: 1000000
  Search Bounds: [-100, 100]
  Number of Components: 5
  Known Optimum Value: -100.000000
  Lambda (Curvature): [0.25 0.25 0.25 0.25 0.25]
  Mu (Asymmetry/Depth): [0.44142637 0.27898903 0.25803028 0.21978833 0.39183826 0.42051979
 0.35740109 0.43165341 0.47744239 0.47234476]
----------------------------------------
2025-06-23 17:12:28 INFO --- GNBG Problem Parameters for f24 ---
  Dimension: 30, MaxEvals: 1000000
  Search Bounds: [-100, 100]
  Number of Components: 5
  Known Optimum Value: -100.000000
  Lambda (Curvature): [0.25 0.25 0.25 0.25 0.25]
  Mu (Asymmetry/Depth): [0.44142637 0.27898903 0.25803028 0.21978833 0.39183826 0.42051979
 0.35740109 0.43165341 0.47744239 0.47234476]
----------------------------------------
