2025-06-21 09:55:04 INFO Initializing first population
2025-06-21 09:55:04 INFO Initializing population from 7 seed files...
2025-06-21 09:55:04 INFO --- GNBG Problem Parameters for f11 ---
  Dimension: 30, MaxEvals: 500000
  Search Bounds: [-100, 100]
  Number of Components: 1
  Known Optimum Value: -118.075358
  Lambda (Curvature): [1]
  Mu (Asymmetry/Depth): [0.2 0.5]
----------------------------------------
2025-06-21 09:55:04 INFO Run function 11 complete. FEHistory len: 10, AOCC: 0.0000
2025-06-21 09:55:04 INFO FeHistory: [123047.37938509 223965.97873732 233154.32166011 173614.46075594
 185834.31796698 195270.63696901  99251.09139086 298651.8740363
 142963.16632464 212601.85113114]
2025-06-21 09:55:04 INFO Expected Optimum FE: -118.07535757360006
2025-06-21 09:55:04 INFO --- GNBG Problem Parameters for f21 ---
  Dimension: 30, MaxEvals: 1000000
  Search Bounds: [-100, 100]
  Number of Components: 5
  Known Optimum Value: -50.000000
  Lambda (Curvature): [0.5 0.5 0.5 0.5 0.5]
  Mu (Asymmetry/Depth): [0.17318004 0.11194571 0.19092932 0.18126106 0.14008737 0.11467924
 0.12498507 0.12642975 0.11734302 0.18190892]
----------------------------------------
2025-06-21 09:55:04 INFO Run function 21 complete. FEHistory len: 10, AOCC: 0.0000
2025-06-21 09:55:04 INFO FeHistory: [303.65126978 292.77228736 262.67540328 367.55307065 312.47338816
 289.77804355 368.65511292 334.00415847 300.4169553  283.97404888]
2025-06-21 09:55:04 INFO Expected Optimum FE: -50
2025-06-21 09:55:04 INFO Unimodal AOCC mean: nan
2025-06-21 09:55:04 INFO Multimodal (single component) AOCC mean: 0.0000
2025-06-21 09:55:04 INFO Multimodal (multiple components) AOCC mean: 0.0000
2025-06-21 09:55:04 INFO AOCC mean: 0.0000
2025-06-21 09:55:04 INFO --- GNBG Problem Parameters for f11 ---
  Dimension: 30, MaxEvals: 500000
  Search Bounds: [-100, 100]
  Number of Components: 1
  Known Optimum Value: -118.075358
  Lambda (Curvature): [1]
  Mu (Asymmetry/Depth): [0.2 0.5]
----------------------------------------
2025-06-21 09:55:04 INFO Run function 11 complete. FEHistory len: 10, AOCC: 0.0000
2025-06-21 09:55:04 INFO FeHistory: [259867.19200513 281216.77295089 259867.19200513 268991.30774637
 259867.19200513 301342.86422286 259867.19200513 256940.62381389
 259867.19200513 280046.36012079]
2025-06-21 09:55:04 INFO Expected Optimum FE: -118.07535757360006
2025-06-21 09:55:04 INFO --- GNBG Problem Parameters for f21 ---
  Dimension: 30, MaxEvals: 1000000
  Search Bounds: [-100, 100]
  Number of Components: 5
  Known Optimum Value: -50.000000
  Lambda (Curvature): [0.5 0.5 0.5 0.5 0.5]
  Mu (Asymmetry/Depth): [0.17318004 0.11194571 0.19092932 0.18126106 0.14008737 0.11467924
 0.12498507 0.12642975 0.11734302 0.18190892]
----------------------------------------
2025-06-21 09:55:04 INFO Run function 21 complete. FEHistory len: 10, AOCC: 0.0000
2025-06-21 09:55:04 INFO FeHistory: [242.78014355 242.38452252 242.78014355 238.82302944 242.38452252
 238.55509168 238.82302944 241.47651689 238.55509168 241.94876489]
2025-06-21 09:55:04 INFO Expected Optimum FE: -50
2025-06-21 09:55:04 INFO Unimodal AOCC mean: nan
2025-06-21 09:55:04 INFO Multimodal (single component) AOCC mean: 0.0000
2025-06-21 09:55:04 INFO Multimodal (multiple components) AOCC mean: 0.0000
2025-06-21 09:55:04 INFO AOCC mean: 0.0000
2025-06-21 09:55:04 INFO --- GNBG Problem Parameters for f11 ---
  Dimension: 30, MaxEvals: 500000
  Search Bounds: [-100, 100]
  Number of Components: 1
  Known Optimum Value: -118.075358
  Lambda (Curvature): [1]
  Mu (Asymmetry/Depth): [0.2 0.5]
----------------------------------------
2025-06-21 09:55:04 INFO Run function 11 complete. FEHistory len: 10, AOCC: 0.0000
2025-06-21 09:55:04 INFO FeHistory: [252284.17957009 190898.19384224 225212.06592191 181283.41508568
 113993.20817034 215861.65664641 225998.04806851 356413.14429257
 299554.86714845 135013.18957034]
2025-06-21 09:55:04 INFO Expected Optimum FE: -118.07535757360006
2025-06-21 09:55:04 INFO --- GNBG Problem Parameters for f21 ---
  Dimension: 30, MaxEvals: 1000000
  Search Bounds: [-100, 100]
  Number of Components: 5
  Known Optimum Value: -50.000000
  Lambda (Curvature): [0.5 0.5 0.5 0.5 0.5]
  Mu (Asymmetry/Depth): [0.17318004 0.11194571 0.19092932 0.18126106 0.14008737 0.11467924
 0.12498507 0.12642975 0.11734302 0.18190892]
----------------------------------------
2025-06-21 09:55:04 INFO Run function 21 complete. FEHistory len: 10, AOCC: 0.0000
2025-06-21 09:55:04 INFO FeHistory: [306.80116784 269.52816457 268.43451775 271.94587728 244.24679852
 254.41971377 291.28063207 281.55802944 311.47319385 278.19577075]
2025-06-21 09:55:04 INFO Expected Optimum FE: -50
2025-06-21 09:55:04 INFO Unimodal AOCC mean: nan
2025-06-21 09:55:04 INFO Multimodal (single component) AOCC mean: 0.0000
2025-06-21 09:55:04 INFO Multimodal (multiple components) AOCC mean: 0.0000
2025-06-21 09:55:04 INFO AOCC mean: 0.0000
2025-06-21 09:55:04 INFO --- GNBG Problem Parameters for f11 ---
  Dimension: 30, MaxEvals: 500000
  Search Bounds: [-100, 100]
  Number of Components: 1
  Known Optimum Value: -118.075358
  Lambda (Curvature): [1]
  Mu (Asymmetry/Depth): [0.2 0.5]
----------------------------------------
2025-06-21 09:55:04 INFO Run function 11 complete. FEHistory len: 10, AOCC: 0.0000
2025-06-21 09:55:04 INFO FeHistory: [207022.9515268  149464.69801077 241008.85010686 206126.53519023
 153906.19375715 152531.44781262 142387.68958378 306985.62738333
 118964.05223862 251794.85473429]
2025-06-21 09:55:04 INFO Expected Optimum FE: -118.07535757360006
2025-06-21 09:55:04 INFO --- GNBG Problem Parameters for f21 ---
  Dimension: 30, MaxEvals: 1000000
  Search Bounds: [-100, 100]
  Number of Components: 5
  Known Optimum Value: -50.000000
  Lambda (Curvature): [0.5 0.5 0.5 0.5 0.5]
  Mu (Asymmetry/Depth): [0.17318004 0.11194571 0.19092932 0.18126106 0.14008737 0.11467924
 0.12498507 0.12642975 0.11734302 0.18190892]
----------------------------------------
2025-06-21 09:55:04 INFO Run function 21 complete. FEHistory len: 10, AOCC: 0.0000
2025-06-21 09:55:04 INFO FeHistory: [281.44773672 327.180943   284.92672733 329.64233689 296.30456356
 243.9093758  268.72424661 324.85494083 317.56279889 257.17528935]
2025-06-21 09:55:04 INFO Expected Optimum FE: -50
2025-06-21 09:55:04 INFO Unimodal AOCC mean: nan
2025-06-21 09:55:04 INFO Multimodal (single component) AOCC mean: 0.0000
2025-06-21 09:55:04 INFO Multimodal (multiple components) AOCC mean: 0.0000
2025-06-21 09:55:04 INFO AOCC mean: 0.0000
2025-06-21 09:55:04 INFO --- GNBG Problem Parameters for f11 ---
  Dimension: 30, MaxEvals: 500000
  Search Bounds: [-100, 100]
  Number of Components: 1
  Known Optimum Value: -118.075358
  Lambda (Curvature): [1]
  Mu (Asymmetry/Depth): [0.2 0.5]
----------------------------------------
2025-06-21 09:55:04 INFO Run function 11 complete. FEHistory len: 10, AOCC: 0.0000
2025-06-21 09:55:04 INFO FeHistory: [261415.10827885 272953.30543723 278271.22946131 220848.5481564
 179898.82830605 250392.93152973 144353.30732736 185616.19897985
 167363.2384256  279295.41962997]
2025-06-21 09:55:04 INFO Expected Optimum FE: -118.07535757360006
2025-06-21 09:55:04 INFO --- GNBG Problem Parameters for f21 ---
  Dimension: 30, MaxEvals: 1000000
  Search Bounds: [-100, 100]
  Number of Components: 5
  Known Optimum Value: -50.000000
  Lambda (Curvature): [0.5 0.5 0.5 0.5 0.5]
  Mu (Asymmetry/Depth): [0.17318004 0.11194571 0.19092932 0.18126106 0.14008737 0.11467924
 0.12498507 0.12642975 0.11734302 0.18190892]
----------------------------------------
2025-06-21 09:55:04 INFO Run function 21 complete. FEHistory len: 10, AOCC: 0.0000
2025-06-21 09:55:04 INFO FeHistory: [285.77550549 298.70199773 258.00736012 279.95234836 289.09307478
 308.73241467 292.87823867 293.1194148  275.24842355 309.07308986]
2025-06-21 09:55:04 INFO Expected Optimum FE: -50
2025-06-21 09:55:04 INFO Unimodal AOCC mean: nan
2025-06-21 09:55:04 INFO Multimodal (single component) AOCC mean: 0.0000
2025-06-21 09:55:04 INFO Multimodal (multiple components) AOCC mean: 0.0000
2025-06-21 09:55:04 INFO AOCC mean: 0.0000
2025-06-21 09:55:04 INFO --- GNBG Problem Parameters for f11 ---
  Dimension: 30, MaxEvals: 500000
  Search Bounds: [-100, 100]
  Number of Components: 1
  Known Optimum Value: -118.075358
  Lambda (Curvature): [1]
  Mu (Asymmetry/Depth): [0.2 0.5]
----------------------------------------
2025-06-21 09:55:04 INFO Run function 11 complete. FEHistory len: 10, AOCC: 0.0000
2025-06-21 09:55:04 INFO FeHistory: [137866.09604404 127040.04593421 150230.6403856  266518.85742611
 150114.91037269 156390.12962619  87371.50697329 143334.54949192
 180907.92023018 337656.68291665]
2025-06-21 09:55:04 INFO Expected Optimum FE: -118.07535757360006
2025-06-21 09:55:04 INFO --- GNBG Problem Parameters for f21 ---
  Dimension: 30, MaxEvals: 1000000
  Search Bounds: [-100, 100]
  Number of Components: 5
  Known Optimum Value: -50.000000
  Lambda (Curvature): [0.5 0.5 0.5 0.5 0.5]
  Mu (Asymmetry/Depth): [0.17318004 0.11194571 0.19092932 0.18126106 0.14008737 0.11467924
 0.12498507 0.12642975 0.11734302 0.18190892]
----------------------------------------
2025-06-21 09:55:04 INFO Run function 21 complete. FEHistory len: 10, AOCC: 0.0000
2025-06-21 09:55:04 INFO FeHistory: [294.90869889 249.27363215 280.79009974 293.31430978 252.22893771
 340.6175753  236.61079463 285.57768083 324.74668817 309.56481547]
2025-06-21 09:55:04 INFO Expected Optimum FE: -50
2025-06-21 09:55:04 INFO Unimodal AOCC mean: nan
2025-06-21 09:55:04 INFO Multimodal (single component) AOCC mean: 0.0000
2025-06-21 09:55:04 INFO Multimodal (multiple components) AOCC mean: 0.0000
2025-06-21 09:55:04 INFO AOCC mean: 0.0000
2025-06-21 09:55:04 INFO --- GNBG Problem Parameters for f11 ---
  Dimension: 30, MaxEvals: 500000
  Search Bounds: [-100, 100]
  Number of Components: 1
  Known Optimum Value: -118.075358
  Lambda (Curvature): [1]
  Mu (Asymmetry/Depth): [0.2 0.5]
----------------------------------------
2025-06-21 09:55:04 INFO Run function 11 complete. FEHistory len: 10, AOCC: 0.0000
2025-06-21 09:55:04 INFO FeHistory: [293529.36179345 262567.9638561  260227.46635486 341716.87703923
 201763.7254532  242793.47664834 230695.48845031 315078.62877975
 264085.02848521 183989.80254011]
2025-06-21 09:55:04 INFO Expected Optimum FE: -118.07535757360006
2025-06-21 09:55:04 INFO --- GNBG Problem Parameters for f21 ---
  Dimension: 30, MaxEvals: 1000000
  Search Bounds: [-100, 100]
  Number of Components: 5
  Known Optimum Value: -50.000000
  Lambda (Curvature): [0.5 0.5 0.5 0.5 0.5]
  Mu (Asymmetry/Depth): [0.17318004 0.11194571 0.19092932 0.18126106 0.14008737 0.11467924
 0.12498507 0.12642975 0.11734302 0.18190892]
----------------------------------------
2025-06-21 09:55:04 INFO Run function 21 complete. FEHistory len: 10, AOCC: 0.0000
2025-06-21 09:55:04 INFO FeHistory: [254.16699907 272.0351752  312.12010553 293.57769255 280.95859871
 266.38557391 262.81535828 284.25918248 324.20293597 264.64262939]
2025-06-21 09:55:04 INFO Expected Optimum FE: -50
2025-06-21 09:55:04 INFO Unimodal AOCC mean: nan
2025-06-21 09:55:04 INFO Multimodal (single component) AOCC mean: 0.0000
2025-06-21 09:55:04 INFO Multimodal (multiple components) AOCC mean: 0.0000
2025-06-21 09:55:04 INFO AOCC mean: 0.0000
2025-06-21 09:55:32 INFO Started evolutionary loop, best so far: 0.0
