2025-06-20 17:29:53 INFO Initializing first population
2025-06-20 17:29:53 INFO Initializing population from 4 seed files...
2025-06-20 17:29:53 INFO --- GNBG Problem Parameters for f4 ---
  Dimension: 30, MaxEvals: 500000
  Search Bounds: [-100, 100]
  Number of Components: 1
  Known Optimum Value: -382.620521
  Lambda (Curvature): [1]
  Mu (Asymmetry/Depth): [0 0]
----------------------------------------
2025-06-20 17:29:53 INFO Run function 4 complete. FEHistory len: 10, AOCC: 0.0000
2025-06-20 17:29:53 INFO FeHistory: [1321039.59627205  415961.75433145  655840.51113866  574752.0818447
  570623.30140167  685783.19457975  524189.23264414  691495.64647487
  659940.48752102  535830.83902449]
2025-06-20 17:29:53 INFO Expected Optimum FE: -382.6205211774271
2025-06-20 17:29:53 INFO --- GNBG Problem Parameters for f7 ---
  Dimension: 30, MaxEvals: 500000
  Search Bounds: [-100, 100]
  Number of Components: 1
  Known Optimum Value: -912.857374
  Lambda (Curvature): [1]
  Mu (Asymmetry/Depth): [0.2 0.2]
----------------------------------------
2025-06-20 17:29:53 INFO Run function 7 complete. FEHistory len: 10, AOCC: 0.0000
2025-06-20 17:29:53 INFO FeHistory: [154828.39568372 254695.87340211 247373.39060052 258391.62890084
 181588.20773442 242982.38130885 238645.07146597 261297.21083986
 205482.74468006 234653.19983986]
2025-06-20 17:29:53 INFO Expected Optimum FE: -912.8573739743372
2025-06-20 17:29:53 INFO --- GNBG Problem Parameters for f8 ---
  Dimension: 30, MaxEvals: 500000
  Search Bounds: [-100, 100]
  Number of Components: 1
  Known Optimum Value: -656.788998
  Lambda (Curvature): [1]
  Mu (Asymmetry/Depth): [0.2 0.2]
----------------------------------------
2025-06-20 17:29:53 INFO Run function 8 complete. FEHistory len: 10, AOCC: 0.0000
2025-06-20 17:29:53 INFO FeHistory: [216650.35959224 151052.64038506 138729.75814462 270730.84447705
 226310.28917807 192806.54819152 235966.98522544 250177.88715892
 139464.58871981 207043.85639246]
2025-06-20 17:29:53 INFO Expected Optimum FE: -656.7889979935655
2025-06-20 17:29:53 INFO --- GNBG Problem Parameters for f24 ---
  Dimension: 30, MaxEvals: 1000000
  Search Bounds: [-100, 100]
  Number of Components: 5
  Known Optimum Value: -100.000000
  Lambda (Curvature): [0.25 0.25 0.25 0.25 0.25]
  Mu (Asymmetry/Depth): [0.44142637 0.27898903 0.25803028 0.21978833 0.39183826 0.42051979
 0.35740109 0.43165341 0.47744239 0.47234476]
----------------------------------------
2025-06-20 17:29:53 INFO Run function 24 complete. FEHistory len: 10, AOCC: 0.0000
2025-06-20 17:29:53 INFO FeHistory: [204.92263863 210.73084816 212.32500446 185.96707805 209.02244329
 209.57385132 156.58893439 231.96187762 205.54474993 197.55178257]
2025-06-20 17:29:53 INFO Expected Optimum FE: -100
2025-06-20 17:29:53 INFO Multimodal (single component) AOCC mean: 0.0000
2025-06-20 17:29:53 INFO AOCC mean: 0.0000
2025-06-20 17:29:53 INFO --- GNBG Problem Parameters for f4 ---
  Dimension: 30, MaxEvals: 500000
  Search Bounds: [-100, 100]
  Number of Components: 1
  Known Optimum Value: -382.620521
  Lambda (Curvature): [1]
  Mu (Asymmetry/Depth): [0 0]
----------------------------------------
2025-06-20 17:29:53 ERROR Can not run the algorithm
2025-06-20 17:29:53 INFO Run function 4 complete. FEHistory len: 1, AOCC: 0.0000
2025-06-20 17:29:53 INFO FeHistory: [696077.81838225]
2025-06-20 17:29:53 INFO Expected Optimum FE: -382.6205211774271
2025-06-20 17:29:53 INFO --- GNBG Problem Parameters for f7 ---
  Dimension: 30, MaxEvals: 500000
  Search Bounds: [-100, 100]
  Number of Components: 1
  Known Optimum Value: -912.857374
  Lambda (Curvature): [1]
  Mu (Asymmetry/Depth): [0.2 0.2]
----------------------------------------
2025-06-20 17:29:53 ERROR Can not run the algorithm
2025-06-20 17:29:53 INFO Run function 7 complete. FEHistory len: 1, AOCC: 0.0000
2025-06-20 17:29:53 INFO FeHistory: [244411.71067419]
2025-06-20 17:29:53 INFO Expected Optimum FE: -912.8573739743372
2025-06-20 17:29:53 INFO --- GNBG Problem Parameters for f8 ---
  Dimension: 30, MaxEvals: 500000
  Search Bounds: [-100, 100]
  Number of Components: 1
  Known Optimum Value: -656.788998
  Lambda (Curvature): [1]
  Mu (Asymmetry/Depth): [0.2 0.2]
----------------------------------------
2025-06-20 17:29:53 ERROR Can not run the algorithm
2025-06-20 17:29:53 INFO Run function 8 complete. FEHistory len: 1, AOCC: 0.0000
2025-06-20 17:29:53 INFO FeHistory: [123871.47120257]
2025-06-20 17:29:53 INFO Expected Optimum FE: -656.7889979935655
2025-06-20 17:29:53 INFO --- GNBG Problem Parameters for f24 ---
  Dimension: 30, MaxEvals: 1000000
  Search Bounds: [-100, 100]
  Number of Components: 5
  Known Optimum Value: -100.000000
  Lambda (Curvature): [0.25 0.25 0.25 0.25 0.25]
  Mu (Asymmetry/Depth): [0.44142637 0.27898903 0.25803028 0.21978833 0.39183826 0.42051979
 0.35740109 0.43165341 0.47744239 0.47234476]
----------------------------------------
2025-06-20 17:29:53 ERROR Can not run the algorithm
2025-06-20 17:29:53 INFO Run function 24 complete. FEHistory len: 1, AOCC: 0.0000
2025-06-20 17:29:53 INFO FeHistory: [169.62182207]
2025-06-20 17:29:53 INFO Expected Optimum FE: -100
2025-06-20 17:29:53 INFO Multimodal (single component) AOCC mean: 0.0000
2025-06-20 17:29:53 INFO AOCC mean: 0.0000
2025-06-20 17:29:53 INFO --- GNBG Problem Parameters for f4 ---
  Dimension: 30, MaxEvals: 500000
  Search Bounds: [-100, 100]
  Number of Components: 1
  Known Optimum Value: -382.620521
  Lambda (Curvature): [1]
  Mu (Asymmetry/Depth): [0 0]
----------------------------------------
2025-06-20 17:29:53 INFO Run function 4 complete. FEHistory len: 10, AOCC: 0.0000
2025-06-20 17:29:53 INFO FeHistory: [ 853391.98456181  927611.36528909  777392.47580795  725622.26753364
  901200.51364254  789850.45047107  866428.11669577 1249671.84983263
  831947.14776124 1003330.6103394 ]
2025-06-20 17:29:53 INFO Expected Optimum FE: -382.6205211774271
2025-06-20 17:29:53 INFO --- GNBG Problem Parameters for f7 ---
  Dimension: 30, MaxEvals: 500000
  Search Bounds: [-100, 100]
  Number of Components: 1
  Known Optimum Value: -912.857374
  Lambda (Curvature): [1]
  Mu (Asymmetry/Depth): [0.2 0.2]
----------------------------------------
2025-06-20 17:29:53 INFO Run function 7 complete. FEHistory len: 10, AOCC: 0.0000
2025-06-20 17:29:53 INFO FeHistory: [235215.33698144  98830.76592463 125710.10526286 200399.78320264
 183052.58009058 219448.45259489 165028.95970932 280598.21265306
 292587.10279786 182186.77150326]
2025-06-20 17:29:53 INFO Expected Optimum FE: -912.8573739743372
2025-06-20 17:29:53 INFO --- GNBG Problem Parameters for f8 ---
  Dimension: 30, MaxEvals: 500000
  Search Bounds: [-100, 100]
  Number of Components: 1
  Known Optimum Value: -656.788998
  Lambda (Curvature): [1]
  Mu (Asymmetry/Depth): [0.2 0.2]
----------------------------------------
2025-06-20 17:29:53 INFO Run function 8 complete. FEHistory len: 10, AOCC: 0.0000
2025-06-20 17:29:53 INFO FeHistory: [237189.8680438  151548.75200439 232556.58172139 222463.84401983
 288418.63318066 220661.83933535 120287.02097497 171023.16251443
 131937.1793903  181505.93004189]
2025-06-20 17:29:53 INFO Expected Optimum FE: -656.7889979935655
2025-06-20 17:29:53 INFO --- GNBG Problem Parameters for f24 ---
  Dimension: 30, MaxEvals: 1000000
  Search Bounds: [-100, 100]
  Number of Components: 5
  Known Optimum Value: -100.000000
  Lambda (Curvature): [0.25 0.25 0.25 0.25 0.25]
  Mu (Asymmetry/Depth): [0.44142637 0.27898903 0.25803028 0.21978833 0.39183826 0.42051979
 0.35740109 0.43165341 0.47744239 0.47234476]
----------------------------------------
2025-06-20 17:29:53 INFO Run function 24 complete. FEHistory len: 10, AOCC: 0.0000
2025-06-20 17:29:53 INFO FeHistory: [184.43069563 144.85046449 214.67229408 147.50202032 169.26821657
 191.84173007 186.05930274 208.21779841 166.47709369 208.13395256]
2025-06-20 17:29:53 INFO Expected Optimum FE: -100
2025-06-20 17:29:53 INFO Multimodal (single component) AOCC mean: 0.0000
2025-06-20 17:29:53 INFO AOCC mean: 0.0000
2025-06-20 17:29:53 INFO --- GNBG Problem Parameters for f4 ---
  Dimension: 30, MaxEvals: 500000
  Search Bounds: [-100, 100]
  Number of Components: 1
  Known Optimum Value: -382.620521
  Lambda (Curvature): [1]
  Mu (Asymmetry/Depth): [0 0]
----------------------------------------
2025-06-20 17:29:53 INFO Run function 4 complete. FEHistory len: 10, AOCC: 0.0000
2025-06-20 17:29:53 INFO FeHistory: [ 929851.31173532  835108.43357016 1012447.89280428 1042938.06683181
 1008109.28904913  880083.40655283 1116717.94558288 1071757.52538024
  740034.3995602   926510.29904047]
2025-06-20 17:29:53 INFO Expected Optimum FE: -382.6205211774271
2025-06-20 17:29:53 INFO --- GNBG Problem Parameters for f7 ---
  Dimension: 30, MaxEvals: 500000
  Search Bounds: [-100, 100]
  Number of Components: 1
  Known Optimum Value: -912.857374
  Lambda (Curvature): [1]
  Mu (Asymmetry/Depth): [0.2 0.2]
----------------------------------------
2025-06-20 17:29:53 INFO Run function 7 complete. FEHistory len: 10, AOCC: 0.0000
2025-06-20 17:29:53 INFO FeHistory: [142282.52710839 141400.84965433 235677.2890562  232104.84366019
 117674.59428508 195513.50451217 271826.24669678 196729.14894402
 203519.00264353 240295.28833618]
2025-06-20 17:29:53 INFO Expected Optimum FE: -912.8573739743372
2025-06-20 17:29:53 INFO --- GNBG Problem Parameters for f8 ---
  Dimension: 30, MaxEvals: 500000
  Search Bounds: [-100, 100]
  Number of Components: 1
  Known Optimum Value: -656.788998
  Lambda (Curvature): [1]
  Mu (Asymmetry/Depth): [0.2 0.2]
----------------------------------------
2025-06-20 17:29:53 INFO Run function 8 complete. FEHistory len: 10, AOCC: 0.0000
2025-06-20 17:29:53 INFO FeHistory: [177178.72914635 250537.44667419 253093.17097688 192209.71891749
 190214.70732634 139342.02852167 121349.70826873 129115.19941993
 178502.61013209 177275.6234048 ]
2025-06-20 17:29:53 INFO Expected Optimum FE: -656.7889979935655
2025-06-20 17:29:53 INFO --- GNBG Problem Parameters for f24 ---
  Dimension: 30, MaxEvals: 1000000
  Search Bounds: [-100, 100]
  Number of Components: 5
  Known Optimum Value: -100.000000
  Lambda (Curvature): [0.25 0.25 0.25 0.25 0.25]
  Mu (Asymmetry/Depth): [0.44142637 0.27898903 0.25803028 0.21978833 0.39183826 0.42051979
 0.35740109 0.43165341 0.47744239 0.47234476]
----------------------------------------
2025-06-20 17:29:53 INFO Run function 24 complete. FEHistory len: 10, AOCC: 0.0000
2025-06-20 17:29:53 INFO FeHistory: [199.72560917 185.79263519 212.82428837 168.05880718 174.62325137
 230.64454517 220.18442804 175.48967513 188.11078637 182.0900511 ]
2025-06-20 17:29:53 INFO Expected Optimum FE: -100
2025-06-20 17:29:53 INFO Multimodal (single component) AOCC mean: 0.0000
2025-06-20 17:29:53 INFO AOCC mean: 0.0000
2025-06-20 17:29:53 INFO Started evolutionary loop, best so far: 0.0
2025-06-20 17:29:53 INFO --- Performing Long-Term Reflection at Generation 1 ---
2025-06-20 17:29:59 INFO Full response text: **Analysis:**

Comparing AdaptiveGaussianSamplingEA (best) vs AdaptiveGaussianMutationDE (worst), we see that AdaptiveGaussianSamplingEA uses an adaptive Gaussian sampling for initialization, centered around a random point, leading to a more explorative initial population.  AdaptiveGaussianMutationDE, on the other hand, uses a simple uniform random initialization, which is less effective in high-dimensional spaces. AdaptiveGaussianSamplingEA also incorporates adaptive sigma decay for the Gaussian mutation, refining the search over time, unlike AdaptiveGaussianMutationDE's static mutation scale.

AdaptiveMultimodalOptimizerImproved (second best) vs EnhancedArchiveGuidedDE (third best) shows a difference in search strategy. AdaptiveMultimodalOptimizerImproved uses local search combined with adaptive perturbation, focusing on exploiting promising regions and escaping local optima. EnhancedArchiveGuidedDE employs a DE algorithm with an archive, balancing exploration and exploitation but without the explicit local search strategy and adaptive perturbation found in AdaptiveMultimodalOptimizerImproved.

Comparing AdaptiveGaussianSamplingEA (1st) vs AdaptiveMultimodalOptimizerImproved (2nd), we see that AdaptiveGaussianSamplingEA's reliance on population-based search with recombination and selection is efficient for the GNBG problem. AdaptiveMultimodalOptimizerImproved takes a more localized approach, potentially missing broader optima.  The adaptive Gaussian sampling in the first algorithm allows for a better spread of the initial population compared to the single starting point and perturbative search in the second algorithm.

EnhancedArchiveGuidedDE (3rd) vs AdaptiveGaussianMutationDE (4th) highlights the impact of archive-based strategies. EnhancedArchiveGuidedDE's archive guides the search towards promising regions, improving the algorithm's ability to find better solutions, which is a more sophisticated way of handling the search process than AdaptiveGaussianMutationDE.  The archive promotes diversity and prevents premature convergence.

Comparing AdaptiveGaussianMutationDE (second worst) vs AdaptiveGaussianSamplingEA (worst), we see a clear difference in the initialization. AdaptiveGaussianSamplingEA leverages an adaptive Gaussian sampling to generate more informative initial populations.  AdaptiveGaussianMutationDE, using a basic uniform random initialization, suffers from the curse of dimensionality, leading to a poorer initial population and worse performance.  AdaptiveGaussianSamplingEA's adaptive sigma decay allows for more effective exploration and exploitation while AdaptiveGaussianMutationDE uses a static mutation rate, making it less robust.

Overall: AdaptiveGaussianSamplingEA's adaptive Gaussian initialization and mutation strategy, combined with effective selection mechanisms, makes it superior.  AdaptiveMultimodalOptimizerImproved's localized search strategy is also effective, but may miss broader optima. Archive-based approaches like EnhancedArchiveGuidedDE offer a good balance, but the adaptive mechanisms in the top algorithms lead to better performance. AdaptiveGaussianMutationDE's simpler approach suffers from its lack of adaptive features and simple random initialization.


**Experience:**

Developing sophisticated population initialization methods, particularly adaptive ones that consider the search space's characteristics, is crucial for EA performance in high-dimensional problems.  Incorporating adaptive mechanisms into both initialization and mutation/recombination enhances exploration and exploitation, mitigating the curse of dimensionality.

2025-06-20 17:29:59 INFO Generating offspring via Crossover...
