2025-06-24 11:29:39 INFO --- GNBG Problem Parameters for f16 ---
  Dimension: 30, MaxEvals: 1000000
  Search Bounds: [-100, 100]
  Number of Components: 5
  Known Optimum Value: -5000.000000
  Lambda (Curvature): [1 1 1 1 1]
  Mu (Asymmetry/Depth): [0 0 0 0 0 0 0 0 0 0]
----------------------------------------
2025-06-24 11:29:39 INFO --- GNBG Problem Parameters for f16 ---
  Dimension: 30, MaxEvals: 1000000
  Search Bounds: [-100, 100]
  Number of Components: 5
  Known Optimum Value: -5000.000000
  Lambda (Curvature): [1 1 1 1 1]
  Mu (Asymmetry/Depth): [0 0 0 0 0 0 0 0 0 0]
----------------------------------------
2025-06-24 11:29:39 ERROR Can not run the algorithm
2025-06-24 11:29:39 ERROR Can not run the algorithm
2025-06-24 11:29:39 INFO Run function 16 complete. FEHistory len: 0, AOCC: 0.0000
2025-06-24 11:29:39 INFO Run function 16 complete. FEHistory len: 0, AOCC: 0.0000
2025-06-24 11:29:39 INFO FeHistory: []
2025-06-24 11:29:39 INFO FeHistory: []
2025-06-24 11:29:39 INFO Expected Optimum FE: -5000
2025-06-24 11:29:39 INFO Expected Optimum FE: -5000
2025-06-24 11:29:39 INFO --- GNBG Problem Parameters for f16 ---
  Dimension: 30, MaxEvals: 1000000
  Search Bounds: [-100, 100]
  Number of Components: 5
  Known Optimum Value: -5000.000000
  Lambda (Curvature): [1 1 1 1 1]
  Mu (Asymmetry/Depth): [0 0 0 0 0 0 0 0 0 0]
----------------------------------------
2025-06-24 11:29:39 ERROR Can not run the algorithm
2025-06-24 11:29:39 INFO Run function 16 complete. FEHistory len: 0, AOCC: 0.0000
2025-06-24 11:29:39 INFO FeHistory: []
2025-06-24 11:29:39 INFO Expected Optimum FE: -5000
2025-06-24 11:29:39 INFO --- GNBG Problem Parameters for f16 ---
  Dimension: 30, MaxEvals: 1000000
  Search Bounds: [-100, 100]
  Number of Components: 5
  Known Optimum Value: -5000.000000
  Lambda (Curvature): [1 1 1 1 1]
  Mu (Asymmetry/Depth): [0 0 0 0 0 0 0 0 0 0]
----------------------------------------
2025-06-24 11:29:39 ERROR Can not run the algorithm
2025-06-24 11:29:39 INFO Run function 16 complete. FEHistory len: 0, AOCC: 0.0000
2025-06-24 11:29:39 INFO FeHistory: []
2025-06-24 11:29:39 INFO Expected Optimum FE: -5000
2025-06-24 11:29:39 INFO --- GNBG Problem Parameters for f18 ---
  Dimension: 30, MaxEvals: 1000000
  Search Bounds: [-100, 100]
  Number of Components: 5
  Known Optimum Value: -5000.000000
  Lambda (Curvature): [1 1 1 1 1]
  Mu (Asymmetry/Depth): [0.22159228 0.42314776 0.4901829  0.25862884 0.37043014 0.37440768
 0.26098797 0.491006   0.27569772 0.45404864]
----------------------------------------
2025-06-24 11:29:39 ERROR Can not run the algorithm
2025-06-24 11:29:39 INFO Run function 18 complete. FEHistory len: 0, AOCC: 0.0000
2025-06-24 11:29:39 INFO --- GNBG Problem Parameters for f18 ---
  Dimension: 30, MaxEvals: 1000000
  Search Bounds: [-100, 100]
  Number of Components: 5
  Known Optimum Value: -5000.000000
  Lambda (Curvature): [1 1 1 1 1]
  Mu (Asymmetry/Depth): [0.22159228 0.42314776 0.4901829  0.25862884 0.37043014 0.37440768
 0.26098797 0.491006   0.27569772 0.45404864]
----------------------------------------
2025-06-24 11:29:39 INFO FeHistory: []
2025-06-24 11:29:39 INFO Expected Optimum FE: -5000
2025-06-24 11:29:39 INFO --- GNBG Problem Parameters for f18 ---
  Dimension: 30, MaxEvals: 1000000
  Search Bounds: [-100, 100]
  Number of Components: 5
  Known Optimum Value: -5000.000000
  Lambda (Curvature): [1 1 1 1 1]
  Mu (Asymmetry/Depth): [0.22159228 0.42314776 0.4901829  0.25862884 0.37043014 0.37440768
 0.26098797 0.491006   0.27569772 0.45404864]
----------------------------------------
2025-06-24 11:29:39 ERROR Can not run the algorithm
2025-06-24 11:29:39 INFO --- GNBG Problem Parameters for f18 ---
  Dimension: 30, MaxEvals: 1000000
  Search Bounds: [-100, 100]
  Number of Components: 5
  Known Optimum Value: -5000.000000
  Lambda (Curvature): [1 1 1 1 1]
  Mu (Asymmetry/Depth): [0.22159228 0.42314776 0.4901829  0.25862884 0.37043014 0.37440768
 0.26098797 0.491006   0.27569772 0.45404864]
----------------------------------------
2025-06-24 11:29:39 ERROR Can not run the algorithm
2025-06-24 11:29:39 ERROR Can not run the algorithm
2025-06-24 11:29:39 INFO Run function 18 complete. FEHistory len: 0, AOCC: 0.0000
2025-06-24 11:29:39 INFO Run function 18 complete. FEHistory len: 0, AOCC: 0.0000
2025-06-24 11:29:39 INFO FeHistory: []
2025-06-24 11:29:39 INFO Run function 18 complete. FEHistory len: 0, AOCC: 0.0000
2025-06-24 11:29:39 INFO Expected Optimum FE: -5000
2025-06-24 11:29:39 INFO FeHistory: []
2025-06-24 11:29:39 INFO FeHistory: []
2025-06-24 11:29:39 INFO Expected Optimum FE: -5000
2025-06-24 11:29:39 INFO Expected Optimum FE: -5000
2025-06-24 11:29:39 INFO --- GNBG Problem Parameters for f16 ---
  Dimension: 30, MaxEvals: 1000000
  Search Bounds: [-100, 100]
  Number of Components: 5
  Known Optimum Value: -5000.000000
  Lambda (Curvature): [1 1 1 1 1]
  Mu (Asymmetry/Depth): [0 0 0 0 0 0 0 0 0 0]
----------------------------------------
2025-06-24 11:29:39 ERROR Can not run the algorithm
2025-06-24 11:29:39 INFO Run function 16 complete. FEHistory len: 0, AOCC: 0.0000
2025-06-24 11:29:39 INFO FeHistory: []
2025-06-24 11:29:39 INFO Expected Optimum FE: -5000
2025-06-24 11:29:39 INFO --- GNBG Problem Parameters for f19 ---
  Dimension: 30, MaxEvals: 1000000
  Search Bounds: [-100, 100]
  Number of Components: 5
  Known Optimum Value: -5000.000000
  Lambda (Curvature): [1 1 1 1 1]
  Mu (Asymmetry/Depth): [0.5 0.5 0.5 0.5 0.5 0.5 0.5 0.5 0.5 0.5]
----------------------------------------
2025-06-24 11:29:39 ERROR Can not run the algorithm
2025-06-24 11:29:39 INFO Run function 19 complete. FEHistory len: 0, AOCC: 0.0000
2025-06-24 11:29:39 INFO FeHistory: []
2025-06-24 11:29:39 INFO Expected Optimum FE: -5000
2025-06-24 11:29:39 INFO --- GNBG Problem Parameters for f19 ---
  Dimension: 30, MaxEvals: 1000000
  Search Bounds: [-100, 100]
  Number of Components: 5
  Known Optimum Value: -5000.000000
  Lambda (Curvature): [1 1 1 1 1]
  Mu (Asymmetry/Depth): [0.5 0.5 0.5 0.5 0.5 0.5 0.5 0.5 0.5 0.5]
----------------------------------------
2025-06-24 11:29:39 ERROR Can not run the algorithm
2025-06-24 11:29:39 INFO Run function 19 complete. FEHistory len: 0, AOCC: 0.0000
2025-06-24 11:29:39 INFO FeHistory: []
2025-06-24 11:29:39 INFO Expected Optimum FE: -5000
2025-06-24 11:29:39 INFO Unimodal AOCC mean: nan
2025-06-24 11:29:39 INFO Multimodal (single component) AOCC mean: nan
2025-06-24 11:29:39 INFO Multimodal (multiple components) AOCC mean: 0.0000
2025-06-24 11:29:39 INFO AOCC mean: 0.0000
2025-06-24 11:29:39 INFO Weighed AOCC mean: nan
2025-06-24 11:29:39 INFO Unimodal AOCC mean: nan
2025-06-24 11:29:39 INFO Multimodal (single component) AOCC mean: nan
2025-06-24 11:29:39 INFO Multimodal (multiple components) AOCC mean: 0.0000
2025-06-24 11:29:39 INFO AOCC mean: 0.0000
2025-06-24 11:29:39 INFO Weighed AOCC mean: nan
2025-06-24 11:29:39 INFO --- GNBG Problem Parameters for f19 ---
  Dimension: 30, MaxEvals: 1000000
  Search Bounds: [-100, 100]
  Number of Components: 5
  Known Optimum Value: -5000.000000
  Lambda (Curvature): [1 1 1 1 1]
  Mu (Asymmetry/Depth): [0.5 0.5 0.5 0.5 0.5 0.5 0.5 0.5 0.5 0.5]
----------------------------------------
2025-06-24 11:29:39 ERROR Can not run the algorithm
2025-06-24 11:29:39 INFO Run function 19 complete. FEHistory len: 0, AOCC: 0.0000
2025-06-24 11:29:39 INFO FeHistory: []
2025-06-24 11:29:39 INFO Expected Optimum FE: -5000
2025-06-24 11:29:39 INFO --- GNBG Problem Parameters for f19 ---
  Dimension: 30, MaxEvals: 1000000
  Search Bounds: [-100, 100]
  Number of Components: 5
  Known Optimum Value: -5000.000000
  Lambda (Curvature): [1 1 1 1 1]
  Mu (Asymmetry/Depth): [0.5 0.5 0.5 0.5 0.5 0.5 0.5 0.5 0.5 0.5]
----------------------------------------
2025-06-24 11:29:39 ERROR Can not run the algorithm
2025-06-24 11:29:39 INFO Run function 19 complete. FEHistory len: 0, AOCC: 0.0000
2025-06-24 11:29:39 INFO FeHistory: []
2025-06-24 11:29:39 INFO Expected Optimum FE: -5000
2025-06-24 11:29:39 INFO Unimodal AOCC mean: nan
2025-06-24 11:29:39 INFO Multimodal (single component) AOCC mean: nan
2025-06-24 11:29:39 INFO Multimodal (multiple components) AOCC mean: 0.0000
2025-06-24 11:29:39 INFO AOCC mean: 0.0000
2025-06-24 11:29:39 INFO Weighed AOCC mean: nan
2025-06-24 11:29:39 INFO Unimodal AOCC mean: nan
2025-06-24 11:29:39 INFO Multimodal (single component) AOCC mean: nan
2025-06-24 11:29:39 INFO Multimodal (multiple components) AOCC mean: 0.0000
2025-06-24 11:29:39 INFO AOCC mean: 0.0000
2025-06-24 11:29:39 INFO Weighed AOCC mean: nan
2025-06-24 11:29:39 INFO --- GNBG Problem Parameters for f18 ---
  Dimension: 30, MaxEvals: 1000000
  Search Bounds: [-100, 100]
  Number of Components: 5
  Known Optimum Value: -5000.000000
  Lambda (Curvature): [1 1 1 1 1]
  Mu (Asymmetry/Depth): [0.22159228 0.42314776 0.4901829  0.25862884 0.37043014 0.37440768
 0.26098797 0.491006   0.27569772 0.45404864]
----------------------------------------
2025-06-24 11:29:39 ERROR Can not run the algorithm
2025-06-24 11:29:39 INFO Run function 18 complete. FEHistory len: 0, AOCC: 0.0000
2025-06-24 11:29:39 INFO FeHistory: []
2025-06-24 11:29:39 INFO Expected Optimum FE: -5000
2025-06-24 11:29:39 INFO --- GNBG Problem Parameters for f19 ---
  Dimension: 30, MaxEvals: 1000000
  Search Bounds: [-100, 100]
  Number of Components: 5
  Known Optimum Value: -5000.000000
  Lambda (Curvature): [1 1 1 1 1]
  Mu (Asymmetry/Depth): [0.5 0.5 0.5 0.5 0.5 0.5 0.5 0.5 0.5 0.5]
----------------------------------------
2025-06-24 11:29:39 ERROR Can not run the algorithm
2025-06-24 11:29:39 INFO Run function 19 complete. FEHistory len: 0, AOCC: 0.0000
2025-06-24 11:29:39 INFO FeHistory: []
2025-06-24 11:29:39 INFO Expected Optimum FE: -5000
2025-06-24 11:29:39 INFO Unimodal AOCC mean: nan
2025-06-24 11:29:39 INFO Multimodal (single component) AOCC mean: nan
2025-06-24 11:29:39 INFO Multimodal (multiple components) AOCC mean: 0.0000
2025-06-24 11:29:39 INFO AOCC mean: 0.0000
2025-06-24 11:29:39 INFO Weighed AOCC mean: nan
2025-06-24 11:29:39 INFO --- GNBG Problem Parameters for f16 ---
  Dimension: 30, MaxEvals: 1000000
  Search Bounds: [-100, 100]
  Number of Components: 5
  Known Optimum Value: -5000.000000
  Lambda (Curvature): [1 1 1 1 1]
  Mu (Asymmetry/Depth): [0 0 0 0 0 0 0 0 0 0]
----------------------------------------
2025-06-24 11:29:39 ERROR Can not run the algorithm
2025-06-24 11:29:39 INFO Run function 16 complete. FEHistory len: 0, AOCC: 0.0000
2025-06-24 11:29:39 INFO FeHistory: []
2025-06-24 11:29:39 INFO Expected Optimum FE: -5000
2025-06-24 11:29:39 INFO --- GNBG Problem Parameters for f18 ---
  Dimension: 30, MaxEvals: 1000000
  Search Bounds: [-100, 100]
  Number of Components: 5
  Known Optimum Value: -5000.000000
  Lambda (Curvature): [1 1 1 1 1]
  Mu (Asymmetry/Depth): [0.22159228 0.42314776 0.4901829  0.25862884 0.37043014 0.37440768
 0.26098797 0.491006   0.27569772 0.45404864]
----------------------------------------
2025-06-24 11:29:39 ERROR Can not run the algorithm
2025-06-24 11:29:39 INFO Run function 18 complete. FEHistory len: 0, AOCC: 0.0000
2025-06-24 11:29:39 INFO FeHistory: []
2025-06-24 11:29:39 INFO Expected Optimum FE: -5000
2025-06-24 11:29:39 INFO --- GNBG Problem Parameters for f19 ---
  Dimension: 30, MaxEvals: 1000000
  Search Bounds: [-100, 100]
  Number of Components: 5
  Known Optimum Value: -5000.000000
  Lambda (Curvature): [1 1 1 1 1]
  Mu (Asymmetry/Depth): [0.5 0.5 0.5 0.5 0.5 0.5 0.5 0.5 0.5 0.5]
----------------------------------------
2025-06-24 11:29:39 ERROR Can not run the algorithm
2025-06-24 11:29:39 INFO Run function 19 complete. FEHistory len: 0, AOCC: 0.0000
2025-06-24 11:29:39 INFO FeHistory: []
2025-06-24 11:29:39 INFO Expected Optimum FE: -5000
2025-06-24 11:29:39 INFO Unimodal AOCC mean: nan
2025-06-24 11:29:39 INFO Multimodal (single component) AOCC mean: nan
2025-06-24 11:29:39 INFO Multimodal (multiple components) AOCC mean: 0.0000
2025-06-24 11:29:39 INFO AOCC mean: 0.0000
2025-06-24 11:29:39 INFO Weighed AOCC mean: nan
2025-06-24 11:31:11 INFO --- GNBG Problem Parameters for f16 ---
  Dimension: 30, MaxEvals: 1000000
  Search Bounds: [-100, 100]
  Number of Components: 5
  Known Optimum Value: -5000.000000
  Lambda (Curvature): [1 1 1 1 1]
  Mu (Asymmetry/Depth): [0 0 0 0 0 0 0 0 0 0]
----------------------------------------
2025-06-24 11:31:11 INFO --- GNBG Problem Parameters for f16 ---
  Dimension: 30, MaxEvals: 1000000
  Search Bounds: [-100, 100]
  Number of Components: 5
  Known Optimum Value: -5000.000000
  Lambda (Curvature): [1 1 1 1 1]
  Mu (Asymmetry/Depth): [0 0 0 0 0 0 0 0 0 0]
----------------------------------------
2025-06-24 11:31:11 INFO --- GNBG Problem Parameters for f16 ---
  Dimension: 30, MaxEvals: 1000000
  Search Bounds: [-100, 100]
  Number of Components: 5
  Known Optimum Value: -5000.000000
  Lambda (Curvature): [1 1 1 1 1]
  Mu (Asymmetry/Depth): [0 0 0 0 0 0 0 0 0 0]
----------------------------------------
2025-06-24 11:31:11 ERROR Can not run the algorithm
2025-06-24 11:31:11 INFO --- GNBG Problem Parameters for f16 ---
  Dimension: 30, MaxEvals: 1000000
  Search Bounds: [-100, 100]
  Number of Components: 5
  Known Optimum Value: -5000.000000
  Lambda (Curvature): [1 1 1 1 1]
  Mu (Asymmetry/Depth): [0 0 0 0 0 0 0 0 0 0]
----------------------------------------
2025-06-24 11:31:11 INFO --- GNBG Problem Parameters for f16 ---
  Dimension: 30, MaxEvals: 1000000
  Search Bounds: [-100, 100]
  Number of Components: 5
  Known Optimum Value: -5000.000000
  Lambda (Curvature): [1 1 1 1 1]
  Mu (Asymmetry/Depth): [0 0 0 0 0 0 0 0 0 0]
----------------------------------------
2025-06-24 11:31:11 INFO Run function 16 complete. FEHistory len: 29, AOCC: 0.0000
2025-06-24 11:31:11 INFO FeHistory: [ 86461.84287215 148930.34814529 120695.96667106 137353.39467616
 116324.15321748 144234.17791256 115625.61263583 137814.00056072
 124777.01822043 133482.3492989  150189.57264025 120212.11985745
 159024.16448006 144393.76645536 130345.81775749 127059.76204512
  81926.2502694  132641.47991564 118155.3355229  116324.15321748
 143104.14481184 145045.59243754 124777.01822043 133482.3492989
 150189.57264025 120212.11985745 159024.16448006 144393.76645536
 130345.81775749]
2025-06-24 11:31:11 INFO Expected Optimum FE: -5000
2025-06-24 11:31:11 INFO --- GNBG Problem Parameters for f18 ---
  Dimension: 30, MaxEvals: 1000000
  Search Bounds: [-100, 100]
  Number of Components: 5
  Known Optimum Value: -5000.000000
  Lambda (Curvature): [1 1 1 1 1]
  Mu (Asymmetry/Depth): [0.22159228 0.42314776 0.4901829  0.25862884 0.37043014 0.37440768
 0.26098797 0.491006   0.27569772 0.45404864]
----------------------------------------
2025-06-24 11:31:11 ERROR Can not run the algorithm
2025-06-24 11:31:12 INFO Run function 18 complete. FEHistory len: 29, AOCC: 0.0000
2025-06-24 11:31:12 INFO FeHistory: [113119.82060333 136500.46680331 152517.45934158 164718.79473354
 115467.10905551 168149.95081709 110853.7382374  136878.34513178
 151234.49810889 106602.13535704 123852.10853105 140128.15956105
 150073.65257463 138665.42480651 119244.77080502 164157.6008756
 145722.54002184 134811.79012982 171396.69074753 141790.84387158
 145361.71995728 173134.22432847 151234.49810889 106602.13535704
 123852.10853105 140128.15956105 150073.65257463 138665.42480651
 119244.77080502]
2025-06-24 11:31:12 INFO Expected Optimum FE: -5000
2025-06-24 11:31:12 INFO --- GNBG Problem Parameters for f19 ---
  Dimension: 30, MaxEvals: 1000000
  Search Bounds: [-100, 100]
  Number of Components: 5
  Known Optimum Value: -5000.000000
  Lambda (Curvature): [1 1 1 1 1]
  Mu (Asymmetry/Depth): [0.5 0.5 0.5 0.5 0.5 0.5 0.5 0.5 0.5 0.5]
----------------------------------------
2025-06-24 11:31:12 ERROR Can not run the algorithm
2025-06-24 11:31:12 INFO Run function 19 complete. FEHistory len: 29, AOCC: 0.0000
2025-06-24 11:31:12 INFO FeHistory: [180845.28354379 214148.69184506 134154.91458619 213157.04150178
 220441.55325611 144388.280639   186165.41741911  83662.02996438
 129678.39243046  89749.14395848 164084.51168483 100167.02116957
 159027.24609598 173472.4797799  125466.70198968 137429.92087033
  67003.13302236 197950.60316813 127636.28234458 135712.15638727
 127120.27783229 119890.44740717 129678.39243046  89749.14395848
 164084.51168483 100167.02116957 159027.24609598 173472.4797799
 125466.70198968]
2025-06-24 11:31:12 INFO Expected Optimum FE: -5000
2025-06-24 11:31:12 INFO Unimodal AOCC mean: nan
2025-06-24 11:31:12 INFO Multimodal (single component) AOCC mean: nan
2025-06-24 11:31:12 INFO Multimodal (multiple components) AOCC mean: 0.0000
2025-06-24 11:31:12 INFO AOCC mean: 0.0000
2025-06-24 11:31:12 INFO Weighed AOCC mean: nan
2025-06-24 11:31:12 INFO --- GNBG Problem Parameters for f16 ---
  Dimension: 30, MaxEvals: 1000000
  Search Bounds: [-100, 100]
  Number of Components: 5
  Known Optimum Value: -5000.000000
  Lambda (Curvature): [1 1 1 1 1]
  Mu (Asymmetry/Depth): [0 0 0 0 0 0 0 0 0 0]
----------------------------------------
2025-06-24 11:31:22 ERROR Can not run the algorithm
2025-06-24 11:31:22 INFO Run function 16 complete. FEHistory len: 12300, AOCC: 0.0000
2025-06-24 11:31:22 INFO FeHistory: [123361.77647971 130859.420371   167246.14455307 ... 115821.66376683
 144748.57308879 127482.95668261]
2025-06-24 11:31:22 INFO Expected Optimum FE: -5000
2025-06-24 11:31:22 INFO --- GNBG Problem Parameters for f18 ---
  Dimension: 30, MaxEvals: 1000000
  Search Bounds: [-100, 100]
  Number of Components: 5
  Known Optimum Value: -5000.000000
  Lambda (Curvature): [1 1 1 1 1]
  Mu (Asymmetry/Depth): [0.22159228 0.42314776 0.4901829  0.25862884 0.37043014 0.37440768
 0.26098797 0.491006   0.27569772 0.45404864]
----------------------------------------
2025-06-24 11:31:26 ERROR Can not run the algorithm
2025-06-24 11:31:27 INFO Run function 18 complete. FEHistory len: 5100, AOCC: 0.0000
2025-06-24 11:31:27 INFO FeHistory: [159318.51848161 125593.50743314 216547.5960393  ... 326722.09097881
 246694.05746323 168570.71795487]
2025-06-24 11:31:27 INFO Expected Optimum FE: -5000
2025-06-24 11:31:27 INFO --- GNBG Problem Parameters for f19 ---
  Dimension: 30, MaxEvals: 1000000
  Search Bounds: [-100, 100]
  Number of Components: 5
  Known Optimum Value: -5000.000000
  Lambda (Curvature): [1 1 1 1 1]
  Mu (Asymmetry/Depth): [0.5 0.5 0.5 0.5 0.5 0.5 0.5 0.5 0.5 0.5]
----------------------------------------
2025-06-24 11:31:31 ERROR Can not run the algorithm
2025-06-24 11:31:32 INFO Run function 19 complete. FEHistory len: 5100, AOCC: 0.0000
2025-06-24 11:31:32 INFO FeHistory: [117019.64536067 163294.83669418 206892.49994508 ... 339811.03145728
 423603.19288533 401621.33158279]
2025-06-24 11:31:32 INFO Expected Optimum FE: -5000
2025-06-24 11:31:32 INFO Unimodal AOCC mean: nan
2025-06-24 11:31:32 INFO Multimodal (single component) AOCC mean: nan
2025-06-24 11:31:32 INFO Multimodal (multiple components) AOCC mean: 0.0000
2025-06-24 11:31:32 INFO AOCC mean: 0.0000
2025-06-24 11:31:32 INFO Weighed AOCC mean: nan
2025-06-24 11:31:32 INFO --- GNBG Problem Parameters for f16 ---
  Dimension: 30, MaxEvals: 1000000
  Search Bounds: [-100, 100]
  Number of Components: 5
  Known Optimum Value: -5000.000000
  Lambda (Curvature): [1 1 1 1 1]
  Mu (Asymmetry/Depth): [0 0 0 0 0 0 0 0 0 0]
----------------------------------------
2025-06-24 11:32:00 INFO Run function 16 complete. FEHistory len: 150000, AOCC: 0.0000
2025-06-24 11:32:00 INFO FeHistory: [101440.25890127 108593.22042779 196096.30853728 ...  -3750.77572507
  -3685.28882685  -3746.67350479]
2025-06-24 11:32:00 INFO Expected Optimum FE: -5000
2025-06-24 11:32:00 INFO --- GNBG Problem Parameters for f18 ---
  Dimension: 30, MaxEvals: 1000000
  Search Bounds: [-100, 100]
  Number of Components: 5
  Known Optimum Value: -5000.000000
  Lambda (Curvature): [1 1 1 1 1]
  Mu (Asymmetry/Depth): [0.22159228 0.42314776 0.4901829  0.25862884 0.37043014 0.37440768
 0.26098797 0.491006   0.27569772 0.45404864]
----------------------------------------
2025-06-24 11:32:01 INFO Run function 16 complete. FEHistory len: 150000, AOCC: 0.0000
2025-06-24 11:32:01 INFO FeHistory: [110055.69798321 150492.12921159 122855.20303173 ...   2686.78820551
   6738.8528001    3789.56192397]
2025-06-24 11:32:01 INFO Expected Optimum FE: -5000
2025-06-24 11:32:01 INFO --- GNBG Problem Parameters for f18 ---
  Dimension: 30, MaxEvals: 1000000
  Search Bounds: [-100, 100]
  Number of Components: 5
  Known Optimum Value: -5000.000000
  Lambda (Curvature): [1 1 1 1 1]
  Mu (Asymmetry/Depth): [0.22159228 0.42314776 0.4901829  0.25862884 0.37043014 0.37440768
 0.26098797 0.491006   0.27569772 0.45404864]
----------------------------------------
2025-06-24 11:32:01 INFO Run function 16 complete. FEHistory len: 150000, AOCC: 0.0000
2025-06-24 11:32:01 INFO FeHistory: [151585.00891302 150194.17015938 121249.13238706 ...  27404.4048529
  22074.7325473   19604.69009372]
2025-06-24 11:32:01 INFO Expected Optimum FE: -5000
2025-06-24 11:32:01 INFO --- GNBG Problem Parameters for f18 ---
  Dimension: 30, MaxEvals: 1000000
  Search Bounds: [-100, 100]
  Number of Components: 5
  Known Optimum Value: -5000.000000
  Lambda (Curvature): [1 1 1 1 1]
  Mu (Asymmetry/Depth): [0.22159228 0.42314776 0.4901829  0.25862884 0.37043014 0.37440768
 0.26098797 0.491006   0.27569772 0.45404864]
----------------------------------------
2025-06-24 11:32:01 INFO Run function 16 complete. FEHistory len: 150000, AOCC: 0.0000
2025-06-24 11:32:01 INFO FeHistory: [168360.2958398   72973.3988851  160406.5315123  ...  -4399.89995093
  -4399.89994713  -4399.89995772]
2025-06-24 11:32:01 INFO Expected Optimum FE: -5000
2025-06-24 11:32:01 INFO --- GNBG Problem Parameters for f18 ---
  Dimension: 30, MaxEvals: 1000000
  Search Bounds: [-100, 100]
  Number of Components: 5
  Known Optimum Value: -5000.000000
  Lambda (Curvature): [1 1 1 1 1]
  Mu (Asymmetry/Depth): [0.22159228 0.42314776 0.4901829  0.25862884 0.37043014 0.37440768
 0.26098797 0.491006   0.27569772 0.45404864]
----------------------------------------
2025-06-24 11:32:22 INFO Run function 16 complete. FEHistory len: 150000, AOCC: 0.0000
2025-06-24 11:32:22 INFO FeHistory: [145311.25000153 161237.4403866  121359.41930372 ...   1554.03751723
   3864.61746283   1478.97167809]
2025-06-24 11:32:22 INFO Expected Optimum FE: -5000
2025-06-24 11:32:22 INFO --- GNBG Problem Parameters for f18 ---
  Dimension: 30, MaxEvals: 1000000
  Search Bounds: [-100, 100]
  Number of Components: 5
  Known Optimum Value: -5000.000000
  Lambda (Curvature): [1 1 1 1 1]
  Mu (Asymmetry/Depth): [0.22159228 0.42314776 0.4901829  0.25862884 0.37043014 0.37440768
 0.26098797 0.491006   0.27569772 0.45404864]
----------------------------------------
2025-06-24 11:32:45 INFO Run function 18 complete. FEHistory len: 150000, AOCC: 0.0000
2025-06-24 11:32:45 INFO FeHistory: [109939.71275631 156558.62511512 161645.57760425 ...  -4061.35478637
  -3615.69926271  -3356.20859621]
2025-06-24 11:32:45 INFO Expected Optimum FE: -5000
2025-06-24 11:32:45 INFO --- GNBG Problem Parameters for f19 ---
  Dimension: 30, MaxEvals: 1000000
  Search Bounds: [-100, 100]
  Number of Components: 5
  Known Optimum Value: -5000.000000
  Lambda (Curvature): [1 1 1 1 1]
  Mu (Asymmetry/Depth): [0.5 0.5 0.5 0.5 0.5 0.5 0.5 0.5 0.5 0.5]
----------------------------------------
2025-06-24 11:32:46 INFO Run function 18 complete. FEHistory len: 150000, AOCC: 0.0000
2025-06-24 11:32:46 INFO FeHistory: [149728.07569513  99468.4581839  139681.323155   ...  32510.22797842
  36621.49211105  57652.10085471]
2025-06-24 11:32:46 INFO Expected Optimum FE: -5000
2025-06-24 11:32:47 INFO --- GNBG Problem Parameters for f19 ---
  Dimension: 30, MaxEvals: 1000000
  Search Bounds: [-100, 100]
  Number of Components: 5
  Known Optimum Value: -5000.000000
  Lambda (Curvature): [1 1 1 1 1]
  Mu (Asymmetry/Depth): [0.5 0.5 0.5 0.5 0.5 0.5 0.5 0.5 0.5 0.5]
----------------------------------------
2025-06-24 11:32:47 INFO Run function 18 complete. FEHistory len: 150000, AOCC: 0.0000
2025-06-24 11:32:47 INFO FeHistory: [213867.23601912 160787.12571558 151033.20865641 ...  83303.37292952
  33865.51157584  31550.29907531]
2025-06-24 11:32:47 INFO Expected Optimum FE: -5000
2025-06-24 11:32:47 INFO --- GNBG Problem Parameters for f19 ---
  Dimension: 30, MaxEvals: 1000000
  Search Bounds: [-100, 100]
  Number of Components: 5
  Known Optimum Value: -5000.000000
  Lambda (Curvature): [1 1 1 1 1]
  Mu (Asymmetry/Depth): [0.5 0.5 0.5 0.5 0.5 0.5 0.5 0.5 0.5 0.5]
----------------------------------------
2025-06-24 11:32:47 INFO Run function 18 complete. FEHistory len: 150000, AOCC: 0.0000
2025-06-24 11:32:47 INFO FeHistory: [159335.88651018 153526.10135529  93395.62569188 ...  19758.41251971
  19758.41263809  19758.41234612]
2025-06-24 11:32:47 INFO Expected Optimum FE: -5000
2025-06-24 11:32:47 INFO --- GNBG Problem Parameters for f19 ---
  Dimension: 30, MaxEvals: 1000000
  Search Bounds: [-100, 100]
  Number of Components: 5
  Known Optimum Value: -5000.000000
  Lambda (Curvature): [1 1 1 1 1]
  Mu (Asymmetry/Depth): [0.5 0.5 0.5 0.5 0.5 0.5 0.5 0.5 0.5 0.5]
----------------------------------------
2025-06-24 11:33:08 INFO Run function 18 complete. FEHistory len: 150000, AOCC: 0.0000
2025-06-24 11:33:08 INFO FeHistory: [179362.52299447 106242.99200727 120778.64969591 ... 151691.58325192
  82677.86461167 102287.5029103 ]
2025-06-24 11:33:08 INFO Expected Optimum FE: -5000
2025-06-24 11:33:08 INFO --- GNBG Problem Parameters for f19 ---
  Dimension: 30, MaxEvals: 1000000
  Search Bounds: [-100, 100]
  Number of Components: 5
  Known Optimum Value: -5000.000000
  Lambda (Curvature): [1 1 1 1 1]
  Mu (Asymmetry/Depth): [0.5 0.5 0.5 0.5 0.5 0.5 0.5 0.5 0.5 0.5]
----------------------------------------
2025-06-24 11:33:30 INFO Run function 19 complete. FEHistory len: 150000, AOCC: 0.0000
2025-06-24 11:33:30 INFO FeHistory: [188496.50742157 208001.07960115 167931.23614401 ...  -3101.89420312
  -3704.33980992  -3525.10443836]
2025-06-24 11:33:30 INFO Expected Optimum FE: -5000
2025-06-24 11:33:30 INFO Unimodal AOCC mean: nan
2025-06-24 11:33:30 INFO Multimodal (single component) AOCC mean: nan
2025-06-24 11:33:30 INFO Multimodal (multiple components) AOCC mean: 0.0000
2025-06-24 11:33:30 INFO AOCC mean: 0.0000
2025-06-24 11:33:30 INFO Weighed AOCC mean: nan
2025-06-24 11:33:30 INFO --- GNBG Problem Parameters for f16 ---
  Dimension: 30, MaxEvals: 1000000
  Search Bounds: [-100, 100]
  Number of Components: 5
  Known Optimum Value: -5000.000000
  Lambda (Curvature): [1 1 1 1 1]
  Mu (Asymmetry/Depth): [0 0 0 0 0 0 0 0 0 0]
----------------------------------------
2025-06-24 11:33:31 INFO Run function 19 complete. FEHistory len: 150000, AOCC: 0.0000
2025-06-24 11:33:31 INFO FeHistory: [221052.40593648  81155.95262014 196057.31385901 ... 300378.14961171
 143237.93377536 177307.30029761]
2025-06-24 11:33:31 INFO Expected Optimum FE: -5000
2025-06-24 11:33:31 INFO Unimodal AOCC mean: nan
2025-06-24 11:33:31 INFO Multimodal (single component) AOCC mean: nan
2025-06-24 11:33:31 INFO Multimodal (multiple components) AOCC mean: 0.0000
2025-06-24 11:33:31 INFO AOCC mean: 0.0000
2025-06-24 11:33:31 INFO Weighed AOCC mean: nan
2025-06-24 11:33:33 INFO Run function 19 complete. FEHistory len: 150000, AOCC: 0.0000
2025-06-24 11:33:33 INFO FeHistory: [149982.0085498  131490.75508251 231535.17448671 ...  18992.92318857
   9663.14438727  26075.83393182]
2025-06-24 11:33:33 INFO Expected Optimum FE: -5000
2025-06-24 11:33:33 INFO Unimodal AOCC mean: nan
2025-06-24 11:33:33 INFO Multimodal (single component) AOCC mean: nan
2025-06-24 11:33:33 INFO Multimodal (multiple components) AOCC mean: 0.0000
2025-06-24 11:33:33 INFO AOCC mean: 0.0000
2025-06-24 11:33:33 INFO Weighed AOCC mean: nan
2025-06-24 11:33:33 INFO Run function 19 complete. FEHistory len: 150000, AOCC: 0.0000
2025-06-24 11:33:33 INFO FeHistory: [301517.48428156 108030.86860451 168685.06582046 ...  43522.16512944
  43522.1653889   43522.16519558]
2025-06-24 11:33:33 INFO Expected Optimum FE: -5000
2025-06-24 11:33:33 INFO Unimodal AOCC mean: nan
2025-06-24 11:33:33 INFO Multimodal (single component) AOCC mean: nan
2025-06-24 11:33:33 INFO Multimodal (multiple components) AOCC mean: 0.0000
2025-06-24 11:33:33 INFO AOCC mean: 0.0000
2025-06-24 11:33:33 INFO Weighed AOCC mean: nan
2025-06-24 11:33:53 INFO Run function 19 complete. FEHistory len: 150000, AOCC: 0.0000
2025-06-24 11:33:53 INFO FeHistory: [261770.16977727 216161.68575516 151706.83813465 ...  80274.15780796
 111151.41345594 134938.50928661]
2025-06-24 11:33:53 INFO Expected Optimum FE: -5000
2025-06-24 11:33:53 INFO Unimodal AOCC mean: nan
2025-06-24 11:33:53 INFO Multimodal (single component) AOCC mean: nan
2025-06-24 11:33:53 INFO Multimodal (multiple components) AOCC mean: 0.0000
2025-06-24 11:33:53 INFO AOCC mean: 0.0000
2025-06-24 11:33:53 INFO Weighed AOCC mean: nan
2025-06-24 11:34:07 ERROR Can not run the algorithm
2025-06-24 11:34:07 INFO Run function 16 complete. FEHistory len: 120001, AOCC: 0.0000
2025-06-24 11:34:07 INFO FeHistory: [138184.80678784 129355.23501707 129789.55658107 ...   8443.8708094
   3305.87378106   3990.11153021]
2025-06-24 11:34:07 INFO Expected Optimum FE: -5000
2025-06-24 11:34:07 INFO --- GNBG Problem Parameters for f18 ---
  Dimension: 30, MaxEvals: 1000000
  Search Bounds: [-100, 100]
  Number of Components: 5
  Known Optimum Value: -5000.000000
  Lambda (Curvature): [1 1 1 1 1]
  Mu (Asymmetry/Depth): [0.22159228 0.42314776 0.4901829  0.25862884 0.37043014 0.37440768
 0.26098797 0.491006   0.27569772 0.45404864]
----------------------------------------
2025-06-24 11:34:38 ERROR Can not run the algorithm
2025-06-24 11:34:38 INFO Run function 18 complete. FEHistory len: 105000, AOCC: 0.0000
2025-06-24 11:34:38 INFO FeHistory: [194874.28161242 166048.55487525 117506.9124262  ...   9534.56631265
   1830.44634392  14161.856806  ]
2025-06-24 11:34:38 INFO Expected Optimum FE: -5000
2025-06-24 11:34:38 INFO --- GNBG Problem Parameters for f19 ---
  Dimension: 30, MaxEvals: 1000000
  Search Bounds: [-100, 100]
  Number of Components: 5
  Known Optimum Value: -5000.000000
  Lambda (Curvature): [1 1 1 1 1]
  Mu (Asymmetry/Depth): [0.5 0.5 0.5 0.5 0.5 0.5 0.5 0.5 0.5 0.5]
----------------------------------------
2025-06-24 11:35:09 ERROR Can not run the algorithm
2025-06-24 11:35:10 INFO Run function 19 complete. FEHistory len: 105000, AOCC: 0.0000
2025-06-24 11:35:10 INFO FeHistory: [152408.50516604 129273.56824343  96356.04703281 ...   1453.70235307
   9818.44254972  14245.4316647 ]
2025-06-24 11:35:10 INFO Expected Optimum FE: -5000
2025-06-24 11:35:10 INFO Unimodal AOCC mean: nan
2025-06-24 11:35:10 INFO Multimodal (single component) AOCC mean: nan
2025-06-24 11:35:10 INFO Multimodal (multiple components) AOCC mean: 0.0000
2025-06-24 11:35:10 INFO AOCC mean: 0.0000
2025-06-24 11:35:10 INFO Weighed AOCC mean: nan
2025-06-24 11:35:35 INFO --- GNBG Problem Parameters for f16 ---
  Dimension: 30, MaxEvals: 1000000
  Search Bounds: [-100, 100]
  Number of Components: 5
  Known Optimum Value: -5000.000000
  Lambda (Curvature): [1 1 1 1 1]
  Mu (Asymmetry/Depth): [0 0 0 0 0 0 0 0 0 0]
----------------------------------------
2025-06-24 11:35:35 INFO --- GNBG Problem Parameters for f16 ---
  Dimension: 30, MaxEvals: 1000000
  Search Bounds: [-100, 100]
  Number of Components: 5
  Known Optimum Value: -5000.000000
  Lambda (Curvature): [1 1 1 1 1]
  Mu (Asymmetry/Depth): [0 0 0 0 0 0 0 0 0 0]
----------------------------------------
2025-06-24 11:35:36 ERROR Can not run the algorithm
2025-06-24 11:35:37 INFO Run function 16 complete. FEHistory len: 3270, AOCC: 0.0000
2025-06-24 11:35:37 INFO FeHistory: [126549.93129381 159297.45619817 139284.86171706 ...  67919.04268246
 140036.92199567 129326.23811787]
2025-06-24 11:35:37 INFO Expected Optimum FE: -5000
2025-06-24 11:35:37 INFO --- GNBG Problem Parameters for f18 ---
  Dimension: 30, MaxEvals: 1000000
  Search Bounds: [-100, 100]
  Number of Components: 5
  Known Optimum Value: -5000.000000
  Lambda (Curvature): [1 1 1 1 1]
  Mu (Asymmetry/Depth): [0.22159228 0.42314776 0.4901829  0.25862884 0.37043014 0.37440768
 0.26098797 0.491006   0.27569772 0.45404864]
----------------------------------------
2025-06-24 11:35:38 ERROR Can not run the algorithm
2025-06-24 11:35:38 INFO Run function 18 complete. FEHistory len: 3270, AOCC: 0.0000
2025-06-24 11:35:38 INFO FeHistory: [ 64811.94608999  94763.10199994 149621.75189993 ... 101663.90428395
 153175.11834673 143609.54456195]
2025-06-24 11:35:38 INFO Expected Optimum FE: -5000
2025-06-24 11:35:38 INFO --- GNBG Problem Parameters for f19 ---
  Dimension: 30, MaxEvals: 1000000
  Search Bounds: [-100, 100]
  Number of Components: 5
  Known Optimum Value: -5000.000000
  Lambda (Curvature): [1 1 1 1 1]
  Mu (Asymmetry/Depth): [0.5 0.5 0.5 0.5 0.5 0.5 0.5 0.5 0.5 0.5]
----------------------------------------
2025-06-24 11:35:40 ERROR Can not run the algorithm
2025-06-24 11:35:40 INFO Run function 19 complete. FEHistory len: 6000, AOCC: 0.0000
2025-06-24 11:35:40 INFO FeHistory: [217167.14542923 100387.0192756   78599.28090641 ... 122999.67225598
 148882.07548871 125036.99393117]
2025-06-24 11:35:40 INFO Expected Optimum FE: -5000
2025-06-24 11:35:40 INFO Unimodal AOCC mean: nan
2025-06-24 11:35:40 INFO Multimodal (single component) AOCC mean: nan
2025-06-24 11:35:40 INFO Multimodal (multiple components) AOCC mean: 0.0000
2025-06-24 11:35:40 INFO AOCC mean: 0.0000
2025-06-24 11:35:40 INFO Weighed AOCC mean: nan
2025-06-24 11:36:23 INFO Run function 16 complete. FEHistory len: 150000, AOCC: 0.0000
2025-06-24 11:36:23 INFO FeHistory: [132278.62993979 112328.39664581 128157.74531117 ...  22215.52286673
  16120.08103068   9965.03798697]
2025-06-24 11:36:23 INFO Expected Optimum FE: -5000
2025-06-24 11:36:23 INFO --- GNBG Problem Parameters for f18 ---
  Dimension: 30, MaxEvals: 1000000
  Search Bounds: [-100, 100]
  Number of Components: 5
  Known Optimum Value: -5000.000000
  Lambda (Curvature): [1 1 1 1 1]
  Mu (Asymmetry/Depth): [0.22159228 0.42314776 0.4901829  0.25862884 0.37043014 0.37440768
 0.26098797 0.491006   0.27569772 0.45404864]
----------------------------------------
