2025-06-23 19:10:26 INFO --- GNBG Problem Parameters for f24 ---
  Dimension: 30, MaxEvals: 1000000
  Search Bounds: [-100, 100]
  Number of Components: 5
  Known Optimum Value: -100.000000
  Lambda (Curvature): [0.25 0.25 0.25 0.25 0.25]
  Mu (Asymmetry/Depth): [0.44142637 0.27898903 0.25803028 0.21978833 0.39183826 0.42051979
 0.35740109 0.43165341 0.47744239 0.47234476]
----------------------------------------
2025-06-23 19:10:26 INFO --- GNBG Problem Parameters for f24 ---
  Dimension: 30, MaxEvals: 1000000
  Search Bounds: [-100, 100]
  Number of Components: 5
  Known Optimum Value: -100.000000
  Lambda (Curvature): [0.25 0.25 0.25 0.25 0.25]
  Mu (Asymmetry/Depth): [0.44142637 0.27898903 0.25803028 0.21978833 0.39183826 0.42051979
 0.35740109 0.43165341 0.47744239 0.47234476]
----------------------------------------
2025-06-23 19:10:26 INFO --- GNBG Problem Parameters for f24 ---
  Dimension: 30, MaxEvals: 1000000
  Search Bounds: [-100, 100]
  Number of Components: 5
  Known Optimum Value: -100.000000
  Lambda (Curvature): [0.25 0.25 0.25 0.25 0.25]
  Mu (Asymmetry/Depth): [0.44142637 0.27898903 0.25803028 0.21978833 0.39183826 0.42051979
 0.35740109 0.43165341 0.47744239 0.47234476]
----------------------------------------
2025-06-23 19:10:26 INFO --- GNBG Problem Parameters for f24 ---
  Dimension: 30, MaxEvals: 1000000
  Search Bounds: [-100, 100]
  Number of Components: 5
  Known Optimum Value: -100.000000
  Lambda (Curvature): [0.25 0.25 0.25 0.25 0.25]
  Mu (Asymmetry/Depth): [0.44142637 0.27898903 0.25803028 0.21978833 0.39183826 0.42051979
 0.35740109 0.43165341 0.47744239 0.47234476]
----------------------------------------
2025-06-23 19:10:26 INFO --- GNBG Problem Parameters for f24 ---
  Dimension: 30, MaxEvals: 1000000
  Search Bounds: [-100, 100]
  Number of Components: 5
  Known Optimum Value: -100.000000
  Lambda (Curvature): [0.25 0.25 0.25 0.25 0.25]
  Mu (Asymmetry/Depth): [0.44142637 0.27898903 0.25803028 0.21978833 0.39183826 0.42051979
 0.35740109 0.43165341 0.47744239 0.47234476]
----------------------------------------
2025-06-23 19:11:05 INFO Run function 24 complete. FEHistory len: 150000, AOCC: 0.0261
2025-06-23 19:11:05 INFO FeHistory: [215.23676363 163.25950732 217.38042823 ... -48.70234393 -48.70234393
 -48.70234393]
2025-06-23 19:11:05 INFO Expected Optimum FE: -100
2025-06-23 19:11:05 INFO Unimodal AOCC mean: nan
2025-06-23 19:11:05 INFO Multimodal (single component) AOCC mean: nan
2025-06-23 19:11:05 INFO Multimodal (multiple components) AOCC mean: 0.0261
2025-06-23 19:11:05 INFO AOCC mean: 0.0261
2025-06-23 19:11:05 INFO --- GNBG Problem Parameters for f24 ---
  Dimension: 30, MaxEvals: 1000000
  Search Bounds: [-100, 100]
  Number of Components: 5
  Known Optimum Value: -100.000000
  Lambda (Curvature): [0.25 0.25 0.25 0.25 0.25]
  Mu (Asymmetry/Depth): [0.44142637 0.27898903 0.25803028 0.21978833 0.39183826 0.42051979
 0.35740109 0.43165341 0.47744239 0.47234476]
----------------------------------------
2025-06-23 19:11:07 INFO Run function 24 complete. FEHistory len: 150000, AOCC: 0.0369
2025-06-23 19:11:07 INFO FeHistory: [195.28135669 208.46241937 240.05463154 ... -60.66725384 -60.66725384
 -60.66725384]
2025-06-23 19:11:07 INFO Expected Optimum FE: -100
2025-06-23 19:11:07 INFO Unimodal AOCC mean: nan
2025-06-23 19:11:07 INFO Multimodal (single component) AOCC mean: nan
2025-06-23 19:11:07 INFO Multimodal (multiple components) AOCC mean: 0.0369
2025-06-23 19:11:07 INFO AOCC mean: 0.0369
2025-06-23 19:11:07 INFO --- GNBG Problem Parameters for f24 ---
  Dimension: 30, MaxEvals: 1000000
  Search Bounds: [-100, 100]
  Number of Components: 5
  Known Optimum Value: -100.000000
  Lambda (Curvature): [0.25 0.25 0.25 0.25 0.25]
  Mu (Asymmetry/Depth): [0.44142637 0.27898903 0.25803028 0.21978833 0.39183826 0.42051979
 0.35740109 0.43165341 0.47744239 0.47234476]
----------------------------------------
2025-06-23 19:11:09 INFO Run function 24 complete. FEHistory len: 150000, AOCC: 0.0000
2025-06-23 19:11:09 INFO FeHistory: [218.16813763 220.83270051 170.09024835 ... 111.64743452  99.50305219
  84.29757893]
2025-06-23 19:11:09 INFO Expected Optimum FE: -100
2025-06-23 19:11:09 INFO Unimodal AOCC mean: nan
2025-06-23 19:11:09 INFO Multimodal (single component) AOCC mean: nan
2025-06-23 19:11:09 INFO Multimodal (multiple components) AOCC mean: 0.0000
2025-06-23 19:11:09 INFO AOCC mean: 0.0000
2025-06-23 19:11:09 INFO --- GNBG Problem Parameters for f24 ---
  Dimension: 30, MaxEvals: 1000000
  Search Bounds: [-100, 100]
  Number of Components: 5
  Known Optimum Value: -100.000000
  Lambda (Curvature): [0.25 0.25 0.25 0.25 0.25]
  Mu (Asymmetry/Depth): [0.44142637 0.27898903 0.25803028 0.21978833 0.39183826 0.42051979
 0.35740109 0.43165341 0.47744239 0.47234476]
----------------------------------------
2025-06-23 19:11:10 INFO Run function 24 complete. FEHistory len: 150000, AOCC: 0.0359
2025-06-23 19:11:10 INFO FeHistory: [180.12383074 222.53628013 193.81438659 ... -58.72788992 -63.23860064
 -57.46874996]
2025-06-23 19:11:10 INFO Expected Optimum FE: -100
2025-06-23 19:11:10 INFO Unimodal AOCC mean: nan
2025-06-23 19:11:10 INFO Multimodal (single component) AOCC mean: nan
2025-06-23 19:11:10 INFO Multimodal (multiple components) AOCC mean: 0.0359
2025-06-23 19:11:10 INFO AOCC mean: 0.0359
2025-06-23 19:11:45 ERROR Can not run the algorithm
2025-06-23 19:11:45 INFO Run function 24 complete. FEHistory len: 149301, AOCC: 0.0000
2025-06-23 19:11:45 INFO FeHistory: [181.3889857  179.30970727 181.3889857  ... 132.3508699  137.64613402
 132.3508699 ]
2025-06-23 19:11:45 INFO Expected Optimum FE: -100
2025-06-23 19:11:45 INFO Unimodal AOCC mean: nan
2025-06-23 19:11:45 INFO Multimodal (single component) AOCC mean: nan
2025-06-23 19:11:45 INFO Multimodal (multiple components) AOCC mean: 0.0000
2025-06-23 19:11:45 INFO AOCC mean: 0.0000
2025-06-23 19:11:47 INFO Run function 24 complete. FEHistory len: 150000, AOCC: 0.0919
2025-06-23 19:11:47 INFO FeHistory: [184.51966964 190.72111222 172.46718215 ... -98.03764525 -98.05477006
 -98.0147862 ]
2025-06-23 19:11:47 INFO Expected Optimum FE: -100
2025-06-23 19:11:47 INFO Unimodal AOCC mean: nan
2025-06-23 19:11:47 INFO Multimodal (single component) AOCC mean: nan
2025-06-23 19:11:47 INFO Multimodal (multiple components) AOCC mean: 0.0919
2025-06-23 19:11:47 INFO AOCC mean: 0.0919
2025-06-23 19:12:42 INFO Run function 24 complete. FEHistory len: 150000, AOCC: 0.0517
2025-06-23 19:12:42 INFO FeHistory: [168.93641098 235.03862142 254.84025612 ... -72.01067959 -72.01067959
 -72.01067959]
2025-06-23 19:12:42 INFO Expected Optimum FE: -100
2025-06-23 19:12:42 INFO Unimodal AOCC mean: nan
2025-06-23 19:12:42 INFO Multimodal (single component) AOCC mean: nan
2025-06-23 19:12:42 INFO Multimodal (multiple components) AOCC mean: 0.0517
2025-06-23 19:12:42 INFO AOCC mean: 0.0517
2025-06-23 19:14:28 INFO Run function 24 complete. FEHistory len: 150000, AOCC: 0.0525
2025-06-23 19:14:28 INFO FeHistory: [206.75324039 189.76022426 190.62623357 ... -73.94465875 -73.94465875
 -73.94465875]
2025-06-23 19:14:28 INFO Expected Optimum FE: -100
2025-06-23 19:14:28 INFO Unimodal AOCC mean: nan
2025-06-23 19:14:28 INFO Multimodal (single component) AOCC mean: nan
2025-06-23 19:14:28 INFO Multimodal (multiple components) AOCC mean: 0.0525
2025-06-23 19:14:28 INFO AOCC mean: 0.0525
