2025-06-23 19:32:54 INFO --- GNBG Problem Parameters for f24 ---
  Dimension: 30, MaxEvals: 1000000
  Search Bounds: [-100, 100]
  Number of Components: 5
  Known Optimum Value: -100.000000
  Lambda (Curvature): [0.25 0.25 0.25 0.25 0.25]
  Mu (Asymmetry/Depth): [0.44142637 0.27898903 0.25803028 0.21978833 0.39183826 0.42051979
 0.35740109 0.43165341 0.47744239 0.47234476]
----------------------------------------
2025-06-23 19:32:54 INFO --- GNBG Problem Parameters for f24 ---
  Dimension: 30, MaxEvals: 1000000
  Search Bounds: [-100, 100]
  Number of Components: 5
  Known Optimum Value: -100.000000
  Lambda (Curvature): [0.25 0.25 0.25 0.25 0.25]
  Mu (Asymmetry/Depth): [0.44142637 0.27898903 0.25803028 0.21978833 0.39183826 0.42051979
 0.35740109 0.43165341 0.47744239 0.47234476]
----------------------------------------
2025-06-23 19:32:54 INFO --- GNBG Problem Parameters for f24 ---
  Dimension: 30, MaxEvals: 1000000
  Search Bounds: [-100, 100]
  Number of Components: 5
  Known Optimum Value: -100.000000
  Lambda (Curvature): [0.25 0.25 0.25 0.25 0.25]
  Mu (Asymmetry/Depth): [0.44142637 0.27898903 0.25803028 0.21978833 0.39183826 0.42051979
 0.35740109 0.43165341 0.47744239 0.47234476]
----------------------------------------
2025-06-23 19:32:54 INFO --- GNBG Problem Parameters for f24 ---
  Dimension: 30, MaxEvals: 1000000
  Search Bounds: [-100, 100]
  Number of Components: 5
  Known Optimum Value: -100.000000
  Lambda (Curvature): [0.25 0.25 0.25 0.25 0.25]
  Mu (Asymmetry/Depth): [0.44142637 0.27898903 0.25803028 0.21978833 0.39183826 0.42051979
 0.35740109 0.43165341 0.47744239 0.47234476]
----------------------------------------
2025-06-23 19:32:54 INFO --- GNBG Problem Parameters for f24 ---
  Dimension: 30, MaxEvals: 1000000
  Search Bounds: [-100, 100]
  Number of Components: 5
  Known Optimum Value: -100.000000
  Lambda (Curvature): [0.25 0.25 0.25 0.25 0.25]
  Mu (Asymmetry/Depth): [0.44142637 0.27898903 0.25803028 0.21978833 0.39183826 0.42051979
 0.35740109 0.43165341 0.47744239 0.47234476]
----------------------------------------
2025-06-23 19:32:54 ERROR Can not run the algorithm
2025-06-23 19:32:55 INFO Run function 24 complete. FEHistory len: 600, AOCC: 0.0000
2025-06-23 19:32:55 INFO FeHistory: [163.25401816 150.82957431 182.84607453 194.8605324  179.81707324
 196.77426133 191.97205398 202.89182961 199.18462403 178.90526215
 176.60961898 199.18408918 169.89916243 204.32489706 186.24016688
 186.59365052 204.58457907 141.4825963  213.45488843 199.08141493
 202.97817121 198.97953488 170.46267315 188.77419    215.30331946
 193.87905474 154.94910433 206.73230467 160.08905911 178.94520911
 147.31421344 148.92623987 129.46473585 175.68174686 189.60987098
 199.62221926 200.9201355  183.02531769 183.72964104 225.60083901
 197.68390194 199.99818913 186.479919   195.75315002 187.76586245
 195.31527927 200.44360706 188.09996852 193.07165911 200.4718362
 214.18351357 188.77731405 185.11239258 250.44100114 170.09204031
 207.57653644 189.18628436 137.45682389 186.17841837 190.11374196
 212.94238357 206.60783855 216.07390389 149.48001712 154.27508976
 135.96684965 192.77908661 159.71926688 186.86988343 167.39796809
 156.56459359 185.50393766 192.61051886 204.05472321 198.48837809
 203.69666897 170.27926007 195.81922731 156.61955419 178.19396246
 195.68785483 212.04461388 200.6086047  195.78985684 199.8736648
 204.11163925 178.77542921 184.14671912 195.37445143 168.81871472
 203.41242351 163.56743853 221.27576843 180.57140909 213.84303591
 206.33703406 189.1257149  170.70683301 183.6707142  189.13199122
 172.72754658 198.05889504 217.24522611 201.88858803 218.87683569
 201.15345262 187.33523478 157.08040434 193.73124342 168.89560358
 205.17591008 202.02863478 190.73351275 204.3283121  183.15275795
 219.41692305 167.48329939 177.81070428 180.41550893 210.3725486
 168.53198986 184.54639895 200.58334412 202.37243494 196.13379332
 203.7250547  190.20081168 217.28417751 193.89901287 216.26966587
 180.1645122  191.78516417 131.91942062 186.43481142 162.29693686
 200.78223772 174.96151622 201.36773647 195.4034478  197.94835493
 184.36411069 172.97568758 152.13480845 202.37694866 205.46333643
 183.51073895 181.26898797 174.39983057 191.98675005 202.42212462
 152.90583434 182.43579297 204.82044336 195.51342645 171.56725147
 162.78024488 183.10013379 221.65356274 165.51279695 182.67036716
 228.77913797 142.52929736 187.3125418  167.69596828 166.7648973
 159.83025041 200.96478555 206.30465027 147.06961033 162.88801196
 201.2488852  201.86726481 184.56167019 199.15543281 171.4885078
 179.4835299  188.84353288 179.97880414 201.40972172 213.85955705
 204.50192179 190.99821469 135.05207526 173.86763929 163.57891671
 207.20393503 169.35349912 170.85700938 195.55825401 158.23976923
 174.26308805 206.82768641 210.66478869 219.63865968 185.7844213
 222.11123118 215.55060908 160.65541607 193.83464566 216.46453762
 169.69116924 166.1857244  190.07137465 201.60798125 206.14088639
 184.09049219 188.15396304 162.23145263 204.16303676 168.68611583
 181.91328926 154.64821519 198.30245436 186.81139246 184.09583639
 184.48289436 175.01198769 208.55059062 151.2940107  185.51167265
 204.56701124 123.89905266 190.66615037 188.87395837 157.52738495
 194.99437556 168.73505438 187.04290725 188.13029728 223.0432128
 188.13965303 178.69241793 165.39328742 170.54189163 173.49250701
 189.98415345 191.02741949 188.79411841 189.32179386 191.74925672
 158.23244734 162.03618999 178.21672422 180.45879781 194.587101
 197.75540911 172.78834403 187.30915841 194.19066278 189.67354587
 195.58601537 217.05687417 193.27359654 161.12431959 179.19488291
 178.82478525 182.67794283 202.2748832  173.99521538 163.08627813
 210.92010533 179.91482659 170.75285027 196.33641335 177.49693215
 176.44218888 220.0781771  193.9552832  185.96642015 186.62078444
 205.76750366 192.80825729 154.52518143 162.02927045 194.27131535
 166.36274258 174.10550226 180.41787506 156.98613392 180.19998615
 204.33201612 192.96985303 159.09771026 176.45395606 197.13909069
 170.94483854 166.46201773 196.97653816 195.56998715 185.55856205
 202.92223578 194.6147524  183.63083046 201.18262242 168.25183419
 157.51182124 142.24513569 162.99844544 224.0417304  204.46112398
 161.39901436 177.06064676 149.57889941 171.08431984 165.56033651
 139.72371361 159.77848034 148.22901692 169.83019551 147.05497722
 166.20640165 159.74248647 141.61274846 166.31200349 171.95516657
 136.22015828 179.37589196 162.81085488 179.44213009 167.94191378
 167.01248945 203.82331165 159.58039171 182.44520987 161.2231012
 172.67177283 139.74570849 150.68516588 131.99572581 177.64630438
 147.81409369 129.0900974  144.7879036  175.43246733 144.31224268
 179.20680709 174.5153935  154.04164895 172.62192209 210.12132945
 181.20447435 209.91488829 194.66940892 145.97440567 178.38142843
 193.16377892 169.58620209 156.42455247 199.53810595 170.18107195
 157.07956165 154.16211342 182.68535468 175.69324415 148.94411147
 160.11706886 185.55420502 192.1015407  187.86444121 172.201241
 201.85498182 149.59938878 213.77763371 133.26322544 197.85553025
 186.69083015 206.85349228 166.61864181 195.9649279  150.38458376
 188.07483548 159.16586722 173.08483865 186.86807154 154.45159295
 164.21945429 160.95742571 202.01381098 182.60685669 175.67344363
 194.32934138 195.71299372 169.11894276 147.47783017 194.50877488
 178.86171727 149.57533495 189.85539841 201.92961847 167.87713475
 164.2921401  182.58107568 163.47933234 184.93084761 151.23259229
 201.58894103 168.98555078 176.84053522 168.13499648 195.17500442
 182.53656722 167.59104778 164.47711052 204.594678   222.63071616
 183.8632276  200.31353195 172.84906549 173.59105635 138.13619385
 187.08931606 172.1912945  153.97640534 175.58017644 111.20547801
 182.34621299 194.0272807  186.95949692 198.15216026 160.60933726
 134.10180233 164.54336051 187.5004523  138.36595624 192.47243026
 165.89580643 182.01350358 191.53652664 172.00598807 144.164371
 148.82848635 192.1423414  178.11951781 167.59770876 178.71857552
 197.04411443 173.21150647 180.53010679 191.13481053 203.2079857
 165.96622707 175.88777537 151.54253876 165.88119628 206.96865886
 194.96132224 183.24021509 161.77382764 142.28879128 190.50267998
 186.2133846  214.20454076 173.4787184  190.26620839 189.77297158
 169.09754213 145.72921349 182.70621929 168.81502091 162.60907039
 180.49483419 165.33218818 193.91939504 207.88151985 161.99584642
 173.42840333 194.0288961  167.8584532  178.0118579  159.54359834
 177.13532716 200.64754589 182.88654774 212.23955978 184.54571943
 149.85101337 193.80486946 172.37778066 169.87004802 189.6531756
 184.21979878 170.28291656 152.75712404 164.21701795 167.39418544
 169.60958939 165.30660748 190.95901896 170.13744185 148.72008588
 210.65075092 160.37570975 203.65665199 151.77035565 179.20439121
 205.64743179 177.27514974 167.18703139 156.31478806 217.26152103
 150.18860545 179.42118737 178.94543475 168.01036037 150.87699963
 155.20501463 154.8904281  187.26580738 150.82662998 169.53209995
 190.09398355 152.4574664  195.9011437  186.43428489 154.32070713
 161.38669693 165.760029   192.34214719 206.32346808 169.44992584
 187.00223053 183.49748184 132.44333063 141.45419824 145.89740337
 197.59029207 184.56131699 148.98746541 181.67111076 174.45439543
 197.28377651 192.95643986 158.74043175 168.57264725 164.76059458
 169.02252202 180.82067564 166.62732871 157.89409613 198.67220326
 189.77275483 165.1242576  184.24138666 141.36678026 209.91779684
 203.85337904 188.61836508 161.71172096 160.15082179 183.00429841
 188.18881861 151.56496503 189.27184087 147.30346403 166.32187233
 168.43882817 175.87355036 194.73625621 169.85612317 117.5844826
 183.9894278  157.87307929 153.61249187 186.35739643 167.31208743
 167.63341425 196.78021218 193.16736838 185.54537086 198.99457087
 179.3558262  175.92395119 197.84868346 154.13365118 183.55708438
 177.21624574 141.17412462 154.37797899 186.07776303 202.1923164
 188.90073861 161.19520532 169.89001436 208.62066848 186.2520418
 163.71500894 155.29842464 195.36286377 164.67201436 165.0812571
 156.52057453 173.09927512 182.07346913 157.45369917 126.13597518
 168.32380412 167.91485251 150.50840342 193.54159995 132.14933993]
2025-06-23 19:32:55 INFO Expected Optimum FE: -100
2025-06-23 19:32:55 INFO Unimodal AOCC mean: nan
2025-06-23 19:32:55 INFO Multimodal (single component) AOCC mean: nan
2025-06-23 19:32:55 INFO Multimodal (multiple components) AOCC mean: 0.0000
2025-06-23 19:32:55 INFO AOCC mean: 0.0000
2025-06-23 19:32:55 INFO --- GNBG Problem Parameters for f24 ---
  Dimension: 30, MaxEvals: 1000000
  Search Bounds: [-100, 100]
  Number of Components: 5
  Known Optimum Value: -100.000000
  Lambda (Curvature): [0.25 0.25 0.25 0.25 0.25]
  Mu (Asymmetry/Depth): [0.44142637 0.27898903 0.25803028 0.21978833 0.39183826 0.42051979
 0.35740109 0.43165341 0.47744239 0.47234476]
----------------------------------------
2025-06-23 19:32:55 ERROR Can not run the algorithm
2025-06-23 19:32:55 INFO Run function 24 complete. FEHistory len: 200, AOCC: 0.0000
2025-06-23 19:32:55 INFO FeHistory: [216.27395524 201.91418194 176.04541347 211.08641164 180.61490804
 174.48415708 169.67180918 175.4499338  184.72149314 180.14004705
 161.9429551  228.29775035 181.68444581 192.84844519 197.16172675
 162.75950844 177.47324362 187.82548698 189.50930532 191.37563184
 167.54617358 142.54716726 177.46700183 193.52424611 209.82574578
 201.92260528 212.42386703 181.52726344 167.12268113 207.92413698
 141.95623839 210.55022864 197.68159283 175.46197926 153.50505922
 173.5140999  200.69240013 181.13933178 153.97738272 193.37559786
 175.12024911 160.45908667 199.84131853 190.38398479 141.50038267
 222.10639403 166.1201881  169.48177363 189.88882312 200.17941012
 189.1706353  214.30174266 188.86638836 199.78801852 193.68376444
 171.77264274 212.06153542 187.53046433 198.33447357 222.62048403
 216.10526282 187.7815651  196.76409156 194.39303852 159.51283887
 163.82498129 176.931531   160.72372344 183.79299206 189.18311533
 192.01789669 192.05009173 167.84602126 174.05072725 190.71936813
 165.81491777 198.85762409 186.01906818 200.23217624 203.60443007
 128.38198259 201.02523231 163.22749074 168.58016438 159.48019841
 187.88465164 188.68790502 175.96752027 185.01168383 162.88652264
 164.5505568  164.95675369 156.2639682  189.43463383 190.25497675
 176.69015102 163.13599025 194.36231775 199.50963075 149.54306781
 206.81934262 180.77466322 214.48361468 214.53194056 186.24111777
 198.25389077 226.84273936 217.83169098 182.88405714 186.70690262
 186.03416811 215.92976343 208.24598148 167.25390047 224.5066388
 221.83472033 199.08097115 153.41549333 195.79337115 222.59731778
 205.73537762 223.27059389 186.21425518 215.0331971  210.59824382
 235.86349513 197.94349605 185.77073841 224.81099662 168.73202415
 198.77462905 210.1813306  208.50692493 219.48774991 186.85195129
 219.71180192 180.16613298 203.05400062 215.44744082 227.30299515
 187.55859193 212.71127212 205.27528803 223.01393231 202.92255044
 198.91155768 154.71469652 191.77204389 190.54276216 228.10565963
 205.35212844 219.772078   185.46236307 193.51699045 194.23791926
 210.00029115 219.72605768 171.46424867 159.13508947 215.81007197
 240.74593416 244.93543886 206.38336483 233.72238069 190.5085163
 186.32775105 199.72309848 177.44988851 189.31387669 202.38494612
 204.60989964 194.37716068 185.47218654 218.48385574 143.92375643
 183.45248383 217.79874197 153.95663383 182.60318159 221.58539441
 151.83620672 172.51217113 214.44288322 193.81297718 232.88611201
 197.22285547 208.73303412 181.32045688 231.00874529 192.19245221
 204.98725716 220.88760561 204.44185009 168.70778048 187.68202312
 215.90370636 220.01768013 171.44117521 190.92672839 189.78989198]
2025-06-23 19:32:55 INFO Expected Optimum FE: -100
2025-06-23 19:32:55 INFO Unimodal AOCC mean: nan
2025-06-23 19:32:55 INFO Multimodal (single component) AOCC mean: nan
2025-06-23 19:32:55 INFO Multimodal (multiple components) AOCC mean: 0.0000
2025-06-23 19:32:55 INFO AOCC mean: 0.0000
2025-06-23 19:32:55 INFO --- GNBG Problem Parameters for f24 ---
  Dimension: 30, MaxEvals: 1000000
  Search Bounds: [-100, 100]
  Number of Components: 5
  Known Optimum Value: -100.000000
  Lambda (Curvature): [0.25 0.25 0.25 0.25 0.25]
  Mu (Asymmetry/Depth): [0.44142637 0.27898903 0.25803028 0.21978833 0.39183826 0.42051979
 0.35740109 0.43165341 0.47744239 0.47234476]
----------------------------------------
2025-06-23 19:33:36 INFO Run function 24 complete. FEHistory len: 150000, AOCC: 0.0000
2025-06-23 19:33:36 INFO FeHistory: [191.88184655 174.83823156 157.62974697 ...  74.41345394  95.02249613
  87.07697822]
2025-06-23 19:33:36 INFO Expected Optimum FE: -100
2025-06-23 19:33:36 INFO Unimodal AOCC mean: nan
2025-06-23 19:33:36 INFO Multimodal (single component) AOCC mean: nan
2025-06-23 19:33:36 INFO Multimodal (multiple components) AOCC mean: 0.0000
2025-06-23 19:33:36 INFO AOCC mean: 0.0000
2025-06-23 19:33:36 INFO --- GNBG Problem Parameters for f24 ---
  Dimension: 30, MaxEvals: 1000000
  Search Bounds: [-100, 100]
  Number of Components: 5
  Known Optimum Value: -100.000000
  Lambda (Curvature): [0.25 0.25 0.25 0.25 0.25]
  Mu (Asymmetry/Depth): [0.44142637 0.27898903 0.25803028 0.21978833 0.39183826 0.42051979
 0.35740109 0.43165341 0.47744239 0.47234476]
----------------------------------------
2025-06-23 19:33:36 INFO Run function 24 complete. FEHistory len: 150000, AOCC: 0.0317
2025-06-23 19:33:36 INFO FeHistory: [166.77096771 208.03008839 197.76370906 ... -82.45305897 -82.45305892
 -82.45305894]
2025-06-23 19:33:36 INFO Expected Optimum FE: -100
2025-06-23 19:33:36 INFO Unimodal AOCC mean: nan
2025-06-23 19:33:36 INFO Multimodal (single component) AOCC mean: nan
2025-06-23 19:33:36 INFO Multimodal (multiple components) AOCC mean: 0.0317
2025-06-23 19:33:36 INFO AOCC mean: 0.0317
2025-06-23 19:33:37 INFO Run function 24 complete. FEHistory len: 150000, AOCC: 0.0000
2025-06-23 19:33:37 INFO FeHistory: [200.48106138 174.52594733 182.49071791 ... 236.02090576 222.47177891
 227.6865414 ]
2025-06-23 19:33:37 INFO Expected Optimum FE: -100
2025-06-23 19:33:37 INFO Unimodal AOCC mean: nan
2025-06-23 19:33:37 INFO Multimodal (single component) AOCC mean: nan
2025-06-23 19:33:37 INFO Multimodal (multiple components) AOCC mean: 0.0000
2025-06-23 19:33:37 INFO AOCC mean: 0.0000
2025-06-23 19:33:37 INFO Run function 24 complete. FEHistory len: 150000, AOCC: 0.0000
2025-06-23 19:33:37 INFO FeHistory: [190.73270373 229.53807188 181.33964555 ...  72.20429499  86.80870449
  59.02323613]
2025-06-23 19:33:37 INFO Expected Optimum FE: -100
2025-06-23 19:33:37 INFO Unimodal AOCC mean: nan
2025-06-23 19:33:37 INFO Multimodal (single component) AOCC mean: nan
2025-06-23 19:33:37 INFO Multimodal (multiple components) AOCC mean: 0.0000
2025-06-23 19:33:37 INFO AOCC mean: 0.0000
2025-06-23 19:33:47 INFO Run function 24 complete. FEHistory len: 150000, AOCC: 0.0135
2025-06-23 19:33:47 INFO FeHistory: [195.52333761 218.79089199 195.62780751 ... -29.09452918 -29.09452978
 -29.09452999]
2025-06-23 19:33:47 INFO Expected Optimum FE: -100
2025-06-23 19:33:47 INFO Unimodal AOCC mean: nan
2025-06-23 19:33:47 INFO Multimodal (single component) AOCC mean: nan
2025-06-23 19:33:47 INFO Multimodal (multiple components) AOCC mean: 0.0135
2025-06-23 19:33:47 INFO AOCC mean: 0.0135
2025-06-23 19:34:14 INFO Run function 24 complete. FEHistory len: 150000, AOCC: 0.0000
2025-06-23 19:34:14 INFO FeHistory: [186.7565412  157.41479943 155.90665795 ...  34.38453127  39.26763607
  49.67768597]
2025-06-23 19:34:14 INFO Expected Optimum FE: -100
2025-06-23 19:34:14 INFO Unimodal AOCC mean: nan
2025-06-23 19:34:14 INFO Multimodal (single component) AOCC mean: nan
2025-06-23 19:34:14 INFO Multimodal (multiple components) AOCC mean: 0.0000
2025-06-23 19:34:14 INFO AOCC mean: 0.0000
2025-06-23 19:34:58 INFO --- GNBG Problem Parameters for f24 ---
  Dimension: 30, MaxEvals: 1000000
  Search Bounds: [-100, 100]
  Number of Components: 5
  Known Optimum Value: -100.000000
  Lambda (Curvature): [0.25 0.25 0.25 0.25 0.25]
  Mu (Asymmetry/Depth): [0.44142637 0.27898903 0.25803028 0.21978833 0.39183826 0.42051979
 0.35740109 0.43165341 0.47744239 0.47234476]
----------------------------------------
2025-06-23 19:34:58 INFO --- GNBG Problem Parameters for f24 ---
  Dimension: 30, MaxEvals: 1000000
  Search Bounds: [-100, 100]
  Number of Components: 5
  Known Optimum Value: -100.000000
  Lambda (Curvature): [0.25 0.25 0.25 0.25 0.25]
  Mu (Asymmetry/Depth): [0.44142637 0.27898903 0.25803028 0.21978833 0.39183826 0.42051979
 0.35740109 0.43165341 0.47744239 0.47234476]
----------------------------------------
2025-06-23 19:34:58 INFO --- GNBG Problem Parameters for f24 ---
  Dimension: 30, MaxEvals: 1000000
  Search Bounds: [-100, 100]
  Number of Components: 5
  Known Optimum Value: -100.000000
  Lambda (Curvature): [0.25 0.25 0.25 0.25 0.25]
  Mu (Asymmetry/Depth): [0.44142637 0.27898903 0.25803028 0.21978833 0.39183826 0.42051979
 0.35740109 0.43165341 0.47744239 0.47234476]
----------------------------------------
2025-06-23 19:34:58 INFO --- GNBG Problem Parameters for f24 ---
  Dimension: 30, MaxEvals: 1000000
  Search Bounds: [-100, 100]
  Number of Components: 5
  Known Optimum Value: -100.000000
  Lambda (Curvature): [0.25 0.25 0.25 0.25 0.25]
  Mu (Asymmetry/Depth): [0.44142637 0.27898903 0.25803028 0.21978833 0.39183826 0.42051979
 0.35740109 0.43165341 0.47744239 0.47234476]
----------------------------------------
2025-06-23 19:34:58 ERROR Can not run the algorithm
2025-06-23 19:34:58 ERROR Can not run the algorithm
2025-06-23 19:34:59 INFO Run function 24 complete. FEHistory len: 600, AOCC: 0.0000
2025-06-23 19:34:59 INFO FeHistory: [151.6922219  182.5874365  157.42399215 179.51231034 195.97182574
 198.06810451 197.18971947 200.50459361 191.03271975 186.39415317
 186.70317028 200.99284334 177.01807485 198.98724413 159.68785646
 218.44177293 199.95751943 181.56105819 205.93083825 186.27290418
 171.64949752 193.18522191 217.40924119 182.38145523 233.43551557
 156.72582103 200.78012491 203.39170656 168.50033161 168.92101438
 177.92712739 165.63524792 186.81624676 187.33147207 160.96115323
 186.61478828 172.40719155 191.35374601 187.50915093 184.5186017
 163.61109731 182.93726106 203.9627686  167.64285432 204.94171766
 201.87212964 207.18687732 189.23498451 190.94967543 191.23771142
 154.60652086 176.20675655 194.48625376 183.85672426 178.76524893
 210.58470696 193.77078234 169.88595663 175.86903265 178.6543047
 202.71316036 185.51818529 191.09664475 165.18145781 206.41541013
 223.83020387 169.02997894 189.8314357  169.56770498 182.00845912
 191.95414583 196.27568625 185.36034061 188.92956945 199.536466
 189.34251332 141.43308601 197.54242955 199.11136188 188.13315713
 218.97617597 221.7246794  212.14559616 150.15945121 180.85554237
 164.95425477 180.67752201 160.06209285 207.93472492 175.51590691
 183.0272102  161.87427731 184.94031941 182.03319885 177.29579139
 165.23178108 183.71484205 166.90367311 185.87373041 201.47486799
 198.1110576  197.32745066 209.33424613 221.80125072 176.44127681
 149.42195884 182.91475632 180.33691747 189.35144979 181.93495074
 204.05797246 166.85672735 199.58351498 207.4089886  186.79669328
 203.57871351 163.22973191 191.39372027 181.64350129 173.02346837
 179.03205155 188.33539161 206.14553541 200.62354096 236.13317714
 206.80654301 168.32239825 182.72164788 212.49972896 189.1431087
 181.54559979 200.13752109 192.85802142 201.78650598 124.85551295
 207.86470543 193.05698868 204.43246124 166.34164496 140.6040538
 193.03573897 182.3975597  179.45629319 201.47447466 185.60800129
 207.82631015 197.43015498 178.6269832  208.50788012 172.51707909
 190.41348486 181.81923626 181.26856298 167.87201808 197.76924743
 194.95323702 188.51960704 190.75534942 168.64882399 197.02118295
 177.68113728 219.82645544 245.28577253 191.34788386 176.17020032
 150.18711976 172.93255573 207.74815658 174.33987318 193.99111735
 227.63182291 140.54231943 180.23302668 162.85744213 236.57274422
 183.00330199 157.48650907 207.87816962 211.92964713 150.35517757
 152.53233006 180.45245789 199.58573877 182.56532744 173.99736277
 175.53155892 202.84137396 183.47993664 152.6822436  195.69760573
 226.55483942 180.65085234 188.16677083 205.42955281 206.03002079
 187.83806169 179.88548164 185.71370443 180.39103822 201.24570494
 207.75056042 196.35412365 178.77761096 202.96854846 186.70030636
 170.94265912 226.22758037 175.41664334 231.85618857 220.68334733
 176.77748056 192.96457172 171.54836318 160.49244089 204.79547561
 218.90760029 203.43433792 187.84043703 177.42422012 227.71334788
 177.57034673 203.10716118 188.51210714 168.05612701 219.80152436
 158.31064368 152.97676536 206.83650939 179.75242443 212.77345619
 197.31223998 202.94098804 173.321383   178.89473246 194.28584294
 181.68749778 181.3655378  171.62993886 207.55181842 122.31130865
 138.63679614 197.6780545  220.92351557 171.98688748 171.91438569
 177.88805198 195.91796497 157.62595674 183.41149793 169.15461586
 188.31138898 190.42940201 177.76783734 191.3547232  133.99421438
 189.73578429 156.53223651 192.17925673 178.97097966 179.09719944
 203.50259919 166.26339582 203.9958205  162.00623678 166.88907458
 185.84564401 189.2041464  206.91379062 183.584384   181.8428428
 235.72249209 199.16639492 166.55063993 209.81482869 161.19221705
 179.202242   181.23046965 172.92436997 171.41315241 189.94637593
 197.86471129 199.74723614 200.67394662 174.37266024 172.94472217
 213.4609755  216.64997951 147.86654902 174.25161711 175.11986238
 240.20009305 209.39803883 197.35586948 159.11669312 179.14876937
 187.7314146  177.14102325 199.77004232 179.91743889 170.70824722
 221.68736745 121.37845121 225.99669426 220.90641852 198.87782771
 199.27150566 207.2504728  185.64356045 204.62510005 198.09288131
 231.19088706 182.78398748 176.48277549 215.46507503 203.37953625
 184.03076019 192.11231784 174.5104325  208.97282229 195.26132107
 200.27356905 210.79792208 196.54461525 157.31981255 226.82913625
 207.01615496 228.93039474 178.23657405 162.14750686 188.86522927
 200.55854036 159.67852412 213.96061078 226.28124329 175.36135809
 196.50719367 175.86523633 164.35373214 208.45715357 192.90229291
 170.51170854 206.52791323 227.31875232 212.38536328 175.52336556
 193.89705591 162.0414923  181.05596124 236.90438812 195.51989538
 217.21535506 200.2406361  217.36463311 183.01770443 198.61970623
 194.4252387  164.28421508 232.32341197 165.01014925 197.33768101
 194.38971192 192.78934163 228.24825234 219.54386501 204.00354676
 200.18888203 180.96464136 139.95859574 184.05117126 190.57432678
 200.96036529 198.4800823  241.6003377  198.32626144 172.45918661
 204.40843005 203.96260508 256.68822698 199.24741442 189.35595318
 197.14431721 186.44922983 169.08546305 195.80946225 161.45741332
 161.23190951 195.4466065  189.16025141 206.88064591 226.56427303
 163.41634573 191.24927091 187.65717816 189.77371747 204.3973358
 178.75629749 201.42750033 176.62581627 185.72239453 182.60794112
 151.68922048 193.07603363 202.90682657 206.40074846 204.30706863
 205.5257925  214.47776171 194.74207823 164.70994684 217.8846347
 219.29670232 194.52047636 178.4106355  214.21977325 218.09049605
 186.69604371 178.41377481 191.12085406 177.00743018 206.95524552
 175.71977213 173.43709773 175.6289889  197.29501256 213.54117665
 226.90015311 239.26118846 186.17285457 200.17737858 189.62191578
 234.1556974  183.94953151 194.43523687 198.30307157 171.4744151
 195.33314799 188.19146557 183.34885157 177.3032826  176.04808936
 178.04113659 218.8016512  165.78468534 228.08461771 211.38076636
 204.19497183 215.06667626 210.00442933 204.29313602 162.66255839
 178.72945077 166.63577487 204.51440247 197.37028938 202.22614866
 208.64206221 235.54250373 176.93406989 177.21836247 203.74471932
 203.52290434 213.50468596 187.84036547 221.97926042 200.57134825
 215.52057838 206.23863953 154.34969034 182.18665306 222.36873075
 204.47687419 189.03980341 145.67773845 206.36586641 180.83801239
 154.85759061 212.98003885 193.6330899  192.95259846 177.03258136
 212.4063437  186.68248067 236.4915574  202.11271217 177.60089599
 200.81236078 214.07971301 175.44003986 174.1876693  194.89469689
 209.42816387 193.79296842 226.74975929 184.93186881 192.10497406
 189.28019402 189.38813809 231.94073731 221.44960254 205.02174629
 204.91890486 174.10589434 218.8338926  237.75299572 231.23873416
 183.80922278 189.97164558 183.66960511 199.27051129 216.34696676
 219.84271524 150.42546683 184.6655156  189.57466211 197.27501445
 178.83659016 188.94158849 196.95217699 182.64413797 188.58139371
 209.8099009  211.2062962  191.16839704 177.21130617 178.34713857
 196.38036286 224.18421935 240.42334462 215.85913384 205.84444104
 204.25890547 209.16832133 197.38338152 204.62797437 182.7319842
 204.29228444 198.42187261 216.95878858 144.32304307 187.5434593
 199.20466055 192.88697525 224.60553941 175.95171691 208.32458174
 164.86976008 172.29078819 164.2377342  224.32909142 153.8570134
 204.37759889 157.37001    180.15284372 218.47203277 188.20098375
 183.17770948 219.72460937 157.70652271 178.0008729  263.70541641
 173.97437344 223.72993266 182.84446311 179.11750549 194.43254764
 213.85966975 203.70946954 213.44891405 197.94505727 216.79753992
 175.24255984 210.32041003 201.20668612 187.86406982 209.05190452
 165.21572141 164.36760158 178.69633041 174.23405031 183.87340306
 204.17143618 164.37882891 183.19092236 203.8215991  186.13774007
 210.1198865  210.81015081 208.96723958 210.03210865 179.11805078
 207.56671152 209.36350848 204.92754444 201.8514647  163.87653098
 198.20484123 199.51921703 172.56116173 212.83909096 208.74199836]
2025-06-23 19:34:59 INFO Expected Optimum FE: -100
2025-06-23 19:34:59 INFO Unimodal AOCC mean: nan
2025-06-23 19:34:59 INFO Multimodal (single component) AOCC mean: nan
2025-06-23 19:34:59 INFO Multimodal (multiple components) AOCC mean: 0.0000
2025-06-23 19:34:59 INFO AOCC mean: 0.0000
2025-06-23 19:34:59 INFO Run function 24 complete. FEHistory len: 600, AOCC: 0.0000
2025-06-23 19:34:59 INFO FeHistory: [198.61223825 172.73173756 174.30966872 160.18837678 189.36824092
 219.00163234 199.9366471  178.45170111 170.37462654 168.48270621
 147.04175674 235.61777282 196.71492408 166.30853921 189.94213636
 179.09481325 172.2137163  175.50857554 178.44680114 206.7549499
 186.45288263 207.29356922 168.65092461 199.2768682  207.17166941
 183.3621242  187.8503311  179.65874286 175.86391608 176.27000952
 222.38289799 211.62700907 202.62886442 211.49710508 188.53811028
 191.32047011 180.16119834 195.43479886 199.94099177 166.70883853
 186.72229271 197.17952556 188.99070827 155.06395081 177.97492566
 197.39893221 228.93827354 184.13175887 188.86065692 207.2808316
 191.92260647 162.59717006 177.65871542 211.31822059 194.86677991
 176.8698656  218.39315644 193.54307994 206.37510975 184.47709312
 182.72712802 164.65566327 219.86433148 178.28957725 198.36521585
 174.86485013 152.01662083 207.60328164 215.73655554 167.26443652
 161.77463721 207.42475557 212.87645309 190.45355208 164.12219287
 168.36048648 194.17582053 211.08048032 196.10645508 228.798441
 198.45833049 172.18035293 202.17810355 179.33911895 200.24986019
 197.19454706 194.58956735 116.33469386 187.493744   212.20918495
 222.27553611 182.76003252 168.69104503 171.06136586 213.99816594
 146.87107006 210.67021998 159.94098888 180.13830786 169.90519402
 190.31101723 212.5616973  188.32731424 158.82011675 189.52944535
 177.02476028 166.18874632 192.67587559 150.10027109 161.65663343
 198.21295018 192.25733042 176.55041661 193.04203717 184.46645609
 207.75461792 182.38420667 174.47012247 200.31117382 186.29018572
 162.98171706 193.77976532 230.7350066  173.68520663 147.01588763
 191.8678983  198.06830664 197.05897676 164.54358629 217.36201502
 172.94937476 189.82761868 187.11801898 167.36597248 187.34476049
 164.8882454  178.4581404  177.17983192 160.05320963 210.57424831
 146.35567436 197.14439526 195.61021402 149.12182202 192.47368283
 200.46678468 227.2076922  207.69271954 173.23317021 182.80822134
 152.06868045 190.15207558 212.34211965 202.27729379 217.88205674
 183.28817973 182.21309603 172.9104377  191.20248993 171.92107238
 175.13907208 170.47650868 168.39815777 228.13036784 173.82656128
 186.12992572 178.69390835 195.00861618 173.02304666 186.52653321
 191.21638347 167.95217016 183.26961651 171.39619173 218.57098296
 142.31895262 174.15813515 203.66325515 184.47872565 232.24440818
 211.99083753 170.43557453 215.59554093 194.89079766 194.0291759
 180.47900637 204.851465   179.36920991 162.00040681 168.97095276
 197.74372965 219.90219501 207.28887105 171.25228875 174.77362311
 192.64410517 182.93532627 178.15066132 186.57030913 169.41143447
 196.42326931 212.15120972 177.45296525 175.7759115  187.27784892
 175.13795057 209.5776949  199.18702916 158.58866807 209.04157404
 164.51264575 180.63950131 179.53850239 208.40041154 176.52996056
 169.62208804 194.96047458 206.165106   174.54570016 199.32515247
 161.51891151 184.97531659 148.61047227 239.51913347 201.46175007
 179.89506032 181.73008852 195.03548771 184.31139134 194.98356131
 164.46680076 200.8217963  184.47142436 197.19603247 202.48830818
 235.10910269 190.46778501 169.66539031 161.12540418 210.54291521
 173.72676458 158.59418825 200.39903877 192.48109423 203.07655499
 184.71951775 185.07262478 215.72430989 144.00254819 198.05225198
 148.8715087  174.90520782 171.01947686 227.35078821 228.59011929
 181.58635348 211.05881455 167.71388136 189.80132364 173.33723769
 210.71723966 205.88743033 205.01948541 212.59150608 171.34926756
 153.15035643 187.45189452 177.61631345 174.84478011 195.99772484
 244.54054317 185.71426126 197.74229961 194.4766761  195.08563144
 174.78996369 195.70490086 196.99862615 218.00142096 186.4251555
 209.5857991  177.54644983 187.64342672 163.5453902  193.45291877
 177.45899752 202.8270186  179.30937693 189.26379093 191.2682029
 175.68297612 193.03146565 173.89647518 187.61631666 215.79080235
 173.14605534 190.72632381 186.60479673 172.71155726 201.88752693
 188.02658001 202.63757555 223.4992628  190.7579878  200.40775425
 202.46745136 180.66591608 201.26193421 231.85423656 160.84250897
 170.55173803 232.05258573 186.38656416 164.25439427 228.83556143
 184.98853229 199.60394592 201.05099678 188.58119016 204.40120933
 166.68627401 212.56518928 218.10815472 160.48685815 214.88780785
 210.4536832  191.84049719 199.51475542 194.17225531 178.07319783
 224.19943542 187.1279644  198.18684567 202.28331644 179.22805852
 188.82305104 202.98105082 195.93115753 192.81420788 155.4959365
 182.56424924 192.53290355 194.08168998 215.281991   199.5940079
 224.32216729 190.01309522 183.38033828 218.32329812 213.19218907
 208.49976148 187.28738751 202.71668034 195.60034569 202.83573918
 168.55001968 199.07207942 191.13508247 201.17536168 185.33228291
 176.36471412 164.42522953 203.28773576 197.96329851 205.11967508
 173.86606264 182.47672839 233.24542177 183.9855058  206.60146467
 195.86570428 205.59735964 180.87434888 212.30631933 179.74648197
 173.41357224 177.52567556 199.95209943 187.17120596 231.33886236
 185.46064988 185.44976264 187.59404101 186.38125933 198.65205032
 193.31033834 235.0488036  194.12895088 176.33623499 193.78470256
 204.99023608 189.54781621 199.92120937 193.70960964 181.78739244
 209.76865068 173.12323853 194.90379322 175.65473618 203.84089053
 179.56003374 164.31272875 199.08303218 157.36001814 221.81747407
 220.49715279 214.7068005  195.51762577 205.81175988 226.41244179
 213.27647894 209.80088045 196.38167893 192.78463209 208.11040481
 237.27298112 197.75006862 199.1040173  182.06202182 213.43526395
 171.53248689 221.00226597 199.48762759 172.62371689 198.48077972
 196.05337795 212.72621532 189.30458016 197.60244327 228.94416452
 195.35923139 189.66733256 138.70175053 181.83309381 226.21404531
 209.95421503 215.70910318 186.99498382 208.49121955 196.02841404
 203.40081197 202.42632813 189.59111044 121.04197849 191.86895355
 211.48328124 208.81485239 199.80101516 181.54761709 189.99862218
 189.98467357 180.0317521  187.1476559  235.13173341 215.66400207
 204.35833245 212.65364421 195.44577737 240.6551107  182.04502201
 217.44509068 178.13399119 206.99950944 211.34226839 175.85133676
 182.4535138  177.54438528 218.44163624 197.72754521 214.48491881
 198.57309658 207.33641092 194.45699835 173.9630624  243.32765103
 135.42633909 196.61995127 209.46220431 193.80726598 200.98203353
 188.96657556 209.13379959 191.98404208 224.6559996  159.17688111
 188.98098574 196.91411557 224.98495454 176.09524963 173.77481103
 198.98290197 189.03705422 206.04497165 178.65451657 168.89626629
 211.44428022 217.45430407 166.64334622 195.30283387 155.52346917
 211.60289623 214.69088304 185.27253819 181.52639611 202.07372599
 187.27099586 165.3895072  194.63912483 190.56783068 195.61138553
 247.67006904 224.62964331 157.4370209  191.52953962 210.05048726
 202.33687591 206.0272685  204.608746   178.26145296 234.50503067
 152.87503333 183.38177745 162.41972434 193.37967394 175.26360413
 217.19683372 183.66295742 187.16093792 171.2046963  207.9171462
 201.08759827 191.01412558 220.12411643 205.84103967 212.75301999
 201.0277587  188.91489923 209.14134698 190.92722238 205.80710888
 200.5880005  164.31032972 196.20236241 174.48580621 181.19876722
 200.9535737  198.59294078 184.67142222 184.41931967 187.97955055
 177.48739211 187.49269782 207.68763328 187.36241561 240.1819843
 204.01668067 211.78142929 198.55561333 215.55881457 173.67269863
 204.55388079 199.65983161 214.41840011 207.42258771 199.2733432
 190.9505213  191.45080602 215.30077372 153.76119014 206.43741951
 155.62120506 188.66166314 212.01013673 200.9946945  195.84960805
 179.98628166 245.98596471 187.93996837 174.30167557 194.80172521
 180.35967312 234.13233165 214.48965406 168.80779262 191.97136457
 211.57313757 170.97361456 192.88904987 164.74184741 197.08390412
 207.63067874 199.32367219 198.82381634 184.57893971 180.42992873
 161.59301378 184.00307463 213.54403662 194.47397976 201.17269037]
2025-06-23 19:34:59 INFO Expected Optimum FE: -100
2025-06-23 19:34:59 INFO Unimodal AOCC mean: nan
2025-06-23 19:34:59 INFO Multimodal (single component) AOCC mean: nan
2025-06-23 19:34:59 INFO Multimodal (multiple components) AOCC mean: 0.0000
2025-06-23 19:34:59 INFO AOCC mean: 0.0000
2025-06-23 19:35:41 INFO Run function 24 complete. FEHistory len: 150000, AOCC: 0.0000
2025-06-23 19:35:41 INFO FeHistory: [204.68800398 165.37192206 158.58147389 ... 105.31155382  95.35591213
  96.17619028]
2025-06-23 19:35:41 INFO Expected Optimum FE: -100
2025-06-23 19:35:41 INFO Unimodal AOCC mean: nan
2025-06-23 19:35:41 INFO Multimodal (single component) AOCC mean: nan
2025-06-23 19:35:41 INFO Multimodal (multiple components) AOCC mean: 0.0000
2025-06-23 19:35:41 INFO AOCC mean: 0.0000
2025-06-23 19:36:06 INFO Run function 24 complete. FEHistory len: 150000, AOCC: 0.0000
2025-06-23 19:36:06 INFO FeHistory: [202.0611094  165.78741893 226.05211677 ...  45.17014436  45.16890166
  45.16534962]
2025-06-23 19:36:06 INFO Expected Optimum FE: -100
2025-06-23 19:36:06 INFO Unimodal AOCC mean: nan
2025-06-23 19:36:06 INFO Multimodal (single component) AOCC mean: nan
2025-06-23 19:36:06 INFO Multimodal (multiple components) AOCC mean: 0.0000
2025-06-23 19:36:06 INFO AOCC mean: 0.0000
2025-06-23 19:37:55 INFO --- GNBG Problem Parameters for f24 ---
  Dimension: 30, MaxEvals: 1000000
  Search Bounds: [-100, 100]
  Number of Components: 5
  Known Optimum Value: -100.000000
  Lambda (Curvature): [0.25 0.25 0.25 0.25 0.25]
  Mu (Asymmetry/Depth): [0.44142637 0.27898903 0.25803028 0.21978833 0.39183826 0.42051979
 0.35740109 0.43165341 0.47744239 0.47234476]
----------------------------------------
2025-06-23 19:37:55 INFO --- GNBG Problem Parameters for f24 ---
  Dimension: 30, MaxEvals: 1000000
  Search Bounds: [-100, 100]
  Number of Components: 5
  Known Optimum Value: -100.000000
  Lambda (Curvature): [0.25 0.25 0.25 0.25 0.25]
  Mu (Asymmetry/Depth): [0.44142637 0.27898903 0.25803028 0.21978833 0.39183826 0.42051979
 0.35740109 0.43165341 0.47744239 0.47234476]
----------------------------------------
2025-06-23 19:37:55 INFO --- GNBG Problem Parameters for f24 ---
  Dimension: 30, MaxEvals: 1000000
  Search Bounds: [-100, 100]
  Number of Components: 5
  Known Optimum Value: -100.000000
  Lambda (Curvature): [0.25 0.25 0.25 0.25 0.25]
  Mu (Asymmetry/Depth): [0.44142637 0.27898903 0.25803028 0.21978833 0.39183826 0.42051979
 0.35740109 0.43165341 0.47744239 0.47234476]
----------------------------------------
2025-06-23 19:37:55 INFO --- GNBG Problem Parameters for f24 ---
  Dimension: 30, MaxEvals: 1000000
  Search Bounds: [-100, 100]
  Number of Components: 5
  Known Optimum Value: -100.000000
  Lambda (Curvature): [0.25 0.25 0.25 0.25 0.25]
  Mu (Asymmetry/Depth): [0.44142637 0.27898903 0.25803028 0.21978833 0.39183826 0.42051979
 0.35740109 0.43165341 0.47744239 0.47234476]
----------------------------------------
2025-06-23 19:37:55 INFO --- GNBG Problem Parameters for f24 ---
  Dimension: 30, MaxEvals: 1000000
  Search Bounds: [-100, 100]
  Number of Components: 5
  Known Optimum Value: -100.000000
  Lambda (Curvature): [0.25 0.25 0.25 0.25 0.25]
  Mu (Asymmetry/Depth): [0.44142637 0.27898903 0.25803028 0.21978833 0.39183826 0.42051979
 0.35740109 0.43165341 0.47744239 0.47234476]
----------------------------------------
2025-06-23 19:37:55 ERROR Can not run the algorithm
2025-06-23 19:37:55 ERROR Can not run the algorithm
2025-06-23 19:37:55 INFO Run function 24 complete. FEHistory len: 600, AOCC: 0.0000
2025-06-23 19:37:55 INFO FeHistory: [191.687406   185.55924857 176.96888946 222.36643468 151.77516574
 175.19373882 217.07689799 195.5968399  184.07161463 199.68320082
 166.80696178 187.53007819 211.52335035 176.37241344 198.86041115
 199.70445446 179.5640128  189.99805407 186.49702942 225.71172885
 138.9526866  224.87791391 192.13075977 192.90167811 166.03226645
 165.24308734 198.38520358 176.57050102 178.12792594 223.07482967
 161.56886412 201.81598177 184.90478316 156.8096206  170.7602793
 164.52666006 180.90622934 186.19444693 210.87992572 192.1603824
 153.88873571 203.23739689 215.04025441 179.7053212  202.43327499
 235.24640077 179.83328813 196.0450273  183.11187972 178.74647957
 179.07154665 157.29201202 177.05325479 180.98774663 185.70640526
 158.85312397 213.25133382 186.71542378 205.30658165 183.34167114
 190.19036097 185.60335577 156.14793108 184.44760453 162.33479167
 219.66033133 200.1613032  196.18703717 231.34315593 183.77351661
 164.91437829 171.46452692 192.4146961  216.93098271 150.41379086
 209.00509109 211.60642263 206.8050822  211.23179595 201.98142707
 200.54888511 179.24486087 152.87803214 144.87371578 172.89815035
 186.18819063 191.71401163 182.25685884 176.59776346 166.47534675
 188.87562363 166.39882255 202.43419641 223.0697427  214.11867968
 172.27724022 202.55769569 171.26896019 184.20267187 204.14271325
 164.02414712 183.3970077  210.05632428 175.2130955  174.76679262
 221.77609337 191.00585096 142.25857894 196.5254841  196.36002008
 178.70141359 188.24268136 179.66963038 148.02661879 185.43272866
 163.248511   181.12636811 181.65790099 150.46003514 200.06653135
 205.29385218 206.46649683 176.78894133 190.73273263 174.22474931
 186.15867924 178.04823154 155.43273982 198.41684164 156.73695484
 204.90233857 187.35065914 197.55955594 189.17396336 198.46548611
 179.76250799 205.32582955 157.49991185 188.43844643 175.94461555
 179.89806457 170.3064355  216.72811619 210.09308068 220.71980604
 151.16950015 133.21536043 203.97472835 201.57344447 224.23089483
 193.37519247 179.95365425 187.29436919 197.01256177 189.49537532
 154.19998093 161.26906087 199.18959197 162.90666793 178.53341821
 203.94915809 183.84192108 205.94466878 196.21772528 174.26696297
 187.43976664 158.04999439 183.23127159 200.14855554 171.52295008
 188.47771171 152.01512187 207.33549188 185.85100049 210.66920403
 175.25498384 160.51489593 198.31741841 149.57082348 182.53559608
 207.25345095 213.81824692 193.14752559 171.04195866 167.43213157
 160.91078239 180.49062218 216.55286359 153.00383084 193.40567176
 166.39677116 181.44262597 211.30149989 190.10716387 190.28940764
 206.00716978 166.9950638  182.59478399 164.44239002 222.62847422
 186.18293358 181.50801234 168.04850069 177.7944976  160.26361334
 201.23751605 212.07660619 171.58823182 187.65295744 185.7981362
 170.71346154 141.95306799 203.35813972 184.55018057 169.52052101
 209.55657111 196.09825103 192.92784358 191.49785488 188.4868295
 223.01430764 219.82597192 216.30761106 193.31494616 202.09794608
 176.64417567 198.31417304 235.20847272 196.32253108 168.1539628
 125.13879673 176.14675033 200.7641587  152.88081334 201.96842823
 218.1126722  186.94757505 179.08203609 206.52377328 204.2269489
 172.02018315 169.9753142  198.79212761 214.11065448 149.60528623
 162.55429476 173.04344062 187.59810253 204.19133655 166.98534782
 198.51524497 188.72554389 165.48722355 206.67000421 181.94045006
 194.30015803 231.62422387 156.10476658 146.38607114 178.32889758
 181.32473602 215.95970339 193.34272112 169.89304319 179.24155053
 182.97910377 178.58586485 200.40250757 221.35678868 195.99222118
 170.20213515 195.2683578  230.76088553 172.4855065  209.4046196
 197.85645207 199.31667267 176.27358581 188.36887844 212.21383983
 161.80680235 205.6667583  181.40376918 168.94854701 190.23322853
 197.76669066 198.01478517 158.0505532  211.74036116 152.41319848
 178.35425139 175.65716167 191.68765386 185.3858819  174.5459642
 197.66526375 215.67378702 185.61521068 171.32794685 226.53773998
 229.11134673 172.88909299 188.10152813 160.39384914 201.28634616
 212.52532621 170.28641344 226.65548507 221.93523251 195.3377633
 195.02598032 201.90821827 176.48169506 161.24763448 230.31099758
 176.74883088 213.5196887  181.88943803 205.65457184 207.78293067
 180.0514383  194.40981106 223.35243076 200.04856955 214.73947682
 181.0046794  184.15777299 171.74465753 198.08482529 221.09178956
 139.25976327 198.22674068 209.40750809 168.32186864 192.33875473
 230.37330836 205.39852197 170.09080573 166.42625858 189.34484613
 173.86252806 188.03536338 216.83865787 207.86137213 218.15821606
 203.84673355 225.60792187 209.49556218 164.72927434 183.97224623
 222.77939621 180.03929178 215.61731123 179.50317872 203.51425053
 229.25426132 179.91248105 200.89087986 191.00729224 178.6423912
 202.17109995 175.65311302 208.17706878 232.04214752 177.70901697
 178.34148883 176.29203359 219.05102965 194.48601146 191.58864487
 222.80993288 227.60638671 181.9022016  211.88009654 177.27160856
 188.34057658 208.18775271 184.81136658 173.02409506 167.90780001
 158.74818213 218.4842103  203.31338728 223.17012166 222.47473869
 207.27826954 181.95772118 183.72615279 228.65620373 222.98356443
 227.06887675 234.22627993 178.4720603  193.88342885 194.77650137
 174.19944577 216.80513324 169.03423845 221.10713198 213.80479941
 197.80539988 195.93109365 202.65911306 190.759602   194.98811632
 225.70316264 197.74508261 224.31999903 228.04285348 185.64175395
 212.75019347 201.81092818 220.24872462 162.51163871 194.93187512
 200.10718503 189.7650535  207.18684804 156.21221163 188.70744098
 198.31123717 166.93228421 182.70523088 212.6349728  188.93286567
 207.20111207 201.35587463 218.41770301 202.02889789 193.83661272
 184.46939262 203.19753742 164.15621348 208.9941092  190.41315365
 189.2382764  180.74750007 192.46093653 199.72380375 216.21485182
 228.36203322 212.89491187 204.59602394 184.49738855 188.70544329
 179.51113305 189.5204026  183.40133921 183.82691728 198.21308318
 197.61650632 193.05759186 215.17477547 193.62209785 178.9305215
 200.87929721 208.81488896 220.15331614 187.67297449 189.56345269
 199.53004067 217.57165878 201.47219359 162.36608396 175.53128885
 184.83516006 176.0848394  206.20000065 194.04772512 232.45751626
 242.82070461 193.40168317 192.72745365 226.46840131 160.72127085
 210.93113785 194.29928317 202.77797916 168.37465142 206.71449567
 185.9901612  203.85760055 185.25163467 168.09217996 219.14953804
 195.21830982 180.14149146 208.59408867 204.77760109 184.17738492
 182.85756074 200.07804214 167.77047829 219.96069881 206.25895882
 189.32444369 177.21760211 240.42016129 230.93462433 171.12347603
 206.47265122 192.45234936 181.52767407 190.02603007 167.77598109
 227.09108021 184.65442348 194.2649151  226.82824275 147.73712449
 210.98418144 194.25824434 198.93469356 205.57531729 191.68608231
 193.8009929  170.44725027 179.35393233 176.59693194 219.0737566
 167.26794161 204.17763703 180.52944496 189.22654886 196.04039944
 186.09463071 187.84198918 206.57112759 193.12019617 183.69976517
 174.52702825 184.30140218 178.4763485  173.54134615 191.63968705
 231.51871084 190.1649313  209.52207157 227.533319   191.77674531
 198.99901047 191.58556204 211.48472796 198.05240118 152.11587661
 228.49181331 164.99404535 193.16589002 188.23692348 195.94197051
 205.38844345 187.55883318 188.3497187  196.36629719 173.37085066
 196.23852    224.13096451 197.23158315 183.34333025 185.5537489
 200.73006375 174.87445858 184.56411652 190.5669185  190.76701443
 195.19394123 198.2390343  174.97707833 194.85840019 189.00205652
 218.55665626 176.72545803 206.03465487 210.29387829 163.1428081
 188.25190193 187.59685244 204.24654603 218.91328231 164.99798644
 181.26351497 151.76382413 194.71861966 161.254874   193.25284117
 195.78015711 188.98536176 194.16884475 205.32161737 226.77514469
 188.62006916 187.29000724 200.27371249 209.69356172 191.11076308
 209.60276532 208.3273388  181.617298   186.85221975 245.71835505]
2025-06-23 19:37:55 INFO Expected Optimum FE: -100
2025-06-23 19:37:55 INFO Unimodal AOCC mean: nan
2025-06-23 19:37:55 INFO Multimodal (single component) AOCC mean: nan
2025-06-23 19:37:55 INFO Multimodal (multiple components) AOCC mean: 0.0000
2025-06-23 19:37:55 INFO AOCC mean: 0.0000
2025-06-23 19:37:55 INFO --- GNBG Problem Parameters for f24 ---
  Dimension: 30, MaxEvals: 1000000
  Search Bounds: [-100, 100]
  Number of Components: 5
  Known Optimum Value: -100.000000
  Lambda (Curvature): [0.25 0.25 0.25 0.25 0.25]
  Mu (Asymmetry/Depth): [0.44142637 0.27898903 0.25803028 0.21978833 0.39183826 0.42051979
 0.35740109 0.43165341 0.47744239 0.47234476]
----------------------------------------
2025-06-23 19:37:55 INFO Run function 24 complete. FEHistory len: 200, AOCC: 0.0000
2025-06-23 19:37:55 INFO FeHistory: [220.70256706 180.7721365  186.63411543 210.33218541 171.30430792
 201.3022638  191.16685545 189.774357   201.28733201 214.89502471
 173.00810625 186.48004182 175.29353815 150.79883534 175.35751163
 181.37457632 164.65666043 184.23122159 174.78357478 166.29039317
 207.40518231 197.5790512  236.36790793 174.19755917 180.59956409
 168.64256359 177.97794407 156.96233091 174.00267909 197.67377311
 179.6699157  200.23876525 174.54483553 183.99335788 191.3056012
 203.81288564 177.87618024 205.25520953 214.02690034 171.93533587
 199.42058218 183.00416659 193.19697212 209.57688083 181.23823105
 173.0589271  177.48310726 186.28565492 223.36062799 173.69282837
 190.70207903 186.66364265 191.43693087 184.08841745 148.92573976
 156.37493843 154.85156348 222.2324595  193.71599337 163.33848924
 227.71976292 196.74619042 162.04179996 205.61947496 162.32685523
 193.12334975 201.73814159 166.05834892 195.65795813 222.55369805
 203.60079418 184.90517943 195.87291335 165.38633495 221.95213595
 190.78187322 203.95715397 208.46344554 163.29041504 170.26040509
 212.75780949 158.02135363 206.69627991 179.48307389 181.76269733
 193.27429109 197.72648803 190.92391893 174.88353198 176.80371398
 188.88937975 202.0319308  199.40258897 174.59143519 171.57939424
 164.56558127 171.94223906 213.66547849 163.51584043 183.20607395
 201.33936    207.63964461 205.59956433 159.38883104 203.983628
 142.73994207 215.52623053 196.87363642 218.51366398 222.33760839
 256.00002659 209.47496629 217.47251916 186.11972465 164.05787171
 210.27616561 172.33416729 206.84930216 210.90893068 205.69986582
 199.71649162 165.11753054 193.66635122 153.97810258 182.10159489
 223.34541065 211.91403607 187.65008934 166.99608042 218.16019574
 207.29979262 220.34116247 190.59419982 196.73991234 211.74371238
 168.57961779 158.27717693 216.16119059 231.82332314 187.7196618
 233.36176221 220.10243669 221.72862095 195.52435099 204.37802849
 205.83254756 230.47136834 163.36824504 228.5580068  209.18325953
 181.45879848 204.06510943 183.88198328 171.2663552  230.98047288
 214.15353248 196.60322993 199.65023735 205.41848805 196.37708874
 216.73380203 182.74975019 186.58214171 163.42151607 210.98763274
 200.31532571 228.20780905 180.78245348 174.06899028 220.09292409
 225.19978533 208.36177646 183.01242607 206.4198287  234.37250192
 183.3185631  208.99989235 177.44122106 148.06267993 196.05701705
 193.85279443 175.35094471 216.27748133 208.03940537 205.59798901
 238.93516357 218.88268828 198.36569098 230.85908562 194.31086338
 210.72518845 214.15283813 192.51600111 175.0730279  203.69929178
 221.69287677 229.46771087 203.86939881 205.87958006 226.57714435]
2025-06-23 19:37:55 INFO Expected Optimum FE: -100
2025-06-23 19:37:55 INFO Unimodal AOCC mean: nan
2025-06-23 19:37:55 INFO Multimodal (single component) AOCC mean: nan
2025-06-23 19:37:55 INFO Multimodal (multiple components) AOCC mean: 0.0000
2025-06-23 19:37:55 INFO AOCC mean: 0.0000
2025-06-23 19:37:55 INFO --- GNBG Problem Parameters for f24 ---
  Dimension: 30, MaxEvals: 1000000
  Search Bounds: [-100, 100]
  Number of Components: 5
  Known Optimum Value: -100.000000
  Lambda (Curvature): [0.25 0.25 0.25 0.25 0.25]
  Mu (Asymmetry/Depth): [0.44142637 0.27898903 0.25803028 0.21978833 0.39183826 0.42051979
 0.35740109 0.43165341 0.47744239 0.47234476]
----------------------------------------
2025-06-23 19:37:55 ERROR Can not run the algorithm
2025-06-23 19:37:55 ERROR Can not run the algorithm
2025-06-23 19:37:56 INFO Run function 24 complete. FEHistory len: 600, AOCC: 0.0000
2025-06-23 19:37:56 INFO FeHistory: [198.58965864 190.00466971 197.65312085 186.86261316 200.96396413
 175.70739729 183.48772889 214.30960341 188.08720366 192.1614532
 211.65764973 223.29262285 169.87937239 183.81423702 204.86436218
 169.94224167 189.45744802 198.32666939 207.93488722 149.54363098
 178.80525393 209.05720008 148.78605965 148.28175072 174.97722365
 181.01648465 187.70109836 209.85634487 200.25081659 188.63705942
 179.2027309  190.73067107 183.35353282 209.08813078 186.36545109
 183.22524523 181.49354613 231.25988825 186.80762234 177.53034059
 164.1182642  204.45429583 181.434849   194.91918898 175.66784034
 173.1662568  155.38129249 223.03898167 186.02080409 179.30260694
 191.63399707 150.85441133 193.25742295 201.7768317  227.42527285
 181.35523212 177.51451834 229.17990707 162.88062604 192.34264734
 213.67821282 185.23771679 168.85882512 168.09656482 201.21894386
 202.75371348 204.60028117 191.58635816 191.21339166 191.13664928
 167.81969566 223.83044804 177.86905173 204.54918    179.35252997
 191.96837502 187.09830761 162.70438174 198.01702199 228.03955083
 218.70190397 164.32953209 216.02309685 189.87035728 178.66267812
 183.73203719 181.51437796 180.46858651 173.54000992 187.70916008
 177.87435924 195.01551389 166.2488232  170.48691604 198.61995483
 214.02909614 228.57160311 191.58463378 178.11347092 216.55581481
 181.77900926 169.14595803 210.89796446 195.6828154  192.26160017
 190.13197175 156.29431654 175.38252401 208.68869765 212.27745956
 163.68098476 149.27503047 204.94763908 186.0404719  232.76425337
 152.39264113 182.95340169 184.03713532 191.80515579 167.05286447
 202.61563386 195.08772798 164.04877416 191.82402793 195.88669806
 186.20787342 207.60878568 191.99674575 186.44274468 171.69080053
 175.42737794 203.74356491 193.04902593 220.51159779 200.11521452
 202.65731956 176.78492488 214.23333944 184.37999861 198.2334673
 168.81539267 174.54104376 183.82438089 165.48371343 164.21562404
 186.3244715  179.70783887 210.58179984 206.51829    177.04994614
 173.94259772 188.82257517 201.32463034 194.99073478 192.90367337
 177.10447953 193.04296474 193.0281248  221.08986669 193.73194551
 173.57720533 181.59027396 187.60116665 156.92604664 189.13600614
 214.71113708 197.53280186 205.53399609 185.56657677 197.59319313
 230.34847549 191.96807312 185.051265   149.48967295 202.56614018
 168.1615235  192.46818057 185.81947019 218.61971603 181.58954759
 183.47048804 197.67493398 175.12665267 174.02089647 211.98127848
 214.7548323  198.70520288 168.08976865 196.09646337 212.89156696
 165.62417946 171.48095205 172.78217064 183.28285162 175.10363911
 186.19981601 186.60549762 177.83392108 196.02193581 154.75793813
 183.75758932 159.33785766 166.17425167 203.4272754  199.86280164
 175.62584192 176.83740264 182.20402236 185.71230053 157.48295414
 218.78298743 194.69445911 172.69707969 172.64263207 193.2248245
 201.38013254 169.33808838 190.37948538 193.78955871 202.49428061
 201.19265866 184.67647369 211.39530954 197.3916791  184.19059836
 204.67971581 171.02119735 176.34991422 200.49572606 145.41061546
 176.78862246 161.15061999 136.48169507 212.46434585 216.55216579
 188.25741977 179.92066181 198.28941787 181.54612571 191.93163516
 172.0873954  198.1725384  168.34833611 190.76567547 168.34335408
 178.22149805 185.27672517 155.57302146 177.00878098 176.02044231
 202.23886818 191.96217254 196.23193184 189.5675686  181.60394558
 165.34743908 186.39581668 201.4283228  177.20980152 167.98771454
 169.19205443 167.5319964  170.26018918 172.23401553 145.94085465
 230.38666413 187.77375627 182.08111193 188.71921773 176.81351228
 215.42964697 168.67424641 201.81562053 180.57380849 178.74387826
 210.29764757 164.02734466 176.86048541 188.10441327 189.61579962
 150.27117378 212.48340246 174.14050694 182.11557044 184.41036774
 163.18031453 142.06047465 207.24108895 166.62243257 156.11535196
 197.47512081 158.67753428 211.24428613 226.85729327 188.05827314
 204.76179594 200.55681121 181.00874566 195.3332522  233.47648024
 185.07558959 194.0654713  163.34315794 200.18752688 186.49439037
 183.61600748 204.38313936 197.13504361 218.2729508  172.31371415
 204.13139826 221.33677652 188.25173474 211.60415344 171.7080951
 227.38325399 190.79830431 205.71147649 213.55247111 217.77023001
 180.78638779 228.26634598 205.22499808 184.41088228 179.13455679
 226.14192338 214.26682881 220.08193568 199.46261817 191.48402241
 207.82352711 196.10885609 221.16845901 173.15192791 210.52494884
 193.90851703 180.50268338 181.3150324  212.63893942 191.63501824
 207.24571638 203.62976151 176.31748881 157.85896307 182.91954961
 182.83464961 206.00758728 205.31849585 207.09173696 226.85974109
 187.97993015 182.68548589 202.23734192 216.58015815 204.95119012
 191.08370936 209.62967588 206.04331624 156.96565748 243.52629671
 173.802936   214.45876084 216.6354576  200.01633241 220.64947548
 211.23050746 197.64603223 191.09511827 186.97625637 208.71530097
 194.93882898 169.67462196 222.24301682 198.12503457 187.5096957
 208.72220988 191.95044775 203.05792628 171.99934975 166.43774976
 185.45239145 190.91485305 228.60704644 203.3595158  219.19580512
 200.4933831  232.85087192 238.6876234  212.91631206 184.99735055
 193.36293909 197.77546723 183.08446423 197.94205864 188.80088379
 170.77202582 200.80535247 171.81871054 209.16107068 222.19038425
 222.23198003 177.72864724 223.54948997 226.88491942 198.52719177
 194.19610729 178.46372051 191.45945295 172.69356044 196.93014437
 202.42981213 198.47949009 218.34505753 230.24388101 187.61677209
 233.29284899 215.29496521 194.38012163 167.06976238 204.14224523
 221.84766673 210.07830885 222.69405378 190.60649206 187.06885378
 204.13225862 200.20390768 183.41902708 176.26976051 201.24400635
 232.16229752 189.01448886 215.83662395 195.43270215 220.05375199
 203.21962233 186.65257917 174.1291247  202.68721915 220.8353654
 189.16868663 200.21243281 187.88506925 199.56613398 215.2761616
 160.12757987 251.46136808 172.84303826 224.41088933 212.81510561
 196.42489263 200.23613669 181.06816982 217.43986609 216.54058024
 179.51948531 193.05009645 190.28762559 190.10946718 184.80175057
 225.77515868 231.19598785 226.28945398 207.54015805 234.85205275
 205.99925052 193.22075135 201.15134109 190.44715206 195.64464345
 220.6365182  207.53149912 219.11619803 182.47353534 187.249118
 206.09908028 201.23138997 170.11069628 211.32618445 234.13399457
 241.42139125 198.82631527 181.75772234 203.79158833 174.20898588
 183.5610428  196.72731132 198.99466437 179.92688001 173.75441852
 194.80484482 162.92807034 192.73451658 208.76832445 202.79034713
 191.88557942 207.97088892 202.12914296 166.99351302 209.34674457
 180.63060544 185.69702996 187.322855   180.91068457 209.23726786
 199.50284003 226.6652413  199.48152439 191.45649628 170.10740215
 196.91621442 180.84524153 182.11264474 202.73851152 195.87720059
 210.04910047 217.18512042 196.47266434 189.61270262 178.883026
 176.73681431 210.53329444 203.41480035 194.89182605 211.38513708
 192.68461266 226.80445449 208.05881765 215.59569869 211.02828498
 168.84916289 167.37068424 187.28498912 196.99708706 192.23179851
 209.67547557 171.09121018 186.7545916  188.85832168 211.59050826
 171.10623322 201.48216406 180.64447275 180.07119323 165.3443623
 197.54634168 202.60584992 231.78933931 198.20073826 205.60846583
 184.05123632 182.84595561 193.19802622 206.95554453 213.03125909
 194.2157217  203.18020766 220.6432438  190.14010015 177.69273197
 205.9343072  203.6279555  209.89333709 175.69778947 191.64537123
 205.86393698 167.15455586 220.23015257 178.20417752 168.43285909
 206.91206975 163.46718241 210.63561818 182.64641373 184.46291351
 202.8637058  201.96512265 188.58202763 201.15057367 217.502862
 161.50848966 206.69103868 224.75733285 232.34409164 175.01481197
 163.32373885 212.17252342 196.49289101 212.53160171 196.68423275
 201.03518758 209.7426262  187.99291669 167.26498829 198.03176029
 197.1676978  204.80743892 227.52301449 224.36065477 187.62524049]
2025-06-23 19:37:56 INFO Expected Optimum FE: -100
2025-06-23 19:37:56 INFO Unimodal AOCC mean: nan
2025-06-23 19:37:56 INFO Multimodal (single component) AOCC mean: nan
2025-06-23 19:37:56 INFO Multimodal (multiple components) AOCC mean: 0.0000
2025-06-23 19:37:56 INFO AOCC mean: 0.0000
2025-06-23 19:37:56 INFO Run function 24 complete. FEHistory len: 600, AOCC: 0.0000
2025-06-23 19:37:56 INFO FeHistory: [171.28985828 213.16362636 198.15353926 141.71262207 185.62345758
 191.66309582 203.1602494  183.78064879 199.04934596 217.63573887
 179.11327908 161.45171831 191.73582783 190.66079875 201.55107945
 199.79218143 200.54995583 194.68345558 212.43838818 192.46984227
 203.73093934 149.26451037 207.68428089 190.36207207 161.08218609
 183.25195959 211.59092237 195.73697565 198.47916681 194.33835698
 174.04519222 199.64032104 189.90740049 199.57606945 158.85159526
 161.47921739 184.2102463  195.79014373 168.20998265 193.51614092
 206.99013234 204.07302892 230.39961039 224.44481    169.54547344
 212.45312014 195.10578738 196.0153258  183.47424485 199.0549971
 226.64842522 222.74991255 216.21468655 191.4415698  197.48907916
 164.34661874 200.75630992 170.65797057 208.50429859 171.64390445
 164.74380743 168.4302884  175.42641415 193.16209228 184.56415737
 193.91622923 164.16557692 169.23435793 193.58995239 167.93784672
 194.82231415 163.41863349 187.16184103 199.54503401 200.97656404
 200.99931915 211.54551125 174.10854285 180.13451736 146.31841256
 153.91386809 202.13963901 171.86947415 170.35392371 189.22909486
 150.75155817 152.84726795 165.38507503 185.85413689 144.46450529
 186.31065365 202.37959463 185.93733136 166.18870778 201.56122387
 175.63453098 222.58905507 189.19204718 159.57010815 193.12775814
 167.68984408 214.44567223 184.51590612 157.36932967 198.22128033
 169.61446015 146.9686447  196.39476939 157.55608527 179.44016174
 174.72611588 204.52875169 197.12910676 195.25657951 181.16606535
 172.70082509 201.00037644 170.13262722 206.90492857 201.63348825
 186.41282013 165.88993691 217.77077974 189.81269115 188.38675609
 194.29318389 200.74955477 133.47006874 151.45213481 196.6152588
 186.88756809 170.51898368 227.3481419  177.95067555 183.22153191
 195.17635943 185.08532054 204.87591489 217.64517399 184.33188645
 180.07894843 189.69641012 200.74736546 194.88090738 162.11804586
 188.71709033 180.71879694 190.68695265 210.72352753 196.8234296
 159.1386595  191.52995639 178.8990211  186.94299869 229.25949513
 187.64276204 217.03970815 153.94439101 144.86146869 195.60762674
 182.00157013 151.89187343 190.27668261 194.04220817 205.06241866
 220.38852626 171.59492512 187.05021337 178.54142609 161.79405694
 174.97087982 195.53458343 222.46393283 174.29353815 201.30759507
 193.56227054 199.74448678 204.93017546 177.3742973  217.41918
 207.24012577 158.15064647 228.07269962 165.41772459 205.88107545
 168.62901138 163.16874872 200.97947358 157.84395625 197.59996576
 198.39830984 162.94282188 183.20560723 205.54124257 218.05676353
 218.3442116  157.32439622 159.67051109 183.9062778  178.2920293
 215.79208431 189.23936248 207.58903667 193.12306755 198.56229036
 182.19483967 186.84100043 172.83853207 194.98198491 181.72009752
 213.72482672 170.6659326  200.57624761 181.21378733 166.23917479
 230.02755803 193.07240846 173.98421504 177.86758348 169.0611206
 199.48619628 186.46455739 183.99982933 151.32051349 200.03368633
 207.29239653 175.75351383 197.14943987 194.16550997 191.28601966
 185.07007675 175.19746223 191.95610071 190.05189613 193.94297228
 234.61030917 200.26573477 191.71482688 208.23615759 187.10559976
 221.70823666 181.02407328 197.50257622 189.54914194 197.99621084
 231.31608319 199.12061156 201.325864   195.81840706 187.31478969
 196.91347876 191.34756195 158.17204625 168.62442712 162.65896722
 192.76391416 161.56380705 174.45508546 220.41346856 176.69529457
 213.0621764  169.70066584 226.06728717 211.2979544  151.89830107
 156.48191022 200.03317455 166.50885455 204.48707149 170.76354722
 156.92337874 165.64063685 182.40226722 191.60751415 199.04688398
 190.90973005 210.64407668 156.4910355  179.84844126 143.72796818
 201.63594858 198.30841706 203.81783951 233.71986046 179.880989
 192.0045227  159.76444796 205.17200475 195.25395021 172.37262657
 184.64238614 188.45334659 163.6068818  171.6341429  177.32421399
 210.20767478 217.75729519 160.39832308 178.94655273 209.9641722
 197.94575827 168.70343058 210.47292696 208.1407745  187.78958924
 201.51403096 215.27291993 184.64341125 187.92059026 221.12971317
 186.57757386 160.90219509 178.09849216 186.9524311  196.16057029
 155.38104148 186.46262128 169.01977335 197.63023    211.77778485
 181.55051999 220.18638242 197.92128337 222.28305912 200.11773556
 203.42895758 196.55040317 208.67233739 183.12024841 199.79940181
 178.89762326 224.31083114 185.0602559  189.47779601 184.97263285
 220.93162081 128.13917365 166.94827402 188.53325909 189.08865647
 216.22623866 235.82586147 194.61736364 175.51051423 213.91994749
 158.08557438 203.30849684 206.53747002 218.44929055 164.97504311
 193.5245001  172.96871306 217.85089526 199.34383265 253.73115029
 222.63166895 220.75814402 154.78712006 195.06546147 230.21829213
 188.48919306 167.28658354 203.68369876 187.21367588 213.77945134
 196.47352172 189.5044905  185.72602179 213.67355434 204.77140335
 198.41491419 193.88948025 184.89358282 227.29174544 219.22908041
 173.46273606 191.72652376 209.60800336 200.19048626 193.93823403
 180.49161444 189.57344991 191.1612682  190.08378401 202.64278545
 210.12091985 195.73684703 213.14983795 238.31798588 184.87851198
 153.90061232 183.00946317 193.68267554 164.42734393 219.39659818
 230.29684821 191.48016281 183.59934863 200.09689687 162.03929367
 216.50608514 198.58691066 203.57631308 241.03478928 176.72992321
 221.31370429 203.2909425  197.70580301 160.70946626 213.9085462
 179.66491198 170.74939636 187.85713288 212.04991803 219.38063958
 203.90339156 166.31287636 193.9167389  183.25230555 211.33709967
 192.57897042 170.67731018 213.24868466 200.99662318 215.58298827
 228.27866696 215.63028821 169.68422215 175.80928274 157.46442154
 171.40868948 198.28151927 204.88076166 190.62638957 239.68470182
 184.36791292 191.90257059 180.43898658 171.51929414 184.73864933
 226.84517224 187.50716414 171.4492577  204.65347915 161.25982636
 197.04021877 210.49910348 163.63152188 204.92765584 219.96620046
 199.78885313 196.30032507 198.08831989 194.36166545 226.18160718
 214.48434761 195.04595224 197.47888066 173.51451453 177.85969039
 194.64483549 180.25288692 202.8952212  194.06382899 186.90345637
 239.68115123 201.55679336 181.62080863 215.47545092 215.2699957
 212.44739999 202.80531548 228.30280333 179.61212079 173.65471232
 219.06942777 207.3777769  215.5192857  161.72305244 191.37891059
 204.3208304  179.543212   228.45965432 188.46632547 208.52081007
 175.88082098 210.38094009 176.45531578 192.68608274 194.36119179
 245.74185383 214.02934647 204.77403422 183.06109967 195.76529249
 176.90110967 197.89969219 176.52693973 220.08299083 198.06105011
 204.56192631 145.76251254 213.28323902 211.86422566 164.854946
 192.22279924 235.57439565 220.74548763 175.33704192 219.73687635
 213.330678   174.45070301 197.47298944 195.28831269 177.40813951
 181.26843741 237.66336364 173.35379082 168.59110445 201.21674925
 221.69914193 191.8521475  199.65166198 185.61443064 196.33182632
 207.76140615 212.85143958 219.95741028 227.77602837 210.73886889
 176.93551315 200.08636199 229.7846053  202.79638502 195.22836326
 210.44688898 251.4270437  196.81926405 193.9132524  233.7698534
 174.005281   192.26127665 202.87424089 185.01917622 213.03986776
 202.64806607 172.8747387  205.77497026 208.12941126 196.56333879
 179.67230441 210.31923983 201.98386101 201.50581458 227.61045439
 193.08645703 190.93332106 213.9108416  184.88318726 182.46738772
 197.02773264 211.33238125 197.09901263 213.27141692 192.01423781
 197.82468159 218.93366774 232.59806469 154.24979992 227.28445727
 196.68308468 218.35620054 197.03533964 142.90305416 172.77453603
 205.95904112 213.89340564 139.64121772 200.97742009 221.98190273
 201.80426292 225.32844551 160.19771583 195.96550899 199.03160151
 183.2700731  216.84081659 193.19917275 196.53124724 213.31182771
 191.22427472 211.390738   157.51097163 217.74391692 234.5712588
 195.05373778 188.89683493 182.2729521  207.7547274  182.14799231]
2025-06-23 19:37:56 INFO Expected Optimum FE: -100
2025-06-23 19:37:56 INFO Unimodal AOCC mean: nan
2025-06-23 19:37:56 INFO Multimodal (single component) AOCC mean: nan
2025-06-23 19:37:56 INFO Multimodal (multiple components) AOCC mean: 0.0000
2025-06-23 19:37:56 INFO AOCC mean: 0.0000
2025-06-23 19:37:56 INFO --- GNBG Problem Parameters for f24 ---
  Dimension: 30, MaxEvals: 1000000
  Search Bounds: [-100, 100]
  Number of Components: 5
  Known Optimum Value: -100.000000
  Lambda (Curvature): [0.25 0.25 0.25 0.25 0.25]
  Mu (Asymmetry/Depth): [0.44142637 0.27898903 0.25803028 0.21978833 0.39183826 0.42051979
 0.35740109 0.43165341 0.47744239 0.47234476]
----------------------------------------
2025-06-23 19:38:35 INFO Run function 24 complete. FEHistory len: 150000, AOCC: 0.0012
2025-06-23 19:38:35 INFO FeHistory: [179.46689956 189.07959334 211.01531054 ...  21.33945813  22.74976859
  37.40135976]
2025-06-23 19:38:35 INFO Expected Optimum FE: -100
2025-06-23 19:38:35 INFO Unimodal AOCC mean: nan
2025-06-23 19:38:35 INFO Multimodal (single component) AOCC mean: nan
2025-06-23 19:38:35 INFO Multimodal (multiple components) AOCC mean: 0.0012
2025-06-23 19:38:35 INFO AOCC mean: 0.0012
2025-06-23 19:38:39 INFO Run function 24 complete. FEHistory len: 150000, AOCC: 0.0000
2025-06-23 19:38:39 INFO FeHistory: [203.07920546 201.59844571 180.12057819 ...  74.53411805  92.46058126
  67.89361429]
2025-06-23 19:38:39 INFO Expected Optimum FE: -100
2025-06-23 19:38:39 INFO Unimodal AOCC mean: nan
2025-06-23 19:38:39 INFO Multimodal (single component) AOCC mean: nan
2025-06-23 19:38:39 INFO Multimodal (multiple components) AOCC mean: 0.0000
2025-06-23 19:38:39 INFO AOCC mean: 0.0000
2025-06-23 19:38:46 INFO Run function 24 complete. FEHistory len: 150000, AOCC: 0.0048
2025-06-23 19:38:46 INFO FeHistory: [163.16018455 189.72939793 166.43252357 ...   3.04863436  11.50466658
   1.02552714]
2025-06-23 19:38:46 INFO Expected Optimum FE: -100
2025-06-23 19:38:46 INFO Unimodal AOCC mean: nan
2025-06-23 19:38:46 INFO Multimodal (single component) AOCC mean: nan
2025-06-23 19:38:46 INFO Multimodal (multiple components) AOCC mean: 0.0048
2025-06-23 19:38:46 INFO AOCC mean: 0.0048
2025-06-23 19:43:46 INFO Run function 24 complete. FEHistory len: 150000, AOCC: 0.0000
2025-06-23 19:43:46 INFO FeHistory: [197.83808818 180.90530529 209.37471321 ... 195.24125897 255.91902335
 244.29140304]
2025-06-23 19:43:46 INFO Expected Optimum FE: -100
2025-06-23 19:43:46 INFO Unimodal AOCC mean: nan
2025-06-23 19:43:46 INFO Multimodal (single component) AOCC mean: nan
2025-06-23 19:43:46 INFO Multimodal (multiple components) AOCC mean: 0.0000
2025-06-23 19:43:46 INFO AOCC mean: 0.0000
2025-06-23 19:44:28 INFO --- GNBG Problem Parameters for f24 ---
  Dimension: 30, MaxEvals: 1000000
  Search Bounds: [-100, 100]
  Number of Components: 5
  Known Optimum Value: -100.000000
  Lambda (Curvature): [0.25 0.25 0.25 0.25 0.25]
  Mu (Asymmetry/Depth): [0.44142637 0.27898903 0.25803028 0.21978833 0.39183826 0.42051979
 0.35740109 0.43165341 0.47744239 0.47234476]
----------------------------------------
2025-06-23 19:44:37 ERROR Can not run the algorithm
2025-06-23 19:44:38 INFO Run function 24 complete. FEHistory len: 40200, AOCC: 0.0000
2025-06-23 19:44:38 INFO FeHistory: [146.96324507 149.67463765 139.85803935 ... 142.48732789 142.48732789
 142.48732789]
2025-06-23 19:44:38 INFO Expected Optimum FE: -100
2025-06-23 19:44:38 INFO Unimodal AOCC mean: nan
2025-06-23 19:44:38 INFO Multimodal (single component) AOCC mean: nan
2025-06-23 19:44:38 INFO Multimodal (multiple components) AOCC mean: 0.0000
2025-06-23 19:44:38 INFO AOCC mean: 0.0000
2025-06-23 19:48:06 INFO --- GNBG Problem Parameters for f24 ---
  Dimension: 30, MaxEvals: 1000000
  Search Bounds: [-100, 100]
  Number of Components: 5
  Known Optimum Value: -100.000000
  Lambda (Curvature): [0.25 0.25 0.25 0.25 0.25]
  Mu (Asymmetry/Depth): [0.44142637 0.27898903 0.25803028 0.21978833 0.39183826 0.42051979
 0.35740109 0.43165341 0.47744239 0.47234476]
----------------------------------------
2025-06-23 19:48:52 INFO Run function 24 complete. FEHistory len: 150000, AOCC: 0.0000
2025-06-23 19:48:52 INFO FeHistory: [173.37257608 191.69271025 179.4408657  ... 155.13746341 159.49896848
 158.30613856]
2025-06-23 19:48:52 INFO Expected Optimum FE: -100
2025-06-23 19:48:52 INFO Unimodal AOCC mean: nan
2025-06-23 19:48:52 INFO Multimodal (single component) AOCC mean: nan
2025-06-23 19:48:52 INFO Multimodal (multiple components) AOCC mean: 0.0000
2025-06-23 19:48:52 INFO AOCC mean: 0.0000
