2025-06-24 16:02:28 INFO --- GNBG Problem Parameters for f16 ---
  Dimension: 30, MaxEvals: 1000000
  Search Bounds: [-100, 100]
  Number of Components: 5
  Known Optimum Value: -5000.000000
  Lambda (Curvature): [1 1 1 1 1]
  Mu (Asymmetry/Depth): [0 0 0 0 0 0 0 0 0 0]
----------------------------------------
2025-06-24 16:02:28 ERROR Can not run the algorithm
2025-06-24 16:02:29 INFO Run function 16 complete. FEHistory len: 500, AOCC: 0.0000
2025-06-24 16:02:29 INFO FeHistory: [110950.65868214 122980.39740161 140203.4093219  143762.56813925
 152375.00832782 118089.36704567 111622.52710354 135320.88571817
 121548.99370075 155286.6504677  150129.54146989 175012.66230964
  77413.62464325 144151.34014773 136838.88184937  96571.08906673
 116160.34733053 107562.02866242 117169.18136568 153779.19727661
 138733.08122189 145494.14212545 142688.95056767 168679.35069843
 161626.43116006 128471.03586101 160565.83194319 138553.37253803
 131815.07205598 138764.47567961  98659.27689755 121986.70306439
 128947.30412965 145963.40684729 141134.30148689 146830.54207226
 129988.30717963 134877.61700617 142347.84799782 153577.67861331
 145269.11437671 110526.59057722 126211.41673246 137958.96160513
 118767.78943352  99646.61527481 109546.25685403 128035.01559931
 115161.41965602 139449.29838798 153595.08778153 104515.91773966
 129340.77743948 143073.97581137 190164.22643804 185759.93327516
 139719.57954914 177343.26537329 179048.29449806 123469.6195058
 163296.467836   209510.93212015 207164.20106591 162313.71431276
 133649.0290232  156103.80019561 151539.71389067 134939.17741406
 108463.59179943 191995.20046737 201576.43560155 142081.00497085
 120322.96108159 180476.52038652 163321.61506034 193285.7978692
 146975.2389408  159581.68009524 145002.41087939 162919.72353803
 117546.10881731 140745.63623242 153488.70060155 135638.39369423
 136198.92955463 140847.4988322  157452.83497159 144846.78864881
 144841.78952796 197617.78657148 146121.66089546  99803.76924394
 145401.48911356 130883.70189683 163822.64442538 161831.96054667
 180977.57153724 162397.1842267  118928.39085289 149193.89357134
 101524.4184842  130640.822599   129420.73532492 107128.48236744
 144967.78599026 122242.72175674 121690.91055815 114573.97480183
 165680.84821347 110882.22642146 148511.75808736 143529.5222355
 117802.09910382  78298.39113328 148361.13890984  89604.36720115
  88019.53979026 146761.10338537 123877.86213165 144489.22266238
 189079.6877101  103881.67625524 141822.88553492  83073.90580644
 141220.98268886 144045.82072045 138567.73084953  95469.85293601
  65752.2791788  126825.42312497  97665.17602895 157210.06243857
 108812.22832469 107276.01259479 157412.92033668 104636.41551298
 141671.11557374  94112.53222431 142945.86839871  91806.95927653
 165668.00656794 126743.55131871 153785.30636162 126285.03266638
 141459.91655754 136854.8033831  145871.61439584  93360.0036797
 129298.41814223 176322.10761705 119465.40835588 153191.04140942
 153968.96505589 158714.8018135  159975.02201234 194076.1973372
 175594.64323852 165669.91490579 128195.57634022 132751.80839729
 149384.87307367 168283.44544931 194067.4889632  194143.78417194
 168425.23642024 185227.06775728 180413.61914918 175430.8340324
 171896.6854345  199979.06061032 142298.81996994 134314.77845392
 146515.65582193 195669.0708037  147013.96410118 146089.41123702
 109439.85902202 207168.56428687 117534.29745025 155800.98098512
 182393.7501916  180125.96226526 121844.87056424 198203.0733326
 169556.89523292 171985.71841028 147922.13678548 135039.77741069
 138602.15044301 176113.53046061 160184.40801384 124295.05353262
 121405.36843054 125075.29737448 184932.41892247 143843.30161145
 128321.67812122 145803.81098118 182117.70827362 218791.69255585
 122985.90308246 132360.26296842 170070.08648958  99449.41309998
 104738.47849486 150340.6684238  140520.87908454 132109.98948181
  79529.47950853 163354.14250624 180676.90326344 134800.54552288
 111752.67914535  96587.81824582 128265.07034116 166352.23281093
 128588.53434539 132691.73382813 155295.37853386 135501.14805116
 142366.19472109 112505.44149127 107010.73028385 104162.03904215
 160771.34693388 181945.37960206 142152.46218257 157380.71078185
 132378.20627529 141283.44190944 145624.78810063  83005.72109479
 100328.53311591 163416.19646188 117516.12648335  77962.29111613
 180542.40153002  86739.74185935 126345.12312816 114440.97856498
 150180.97901863 122930.11867597 162727.81176009 144537.23697164
 109716.15745444 114609.16336097  79067.15259397 139808.72674888
 131236.67142746 142932.11105853 171953.50437174 165765.11256977
 205472.69629901 126320.29681265 180047.13332318 182485.30928945
 149164.46793185 174991.39708115 198570.03916501  89391.99629881
 136629.536051   175280.23451809 163290.98462939 145773.86003897
 124698.45897057 179743.29175237 123972.95148029 140896.55423023
 136285.66589968 174869.65921258 104360.0023987  191199.09750516
 180580.38619386 147480.55024297 142267.3592594  164541.99787904
 201830.17706949 147011.72283322 134092.57802492 172695.39758563
 120272.94821412 119813.72912779 148248.33411586 220943.61398254
 132760.33232057 138961.50444383 187857.1690398  121314.69327719
 166264.12623494 178590.81754922 148030.13720372 196144.83850884
 139566.50220592 200671.66801339 173229.51790678 138813.10107323
 144096.83400452 140793.8644004  144775.12118905 160101.85401801
 143425.58057688 121329.620275   124465.56040432 125167.0952604
 123856.7362021  138592.04248828 121924.91068249 134037.12245585
 120463.97735566 176219.64428473 151494.39929104 148474.10401346
 118577.95948175 123421.20853827 101590.05151087 160753.78520057
 147241.43002031 128051.42485563 115434.06321141 171332.48985451
 120247.81542493 141339.35314798 153204.13041777 113475.42999411
 103852.89336203 122236.14234069 137875.35302243 121605.25742346
  81342.89641962 157740.79807144 120354.16503801 192142.06148742
 126620.5670492  156301.66772426 160113.0144485  171248.24547002
 154768.77645548 177178.96409367 150093.56650521 115050.50119511
  82084.5898699  104028.79651874 188215.32633992 138936.87872249
 168826.86352985 109820.39560954 111265.76747451  83850.9786836
 105941.18670921 127582.53904748 135101.64992988 135123.10907567
 131249.98506458 158193.78498907 161267.51299623 181236.74102204
 147829.55227659 137125.90163124 155728.55993672 170391.14092319
 175956.60929408 169846.72968626 193048.92645888 172687.40742007
 123181.5770951  103939.73429603 144933.81803493 174417.56303688
  89032.48170608 146582.28997466 121168.46242515 153420.02612127
 181304.37338718 178248.44685696 121027.82489834 179896.50552661
 147912.9746157  170035.76690571 184924.12177212 177546.68744957
 146302.641588   153357.21464858 139057.66223738 142149.67282062
 120081.68585837 216869.70420801 153461.60828722 145584.82037327
 160612.20389331 209892.07500019 138422.62850896 172207.93088904
 107400.39436136 126677.87696121 128527.39386197 154108.83958813
 151953.83334902 157947.79452813 158252.03565425 107296.52797637
  92720.50189291 145225.80435204 165032.28967542  95543.13877429
 105263.29029557 134324.70257265 147645.47951486 101765.95245938
  92347.84183477 111837.60648967 146078.91634683  97559.86275258
 113462.33573766 130135.53971945 115170.87018414 147087.44903123
 135862.33401595 103399.68751394 145542.89388149 174459.97297422
 116405.99194963 126023.25114109 119590.98291108 118066.46401447
 137934.96902209 106627.39586513 104096.80618426 107868.12470261
 149770.97544147 128991.04106854 108143.24899456 125102.09464302
 115246.25407443 127562.84763567 159834.03043368 156672.41497768
 174293.49763586 118365.33858035 164631.24241059 135909.70564383
 127572.46728973 113430.28219924 164522.97137342  80669.14559433
 125349.2778433   96297.00609906 155383.10203596 151810.96155747
 169088.81216911 129338.9385187  120155.8928788  138103.8331122
  91025.43504746 143518.00193725 150739.599232   139440.40246817
 194159.10439963 206563.8447344  158167.20119057 112134.56390979
 134902.99578887 163200.17311203 173696.16080582 117026.06129944
 177727.55042506 170215.34658532 163922.19941938 174955.90809842
 129632.20903628 147931.408681   137700.8867666  181914.42037175
 164512.75533514 159728.09432687  91147.66662637 136512.06292139
 193066.22763568 185262.44302829 138838.43255368 194580.93936561
 114615.43254407 145848.17192316 204664.71121676 138789.46396793
 153744.86262539 163187.83502359 123151.64469644 153772.79625153
 115552.59079257 155997.56728349 176216.42688147 128355.37118814
 216871.74470988 157761.86519844 128720.72970793 163035.3192698
 180629.23139679 159462.69119053 177539.08344989 148808.48271574]
2025-06-24 16:02:29 INFO Expected Optimum FE: -5000
2025-06-24 16:02:29 INFO --- GNBG Problem Parameters for f18 ---
  Dimension: 30, MaxEvals: 1000000
  Search Bounds: [-100, 100]
  Number of Components: 5
  Known Optimum Value: -5000.000000
  Lambda (Curvature): [1 1 1 1 1]
  Mu (Asymmetry/Depth): [0.22159228 0.42314776 0.4901829  0.25862884 0.37043014 0.37440768
 0.26098797 0.491006   0.27569772 0.45404864]
----------------------------------------
2025-06-24 16:02:29 ERROR Can not run the algorithm
2025-06-24 16:02:29 INFO Run function 18 complete. FEHistory len: 500, AOCC: 0.0000
2025-06-24 16:02:29 INFO FeHistory: [164834.0651856  158586.78977483 183253.84336076 224745.16769013
 137220.02843841 130916.81537913 133658.61269951 172218.44179016
 160758.6626584  106420.28684107 142586.22163707 149029.80172802
 163399.14338788 141522.9566082  228198.05907359 100891.24517386
 164179.07893214 161292.86216628 148102.12937303 200421.29135502
  99006.25479955 115307.79012699 123784.11539577 124553.66147924
  83790.16310269 195562.99764378 172904.10377664 164913.13880244
 192268.90928129 159679.04236001 185568.65368054 130584.69124524
 200277.74017441 139913.03305172 196780.05430559 118683.53130343
 152586.07666535 165059.50952145 155687.53202912 156382.1565203
  90056.68204043 194413.47836867 175964.28047899 180304.42624931
 174928.67550299 182862.67650038 177309.26281116 117336.24206859
 183184.71202707 155041.42849133 225347.08411127 139246.62201213
 244510.99897449 121659.52499584 136071.06012167 211822.10291592
 213040.71954373 205552.65649792 215297.81166593 187065.41208569
 255198.04005746 228204.39940182 200235.73469813 152216.29739237
 292002.98623892 105732.29620206 221423.42356309 228618.38241391
 203204.05664186 207766.66097797 137464.99677889 224528.02378865
 201710.85907102 116655.46151894 192683.1547428  169954.25946321
 225644.2748127  163427.1676296  203800.4069485  160884.54686745
 206064.13337064 216530.94062802 160131.19950681 210778.24664752
 216978.15117294 184298.23481439 152974.16983535 231206.30154633
 167493.64159065 205270.90056413 164761.96709804 107640.22627398
 211453.06885574 110216.40005046 189028.18187188 192400.49466293
 172400.6265296   74444.82991333 233976.10351534 188542.20555312
 171699.8040413  140780.06293674 149916.20177843 159448.248292
 154249.68297753 143057.71368608 246554.54007651 126895.69004015
 132234.9446816  154963.8745712  148836.68180802 198515.57103401
 122201.96662848 130003.21223116 189553.53651917 133258.53384178
 180155.16300212 118823.95669412 109802.20830062 169163.19098163
 153778.37753518 146865.54909135 197341.92059575 132518.18299296
 163994.28526335 155920.0048709  187417.4933909   71680.14660066
 161489.28690081 166929.90658432 125137.97043268 149698.30591647
 149352.58583702 143980.02226225 173735.00569308 110608.82613414
 129489.0375616  185705.04412566 162145.36331239 230025.24069924
 180752.51881994 194027.92273127 163872.20041703 155532.68476346
 138388.52336313 104845.45183044 182028.74827771 182223.00112038
 119610.0678532  119798.80020636 205447.37069271 177417.96093322
 221998.79443071 256092.13424491 153541.35503504 209702.5507474
 125409.82934268 213453.86650898 161338.2134382  179049.09898163
 200471.10104215 188414.78263419 185958.52862085 147032.22244802
 214918.23103029 167243.16633762 163602.99434276 147473.95081301
 101890.29600656 184604.10318247 164914.85155591 175910.61294639
 133809.10499358 195111.81672071 161771.06036047 173277.15955393
 206886.53262828 106178.64410421 199676.22751796 144106.78247438
 135619.75743354 157746.57474208 179733.60891025 264579.15295266
  90734.18560025 150632.77698051 262543.94011425 139862.50749371
 158364.21253381 146911.15046733 234809.85783273 204183.21213874
 146392.1410722  230526.11420475 161563.17842837 201333.03940991
 138716.53500902 181949.77600948 328084.30878521 131540.9546523
 147123.80589035 100239.57201436 119447.36574897 137154.31373899
 141129.88411519 170615.08387292 184363.22799201 152118.81985754
 155660.21226947 106137.40558472 120109.04311348 197586.41630561
  82726.10916627 158428.19488992 139720.51448218 205774.69962325
  96498.1894023  149647.65015744 106176.3940885   83122.25156361
 173052.57566129 183720.98905141 184973.8984651  185772.91556989
 142872.2570809  111518.3694464  138420.22313295  95768.96313976
 114872.68467445 177382.76340371 129957.02082723 123418.89673138
 261501.06406344 123529.59986819 128960.14330359 135250.7498349
 150459.69745303 116007.61879884 198828.76508173 176103.05506102
 140683.37954981 167084.70631648 162204.22545479 179668.40546641
 143503.42455617 164122.04659951 188959.49493944 144741.03367642
 132856.38720812 165610.91184083 152365.51620209 158067.559451
 171535.2073449  193906.22489373 229458.59366462 165671.10570016
 149291.76478297 196523.94295887 163213.36594488 248766.55255219
 163324.41333632 139101.07853641 217611.43488534 186715.8041275
 111199.61706197 130816.17684483 144605.56169883 171909.16099052
 192932.96412901 145860.36474362 135470.98599772 174563.76536629
 179133.97680382 178812.13337827 348232.85581737 118789.5549735
 163775.12361181 126015.14616777 122959.88847145 241575.03887666
 160540.43009803 155824.09124085 172973.63158353 131910.73810224
 188878.39771937 274817.05805347 122288.95329211 167925.0636463
 179359.72601277 172863.71863203 180818.89738478 200603.81675626
 166750.84415628 185286.83339958 165893.96498856 135230.11771589
 197613.07062119 212797.81295655 165654.77802655 151687.17864385
 100572.10199263 112955.70254284 163526.70524345 126578.76476911
 141735.39404428 166712.58170978 114752.10132107 164083.25165435
 153899.83011737 113513.63373446 118440.89263313 196188.4637222
 153412.66955608 176795.56445272 146570.50242146 140153.4953373
 156927.66975839 108500.18703904 166831.09117414 159904.89798786
 137714.41926024 116660.24803098 106811.96089359 137003.30637609
 151963.6586525  143656.84387597 111170.12384875 115316.22554064
 201678.61133044 149893.15721132 240100.89837549 160369.5111194
 157980.007613   161687.77042887 137703.00127926 148980.62619367
 168208.41398241 172737.07236333 146976.16166283 144310.05730327
 156092.13311548 184034.200347   160070.34481384 182414.38226699
 210103.88058609 187483.22359809 177449.43532435 177118.97078721
 154440.61705881 152205.10739123 148901.91723012 222510.7423821
 256703.31649999 327683.71006512 192668.27345087 168177.53260432
 199476.71752366 228486.78760398 230067.64638997 170157.08716871
 170272.20411059 212576.40227251 196613.67510226 164985.304899
 149617.37339145 250662.4272572  147295.43865432 199868.48755402
 183667.07774508 141844.06461139 118299.32916598 231936.09639621
 160336.89081832 145217.10243881 178402.94092406 183074.1898986
 381199.33808097 139700.31797166 180357.0218613  187686.68531392
 152145.69087888 208544.01886815 183305.94613931 184309.77127341
 107906.69016817 245292.78606355 117013.31589461 156569.77085009
 181141.03000205 174344.42990472 187864.96984117 247976.1664778
 216723.1292756  138577.22672009 109622.80232015 210238.37518341
 161355.51781726 113121.17360822 195733.02488646 179243.86292972
 162251.08044682 131976.07990473 115500.21149968 123734.74788507
 131512.71304207 106850.56267653 196496.85386018 132270.57234706
 130978.30127699 186410.21315744 191687.44262493 167873.74690353
 120923.58288576 193523.76839059 178175.53560568  99729.22321004
 118388.59364304 134806.94593654 158517.73265547 116414.08823271
 230751.76798366 176750.90344328 149221.2230524  144696.54043785
 151359.69405194 152289.9362562  122355.42573435 212491.90608252
 175004.38652173 136907.14011477 129826.13199865  97017.86278985
 138018.51876255 124447.63532881 175851.42269963 162552.96142532
 149157.88324689 186368.0362015  147958.1054361  111161.41585097
 232123.39273744 116773.48571648 204317.01299613 161089.16094488
 136558.013379   175732.62975467 123512.46985966 162086.67312221
 137793.49510872 178910.90100438 201484.54609799 184447.1808885
 203947.58435387 169979.08751551 178236.73726664 153801.95682531
 148542.30525289 213782.03038264 129271.49703978 225183.52699193
 179589.89290471 264898.73261158 194193.47235525 117429.1952053
 236435.19016332 144784.81580252 217536.34257434 166850.45656119
 136075.64664328 139885.41033374 100640.15258015 197021.21486427
 199973.07516267 234319.01261611 188453.58561528 181231.94144028
 166454.11551641 180358.6094096  182607.93277917 132822.5317769
 187540.54969911 237385.3164124  146853.96729375 258168.69691765
 202044.766224   184728.47401823 187933.52550836 242023.15655676
  80805.17347367 164943.36424018 220428.46155649 195740.83823448
 117780.54304297 182970.58404447 211854.47511782 206198.04110611
 121463.99306548 161194.06737963 194414.90645866 165096.65048303]
2025-06-24 16:02:29 INFO Expected Optimum FE: -5000
2025-06-24 16:02:29 INFO --- GNBG Problem Parameters for f19 ---
  Dimension: 30, MaxEvals: 1000000
  Search Bounds: [-100, 100]
  Number of Components: 5
  Known Optimum Value: -5000.000000
  Lambda (Curvature): [1 1 1 1 1]
  Mu (Asymmetry/Depth): [0.5 0.5 0.5 0.5 0.5 0.5 0.5 0.5 0.5 0.5]
----------------------------------------
2025-06-24 16:02:29 ERROR Can not run the algorithm
2025-06-24 16:02:30 INFO Run function 19 complete. FEHistory len: 500, AOCC: 0.0000
2025-06-24 16:02:30 INFO FeHistory: [174965.54786653 151905.84883023 272285.23398981 140307.41681301
 126242.87460051 146531.09523223 177813.74776727 131130.14252311
 203412.3544687  139729.66832939 200602.53164567 200437.46145745
 216453.91418126 181307.11083866 151313.48382527 241695.56966293
 164816.17116493 138249.96561166 151070.67351966 164388.11640434
 184444.92739039 189134.76217236 299464.17042071 211584.60003798
 169538.38419678 185854.0488047   96107.33245359 102620.00660487
 149592.02768229 147694.77478939 148129.86136514 134029.09472247
 200472.02605004 233021.38556871 171349.82633868 201520.83765401
 318397.37209488 134130.78695385 128521.77742833 232628.04141959
 215631.23926595 183235.35570153 145679.60202768 143927.29340173
 203939.31654002 270233.1406128  144854.33622034 168025.99096126
 200448.86935477 158544.23590063 225784.1859783  288550.58341438
 256676.31936365 147236.68707676 135491.52527303 245253.06802938
 226392.53688197 160816.57386708 173821.54862163 111378.63442042
 201256.43132052 194927.57927331 221836.63407158 158730.45578461
 161185.76765306 238548.36668356 130889.43702239 239842.87897277
 225358.16399065 237137.14094026 213723.7286391  155421.71435352
 208377.36574245 161444.74239627 163723.89243919 242593.15051108
 226448.83710065 127497.96658425 289204.48471001 217430.97608085
 226230.82313332 165205.50944931 265672.02806061 117169.25990878
 264095.15762508 225844.8273764  169278.74406199 235621.25289517
 138739.95515243 110415.87612264 211048.38105399 318176.48591754
 213782.40250821 207110.80210864 142637.05483379 244890.85469746
 288165.46207303 146070.33243588 127053.98093348 243249.05141312
 123378.05746915 134631.05588594 168889.81891394 155095.60441438
 158153.09467889 149733.7315796  193117.71259166 160805.05168303
 209820.6269316  170634.8395732  109309.75128111  88354.21626899
 111201.88692544 171890.23066231 150468.60207906 135439.24795075
 181040.67785769  92402.47208904 218223.8618859  153022.55095098
 110865.47812399 296364.11830136 150888.08814809 163394.7561933
 153621.28298021 165299.05560015 170118.58783925 107436.09178136
 143593.84112394 170606.5762684  185773.66731249 208404.3123398
 159737.98591782 126355.46065548 226040.01275709 177885.22122085
 164506.45723143 234432.94529386 159268.66052783 261781.75026003
 244606.53007532 153416.86875643 175959.37256356 234212.0763693
 134093.63656759 174957.42952352 149158.08207514  92359.1888269
 205202.59414325 111427.43844731 189854.91295762 160287.63824717
 130799.33644827 223389.7101637  190770.66248846 203021.90423569
 285404.64774917 229904.52103892 194478.67065261  86365.15441201
 118840.48345076 169119.31424876 294260.38135523 166527.07911353
 192027.56550581 172978.99601893 251311.02437943 150814.73523091
 209994.42251272 275270.14891294 187619.72511407 252104.05855846
 235316.61283577 278971.68381399  99589.36573644 255857.68682972
 173417.68584418 175746.15905377 184897.44148241 261293.03920535
 150815.79311482 232173.67173874 199026.16384576 261629.58402848
 205995.92332292 167988.12200397 122883.66967766 291525.15342786
 186039.56812776 186208.81475993 257309.7368731  273028.78448791
 281542.64201384 130762.84456868 232809.33296798 270388.14126346
 328777.81345212 253562.99359268 228591.37678587 235728.41180368
 180109.65647056 177063.529101   119471.2130556  196332.51546394
 166895.39332528 238042.77619169 123855.76021712 174189.55668544
  69905.47658908 148567.35918336  66336.40259699 230977.20454626
 126221.95269595 112893.40895391 218101.21912462 151947.45705575
 240554.10595736 195316.38658371 192888.420606   247821.41124136
 198381.58080386 191049.14896243 187216.68565308 212054.06662947
 120899.80281384 132416.76555633 154562.5837157  214257.35746791
 221705.77633113 176328.54726683 160392.66986278 128406.90292294
 134894.93338656 155193.2929873  190791.11891935 225457.16482136
 127496.52058533 139219.07223891 160654.37945247  93613.38042448
 142692.27106375 219279.48559813 114909.66617141 117124.50442053
 307106.68698037 167935.73096612 166889.1474622  124215.63917404
 177308.03448279 203929.06402615 186214.35857213 185323.59740076
 264365.71622045 179252.12519618 195958.12677957 177811.98443182
 143069.68670387 245007.13244279 113717.17362464 179409.43257746
 197831.32903639 191183.35888743 169613.53978053 204228.16896859
 287028.5067114  185477.54887865 189149.44965942 222669.66184133
 345828.70318737 270057.9462464  310560.86457193 187464.64476733
 170505.22243633 211976.69535586 224220.81877069 258999.99001857
 204151.86652606 105597.78514457 143982.91317905 128164.94830264
 202986.92819794  88717.41899172 310081.35601132 265734.60521713
 127358.29045557 193524.53621716 204612.63159969 212225.09502752
 144940.51309553 224566.63673725 207941.19507526 156243.09380066
 146291.1154093  197929.26304169 205750.18216638 238721.23212229
 138486.0581644  202741.87597402 134728.36548896 206653.2709324
 147652.5848118  172194.24781845 146817.79338766 178464.86105062
  85976.65131507 188412.23710957  95681.64084049 190970.90141657
 298733.15206563 273501.67365055 276273.68250766 198577.55469456
 251500.24539331 262202.65636764 165286.63092223  72405.17212524
 151436.29274291  72070.3066264  240686.16287244 131726.53614757
 116343.61146532 172571.3854145  160287.53299285 151304.42101869
 221563.99608025 156792.40222708 192122.47501208 167370.33853002
 176895.19993139 207691.02521935 110971.82603029 201611.94986717
 110019.01775334 165997.23554059 255585.7032426  142147.51425136
 219640.49918643 270737.93930382 130994.95780706 172618.55304455
 190212.33063503 199239.16697597 182757.52414737 147263.53676984
 147484.97234452 104087.58241963 186651.37889853 240814.49296045
 183220.16187133 141625.98514539 178614.17540162 208481.90024083
 228014.51963059 254385.52458149 171704.75346403 174008.54844164
 142968.32230236 309085.29266677 195142.73595404 179224.65079779
 205897.44785534 333643.86092765 229786.92405557 240934.61567654
 167212.25905036 245993.17158045 186703.41976551 150318.4361139
 253090.07185786 232061.43566787 172435.82862406 139665.87536049
 164840.29056478 251891.60128008 200391.68374425 131730.56179832
 175439.25711768 244803.87086826 201760.50667635 235871.34265673
 204866.23160547 107802.80246449 147493.49140831 219845.15220592
 156809.08222292 153239.87159864 147209.53747106 216360.48459639
 192147.92316701 121214.92379204 313872.79020349 244956.74471758
 207904.19273306 162844.07440958 199022.56483906 151558.3909714
 313675.15743048 196842.71721161 232931.68959413 222531.78743684
 105826.12071123 222832.58768228 274049.05082848 205762.18536836
 145807.5030277  147419.45897484 156476.48988947 129076.79931765
 178379.05246767 124961.04004631 137791.25833952 137214.55485662
 175171.28479276 203395.8232558  267100.69446138 153142.22639973
 163872.70563574 190963.58247759 166632.25826106 111263.41262879
 230314.78051987 161084.52205965 175429.29330357 197023.45793574
 125649.89066563 124956.62578745 175031.06515196 222570.76818459
 146996.07341398 194870.78115292 187352.75596669 183044.55214917
 130851.47061609 156861.67948654 185883.10881101 104299.58877534
 190417.76812693 115757.63056235 211334.97419424 108848.71228924
 203762.59751129 124077.27442824 165991.22442974 184859.48842935
 300623.0964613  117318.86993092 175299.89527853  98845.05876835
 111241.51055185 198241.40906626 157666.47414839 156434.8465079
 251645.46457757 256821.74914553 287341.44806548 262922.58406282
 237272.12374847 185562.00909285 230059.89864145 257173.10236134
 202419.53090764 295389.41208413 160751.27263557  88210.65261226
 207945.87403768 294540.4084102  218411.42522202 155729.48105286
 245615.54644496 119878.28133812 131728.65172923 163954.12393898
 172636.11237592 225618.04768568 217816.77599112 209365.39467522
 196670.32933451 180661.70893923  95538.78104324 162647.38949452
 183132.11692548 233291.64755751 293695.16406746 166167.46734048
 322511.9695643  228494.02553898 188008.32575223 215445.80288997
 174375.78978123 185106.4709806  234904.54285807 148657.99098644
 231820.28548651 173067.38970928 221839.17827825 211171.61003132
 194983.95000513 184328.54639823 263083.91461861 185784.53584128]
2025-06-24 16:02:30 INFO Expected Optimum FE: -5000
2025-06-24 16:02:30 INFO Unimodal AOCC mean: nan
2025-06-24 16:02:30 INFO Multimodal (single component) AOCC mean: nan
2025-06-24 16:02:30 INFO Multimodal (multiple components) AOCC mean: 0.0000
2025-06-24 16:02:30 INFO AOCC mean: 0.0000
2025-06-24 16:02:30 INFO Weighed AOCC mean: nan
2025-06-24 16:03:26 INFO --- GNBG Problem Parameters for f16 ---
  Dimension: 30, MaxEvals: 1000000
  Search Bounds: [-100, 100]
  Number of Components: 5
  Known Optimum Value: -5000.000000
  Lambda (Curvature): [1 1 1 1 1]
  Mu (Asymmetry/Depth): [0 0 0 0 0 0 0 0 0 0]
----------------------------------------
2025-06-24 16:03:27 ERROR Can not run the algorithm
2025-06-24 16:03:27 INFO Run function 16 complete. FEHistory len: 221, AOCC: 0.0000
2025-06-24 16:03:27 INFO FeHistory: [ 91197.03332431 139774.77077588 135854.6494359  191819.27460436
 110772.80199928 126484.86588098 135696.2925008  147803.2026075
 122659.35578608 103168.60144285 179859.97038114 132375.80247711
 128448.57741207 131687.03856079 140357.7875937   93172.1762785
 122552.36508121 130006.24742901  83636.88247505 153510.00754893
 101894.68493454 156046.1443561  156574.44841345 134082.8737528
  99914.29994578 161151.76363925 116011.44040617 131065.80375047
 138772.76027068 151088.23918875 192646.61197322 128875.58621302
 128183.10650335 140870.16281927 117528.84292709 163574.97704385
 112768.42312604 100765.46677055 108774.39783409 110041.00264306
 158432.38336898 167205.7134699   97556.66486788 157476.37826883
 145339.16512675 130331.6690138  158098.88881451 151810.72486295
 140367.64489552 127295.49427591 107161.11217981 131280.97176916
 138045.66618601 127873.26717466 152608.49560795 196946.58254599
 111888.638652    71699.04674299  99765.75421351 159001.95301465
  95199.17803592 104073.68147186 104681.04779242 128630.92717741
 130610.52203252 140668.86407377 196239.30564246 149885.04758967
 165047.25148822 139783.51183588 124112.84169121  93043.73600479
 127118.77551807 109079.62401486 105334.56194615 126973.89198665
 128807.62787185 174589.289569   162954.90622933 140330.38118685
 162792.94897445 140358.26900187 109380.69573844 135384.03789292
 134699.68081992  97579.97187408 131667.86098591 120354.33125503
 136350.19303988 112933.20012804 116195.34887821 127853.16915321
 126372.38597463 120033.97260349 105045.00201548 127156.68688359
 126142.13382645  82042.02409427 109727.55325353 145662.31064642
 148282.46812074 128416.35149749  88050.84814621 178062.46205382
 130024.26658703 168016.02925797 121611.72134123 169116.02359621
 131033.69916638 113252.12871496 194084.4638426  126339.35588721
 107393.79740985 198186.80277781  94653.49713967 140405.61243858
 105160.56550906 176008.75271629  86723.53273504 116724.5340216
 155649.00457391 152926.03658201 174665.96514825 136622.86723015
 150263.03592564 141931.16726492 133516.90255449 120765.38017336
  94939.21190971 136949.66882539 137411.24580229 123694.65972271
 120000.33977599 142242.99653759  75421.96933601 131179.03972787
 140838.26699763 141455.21288151 147662.79611378 131860.5051397
 138967.69937527 117027.7112021  137765.47858633 123770.12230741
 145516.72213578 133341.98346041 136013.54849241 129650.87806938
 144782.71423642 146062.14064607 123524.74710193 127155.99185274
 114325.45830488 163582.03929223 108292.06944696 127197.90247032
 126603.10217444 118386.09152216 120671.78660999  98422.21544506
  95212.49317652 133589.62454347 142712.4126997   94577.14857926
 124012.58865335 120831.98285827  99648.69490801 121613.34502144
 138882.00574758 106823.94594988 154189.51629195 107637.08266012
 129146.5118808  191230.02134149 163161.92211764 114492.39865788
 169470.53192097 106817.03311337 144063.53152629 151038.7677459
 131327.4530906  118965.28551975 121168.29124705 120381.65199524
 112525.92499216 105960.90088617 105374.44293907 153318.85405659
 138690.36663444 145163.6772407  126027.16335644 143759.2031011
 148559.80960548 109241.29573358  91911.20458615  90615.75433024
 126311.28912055 101764.85028919 163546.59674098 135929.59943304
 136864.74364662 153923.08102054 171062.05703497 178507.99515514
 173326.85514873 163304.43556525 244741.22864528 147863.49022719
 206517.01373504 179839.98661511 203693.4431529  149512.30121331
 188574.36320195 169250.97341974 200416.09282008 196828.92103255
 204958.11680936 282562.3511019  205075.49094725 209669.35892152
 187187.42014374]
2025-06-24 16:03:27 INFO Expected Optimum FE: -5000
2025-06-24 16:03:27 INFO --- GNBG Problem Parameters for f18 ---
  Dimension: 30, MaxEvals: 1000000
  Search Bounds: [-100, 100]
  Number of Components: 5
  Known Optimum Value: -5000.000000
  Lambda (Curvature): [1 1 1 1 1]
  Mu (Asymmetry/Depth): [0.22159228 0.42314776 0.4901829  0.25862884 0.37043014 0.37440768
 0.26098797 0.491006   0.27569772 0.45404864]
----------------------------------------
2025-06-24 16:03:27 ERROR Can not run the algorithm
2025-06-24 16:03:27 INFO Run function 18 complete. FEHistory len: 221, AOCC: 0.0000
2025-06-24 16:03:27 INFO FeHistory: [111094.9600041  177601.6339889  147246.78594897  89510.92162907
 148676.52232445 192087.77291823 120835.01174488 155874.03526046
 172769.48190485 247184.65543454 188422.20834783 151486.70105387
 164921.61617184 156818.13615967 133663.41896874 161494.18837931
 186115.5763191  137731.51944517 184856.48812351 187989.42181148
 179223.10346017 110014.67512292  75635.77087727 126929.60570105
 178310.1513702  149812.94787955 159813.53216848 173207.47306921
 153890.18374645 227713.03386055  98343.49321874  98148.69826086
 160248.41136974 162823.53065265 212583.3688215  160405.03959366
 139034.90409403 168423.705464   162930.5344077  151469.57929563
 143976.10059076 107660.74809801 106689.58278454 106536.62069341
 164685.91667702 151111.41728968 159481.03307325 220347.13907803
 127185.62219806 111413.75525165 190581.91046383 194826.24296662
 143242.8246902  182762.44832919 127415.81309748 148391.54075217
 165721.08448221 122338.25323285 160679.35104452 116292.18463553
 138648.22768336 186228.70865015 178358.41123804 163811.37056934
 115641.54342682 137007.86303554 149357.53457619 200786.92551326
 166779.62153369 193305.98767977 125543.85613697 127087.7457853
 114871.53371561 167653.18247187 127945.36801282 127109.44480633
 129646.52339773 146312.45923156 133102.5006111  122008.84779474
 173076.13615126 165277.75232786 155854.48948704 112803.80820624
 117384.90898256 170160.01334866 134647.07881973 125936.30619765
 154317.65860199 196828.47842402 174374.1746448  110814.11099083
 157996.2600562  163408.63713057 104763.74153881  96355.76751013
 169445.16959268 109575.69889927 144405.36301967 170287.19820835
 132191.73154227 150557.6020866  100184.84083261 137651.11001067
 158897.16338987 109105.78309349 178296.32247606 193098.81863018
 122692.12145402 156091.50239676 202229.56752734 176716.87399275
 135325.37459299 112191.6158242  166433.30058376 137380.38778404
 173501.52100825 205419.79862584 229176.55041411 114238.07519687
 126342.55933274 116500.32335901 207158.34316185 139009.7968301
 137199.49993192 209381.95144511 116416.56073216 156378.82368136
 159513.34683658 196019.44433154 229300.29295263 110617.62918782
 158468.89574464 222773.81476962 154143.0667258  184885.13961899
 179775.00880284 115334.35143099 131756.32769887 154131.64737532
 160426.58233636 104432.22417145 118314.82395029 149980.87342586
 210382.93766429 162140.86980335 194217.37427602 117147.30728253
 127493.92061618 158927.74224184 166402.84868857  88677.00628139
 168631.72788193 153399.93271195 128952.38995149 158245.20807854
 204686.08307859 164827.32423759 152248.94950648 169821.06201099
 141244.86295582 168023.7623758  171826.0642465  152713.47990283
  94675.00011468 115909.71739428 142224.90838203 119661.60358648
 163923.64526678  98527.75916355 121851.79083745 143971.66125091
 148252.56058741 135627.82471153 136703.4767676  204301.61894409
 157953.92867787 171276.15648752 117818.59958738 119136.11278453
 133323.30106663 229381.42221459 199240.93943636 151415.13901978
 218412.94722941 199250.93282887 169318.45024102 166007.4294219
 185522.88144645 209805.73510545 106547.91305392 162276.88121382
  65837.0481387  131723.55788974 146056.32911623 147051.17488636
 221331.99901427 148840.24930055 117560.05632628 130392.58208758
 172723.39200487 248265.99389621 200136.06925648 187074.95111134
 182735.27424351 223922.32478559 200801.64412412 170581.61845886
 236530.25496736 206341.02783413 229494.75772148 177137.12501946
 237923.9456345  173031.8694033  222770.90904408 179130.80046956
 269198.48045925 218028.87458599 258032.17376026 217900.55480395
 187392.51092125]
2025-06-24 16:03:27 INFO Expected Optimum FE: -5000
2025-06-24 16:03:28 INFO --- GNBG Problem Parameters for f19 ---
  Dimension: 30, MaxEvals: 1000000
  Search Bounds: [-100, 100]
  Number of Components: 5
  Known Optimum Value: -5000.000000
  Lambda (Curvature): [1 1 1 1 1]
  Mu (Asymmetry/Depth): [0.5 0.5 0.5 0.5 0.5 0.5 0.5 0.5 0.5 0.5]
----------------------------------------
2025-06-24 16:03:28 ERROR Can not run the algorithm
2025-06-24 16:03:28 INFO Run function 19 complete. FEHistory len: 221, AOCC: 0.0000
2025-06-24 16:03:28 INFO FeHistory: [224972.41954036 141613.66745659 172976.88393428 189569.83140157
 174631.29843089 121140.17565358 162559.16757668 139107.51526313
 199401.63345128 140716.81546859 191339.96989234 173111.86908347
 272834.62326848 244299.4936992  178288.3239543  244729.82945872
 231103.80400978 233405.65861805 169204.22890967 127263.30806544
 218584.18433121 220171.32257822 276056.75371375 140183.29173094
 197720.98552836 200987.05616455 319901.81187748 162896.24692303
 144148.03606767 192612.54302096 132321.92121404 114494.61296719
 166302.2382547  139717.10459078 218540.03155155 167232.66297591
 214536.6926328  159348.63215171 213723.50901525 141410.38078332
 197098.3396034  133503.76437623 153527.26977544 197718.67780221
 211693.03141943 319271.47872389 200907.51204735 245309.27008121
 202913.68930541 160978.55264061 233828.85371621 150743.37778731
 165625.29853854 187656.4931692  168992.64356977 174804.05188507
 163223.24519679 200735.53915143 170938.83887787 178671.64919852
 140699.02030347 156345.75428279 155801.08903281 206764.98211091
 169079.28375439 193145.06749246 203833.7645886  142206.67352117
 183734.2151296  169122.94205176 116210.47957343 184524.04127175
 234180.03563408 228237.328683    87611.11156014 130307.845076
 119505.72962127 189339.26220206 134364.58461059 138034.16024813
 202962.37169772 169879.75292226 189942.28364585 122917.03535329
 116516.39769553 198067.34779364  90135.4022932  126660.35341474
 159477.41316539 209026.56304307  78322.20877812 123474.67115528
 160358.77753338 191385.84720171 194473.83484608 179866.6113693
 181126.36016835 115741.50771498 155260.33218084 131061.18014077
 160743.61925025 166923.56409247 175428.35008171 366549.40283706
 243974.8150626  168670.99672632 104516.72689076 134428.7985062
 149571.21643592 119624.76970985 119178.55731797 240468.76736925
 194969.74530415 145791.48709292  56294.90532324 151249.34737582
 186397.5924803  194620.77365268 237445.60341276 166232.36314065
 184569.40043153 182890.20329709 179088.92664318 244307.10449181
 163789.25229825 180534.46091124 217453.0962411  321366.13484895
 200881.46301677 216714.12989299 230159.24652354 136140.80546841
  91388.94913646 122497.10509354 166133.76616472 182811.96139455
 166815.25519895 148823.44789685 171042.21486141 191225.69009835
 192422.50265678 155917.36920165 162341.47702937 195880.73881601
 170580.48142698 214882.95435327 132247.17681117 179927.94597144
 155686.85104214 193326.08311637 177686.94996665 171074.14753519
 135740.78749763 118185.37967796 189294.58864434 215749.48172415
  69124.67699541 166900.80990144 188139.63032433 146871.75499943
 118406.19638553 214381.63936134 174541.83972287 153993.79956214
 171939.01821953 115998.16670922 180337.71763285 176155.15606595
 131807.0558384  142015.05752711 115683.18979175  92111.58590076
 149639.16237819 155934.35638751 232848.29792919 158606.82716064
 161120.65167159 186922.70984334 124916.81778566 191649.41222374
 149986.61183772 238988.49926411 139325.2238051  170300.41865534
 283697.83081252 124536.47794749 233254.00938732 177208.0141097
 179735.1402216  113018.3522956  135099.43708722 198877.20282278
 136892.88154702 172718.45228311 217894.33777365 155627.35475499
 133649.2039521  265648.82632355 167480.24010037 186458.1397091
 259994.42476398 280356.78634178 330016.35177586 298931.08616213
 216526.54276012 216912.52101414 232203.90128531 254920.29168481
 215985.73112804 195801.60537483 272374.73348511 299207.90129993
 324569.43591405 373726.79574499 269601.77263357 170170.40021321
 300352.54946146 197963.67036158 258954.10236684 271110.53955446
 204581.02509343]
2025-06-24 16:03:28 INFO Expected Optimum FE: -5000
2025-06-24 16:03:28 INFO Unimodal AOCC mean: nan
2025-06-24 16:03:28 INFO Multimodal (single component) AOCC mean: nan
2025-06-24 16:03:28 INFO Multimodal (multiple components) AOCC mean: 0.0000
2025-06-24 16:03:28 INFO AOCC mean: 0.0000
2025-06-24 16:03:28 INFO Weighed AOCC mean: nan
