2025-06-23 19:14:45 INFO --- GNBG Problem Parameters for f24 ---
  Dimension: 30, MaxEvals: 1000000
  Search Bounds: [-100, 100]
  Number of Components: 5
  Known Optimum Value: -100.000000
  Lambda (Curvature): [0.25 0.25 0.25 0.25 0.25]
  Mu (Asymmetry/Depth): [0.44142637 0.27898903 0.25803028 0.21978833 0.39183826 0.42051979
 0.35740109 0.43165341 0.47744239 0.47234476]
----------------------------------------
2025-06-23 19:14:45 INFO --- GNBG Problem Parameters for f24 ---
  Dimension: 30, MaxEvals: 1000000
  Search Bounds: [-100, 100]
  Number of Components: 5
  Known Optimum Value: -100.000000
  Lambda (Curvature): [0.25 0.25 0.25 0.25 0.25]
  Mu (Asymmetry/Depth): [0.44142637 0.27898903 0.25803028 0.21978833 0.39183826 0.42051979
 0.35740109 0.43165341 0.47744239 0.47234476]
----------------------------------------
2025-06-23 19:14:45 ERROR Can not run the algorithm
2025-06-23 19:14:45 INFO Run function 24 complete. FEHistory len: 0, AOCC: 0.0000
2025-06-23 19:14:45 INFO FeHistory: []
2025-06-23 19:14:45 INFO Expected Optimum FE: -100
2025-06-23 19:14:45 INFO Unimodal AOCC mean: nan
2025-06-23 19:14:45 INFO Multimodal (single component) AOCC mean: nan
2025-06-23 19:14:45 INFO Multimodal (multiple components) AOCC mean: 0.0000
2025-06-23 19:14:45 INFO AOCC mean: 0.0000
2025-06-23 19:14:45 ERROR Can not run the algorithm
2025-06-23 19:14:46 INFO Run function 24 complete. FEHistory len: 300, AOCC: 0.0000
2025-06-23 19:14:46 INFO FeHistory: [197.11972939 169.71688723 192.86551763 205.01323787 176.01353902
 191.81077503 237.08851365 182.82283426 164.20389162 162.87100822
 203.04608377 177.62650233 173.25610916 182.19926455 168.3433708
 168.44451759 202.23159084 196.42577297 185.14414481 186.55005865
 207.2201223  194.62276263 186.3815043  208.83278767 204.15462028
 169.49303347 190.26323134 176.66572915 214.38709674 155.96950755
 191.38065002 226.97206999 189.00937318 206.42771705 191.75570733
 171.97775494 153.66509584 222.67977252 162.45978742 203.44713813
 157.94982597 207.96716706 173.55299802 169.85714899 182.96225778
 176.39059238 185.7951966  200.23626028 196.27787032 189.57643465
 175.159319   196.35693154 178.86088493 173.11631947 194.2701571
 163.31284775 203.41328493 173.29142597 159.41411149 172.88057123
 185.77036513 169.78715358 180.75491845 215.72202332 162.7947781
 152.94409237 203.46706236 184.9676887  180.30102546 212.3583791
 182.52303864 131.26422829 201.74945323 155.89653152 183.18970564
 177.34695929 171.40682882 182.42849628 198.47324463 168.08743544
 117.47536105 211.80983755 157.87736438 167.95874321 179.95866879
 187.73035443 159.59894943 227.23495523 187.2353714  186.218729
 212.38925539 176.33373371 215.33568611 162.05066112 212.98233553
 163.93728705 165.79205011 193.82705959 183.50792476 196.4254099
 145.07070285 158.20415613 216.41126501 189.83117336 179.92638414
 150.67942256 136.71250465 164.93321356 173.52928461 176.10187722
 146.61234896 153.73149165 195.46317868 153.74017532 147.35368701
 191.20129647 202.94484333 173.92205161 151.7541447  195.74962445
 166.63635178 151.48947346 175.49739923 162.54944546 202.58823464
 191.07571232 194.1405951  210.75198944 177.07230037 205.12680219
 169.41553458 160.24039786 207.76051912 155.80664586 185.65885651
 183.7721746  179.46529127 200.47654094 195.94815508 157.17871501
 149.19117599 213.86721082 156.83365681 197.42662343 159.52559235
 151.61224154 165.26362495 233.41064581 217.75904405 197.99574574
 232.17088687 191.04634112 187.57802802 174.83401353 187.09098343
 185.093273   211.48313129 194.66103105 195.77600332 178.19326521
 199.65208385 202.16681683 174.81876893 210.73985886 212.36252444
 199.01312735 141.600021   139.03583928 147.01483057 200.46652981
 175.81554955 193.73827913 190.72333057 231.8078695  224.71288202
 159.58256651 193.21583752 163.82683228 236.36619369 175.70162414
 183.52180614 176.18058919 140.32200258 191.46613976 201.8664829
 181.81491955 163.6784348  184.76271407 183.0194917  173.6481206
 203.7640392  188.01933478 217.19736859 200.43998653 165.40754821
 169.91190386 213.79660062 151.69150052 152.25832454 186.06813417
 195.00657443 172.93308825 182.88186554 170.91286694 170.19352558
 202.03998636 153.37156575 174.1783815  189.31660434 182.95046958
 184.1964455  169.75705094 223.98870334 166.88113772 138.55401288
 214.5744566  171.71560493 184.09301652 185.7321412  169.63423615
 179.68343316 179.56727432 169.28903497 169.47066482 170.20684322
 197.17935913 176.13942977 192.14283677 192.63620242 169.67352319
 215.54983169 188.66770542 186.90314652 205.4131543  205.8628204
 182.60967227 228.07476256 166.02835365 197.26960221 177.40735635
 163.84820735 195.05072369 155.44638613 201.35742047 158.53341085
 187.47811925 183.89689844 181.21459423 179.18037433 235.98730771
 166.41019377 183.68283458 199.92824205 210.91191326 199.47957196
 206.73625462 182.05616672 216.39856621 163.61744947 193.72482939
 176.41741874 181.93807964 184.28133363 148.95508734 196.54752924
 153.41058067 168.47353652 222.31455007 189.63613927 147.99954422
 151.93946468 171.30573671 184.22543128 198.21658136 192.15845244
 193.72602988 165.97079262 211.25832612 184.07670083 204.89859359
 180.78543713 185.31479729 196.08915445 156.81759005 207.08706169
 178.53558879 174.00105423 158.44306901 184.05275548 199.81680566
 176.97681968 188.36037372 182.42207609 195.14175791 215.8408651
 161.54000072 185.28364506 188.02422518 181.5602925  171.06440783]
2025-06-23 19:14:46 INFO Expected Optimum FE: -100
2025-06-23 19:14:46 INFO Unimodal AOCC mean: nan
2025-06-23 19:14:46 INFO Multimodal (single component) AOCC mean: nan
2025-06-23 19:14:46 INFO Multimodal (multiple components) AOCC mean: 0.0000
2025-06-23 19:14:46 INFO AOCC mean: 0.0000
2025-06-23 19:16:11 INFO --- GNBG Problem Parameters for f24 ---
  Dimension: 30, MaxEvals: 1000000
  Search Bounds: [-100, 100]
  Number of Components: 5
  Known Optimum Value: -100.000000
  Lambda (Curvature): [0.25 0.25 0.25 0.25 0.25]
  Mu (Asymmetry/Depth): [0.44142637 0.27898903 0.25803028 0.21978833 0.39183826 0.42051979
 0.35740109 0.43165341 0.47744239 0.47234476]
----------------------------------------
2025-06-23 19:16:11 INFO --- GNBG Problem Parameters for f24 ---
  Dimension: 30, MaxEvals: 1000000
  Search Bounds: [-100, 100]
  Number of Components: 5
  Known Optimum Value: -100.000000
  Lambda (Curvature): [0.25 0.25 0.25 0.25 0.25]
  Mu (Asymmetry/Depth): [0.44142637 0.27898903 0.25803028 0.21978833 0.39183826 0.42051979
 0.35740109 0.43165341 0.47744239 0.47234476]
----------------------------------------
2025-06-23 19:16:11 ERROR Can not run the algorithm
2025-06-23 19:16:12 INFO Run function 24 complete. FEHistory len: 200, AOCC: 0.0000
2025-06-23 19:16:12 INFO FeHistory: [209.80039834 185.72349904 169.666398   202.142345   163.85814128
 164.07851825 179.92448759 230.50470434 189.49479097 182.37111239
 199.72709788 164.09837707 203.33061194 205.09399087 221.50257897
 199.88464322 251.98462063 163.16960338 193.09459608 175.56491349
 161.50508462 160.49541629 196.768728   181.78292756 167.03594055
 181.59230057 175.08123061 193.18323496 193.51191133 211.93717918
 186.26605922 185.38262951 198.83611896 206.17824267 218.59450592
 182.14664429 187.84665111 206.23203055 197.86360285 193.0325588
 154.02876209 204.43074525 172.06358044 182.88039243 169.69198899
 170.15573773 176.93030431 157.65579034 183.91683055 215.23596015
 194.16123112 208.84653881 201.33016126 184.56972678 157.85347833
 191.38645651 192.96888618 218.40786924 164.46551479 195.44824039
 204.58820356 155.96562563 184.85595857 184.34283447 177.76116006
 200.63569733 189.61293447 181.532579   222.50828338 199.02696091
 202.94712128 173.77204711 197.74491429 170.95335372 237.20957505
 198.6023234  188.19364043 187.01144614 193.20149823 183.41917301
 220.02018101 187.27367942 183.45738477 153.98618061 180.88232428
 213.52888493 186.19490229 213.68765864 202.91938418 186.19075904
 203.61494619 212.34838618 164.20862767 202.87177014 208.79486668
 172.4062839  195.83639884 203.28404354 193.77790851 175.05503884
 174.75761846 211.87651242 185.79554857 223.07400121 203.88544189
 231.49018505 176.16005221 188.25511314 225.59939923 157.54511351
 192.27224527 230.34157579 210.79264362 189.43387511 199.49389638
 200.47540766 217.1318952  177.16188319 211.2923339  170.69228524
 200.55655619 185.08965144 187.75569629 178.84103545 191.75082354
 207.31622911 182.14310235 194.57194994 223.31285719 199.39225373
 195.49445947 150.47414349 233.27222953 229.79743998 216.01870067
 187.08811969 194.20177356 185.29838236 198.26200751 223.87121903
 183.89526623 216.32724174 198.71503188 218.36129569 203.58585664
 203.38314791 192.38035067 219.82987645 180.56530853 243.25541404
 175.78310151 206.90657207 228.4505434  162.29339227 199.5371643
 229.61485173 159.23835952 206.9715969  227.71286637 228.17434077
 181.03718745 201.43946881 187.58845861 216.58326513 170.1258799
 196.53909077 188.35939178 240.76852641 204.82589479 156.75048343
 199.29637566 173.20677148 214.98582126 211.89368841 187.071904
 193.62518857 194.46694391 170.10159218 212.34203017 226.4580317
 192.01416756 241.70911163 199.29901551 189.4138704  218.62612368
 230.13238163 194.55196672 170.79376712 180.95485402 203.78405146
 195.26814063 193.19784222 181.68924411 198.44264756 217.33983524
 199.93547085 233.33244406 175.13829468 207.42357385 214.9601801 ]
2025-06-23 19:16:12 INFO Expected Optimum FE: -100
2025-06-23 19:16:12 INFO Unimodal AOCC mean: nan
2025-06-23 19:16:12 INFO Multimodal (single component) AOCC mean: nan
2025-06-23 19:16:12 INFO Multimodal (multiple components) AOCC mean: 0.0000
2025-06-23 19:16:12 INFO AOCC mean: 0.0000
2025-06-23 19:16:12 INFO --- GNBG Problem Parameters for f24 ---
  Dimension: 30, MaxEvals: 1000000
  Search Bounds: [-100, 100]
  Number of Components: 5
  Known Optimum Value: -100.000000
  Lambda (Curvature): [0.25 0.25 0.25 0.25 0.25]
  Mu (Asymmetry/Depth): [0.44142637 0.27898903 0.25803028 0.21978833 0.39183826 0.42051979
 0.35740109 0.43165341 0.47744239 0.47234476]
----------------------------------------
2025-06-23 19:16:51 INFO Run function 24 complete. FEHistory len: 150000, AOCC: 0.0084
2025-06-23 19:16:51 INFO FeHistory: [197.09899133 196.09557265 171.15939324 ... -21.31268922 -23.46479875
 -19.11663803]
2025-06-23 19:16:51 INFO Expected Optimum FE: -100
2025-06-23 19:16:51 INFO Unimodal AOCC mean: nan
2025-06-23 19:16:51 INFO Multimodal (single component) AOCC mean: nan
2025-06-23 19:16:51 INFO Multimodal (multiple components) AOCC mean: 0.0084
2025-06-23 19:16:51 INFO AOCC mean: 0.0084
2025-06-23 19:16:51 INFO --- GNBG Problem Parameters for f24 ---
  Dimension: 30, MaxEvals: 1000000
  Search Bounds: [-100, 100]
  Number of Components: 5
  Known Optimum Value: -100.000000
  Lambda (Curvature): [0.25 0.25 0.25 0.25 0.25]
  Mu (Asymmetry/Depth): [0.44142637 0.27898903 0.25803028 0.21978833 0.39183826 0.42051979
 0.35740109 0.43165341 0.47744239 0.47234476]
----------------------------------------
2025-06-23 19:16:52 INFO Run function 24 complete. FEHistory len: 150000, AOCC: 0.0000
2025-06-23 19:16:52 INFO FeHistory: [193.61424956 199.33300434 124.34035559 ... 262.4487552  199.85564475
 219.44123546]
2025-06-23 19:16:52 INFO Expected Optimum FE: -100
2025-06-23 19:16:52 INFO Unimodal AOCC mean: nan
2025-06-23 19:16:52 INFO Multimodal (single component) AOCC mean: nan
2025-06-23 19:16:52 INFO Multimodal (multiple components) AOCC mean: 0.0000
2025-06-23 19:16:52 INFO AOCC mean: 0.0000
2025-06-23 19:16:52 INFO --- GNBG Problem Parameters for f24 ---
  Dimension: 30, MaxEvals: 1000000
  Search Bounds: [-100, 100]
  Number of Components: 5
  Known Optimum Value: -100.000000
  Lambda (Curvature): [0.25 0.25 0.25 0.25 0.25]
  Mu (Asymmetry/Depth): [0.44142637 0.27898903 0.25803028 0.21978833 0.39183826 0.42051979
 0.35740109 0.43165341 0.47744239 0.47234476]
----------------------------------------
2025-06-23 19:17:37 INFO Run function 24 complete. FEHistory len: 150000, AOCC: 0.0070
2025-06-23 19:17:37 INFO FeHistory: [144.8452557  185.00322221 184.02162487 ... -16.45538069 -16.45538069
 -16.45538069]
2025-06-23 19:17:37 INFO Expected Optimum FE: -100
2025-06-23 19:17:37 INFO Unimodal AOCC mean: nan
2025-06-23 19:17:37 INFO Multimodal (single component) AOCC mean: nan
2025-06-23 19:17:37 INFO Multimodal (multiple components) AOCC mean: 0.0070
2025-06-23 19:17:37 INFO AOCC mean: 0.0070
2025-06-23 19:17:47 INFO Run function 24 complete. FEHistory len: 150000, AOCC: 0.0272
2025-06-23 19:17:47 INFO FeHistory: [155.68996998 213.88208706 174.10983933 ... -59.1691006  -55.49892969
 -58.29660224]
2025-06-23 19:17:47 INFO Expected Optimum FE: -100
2025-06-23 19:17:47 INFO Unimodal AOCC mean: nan
2025-06-23 19:17:47 INFO Multimodal (single component) AOCC mean: nan
2025-06-23 19:17:47 INFO Multimodal (multiple components) AOCC mean: 0.0272
2025-06-23 19:17:47 INFO AOCC mean: 0.0272
