2025-06-21 10:00:52 INFO Initializing first population
2025-06-21 10:00:52 INFO Initializing population from 7 seed files...
2025-06-21 10:00:52 INFO --- GNBG Problem Parameters for f11 ---
  Dimension: 30, MaxEvals: 500000
  Search Bounds: [-100, 100]
  Number of Components: 1
  Known Optimum Value: -118.075358
  Lambda (Curvature): [1]
  Mu (Asymmetry/Depth): [0.2 0.5]
----------------------------------------
2025-06-21 10:00:52 INFO Run function 11 complete. FEHistory len: 10, AOCC: 0.0000
2025-06-21 10:00:52 INFO FeHistory: [156202.36634705 213719.75761737 335905.44306034 186025.78835107
 283720.45990929 354768.34937201 179167.92647813 183967.63289641
 359848.99534045 242631.47315184]
2025-06-21 10:00:52 INFO Expected Optimum FE: -118.07535757360006
2025-06-21 10:00:52 INFO --- GNBG Problem Parameters for f21 ---
  Dimension: 30, MaxEvals: 1000000
  Search Bounds: [-100, 100]
  Number of Components: 5
  Known Optimum Value: -50.000000
  Lambda (Curvature): [0.5 0.5 0.5 0.5 0.5]
  Mu (Asymmetry/Depth): [0.17318004 0.11194571 0.19092932 0.18126106 0.14008737 0.11467924
 0.12498507 0.12642975 0.11734302 0.18190892]
----------------------------------------
2025-06-21 10:00:52 INFO Run function 21 complete. FEHistory len: 10, AOCC: 0.0000
2025-06-21 10:00:52 INFO FeHistory: [305.43097063 350.96898444 337.39887098 283.08515631 323.91654814
 334.92319829 305.3709268  278.5395012  320.38697635 324.41110376]
2025-06-21 10:00:52 INFO Expected Optimum FE: -50
2025-06-21 10:00:52 INFO Unimodal AOCC mean: nan
2025-06-21 10:00:52 INFO Multimodal (single component) AOCC mean: 0.0000
2025-06-21 10:00:52 INFO Multimodal (multiple components) AOCC mean: 0.0000
2025-06-21 10:00:52 INFO AOCC mean: 0.0000
2025-06-21 10:00:52 INFO --- GNBG Problem Parameters for f11 ---
  Dimension: 30, MaxEvals: 500000
  Search Bounds: [-100, 100]
  Number of Components: 1
  Known Optimum Value: -118.075358
  Lambda (Curvature): [1]
  Mu (Asymmetry/Depth): [0.2 0.5]
----------------------------------------
2025-06-21 10:00:52 INFO Run function 11 complete. FEHistory len: 10, AOCC: 0.0000
2025-06-21 10:00:52 INFO FeHistory: [195055.49691559 212647.11780861 195055.49691559 164855.68847755
 195055.49691559 164805.07628697 164855.68847755 149346.06533776
 164805.07628697 145493.40182996]
2025-06-21 10:00:52 INFO Expected Optimum FE: -118.07535757360006
2025-06-21 10:00:52 INFO --- GNBG Problem Parameters for f21 ---
  Dimension: 30, MaxEvals: 1000000
  Search Bounds: [-100, 100]
  Number of Components: 5
  Known Optimum Value: -50.000000
  Lambda (Curvature): [0.5 0.5 0.5 0.5 0.5]
  Mu (Asymmetry/Depth): [0.17318004 0.11194571 0.19092932 0.18126106 0.14008737 0.11467924
 0.12498507 0.12642975 0.11734302 0.18190892]
----------------------------------------
2025-06-21 10:00:52 INFO Run function 21 complete. FEHistory len: 10, AOCC: 0.0000
2025-06-21 10:00:52 INFO FeHistory: [344.41866883 344.30947135 344.41866883 344.48501785 344.30947135
 340.50829994 344.30947135 326.01259216 340.50829994 322.10558057]
2025-06-21 10:00:52 INFO Expected Optimum FE: -50
2025-06-21 10:00:52 INFO Unimodal AOCC mean: nan
2025-06-21 10:00:52 INFO Multimodal (single component) AOCC mean: 0.0000
2025-06-21 10:00:52 INFO Multimodal (multiple components) AOCC mean: 0.0000
2025-06-21 10:00:52 INFO AOCC mean: 0.0000
2025-06-21 10:00:52 INFO --- GNBG Problem Parameters for f11 ---
  Dimension: 30, MaxEvals: 500000
  Search Bounds: [-100, 100]
  Number of Components: 1
  Known Optimum Value: -118.075358
  Lambda (Curvature): [1]
  Mu (Asymmetry/Depth): [0.2 0.5]
----------------------------------------
2025-06-21 10:00:52 INFO Run function 11 complete. FEHistory len: 10, AOCC: 0.0000
2025-06-21 10:00:52 INFO FeHistory: [146929.35470957 147372.73243173 215442.12284322 240166.5708318
 185617.8088664  191563.54969737 130094.48299926 169911.90262967
 338691.73718233 183413.33536072]
2025-06-21 10:00:52 INFO Expected Optimum FE: -118.07535757360006
2025-06-21 10:00:52 INFO --- GNBG Problem Parameters for f21 ---
  Dimension: 30, MaxEvals: 1000000
  Search Bounds: [-100, 100]
  Number of Components: 5
  Known Optimum Value: -50.000000
  Lambda (Curvature): [0.5 0.5 0.5 0.5 0.5]
  Mu (Asymmetry/Depth): [0.17318004 0.11194571 0.19092932 0.18126106 0.14008737 0.11467924
 0.12498507 0.12642975 0.11734302 0.18190892]
----------------------------------------
2025-06-21 10:00:52 INFO Run function 21 complete. FEHistory len: 10, AOCC: 0.0000
2025-06-21 10:00:52 INFO FeHistory: [275.94630615 319.45084787 302.16238003 272.34814029 190.09583423
 310.44814878 278.20221114 284.84532903 316.71534022 289.89438856]
2025-06-21 10:00:52 INFO Expected Optimum FE: -50
2025-06-21 10:00:52 INFO Unimodal AOCC mean: nan
2025-06-21 10:00:52 INFO Multimodal (single component) AOCC mean: 0.0000
2025-06-21 10:00:52 INFO Multimodal (multiple components) AOCC mean: 0.0000
2025-06-21 10:00:52 INFO AOCC mean: 0.0000
2025-06-21 10:00:52 INFO --- GNBG Problem Parameters for f11 ---
  Dimension: 30, MaxEvals: 500000
  Search Bounds: [-100, 100]
  Number of Components: 1
  Known Optimum Value: -118.075358
  Lambda (Curvature): [1]
  Mu (Asymmetry/Depth): [0.2 0.5]
----------------------------------------
2025-06-21 10:00:52 INFO Run function 11 complete. FEHistory len: 10, AOCC: 0.0000
2025-06-21 10:00:52 INFO FeHistory: [183698.04122192 233273.74476269 192006.29424929 138828.09695641
 210762.71524276 153358.39315376 365440.11471671 180183.47172927
 227136.99189825 153816.17319094]
2025-06-21 10:00:52 INFO Expected Optimum FE: -118.07535757360006
2025-06-21 10:00:52 INFO --- GNBG Problem Parameters for f21 ---
  Dimension: 30, MaxEvals: 1000000
  Search Bounds: [-100, 100]
  Number of Components: 5
  Known Optimum Value: -50.000000
  Lambda (Curvature): [0.5 0.5 0.5 0.5 0.5]
  Mu (Asymmetry/Depth): [0.17318004 0.11194571 0.19092932 0.18126106 0.14008737 0.11467924
 0.12498507 0.12642975 0.11734302 0.18190892]
----------------------------------------
2025-06-21 10:00:52 INFO Run function 21 complete. FEHistory len: 10, AOCC: 0.0000
2025-06-21 10:00:52 INFO FeHistory: [257.12468754 285.23593341 262.79334059 292.34181597 241.63986963
 300.59064306 194.98526842 231.15133879 296.14266977 270.89912193]
2025-06-21 10:00:52 INFO Expected Optimum FE: -50
2025-06-21 10:00:52 INFO Unimodal AOCC mean: nan
2025-06-21 10:00:52 INFO Multimodal (single component) AOCC mean: 0.0000
2025-06-21 10:00:52 INFO Multimodal (multiple components) AOCC mean: 0.0000
2025-06-21 10:00:52 INFO AOCC mean: 0.0000
2025-06-21 10:00:52 INFO --- GNBG Problem Parameters for f11 ---
  Dimension: 30, MaxEvals: 500000
  Search Bounds: [-100, 100]
  Number of Components: 1
  Known Optimum Value: -118.075358
  Lambda (Curvature): [1]
  Mu (Asymmetry/Depth): [0.2 0.5]
----------------------------------------
2025-06-21 10:00:52 INFO Run function 11 complete. FEHistory len: 10, AOCC: 0.0000
2025-06-21 10:00:52 INFO FeHistory: [250971.89895614 244745.43834486 165834.28594394 193175.1100486
 293275.81983566 208099.56112272 224175.15755703 244452.17339255
 167949.14053198 158108.20967247]
2025-06-21 10:00:52 INFO Expected Optimum FE: -118.07535757360006
2025-06-21 10:00:52 INFO --- GNBG Problem Parameters for f21 ---
  Dimension: 30, MaxEvals: 1000000
  Search Bounds: [-100, 100]
  Number of Components: 5
  Known Optimum Value: -50.000000
  Lambda (Curvature): [0.5 0.5 0.5 0.5 0.5]
  Mu (Asymmetry/Depth): [0.17318004 0.11194571 0.19092932 0.18126106 0.14008737 0.11467924
 0.12498507 0.12642975 0.11734302 0.18190892]
----------------------------------------
2025-06-21 10:00:52 INFO Run function 21 complete. FEHistory len: 10, AOCC: 0.0000
2025-06-21 10:00:52 INFO FeHistory: [253.00584819 328.40381202 292.95896413 289.171737   371.97125655
 218.49192596 334.38342131 311.07502282 349.13804273 280.09132767]
2025-06-21 10:00:52 INFO Expected Optimum FE: -50
2025-06-21 10:00:52 INFO Unimodal AOCC mean: nan
2025-06-21 10:00:52 INFO Multimodal (single component) AOCC mean: 0.0000
2025-06-21 10:00:52 INFO Multimodal (multiple components) AOCC mean: 0.0000
2025-06-21 10:00:52 INFO AOCC mean: 0.0000
2025-06-21 10:00:52 INFO --- GNBG Problem Parameters for f11 ---
  Dimension: 30, MaxEvals: 500000
  Search Bounds: [-100, 100]
  Number of Components: 1
  Known Optimum Value: -118.075358
  Lambda (Curvature): [1]
  Mu (Asymmetry/Depth): [0.2 0.5]
----------------------------------------
2025-06-21 10:00:52 INFO Run function 11 complete. FEHistory len: 10, AOCC: 0.0000
2025-06-21 10:00:52 INFO FeHistory: [163283.43637995 166358.83300826 201599.6633789  313492.62258883
 181933.32629892 124182.69817889 189840.02452025 155738.43759808
 209720.55291344 224372.46868156]
2025-06-21 10:00:52 INFO Expected Optimum FE: -118.07535757360006
2025-06-21 10:00:52 INFO --- GNBG Problem Parameters for f21 ---
  Dimension: 30, MaxEvals: 1000000
  Search Bounds: [-100, 100]
  Number of Components: 5
  Known Optimum Value: -50.000000
  Lambda (Curvature): [0.5 0.5 0.5 0.5 0.5]
  Mu (Asymmetry/Depth): [0.17318004 0.11194571 0.19092932 0.18126106 0.14008737 0.11467924
 0.12498507 0.12642975 0.11734302 0.18190892]
----------------------------------------
2025-06-21 10:00:52 INFO Run function 21 complete. FEHistory len: 10, AOCC: 0.0000
2025-06-21 10:00:52 INFO FeHistory: [273.14040987 279.09175517 256.47952234 237.06629536 271.72491119
 272.23535876 246.3936518  298.66128255 328.08161963 296.98472723]
2025-06-21 10:00:52 INFO Expected Optimum FE: -50
2025-06-21 10:00:52 INFO Unimodal AOCC mean: nan
2025-06-21 10:00:52 INFO Multimodal (single component) AOCC mean: 0.0000
2025-06-21 10:00:52 INFO Multimodal (multiple components) AOCC mean: 0.0000
2025-06-21 10:00:52 INFO AOCC mean: 0.0000
2025-06-21 10:00:52 INFO --- GNBG Problem Parameters for f11 ---
  Dimension: 30, MaxEvals: 500000
  Search Bounds: [-100, 100]
  Number of Components: 1
  Known Optimum Value: -118.075358
  Lambda (Curvature): [1]
  Mu (Asymmetry/Depth): [0.2 0.5]
----------------------------------------
2025-06-21 10:00:52 INFO Run function 11 complete. FEHistory len: 10, AOCC: 0.0000
2025-06-21 10:00:52 INFO FeHistory: [210936.29402607 203849.00368532 257358.83136914 334386.04041792
 139763.36680877 177419.50193819 263079.55320117 338465.13720896
 159952.79852481 169967.82195334]
2025-06-21 10:00:52 INFO Expected Optimum FE: -118.07535757360006
2025-06-21 10:00:52 INFO --- GNBG Problem Parameters for f21 ---
  Dimension: 30, MaxEvals: 1000000
  Search Bounds: [-100, 100]
  Number of Components: 5
  Known Optimum Value: -50.000000
  Lambda (Curvature): [0.5 0.5 0.5 0.5 0.5]
  Mu (Asymmetry/Depth): [0.17318004 0.11194571 0.19092932 0.18126106 0.14008737 0.11467924
 0.12498507 0.12642975 0.11734302 0.18190892]
----------------------------------------
2025-06-21 10:00:52 INFO Run function 21 complete. FEHistory len: 10, AOCC: 0.0000
2025-06-21 10:00:52 INFO FeHistory: [307.91197232 262.73247376 269.59292782 303.82539882 253.52043636
 361.05232263 209.38761122 227.42904455 214.8805673  296.04387769]
2025-06-21 10:00:52 INFO Expected Optimum FE: -50
2025-06-21 10:00:52 INFO Unimodal AOCC mean: nan
2025-06-21 10:00:52 INFO Multimodal (single component) AOCC mean: 0.0000
2025-06-21 10:00:52 INFO Multimodal (multiple components) AOCC mean: 0.0000
2025-06-21 10:00:52 INFO AOCC mean: 0.0000
2025-06-21 10:01:19 INFO Started evolutionary loop, best so far: 0.0
