2025-06-21 09:22:58 INFO Initializing first population
2025-06-21 09:22:58 INFO Initializing population from 7 seed files...
2025-06-21 09:22:58 INFO --- GNBG Problem Parameters for f11 ---
  Dimension: 30, MaxEvals: 500000
  Search Bounds: [-100, 100]
  Number of Components: 1
  Known Optimum Value: -118.075358
  Lambda (Curvature): [1]
  Mu (Asymmetry/Depth): [0.2 0.5]
----------------------------------------
2025-06-21 09:22:58 INFO Run function 11 complete. FEHistory len: 10, AOCC: 0.0000
2025-06-21 09:22:58 INFO FeHistory: [345858.78945945 166084.90899431 289452.72246427 143496.18575926
 221425.74695078 167490.55851245 430734.04592813 275550.59117407
 288296.73118457 228814.07818438]
2025-06-21 09:22:58 INFO Expected Optimum FE: -118.07535757360006
2025-06-21 09:22:58 INFO --- GNBG Problem Parameters for f21 ---
  Dimension: 30, MaxEvals: 1000000
  Search Bounds: [-100, 100]
  Number of Components: 5
  Known Optimum Value: -50.000000
  Lambda (Curvature): [0.5 0.5 0.5 0.5 0.5]
  Mu (Asymmetry/Depth): [0.17318004 0.11194571 0.19092932 0.18126106 0.14008737 0.11467924
 0.12498507 0.12642975 0.11734302 0.18190892]
----------------------------------------
2025-06-21 09:22:58 INFO Run function 21 complete. FEHistory len: 10, AOCC: 0.0000
2025-06-21 09:22:58 INFO FeHistory: [318.64558382 421.63928963 369.40164308 361.4238801  371.83877409
 361.4970429  396.20105715 355.76342618 348.38741089 311.20547059]
2025-06-21 09:22:58 INFO Expected Optimum FE: -50
2025-06-21 09:22:58 INFO Unimodal AOCC mean: nan
2025-06-21 09:22:58 INFO Multimodal (single component) AOCC mean: 0.0000
2025-06-21 09:22:58 INFO Multimodal (multiple components) AOCC mean: 0.0000
2025-06-21 09:22:58 INFO AOCC mean: 0.0000
2025-06-21 09:22:58 INFO --- GNBG Problem Parameters for f11 ---
  Dimension: 30, MaxEvals: 500000
  Search Bounds: [-100, 100]
  Number of Components: 1
  Known Optimum Value: -118.075358
  Lambda (Curvature): [1]
  Mu (Asymmetry/Depth): [0.2 0.5]
----------------------------------------
2025-06-21 09:22:58 INFO Run function 11 complete. FEHistory len: 10, AOCC: 0.0000
2025-06-21 09:22:58 INFO FeHistory: [167980.52226492 164044.01968235 167980.52226492 171646.85186589
 164044.01968235 160767.10812173 164044.01968235 155606.81450079
 160767.10812173 157180.48335105]
2025-06-21 09:22:58 INFO Expected Optimum FE: -118.07535757360006
2025-06-21 09:22:58 INFO --- GNBG Problem Parameters for f21 ---
  Dimension: 30, MaxEvals: 1000000
  Search Bounds: [-100, 100]
  Number of Components: 5
  Known Optimum Value: -50.000000
  Lambda (Curvature): [0.5 0.5 0.5 0.5 0.5]
  Mu (Asymmetry/Depth): [0.17318004 0.11194571 0.19092932 0.18126106 0.14008737 0.11467924
 0.12498507 0.12642975 0.11734302 0.18190892]
----------------------------------------
2025-06-21 09:22:58 INFO Run function 21 complete. FEHistory len: 10, AOCC: 0.0000
2025-06-21 09:22:58 INFO FeHistory: [301.70259853 302.49326244 301.70259853 302.58280925 302.49326244
 303.13353213 302.58280925 303.91865466 303.13353213 290.30405093]
2025-06-21 09:22:58 INFO Expected Optimum FE: -50
2025-06-21 09:22:58 INFO Unimodal AOCC mean: nan
2025-06-21 09:22:58 INFO Multimodal (single component) AOCC mean: 0.0000
2025-06-21 09:22:58 INFO Multimodal (multiple components) AOCC mean: 0.0000
2025-06-21 09:22:58 INFO AOCC mean: 0.0000
2025-06-21 09:22:58 INFO --- GNBG Problem Parameters for f11 ---
  Dimension: 30, MaxEvals: 500000
  Search Bounds: [-100, 100]
  Number of Components: 1
  Known Optimum Value: -118.075358
  Lambda (Curvature): [1]
  Mu (Asymmetry/Depth): [0.2 0.5]
----------------------------------------
2025-06-21 09:22:58 INFO Run function 11 complete. FEHistory len: 10, AOCC: 0.0000
2025-06-21 09:22:58 INFO FeHistory: [345050.25744389 232810.54802777 214149.10864364 101128.76640244
 255553.51464778 178662.95227269 234551.80718802 320522.17305952
 311683.53847762 297585.80657099]
2025-06-21 09:22:58 INFO Expected Optimum FE: -118.07535757360006
2025-06-21 09:22:58 INFO --- GNBG Problem Parameters for f21 ---
  Dimension: 30, MaxEvals: 1000000
  Search Bounds: [-100, 100]
  Number of Components: 5
  Known Optimum Value: -50.000000
  Lambda (Curvature): [0.5 0.5 0.5 0.5 0.5]
  Mu (Asymmetry/Depth): [0.17318004 0.11194571 0.19092932 0.18126106 0.14008737 0.11467924
 0.12498507 0.12642975 0.11734302 0.18190892]
----------------------------------------
2025-06-21 09:22:58 INFO Run function 21 complete. FEHistory len: 10, AOCC: 0.0000
2025-06-21 09:22:58 INFO FeHistory: [247.036913   261.15156129 263.94410993 301.25250932 332.43548714
 284.63936804 280.77993844 341.83422413 279.30195851 250.38277674]
2025-06-21 09:22:58 INFO Expected Optimum FE: -50
2025-06-21 09:22:58 INFO Unimodal AOCC mean: nan
2025-06-21 09:22:58 INFO Multimodal (single component) AOCC mean: 0.0000
2025-06-21 09:22:58 INFO Multimodal (multiple components) AOCC mean: 0.0000
2025-06-21 09:22:58 INFO AOCC mean: 0.0000
2025-06-21 09:22:58 INFO --- GNBG Problem Parameters for f11 ---
  Dimension: 30, MaxEvals: 500000
  Search Bounds: [-100, 100]
  Number of Components: 1
  Known Optimum Value: -118.075358
  Lambda (Curvature): [1]
  Mu (Asymmetry/Depth): [0.2 0.5]
----------------------------------------
2025-06-21 09:22:58 INFO Run function 11 complete. FEHistory len: 10, AOCC: 0.0000
2025-06-21 09:22:58 INFO FeHistory: [276340.66555324 309812.6178643  210152.48052924 174157.05586167
 390016.54976498 277567.11246233 160097.80035945 278995.62120473
 250195.06043086 152469.47152235]
2025-06-21 09:22:58 INFO Expected Optimum FE: -118.07535757360006
2025-06-21 09:22:58 INFO --- GNBG Problem Parameters for f21 ---
  Dimension: 30, MaxEvals: 1000000
  Search Bounds: [-100, 100]
  Number of Components: 5
  Known Optimum Value: -50.000000
  Lambda (Curvature): [0.5 0.5 0.5 0.5 0.5]
  Mu (Asymmetry/Depth): [0.17318004 0.11194571 0.19092932 0.18126106 0.14008737 0.11467924
 0.12498507 0.12642975 0.11734302 0.18190892]
----------------------------------------
2025-06-21 09:22:58 INFO Run function 21 complete. FEHistory len: 10, AOCC: 0.0000
2025-06-21 09:22:58 INFO FeHistory: [262.15297882 302.01146755 214.34428823 324.24061428 240.38275146
 295.09260595 273.43779329 267.80092135 256.95969637 247.15644654]
2025-06-21 09:22:58 INFO Expected Optimum FE: -50
2025-06-21 09:22:58 INFO Unimodal AOCC mean: nan
2025-06-21 09:22:58 INFO Multimodal (single component) AOCC mean: 0.0000
2025-06-21 09:22:58 INFO Multimodal (multiple components) AOCC mean: 0.0000
2025-06-21 09:22:58 INFO AOCC mean: 0.0000
2025-06-21 09:22:58 INFO --- GNBG Problem Parameters for f11 ---
  Dimension: 30, MaxEvals: 500000
  Search Bounds: [-100, 100]
  Number of Components: 1
  Known Optimum Value: -118.075358
  Lambda (Curvature): [1]
  Mu (Asymmetry/Depth): [0.2 0.5]
----------------------------------------
2025-06-21 09:22:58 INFO Run function 11 complete. FEHistory len: 10, AOCC: 0.0000
2025-06-21 09:22:58 INFO FeHistory: [173612.4491104  147941.61779337 301042.60519082 262389.38029233
 343495.34232028 271432.99693072 330322.78202016 328644.439554
 306212.58142721 294849.07089371]
2025-06-21 09:22:58 INFO Expected Optimum FE: -118.07535757360006
2025-06-21 09:22:58 INFO --- GNBG Problem Parameters for f21 ---
  Dimension: 30, MaxEvals: 1000000
  Search Bounds: [-100, 100]
  Number of Components: 5
  Known Optimum Value: -50.000000
  Lambda (Curvature): [0.5 0.5 0.5 0.5 0.5]
  Mu (Asymmetry/Depth): [0.17318004 0.11194571 0.19092932 0.18126106 0.14008737 0.11467924
 0.12498507 0.12642975 0.11734302 0.18190892]
----------------------------------------
2025-06-21 09:22:58 INFO Run function 21 complete. FEHistory len: 10, AOCC: 0.0000
2025-06-21 09:22:58 INFO FeHistory: [320.88249736 297.13581958 339.8147429  322.34024693 305.2440257
 284.25199599 304.34505888 288.34994343 281.51063239 312.0118314 ]
2025-06-21 09:22:58 INFO Expected Optimum FE: -50
2025-06-21 09:22:58 INFO Unimodal AOCC mean: nan
2025-06-21 09:22:58 INFO Multimodal (single component) AOCC mean: 0.0000
2025-06-21 09:22:58 INFO Multimodal (multiple components) AOCC mean: 0.0000
2025-06-21 09:22:58 INFO AOCC mean: 0.0000
2025-06-21 09:22:58 INFO --- GNBG Problem Parameters for f11 ---
  Dimension: 30, MaxEvals: 500000
  Search Bounds: [-100, 100]
  Number of Components: 1
  Known Optimum Value: -118.075358
  Lambda (Curvature): [1]
  Mu (Asymmetry/Depth): [0.2 0.5]
----------------------------------------
2025-06-21 09:22:58 INFO Run function 11 complete. FEHistory len: 10, AOCC: 0.0000
2025-06-21 09:22:58 INFO FeHistory: [317104.91565225 243051.67150868 260623.87644492 144855.92609723
 163091.0458117  183632.69139362 220641.07805999 169451.03015815
 277867.13715185 184313.14660601]
2025-06-21 09:22:58 INFO Expected Optimum FE: -118.07535757360006
2025-06-21 09:22:58 INFO --- GNBG Problem Parameters for f21 ---
  Dimension: 30, MaxEvals: 1000000
  Search Bounds: [-100, 100]
  Number of Components: 5
  Known Optimum Value: -50.000000
  Lambda (Curvature): [0.5 0.5 0.5 0.5 0.5]
  Mu (Asymmetry/Depth): [0.17318004 0.11194571 0.19092932 0.18126106 0.14008737 0.11467924
 0.12498507 0.12642975 0.11734302 0.18190892]
----------------------------------------
2025-06-21 09:22:58 INFO Run function 21 complete. FEHistory len: 10, AOCC: 0.0000
2025-06-21 09:22:58 INFO FeHistory: [333.94926136 244.21791284 225.33428966 300.84438936 273.06817486
 301.24782155 223.88758546 269.68944667 274.57573789 296.11762616]
2025-06-21 09:22:58 INFO Expected Optimum FE: -50
2025-06-21 09:22:58 INFO Unimodal AOCC mean: nan
2025-06-21 09:22:58 INFO Multimodal (single component) AOCC mean: 0.0000
2025-06-21 09:22:58 INFO Multimodal (multiple components) AOCC mean: 0.0000
2025-06-21 09:22:58 INFO AOCC mean: 0.0000
2025-06-21 09:22:58 INFO --- GNBG Problem Parameters for f11 ---
  Dimension: 30, MaxEvals: 500000
  Search Bounds: [-100, 100]
  Number of Components: 1
  Known Optimum Value: -118.075358
  Lambda (Curvature): [1]
  Mu (Asymmetry/Depth): [0.2 0.5]
----------------------------------------
2025-06-21 09:22:58 INFO Run function 11 complete. FEHistory len: 10, AOCC: 0.0000
2025-06-21 09:22:58 INFO FeHistory: [345109.63499198 144131.36889528 107043.12374282 204034.98737385
 222857.4675207  224498.25882605 163042.13521999 182740.62319005
 140819.75866409 271315.40165755]
2025-06-21 09:22:58 INFO Expected Optimum FE: -118.07535757360006
2025-06-21 09:22:58 INFO --- GNBG Problem Parameters for f21 ---
  Dimension: 30, MaxEvals: 1000000
  Search Bounds: [-100, 100]
  Number of Components: 5
  Known Optimum Value: -50.000000
  Lambda (Curvature): [0.5 0.5 0.5 0.5 0.5]
  Mu (Asymmetry/Depth): [0.17318004 0.11194571 0.19092932 0.18126106 0.14008737 0.11467924
 0.12498507 0.12642975 0.11734302 0.18190892]
----------------------------------------
2025-06-21 09:22:58 INFO Run function 21 complete. FEHistory len: 10, AOCC: 0.0000
2025-06-21 09:22:58 INFO FeHistory: [286.94130486 261.07280209 269.79582711 278.95587844 226.82817193
 249.7656359  295.56579251 262.43766444 250.30668756 318.80548136]
2025-06-21 09:22:58 INFO Expected Optimum FE: -50
2025-06-21 09:22:58 INFO Unimodal AOCC mean: nan
2025-06-21 09:22:58 INFO Multimodal (single component) AOCC mean: 0.0000
2025-06-21 09:22:58 INFO Multimodal (multiple components) AOCC mean: 0.0000
2025-06-21 09:22:58 INFO AOCC mean: 0.0000
