2025-06-24 11:21:44 INFO --- GNBG Problem Parameters for f16 ---
  Dimension: 30, MaxEvals: 1000000
  Search Bounds: [-100, 100]
  Number of Components: 5
  Known Optimum Value: -5000.000000
  Lambda (Curvature): [1 1 1 1 1]
  Mu (Asymmetry/Depth): [0 0 0 0 0 0 0 0 0 0]
----------------------------------------
2025-06-24 11:21:44 INFO --- GNBG Problem Parameters for f16 ---
  Dimension: 30, MaxEvals: 1000000
  Search Bounds: [-100, 100]
  Number of Components: 5
  Known Optimum Value: -5000.000000
  Lambda (Curvature): [1 1 1 1 1]
  Mu (Asymmetry/Depth): [0 0 0 0 0 0 0 0 0 0]
----------------------------------------
2025-06-24 11:21:44 INFO --- GNBG Problem Parameters for f16 ---
  Dimension: 30, MaxEvals: 1000000
  Search Bounds: [-100, 100]
  Number of Components: 5
  Known Optimum Value: -5000.000000
  Lambda (Curvature): [1 1 1 1 1]
  Mu (Asymmetry/Depth): [0 0 0 0 0 0 0 0 0 0]
----------------------------------------
2025-06-24 11:21:44 INFO --- GNBG Problem Parameters for f16 ---
  Dimension: 30, MaxEvals: 1000000
  Search Bounds: [-100, 100]
  Number of Components: 5
  Known Optimum Value: -5000.000000
  Lambda (Curvature): [1 1 1 1 1]
  Mu (Asymmetry/Depth): [0 0 0 0 0 0 0 0 0 0]
----------------------------------------
2025-06-24 11:22:27 INFO Run function 16 complete. FEHistory len: 150000, AOCC: 0.0000
2025-06-24 11:22:27 INFO FeHistory: [121615.61008568  78129.64332839 127412.64995343 ...  -4317.9
  -4317.9         -4317.9       ]
2025-06-24 11:22:27 INFO Expected Optimum FE: -5000
2025-06-24 11:22:27 INFO --- GNBG Problem Parameters for f18 ---
  Dimension: 30, MaxEvals: 1000000
  Search Bounds: [-100, 100]
  Number of Components: 5
  Known Optimum Value: -5000.000000
  Lambda (Curvature): [1 1 1 1 1]
  Mu (Asymmetry/Depth): [0.22159228 0.42314776 0.4901829  0.25862884 0.37043014 0.37440768
 0.26098797 0.491006   0.27569772 0.45404864]
----------------------------------------
2025-06-24 11:22:28 INFO Run function 16 complete. FEHistory len: 150000, AOCC: 0.0000
2025-06-24 11:22:28 INFO FeHistory: [150463.43370291 126447.26796008 159485.45330279 ...  92075.24645788
  80813.78701612 104234.03414672]
2025-06-24 11:22:28 INFO Expected Optimum FE: -5000
2025-06-24 11:22:28 INFO --- GNBG Problem Parameters for f18 ---
  Dimension: 30, MaxEvals: 1000000
  Search Bounds: [-100, 100]
  Number of Components: 5
  Known Optimum Value: -5000.000000
  Lambda (Curvature): [1 1 1 1 1]
  Mu (Asymmetry/Depth): [0.22159228 0.42314776 0.4901829  0.25862884 0.37043014 0.37440768
 0.26098797 0.491006   0.27569772 0.45404864]
----------------------------------------
2025-06-24 11:22:28 INFO Run function 16 complete. FEHistory len: 150000, AOCC: 0.0000
2025-06-24 11:22:28 INFO FeHistory: [152716.5843118  125735.88918734 123778.00205257 ...  -4399.9
  -4399.9         -4399.9       ]
2025-06-24 11:22:28 INFO Expected Optimum FE: -5000
2025-06-24 11:22:28 INFO --- GNBG Problem Parameters for f18 ---
  Dimension: 30, MaxEvals: 1000000
  Search Bounds: [-100, 100]
  Number of Components: 5
  Known Optimum Value: -5000.000000
  Lambda (Curvature): [1 1 1 1 1]
  Mu (Asymmetry/Depth): [0.22159228 0.42314776 0.4901829  0.25862884 0.37043014 0.37440768
 0.26098797 0.491006   0.27569772 0.45404864]
----------------------------------------
2025-06-24 11:23:08 INFO Run function 18 complete. FEHistory len: 150000, AOCC: 0.0000
2025-06-24 11:23:08 INFO FeHistory: [167661.67167087 194808.2204503  149529.79143099 ...  -4233.45461924
  -4233.45461924  -4233.45461924]
2025-06-24 11:23:08 INFO Expected Optimum FE: -5000
2025-06-24 11:23:08 INFO --- GNBG Problem Parameters for f19 ---
  Dimension: 30, MaxEvals: 1000000
  Search Bounds: [-100, 100]
  Number of Components: 5
  Known Optimum Value: -5000.000000
  Lambda (Curvature): [1 1 1 1 1]
  Mu (Asymmetry/Depth): [0.5 0.5 0.5 0.5 0.5 0.5 0.5 0.5 0.5 0.5]
----------------------------------------
2025-06-24 11:23:10 INFO Run function 18 complete. FEHistory len: 150000, AOCC: 0.0000
2025-06-24 11:23:10 INFO FeHistory: [127950.38631236 166194.60277715 118506.99154679 ...   2004.36433742
   6340.18621618   1525.79137953]
2025-06-24 11:23:10 INFO Expected Optimum FE: -5000
2025-06-24 11:23:10 INFO --- GNBG Problem Parameters for f19 ---
  Dimension: 30, MaxEvals: 1000000
  Search Bounds: [-100, 100]
  Number of Components: 5
  Known Optimum Value: -5000.000000
  Lambda (Curvature): [1 1 1 1 1]
  Mu (Asymmetry/Depth): [0.5 0.5 0.5 0.5 0.5 0.5 0.5 0.5 0.5 0.5]
----------------------------------------
2025-06-24 11:23:10 INFO Run function 18 complete. FEHistory len: 150000, AOCC: 0.0000
2025-06-24 11:23:10 INFO FeHistory: [201754.35292436 115945.74385899 170896.94301824 ...  -4470.39999999
  -4470.39999999  -4470.39999999]
2025-06-24 11:23:10 INFO Expected Optimum FE: -5000
2025-06-24 11:23:10 INFO --- GNBG Problem Parameters for f19 ---
  Dimension: 30, MaxEvals: 1000000
  Search Bounds: [-100, 100]
  Number of Components: 5
  Known Optimum Value: -5000.000000
  Lambda (Curvature): [1 1 1 1 1]
  Mu (Asymmetry/Depth): [0.5 0.5 0.5 0.5 0.5 0.5 0.5 0.5 0.5 0.5]
----------------------------------------
2025-06-24 11:23:52 INFO Run function 19 complete. FEHistory len: 150000, AOCC: 0.0000
2025-06-24 11:23:52 INFO FeHistory: [129614.67586216 180240.35195881 177545.79024655 ...  -4334.60017725
  -4334.60017725  -4334.60017725]
2025-06-24 11:23:52 INFO Expected Optimum FE: -5000
2025-06-24 11:23:52 INFO Unimodal AOCC mean: nan
2025-06-24 11:23:52 INFO Multimodal (single component) AOCC mean: nan
2025-06-24 11:23:52 INFO Multimodal (multiple components) AOCC mean: 0.0000
2025-06-24 11:23:52 INFO AOCC mean: 0.0000
2025-06-24 11:23:52 INFO Weighed AOCC mean: nan
2025-06-24 11:23:55 INFO Run function 19 complete. FEHistory len: 150000, AOCC: 0.0000
2025-06-24 11:23:55 INFO FeHistory: [199040.77437867 119426.29806932 197582.42865722 ...  18580.27091473
  15788.98119381  35312.2215689 ]
2025-06-24 11:23:55 INFO Expected Optimum FE: -5000
2025-06-24 11:23:55 INFO Unimodal AOCC mean: nan
2025-06-24 11:23:55 INFO Multimodal (single component) AOCC mean: nan
2025-06-24 11:23:55 INFO Multimodal (multiple components) AOCC mean: 0.0000
2025-06-24 11:23:55 INFO AOCC mean: 0.0000
2025-06-24 11:23:55 INFO Weighed AOCC mean: nan
2025-06-24 11:23:56 INFO Run function 19 complete. FEHistory len: 150000, AOCC: 0.0000
2025-06-24 11:23:56 INFO FeHistory: [ 87209.25404695 128487.73469376 143378.21036683 ...  -4317.89957099
  -4317.89955875  -4317.89958272]
2025-06-24 11:23:56 INFO Expected Optimum FE: -5000
2025-06-24 11:23:56 INFO Unimodal AOCC mean: nan
2025-06-24 11:23:56 INFO Multimodal (single component) AOCC mean: nan
2025-06-24 11:23:56 INFO Multimodal (multiple components) AOCC mean: 0.0000
2025-06-24 11:23:56 INFO AOCC mean: 0.0000
2025-06-24 11:23:56 INFO Weighed AOCC mean: nan
2025-06-24 11:24:11 INFO Run function 16 complete. FEHistory len: 150000, AOCC: 0.0000
2025-06-24 11:24:11 INFO FeHistory: [116685.84715917 211252.70561559 211153.13224831 ...  -4419.9
  -4419.9         -4419.9       ]
2025-06-24 11:24:11 INFO Expected Optimum FE: -5000
2025-06-24 11:24:11 INFO --- GNBG Problem Parameters for f18 ---
  Dimension: 30, MaxEvals: 1000000
  Search Bounds: [-100, 100]
  Number of Components: 5
  Known Optimum Value: -5000.000000
  Lambda (Curvature): [1 1 1 1 1]
  Mu (Asymmetry/Depth): [0.22159228 0.42314776 0.4901829  0.25862884 0.37043014 0.37440768
 0.26098797 0.491006   0.27569772 0.45404864]
----------------------------------------
2025-06-24 11:26:48 INFO Run function 18 complete. FEHistory len: 150000, AOCC: 0.0000
2025-06-24 11:26:48 INFO FeHistory: [140044.99392886 225383.11508758 254579.4141705  ...  -4419.9
  -4419.9         -4419.9       ]
2025-06-24 11:26:48 INFO Expected Optimum FE: -5000
2025-06-24 11:26:48 INFO --- GNBG Problem Parameters for f19 ---
  Dimension: 30, MaxEvals: 1000000
  Search Bounds: [-100, 100]
  Number of Components: 5
  Known Optimum Value: -5000.000000
  Lambda (Curvature): [1 1 1 1 1]
  Mu (Asymmetry/Depth): [0.5 0.5 0.5 0.5 0.5 0.5 0.5 0.5 0.5 0.5]
----------------------------------------
2025-06-24 11:29:21 INFO Run function 19 complete. FEHistory len: 150000, AOCC: 0.0000
2025-06-24 11:29:21 INFO FeHistory: [176827.36267655 166171.03040224 333151.79871013 ...  -4317.9
  -4317.9         -4317.9       ]
2025-06-24 11:29:21 INFO Expected Optimum FE: -5000
2025-06-24 11:29:21 INFO Unimodal AOCC mean: nan
2025-06-24 11:29:21 INFO Multimodal (single component) AOCC mean: nan
2025-06-24 11:29:21 INFO Multimodal (multiple components) AOCC mean: 0.0000
2025-06-24 11:29:21 INFO AOCC mean: 0.0000
2025-06-24 11:29:21 INFO Weighed AOCC mean: nan
