2025-06-20 18:11:38 INFO Initializing first population
2025-06-20 18:11:38 INFO Initializing population from 4 seed files...
2025-06-20 18:11:38 INFO --- GNBG Problem Parameters for f4 ---
  Dimension: 30, MaxEvals: 500000
  Search Bounds: [-100, 100]
  Number of Components: 1
  Known Optimum Value: -382.620521
  Lambda (Curvature): [1]
  Mu (Asymmetry/Depth): [0 0]
----------------------------------------
2025-06-20 18:11:43 INFO Run function 4 complete. FEHistory len: 50000, AOCC: 0.1719
2025-06-20 18:11:43 INFO FeHistory: [ 1.22047896e+06  5.51858113e+05  6.97783896e+05 ... -3.82619753e+02
 -3.82619710e+02 -3.82620108e+02]
2025-06-20 18:11:43 INFO Expected Optimum FE: -382.6205211774271
2025-06-20 18:11:43 INFO Good algorithm:
Algorithm Name: AdaptiveGaussianSamplingEA
import numpy as np
class AdaptiveGaussianSamplingEA:
    def __init__(self, budget: int, dim: int, lower_bounds: list[float], upper_bounds: list[float]):
        self.budget = int(budget)
        self.dim = int(dim)
        self.lower_bounds = np.array(lower_bounds, dtype=float)
        self.upper_bounds = np.array(upper_bounds, dtype=float)

        self.eval_count = 0
        self.best_solution_overall = None
        self.best_fitness_overall = float('inf')
        self.population_size = 100  # Adjust as needed
        self.sigma = 0.2 * (self.upper_bounds - self.lower_bounds)  # Initial Gaussian width
        self.sigma_decay = 0.99 #Decay rate of sigma


    def optimize(self, objective_function: callable, acceptance_threshold: float = 1e-8) -> tuple:
        self.eval_count = 0
        self.best_solution_overall = np.random.uniform(self.lower_bounds, self.upper_bounds, self.dim)
        self.best_fitness_overall = objective_function(self.best_solution_overall.reshape(1, -1))[0]
        self.eval_count += 1

        population = self._initialize_population()
        fitness_values = objective_function(population)
        self.eval_count += self.population_size

        while self.eval_count < self.budget:
            # Selection (tournament selection)
            parents = self._tournament_selection(population, fitness_values)

            # Recombination (Gaussian perturbation)
            offspring = self._gaussian_recombination(parents)

            # Mutation (adjust sigma adaptively)
            offspring = self._adaptive_mutation(offspring)

            #Evaluation
            offspring_fitness = objective_function(offspring)
            self.eval_count += len(offspring)
            
            #Selection for next generation
            population, fitness_values = self._select_next_generation(population, fitness_values, offspring, offspring_fitness)

            # Update best solution
            self._update_best(offspring, offspring_fitness)
            self.sigma *= self.sigma_decay

        optimization_info = {
            'function_evaluations_used': self.eval_count,
            'final_best_fitness': self.best_fitness_overall
        }
        return self.best_solution_overall, self.best_fitness_overall, optimization_info


    def _initialize_population(self):
        #Adaptive Gaussian Sampling
        center = np.random.uniform(self.lower_bounds, self.upper_bounds, self.dim)
        population = np.random.normal(center, self.sigma, size=(self.population_size, self.dim))
        population = np.clip(population, self.lower_bounds, self.upper_bounds)
        return population

    def _tournament_selection(self, population, fitness_values):
        tournament_size = 5
        num_parents = self.population_size //2 #Binary Recombination

        selected_parents = []
        for _ in range(num_parents):
            tournament = np.random.choice(len(population), tournament_size, replace=False)
            winner_index = tournament[np.argmin(fitness_values[tournament])]
            selected_parents.append(population[winner_index])
        return np.array(selected_parents)


    def _gaussian_recombination(self, parents):
        offspring = []
        for i in range(0, len(parents), 2):
            parent1 = parents[i]
            parent2 = parents[i+1]
            child1 = (parent1 + parent2) / 2 + np.random.normal(0, self.sigma / 2, self.dim)
            child2 = (parent1 + parent2) / 2 + np.random.normal(0, self.sigma / 2, self.dim)
            offspring.extend([child1, child2])
        return np.clip(np.array(offspring), self.lower_bounds, self.upper_bounds)


    def _adaptive_mutation(self, offspring):
        #Simple Mutation, sigma is already updated
        offspring += np.random.normal(0, self.sigma, size=offspring.shape)
        return np.clip(offspring, self.lower_bounds, self.upper_bounds)

    def _select_next_generation(self, population, fitness_values, offspring, offspring_fitness):
        combined_pop = np.vstack((population, offspring))
        combined_fit = np.concatenate((fitness_values, offspring_fitness))
        
        sorted_indices = np.argsort(combined_fit)
        
        next_gen = combined_pop[sorted_indices[:self.population_size]]
        next_fit = combined_fit[sorted_indices[:self.population_size]]
        return next_gen, next_fit
    

    def _update_best(self, offspring, offspring_fitness):
        for i, fitness in enumerate(offspring_fitness):
            if fitness < self.best_fitness_overall:
                self.best_fitness_overall = fitness
                self.best_solution_overall = offspring[i]
2025-06-20 18:11:43 INFO --- GNBG Problem Parameters for f7 ---
  Dimension: 30, MaxEvals: 500000
  Search Bounds: [-100, 100]
  Number of Components: 1
  Known Optimum Value: -912.857374
  Lambda (Curvature): [1]
  Mu (Asymmetry/Depth): [0.2 0.2]
----------------------------------------
2025-06-20 18:11:47 INFO Run function 7 complete. FEHistory len: 50000, AOCC: 0.2129
2025-06-20 18:11:47 INFO FeHistory: [236062.86837507 199940.71873442 268465.57952324 ...   -912.85714049
   -912.85720249   -912.85724801]
2025-06-20 18:11:47 INFO Expected Optimum FE: -912.8573739743372
2025-06-20 18:11:47 INFO Good algorithm:
Algorithm Name: AdaptiveGaussianSamplingEA
import numpy as np
class AdaptiveGaussianSamplingEA:
    def __init__(self, budget: int, dim: int, lower_bounds: list[float], upper_bounds: list[float]):
        self.budget = int(budget)
        self.dim = int(dim)
        self.lower_bounds = np.array(lower_bounds, dtype=float)
        self.upper_bounds = np.array(upper_bounds, dtype=float)

        self.eval_count = 0
        self.best_solution_overall = None
        self.best_fitness_overall = float('inf')
        self.population_size = 100  # Adjust as needed
        self.sigma = 0.2 * (self.upper_bounds - self.lower_bounds)  # Initial Gaussian width
        self.sigma_decay = 0.99 #Decay rate of sigma


    def optimize(self, objective_function: callable, acceptance_threshold: float = 1e-8) -> tuple:
        self.eval_count = 0
        self.best_solution_overall = np.random.uniform(self.lower_bounds, self.upper_bounds, self.dim)
        self.best_fitness_overall = objective_function(self.best_solution_overall.reshape(1, -1))[0]
        self.eval_count += 1

        population = self._initialize_population()
        fitness_values = objective_function(population)
        self.eval_count += self.population_size

        while self.eval_count < self.budget:
            # Selection (tournament selection)
            parents = self._tournament_selection(population, fitness_values)

            # Recombination (Gaussian perturbation)
            offspring = self._gaussian_recombination(parents)

            # Mutation (adjust sigma adaptively)
            offspring = self._adaptive_mutation(offspring)

            #Evaluation
            offspring_fitness = objective_function(offspring)
            self.eval_count += len(offspring)
            
            #Selection for next generation
            population, fitness_values = self._select_next_generation(population, fitness_values, offspring, offspring_fitness)

            # Update best solution
            self._update_best(offspring, offspring_fitness)
            self.sigma *= self.sigma_decay

        optimization_info = {
            'function_evaluations_used': self.eval_count,
            'final_best_fitness': self.best_fitness_overall
        }
        return self.best_solution_overall, self.best_fitness_overall, optimization_info


    def _initialize_population(self):
        #Adaptive Gaussian Sampling
        center = np.random.uniform(self.lower_bounds, self.upper_bounds, self.dim)
        population = np.random.normal(center, self.sigma, size=(self.population_size, self.dim))
        population = np.clip(population, self.lower_bounds, self.upper_bounds)
        return population

    def _tournament_selection(self, population, fitness_values):
        tournament_size = 5
        num_parents = self.population_size //2 #Binary Recombination

        selected_parents = []
        for _ in range(num_parents):
            tournament = np.random.choice(len(population), tournament_size, replace=False)
            winner_index = tournament[np.argmin(fitness_values[tournament])]
            selected_parents.append(population[winner_index])
        return np.array(selected_parents)


    def _gaussian_recombination(self, parents):
        offspring = []
        for i in range(0, len(parents), 2):
            parent1 = parents[i]
            parent2 = parents[i+1]
            child1 = (parent1 + parent2) / 2 + np.random.normal(0, self.sigma / 2, self.dim)
            child2 = (parent1 + parent2) / 2 + np.random.normal(0, self.sigma / 2, self.dim)
            offspring.extend([child1, child2])
        return np.clip(np.array(offspring), self.lower_bounds, self.upper_bounds)


    def _adaptive_mutation(self, offspring):
        #Simple Mutation, sigma is already updated
        offspring += np.random.normal(0, self.sigma, size=offspring.shape)
        return np.clip(offspring, self.lower_bounds, self.upper_bounds)

    def _select_next_generation(self, population, fitness_values, offspring, offspring_fitness):
        combined_pop = np.vstack((population, offspring))
        combined_fit = np.concatenate((fitness_values, offspring_fitness))
        
        sorted_indices = np.argsort(combined_fit)
        
        next_gen = combined_pop[sorted_indices[:self.population_size]]
        next_fit = combined_fit[sorted_indices[:self.population_size]]
        return next_gen, next_fit
    

    def _update_best(self, offspring, offspring_fitness):
        for i, fitness in enumerate(offspring_fitness):
            if fitness < self.best_fitness_overall:
                self.best_fitness_overall = fitness
                self.best_solution_overall = offspring[i]
2025-06-20 18:11:47 INFO --- GNBG Problem Parameters for f8 ---
  Dimension: 30, MaxEvals: 500000
  Search Bounds: [-100, 100]
  Number of Components: 1
  Known Optimum Value: -656.788998
  Lambda (Curvature): [1]
  Mu (Asymmetry/Depth): [0.2 0.2]
----------------------------------------
2025-06-20 18:11:52 INFO Run function 8 complete. FEHistory len: 50000, AOCC: 0.2146
2025-06-20 18:11:52 INFO FeHistory: [173930.06620431 227567.92068342 177890.59066439 ...   -656.78877978
   -656.78884023   -656.78869133]
2025-06-20 18:11:52 INFO Expected Optimum FE: -656.7889979935655
2025-06-20 18:11:52 INFO Good algorithm:
Algorithm Name: AdaptiveGaussianSamplingEA
import numpy as np
class AdaptiveGaussianSamplingEA:
    def __init__(self, budget: int, dim: int, lower_bounds: list[float], upper_bounds: list[float]):
        self.budget = int(budget)
        self.dim = int(dim)
        self.lower_bounds = np.array(lower_bounds, dtype=float)
        self.upper_bounds = np.array(upper_bounds, dtype=float)

        self.eval_count = 0
        self.best_solution_overall = None
        self.best_fitness_overall = float('inf')
        self.population_size = 100  # Adjust as needed
        self.sigma = 0.2 * (self.upper_bounds - self.lower_bounds)  # Initial Gaussian width
        self.sigma_decay = 0.99 #Decay rate of sigma


    def optimize(self, objective_function: callable, acceptance_threshold: float = 1e-8) -> tuple:
        self.eval_count = 0
        self.best_solution_overall = np.random.uniform(self.lower_bounds, self.upper_bounds, self.dim)
        self.best_fitness_overall = objective_function(self.best_solution_overall.reshape(1, -1))[0]
        self.eval_count += 1

        population = self._initialize_population()
        fitness_values = objective_function(population)
        self.eval_count += self.population_size

        while self.eval_count < self.budget:
            # Selection (tournament selection)
            parents = self._tournament_selection(population, fitness_values)

            # Recombination (Gaussian perturbation)
            offspring = self._gaussian_recombination(parents)

            # Mutation (adjust sigma adaptively)
            offspring = self._adaptive_mutation(offspring)

            #Evaluation
            offspring_fitness = objective_function(offspring)
            self.eval_count += len(offspring)
            
            #Selection for next generation
            population, fitness_values = self._select_next_generation(population, fitness_values, offspring, offspring_fitness)

            # Update best solution
            self._update_best(offspring, offspring_fitness)
            self.sigma *= self.sigma_decay

        optimization_info = {
            'function_evaluations_used': self.eval_count,
            'final_best_fitness': self.best_fitness_overall
        }
        return self.best_solution_overall, self.best_fitness_overall, optimization_info


    def _initialize_population(self):
        #Adaptive Gaussian Sampling
        center = np.random.uniform(self.lower_bounds, self.upper_bounds, self.dim)
        population = np.random.normal(center, self.sigma, size=(self.population_size, self.dim))
        population = np.clip(population, self.lower_bounds, self.upper_bounds)
        return population

    def _tournament_selection(self, population, fitness_values):
        tournament_size = 5
        num_parents = self.population_size //2 #Binary Recombination

        selected_parents = []
        for _ in range(num_parents):
            tournament = np.random.choice(len(population), tournament_size, replace=False)
            winner_index = tournament[np.argmin(fitness_values[tournament])]
            selected_parents.append(population[winner_index])
        return np.array(selected_parents)


    def _gaussian_recombination(self, parents):
        offspring = []
        for i in range(0, len(parents), 2):
            parent1 = parents[i]
            parent2 = parents[i+1]
            child1 = (parent1 + parent2) / 2 + np.random.normal(0, self.sigma / 2, self.dim)
            child2 = (parent1 + parent2) / 2 + np.random.normal(0, self.sigma / 2, self.dim)
            offspring.extend([child1, child2])
        return np.clip(np.array(offspring), self.lower_bounds, self.upper_bounds)


    def _adaptive_mutation(self, offspring):
        #Simple Mutation, sigma is already updated
        offspring += np.random.normal(0, self.sigma, size=offspring.shape)
        return np.clip(offspring, self.lower_bounds, self.upper_bounds)

    def _select_next_generation(self, population, fitness_values, offspring, offspring_fitness):
        combined_pop = np.vstack((population, offspring))
        combined_fit = np.concatenate((fitness_values, offspring_fitness))
        
        sorted_indices = np.argsort(combined_fit)
        
        next_gen = combined_pop[sorted_indices[:self.population_size]]
        next_fit = combined_fit[sorted_indices[:self.population_size]]
        return next_gen, next_fit
    

    def _update_best(self, offspring, offspring_fitness):
        for i, fitness in enumerate(offspring_fitness):
            if fitness < self.best_fitness_overall:
                self.best_fitness_overall = fitness
                self.best_solution_overall = offspring[i]
2025-06-20 18:11:52 INFO --- GNBG Problem Parameters for f24 ---
  Dimension: 30, MaxEvals: 1000000
  Search Bounds: [-100, 100]
  Number of Components: 5
  Known Optimum Value: -100.000000
  Lambda (Curvature): [0.25 0.25 0.25 0.25 0.25]
  Mu (Asymmetry/Depth): [0.44142637 0.27898903 0.25803028 0.21978833 0.39183826 0.42051979
 0.35740109 0.43165341 0.47744239 0.47234476]
----------------------------------------
2025-06-20 18:12:06 INFO Run function 24 complete. FEHistory len: 50000, AOCC: 0.0356
2025-06-20 18:12:06 INFO FeHistory: [177.86631107 206.37028192 172.0693113  ... -68.77782314 -68.77767589
 -68.77765906]
2025-06-20 18:12:06 INFO Expected Optimum FE: -100
2025-06-20 18:12:06 INFO Good algorithm:
Algorithm Name: AdaptiveGaussianSamplingEA
import numpy as np
class AdaptiveGaussianSamplingEA:
    def __init__(self, budget: int, dim: int, lower_bounds: list[float], upper_bounds: list[float]):
        self.budget = int(budget)
        self.dim = int(dim)
        self.lower_bounds = np.array(lower_bounds, dtype=float)
        self.upper_bounds = np.array(upper_bounds, dtype=float)

        self.eval_count = 0
        self.best_solution_overall = None
        self.best_fitness_overall = float('inf')
        self.population_size = 100  # Adjust as needed
        self.sigma = 0.2 * (self.upper_bounds - self.lower_bounds)  # Initial Gaussian width
        self.sigma_decay = 0.99 #Decay rate of sigma


    def optimize(self, objective_function: callable, acceptance_threshold: float = 1e-8) -> tuple:
        self.eval_count = 0
        self.best_solution_overall = np.random.uniform(self.lower_bounds, self.upper_bounds, self.dim)
        self.best_fitness_overall = objective_function(self.best_solution_overall.reshape(1, -1))[0]
        self.eval_count += 1

        population = self._initialize_population()
        fitness_values = objective_function(population)
        self.eval_count += self.population_size

        while self.eval_count < self.budget:
            # Selection (tournament selection)
            parents = self._tournament_selection(population, fitness_values)

            # Recombination (Gaussian perturbation)
            offspring = self._gaussian_recombination(parents)

            # Mutation (adjust sigma adaptively)
            offspring = self._adaptive_mutation(offspring)

            #Evaluation
            offspring_fitness = objective_function(offspring)
            self.eval_count += len(offspring)
            
            #Selection for next generation
            population, fitness_values = self._select_next_generation(population, fitness_values, offspring, offspring_fitness)

            # Update best solution
            self._update_best(offspring, offspring_fitness)
            self.sigma *= self.sigma_decay

        optimization_info = {
            'function_evaluations_used': self.eval_count,
            'final_best_fitness': self.best_fitness_overall
        }
        return self.best_solution_overall, self.best_fitness_overall, optimization_info


    def _initialize_population(self):
        #Adaptive Gaussian Sampling
        center = np.random.uniform(self.lower_bounds, self.upper_bounds, self.dim)
        population = np.random.normal(center, self.sigma, size=(self.population_size, self.dim))
        population = np.clip(population, self.lower_bounds, self.upper_bounds)
        return population

    def _tournament_selection(self, population, fitness_values):
        tournament_size = 5
        num_parents = self.population_size //2 #Binary Recombination

        selected_parents = []
        for _ in range(num_parents):
            tournament = np.random.choice(len(population), tournament_size, replace=False)
            winner_index = tournament[np.argmin(fitness_values[tournament])]
            selected_parents.append(population[winner_index])
        return np.array(selected_parents)


    def _gaussian_recombination(self, parents):
        offspring = []
        for i in range(0, len(parents), 2):
            parent1 = parents[i]
            parent2 = parents[i+1]
            child1 = (parent1 + parent2) / 2 + np.random.normal(0, self.sigma / 2, self.dim)
            child2 = (parent1 + parent2) / 2 + np.random.normal(0, self.sigma / 2, self.dim)
            offspring.extend([child1, child2])
        return np.clip(np.array(offspring), self.lower_bounds, self.upper_bounds)


    def _adaptive_mutation(self, offspring):
        #Simple Mutation, sigma is already updated
        offspring += np.random.normal(0, self.sigma, size=offspring.shape)
        return np.clip(offspring, self.lower_bounds, self.upper_bounds)

    def _select_next_generation(self, population, fitness_values, offspring, offspring_fitness):
        combined_pop = np.vstack((population, offspring))
        combined_fit = np.concatenate((fitness_values, offspring_fitness))
        
        sorted_indices = np.argsort(combined_fit)
        
        next_gen = combined_pop[sorted_indices[:self.population_size]]
        next_fit = combined_fit[sorted_indices[:self.population_size]]
        return next_gen, next_fit
    

    def _update_best(self, offspring, offspring_fitness):
        for i, fitness in enumerate(offspring_fitness):
            if fitness < self.best_fitness_overall:
                self.best_fitness_overall = fitness
                self.best_solution_overall = offspring[i]
2025-06-20 18:12:06 INFO Unimodal AOCC mean: 0.1719
2025-06-20 18:12:06 INFO Multimodal (single component) AOCC mean: 0.2137
2025-06-20 18:12:06 INFO Multimodal (multiple components) AOCC mean: 0.0356
2025-06-20 18:12:06 INFO AOCC mean: 0.1587
2025-06-20 18:12:06 INFO --- GNBG Problem Parameters for f4 ---
  Dimension: 30, MaxEvals: 500000
  Search Bounds: [-100, 100]
  Number of Components: 1
  Known Optimum Value: -382.620521
  Lambda (Curvature): [1]
  Mu (Asymmetry/Depth): [0 0]
----------------------------------------
2025-06-20 18:12:14 INFO Run function 4 complete. FEHistory len: 50000, AOCC: 0.1544
2025-06-20 18:12:14 INFO FeHistory: [ 8.87151583e+05  8.78749704e+05  8.87151583e+05 ...  2.13108663e+03
 -3.82174977e+02  2.87704885e+03]
2025-06-20 18:12:14 INFO Expected Optimum FE: -382.6205211774271
2025-06-20 18:12:14 INFO Good algorithm:
Algorithm Name: AdaptiveMultimodalOptimizerImproved
import numpy as np
import random
class AdaptiveMultimodalOptimizerImproved:
    def __init__(self, budget: int, dim: int, lower_bounds: list[float], upper_bounds: list[float]):
        self.budget = int(budget)
        self.dim = int(dim)
        self.lower_bounds = np.array(lower_bounds, dtype=float)
        self.upper_bounds = np.array(upper_bounds, dtype=float)

        self.eval_count = 0
        self.best_solution_overall = None
        self.best_fitness_overall = float('inf')
        self.tabu_list = []  # Tabu list to avoid revisiting recent solutions
        self.tabu_length = 10 # Length of the tabu list

        self.perturbation_strength = 0.5 # Initial perturbation strength, adaptive
        self.local_search_iterations = 10 # Number of iterations for local search
        self.temperature = 1.0 # Initial temperature for simulated annealing

    def optimize(self, objective_function: callable, acceptance_threshold: float = 1e-8) -> tuple:
        self.eval_count = 0
        if self.dim > 0:
            self.best_solution_overall = np.random.uniform(self.lower_bounds, self.upper_bounds, self.dim)
        else:
            self.best_solution_overall = np.array([])

        self.best_fitness_overall = objective_function(self.best_solution_overall.reshape(1, -1))[0]
        self.eval_count += 1

        while self.eval_count < self.budget:
            current_solution = self.best_solution_overall.copy()
                                
            # Local Search
            for _ in range(self.local_search_iterations):
                neighbor = self._generate_neighbor(current_solution)
                neighbor_fitness = objective_function(neighbor.reshape(1, -1))[0]
                self.eval_count += 1

                if self._accept(neighbor_fitness, self._fitness(current_solution, objective_function), self.temperature):
                    current_solution = neighbor

                if neighbor_fitness < self.best_fitness_overall:
                    self.best_fitness_overall = neighbor_fitness
                    self.best_solution_overall = neighbor
                    self.tabu_list = [] # Reset tabu list upon finding a new global best

            # Check for stagnation and apply perturbation
            if self._is_stagnant(current_solution):
                current_solution = self._perturb(current_solution)
            self.temperature *= 0.95 # Cool down the temperature

            # Add solution to tabu list
            self._update_tabu_list(current_solution)

        optimization_info = {
            'function_evaluations_used': self.eval_count,
            'final_best_fitness': self.best_fitness_overall,
            'perturbation_strength': self.perturbation_strength,
            'final_temperature': self.temperature
        }
        return self.best_solution_overall, self.best_fitness_overall, optimization_info


    def _generate_neighbor(self, solution):
        neighbor = solution.copy()
        index = random.randint(0, self.dim - 1)
        neighbor[index] += np.random.normal(0, 0.1 * (self.upper_bounds[index] - self.lower_bounds[index]))  # Small Gaussian perturbation
        neighbor = np.clip(neighbor, self.lower_bounds, self.upper_bounds)
        return neighbor

    def _perturb(self, solution):
        perturbation = np.random.uniform(-self.perturbation_strength, self.perturbation_strength, self.dim) * (self.upper_bounds - self.lower_bounds)
        new_solution = solution + perturbation
        new_solution = np.clip(new_solution, self.lower_bounds, self.upper_bounds)
        self.perturbation_strength *= 1.1 # Increase perturbation strength adaptively
        return new_solution

    def _is_stagnant(self, solution):
        return np.allclose(solution, self.best_solution_overall, atol=1e-4)


    def _update_tabu_list(self, solution):
        self.tabu_list.append(tuple(solution))
        if len(self.tabu_list) > self.tabu_length:
            self.tabu_list.pop(0)

    def _fitness(self, solution, objective_function):
        return objective_function(solution.reshape(1, -1))[0]

    def _accept(self, new_fitness, current_fitness, temperature):
        if new_fitness < current_fitness:
            return True
        else:
            delta_e = new_fitness - current_fitness
            acceptance_probability = np.exp(-delta_e / temperature)
            return random.random() < acceptance_probability








2025-06-20 18:12:14 INFO --- GNBG Problem Parameters for f7 ---
  Dimension: 30, MaxEvals: 500000
  Search Bounds: [-100, 100]
  Number of Components: 1
  Known Optimum Value: -912.857374
  Lambda (Curvature): [1]
  Mu (Asymmetry/Depth): [0.2 0.2]
----------------------------------------
2025-06-20 18:12:22 INFO Run function 7 complete. FEHistory len: 50000, AOCC: 0.2502
2025-06-20 18:12:22 INFO FeHistory: [353914.36829551 356331.48537347 353914.36829551 ...   -895.33971705
   -912.80962571   -368.36549568]
2025-06-20 18:12:22 INFO Expected Optimum FE: -912.8573739743372
2025-06-20 18:12:22 INFO Good algorithm:
Algorithm Name: AdaptiveMultimodalOptimizerImproved
import numpy as np
import random
class AdaptiveMultimodalOptimizerImproved:
    def __init__(self, budget: int, dim: int, lower_bounds: list[float], upper_bounds: list[float]):
        self.budget = int(budget)
        self.dim = int(dim)
        self.lower_bounds = np.array(lower_bounds, dtype=float)
        self.upper_bounds = np.array(upper_bounds, dtype=float)

        self.eval_count = 0
        self.best_solution_overall = None
        self.best_fitness_overall = float('inf')
        self.tabu_list = []  # Tabu list to avoid revisiting recent solutions
        self.tabu_length = 10 # Length of the tabu list

        self.perturbation_strength = 0.5 # Initial perturbation strength, adaptive
        self.local_search_iterations = 10 # Number of iterations for local search
        self.temperature = 1.0 # Initial temperature for simulated annealing

    def optimize(self, objective_function: callable, acceptance_threshold: float = 1e-8) -> tuple:
        self.eval_count = 0
        if self.dim > 0:
            self.best_solution_overall = np.random.uniform(self.lower_bounds, self.upper_bounds, self.dim)
        else:
            self.best_solution_overall = np.array([])

        self.best_fitness_overall = objective_function(self.best_solution_overall.reshape(1, -1))[0]
        self.eval_count += 1

        while self.eval_count < self.budget:
            current_solution = self.best_solution_overall.copy()
                                
            # Local Search
            for _ in range(self.local_search_iterations):
                neighbor = self._generate_neighbor(current_solution)
                neighbor_fitness = objective_function(neighbor.reshape(1, -1))[0]
                self.eval_count += 1

                if self._accept(neighbor_fitness, self._fitness(current_solution, objective_function), self.temperature):
                    current_solution = neighbor

                if neighbor_fitness < self.best_fitness_overall:
                    self.best_fitness_overall = neighbor_fitness
                    self.best_solution_overall = neighbor
                    self.tabu_list = [] # Reset tabu list upon finding a new global best

            # Check for stagnation and apply perturbation
            if self._is_stagnant(current_solution):
                current_solution = self._perturb(current_solution)
            self.temperature *= 0.95 # Cool down the temperature

            # Add solution to tabu list
            self._update_tabu_list(current_solution)

        optimization_info = {
            'function_evaluations_used': self.eval_count,
            'final_best_fitness': self.best_fitness_overall,
            'perturbation_strength': self.perturbation_strength,
            'final_temperature': self.temperature
        }
        return self.best_solution_overall, self.best_fitness_overall, optimization_info


    def _generate_neighbor(self, solution):
        neighbor = solution.copy()
        index = random.randint(0, self.dim - 1)
        neighbor[index] += np.random.normal(0, 0.1 * (self.upper_bounds[index] - self.lower_bounds[index]))  # Small Gaussian perturbation
        neighbor = np.clip(neighbor, self.lower_bounds, self.upper_bounds)
        return neighbor

    def _perturb(self, solution):
        perturbation = np.random.uniform(-self.perturbation_strength, self.perturbation_strength, self.dim) * (self.upper_bounds - self.lower_bounds)
        new_solution = solution + perturbation
        new_solution = np.clip(new_solution, self.lower_bounds, self.upper_bounds)
        self.perturbation_strength *= 1.1 # Increase perturbation strength adaptively
        return new_solution

    def _is_stagnant(self, solution):
        return np.allclose(solution, self.best_solution_overall, atol=1e-4)


    def _update_tabu_list(self, solution):
        self.tabu_list.append(tuple(solution))
        if len(self.tabu_list) > self.tabu_length:
            self.tabu_list.pop(0)

    def _fitness(self, solution, objective_function):
        return objective_function(solution.reshape(1, -1))[0]

    def _accept(self, new_fitness, current_fitness, temperature):
        if new_fitness < current_fitness:
            return True
        else:
            delta_e = new_fitness - current_fitness
            acceptance_probability = np.exp(-delta_e / temperature)
            return random.random() < acceptance_probability








2025-06-20 18:12:22 INFO --- GNBG Problem Parameters for f8 ---
  Dimension: 30, MaxEvals: 500000
  Search Bounds: [-100, 100]
  Number of Components: 1
  Known Optimum Value: -656.788998
  Lambda (Curvature): [1]
  Mu (Asymmetry/Depth): [0.2 0.2]
----------------------------------------
2025-06-20 18:12:30 INFO Run function 8 complete. FEHistory len: 50000, AOCC: 0.2558
2025-06-20 18:12:30 INFO FeHistory: [207499.1446904  207711.94404976 207499.1446904  ...   -482.63403006
   -656.73701087   -655.04770904]
2025-06-20 18:12:30 INFO Expected Optimum FE: -656.7889979935655
2025-06-20 18:12:30 INFO Good algorithm:
Algorithm Name: AdaptiveMultimodalOptimizerImproved
import numpy as np
import random
class AdaptiveMultimodalOptimizerImproved:
    def __init__(self, budget: int, dim: int, lower_bounds: list[float], upper_bounds: list[float]):
        self.budget = int(budget)
        self.dim = int(dim)
        self.lower_bounds = np.array(lower_bounds, dtype=float)
        self.upper_bounds = np.array(upper_bounds, dtype=float)

        self.eval_count = 0
        self.best_solution_overall = None
        self.best_fitness_overall = float('inf')
        self.tabu_list = []  # Tabu list to avoid revisiting recent solutions
        self.tabu_length = 10 # Length of the tabu list

        self.perturbation_strength = 0.5 # Initial perturbation strength, adaptive
        self.local_search_iterations = 10 # Number of iterations for local search
        self.temperature = 1.0 # Initial temperature for simulated annealing

    def optimize(self, objective_function: callable, acceptance_threshold: float = 1e-8) -> tuple:
        self.eval_count = 0
        if self.dim > 0:
            self.best_solution_overall = np.random.uniform(self.lower_bounds, self.upper_bounds, self.dim)
        else:
            self.best_solution_overall = np.array([])

        self.best_fitness_overall = objective_function(self.best_solution_overall.reshape(1, -1))[0]
        self.eval_count += 1

        while self.eval_count < self.budget:
            current_solution = self.best_solution_overall.copy()
                                
            # Local Search
            for _ in range(self.local_search_iterations):
                neighbor = self._generate_neighbor(current_solution)
                neighbor_fitness = objective_function(neighbor.reshape(1, -1))[0]
                self.eval_count += 1

                if self._accept(neighbor_fitness, self._fitness(current_solution, objective_function), self.temperature):
                    current_solution = neighbor

                if neighbor_fitness < self.best_fitness_overall:
                    self.best_fitness_overall = neighbor_fitness
                    self.best_solution_overall = neighbor
                    self.tabu_list = [] # Reset tabu list upon finding a new global best

            # Check for stagnation and apply perturbation
            if self._is_stagnant(current_solution):
                current_solution = self._perturb(current_solution)
            self.temperature *= 0.95 # Cool down the temperature

            # Add solution to tabu list
            self._update_tabu_list(current_solution)

        optimization_info = {
            'function_evaluations_used': self.eval_count,
            'final_best_fitness': self.best_fitness_overall,
            'perturbation_strength': self.perturbation_strength,
            'final_temperature': self.temperature
        }
        return self.best_solution_overall, self.best_fitness_overall, optimization_info


    def _generate_neighbor(self, solution):
        neighbor = solution.copy()
        index = random.randint(0, self.dim - 1)
        neighbor[index] += np.random.normal(0, 0.1 * (self.upper_bounds[index] - self.lower_bounds[index]))  # Small Gaussian perturbation
        neighbor = np.clip(neighbor, self.lower_bounds, self.upper_bounds)
        return neighbor

    def _perturb(self, solution):
        perturbation = np.random.uniform(-self.perturbation_strength, self.perturbation_strength, self.dim) * (self.upper_bounds - self.lower_bounds)
        new_solution = solution + perturbation
        new_solution = np.clip(new_solution, self.lower_bounds, self.upper_bounds)
        self.perturbation_strength *= 1.1 # Increase perturbation strength adaptively
        return new_solution

    def _is_stagnant(self, solution):
        return np.allclose(solution, self.best_solution_overall, atol=1e-4)


    def _update_tabu_list(self, solution):
        self.tabu_list.append(tuple(solution))
        if len(self.tabu_list) > self.tabu_length:
            self.tabu_list.pop(0)

    def _fitness(self, solution, objective_function):
        return objective_function(solution.reshape(1, -1))[0]

    def _accept(self, new_fitness, current_fitness, temperature):
        if new_fitness < current_fitness:
            return True
        else:
            delta_e = new_fitness - current_fitness
            acceptance_probability = np.exp(-delta_e / temperature)
            return random.random() < acceptance_probability








2025-06-20 18:12:30 INFO --- GNBG Problem Parameters for f24 ---
  Dimension: 30, MaxEvals: 1000000
  Search Bounds: [-100, 100]
  Number of Components: 5
  Known Optimum Value: -100.000000
  Lambda (Curvature): [0.25 0.25 0.25 0.25 0.25]
  Mu (Asymmetry/Depth): [0.44142637 0.27898903 0.25803028 0.21978833 0.39183826 0.42051979
 0.35740109 0.43165341 0.47744239 0.47234476]
----------------------------------------
2025-06-20 18:12:59 INFO Run function 24 complete. FEHistory len: 50000, AOCC: 0.0000
2025-06-20 18:12:59 INFO FeHistory: [157.28905345 171.87150145 157.28905345 ... 138.31038609 124.06900043
 127.92442824]
2025-06-20 18:12:59 INFO Expected Optimum FE: -100
2025-06-20 18:12:59 INFO Unimodal AOCC mean: 0.1544
2025-06-20 18:12:59 INFO Multimodal (single component) AOCC mean: 0.2530
2025-06-20 18:12:59 INFO Multimodal (multiple components) AOCC mean: 0.0000
2025-06-20 18:12:59 INFO AOCC mean: 0.1651
2025-06-20 18:12:59 INFO --- GNBG Problem Parameters for f4 ---
  Dimension: 30, MaxEvals: 500000
  Search Bounds: [-100, 100]
  Number of Components: 1
  Known Optimum Value: -382.620521
  Lambda (Curvature): [1]
  Mu (Asymmetry/Depth): [0 0]
----------------------------------------
2025-06-20 18:13:03 INFO Run function 4 complete. FEHistory len: 50000, AOCC: 0.0513
2025-06-20 18:13:03 INFO FeHistory: [ 9.40801598e+05  9.86288478e+05  8.56293392e+05 ... -3.81707301e+02
 -3.81386350e+02 -3.81069960e+02]
2025-06-20 18:13:03 INFO Expected Optimum FE: -382.6205211774271
2025-06-20 18:13:03 INFO Good algorithm:
Algorithm Name: EnhancedArchiveGuidedDE
import numpy as np
import random
class EnhancedArchiveGuidedDE:
    def __init__(self, budget: int, dim: int, lower_bounds: list[float], upper_bounds: list[float]):
        self.budget = int(budget)
        self.dim = int(dim)
        self.lower_bounds = np.array(lower_bounds, dtype=float)
        self.upper_bounds = np.array(upper_bounds, dtype=float)

        self.eval_count = 0
        self.best_solution_overall = None
        self.best_fitness_overall = float('inf')

        self.population_size = 10 * self.dim  # common heuristic
        self.archive_size = 100
        self.archive = []
        self.population = None
        self.F_scale = 0.5 #initial scaling factor


    def optimize(self, objective_function: callable, acceptance_threshold: float = 1e-8) -> tuple:
        self.eval_count = 0
        self.population = np.random.uniform(self.lower_bounds, self.upper_bounds, size=(self.population_size, self.dim))
        fitness = objective_function(self.population)
        self.eval_count += self.population_size

        self.best_solution_overall = self.population[np.argmin(fitness)]
        self.best_fitness_overall = np.min(fitness)

        while self.eval_count < self.budget:
            offspring = self.generate_offspring(self.population, fitness)
            offspring_fitness = objective_function(offspring)
            self.eval_count += len(offspring)

            # Update archive
            self.update_archive(offspring, offspring_fitness)

            # Select best solutions for next generation
            combined_population = np.concatenate((self.population, offspring))
            combined_fitness = np.concatenate((fitness, offspring_fitness))
            indices = np.argsort(combined_fitness)
            self.population = combined_population[indices[:self.population_size]]
            fitness = combined_fitness[indices[:self.population_size]]

            #Update best solution
            self.best_solution_overall = self.population[np.argmin(fitness)]
            self.best_fitness_overall = np.min(fitness)


        optimization_info = {
            'function_evaluations_used': self.eval_count,
            'final_best_fitness': self.best_fitness_overall,
            'archive_size': len(self.archive)
        }
        return self.best_solution_overall, self.best_fitness_overall, optimization_info

    def generate_offspring(self, population, fitness):
        offspring = np.zeros((self.population_size, self.dim))
        #Adaptive scaling factor
        self.F_scale = 0.5 + 0.3*np.random.rand() #scale factor with slight variation

        for i in range(self.population_size):
            # Select pbest from archive (if available)
            if self.archive:
                pbest_index = np.random.choice(len(self.archive))
                pbest = self.archive[pbest_index][0]
            else:
                pbest = population[np.argmin(fitness)]

            a, b, c = random.sample(range(self.population_size), 3)
            while a == i or b == i or c == i:
                a, b, c = random.sample(range(self.population_size), 3)

            offspring[i] = population[i] + self.F_scale * (pbest - population[i] + population[a] - population[b])
            offspring[i] = np.clip(offspring[i], self.lower_bounds, self.upper_bounds) #Boundary handling

        return offspring

    def update_archive(self, offspring, offspring_fitness):
        for i in range(len(offspring)):
            if len(self.archive) < self.archive_size:
                self.archive.append((offspring[i], offspring_fitness[i]))
            else:
                #Prioritize diversity in archive
                worst_index = np.argmax([f for _, f in self.archive])
                if offspring_fitness[i] < self.archive[worst_index][1] or len(self.archive) < self.archive_size * 0.8 :
                    self.archive[worst_index] = (offspring[i], offspring_fitness[i])
2025-06-20 18:13:03 INFO --- GNBG Problem Parameters for f7 ---
  Dimension: 30, MaxEvals: 500000
  Search Bounds: [-100, 100]
  Number of Components: 1
  Known Optimum Value: -912.857374
  Lambda (Curvature): [1]
  Mu (Asymmetry/Depth): [0.2 0.2]
----------------------------------------
2025-06-20 18:13:08 INFO Run function 7 complete. FEHistory len: 50000, AOCC: 0.0201
2025-06-20 18:13:08 INFO FeHistory: [168170.53279139 235858.17305812 327634.97662592 ...   -897.67171295
   -892.37308031   -894.58937622]
2025-06-20 18:13:08 INFO Expected Optimum FE: -912.8573739743372
2025-06-20 18:13:08 INFO Good algorithm:
Algorithm Name: EnhancedArchiveGuidedDE
import numpy as np
import random
class EnhancedArchiveGuidedDE:
    def __init__(self, budget: int, dim: int, lower_bounds: list[float], upper_bounds: list[float]):
        self.budget = int(budget)
        self.dim = int(dim)
        self.lower_bounds = np.array(lower_bounds, dtype=float)
        self.upper_bounds = np.array(upper_bounds, dtype=float)

        self.eval_count = 0
        self.best_solution_overall = None
        self.best_fitness_overall = float('inf')

        self.population_size = 10 * self.dim  # common heuristic
        self.archive_size = 100
        self.archive = []
        self.population = None
        self.F_scale = 0.5 #initial scaling factor


    def optimize(self, objective_function: callable, acceptance_threshold: float = 1e-8) -> tuple:
        self.eval_count = 0
        self.population = np.random.uniform(self.lower_bounds, self.upper_bounds, size=(self.population_size, self.dim))
        fitness = objective_function(self.population)
        self.eval_count += self.population_size

        self.best_solution_overall = self.population[np.argmin(fitness)]
        self.best_fitness_overall = np.min(fitness)

        while self.eval_count < self.budget:
            offspring = self.generate_offspring(self.population, fitness)
            offspring_fitness = objective_function(offspring)
            self.eval_count += len(offspring)

            # Update archive
            self.update_archive(offspring, offspring_fitness)

            # Select best solutions for next generation
            combined_population = np.concatenate((self.population, offspring))
            combined_fitness = np.concatenate((fitness, offspring_fitness))
            indices = np.argsort(combined_fitness)
            self.population = combined_population[indices[:self.population_size]]
            fitness = combined_fitness[indices[:self.population_size]]

            #Update best solution
            self.best_solution_overall = self.population[np.argmin(fitness)]
            self.best_fitness_overall = np.min(fitness)


        optimization_info = {
            'function_evaluations_used': self.eval_count,
            'final_best_fitness': self.best_fitness_overall,
            'archive_size': len(self.archive)
        }
        return self.best_solution_overall, self.best_fitness_overall, optimization_info

    def generate_offspring(self, population, fitness):
        offspring = np.zeros((self.population_size, self.dim))
        #Adaptive scaling factor
        self.F_scale = 0.5 + 0.3*np.random.rand() #scale factor with slight variation

        for i in range(self.population_size):
            # Select pbest from archive (if available)
            if self.archive:
                pbest_index = np.random.choice(len(self.archive))
                pbest = self.archive[pbest_index][0]
            else:
                pbest = population[np.argmin(fitness)]

            a, b, c = random.sample(range(self.population_size), 3)
            while a == i or b == i or c == i:
                a, b, c = random.sample(range(self.population_size), 3)

            offspring[i] = population[i] + self.F_scale * (pbest - population[i] + population[a] - population[b])
            offspring[i] = np.clip(offspring[i], self.lower_bounds, self.upper_bounds) #Boundary handling

        return offspring

    def update_archive(self, offspring, offspring_fitness):
        for i in range(len(offspring)):
            if len(self.archive) < self.archive_size:
                self.archive.append((offspring[i], offspring_fitness[i]))
            else:
                #Prioritize diversity in archive
                worst_index = np.argmax([f for _, f in self.archive])
                if offspring_fitness[i] < self.archive[worst_index][1] or len(self.archive) < self.archive_size * 0.8 :
                    self.archive[worst_index] = (offspring[i], offspring_fitness[i])
2025-06-20 18:13:08 INFO --- GNBG Problem Parameters for f8 ---
  Dimension: 30, MaxEvals: 500000
  Search Bounds: [-100, 100]
  Number of Components: 1
  Known Optimum Value: -656.788998
  Lambda (Curvature): [1]
  Mu (Asymmetry/Depth): [0.2 0.2]
----------------------------------------
2025-06-20 18:13:13 INFO Run function 8 complete. FEHistory len: 50000, AOCC: 0.0278
2025-06-20 18:13:13 INFO FeHistory: [235634.9035542  289394.00122549 151699.644962   ...   -648.64057085
   -645.20476183   -649.06203351]
2025-06-20 18:13:13 INFO Expected Optimum FE: -656.7889979935655
2025-06-20 18:13:13 INFO Good algorithm:
Algorithm Name: EnhancedArchiveGuidedDE
import numpy as np
import random
class EnhancedArchiveGuidedDE:
    def __init__(self, budget: int, dim: int, lower_bounds: list[float], upper_bounds: list[float]):
        self.budget = int(budget)
        self.dim = int(dim)
        self.lower_bounds = np.array(lower_bounds, dtype=float)
        self.upper_bounds = np.array(upper_bounds, dtype=float)

        self.eval_count = 0
        self.best_solution_overall = None
        self.best_fitness_overall = float('inf')

        self.population_size = 10 * self.dim  # common heuristic
        self.archive_size = 100
        self.archive = []
        self.population = None
        self.F_scale = 0.5 #initial scaling factor


    def optimize(self, objective_function: callable, acceptance_threshold: float = 1e-8) -> tuple:
        self.eval_count = 0
        self.population = np.random.uniform(self.lower_bounds, self.upper_bounds, size=(self.population_size, self.dim))
        fitness = objective_function(self.population)
        self.eval_count += self.population_size

        self.best_solution_overall = self.population[np.argmin(fitness)]
        self.best_fitness_overall = np.min(fitness)

        while self.eval_count < self.budget:
            offspring = self.generate_offspring(self.population, fitness)
            offspring_fitness = objective_function(offspring)
            self.eval_count += len(offspring)

            # Update archive
            self.update_archive(offspring, offspring_fitness)

            # Select best solutions for next generation
            combined_population = np.concatenate((self.population, offspring))
            combined_fitness = np.concatenate((fitness, offspring_fitness))
            indices = np.argsort(combined_fitness)
            self.population = combined_population[indices[:self.population_size]]
            fitness = combined_fitness[indices[:self.population_size]]

            #Update best solution
            self.best_solution_overall = self.population[np.argmin(fitness)]
            self.best_fitness_overall = np.min(fitness)


        optimization_info = {
            'function_evaluations_used': self.eval_count,
            'final_best_fitness': self.best_fitness_overall,
            'archive_size': len(self.archive)
        }
        return self.best_solution_overall, self.best_fitness_overall, optimization_info

    def generate_offspring(self, population, fitness):
        offspring = np.zeros((self.population_size, self.dim))
        #Adaptive scaling factor
        self.F_scale = 0.5 + 0.3*np.random.rand() #scale factor with slight variation

        for i in range(self.population_size):
            # Select pbest from archive (if available)
            if self.archive:
                pbest_index = np.random.choice(len(self.archive))
                pbest = self.archive[pbest_index][0]
            else:
                pbest = population[np.argmin(fitness)]

            a, b, c = random.sample(range(self.population_size), 3)
            while a == i or b == i or c == i:
                a, b, c = random.sample(range(self.population_size), 3)

            offspring[i] = population[i] + self.F_scale * (pbest - population[i] + population[a] - population[b])
            offspring[i] = np.clip(offspring[i], self.lower_bounds, self.upper_bounds) #Boundary handling

        return offspring

    def update_archive(self, offspring, offspring_fitness):
        for i in range(len(offspring)):
            if len(self.archive) < self.archive_size:
                self.archive.append((offspring[i], offspring_fitness[i]))
            else:
                #Prioritize diversity in archive
                worst_index = np.argmax([f for _, f in self.archive])
                if offspring_fitness[i] < self.archive[worst_index][1] or len(self.archive) < self.archive_size * 0.8 :
                    self.archive[worst_index] = (offspring[i], offspring_fitness[i])
2025-06-20 18:13:13 INFO --- GNBG Problem Parameters for f24 ---
  Dimension: 30, MaxEvals: 1000000
  Search Bounds: [-100, 100]
  Number of Components: 5
  Known Optimum Value: -100.000000
  Lambda (Curvature): [0.25 0.25 0.25 0.25 0.25]
  Mu (Asymmetry/Depth): [0.44142637 0.27898903 0.25803028 0.21978833 0.39183826 0.42051979
 0.35740109 0.43165341 0.47744239 0.47234476]
----------------------------------------
2025-06-20 18:13:27 INFO Run function 24 complete. FEHistory len: 50000, AOCC: 0.0252
2025-06-20 18:13:27 INFO FeHistory: [219.35449454 189.95394628 162.22549081 ... -70.24135865 -68.50067115
 -70.27783719]
2025-06-20 18:13:27 INFO Expected Optimum FE: -100
2025-06-20 18:13:27 INFO Good algorithm:
Algorithm Name: EnhancedArchiveGuidedDE
import numpy as np
import random
class EnhancedArchiveGuidedDE:
    def __init__(self, budget: int, dim: int, lower_bounds: list[float], upper_bounds: list[float]):
        self.budget = int(budget)
        self.dim = int(dim)
        self.lower_bounds = np.array(lower_bounds, dtype=float)
        self.upper_bounds = np.array(upper_bounds, dtype=float)

        self.eval_count = 0
        self.best_solution_overall = None
        self.best_fitness_overall = float('inf')

        self.population_size = 10 * self.dim  # common heuristic
        self.archive_size = 100
        self.archive = []
        self.population = None
        self.F_scale = 0.5 #initial scaling factor


    def optimize(self, objective_function: callable, acceptance_threshold: float = 1e-8) -> tuple:
        self.eval_count = 0
        self.population = np.random.uniform(self.lower_bounds, self.upper_bounds, size=(self.population_size, self.dim))
        fitness = objective_function(self.population)
        self.eval_count += self.population_size

        self.best_solution_overall = self.population[np.argmin(fitness)]
        self.best_fitness_overall = np.min(fitness)

        while self.eval_count < self.budget:
            offspring = self.generate_offspring(self.population, fitness)
            offspring_fitness = objective_function(offspring)
            self.eval_count += len(offspring)

            # Update archive
            self.update_archive(offspring, offspring_fitness)

            # Select best solutions for next generation
            combined_population = np.concatenate((self.population, offspring))
            combined_fitness = np.concatenate((fitness, offspring_fitness))
            indices = np.argsort(combined_fitness)
            self.population = combined_population[indices[:self.population_size]]
            fitness = combined_fitness[indices[:self.population_size]]

            #Update best solution
            self.best_solution_overall = self.population[np.argmin(fitness)]
            self.best_fitness_overall = np.min(fitness)


        optimization_info = {
            'function_evaluations_used': self.eval_count,
            'final_best_fitness': self.best_fitness_overall,
            'archive_size': len(self.archive)
        }
        return self.best_solution_overall, self.best_fitness_overall, optimization_info

    def generate_offspring(self, population, fitness):
        offspring = np.zeros((self.population_size, self.dim))
        #Adaptive scaling factor
        self.F_scale = 0.5 + 0.3*np.random.rand() #scale factor with slight variation

        for i in range(self.population_size):
            # Select pbest from archive (if available)
            if self.archive:
                pbest_index = np.random.choice(len(self.archive))
                pbest = self.archive[pbest_index][0]
            else:
                pbest = population[np.argmin(fitness)]

            a, b, c = random.sample(range(self.population_size), 3)
            while a == i or b == i or c == i:
                a, b, c = random.sample(range(self.population_size), 3)

            offspring[i] = population[i] + self.F_scale * (pbest - population[i] + population[a] - population[b])
            offspring[i] = np.clip(offspring[i], self.lower_bounds, self.upper_bounds) #Boundary handling

        return offspring

    def update_archive(self, offspring, offspring_fitness):
        for i in range(len(offspring)):
            if len(self.archive) < self.archive_size:
                self.archive.append((offspring[i], offspring_fitness[i]))
            else:
                #Prioritize diversity in archive
                worst_index = np.argmax([f for _, f in self.archive])
                if offspring_fitness[i] < self.archive[worst_index][1] or len(self.archive) < self.archive_size * 0.8 :
                    self.archive[worst_index] = (offspring[i], offspring_fitness[i])
2025-06-20 18:13:27 INFO Unimodal AOCC mean: 0.0513
2025-06-20 18:13:27 INFO Multimodal (single component) AOCC mean: 0.0239
2025-06-20 18:13:27 INFO Multimodal (multiple components) AOCC mean: 0.0252
2025-06-20 18:13:27 INFO AOCC mean: 0.0311
2025-06-20 18:13:27 INFO --- GNBG Problem Parameters for f4 ---
  Dimension: 30, MaxEvals: 500000
  Search Bounds: [-100, 100]
  Number of Components: 1
  Known Optimum Value: -382.620521
  Lambda (Curvature): [1]
  Mu (Asymmetry/Depth): [0 0]
----------------------------------------
2025-06-20 18:13:33 INFO Run function 4 complete. FEHistory len: 50000, AOCC: 0.1898
2025-06-20 18:13:33 INFO FeHistory: [ 7.20859819e+05  7.70883456e+05  1.52994853e+06 ... -3.82618936e+02
 -3.82617726e+02 -3.82618351e+02]
2025-06-20 18:13:33 INFO Expected Optimum FE: -382.6205211774271
2025-06-20 18:13:33 INFO Good algorithm:
Algorithm Name: AdaptiveGaussianMutationDE
import numpy as np
import random

class AdaptiveGaussianMutationDE:
    def __init__(self, budget: int, dim: int, lower_bounds: list[float], upper_bounds: list[float]):
        self.budget = int(budget)
        self.dim = int(dim)
        self.lower_bounds = np.array(lower_bounds, dtype=float)
        self.upper_bounds = np.array(upper_bounds, dtype=float)

        self.eval_count = 0
        self.best_solution_overall = None
        self.best_fitness_overall = float('inf')
        self.population_size = 100  # Adjust as needed
        self.population = None
        self.fitness_values = None
        self.mutation_scale = 0.8 # Initial mutation scale
        self.mutation_scale_decay = 0.99 #decay factor for the mutation scale

    def optimize(self, objective_function: callable, acceptance_threshold: float = 1e-8) -> tuple:
        self.eval_count = 0
        self.population = self._initialize_population()
        self.fitness_values = self._evaluate_population(objective_function)

        self.best_solution_overall, self.best_fitness_overall = self._find_best(self.population,self.fitness_values)

        while self.eval_count < self.budget:
            new_population = []
            new_fitness_values = []

            for i in range(self.population_size):
                # Differential Mutation
                a, b, c = self._select_different(i)
                mutant = self.population[a] + self.mutation_scale * (self.population[b] - self.population[c])

                #Adaptive Gaussian perturbation to escape local optima
                mutant += np.random.normal(0, self.mutation_scale/2, self.dim)  

                #Clipping
                mutant = np.clip(mutant, self.lower_bounds, self.upper_bounds)

                #Crossover
                trial = np.where(np.random.rand(self.dim) < 0.5, mutant, self.population[i])

                #Selection
                trial_fitness = objective_function(trial.reshape(1, -1))[0]
                self.eval_count += 1
                if trial_fitness < self.fitness_values[i]:
                    new_population.append(trial)
                    new_fitness_values.append(trial_fitness)
                else:
                    new_population.append(self.population[i])
                    new_fitness_values.append(self.fitness_values[i])
                
                best_solution,best_fitness = self._find_best(np.array(new_population), np.array(new_fitness_values))
                if best_fitness < self.best_fitness_overall:
                    self.best_solution_overall = best_solution
                    self.best_fitness_overall = best_fitness


            self.population = np.array(new_population)
            self.fitness_values = np.array(new_fitness_values)
            self.mutation_scale *= self.mutation_scale_decay #Decay mutation scale

        optimization_info = {
            'function_evaluations_used': self.eval_count,
            'final_best_fitness': self.best_fitness_overall
        }
        return self.best_solution_overall, self.best_fitness_overall, optimization_info

    def _initialize_population(self):
        return np.random.uniform(self.lower_bounds, self.upper_bounds, size=(self.population_size, self.dim))

    def _evaluate_population(self, objective_function):
        population_reshaped = self.population.reshape(-1, self.dim)
        fitness = objective_function(population_reshaped)
        self.eval_count += self.population_size
        return fitness

    def _select_different(self, index):
        a, b, c = random.sample(range(self.population_size), 3)
        while a == index or b == index or c == index or a == b or a == c or b == c:
            a, b, c = random.sample(range(self.population_size), 3)
        return a, b, c

    def _find_best(self,population,fitness_values):
        best_index = np.argmin(fitness_values)
        return population[best_index], fitness_values[best_index]
2025-06-20 18:13:33 INFO --- GNBG Problem Parameters for f7 ---
  Dimension: 30, MaxEvals: 500000
  Search Bounds: [-100, 100]
  Number of Components: 1
  Known Optimum Value: -912.857374
  Lambda (Curvature): [1]
  Mu (Asymmetry/Depth): [0.2 0.2]
----------------------------------------
2025-06-20 18:13:39 INFO Run function 7 complete. FEHistory len: 50000, AOCC: 0.2600
2025-06-20 18:13:39 INFO FeHistory: [211128.77164943 111333.6660154  271119.94607441 ...   -912.85681185
   -912.8569016    -912.85665944]
2025-06-20 18:13:39 INFO Expected Optimum FE: -912.8573739743372
2025-06-20 18:13:39 INFO Good algorithm:
Algorithm Name: AdaptiveGaussianMutationDE
import numpy as np
import random

class AdaptiveGaussianMutationDE:
    def __init__(self, budget: int, dim: int, lower_bounds: list[float], upper_bounds: list[float]):
        self.budget = int(budget)
        self.dim = int(dim)
        self.lower_bounds = np.array(lower_bounds, dtype=float)
        self.upper_bounds = np.array(upper_bounds, dtype=float)

        self.eval_count = 0
        self.best_solution_overall = None
        self.best_fitness_overall = float('inf')
        self.population_size = 100  # Adjust as needed
        self.population = None
        self.fitness_values = None
        self.mutation_scale = 0.8 # Initial mutation scale
        self.mutation_scale_decay = 0.99 #decay factor for the mutation scale

    def optimize(self, objective_function: callable, acceptance_threshold: float = 1e-8) -> tuple:
        self.eval_count = 0
        self.population = self._initialize_population()
        self.fitness_values = self._evaluate_population(objective_function)

        self.best_solution_overall, self.best_fitness_overall = self._find_best(self.population,self.fitness_values)

        while self.eval_count < self.budget:
            new_population = []
            new_fitness_values = []

            for i in range(self.population_size):
                # Differential Mutation
                a, b, c = self._select_different(i)
                mutant = self.population[a] + self.mutation_scale * (self.population[b] - self.population[c])

                #Adaptive Gaussian perturbation to escape local optima
                mutant += np.random.normal(0, self.mutation_scale/2, self.dim)  

                #Clipping
                mutant = np.clip(mutant, self.lower_bounds, self.upper_bounds)

                #Crossover
                trial = np.where(np.random.rand(self.dim) < 0.5, mutant, self.population[i])

                #Selection
                trial_fitness = objective_function(trial.reshape(1, -1))[0]
                self.eval_count += 1
                if trial_fitness < self.fitness_values[i]:
                    new_population.append(trial)
                    new_fitness_values.append(trial_fitness)
                else:
                    new_population.append(self.population[i])
                    new_fitness_values.append(self.fitness_values[i])
                
                best_solution,best_fitness = self._find_best(np.array(new_population), np.array(new_fitness_values))
                if best_fitness < self.best_fitness_overall:
                    self.best_solution_overall = best_solution
                    self.best_fitness_overall = best_fitness


            self.population = np.array(new_population)
            self.fitness_values = np.array(new_fitness_values)
            self.mutation_scale *= self.mutation_scale_decay #Decay mutation scale

        optimization_info = {
            'function_evaluations_used': self.eval_count,
            'final_best_fitness': self.best_fitness_overall
        }
        return self.best_solution_overall, self.best_fitness_overall, optimization_info

    def _initialize_population(self):
        return np.random.uniform(self.lower_bounds, self.upper_bounds, size=(self.population_size, self.dim))

    def _evaluate_population(self, objective_function):
        population_reshaped = self.population.reshape(-1, self.dim)
        fitness = objective_function(population_reshaped)
        self.eval_count += self.population_size
        return fitness

    def _select_different(self, index):
        a, b, c = random.sample(range(self.population_size), 3)
        while a == index or b == index or c == index or a == b or a == c or b == c:
            a, b, c = random.sample(range(self.population_size), 3)
        return a, b, c

    def _find_best(self,population,fitness_values):
        best_index = np.argmin(fitness_values)
        return population[best_index], fitness_values[best_index]
2025-06-20 18:13:39 INFO --- GNBG Problem Parameters for f8 ---
  Dimension: 30, MaxEvals: 500000
  Search Bounds: [-100, 100]
  Number of Components: 1
  Known Optimum Value: -656.788998
  Lambda (Curvature): [1]
  Mu (Asymmetry/Depth): [0.2 0.2]
----------------------------------------
2025-06-20 18:13:45 INFO Run function 8 complete. FEHistory len: 50000, AOCC: 0.2589
2025-06-20 18:13:45 INFO FeHistory: [144688.67717557 168631.31918137 202412.67018341 ...   -656.78852437
   -656.78840984   -656.78845807]
2025-06-20 18:13:45 INFO Expected Optimum FE: -656.7889979935655
2025-06-20 18:13:45 INFO Good algorithm:
Algorithm Name: AdaptiveGaussianMutationDE
import numpy as np
import random

class AdaptiveGaussianMutationDE:
    def __init__(self, budget: int, dim: int, lower_bounds: list[float], upper_bounds: list[float]):
        self.budget = int(budget)
        self.dim = int(dim)
        self.lower_bounds = np.array(lower_bounds, dtype=float)
        self.upper_bounds = np.array(upper_bounds, dtype=float)

        self.eval_count = 0
        self.best_solution_overall = None
        self.best_fitness_overall = float('inf')
        self.population_size = 100  # Adjust as needed
        self.population = None
        self.fitness_values = None
        self.mutation_scale = 0.8 # Initial mutation scale
        self.mutation_scale_decay = 0.99 #decay factor for the mutation scale

    def optimize(self, objective_function: callable, acceptance_threshold: float = 1e-8) -> tuple:
        self.eval_count = 0
        self.population = self._initialize_population()
        self.fitness_values = self._evaluate_population(objective_function)

        self.best_solution_overall, self.best_fitness_overall = self._find_best(self.population,self.fitness_values)

        while self.eval_count < self.budget:
            new_population = []
            new_fitness_values = []

            for i in range(self.population_size):
                # Differential Mutation
                a, b, c = self._select_different(i)
                mutant = self.population[a] + self.mutation_scale * (self.population[b] - self.population[c])

                #Adaptive Gaussian perturbation to escape local optima
                mutant += np.random.normal(0, self.mutation_scale/2, self.dim)  

                #Clipping
                mutant = np.clip(mutant, self.lower_bounds, self.upper_bounds)

                #Crossover
                trial = np.where(np.random.rand(self.dim) < 0.5, mutant, self.population[i])

                #Selection
                trial_fitness = objective_function(trial.reshape(1, -1))[0]
                self.eval_count += 1
                if trial_fitness < self.fitness_values[i]:
                    new_population.append(trial)
                    new_fitness_values.append(trial_fitness)
                else:
                    new_population.append(self.population[i])
                    new_fitness_values.append(self.fitness_values[i])
                
                best_solution,best_fitness = self._find_best(np.array(new_population), np.array(new_fitness_values))
                if best_fitness < self.best_fitness_overall:
                    self.best_solution_overall = best_solution
                    self.best_fitness_overall = best_fitness


            self.population = np.array(new_population)
            self.fitness_values = np.array(new_fitness_values)
            self.mutation_scale *= self.mutation_scale_decay #Decay mutation scale

        optimization_info = {
            'function_evaluations_used': self.eval_count,
            'final_best_fitness': self.best_fitness_overall
        }
        return self.best_solution_overall, self.best_fitness_overall, optimization_info

    def _initialize_population(self):
        return np.random.uniform(self.lower_bounds, self.upper_bounds, size=(self.population_size, self.dim))

    def _evaluate_population(self, objective_function):
        population_reshaped = self.population.reshape(-1, self.dim)
        fitness = objective_function(population_reshaped)
        self.eval_count += self.population_size
        return fitness

    def _select_different(self, index):
        a, b, c = random.sample(range(self.population_size), 3)
        while a == index or b == index or c == index or a == b or a == c or b == c:
            a, b, c = random.sample(range(self.population_size), 3)
        return a, b, c

    def _find_best(self,population,fitness_values):
        best_index = np.argmin(fitness_values)
        return population[best_index], fitness_values[best_index]
2025-06-20 18:13:45 INFO --- GNBG Problem Parameters for f24 ---
  Dimension: 30, MaxEvals: 1000000
  Search Bounds: [-100, 100]
  Number of Components: 5
  Known Optimum Value: -100.000000
  Lambda (Curvature): [0.25 0.25 0.25 0.25 0.25]
  Mu (Asymmetry/Depth): [0.44142637 0.27898903 0.25803028 0.21978833 0.39183826 0.42051979
 0.35740109 0.43165341 0.47744239 0.47234476]
----------------------------------------
2025-06-20 18:14:02 INFO Run function 24 complete. FEHistory len: 50000, AOCC: 0.0207
2025-06-20 18:14:02 INFO FeHistory: [167.98199034 238.01581731 194.41351411 ... -57.96384606 -54.59839558
 -59.19014435]
2025-06-20 18:14:02 INFO Expected Optimum FE: -100
2025-06-20 18:14:02 INFO Good algorithm:
Algorithm Name: AdaptiveGaussianMutationDE
import numpy as np
import random

class AdaptiveGaussianMutationDE:
    def __init__(self, budget: int, dim: int, lower_bounds: list[float], upper_bounds: list[float]):
        self.budget = int(budget)
        self.dim = int(dim)
        self.lower_bounds = np.array(lower_bounds, dtype=float)
        self.upper_bounds = np.array(upper_bounds, dtype=float)

        self.eval_count = 0
        self.best_solution_overall = None
        self.best_fitness_overall = float('inf')
        self.population_size = 100  # Adjust as needed
        self.population = None
        self.fitness_values = None
        self.mutation_scale = 0.8 # Initial mutation scale
        self.mutation_scale_decay = 0.99 #decay factor for the mutation scale

    def optimize(self, objective_function: callable, acceptance_threshold: float = 1e-8) -> tuple:
        self.eval_count = 0
        self.population = self._initialize_population()
        self.fitness_values = self._evaluate_population(objective_function)

        self.best_solution_overall, self.best_fitness_overall = self._find_best(self.population,self.fitness_values)

        while self.eval_count < self.budget:
            new_population = []
            new_fitness_values = []

            for i in range(self.population_size):
                # Differential Mutation
                a, b, c = self._select_different(i)
                mutant = self.population[a] + self.mutation_scale * (self.population[b] - self.population[c])

                #Adaptive Gaussian perturbation to escape local optima
                mutant += np.random.normal(0, self.mutation_scale/2, self.dim)  

                #Clipping
                mutant = np.clip(mutant, self.lower_bounds, self.upper_bounds)

                #Crossover
                trial = np.where(np.random.rand(self.dim) < 0.5, mutant, self.population[i])

                #Selection
                trial_fitness = objective_function(trial.reshape(1, -1))[0]
                self.eval_count += 1
                if trial_fitness < self.fitness_values[i]:
                    new_population.append(trial)
                    new_fitness_values.append(trial_fitness)
                else:
                    new_population.append(self.population[i])
                    new_fitness_values.append(self.fitness_values[i])
                
                best_solution,best_fitness = self._find_best(np.array(new_population), np.array(new_fitness_values))
                if best_fitness < self.best_fitness_overall:
                    self.best_solution_overall = best_solution
                    self.best_fitness_overall = best_fitness


            self.population = np.array(new_population)
            self.fitness_values = np.array(new_fitness_values)
            self.mutation_scale *= self.mutation_scale_decay #Decay mutation scale

        optimization_info = {
            'function_evaluations_used': self.eval_count,
            'final_best_fitness': self.best_fitness_overall
        }
        return self.best_solution_overall, self.best_fitness_overall, optimization_info

    def _initialize_population(self):
        return np.random.uniform(self.lower_bounds, self.upper_bounds, size=(self.population_size, self.dim))

    def _evaluate_population(self, objective_function):
        population_reshaped = self.population.reshape(-1, self.dim)
        fitness = objective_function(population_reshaped)
        self.eval_count += self.population_size
        return fitness

    def _select_different(self, index):
        a, b, c = random.sample(range(self.population_size), 3)
        while a == index or b == index or c == index or a == b or a == c or b == c:
            a, b, c = random.sample(range(self.population_size), 3)
        return a, b, c

    def _find_best(self,population,fitness_values):
        best_index = np.argmin(fitness_values)
        return population[best_index], fitness_values[best_index]
2025-06-20 18:14:02 INFO Unimodal AOCC mean: 0.1898
2025-06-20 18:14:02 INFO Multimodal (single component) AOCC mean: 0.2594
2025-06-20 18:14:02 INFO Multimodal (multiple components) AOCC mean: 0.0207
2025-06-20 18:14:02 INFO AOCC mean: 0.1823
2025-06-20 18:14:02 INFO Started evolutionary loop, best so far: 0.18232275439508935
2025-06-20 18:14:02 INFO --- Performing Long-Term Reflection at Generation 1 ---
2025-06-20 18:14:06 INFO Full response text: **Analysis:**

Comparing (best) AdaptiveGaussianMutationDE vs (worst) EnhancedArchiveGuidedDE, we see that AdaptiveGaussianMutationDE uses adaptive mutation scaling and Gaussian perturbation to escape local optima, leading to better exploration, while EnhancedArchiveGuidedDE relies on a simple DE strategy with an archive that might not effectively maintain diversity.  AdaptiveGaussianMutationDE also directly incorporates the selection step within the loop, improving efficiency. (second best) AdaptiveMultimodalOptimizerImproved vs (second worst) AdaptiveGaussianSamplingEA: AdaptiveMultimodalOptimizerImproved employs local search with simulated annealing and adaptive perturbation, enabling it to effectively navigate complex landscapes, contrasting with AdaptiveGaussianSamplingEA's simpler Gaussian sampling and tournament selection. Comparing (1st) AdaptiveGaussianMutationDE vs (2nd) AdaptiveMultimodalOptimizerImproved, we see that AdaptiveGaussianMutationDE's DE strategy offers a more robust balance between exploration and exploitation compared to AdaptiveMultimodalOptimizerImproved's local search approach, which might get stuck in local optima. (3rd) AdaptiveGaussianSamplingEA vs (4th) EnhancedArchiveGuidedDE: AdaptiveGaussianSamplingEA benefits from adaptive Gaussian sampling and tournament selection to ensure diversity, in contrast to EnhancedArchiveGuidedDE's less efficient archive management. Comparing (second worst) AdaptiveGaussianSamplingEA vs (worst) EnhancedArchiveGuidedDE, we see that AdaptiveGaussianSamplingEA incorporates more sophisticated selection and recombination mechanisms, allowing it to better adapt to the search space, while EnhancedArchiveGuidedDE's archive management and DE strategy are less refined. Overall: The top-performing algorithms leverage adaptive mechanisms (mutation scaling, perturbation strength, temperature, Gaussian width) and incorporate sophisticated selection strategies (tournament selection, adaptive selection within DE loop).  The lower-performing algorithms utilize simpler strategies that often lack these adaptive capabilities.


**Experience:**

Designing effective heuristics requires a careful balance between exploration and exploitation.  Adaptive mechanisms that adjust parameters based on the search progress are crucial for handling high-dimensional and complex landscapes.  Sophisticated selection techniques improve the quality of solutions across generations.

2025-06-20 18:14:06 INFO Generating offspring via Crossover...
