2025-06-23 20:36:53 INFO --- GNBG Problem Parameters for f24 ---
  Dimension: 30, MaxEvals: 1000000
  Search Bounds: [-100, 100]
  Number of Components: 5
  Known Optimum Value: -100.000000
  Lambda (Curvature): [0.25 0.25 0.25 0.25 0.25]
  Mu (Asymmetry/Depth): [0.44142637 0.27898903 0.25803028 0.21978833 0.39183826 0.42051979
 0.35740109 0.43165341 0.47744239 0.47234476]
----------------------------------------
2025-06-23 20:36:53 INFO --- GNBG Problem Parameters for f24 ---
  Dimension: 30, MaxEvals: 1000000
  Search Bounds: [-100, 100]
  Number of Components: 5
  Known Optimum Value: -100.000000
  Lambda (Curvature): [0.25 0.25 0.25 0.25 0.25]
  Mu (Asymmetry/Depth): [0.44142637 0.27898903 0.25803028 0.21978833 0.39183826 0.42051979
 0.35740109 0.43165341 0.47744239 0.47234476]
----------------------------------------
2025-06-23 20:36:53 INFO --- GNBG Problem Parameters for f24 ---
  Dimension: 30, MaxEvals: 1000000
  Search Bounds: [-100, 100]
  Number of Components: 5
  Known Optimum Value: -100.000000
  Lambda (Curvature): [0.25 0.25 0.25 0.25 0.25]
  Mu (Asymmetry/Depth): [0.44142637 0.27898903 0.25803028 0.21978833 0.39183826 0.42051979
 0.35740109 0.43165341 0.47744239 0.47234476]
----------------------------------------
2025-06-23 20:37:32 INFO Run function 24 complete. FEHistory len: 150000, AOCC: 0.0788
2025-06-23 20:37:32 INFO FeHistory: [170.6192017  171.02527729 185.52484326 ... -93.84585804 -94.63450566
 -94.62434198]
2025-06-23 20:37:32 INFO Expected Optimum FE: -100
2025-06-23 20:37:32 INFO Unimodal AOCC mean: nan
2025-06-23 20:37:32 INFO Multimodal (single component) AOCC mean: nan
2025-06-23 20:37:32 INFO Multimodal (multiple components) AOCC mean: 0.0788
2025-06-23 20:37:32 INFO AOCC mean: 0.0788
2025-06-23 20:37:33 INFO Run function 24 complete. FEHistory len: 150000, AOCC: 0.0559
2025-06-23 20:37:33 INFO FeHistory: [154.16921441 201.97628687 185.67224289 ... -70.12000167 -73.99250473
 -71.25695118]
2025-06-23 20:37:33 INFO Expected Optimum FE: -100
2025-06-23 20:37:33 INFO Unimodal AOCC mean: nan
2025-06-23 20:37:33 INFO Multimodal (single component) AOCC mean: nan
2025-06-23 20:37:33 INFO Multimodal (multiple components) AOCC mean: 0.0559
2025-06-23 20:37:33 INFO AOCC mean: 0.0559
2025-06-23 20:37:33 INFO Run function 24 complete. FEHistory len: 150000, AOCC: 0.0000
2025-06-23 20:37:33 INFO FeHistory: [184.38819868 194.38805734 161.47879073 ...  45.19904807  51.60360268
  38.31411862]
2025-06-23 20:37:33 INFO Expected Optimum FE: -100
2025-06-23 20:37:33 INFO Unimodal AOCC mean: nan
2025-06-23 20:37:33 INFO Multimodal (single component) AOCC mean: nan
2025-06-23 20:37:33 INFO Multimodal (multiple components) AOCC mean: 0.0000
2025-06-23 20:37:33 INFO AOCC mean: 0.0000
