2025-06-24 09:12:17 INFO --- GNBG Problem Parameters for f18 ---
  Dimension: 30, MaxEvals: 1000000
  Search Bounds: [-100, 100]
  Number of Components: 5
  Known Optimum Value: -5000.000000
  Lambda (Curvature): [1 1 1 1 1]
  Mu (Asymmetry/Depth): [0.22159228 0.42314776 0.4901829  0.25862884 0.37043014 0.37440768
 0.26098797 0.491006   0.27569772 0.45404864]
----------------------------------------
2025-06-24 09:12:17 INFO --- GNBG Problem Parameters for f18 ---
  Dimension: 30, MaxEvals: 1000000
  Search Bounds: [-100, 100]
  Number of Components: 5
  Known Optimum Value: -5000.000000
  Lambda (Curvature): [1 1 1 1 1]
  Mu (Asymmetry/Depth): [0.22159228 0.42314776 0.4901829  0.25862884 0.37043014 0.37440768
 0.26098797 0.491006   0.27569772 0.45404864]
----------------------------------------
2025-06-24 09:12:17 INFO --- GNBG Problem Parameters for f18 ---
  Dimension: 30, MaxEvals: 1000000
  Search Bounds: [-100, 100]
  Number of Components: 5
  Known Optimum Value: -5000.000000
  Lambda (Curvature): [1 1 1 1 1]
  Mu (Asymmetry/Depth): [0.22159228 0.42314776 0.4901829  0.25862884 0.37043014 0.37440768
 0.26098797 0.491006   0.27569772 0.45404864]
----------------------------------------
2025-06-24 09:12:17 INFO --- GNBG Problem Parameters for f18 ---
  Dimension: 30, MaxEvals: 1000000
  Search Bounds: [-100, 100]
  Number of Components: 5
  Known Optimum Value: -5000.000000
  Lambda (Curvature): [1 1 1 1 1]
  Mu (Asymmetry/Depth): [0.22159228 0.42314776 0.4901829  0.25862884 0.37043014 0.37440768
 0.26098797 0.491006   0.27569772 0.45404864]
----------------------------------------
2025-06-24 09:12:58 INFO Run function 18 complete. FEHistory len: 150000, AOCC: 0.0000
2025-06-24 09:12:58 INFO FeHistory: [107586.59560142 158613.75385372 166334.5808693  ...  -4317.89995996
  -4317.89994331  -4317.89997125]
2025-06-24 09:12:58 INFO Expected Optimum FE: -5000
2025-06-24 09:12:58 INFO Unimodal AOCC mean: nan
2025-06-24 09:12:58 INFO Multimodal (single component) AOCC mean: nan
2025-06-24 09:12:58 INFO Multimodal (multiple components) AOCC mean: 0.0000
2025-06-24 09:12:58 INFO AOCC mean: 0.0000
2025-06-24 09:12:58 INFO Weighed AOCC mean: nan
2025-06-24 09:12:58 INFO --- GNBG Problem Parameters for f18 ---
  Dimension: 30, MaxEvals: 1000000
  Search Bounds: [-100, 100]
  Number of Components: 5
  Known Optimum Value: -5000.000000
  Lambda (Curvature): [1 1 1 1 1]
  Mu (Asymmetry/Depth): [0.22159228 0.42314776 0.4901829  0.25862884 0.37043014 0.37440768
 0.26098797 0.491006   0.27569772 0.45404864]
----------------------------------------
2025-06-24 09:13:04 INFO Run function 18 complete. FEHistory len: 150000, AOCC: 0.0000
2025-06-24 09:13:04 INFO FeHistory: [162169.43410175 192820.71033509  99797.5952726  ...  43051.94271744
  37160.72915999  10492.61982653]
2025-06-24 09:13:04 INFO Expected Optimum FE: -5000
2025-06-24 09:13:04 INFO Unimodal AOCC mean: nan
2025-06-24 09:13:04 INFO Multimodal (single component) AOCC mean: nan
2025-06-24 09:13:04 INFO Multimodal (multiple components) AOCC mean: 0.0000
2025-06-24 09:13:04 INFO AOCC mean: 0.0000
2025-06-24 09:13:04 INFO Weighed AOCC mean: nan
2025-06-24 09:13:05 INFO --- GNBG Problem Parameters for f18 ---
  Dimension: 30, MaxEvals: 1000000
  Search Bounds: [-100, 100]
  Number of Components: 5
  Known Optimum Value: -5000.000000
  Lambda (Curvature): [1 1 1 1 1]
  Mu (Asymmetry/Depth): [0.22159228 0.42314776 0.4901829  0.25862884 0.37043014 0.37440768
 0.26098797 0.491006   0.27569772 0.45404864]
----------------------------------------
2025-06-24 09:13:05 ERROR Can not run the algorithm
2025-06-24 09:13:05 INFO Run function 18 complete. FEHistory len: 100, AOCC: 0.0000
2025-06-24 09:13:05 INFO FeHistory: [222440.39339154 145765.80816479 172034.73299188 210716.50790414
 135916.48099474 256494.40389451 126395.29711565 146437.62677913
 229238.28463604 181864.45503446 197831.79717298 138708.81814266
 149157.69055447 140616.23252621 173280.89147101 161720.10938192
 208320.69253842 199629.13770474 175348.02798704 152259.56031126
  63542.31877629 137932.95769272 172945.05680369 163150.54127264
 168512.61767021 133069.47577118 158306.70506837 228123.57781559
 146626.83155686 227054.23302359 139724.61437659 107851.37895561
 102993.9728877  161895.5901501  215685.55534814 197169.84259333
 154943.69228292 208730.56941306 180661.24865506 152447.98700504
 199117.70086413  92950.17868806 220901.95234426 142767.21346737
 156755.80472214 124879.06136216 175515.5943612  158635.57489305
 163591.25076056 118883.55801901 200534.89256365 133774.25195089
 144728.94841499 148132.7635898  247094.21894213 120477.20653811
 141408.02145874 112244.85562894 130845.84800246 201406.67657018
 177938.64489277 166685.88117826 273154.85753433 161522.39760452
 195871.99353029 180629.36121537 141391.15090229 117960.49518516
 146515.76053696 181803.15698583 224481.01316608 204641.679385
 195385.7383669  116085.45599304 137857.65945391 202403.49556683
 123580.78339771 178780.66439298 131643.18116338 155000.0661268
 182791.89853084 166938.84974928 198420.6242333  101217.15535253
 160034.42433521 202512.21083159 168358.08381019 162612.59753992
 180804.68735718 109800.26123662 156951.0711475  141614.23098807
 105706.86639801 205980.00892954 171032.49854035 184380.82007664
 101153.178491   124084.41839264 158467.78280698  96905.39538212]
2025-06-24 09:13:05 INFO Expected Optimum FE: -5000
2025-06-24 09:13:05 INFO Unimodal AOCC mean: nan
2025-06-24 09:13:05 INFO Multimodal (single component) AOCC mean: nan
2025-06-24 09:13:05 INFO Multimodal (multiple components) AOCC mean: 0.0000
2025-06-24 09:13:05 INFO AOCC mean: 0.0000
2025-06-24 09:13:05 INFO Weighed AOCC mean: nan
2025-06-24 09:13:05 INFO --- GNBG Problem Parameters for f18 ---
  Dimension: 30, MaxEvals: 1000000
  Search Bounds: [-100, 100]
  Number of Components: 5
  Known Optimum Value: -5000.000000
  Lambda (Curvature): [1 1 1 1 1]
  Mu (Asymmetry/Depth): [0.22159228 0.42314776 0.4901829  0.25862884 0.37043014 0.37440768
 0.26098797 0.491006   0.27569772 0.45404864]
----------------------------------------
2025-06-24 09:13:05 ERROR Can not run the algorithm
2025-06-24 09:13:05 INFO Run function 18 complete. FEHistory len: 51, AOCC: 0.0000
2025-06-24 09:13:05 INFO FeHistory: [158112.4524584  127304.37188146 144975.45120857 134996.65726141
  83601.58487118 129546.08075781 227992.19952307 140642.23565818
 142743.79970609 162469.20677015 140528.82202087 135016.01373697
 138477.13971457 131079.85978802 241267.43912573 177355.01679701
 168451.8876426  127307.18916126 151218.68358093 120971.05610821
 194883.17784218 129223.91913257 120927.06804863 185539.05109547
  87517.46932053 144178.84996674 100341.23966601 168240.88473294
 107898.35847046 198991.52189471 150687.99013587 171901.02805646
 160815.08292516 176755.29197786 137808.34744281 200509.23069583
 128285.55438952 142415.0412364  157707.43695298 132526.48619056
 153980.99792371 136125.79088435 139911.73398591 176168.00472534
 121418.71494047 238362.15336578 142564.26427062 147211.78277811
 173265.28578685 138737.36548719 195498.45103389]
2025-06-24 09:13:05 INFO Expected Optimum FE: -5000
2025-06-24 09:13:05 INFO Unimodal AOCC mean: nan
2025-06-24 09:13:05 INFO Multimodal (single component) AOCC mean: nan
2025-06-24 09:13:05 INFO Multimodal (multiple components) AOCC mean: 0.0000
2025-06-24 09:13:05 INFO AOCC mean: 0.0000
2025-06-24 09:13:05 INFO Weighed AOCC mean: nan
2025-06-24 09:13:42 INFO Run function 18 complete. FEHistory len: 150000, AOCC: 0.0000
2025-06-24 09:13:42 INFO FeHistory: [ 1.36358972e+05  2.04096612e+05  1.44172989e+05 ...  1.28693699e+03
 -1.22788960e+03 -5.55246462e+01]
2025-06-24 09:13:42 INFO Expected Optimum FE: -5000
2025-06-24 09:13:42 INFO Unimodal AOCC mean: nan
2025-06-24 09:13:42 INFO Multimodal (single component) AOCC mean: nan
2025-06-24 09:13:42 INFO Multimodal (multiple components) AOCC mean: 0.0000
2025-06-24 09:13:42 INFO AOCC mean: 0.0000
2025-06-24 09:13:42 INFO Weighed AOCC mean: nan
2025-06-24 09:13:59 INFO Run function 18 complete. FEHistory len: 150000, AOCC: 0.0000
2025-06-24 09:13:59 INFO FeHistory: [193174.09646171 117294.55589204 151940.6889506  ...  -4399.20261051
  -4399.28975315  -4399.56499129]
2025-06-24 09:13:59 INFO Expected Optimum FE: -5000
2025-06-24 09:13:59 INFO Unimodal AOCC mean: nan
2025-06-24 09:13:59 INFO Multimodal (single component) AOCC mean: nan
2025-06-24 09:13:59 INFO Multimodal (multiple components) AOCC mean: 0.0000
2025-06-24 09:13:59 INFO AOCC mean: 0.0000
2025-06-24 09:13:59 INFO Weighed AOCC mean: nan
2025-06-24 09:15:08 INFO Run function 18 complete. FEHistory len: 150000, AOCC: 0.0000
2025-06-24 09:15:08 INFO FeHistory: [172618.00958455  85565.76348571 201212.54545958 ...  -4317.89999844
  -4317.89999818  -4317.89999734]
2025-06-24 09:15:08 INFO Expected Optimum FE: -5000
2025-06-24 09:15:08 INFO Unimodal AOCC mean: nan
2025-06-24 09:15:08 INFO Multimodal (single component) AOCC mean: nan
2025-06-24 09:15:08 INFO Multimodal (multiple components) AOCC mean: 0.0000
2025-06-24 09:15:08 INFO AOCC mean: 0.0000
2025-06-24 09:15:08 INFO Weighed AOCC mean: nan
2025-06-24 09:15:44 INFO --- GNBG Problem Parameters for f18 ---
  Dimension: 30, MaxEvals: 1000000
  Search Bounds: [-100, 100]
  Number of Components: 5
  Known Optimum Value: -5000.000000
  Lambda (Curvature): [1 1 1 1 1]
  Mu (Asymmetry/Depth): [0.22159228 0.42314776 0.4901829  0.25862884 0.37043014 0.37440768
 0.26098797 0.491006   0.27569772 0.45404864]
----------------------------------------
2025-06-24 09:15:44 INFO --- GNBG Problem Parameters for f18 ---
  Dimension: 30, MaxEvals: 1000000
  Search Bounds: [-100, 100]
  Number of Components: 5
  Known Optimum Value: -5000.000000
  Lambda (Curvature): [1 1 1 1 1]
  Mu (Asymmetry/Depth): [0.22159228 0.42314776 0.4901829  0.25862884 0.37043014 0.37440768
 0.26098797 0.491006   0.27569772 0.45404864]
----------------------------------------
2025-06-24 09:15:44 INFO --- GNBG Problem Parameters for f18 ---
  Dimension: 30, MaxEvals: 1000000
  Search Bounds: [-100, 100]
  Number of Components: 5
  Known Optimum Value: -5000.000000
  Lambda (Curvature): [1 1 1 1 1]
  Mu (Asymmetry/Depth): [0.22159228 0.42314776 0.4901829  0.25862884 0.37043014 0.37440768
 0.26098797 0.491006   0.27569772 0.45404864]
----------------------------------------
2025-06-24 09:16:07 ERROR Can not run the algorithm
2025-06-24 09:16:07 INFO Run function 18 complete. FEHistory len: 90396, AOCC: 0.7606
2025-06-24 09:16:07 INFO FeHistory: [114329.09960497 191957.17185446  85432.16295077 ...   3194.37792485
   8761.40532959   7401.22824209]
2025-06-24 09:16:07 INFO Expected Optimum FE: -5000
2025-06-24 09:16:07 INFO Good algorithm:
Algorithm Name: AdaptivePopulationDE
import numpy as np
import random

# Name: AdaptivePopulationDE
# Description: An adaptive Differential Evolution algorithm with dynamic population size, enhanced mutation strategies, and a restart mechanism to escape local optima in complex multimodal landscapes.
# Code:
class AdaptivePopulationDE:
    def __init__(self, budget: int, dim: int, lower_bounds: list[float], upper_bounds: list[float]):
        self.budget = int(budget)
        self.dim = int(dim)
        self.lower_bounds = np.array(lower_bounds, dtype=float)
        self.upper_bounds = np.array(upper_bounds, dtype=float)

        self.eval_count = 0
        self.best_solution_overall = None
        self.best_fitness_overall = float('inf')

        self.population_size = 10 * self.dim
        self.population = None
        self.fitness = None
        self.F = 0.5  # Crossover rate
        self.Cr = 0.7 # Mutation factor

        self.archive = []
        self.archive_size = 100

        self.min_population_size = 5 * self.dim
        self.max_population_size = 20 * self.dim
        self.population_adaptation_rate = 0.1
        self.stagnation_counter = 0
        self.stagnation_threshold = 5000  # Number of evaluations without improvement before restart


    def optimize(self, objective_function: callable, acceptance_threshold: float = 1e-8) -> tuple:
        self.eval_count = 0

        # Initialize population
        self.population = np.random.uniform(self.lower_bounds, self.upper_bounds, size=(self.population_size, self.dim))
        self.fitness = objective_function(self.population)
        self.eval_count += self.population_size

        self.best_solution_overall = self.population[np.argmin(self.fitness)]
        self.best_fitness_overall = np.min(self.fitness)

        self.stagnation_counter = 0 # Reset Stagnation counter


        while self.eval_count < self.budget:
            # Generate offspring using an enhanced DE mutation strategy
            offspring = self.generate_offspring(objective_function)
            offspring_fitness = objective_function(offspring)
            self.eval_count += len(offspring)

             # Update archive
            self.update_archive(offspring, offspring_fitness)

            # Selection: Replace parents with better offspring
            for i in range(self.population_size):
                if offspring_fitness[i] < self.fitness[i]:
                    self.population[i] = offspring[i]
                    self.fitness[i] = offspring_fitness[i]

            #Update best solution
            best_index = np.argmin(self.fitness)
            if self.fitness[best_index] < self.best_fitness_overall:
                self.best_solution_overall = self.population[best_index]
                self.best_fitness_overall = self.fitness[best_index]
                self.stagnation_counter = 0 # Reset if improvement occurs

            else:
                 self.stagnation_counter += len(offspring)

            # Adaptive population size adjustment
            self.adjust_population_size()


            # Stagnation check and restart mechanism
            if self.stagnation_counter > self.stagnation_threshold:
                self.restart_population(objective_function)
                self.stagnation_counter = 0


        optimization_info = {
            'function_evaluations_used': self.eval_count,
            'final_best_fitness': self.best_fitness_overall,
            'population_size': self.population_size
        }
        return self.best_solution_overall, self.best_fitness_overall, optimization_info



    def generate_offspring(self, objective_function):
        offspring = np.zeros((self.population_size, self.dim))

        for i in range(self.population_size):
            # Mutation: "DE/current-to-best/1" with archive influence
            if self.archive and random.random() < 0.5:  # Utilize the archive probabilistically
                pbest = self.archive[random.randint(0, len(self.archive) - 1)][0] # Select a random member of the archive
            else:
                pbest = self.population[np.argmin(self.fitness)] #Fall back to best in current population
            
            indices = list(range(self.population_size))
            indices.remove(i) # Ensure distinct indices
            a, b = random.sample(indices, 2) # Select two unique indices

            mutant = self.population[i] + self.F * (pbest - self.population[i] + self.population[a] - self.population[b])

            # Crossover: Binomial crossover
            for j in range(self.dim):
                if random.random() > self.Cr: # Perform binomial crossover
                    mutant[j] = self.population[i][j]  # Keep parent's gene

            offspring[i] = np.clip(mutant, self.lower_bounds, self.upper_bounds)  # Boundary handling

        return offspring


    def update_archive(self, offspring, offspring_fitness):
        for i in range(len(offspring)):
            if len(self.archive) < self.archive_size:
                self.archive.append((offspring[i], offspring_fitness[i]))
            else:
                # Prioritize diversity and quality in archive replacement
                worst_index = np.argmax([f for _, f in self.archive]) # Find worst fitness in archive
                if offspring_fitness[i] < self.archive[worst_index][1] or len(self.archive) < self.archive_size * 0.8:
                    self.archive[worst_index] = (offspring[i], offspring_fitness[i])




    def adjust_population_size(self):
        if random.random() < self.population_adaptation_rate: # Control adaptation frequency
            if self.stagnation_counter > self.stagnation_threshold / 2: # Stagnation suggests too small, increase pop
                self.population_size = min(int(self.population_size * 1.1), self.max_population_size)
            else: # Otherwise may reduce population to encourage convergence
                self.population_size = max(int(self.population_size * 0.9), self.min_population_size)
        self.population_size = int(self.population_size) # Ensure population size remains an integer.



    def restart_population(self, objective_function):
        # Option 1: Re-initialize entire population
        self.population = np.random.uniform(self.lower_bounds, self.upper_bounds, size=(self.population_size, self.dim))
        self.fitness = objective_function(self.population)
        self.eval_count += self.population_size
        best_index = np.argmin(self.fitness)
        if self.fitness[best_index] < self.best_fitness_overall:
             self.best_solution_overall = self.population[best_index]
             self.best_fitness_overall = self.fitness[best_index]

        # Option 2: Keep best solution and re-initialize the rest (exploitation of best)
        # num_reinitialized = int(0.8 * self.population_size)  # Re-initialize 80% of the pop.
        # self.population[num_reinitialized:] = np.random.uniform(self.lower_bounds, self.upper_bounds, size=(self.population_size - num_reinitialized, self.dim))
        # self.fitness[num_reinitialized:] = objective_function(self.population[num_reinitialized:])
        # self.eval_count += (self.population_size - num_reinitialized) # Update evaluation count

2025-06-24 09:16:07 INFO Unimodal AOCC mean: nan
2025-06-24 09:16:07 INFO Multimodal (single component) AOCC mean: nan
2025-06-24 09:16:07 INFO Multimodal (multiple components) AOCC mean: 0.7606
2025-06-24 09:16:07 INFO AOCC mean: 0.7606
2025-06-24 09:16:07 INFO Weighed AOCC mean: nan
2025-06-24 09:16:23 INFO Run function 18 complete. FEHistory len: 150000, AOCC: 0.0000
2025-06-24 09:16:23 INFO FeHistory: [170172.23557014 243651.89685123 225982.47955196 ...   9376.17397767
   9415.22018722   9429.33785687]
2025-06-24 09:16:23 INFO Expected Optimum FE: -5000
2025-06-24 09:16:23 INFO Unimodal AOCC mean: nan
2025-06-24 09:16:23 INFO Multimodal (single component) AOCC mean: nan
2025-06-24 09:16:23 INFO Multimodal (multiple components) AOCC mean: 0.0000
2025-06-24 09:16:23 INFO AOCC mean: 0.0000
2025-06-24 09:16:23 INFO Weighed AOCC mean: nan
2025-06-24 09:16:25 INFO Run function 18 complete. FEHistory len: 150000, AOCC: 0.0319
2025-06-24 09:16:25 INFO FeHistory: [195438.2466949  304333.18990557  97649.0336682  ...  -4993.67657367
 113833.05366342  -4996.25143417]
2025-06-24 09:16:25 INFO Expected Optimum FE: -5000
2025-06-24 09:16:25 INFO Unimodal AOCC mean: nan
2025-06-24 09:16:25 INFO Multimodal (single component) AOCC mean: nan
2025-06-24 09:16:25 INFO Multimodal (multiple components) AOCC mean: 0.0319
2025-06-24 09:16:25 INFO AOCC mean: 0.0319
2025-06-24 09:16:25 INFO Weighed AOCC mean: nan
2025-06-24 09:17:56 INFO --- GNBG Problem Parameters for f18 ---
  Dimension: 30, MaxEvals: 1000000
  Search Bounds: [-100, 100]
  Number of Components: 5
  Known Optimum Value: -5000.000000
  Lambda (Curvature): [1 1 1 1 1]
  Mu (Asymmetry/Depth): [0.22159228 0.42314776 0.4901829  0.25862884 0.37043014 0.37440768
 0.26098797 0.491006   0.27569772 0.45404864]
----------------------------------------
2025-06-24 09:17:56 INFO --- GNBG Problem Parameters for f18 ---
  Dimension: 30, MaxEvals: 1000000
  Search Bounds: [-100, 100]
  Number of Components: 5
  Known Optimum Value: -5000.000000
  Lambda (Curvature): [1 1 1 1 1]
  Mu (Asymmetry/Depth): [0.22159228 0.42314776 0.4901829  0.25862884 0.37043014 0.37440768
 0.26098797 0.491006   0.27569772 0.45404864]
----------------------------------------
2025-06-24 09:17:56 INFO --- GNBG Problem Parameters for f18 ---
  Dimension: 30, MaxEvals: 1000000
  Search Bounds: [-100, 100]
  Number of Components: 5
  Known Optimum Value: -5000.000000
  Lambda (Curvature): [1 1 1 1 1]
  Mu (Asymmetry/Depth): [0.22159228 0.42314776 0.4901829  0.25862884 0.37043014 0.37440768
 0.26098797 0.491006   0.27569772 0.45404864]
----------------------------------------
2025-06-24 09:17:56 INFO --- GNBG Problem Parameters for f18 ---
  Dimension: 30, MaxEvals: 1000000
  Search Bounds: [-100, 100]
  Number of Components: 5
  Known Optimum Value: -5000.000000
  Lambda (Curvature): [1 1 1 1 1]
  Mu (Asymmetry/Depth): [0.22159228 0.42314776 0.4901829  0.25862884 0.37043014 0.37440768
 0.26098797 0.491006   0.27569772 0.45404864]
----------------------------------------
2025-06-24 09:18:40 INFO Run function 18 complete. FEHistory len: 150000, AOCC: 0.0000
2025-06-24 09:18:40 INFO FeHistory: [143598.86562087 123617.63077072 101526.52296474 ... 101693.84688516
 122325.42362627 191305.39337145]
2025-06-24 09:18:40 INFO Expected Optimum FE: -5000
2025-06-24 09:18:40 INFO Unimodal AOCC mean: nan
2025-06-24 09:18:40 INFO Multimodal (single component) AOCC mean: nan
2025-06-24 09:18:40 INFO Multimodal (multiple components) AOCC mean: 0.0000
2025-06-24 09:18:40 INFO AOCC mean: 0.0000
2025-06-24 09:18:40 INFO Weighed AOCC mean: nan
2025-06-24 09:18:40 INFO --- GNBG Problem Parameters for f18 ---
  Dimension: 30, MaxEvals: 1000000
  Search Bounds: [-100, 100]
  Number of Components: 5
  Known Optimum Value: -5000.000000
  Lambda (Curvature): [1 1 1 1 1]
  Mu (Asymmetry/Depth): [0.22159228 0.42314776 0.4901829  0.25862884 0.37043014 0.37440768
 0.26098797 0.491006   0.27569772 0.45404864]
----------------------------------------
2025-06-24 09:18:46 INFO Run function 18 complete. FEHistory len: 150000, AOCC: 0.0000
2025-06-24 09:18:46 INFO FeHistory: [194049.9316706  120542.36638105 155571.368433   ...  -4286.71148682
  -4286.71148682  -4286.71148682]
2025-06-24 09:18:46 INFO Expected Optimum FE: -5000
2025-06-24 09:18:46 INFO Unimodal AOCC mean: nan
2025-06-24 09:18:46 INFO Multimodal (single component) AOCC mean: nan
2025-06-24 09:18:46 INFO Multimodal (multiple components) AOCC mean: 0.0000
2025-06-24 09:18:46 INFO AOCC mean: 0.0000
2025-06-24 09:18:46 INFO Weighed AOCC mean: nan
2025-06-24 09:18:48 INFO Run function 18 complete. FEHistory len: 150000, AOCC: 0.0000
2025-06-24 09:18:48 INFO FeHistory: [141294.14016841 157352.89917739 146282.7026325  ...  -3174.3502655
  -2545.59646409  90392.80504876]
2025-06-24 09:18:48 INFO Expected Optimum FE: -5000
2025-06-24 09:18:48 INFO Unimodal AOCC mean: nan
2025-06-24 09:18:48 INFO Multimodal (single component) AOCC mean: nan
2025-06-24 09:18:48 INFO Multimodal (multiple components) AOCC mean: 0.0000
2025-06-24 09:18:48 INFO AOCC mean: 0.0000
2025-06-24 09:18:48 INFO Weighed AOCC mean: nan
2025-06-24 09:20:24 INFO Run function 18 complete. FEHistory len: 150000, AOCC: 0.0000
2025-06-24 09:20:24 INFO FeHistory: [ 86813.50898011 190795.6518089  165043.13075139 ...  -4399.89999922
  -4399.89999903  -4399.8999996 ]
2025-06-24 09:20:24 INFO Expected Optimum FE: -5000
2025-06-24 09:20:24 INFO Unimodal AOCC mean: nan
2025-06-24 09:20:24 INFO Multimodal (single component) AOCC mean: nan
2025-06-24 09:20:24 INFO Multimodal (multiple components) AOCC mean: 0.0000
2025-06-24 09:20:24 INFO AOCC mean: 0.0000
2025-06-24 09:20:24 INFO Weighed AOCC mean: nan
2025-06-24 09:23:04 INFO Run function 18 complete. FEHistory len: 150000, AOCC: 0.0000
2025-06-24 09:23:04 INFO FeHistory: [115496.99584596 143425.25989817 148611.45253849 ...  -4282.2214896
  -4297.68743241  -4296.34193283]
2025-06-24 09:23:04 INFO Expected Optimum FE: -5000
2025-06-24 09:23:04 INFO Unimodal AOCC mean: nan
2025-06-24 09:23:04 INFO Multimodal (single component) AOCC mean: nan
2025-06-24 09:23:04 INFO Multimodal (multiple components) AOCC mean: 0.0000
2025-06-24 09:23:04 INFO AOCC mean: 0.0000
2025-06-24 09:23:04 INFO Weighed AOCC mean: nan
2025-06-24 09:23:48 INFO --- GNBG Problem Parameters for f18 ---
  Dimension: 30, MaxEvals: 1000000
  Search Bounds: [-100, 100]
  Number of Components: 5
  Known Optimum Value: -5000.000000
  Lambda (Curvature): [1 1 1 1 1]
  Mu (Asymmetry/Depth): [0.22159228 0.42314776 0.4901829  0.25862884 0.37043014 0.37440768
 0.26098797 0.491006   0.27569772 0.45404864]
----------------------------------------
2025-06-24 09:23:48 INFO --- GNBG Problem Parameters for f18 ---
  Dimension: 30, MaxEvals: 1000000
  Search Bounds: [-100, 100]
  Number of Components: 5
  Known Optimum Value: -5000.000000
  Lambda (Curvature): [1 1 1 1 1]
  Mu (Asymmetry/Depth): [0.22159228 0.42314776 0.4901829  0.25862884 0.37043014 0.37440768
 0.26098797 0.491006   0.27569772 0.45404864]
----------------------------------------
2025-06-24 09:23:48 INFO --- GNBG Problem Parameters for f18 ---
  Dimension: 30, MaxEvals: 1000000
  Search Bounds: [-100, 100]
  Number of Components: 5
  Known Optimum Value: -5000.000000
  Lambda (Curvature): [1 1 1 1 1]
  Mu (Asymmetry/Depth): [0.22159228 0.42314776 0.4901829  0.25862884 0.37043014 0.37440768
 0.26098797 0.491006   0.27569772 0.45404864]
----------------------------------------
2025-06-24 09:23:55 ERROR Can not run the algorithm
2025-06-24 09:23:55 INFO Run function 18 complete. FEHistory len: 28241, AOCC: 0.0000
2025-06-24 09:23:55 INFO FeHistory: [174484.83789359 106541.31847833 119236.30213881 ...  71027.98260293
  81319.67814536 150725.23838552]
2025-06-24 09:23:55 INFO Expected Optimum FE: -5000
2025-06-24 09:23:55 INFO Unimodal AOCC mean: nan
2025-06-24 09:23:55 INFO Multimodal (single component) AOCC mean: nan
2025-06-24 09:23:55 INFO Multimodal (multiple components) AOCC mean: 0.0000
2025-06-24 09:23:55 INFO AOCC mean: 0.0000
2025-06-24 09:23:55 INFO Weighed AOCC mean: nan
2025-06-24 09:24:13 ERROR Can not run the algorithm
2025-06-24 09:24:13 INFO Run function 18 complete. FEHistory len: 95686, AOCC: 0.0000
2025-06-24 09:24:13 INFO FeHistory: [153077.61093292 120307.19944881 103988.45175401 ...  26286.1365435
  11801.66095418   5166.58684816]
2025-06-24 09:24:13 INFO Expected Optimum FE: -5000
2025-06-24 09:24:13 INFO Unimodal AOCC mean: nan
2025-06-24 09:24:13 INFO Multimodal (single component) AOCC mean: nan
2025-06-24 09:24:13 INFO Multimodal (multiple components) AOCC mean: 0.0000
2025-06-24 09:24:13 INFO AOCC mean: 0.0000
2025-06-24 09:24:13 INFO Weighed AOCC mean: nan
2025-06-24 09:24:20 ERROR Can not run the algorithm
2025-06-24 09:24:21 INFO Run function 18 complete. FEHistory len: 87555, AOCC: 0.0000
2025-06-24 09:24:21 INFO FeHistory: [158841.1549943   98587.01960738 173158.29250396 ...  17191.20369593
  -4200.87670128  -4049.0404727 ]
2025-06-24 09:24:21 INFO Expected Optimum FE: -5000
2025-06-24 09:24:21 INFO Unimodal AOCC mean: nan
2025-06-24 09:24:21 INFO Multimodal (single component) AOCC mean: nan
2025-06-24 09:24:21 INFO Multimodal (multiple components) AOCC mean: 0.0000
2025-06-24 09:24:21 INFO AOCC mean: 0.0000
2025-06-24 09:24:21 INFO Weighed AOCC mean: nan
2025-06-24 09:26:10 INFO --- GNBG Problem Parameters for f18 ---
  Dimension: 30, MaxEvals: 1000000
  Search Bounds: [-100, 100]
  Number of Components: 5
  Known Optimum Value: -5000.000000
  Lambda (Curvature): [1 1 1 1 1]
  Mu (Asymmetry/Depth): [0.22159228 0.42314776 0.4901829  0.25862884 0.37043014 0.37440768
 0.26098797 0.491006   0.27569772 0.45404864]
----------------------------------------
2025-06-24 09:26:10 INFO --- GNBG Problem Parameters for f18 ---
  Dimension: 30, MaxEvals: 1000000
  Search Bounds: [-100, 100]
  Number of Components: 5
  Known Optimum Value: -5000.000000
  Lambda (Curvature): [1 1 1 1 1]
  Mu (Asymmetry/Depth): [0.22159228 0.42314776 0.4901829  0.25862884 0.37043014 0.37440768
 0.26098797 0.491006   0.27569772 0.45404864]
----------------------------------------
2025-06-24 09:26:10 INFO --- GNBG Problem Parameters for f18 ---
  Dimension: 30, MaxEvals: 1000000
  Search Bounds: [-100, 100]
  Number of Components: 5
  Known Optimum Value: -5000.000000
  Lambda (Curvature): [1 1 1 1 1]
  Mu (Asymmetry/Depth): [0.22159228 0.42314776 0.4901829  0.25862884 0.37043014 0.37440768
 0.26098797 0.491006   0.27569772 0.45404864]
----------------------------------------
2025-06-24 09:26:57 INFO Run function 18 complete. FEHistory len: 150000, AOCC: 0.0000
2025-06-24 09:26:57 INFO FeHistory: [147134.99252921 156416.21799921 185049.64387993 ...  28481.81849871
  28481.81849387  28481.81850006]
2025-06-24 09:26:57 INFO Expected Optimum FE: -5000
2025-06-24 09:26:57 INFO Unimodal AOCC mean: nan
2025-06-24 09:26:57 INFO Multimodal (single component) AOCC mean: nan
2025-06-24 09:26:57 INFO Multimodal (multiple components) AOCC mean: 0.0000
2025-06-24 09:26:57 INFO AOCC mean: 0.0000
2025-06-24 09:26:57 INFO Weighed AOCC mean: nan
2025-06-24 09:26:57 INFO --- GNBG Problem Parameters for f18 ---
  Dimension: 30, MaxEvals: 1000000
  Search Bounds: [-100, 100]
  Number of Components: 5
  Known Optimum Value: -5000.000000
  Lambda (Curvature): [1 1 1 1 1]
  Mu (Asymmetry/Depth): [0.22159228 0.42314776 0.4901829  0.25862884 0.37043014 0.37440768
 0.26098797 0.491006   0.27569772 0.45404864]
----------------------------------------
2025-06-24 09:26:58 INFO Run function 18 complete. FEHistory len: 150000, AOCC: 0.0000
2025-06-24 09:26:58 INFO FeHistory: [146036.73865872 204752.43514262 158825.23179098 ...  10228.0826579
  10228.08265791  10228.0826579 ]
2025-06-24 09:26:58 INFO Expected Optimum FE: -5000
2025-06-24 09:26:58 INFO Unimodal AOCC mean: nan
2025-06-24 09:26:58 INFO Multimodal (single component) AOCC mean: nan
2025-06-24 09:26:58 INFO Multimodal (multiple components) AOCC mean: 0.0000
2025-06-24 09:26:58 INFO AOCC mean: 0.0000
2025-06-24 09:26:58 INFO Weighed AOCC mean: nan
2025-06-24 09:27:05 ERROR Can not run the algorithm
2025-06-24 09:27:06 INFO Run function 18 complete. FEHistory len: 23870, AOCC: 0.0000
2025-06-24 09:27:06 INFO FeHistory: [110929.40908737 155878.75171125 117290.76747594 ... 301793.21172068
 373345.68445311 211400.08196071]
2025-06-24 09:27:06 INFO Expected Optimum FE: -5000
2025-06-24 09:27:06 INFO Unimodal AOCC mean: nan
2025-06-24 09:27:06 INFO Multimodal (single component) AOCC mean: nan
2025-06-24 09:27:06 INFO Multimodal (multiple components) AOCC mean: 0.0000
2025-06-24 09:27:06 INFO AOCC mean: 0.0000
2025-06-24 09:27:06 INFO Weighed AOCC mean: nan
2025-06-24 09:42:49 INFO Run function 18 complete. FEHistory len: 150000, AOCC: 0.0000
2025-06-24 09:42:49 INFO FeHistory: [200789.89715921 107912.89031126 117604.81837444 ...   3737.13371135
   3737.13371081   3737.13370999]
2025-06-24 09:42:49 INFO Expected Optimum FE: -5000
2025-06-24 09:42:49 INFO Unimodal AOCC mean: nan
2025-06-24 09:42:49 INFO Multimodal (single component) AOCC mean: nan
2025-06-24 09:42:49 INFO Multimodal (multiple components) AOCC mean: 0.0000
2025-06-24 09:42:49 INFO AOCC mean: 0.0000
2025-06-24 09:42:49 INFO Weighed AOCC mean: nan
2025-06-24 09:43:39 INFO --- GNBG Problem Parameters for f18 ---
  Dimension: 30, MaxEvals: 1000000
  Search Bounds: [-100, 100]
  Number of Components: 5
  Known Optimum Value: -5000.000000
  Lambda (Curvature): [1 1 1 1 1]
  Mu (Asymmetry/Depth): [0.22159228 0.42314776 0.4901829  0.25862884 0.37043014 0.37440768
 0.26098797 0.491006   0.27569772 0.45404864]
----------------------------------------
