2025-06-21 09:50:52 INFO Initializing first population
2025-06-21 09:50:52 INFO Initializing population from 7 seed files...
2025-06-21 09:50:52 INFO --- GNBG Problem Parameters for f11 ---
  Dimension: 30, MaxEvals: 500000
  Search Bounds: [-100, 100]
  Number of Components: 1
  Known Optimum Value: -118.075358
  Lambda (Curvature): [1]
  Mu (Asymmetry/Depth): [0.2 0.5]
----------------------------------------
2025-06-21 09:50:52 INFO Run function 11 complete. FEHistory len: 10, AOCC: 0.0000
2025-06-21 09:50:52 INFO FeHistory: [196529.52981798 139004.21364192 154977.27175275 228702.59939855
 226334.41881452 249388.27942951 226956.63858942 285861.65236701
 361916.35202302 111000.95292978]
2025-06-21 09:50:52 INFO Expected Optimum FE: -118.07535757360006
2025-06-21 09:50:52 INFO --- GNBG Problem Parameters for f21 ---
  Dimension: 30, MaxEvals: 1000000
  Search Bounds: [-100, 100]
  Number of Components: 5
  Known Optimum Value: -50.000000
  Lambda (Curvature): [0.5 0.5 0.5 0.5 0.5]
  Mu (Asymmetry/Depth): [0.17318004 0.11194571 0.19092932 0.18126106 0.14008737 0.11467924
 0.12498507 0.12642975 0.11734302 0.18190892]
----------------------------------------
2025-06-21 09:50:52 INFO Run function 21 complete. FEHistory len: 10, AOCC: 0.0000
2025-06-21 09:50:52 INFO FeHistory: [264.40631338 318.91759561 270.57643018 294.55026592 351.78369379
 344.20569862 366.7939531  312.00947795 344.172354   336.1151523 ]
2025-06-21 09:50:52 INFO Expected Optimum FE: -50
2025-06-21 09:50:52 INFO Unimodal AOCC mean: nan
2025-06-21 09:50:52 INFO Multimodal (single component) AOCC mean: 0.0000
2025-06-21 09:50:52 INFO Multimodal (multiple components) AOCC mean: 0.0000
2025-06-21 09:50:52 INFO AOCC mean: 0.0000
2025-06-21 09:50:52 INFO --- GNBG Problem Parameters for f11 ---
  Dimension: 30, MaxEvals: 500000
  Search Bounds: [-100, 100]
  Number of Components: 1
  Known Optimum Value: -118.075358
  Lambda (Curvature): [1]
  Mu (Asymmetry/Depth): [0.2 0.5]
----------------------------------------
2025-06-21 09:50:52 INFO Run function 11 complete. FEHistory len: 10, AOCC: 0.0000
2025-06-21 09:50:52 INFO FeHistory: [189740.95402669 233694.09993421 189740.95402669 204440.40539946
 189740.95402669 190750.32338294 189740.95402669 199656.99151454
 189740.95402669 188123.3170831 ]
2025-06-21 09:50:52 INFO Expected Optimum FE: -118.07535757360006
2025-06-21 09:50:52 INFO --- GNBG Problem Parameters for f21 ---
  Dimension: 30, MaxEvals: 1000000
  Search Bounds: [-100, 100]
  Number of Components: 5
  Known Optimum Value: -50.000000
  Lambda (Curvature): [0.5 0.5 0.5 0.5 0.5]
  Mu (Asymmetry/Depth): [0.17318004 0.11194571 0.19092932 0.18126106 0.14008737 0.11467924
 0.12498507 0.12642975 0.11734302 0.18190892]
----------------------------------------
2025-06-21 09:50:52 INFO Run function 21 complete. FEHistory len: 10, AOCC: 0.0000
2025-06-21 09:50:52 INFO FeHistory: [244.46198826 245.53872415 244.46198826 243.5663074  245.53872415
 252.45319083 243.5663074  245.82498103 243.5663074  243.61872439]
2025-06-21 09:50:52 INFO Expected Optimum FE: -50
2025-06-21 09:50:52 INFO Unimodal AOCC mean: nan
2025-06-21 09:50:52 INFO Multimodal (single component) AOCC mean: 0.0000
2025-06-21 09:50:52 INFO Multimodal (multiple components) AOCC mean: 0.0000
2025-06-21 09:50:52 INFO AOCC mean: 0.0000
2025-06-21 09:50:52 INFO --- GNBG Problem Parameters for f11 ---
  Dimension: 30, MaxEvals: 500000
  Search Bounds: [-100, 100]
  Number of Components: 1
  Known Optimum Value: -118.075358
  Lambda (Curvature): [1]
  Mu (Asymmetry/Depth): [0.2 0.5]
----------------------------------------
2025-06-21 09:50:52 INFO Run function 11 complete. FEHistory len: 10, AOCC: 0.0000
2025-06-21 09:50:52 INFO FeHistory: [267388.12784819 223363.95097172 139934.96558869 170470.37434797
 229238.06463754 132412.37585364 196301.6988953  247600.71728042
 191855.30811125 324688.88813352]
2025-06-21 09:50:52 INFO Expected Optimum FE: -118.07535757360006
2025-06-21 09:50:52 INFO --- GNBG Problem Parameters for f21 ---
  Dimension: 30, MaxEvals: 1000000
  Search Bounds: [-100, 100]
  Number of Components: 5
  Known Optimum Value: -50.000000
  Lambda (Curvature): [0.5 0.5 0.5 0.5 0.5]
  Mu (Asymmetry/Depth): [0.17318004 0.11194571 0.19092932 0.18126106 0.14008737 0.11467924
 0.12498507 0.12642975 0.11734302 0.18190892]
----------------------------------------
2025-06-21 09:50:52 INFO Run function 21 complete. FEHistory len: 10, AOCC: 0.0000
2025-06-21 09:50:52 INFO FeHistory: [277.67105847 314.44957238 208.42953401 263.5657006  283.14861912
 295.74568726 228.56050003 291.54844055 269.65036129 259.84330474]
2025-06-21 09:50:52 INFO Expected Optimum FE: -50
2025-06-21 09:50:52 INFO Unimodal AOCC mean: nan
2025-06-21 09:50:52 INFO Multimodal (single component) AOCC mean: 0.0000
2025-06-21 09:50:52 INFO Multimodal (multiple components) AOCC mean: 0.0000
2025-06-21 09:50:52 INFO AOCC mean: 0.0000
2025-06-21 09:50:52 INFO --- GNBG Problem Parameters for f11 ---
  Dimension: 30, MaxEvals: 500000
  Search Bounds: [-100, 100]
  Number of Components: 1
  Known Optimum Value: -118.075358
  Lambda (Curvature): [1]
  Mu (Asymmetry/Depth): [0.2 0.5]
----------------------------------------
2025-06-21 09:50:52 INFO Run function 11 complete. FEHistory len: 10, AOCC: 0.0000
2025-06-21 09:50:52 INFO FeHistory: [250669.68129024 160044.89859673 240045.41712587 224237.53057626
 201579.69510875 224723.55746936 175746.27773836 307941.39712001
 329791.51168647 227438.74083617]
2025-06-21 09:50:52 INFO Expected Optimum FE: -118.07535757360006
2025-06-21 09:50:52 INFO --- GNBG Problem Parameters for f21 ---
  Dimension: 30, MaxEvals: 1000000
  Search Bounds: [-100, 100]
  Number of Components: 5
  Known Optimum Value: -50.000000
  Lambda (Curvature): [0.5 0.5 0.5 0.5 0.5]
  Mu (Asymmetry/Depth): [0.17318004 0.11194571 0.19092932 0.18126106 0.14008737 0.11467924
 0.12498507 0.12642975 0.11734302 0.18190892]
----------------------------------------
2025-06-21 09:50:52 INFO Run function 21 complete. FEHistory len: 10, AOCC: 0.0000
2025-06-21 09:50:52 INFO FeHistory: [210.14530368 296.55126513 254.55021932 298.07023178 234.4520281
 337.21619918 315.54883894 276.63931083 325.66623098 275.52872869]
2025-06-21 09:50:52 INFO Expected Optimum FE: -50
2025-06-21 09:50:52 INFO Unimodal AOCC mean: nan
2025-06-21 09:50:52 INFO Multimodal (single component) AOCC mean: 0.0000
2025-06-21 09:50:52 INFO Multimodal (multiple components) AOCC mean: 0.0000
2025-06-21 09:50:52 INFO AOCC mean: 0.0000
2025-06-21 09:50:52 INFO --- GNBG Problem Parameters for f11 ---
  Dimension: 30, MaxEvals: 500000
  Search Bounds: [-100, 100]
  Number of Components: 1
  Known Optimum Value: -118.075358
  Lambda (Curvature): [1]
  Mu (Asymmetry/Depth): [0.2 0.5]
----------------------------------------
2025-06-21 09:50:52 INFO Run function 11 complete. FEHistory len: 10, AOCC: 0.0000
2025-06-21 09:50:52 INFO FeHistory: [498517.04091708 184910.22682493 252940.5703428  194465.7412469
 194599.19165239 137025.92180746 182295.74353179 242480.86825583
 107481.06346583 205559.76364055]
2025-06-21 09:50:52 INFO Expected Optimum FE: -118.07535757360006
2025-06-21 09:50:52 INFO --- GNBG Problem Parameters for f21 ---
  Dimension: 30, MaxEvals: 1000000
  Search Bounds: [-100, 100]
  Number of Components: 5
  Known Optimum Value: -50.000000
  Lambda (Curvature): [0.5 0.5 0.5 0.5 0.5]
  Mu (Asymmetry/Depth): [0.17318004 0.11194571 0.19092932 0.18126106 0.14008737 0.11467924
 0.12498507 0.12642975 0.11734302 0.18190892]
----------------------------------------
2025-06-21 09:50:52 INFO Run function 21 complete. FEHistory len: 10, AOCC: 0.0000
2025-06-21 09:50:52 INFO FeHistory: [280.2030722  291.88008509 283.52269304 263.79542923 309.32040695
 249.83299674 301.88310014 290.61088279 286.84070951 333.80271363]
2025-06-21 09:50:52 INFO Expected Optimum FE: -50
2025-06-21 09:50:52 INFO Unimodal AOCC mean: nan
2025-06-21 09:50:52 INFO Multimodal (single component) AOCC mean: 0.0000
2025-06-21 09:50:52 INFO Multimodal (multiple components) AOCC mean: 0.0000
2025-06-21 09:50:52 INFO AOCC mean: 0.0000
2025-06-21 09:50:52 INFO --- GNBG Problem Parameters for f11 ---
  Dimension: 30, MaxEvals: 500000
  Search Bounds: [-100, 100]
  Number of Components: 1
  Known Optimum Value: -118.075358
  Lambda (Curvature): [1]
  Mu (Asymmetry/Depth): [0.2 0.5]
----------------------------------------
2025-06-21 09:50:52 INFO Run function 11 complete. FEHistory len: 10, AOCC: 0.0000
2025-06-21 09:50:52 INFO FeHistory: [264673.34409642 160817.4648051  295557.93742355 129570.51886902
 201178.62731849 206613.43159299 272130.18150064 442720.86889925
 275645.23397771 203411.53570845]
2025-06-21 09:50:52 INFO Expected Optimum FE: -118.07535757360006
2025-06-21 09:50:53 INFO --- GNBG Problem Parameters for f21 ---
  Dimension: 30, MaxEvals: 1000000
  Search Bounds: [-100, 100]
  Number of Components: 5
  Known Optimum Value: -50.000000
  Lambda (Curvature): [0.5 0.5 0.5 0.5 0.5]
  Mu (Asymmetry/Depth): [0.17318004 0.11194571 0.19092932 0.18126106 0.14008737 0.11467924
 0.12498507 0.12642975 0.11734302 0.18190892]
----------------------------------------
2025-06-21 09:50:53 INFO Run function 21 complete. FEHistory len: 10, AOCC: 0.0000
2025-06-21 09:50:53 INFO FeHistory: [279.0693654  299.91565474 294.95839868 258.76868066 321.24557596
 306.82286582 339.04736143 316.095711   309.17604488 339.18077783]
2025-06-21 09:50:53 INFO Expected Optimum FE: -50
2025-06-21 09:50:53 INFO Unimodal AOCC mean: nan
2025-06-21 09:50:53 INFO Multimodal (single component) AOCC mean: 0.0000
2025-06-21 09:50:53 INFO Multimodal (multiple components) AOCC mean: 0.0000
2025-06-21 09:50:53 INFO AOCC mean: 0.0000
2025-06-21 09:50:53 INFO --- GNBG Problem Parameters for f11 ---
  Dimension: 30, MaxEvals: 500000
  Search Bounds: [-100, 100]
  Number of Components: 1
  Known Optimum Value: -118.075358
  Lambda (Curvature): [1]
  Mu (Asymmetry/Depth): [0.2 0.5]
----------------------------------------
2025-06-21 09:50:53 INFO Run function 11 complete. FEHistory len: 10, AOCC: 0.0000
2025-06-21 09:50:53 INFO FeHistory: [275261.8328841  250821.6542098  115384.30309881 193402.27128721
 275139.33017218 169181.73118739 364307.08972299 134002.76561594
 227924.50483695 181937.5104321 ]
2025-06-21 09:50:53 INFO Expected Optimum FE: -118.07535757360006
2025-06-21 09:50:53 INFO --- GNBG Problem Parameters for f21 ---
  Dimension: 30, MaxEvals: 1000000
  Search Bounds: [-100, 100]
  Number of Components: 5
  Known Optimum Value: -50.000000
  Lambda (Curvature): [0.5 0.5 0.5 0.5 0.5]
  Mu (Asymmetry/Depth): [0.17318004 0.11194571 0.19092932 0.18126106 0.14008737 0.11467924
 0.12498507 0.12642975 0.11734302 0.18190892]
----------------------------------------
2025-06-21 09:50:53 INFO Run function 21 complete. FEHistory len: 10, AOCC: 0.0000
2025-06-21 09:50:53 INFO FeHistory: [311.49858063 286.15963223 279.5094771  270.03531855 292.59195551
 246.79114773 199.09680598 275.61251884 267.93001286 281.72942948]
2025-06-21 09:50:53 INFO Expected Optimum FE: -50
2025-06-21 09:50:53 INFO Unimodal AOCC mean: nan
2025-06-21 09:50:53 INFO Multimodal (single component) AOCC mean: 0.0000
2025-06-21 09:50:53 INFO Multimodal (multiple components) AOCC mean: 0.0000
2025-06-21 09:50:53 INFO AOCC mean: 0.0000
2025-06-21 09:51:18 INFO Started evolutionary loop, best so far: 0.0
2025-06-21 09:51:18 INFO --- Performing Long-Term Reflection at Generation 1 ---
2025-06-21 09:51:23 INFO Full response text: **Analysis:**

Comparing AdaptiveGaussianSamplingEA (best) vs AdaptiveMultimodalEvolutionaryStrategy (worst), we see that the best-performing algorithm uses a more sophisticated adaptive mutation strategy (Gaussian with decay) and tournament selection, while the worst uses a simpler adaptive mutation and does not explicitly manage selection pressure efficiently.  AdaptiveGaussianSamplingEA also incorporates a more robust recombination step compared to the simpler mutation scheme in the worst-performing algorithm.

AdaptiveMultimodalOptimizerImproved (second best) vs AdaptiveGaussianSamplingEAwithArchive (second worst) reveals that incorporating an archive to guide the search and maintain diversity is less effective compared to a strong adaptive Gaussian mutation strategy with tournament selection for these benchmark problems. AdaptiveMultimodalOptimizerImproved also employs a form of simulated annealing for local search improvement.


Comparing AdaptiveGaussianSamplingEA (1st) vs AdaptiveMultimodalOptimizerImproved (2nd), we see that while both are effective, AdaptiveGaussianSamplingEA's simpler yet well-tuned adaptive Gaussian approach seems to outperform the more complex simulated annealing strategy of AdaptiveMultimodalOptimizerImproved, at least on average across these benchmarks.


AdaptiveEnhancedArchiveGuidedDE (3rd) vs AdaptiveGaussianMutationDE (4th) shows that a carefully tuned archive-guided DE approach offers a better balance between exploration and exploitation than an adaptive Gaussian-perturbed DE, particularly in complex multimodal landscapes. The adaptive archive in EnhancedArchiveGuidedDE handles diversity more explicitly.


Comparing AdaptiveMultimodalEvolutionaryStrategy (second worst) vs AdaptiveMultimodalEvolutionaryStrategy (worst), we observe slight differences in the approach, but both lack the sophisticated adaptation mechanisms and structured selection pressures that characterize the top-performing heuristics.  The adaptation is less tuned and less robust.

Overall: The top-performing algorithms consistently leverage adaptive Gaussian mutation and tournament selection.  Successful strategies incorporate mechanisms for maintaining diversity, but the simplistic nature of a well-tuned adaptive Gaussian mutation appears to provide better overall performance on this specific benchmark set than more complex hybrid approaches.  The effectiveness of archives and sophisticated local search methods is less pronounced than anticipated.


**Experience:**

Prioritizing well-tuned, simple adaptive mechanisms (like Gaussian mutation with controlled variance decay) and robust selection (like tournament selection) is crucial.  Complex hybrid approaches don't always translate to superior performance.  Careful parameter tuning is vital to success.

2025-06-21 09:51:24 INFO Full response text: * **Keywords:**  Adaptive mechanisms, parameter tuning, selection pressure, simplicity.

* **Advice:** Focus on refining basic evolutionary operators. Experiment with different selection methods (e.g.,  rank-based selection) and mutation strategies (e.g., polynomial mutation) to find the best balance between exploration and exploitation.  Thorough parameter sweeps are essential.

* **Avoid:**  Overly complex hybrid algorithms, premature optimization, neglecting proper validation.

* **Explanation:**  Sophisticated algorithms aren't inherently better.  Start with simple, well-understood components.  Systematically explore the parameter space to find optimal settings before adding complexity. Rigorous testing on diverse datasets is key to assessing true performance improvements.

