2025-06-20 17:29:21 INFO Initializing first population
2025-06-20 17:29:21 INFO Initializing population from 4 seed files...
2025-06-20 17:29:21 INFO --- GNBG Problem Parameters for f4 ---
  Dimension: 30, MaxEvals: 500000
  Search Bounds: [-100, 100]
  Number of Components: 1
  Known Optimum Value: -382.620521
  Lambda (Curvature): [1]
  Mu (Asymmetry/Depth): [0 0]
----------------------------------------
2025-06-20 17:29:21 INFO Run function 4 complete. FEHistory len: 10, AOCC: 0.0000
2025-06-20 17:29:21 INFO FeHistory: [1193314.176159   1061943.67971943 1068896.11094858  908491.86926336
  754339.64651524 1105492.26030733  929693.76780297  805671.76156965
 1057952.55555146  993998.14111285]
2025-06-20 17:29:21 INFO Expected Optimum FE: -382.6205211774271
2025-06-20 17:29:21 INFO --- GNBG Problem Parameters for f7 ---
  Dimension: 30, MaxEvals: 500000
  Search Bounds: [-100, 100]
  Number of Components: 1
  Known Optimum Value: -912.857374
  Lambda (Curvature): [1]
  Mu (Asymmetry/Depth): [0.2 0.2]
----------------------------------------
2025-06-20 17:29:21 INFO Run function 7 complete. FEHistory len: 10, AOCC: 0.0000
2025-06-20 17:29:21 INFO FeHistory: [203873.45557629 162195.71844932 169120.07059409 155350.47748453
 217983.22177863 225566.41355759 180589.3350173  257482.84176304
 221415.96420748 249138.94299772]
2025-06-20 17:29:21 INFO Expected Optimum FE: -912.8573739743372
2025-06-20 17:29:21 INFO --- GNBG Problem Parameters for f8 ---
  Dimension: 30, MaxEvals: 500000
  Search Bounds: [-100, 100]
  Number of Components: 1
  Known Optimum Value: -656.788998
  Lambda (Curvature): [1]
  Mu (Asymmetry/Depth): [0.2 0.2]
----------------------------------------
2025-06-20 17:29:21 INFO Run function 8 complete. FEHistory len: 10, AOCC: 0.0000
2025-06-20 17:29:21 INFO FeHistory: [120842.16668718 124546.3405124  164210.14990167 120515.48332647
 171166.06694113 110330.78728139 164539.25876573 135635.05619985
 185430.84211601 164178.61040747]
2025-06-20 17:29:21 INFO Expected Optimum FE: -656.7889979935655
2025-06-20 17:29:21 INFO --- GNBG Problem Parameters for f24 ---
  Dimension: 30, MaxEvals: 1000000
  Search Bounds: [-100, 100]
  Number of Components: 5
  Known Optimum Value: -100.000000
  Lambda (Curvature): [0.25 0.25 0.25 0.25 0.25]
  Mu (Asymmetry/Depth): [0.44142637 0.27898903 0.25803028 0.21978833 0.39183826 0.42051979
 0.35740109 0.43165341 0.47744239 0.47234476]
----------------------------------------
2025-06-20 17:29:21 INFO Run function 24 complete. FEHistory len: 10, AOCC: 0.0000
2025-06-20 17:29:21 INFO FeHistory: [184.96269354 184.12885266 184.89670762 178.44352735 178.65825168
 187.62438117 153.893087   151.0342185  195.64655869 167.23868097]
2025-06-20 17:29:21 INFO Expected Optimum FE: -100
2025-06-20 17:29:21 INFO Multimodal (single component) AOCC mean: 0.0000
2025-06-20 17:29:21 INFO AOCC mean: 0.0000
2025-06-20 17:29:21 INFO --- GNBG Problem Parameters for f4 ---
  Dimension: 30, MaxEvals: 500000
  Search Bounds: [-100, 100]
  Number of Components: 1
  Known Optimum Value: -382.620521
  Lambda (Curvature): [1]
  Mu (Asymmetry/Depth): [0 0]
----------------------------------------
2025-06-20 17:29:21 ERROR Can not run the algorithm
2025-06-20 17:29:21 INFO Run function 4 complete. FEHistory len: 1, AOCC: 0.0000
2025-06-20 17:29:21 INFO FeHistory: [665512.06876919]
2025-06-20 17:29:21 INFO Expected Optimum FE: -382.6205211774271
2025-06-20 17:29:21 INFO --- GNBG Problem Parameters for f7 ---
  Dimension: 30, MaxEvals: 500000
  Search Bounds: [-100, 100]
  Number of Components: 1
  Known Optimum Value: -912.857374
  Lambda (Curvature): [1]
  Mu (Asymmetry/Depth): [0.2 0.2]
----------------------------------------
2025-06-20 17:29:21 ERROR Can not run the algorithm
2025-06-20 17:29:21 INFO Run function 7 complete. FEHistory len: 1, AOCC: 0.0000
2025-06-20 17:29:21 INFO FeHistory: [167931.8376354]
2025-06-20 17:29:21 INFO Expected Optimum FE: -912.8573739743372
2025-06-20 17:29:21 INFO --- GNBG Problem Parameters for f8 ---
  Dimension: 30, MaxEvals: 500000
  Search Bounds: [-100, 100]
  Number of Components: 1
  Known Optimum Value: -656.788998
  Lambda (Curvature): [1]
  Mu (Asymmetry/Depth): [0.2 0.2]
----------------------------------------
2025-06-20 17:29:21 ERROR Can not run the algorithm
2025-06-20 17:29:21 INFO Run function 8 complete. FEHistory len: 1, AOCC: 0.0000
2025-06-20 17:29:21 INFO FeHistory: [141599.77469899]
2025-06-20 17:29:21 INFO Expected Optimum FE: -656.7889979935655
2025-06-20 17:29:21 INFO --- GNBG Problem Parameters for f24 ---
  Dimension: 30, MaxEvals: 1000000
  Search Bounds: [-100, 100]
  Number of Components: 5
  Known Optimum Value: -100.000000
  Lambda (Curvature): [0.25 0.25 0.25 0.25 0.25]
  Mu (Asymmetry/Depth): [0.44142637 0.27898903 0.25803028 0.21978833 0.39183826 0.42051979
 0.35740109 0.43165341 0.47744239 0.47234476]
----------------------------------------
2025-06-20 17:29:21 ERROR Can not run the algorithm
2025-06-20 17:29:21 INFO Run function 24 complete. FEHistory len: 1, AOCC: 0.0000
2025-06-20 17:29:21 INFO FeHistory: [188.06994831]
2025-06-20 17:29:21 INFO Expected Optimum FE: -100
2025-06-20 17:29:21 INFO Multimodal (single component) AOCC mean: 0.0000
2025-06-20 17:29:21 INFO AOCC mean: 0.0000
2025-06-20 17:29:21 INFO --- GNBG Problem Parameters for f4 ---
  Dimension: 30, MaxEvals: 500000
  Search Bounds: [-100, 100]
  Number of Components: 1
  Known Optimum Value: -382.620521
  Lambda (Curvature): [1]
  Mu (Asymmetry/Depth): [0 0]
----------------------------------------
2025-06-20 17:29:21 INFO Run function 4 complete. FEHistory len: 10, AOCC: 0.0000
2025-06-20 17:29:21 INFO FeHistory: [747833.85076153 593348.16634483 559037.53398501 828972.84160309
 909131.14445711 859336.78430227 913284.7787971  885039.87577345
 521672.19953804 781837.99260511]
2025-06-20 17:29:21 INFO Expected Optimum FE: -382.6205211774271
2025-06-20 17:29:21 INFO --- GNBG Problem Parameters for f7 ---
  Dimension: 30, MaxEvals: 500000
  Search Bounds: [-100, 100]
  Number of Components: 1
  Known Optimum Value: -912.857374
  Lambda (Curvature): [1]
  Mu (Asymmetry/Depth): [0.2 0.2]
----------------------------------------
2025-06-20 17:29:21 INFO Run function 7 complete. FEHistory len: 10, AOCC: 0.0000
2025-06-20 17:29:21 INFO FeHistory: [217017.07713239 287157.82879356 149224.09282977 175759.98489293
 257588.2697735  198394.18235315 280867.47309074 243655.09786698
 153668.94963824 187523.59429784]
2025-06-20 17:29:21 INFO Expected Optimum FE: -912.8573739743372
2025-06-20 17:29:21 INFO --- GNBG Problem Parameters for f8 ---
  Dimension: 30, MaxEvals: 500000
  Search Bounds: [-100, 100]
  Number of Components: 1
  Known Optimum Value: -656.788998
  Lambda (Curvature): [1]
  Mu (Asymmetry/Depth): [0.2 0.2]
----------------------------------------
2025-06-20 17:29:21 INFO Run function 8 complete. FEHistory len: 10, AOCC: 0.0000
2025-06-20 17:29:21 INFO FeHistory: [108178.72153009 126208.61877998 134419.71133099 177167.60235563
 247675.62905176 248477.89361563 122520.15034821 199333.68521444
 126158.60283815 258607.06060213]
2025-06-20 17:29:21 INFO Expected Optimum FE: -656.7889979935655
2025-06-20 17:29:21 INFO --- GNBG Problem Parameters for f24 ---
  Dimension: 30, MaxEvals: 1000000
  Search Bounds: [-100, 100]
  Number of Components: 5
  Known Optimum Value: -100.000000
  Lambda (Curvature): [0.25 0.25 0.25 0.25 0.25]
  Mu (Asymmetry/Depth): [0.44142637 0.27898903 0.25803028 0.21978833 0.39183826 0.42051979
 0.35740109 0.43165341 0.47744239 0.47234476]
----------------------------------------
2025-06-20 17:29:21 INFO Run function 24 complete. FEHistory len: 10, AOCC: 0.0000
2025-06-20 17:29:21 INFO FeHistory: [167.18699424 183.84556229 180.85693421 169.73942069 199.4042464
 168.89289944 209.25215538 196.08156365 213.50345479 189.53561645]
2025-06-20 17:29:21 INFO Expected Optimum FE: -100
2025-06-20 17:29:21 INFO Multimodal (single component) AOCC mean: 0.0000
2025-06-20 17:29:21 INFO AOCC mean: 0.0000
2025-06-20 17:29:21 INFO --- GNBG Problem Parameters for f4 ---
  Dimension: 30, MaxEvals: 500000
  Search Bounds: [-100, 100]
  Number of Components: 1
  Known Optimum Value: -382.620521
  Lambda (Curvature): [1]
  Mu (Asymmetry/Depth): [0 0]
----------------------------------------
2025-06-20 17:29:21 INFO Run function 4 complete. FEHistory len: 10, AOCC: 0.0000
2025-06-20 17:29:21 INFO FeHistory: [ 990260.8831211   755912.78750645  852418.7805262   869640.58937584
  951504.85786319 1104534.5830969  1095927.58258521  645638.58463209
 1249774.80900749  984298.02370348]
2025-06-20 17:29:21 INFO Expected Optimum FE: -382.6205211774271
2025-06-20 17:29:21 INFO --- GNBG Problem Parameters for f7 ---
  Dimension: 30, MaxEvals: 500000
  Search Bounds: [-100, 100]
  Number of Components: 1
  Known Optimum Value: -912.857374
  Lambda (Curvature): [1]
  Mu (Asymmetry/Depth): [0.2 0.2]
----------------------------------------
2025-06-20 17:29:21 INFO Run function 7 complete. FEHistory len: 10, AOCC: 0.0000
2025-06-20 17:29:21 INFO FeHistory: [238381.03898869 224218.11552275 132266.52396685 202665.42304302
 195097.33276028 213653.57183889 239712.70005707 174154.33656354
 184926.12596605 269939.31028328]
2025-06-20 17:29:21 INFO Expected Optimum FE: -912.8573739743372
2025-06-20 17:29:21 INFO --- GNBG Problem Parameters for f8 ---
  Dimension: 30, MaxEvals: 500000
  Search Bounds: [-100, 100]
  Number of Components: 1
  Known Optimum Value: -656.788998
  Lambda (Curvature): [1]
  Mu (Asymmetry/Depth): [0.2 0.2]
----------------------------------------
2025-06-20 17:29:21 INFO Run function 8 complete. FEHistory len: 10, AOCC: 0.0000
2025-06-20 17:29:21 INFO FeHistory: [245425.26896432 223456.33772981 171159.30409519 200222.23894008
 170402.13170047 190212.07105575 254566.70398623 164336.28984938
 203244.93975388 170665.5059634 ]
2025-06-20 17:29:21 INFO Expected Optimum FE: -656.7889979935655
2025-06-20 17:29:21 INFO --- GNBG Problem Parameters for f24 ---
  Dimension: 30, MaxEvals: 1000000
  Search Bounds: [-100, 100]
  Number of Components: 5
  Known Optimum Value: -100.000000
  Lambda (Curvature): [0.25 0.25 0.25 0.25 0.25]
  Mu (Asymmetry/Depth): [0.44142637 0.27898903 0.25803028 0.21978833 0.39183826 0.42051979
 0.35740109 0.43165341 0.47744239 0.47234476]
----------------------------------------
2025-06-20 17:29:21 INFO Run function 24 complete. FEHistory len: 10, AOCC: 0.0000
2025-06-20 17:29:21 INFO FeHistory: [205.55339193 168.28370691 162.13980532 152.08031165 178.93916878
 195.19591792 202.19122433 179.10235039 162.78741044 202.84217621]
2025-06-20 17:29:21 INFO Expected Optimum FE: -100
2025-06-20 17:29:21 INFO Multimodal (single component) AOCC mean: 0.0000
2025-06-20 17:29:21 INFO AOCC mean: 0.0000
2025-06-20 17:29:21 INFO Started evolutionary loop, best so far: 0.0
2025-06-20 17:29:21 INFO --- Performing Long-Term Reflection at Generation 1 ---
2025-06-20 17:29:26 INFO Full response text: **Analysis:**

Comparing (best) AdaptiveGaussianSamplingEA vs (worst) AdaptiveGaussianMutationDE, we see that AdaptiveGaussianSamplingEA uses an adaptive Gaussian sampling for initialization, centered around a random point, leading to a more focused initial exploration of the search space.  AdaptiveGaussianMutationDE, on the other hand, uses a simple uniform random initialization, which is less effective in high-dimensional spaces.  AdaptiveGaussianSamplingEA also incorporates adaptive mutation and recombination strategies which are more sophisticated.  AdaptiveGaussianMutationDE's mutation is simpler and less targeted.

(second best) AdaptiveMultimodalOptimizerImproved vs (second worst) EnhancedArchiveGuidedDE: AdaptiveMultimodalOptimizerImproved employs a local search strategy coupled with adaptive perturbation, making it more robust to local optima. EnhancedArchiveGuidedDE uses an archive to guide the search but lacks the adaptive local search refinement. The archive mechanism is less effective than the local search in this context.


Comparing (1st) AdaptiveGaussianSamplingEA vs (2nd) AdaptiveMultimodalOptimizerImproved, we see that AdaptiveGaussianSamplingEA uses a population-based approach with selection, recombination, and adaptive mutation.  AdaptiveMultimodalOptimizerImproved is a single-solution approach using local search and simulated annealing, potentially less efficient in exploring a vast landscape. However, the local search helps to refine the solution.


(3rd) EnhancedArchiveGuidedDE vs (4th) AdaptiveGaussianMutationDE: EnhancedArchiveGuidedDE uses an archive to maintain diversity and guide the search.  AdaptiveGaussianMutationDE uses a simpler differential evolution strategy with Gaussian mutation.  The archive in EnhancedArchiveGuidedDE is more sophisticated than the simple mutation and selection in AdaptiveGaussianMutationDE.


Comparing (second worst) EnhancedArchiveGuidedDE vs (worst) AdaptiveGaussianMutationDE, we see that EnhancedArchiveGuidedDE uses an archive to retain good solutions found, aiming for better exploration.  AdaptiveGaussianMutationDE relies on a standard DE strategy, susceptible to premature convergence. The archive in EnhancedArchiveGuidedDE helps to avoid this. Overall: AdaptiveGaussianSamplingEA's adaptive Gaussian initialization and population-based approach, coupled with sophisticated operators, are key to its superior performance.  The local search in AdaptiveMultimodalOptimizerImproved proves beneficial, while the archive in EnhancedArchiveGuidedDE is a less effective mechanism than the population-based approaches.  AdaptiveGaussianMutationDE's simple random initialization and less-sophisticated operators cause its poor performance.


**Experience:**

Adaptive initialization strategies, coupled with population-based methods featuring adaptive operators, are crucial for effectively navigating high-dimensional search spaces.  Local search techniques enhance solution refinement but might not be as effective as population-based strategies in exploration.  Careful consideration of exploration-exploitation trade-offs through operator design is essential for better heuristics.

2025-06-20 17:29:26 INFO Generating offspring via Crossover...
