2025-06-21 17:02:08 INFO Initializing first population
2025-06-21 17:02:08 INFO Initializing population from 7 seed files...
2025-06-21 17:02:09 INFO --- GNBG Problem Parameters for f24 ---
  Dimension: 30, MaxEvals: 1000000
  Search Bounds: [-100, 100]
  Number of Components: 5
  Known Optimum Value: -100.000000
  Lambda (Curvature): [0.25 0.25 0.25 0.25 0.25]
  Mu (Asymmetry/Depth): [0.44142637 0.27898903 0.25803028 0.21978833 0.39183826 0.42051979
 0.35740109 0.43165341 0.47744239 0.47234476]
----------------------------------------
2025-06-21 17:02:25 INFO Run function 24 complete. FEHistory len: 70000, AOCC: 0.0248
2025-06-21 17:02:25 INFO FeHistory: [156.81452601 176.89526424 177.00592635 ... -51.50496828 -51.50496823
 -51.50496809]
2025-06-21 17:02:25 INFO Expected Optimum FE: -100
2025-06-21 17:02:25 INFO Good algorithm:
Algorithm Name: AdaptiveGaussianSamplingEA
import numpy as np

class AdaptiveGaussianSamplingEA:
    def __init__(self, budget: int, dim: int, lower_bounds: list[float], upper_bounds: list[float]):
        self.budget = int(budget)
        self.dim = int(dim)
        self.lower_bounds = np.array(lower_bounds, dtype=float)
        self.upper_bounds = np.array(upper_bounds, dtype=float)

        self.eval_count = 0
        self.best_solution_overall = None
        self.best_fitness_overall = float('inf')
        self.population_size = 100  # Adjust as needed
        self.population = None
        self.sigma = 0.2 * (self.upper_bounds - self.lower_bounds)  # Initial Standard Deviation for Gaussian Sampling

    def optimize(self, objective_function: callable, acceptance_threshold: float = 1e-8) -> tuple:
        self.eval_count = 0
        self.population = np.random.uniform(self.lower_bounds, self.upper_bounds, size=(self.population_size, self.dim))
        fitness_values = objective_function(self.population)
        self.eval_count += self.population_size

        self.best_solution_overall = self.population[np.argmin(fitness_values)]
        self.best_fitness_overall = np.min(fitness_values)

        while self.eval_count < self.budget:
            # Adaptive Gaussian Sampling
            parents = self.tournament_selection(fitness_values, k=5)  # Tournament Selection
            offspring = self.gaussian_mutation(parents, self.sigma)

            # Bounds handling
            offspring = np.clip(offspring, self.lower_bounds, self.upper_bounds)

            offspring_fitness = objective_function(offspring)
            self.eval_count += len(offspring)

            # Update population and best solution
            self.population = np.concatenate((self.population, offspring))
            fitness_values = np.concatenate((fitness_values, offspring_fitness))

            best_index = np.argmin(fitness_values)
            if fitness_values[best_index] < self.best_fitness_overall:
                self.best_solution_overall = self.population[best_index]
                self.best_fitness_overall = fitness_values[best_index]

            # Adaptive Sigma
            self.sigma *= 0.99  # Gradually reduce sigma for finer search later.

            # Elitism
            sorted_pop = self.population[np.argsort(fitness_values)]
            self.population = sorted_pop[:self.population_size]
            fitness_values = fitness_values[np.argsort(fitness_values)][:self.population_size]

        optimization_info = {
            'function_evaluations_used': self.eval_count,
            'final_best_fitness': self.best_fitness_overall
        }
        return self.best_solution_overall, self.best_fitness_overall, optimization_info

    def tournament_selection(self, fitnesses, k):
        num_parents = len(fitnesses) // 2  # Select half the population as parents
        parents = np.zeros((num_parents, self.dim))
        for i in range(num_parents):
            tournament = np.random.choice(len(fitnesses), size=k, replace=False)
            winner_index = tournament[np.argmin(fitnesses[tournament])]
            parents[i] = self.population[winner_index]
        return parents

    def gaussian_mutation(self, parents, sigma):
        offspring = parents + np.random.normal(0, sigma, parents.shape)
        return offspring

2025-06-21 17:02:25 INFO Unimodal AOCC mean: nan
2025-06-21 17:02:25 INFO Multimodal (single component) AOCC mean: nan
2025-06-21 17:02:25 INFO Multimodal (multiple components) AOCC mean: 0.0248
2025-06-21 17:02:25 INFO AOCC mean: 0.0248
2025-06-21 17:02:25 INFO --- GNBG Problem Parameters for f24 ---
  Dimension: 30, MaxEvals: 1000000
  Search Bounds: [-100, 100]
  Number of Components: 5
  Known Optimum Value: -100.000000
  Lambda (Curvature): [0.25 0.25 0.25 0.25 0.25]
  Mu (Asymmetry/Depth): [0.44142637 0.27898903 0.25803028 0.21978833 0.39183826 0.42051979
 0.35740109 0.43165341 0.47744239 0.47234476]
----------------------------------------
2025-06-21 17:02:44 INFO Run function 24 complete. FEHistory len: 70000, AOCC: 0.0287
2025-06-21 17:02:44 INFO FeHistory: [211.61900095 196.79218821 159.42965597 ... -64.17116057 -62.85705223
 -57.96123557]
2025-06-21 17:02:44 INFO Expected Optimum FE: -100
2025-06-21 17:02:44 INFO Good algorithm:
Algorithm Name: AdaptiveGaussianMutationDE
import numpy as np
import random

class AdaptiveGaussianMutationDE:
    def __init__(self, budget: int, dim: int, lower_bounds: list[float], upper_bounds: list[float]):
        self.budget = int(budget)
        self.dim = int(dim)
        self.lower_bounds = np.array(lower_bounds, dtype=float)
        self.upper_bounds = np.array(upper_bounds, dtype=float)

        self.eval_count = 0
        self.best_solution_overall = None
        self.best_fitness_overall = float('inf')
        self.population_size = 100  # Adjust as needed
        self.population = None
        self.fitness_values = None
        self.mutation_scale = 0.8 # Initial mutation scale
        self.mutation_scale_decay = 0.99 #decay factor for the mutation scale

    def optimize(self, objective_function: callable, acceptance_threshold: float = 1e-8) -> tuple:
        self.eval_count = 0
        self.population = self._initialize_population()
        self.fitness_values = self._evaluate_population(objective_function)

        self.best_solution_overall, self.best_fitness_overall = self._find_best(self.population,self.fitness_values)

        while self.eval_count < self.budget:
            new_population = []
            new_fitness_values = []

            for i in range(self.population_size):
                # Differential Mutation
                a, b, c = self._select_different(i)
                mutant = self.population[a] + self.mutation_scale * (self.population[b] - self.population[c])

                #Adaptive Gaussian perturbation to escape local optima
                mutant += np.random.normal(0, self.mutation_scale/2, self.dim)  

                #Clipping
                mutant = np.clip(mutant, self.lower_bounds, self.upper_bounds)

                #Crossover
                trial = np.where(np.random.rand(self.dim) < 0.5, mutant, self.population[i])

                #Selection
                trial_fitness = objective_function(trial.reshape(1, -1))[0]
                self.eval_count += 1
                if trial_fitness < self.fitness_values[i]:
                    new_population.append(trial)
                    new_fitness_values.append(trial_fitness)
                else:
                    new_population.append(self.population[i])
                    new_fitness_values.append(self.fitness_values[i])
                
                best_solution,best_fitness = self._find_best(np.array(new_population), np.array(new_fitness_values))
                if best_fitness < self.best_fitness_overall:
                    self.best_solution_overall = best_solution
                    self.best_fitness_overall = best_fitness


            self.population = np.array(new_population)
            self.fitness_values = np.array(new_fitness_values)
            self.mutation_scale *= self.mutation_scale_decay #Decay mutation scale

        optimization_info = {
            'function_evaluations_used': self.eval_count,
            'final_best_fitness': self.best_fitness_overall
        }
        return self.best_solution_overall, self.best_fitness_overall, optimization_info

    def _initialize_population(self):
        return np.random.uniform(self.lower_bounds, self.upper_bounds, size=(self.population_size, self.dim))

    def _evaluate_population(self, objective_function):
        population_reshaped = self.population.reshape(-1, self.dim)
        fitness = objective_function(population_reshaped)
        self.eval_count += self.population_size
        return fitness

    def _select_different(self, index):
        a, b, c = random.sample(range(self.population_size), 3)
        while a == index or b == index or c == index or a == b or a == c or b == c:
            a, b, c = random.sample(range(self.population_size), 3)
        return a, b, c

    def _find_best(self,population,fitness_values):
        best_index = np.argmin(fitness_values)
        return population[best_index], fitness_values[best_index]
2025-06-21 17:02:44 INFO Unimodal AOCC mean: nan
2025-06-21 17:02:44 INFO Multimodal (single component) AOCC mean: nan
2025-06-21 17:02:44 INFO Multimodal (multiple components) AOCC mean: 0.0287
2025-06-21 17:02:44 INFO AOCC mean: 0.0287
2025-06-21 17:02:44 INFO --- GNBG Problem Parameters for f24 ---
  Dimension: 30, MaxEvals: 1000000
  Search Bounds: [-100, 100]
  Number of Components: 5
  Known Optimum Value: -100.000000
  Lambda (Curvature): [0.25 0.25 0.25 0.25 0.25]
  Mu (Asymmetry/Depth): [0.44142637 0.27898903 0.25803028 0.21978833 0.39183826 0.42051979
 0.35740109 0.43165341 0.47744239 0.47234476]
----------------------------------------
2025-06-21 17:03:02 INFO Run function 24 complete. FEHistory len: 70000, AOCC: 0.0331
2025-06-21 17:03:02 INFO FeHistory: [164.93504219 188.78707755 224.2925834  ... -61.53231443 -61.53231445
 -61.53231443]
2025-06-21 17:03:02 INFO Expected Optimum FE: -100
2025-06-21 17:03:02 INFO Good algorithm:
Algorithm Name: AdaptiveGaussianSamplingEA
import numpy as np
class AdaptiveGaussianSamplingEA:
    def __init__(self, budget: int, dim: int, lower_bounds: list[float], upper_bounds: list[float]):
        self.budget = int(budget)
        self.dim = int(dim)
        self.lower_bounds = np.array(lower_bounds, dtype=float)
        self.upper_bounds = np.array(upper_bounds, dtype=float)

        self.eval_count = 0
        self.best_solution_overall = None
        self.best_fitness_overall = float('inf')
        self.population_size = 100  # Adjust as needed
        self.sigma = 0.2 * (self.upper_bounds - self.lower_bounds)  # Initial Gaussian width
        self.sigma_decay = 0.99 #Decay rate of sigma


    def optimize(self, objective_function: callable, acceptance_threshold: float = 1e-8) -> tuple:
        self.eval_count = 0
        self.best_solution_overall = np.random.uniform(self.lower_bounds, self.upper_bounds, self.dim)
        self.best_fitness_overall = objective_function(self.best_solution_overall.reshape(1, -1))[0]
        self.eval_count += 1

        population = self._initialize_population()
        fitness_values = objective_function(population)
        self.eval_count += self.population_size

        while self.eval_count < self.budget:
            # Selection (tournament selection)
            parents = self._tournament_selection(population, fitness_values)

            # Recombination (Gaussian perturbation)
            offspring = self._gaussian_recombination(parents)

            # Mutation (adjust sigma adaptively)
            offspring = self._adaptive_mutation(offspring)

            #Evaluation
            offspring_fitness = objective_function(offspring)
            self.eval_count += len(offspring)
            
            #Selection for next generation
            population, fitness_values = self._select_next_generation(population, fitness_values, offspring, offspring_fitness)

            # Update best solution
            self._update_best(offspring, offspring_fitness)
            self.sigma *= self.sigma_decay

        optimization_info = {
            'function_evaluations_used': self.eval_count,
            'final_best_fitness': self.best_fitness_overall
        }
        return self.best_solution_overall, self.best_fitness_overall, optimization_info


    def _initialize_population(self):
        #Adaptive Gaussian Sampling
        center = np.random.uniform(self.lower_bounds, self.upper_bounds, self.dim)
        population = np.random.normal(center, self.sigma, size=(self.population_size, self.dim))
        population = np.clip(population, self.lower_bounds, self.upper_bounds)
        return population

    def _tournament_selection(self, population, fitness_values):
        tournament_size = 5
        num_parents = self.population_size //2 #Binary Recombination

        selected_parents = []
        for _ in range(num_parents):
            tournament = np.random.choice(len(population), tournament_size, replace=False)
            winner_index = tournament[np.argmin(fitness_values[tournament])]
            selected_parents.append(population[winner_index])
        return np.array(selected_parents)


    def _gaussian_recombination(self, parents):
        offspring = []
        for i in range(0, len(parents), 2):
            parent1 = parents[i]
            parent2 = parents[i+1]
            child1 = (parent1 + parent2) / 2 + np.random.normal(0, self.sigma / 2, self.dim)
            child2 = (parent1 + parent2) / 2 + np.random.normal(0, self.sigma / 2, self.dim)
            offspring.extend([child1, child2])
        return np.clip(np.array(offspring), self.lower_bounds, self.upper_bounds)


    def _adaptive_mutation(self, offspring):
        #Simple Mutation, sigma is already updated
        offspring += np.random.normal(0, self.sigma, size=offspring.shape)
        return np.clip(offspring, self.lower_bounds, self.upper_bounds)

    def _select_next_generation(self, population, fitness_values, offspring, offspring_fitness):
        combined_pop = np.vstack((population, offspring))
        combined_fit = np.concatenate((fitness_values, offspring_fitness))
        
        sorted_indices = np.argsort(combined_fit)
        
        next_gen = combined_pop[sorted_indices[:self.population_size]]
        next_fit = combined_fit[sorted_indices[:self.population_size]]
        return next_gen, next_fit
    

    def _update_best(self, offspring, offspring_fitness):
        for i, fitness in enumerate(offspring_fitness):
            if fitness < self.best_fitness_overall:
                self.best_fitness_overall = fitness
                self.best_solution_overall = offspring[i]
2025-06-21 17:03:02 INFO Unimodal AOCC mean: nan
2025-06-21 17:03:02 INFO Multimodal (single component) AOCC mean: nan
2025-06-21 17:03:02 INFO Multimodal (multiple components) AOCC mean: 0.0331
2025-06-21 17:03:02 INFO AOCC mean: 0.0331
2025-06-21 17:03:02 INFO --- GNBG Problem Parameters for f24 ---
  Dimension: 30, MaxEvals: 1000000
  Search Bounds: [-100, 100]
  Number of Components: 5
  Known Optimum Value: -100.000000
  Lambda (Curvature): [0.25 0.25 0.25 0.25 0.25]
  Mu (Asymmetry/Depth): [0.44142637 0.27898903 0.25803028 0.21978833 0.39183826 0.42051979
 0.35740109 0.43165341 0.47744239 0.47234476]
----------------------------------------
2025-06-21 17:03:20 INFO Run function 24 complete. FEHistory len: 70000, AOCC: 0.0000
2025-06-21 17:03:20 INFO FeHistory: [186.2151185  242.57391215 173.96909887 ...  46.79573057  46.79573057
  46.79573057]
2025-06-21 17:03:20 INFO Expected Optimum FE: -100
2025-06-21 17:03:20 INFO Unimodal AOCC mean: nan
2025-06-21 17:03:20 INFO Multimodal (single component) AOCC mean: nan
2025-06-21 17:03:20 INFO Multimodal (multiple components) AOCC mean: 0.0000
2025-06-21 17:03:20 INFO AOCC mean: 0.0000
2025-06-21 17:03:20 INFO --- GNBG Problem Parameters for f24 ---
  Dimension: 30, MaxEvals: 1000000
  Search Bounds: [-100, 100]
  Number of Components: 5
  Known Optimum Value: -100.000000
  Lambda (Curvature): [0.25 0.25 0.25 0.25 0.25]
  Mu (Asymmetry/Depth): [0.44142637 0.27898903 0.25803028 0.21978833 0.39183826 0.42051979
 0.35740109 0.43165341 0.47744239 0.47234476]
----------------------------------------
2025-06-21 17:03:53 INFO Run function 24 complete. FEHistory len: 70000, AOCC: 0.0000
2025-06-21 17:03:53 INFO FeHistory: [201.67354766 198.7237232  201.67354766 ... 160.35086907 149.26718898
 157.22318212]
2025-06-21 17:03:53 INFO Expected Optimum FE: -100
2025-06-21 17:03:53 INFO Unimodal AOCC mean: nan
2025-06-21 17:03:53 INFO Multimodal (single component) AOCC mean: nan
2025-06-21 17:03:53 INFO Multimodal (multiple components) AOCC mean: 0.0000
2025-06-21 17:03:53 INFO AOCC mean: 0.0000
2025-06-21 17:03:53 INFO --- GNBG Problem Parameters for f24 ---
  Dimension: 30, MaxEvals: 1000000
  Search Bounds: [-100, 100]
  Number of Components: 5
  Known Optimum Value: -100.000000
  Lambda (Curvature): [0.25 0.25 0.25 0.25 0.25]
  Mu (Asymmetry/Depth): [0.44142637 0.27898903 0.25803028 0.21978833 0.39183826 0.42051979
 0.35740109 0.43165341 0.47744239 0.47234476]
----------------------------------------
2025-06-21 17:04:10 INFO Run function 24 complete. FEHistory len: 70000, AOCC: 0.0503
2025-06-21 17:04:10 INFO FeHistory: [215.13890312 195.9115288  197.35318237 ... -90.50007104 -88.71998828
 -89.07235976]
2025-06-21 17:04:10 INFO Expected Optimum FE: -100
2025-06-21 17:04:10 INFO Good algorithm:
Algorithm Name: EnhancedArchiveGuidedDE
import numpy as np
import random
class EnhancedArchiveGuidedDE:
    def __init__(self, budget: int, dim: int, lower_bounds: list[float], upper_bounds: list[float]):
        self.budget = int(budget)
        self.dim = int(dim)
        self.lower_bounds = np.array(lower_bounds, dtype=float)
        self.upper_bounds = np.array(upper_bounds, dtype=float)

        self.eval_count = 0
        self.best_solution_overall = None
        self.best_fitness_overall = float('inf')

        self.population_size = 10 * self.dim  # common heuristic
        self.archive_size = 100
        self.archive = []
        self.population = None
        self.F_scale = 0.5 #initial scaling factor


    def optimize(self, objective_function: callable, acceptance_threshold: float = 1e-8) -> tuple:
        self.eval_count = 0
        self.population = np.random.uniform(self.lower_bounds, self.upper_bounds, size=(self.population_size, self.dim))
        fitness = objective_function(self.population)
        self.eval_count += self.population_size

        self.best_solution_overall = self.population[np.argmin(fitness)]
        self.best_fitness_overall = np.min(fitness)

        while self.eval_count < self.budget:
            offspring = self.generate_offspring(self.population, fitness)
            offspring_fitness = objective_function(offspring)
            self.eval_count += len(offspring)

            # Update archive
            self.update_archive(offspring, offspring_fitness)

            # Select best solutions for next generation
            combined_population = np.concatenate((self.population, offspring))
            combined_fitness = np.concatenate((fitness, offspring_fitness))
            indices = np.argsort(combined_fitness)
            self.population = combined_population[indices[:self.population_size]]
            fitness = combined_fitness[indices[:self.population_size]]

            #Update best solution
            self.best_solution_overall = self.population[np.argmin(fitness)]
            self.best_fitness_overall = np.min(fitness)


        optimization_info = {
            'function_evaluations_used': self.eval_count,
            'final_best_fitness': self.best_fitness_overall,
            'archive_size': len(self.archive)
        }
        return self.best_solution_overall, self.best_fitness_overall, optimization_info

    def generate_offspring(self, population, fitness):
        offspring = np.zeros((self.population_size, self.dim))
        #Adaptive scaling factor
        self.F_scale = 0.5 + 0.3*np.random.rand() #scale factor with slight variation

        for i in range(self.population_size):
            # Select pbest from archive (if available)
            if self.archive:
                pbest_index = np.random.choice(len(self.archive))
                pbest = self.archive[pbest_index][0]
            else:
                pbest = population[np.argmin(fitness)]

            a, b, c = random.sample(range(self.population_size), 3)
            while a == i or b == i or c == i:
                a, b, c = random.sample(range(self.population_size), 3)

            offspring[i] = population[i] + self.F_scale * (pbest - population[i] + population[a] - population[b])
            offspring[i] = np.clip(offspring[i], self.lower_bounds, self.upper_bounds) #Boundary handling

        return offspring

    def update_archive(self, offspring, offspring_fitness):
        for i in range(len(offspring)):
            if len(self.archive) < self.archive_size:
                self.archive.append((offspring[i], offspring_fitness[i]))
            else:
                #Prioritize diversity in archive
                worst_index = np.argmax([f for _, f in self.archive])
                if offspring_fitness[i] < self.archive[worst_index][1] or len(self.archive) < self.archive_size * 0.8 :
                    self.archive[worst_index] = (offspring[i], offspring_fitness[i])
2025-06-21 17:04:10 INFO Unimodal AOCC mean: nan
2025-06-21 17:04:10 INFO Multimodal (single component) AOCC mean: nan
2025-06-21 17:04:10 INFO Multimodal (multiple components) AOCC mean: 0.0503
2025-06-21 17:04:10 INFO AOCC mean: 0.0503
2025-06-21 17:04:10 INFO --- GNBG Problem Parameters for f24 ---
  Dimension: 30, MaxEvals: 1000000
  Search Bounds: [-100, 100]
  Number of Components: 5
  Known Optimum Value: -100.000000
  Lambda (Curvature): [0.25 0.25 0.25 0.25 0.25]
  Mu (Asymmetry/Depth): [0.44142637 0.27898903 0.25803028 0.21978833 0.39183826 0.42051979
 0.35740109 0.43165341 0.47744239 0.47234476]
----------------------------------------
2025-06-21 17:05:10 INFO [TIMEOUT] Evaluation exceeded 60 seconds and was skipped.
2025-06-21 17:07:10 INFO Run function 24 complete. FEHistory len: 70000, AOCC: 0.0516
2025-06-21 17:07:10 INFO FeHistory: [233.08649034 212.1560356  217.59523116 ... -78.65378364 -78.65378335
 -78.65378369]
2025-06-21 17:07:10 INFO Expected Optimum FE: -100
2025-06-21 17:07:10 INFO Good algorithm:
Algorithm Name: AdaptiveGaussianSamplingEAwithArchive
import numpy as np
import random
class AdaptiveGaussianSamplingEAwithArchive:
    """
    Combines adaptive Gaussian sampling with an archive to enhance exploration and exploitation in multimodal landscapes.
    """
    def __init__(self, budget: int, dim: int, lower_bounds: list[float], upper_bounds: list[float]):
        self.budget = int(budget)
        self.dim = int(dim)
        self.lower_bounds = np.array(lower_bounds, dtype=float)
        self.upper_bounds = np.array(upper_bounds, dtype=float)

        self.eval_count = 0
        self.best_solution_overall = None
        self.best_fitness_overall = float('inf')
        self.population_size = 100
        self.archive_size = 200
        self.sigma = 0.2 * (self.upper_bounds - self.lower_bounds)
        self.sigma_decay = 0.99
        self.archive = []

    def optimize(self, objective_function: callable, acceptance_threshold: float = 1e-8) -> tuple:
        self.eval_count = 0
        self.best_solution_overall = np.random.uniform(self.lower_bounds, self.upper_bounds, self.dim)
        self.best_fitness_overall = objective_function(self.best_solution_overall.reshape(1, -1))[0]
        self.eval_count += 1

        population = self._initialize_population()
        fitness_values = objective_function(population)
        self.eval_count += self.population_size

        self.archive = self._update_archive(population, fitness_values)

        while self.eval_count < self.budget:
            parents = self._tournament_selection(population, fitness_values)
            offspring = self._gaussian_recombination(parents)
            offspring = self._adaptive_mutation(offspring)
            offspring_fitness = objective_function(offspring)
            self.eval_count += len(offspring)

            population, fitness_values = self._select_next_generation(
                population, fitness_values, offspring, offspring_fitness
            )

            self.archive = self._update_archive(
                np.vstack((population, offspring)),
                np.concatenate((fitness_values, offspring_fitness))
            )

            self._update_best(offspring, offspring_fitness)
            self.sigma *= self.sigma_decay

        optimization_info = {
            'function_evaluations_used': self.eval_count,
            'final_best_fitness': self.best_fitness_overall
        }

        return self.best_solution_overall, self.best_fitness_overall, optimization_info

    def _initialize_population(self):
        center = np.random.uniform(self.lower_bounds, self.upper_bounds, self.dim)
        population = np.random.normal(center, self.sigma, size=(self.population_size, self.dim))
        return np.clip(population, self.lower_bounds, self.upper_bounds)

    def _tournament_selection(self, population, fitness_values):
        tournament_size = 5
        num_parents = self.population_size // 2
        selected_parents = []

        for _ in range(num_parents):
            tournament = np.random.choice(len(population), tournament_size, replace=False)
            winner_index = tournament[np.argmin(fitness_values[tournament])]
            selected_parents.append(population[winner_index])

        return np.array(selected_parents)

    def _gaussian_recombination(self, parents):
        offspring = []

        for i in range(0, len(parents), 2):
            parent1 = parents[i]
            parent2 = parents[i + 1]
            midpoint = (parent1 + parent2) / 2
            child1 = midpoint + np.random.normal(0, self.sigma / 2, self.dim)
            child2 = midpoint + np.random.normal(0, self.sigma / 2, self.dim)
            offspring.extend([child1, child2])

        return np.clip(np.array(offspring), self.lower_bounds, self.upper_bounds)

    def _adaptive_mutation(self, offspring):
        mutated = offspring + np.random.normal(0, self.sigma, size=offspring.shape)
        return np.clip(mutated, self.lower_bounds, self.upper_bounds)

    def _select_next_generation(self, population, fitness_values, offspring, offspring_fitness):
        combined_pop = np.vstack((population, offspring))
        combined_fit = np.concatenate((fitness_values, offspring_fitness))
        sorted_indices = np.argsort(combined_fit)

        next_gen = combined_pop[sorted_indices[:self.population_size]]
        next_fit = combined_fit[sorted_indices[:self.population_size]]
        return next_gen, next_fit

    def _update_best(self, offspring, offspring_fitness):
        for i, fitness in enumerate(offspring_fitness):
            if fitness < self.best_fitness_overall:
                self.best_fitness_overall = fitness
                self.best_solution_overall = offspring[i]

    def _update_archive(self, population, fitness_values):
        combined = np.column_stack((population, fitness_values))
        new_archive = []

        for sol in combined:
            already_present = any(np.allclose(sol[:-1], arch[:-1], atol=1e-6) for arch in self.archive)
            if not already_present:
                new_archive.append(sol)

        new_archive.sort(key=lambda x: x[-1])
        return np.array(new_archive[:self.archive_size])
2025-06-21 17:07:10 INFO Unimodal AOCC mean: nan
2025-06-21 17:07:10 INFO Multimodal (single component) AOCC mean: nan
2025-06-21 17:07:10 INFO Multimodal (multiple components) AOCC mean: 0.0516
2025-06-21 17:07:10 INFO AOCC mean: 0.0516
2025-06-21 17:07:28 INFO Started evolutionary loop, best so far: 0.051636534292085576
2025-06-21 17:07:28 INFO Population length is: 20
2025-06-21 17:07:28 INFO --- Performing Long-Term Reflection at Generation 1 ---
2025-06-21 17:07:32 INFO Full response text: **Analysis:**

Comparing (best) AdaptiveGaussianSamplingEAwithArchive vs (worst) AdaptiveMultimodalOptimizerImproved, we see that the best utilizes an archive to maintain diversity and guide exploration, while the worst relies on a simple tabu list and lacks sophisticated mechanisms to escape local optima. AdaptiveGaussianSamplingEAwithArchive incorporates adaptive Gaussian sampling and tournament selection for effective balance between exploration and exploitation, unlike the less effective simulated annealing approach in AdaptiveMultimodalOptimizerImproved.  (second best) EnhancedArchiveGuidedDE vs (second worst) AdaptiveGaussianSamplingEA: EnhancedArchiveGuidedDE uses Differential Evolution, a powerful global search algorithm, combined with an archive for enhanced exploration.  AdaptiveGaussianSamplingEA relies solely on Gaussian mutation and lacks the robust global search capability of DE. Comparing (1st) vs (2nd), we see that AdaptiveGaussianSamplingEAwithArchive achieves better results than EnhancedArchiveGuidedDE, suggesting that the archive combined with Gaussian sampling is more effective for these benchmark functions than DE's global exploration, even with an archive. (3rd) AdaptiveGaussianSamplingEA vs (4th) AdaptiveGaussianMutationDE: Both use Gaussian mutation, but AdaptiveGaussianSamplingEA incorporates more sophisticated recombination and selection, leading to a better AOCC score. Comparing (second worst) AdaptiveGaussianSamplingEA vs (worst) AdaptiveMultimodalOptimizerImproved, we see that AdaptiveGaussianSamplingEA uses more advanced search strategies (Gaussian sampling, tournament selection) than AdaptiveMultimodalOptimizerImproved (simple local search and perturbation).  Overall: The top-performing algorithms leverage archives to maintain diversity, use adaptive mutation strategies, and incorporate effective selection mechanisms.  Algorithms without these features perform significantly worse.


**Experience:**

Developing effective population functions requires a balance of global exploration and local exploitation.  Adaptive mechanisms, archives, and sophisticated selection strategies are crucial for high-dimensional multimodal optimization.  Careful consideration of both the search strategy and the population management is key.

2025-06-21 17:07:34 INFO Full response text: * **Keywords:**  Exploration-exploitation balance, dimensionality, multimodal optimization, adaptive mechanisms, selection pressure.

* **Advice:**  Focus on quantifiable metrics (e.g., diversity, convergence rate) to assess algorithm performance.  Experiment with diverse selection methods (tournament, Pareto dominance) and population management techniques (crowding, niching).  Analyze the algorithm's behavior across different problem landscapes.

* **Avoid:**  Subjective evaluations; vague descriptions of "good" or "bad" performance.  Ignoring the impact of dimensionality on the search process.  Relying solely on a single selection or population management technique.

* **Explanation:**  Effective heuristics require rigorous testing and analysis, focusing on objective measures.  The balance between exploration and exploitation is crucial, and the choice of methods should be tailored to the specific problem characteristics and dimensionality.  Blindly applying techniques without careful consideration is likely to be ineffective.

2025-06-21 17:07:34 INFO Generating offspring via Crossover...
2025-06-21 17:07:43 INFO --- GNBG Problem Parameters for f24 ---
  Dimension: 30, MaxEvals: 1000000
  Search Bounds: [-100, 100]
  Number of Components: 5
  Known Optimum Value: -100.000000
  Lambda (Curvature): [0.25 0.25 0.25 0.25 0.25]
  Mu (Asymmetry/Depth): [0.44142637 0.27898903 0.25803028 0.21978833 0.39183826 0.42051979
 0.35740109 0.43165341 0.47744239 0.47234476]
----------------------------------------
