2025-06-23 16:04:24 INFO --- GNBG Problem Parameters for f24 ---
  Dimension: 30, MaxEvals: 1000000
  Search Bounds: [-100, 100]
  Number of Components: 5
  Known Optimum Value: -100.000000
  Lambda (Curvature): [0.25 0.25 0.25 0.25 0.25]
  Mu (Asymmetry/Depth): [0.44142637 0.27898903 0.25803028 0.21978833 0.39183826 0.42051979
 0.35740109 0.43165341 0.47744239 0.47234476]
----------------------------------------
2025-06-23 16:04:24 INFO --- GNBG Problem Parameters for f24 ---
  Dimension: 30, MaxEvals: 1000000
  Search Bounds: [-100, 100]
  Number of Components: 5
  Known Optimum Value: -100.000000
  Lambda (Curvature): [0.25 0.25 0.25 0.25 0.25]
  Mu (Asymmetry/Depth): [0.44142637 0.27898903 0.25803028 0.21978833 0.39183826 0.42051979
 0.35740109 0.43165341 0.47744239 0.47234476]
----------------------------------------
2025-06-23 16:04:24 INFO --- GNBG Problem Parameters for f24 ---
  Dimension: 30, MaxEvals: 1000000
  Search Bounds: [-100, 100]
  Number of Components: 5
  Known Optimum Value: -100.000000
  Lambda (Curvature): [0.25 0.25 0.25 0.25 0.25]
  Mu (Asymmetry/Depth): [0.44142637 0.27898903 0.25803028 0.21978833 0.39183826 0.42051979
 0.35740109 0.43165341 0.47744239 0.47234476]
----------------------------------------
2025-06-23 16:04:24 INFO --- GNBG Problem Parameters for f24 ---
  Dimension: 30, MaxEvals: 1000000
  Search Bounds: [-100, 100]
  Number of Components: 5
  Known Optimum Value: -100.000000
  Lambda (Curvature): [0.25 0.25 0.25 0.25 0.25]
  Mu (Asymmetry/Depth): [0.44142637 0.27898903 0.25803028 0.21978833 0.39183826 0.42051979
 0.35740109 0.43165341 0.47744239 0.47234476]
----------------------------------------
2025-06-23 16:04:24 INFO --- GNBG Problem Parameters for f24 ---
  Dimension: 30, MaxEvals: 1000000
  Search Bounds: [-100, 100]
  Number of Components: 5
  Known Optimum Value: -100.000000
  Lambda (Curvature): [0.25 0.25 0.25 0.25 0.25]
  Mu (Asymmetry/Depth): [0.44142637 0.27898903 0.25803028 0.21978833 0.39183826 0.42051979
 0.35740109 0.43165341 0.47744239 0.47234476]
----------------------------------------
2025-06-23 16:04:24 ERROR Can not run the algorithm
2025-06-23 16:04:24 ERROR Can not run the algorithm
2025-06-23 16:04:25 INFO Run function 24 complete. FEHistory len: 1, AOCC: 0.0000
2025-06-23 16:04:25 INFO FeHistory: [183.37773506]
2025-06-23 16:04:25 INFO Expected Optimum FE: -100
2025-06-23 16:04:25 INFO Unimodal AOCC mean: nan
2025-06-23 16:04:25 INFO Multimodal (single component) AOCC mean: nan
2025-06-23 16:04:25 INFO Multimodal (multiple components) AOCC mean: 0.0000
2025-06-23 16:04:25 INFO AOCC mean: 0.0000
2025-06-23 16:04:25 INFO Run function 24 complete. FEHistory len: 300, AOCC: 0.0000
2025-06-23 16:04:25 INFO FeHistory: [160.37300578 212.047965   164.01251825 164.50442293 208.57944107
 198.59183701 195.13133305 199.84035303 215.71634946 175.90033916
 159.38987262 186.42465904 149.4350884  162.06375462 186.53455414
 192.39628047 173.24098145 184.48179312 194.02210934 188.6897995
 188.70049581 204.95845228 158.78093208 208.28453589 214.94637473
 203.83501288 225.9003175  197.20241364 166.13809126 204.33555334
 237.97418769 180.42317004 204.99040505 202.79957102 140.46313646
 159.65867688 199.99750151 172.31296826 223.62325159 175.73189131
 205.74100695 184.69913767 189.1421651  163.0547101  167.97559756
 181.70438951 183.76393706 179.40591027 205.38641222 161.0490287
 175.06741243 178.77149737 202.95094441 176.25522461 203.71132276
 170.90694837 165.77624932 159.07882534 182.15511657 197.07149827
 177.43457798 163.93123932 163.88025104 184.80658435 205.2694494
 187.36261832 187.80510893 154.54663796 179.82491877 225.13053338
 191.4119818  219.95117367 190.21251529 213.09037283 169.24496996
 215.467473   197.01330249 198.74611313 214.35022096 180.62291083
 214.12965019 199.05917191 178.93294202 179.10398549 169.57763503
 188.68953533 187.25345758 203.02980416 203.64104544 171.33187576
 155.98255291 216.38749657 241.26518682 195.13551706 180.05100515
 199.3532491  210.29616977 180.11923399 189.75078159 191.11063583
 161.67580865 158.63763795 149.10278474 163.11014021 163.28625064
 156.00695441 160.28409095 153.94065716 159.81070176 157.0217459
 155.42474683 170.98833797 148.25882043 157.0766893  159.17720068
 160.71167194 164.59574458 141.17250146 141.48479279 139.56027612
 153.79609769 141.57949074 159.73888597 144.10297759 162.88879647
 166.49985646 161.21873876 150.13098362 150.88031917 149.91587163
 157.77143356 148.12466517 137.74883842 150.38779561 157.98962346
 163.09762121 148.78816895 161.11241482 160.1934584  158.60028532
 159.84852681 155.09942544 161.93504411 168.58186648 165.33307555
 168.99604199 156.34460151 160.66924124 160.73461578 151.15849591
 162.82415888 160.07615804 159.66057227 157.59110371 149.88172285
 150.88214989 155.21143477 158.37449178 161.14314371 158.90004802
 160.57591283 159.35787522 152.76501218 157.25976143 157.87165212
 153.28111139 150.43612467 149.58830592 150.1620004  161.47357858
 140.43298322 156.28689121 161.66896264 162.71856786 162.33844241
 164.83690526 162.31884988 158.39728266 151.97727725 169.67469779
 147.1921902  160.23807189 156.44023988 151.74362206 146.3208889
 160.14261938 163.80496935 160.77081269 152.31270794 165.33690201
 149.16638567 155.28955646 156.78436522 153.12996211 160.26215118
 164.25974978 149.52669678 162.69575887 161.83960685 165.00077541
 147.18617298 147.09810733 139.18095077 138.20066863 143.8130351
 146.8617587  139.72560125 149.98346893 145.21855789 148.39503675
 148.64551815 136.08542993 141.79167983 143.2698528  142.67038768
 148.85571749 145.11180991 147.10839496 141.80550103 142.04045052
 143.5041395  139.33752382 145.75195786 144.3538642  142.68027049
 141.74584101 139.68219395 140.43610004 141.96308737 138.67021315
 144.18854382 144.48129197 139.54344255 138.90083767 143.50345762
 141.20694982 147.3973672  141.72166386 145.56575524 138.07353675
 146.41961377 144.94590941 135.48025175 150.31742793 137.05523161
 139.46658408 143.36997122 142.96701829 136.731706   138.46548729
 138.69228472 141.75477455 139.3004966  143.68779823 144.96933006
 137.79676141 134.55605545 137.63287167 145.55015269 136.83371266
 141.14802016 143.57973496 140.24043466 146.31627358 138.19758897
 146.06193769 145.26577698 147.00977898 137.07078298 147.40077314
 139.70226711 138.31691558 141.06414028 140.93493136 147.67851503
 149.77144303 143.27987614 139.9033939  147.73315026 141.54799843
 141.04071902 136.22089328 141.65314346 146.8989505  144.66710173
 146.27039866 146.4364442  143.66362755 140.74109924 144.52026623
 139.5338682  137.18919143 138.21187742 140.71635036 139.65879176
 139.92448841 143.03419579 145.49629343 142.97395871 140.42884879]
2025-06-23 16:04:25 INFO Expected Optimum FE: -100
2025-06-23 16:04:25 INFO Unimodal AOCC mean: nan
2025-06-23 16:04:25 INFO Multimodal (single component) AOCC mean: nan
2025-06-23 16:04:25 INFO Multimodal (multiple components) AOCC mean: 0.0000
2025-06-23 16:04:25 INFO AOCC mean: 0.0000
2025-06-23 16:04:25 INFO --- GNBG Problem Parameters for f24 ---
  Dimension: 30, MaxEvals: 1000000
  Search Bounds: [-100, 100]
  Number of Components: 5
  Known Optimum Value: -100.000000
  Lambda (Curvature): [0.25 0.25 0.25 0.25 0.25]
  Mu (Asymmetry/Depth): [0.44142637 0.27898903 0.25803028 0.21978833 0.39183826 0.42051979
 0.35740109 0.43165341 0.47744239 0.47234476]
----------------------------------------
2025-06-23 16:04:25 INFO --- GNBG Problem Parameters for f24 ---
  Dimension: 30, MaxEvals: 1000000
  Search Bounds: [-100, 100]
  Number of Components: 5
  Known Optimum Value: -100.000000
  Lambda (Curvature): [0.25 0.25 0.25 0.25 0.25]
  Mu (Asymmetry/Depth): [0.44142637 0.27898903 0.25803028 0.21978833 0.39183826 0.42051979
 0.35740109 0.43165341 0.47744239 0.47234476]
----------------------------------------
2025-06-23 16:04:25 ERROR Can not run the algorithm
2025-06-23 16:04:25 INFO Run function 24 complete. FEHistory len: 238, AOCC: 0.0000
2025-06-23 16:04:25 INFO FeHistory: [240.7716837  239.89139464 259.4234632  218.85005874 217.45354926
 178.36727189 204.80028405 217.26645521 186.63188391 170.54682413
 211.26290481 198.42849756 217.34077167 175.18762049 200.39715653
 170.49654032 157.55441914 204.57377809 208.91235052 204.90410826
 197.61843656 183.92085589 189.29431712 222.35254061 225.01448599
 205.89888499 175.04494591 220.04707228 108.03775136 202.26334961
 215.43938946 146.85026816 180.09343372 221.75426256 226.81710483
 199.70344187 190.85844205 176.51484785 187.03460492 221.25814939
 189.53489808 188.11673845 186.16156253 159.32591212 171.8283181
 233.06701943 186.86317199 177.82223084 181.13940743 181.94629864
 221.78019078 174.99786214 200.43927257 133.1673337  183.16769743
 174.01910429 180.55247991 159.92607885 170.39962309 166.64635339
 167.63243385 166.67116306 193.72703676 177.13053264 169.78917644
 181.45737774 166.81824917 191.99475867 170.34083016 186.16414772
 178.96629706 154.4378534  170.48018494 203.806891   145.27517441
 168.22415691 155.81522484 200.26228638 161.29770399 178.20735982
 175.42886443 154.79204383 175.96663781 131.81767248 152.94162731
 179.06519878 152.69918977 173.32675288 158.68984538 149.12529933
 171.55793823 175.96637167 190.43141622 200.68996246 140.15269342
 177.93846497 173.31098173 125.51691611 132.22612373 162.95005664
 121.98563702 132.21667036 152.6653786  158.03642315 156.88938653
 166.6736838  197.41520947 163.139529   169.01310701 154.85156788
 139.68024348 140.63384855 173.46804201 124.55426934 134.25988571
 183.02849861 150.57441016 172.09422178 149.36387798 141.32280345
 136.29183223 129.72122286 130.56178509 129.26352548 142.3344145
 148.70937362 152.68050109 129.63199742 147.26404514 124.93386923
 128.42327497 141.04410847 147.17872668 161.12272745 119.31314312
 184.9728629  135.44049587 145.21105339 139.59015061 145.47450488
 116.94383401 137.85350613 111.39569785 127.63927528 124.64033952
 176.92533843 129.19845433 107.02123771 143.05522219 150.39009814
 114.07819391 115.63573311 120.20155859 126.01039674 110.05156872
 110.83595359 135.16614139 117.50716139 113.46588961 116.7303162
 132.35380131 153.85566584 114.50823469 118.16196301 135.07863813
 156.90224038 116.22592695 112.0446866   96.18303775 109.7096475
 120.47783931 134.62172002 115.388116    90.02240596  95.50319414
 110.74361267 126.20897276 132.87138246 117.98744592 117.94306998
 148.2768713  130.12894226 115.4025809   99.67764551 106.17246872
 105.11895784 104.0368412  140.45524506 137.46931463 130.6863838
 101.2381541  103.81029245  84.03495915  99.24428583 125.02160042
  85.9791128  130.59850617 110.78365444 129.26244025 113.84652461
 121.03306324 110.40232982  87.14985403  81.15968056  89.44138349
 107.28180312 140.26456937 110.53764943 105.65715151  78.84021776
  75.74490979  98.63529789  94.99073954  97.45314577  89.0933172
 130.61568958 101.96392748  88.24848588  93.5284588  136.31467056
  71.63290688  91.23356596  86.58177138  86.86667203  80.40053153
  90.67661145 111.42454267  86.82719405  61.99248694  90.72253719
  73.6958097   96.43020287  79.08466528  77.16543307  97.0560537
  88.12041049  82.24132194  71.4911587 ]
2025-06-23 16:04:25 INFO Expected Optimum FE: -100
2025-06-23 16:04:25 INFO Unimodal AOCC mean: nan
2025-06-23 16:04:25 INFO Multimodal (single component) AOCC mean: nan
2025-06-23 16:04:25 INFO Multimodal (multiple components) AOCC mean: 0.0000
2025-06-23 16:04:25 INFO AOCC mean: 0.0000
2025-06-23 16:04:25 INFO --- GNBG Problem Parameters for f24 ---
  Dimension: 30, MaxEvals: 1000000
  Search Bounds: [-100, 100]
  Number of Components: 5
  Known Optimum Value: -100.000000
  Lambda (Curvature): [0.25 0.25 0.25 0.25 0.25]
  Mu (Asymmetry/Depth): [0.44142637 0.27898903 0.25803028 0.21978833 0.39183826 0.42051979
 0.35740109 0.43165341 0.47744239 0.47234476]
----------------------------------------
2025-06-23 16:05:11 INFO Run function 24 complete. FEHistory len: 150000, AOCC: 0.0000
2025-06-23 16:05:11 INFO FeHistory: [181.1935014  183.44379184 182.29647934 ... 181.91119029 181.91119029
 181.91119029]
2025-06-23 16:05:11 INFO Expected Optimum FE: -100
2025-06-23 16:05:11 INFO Unimodal AOCC mean: nan
2025-06-23 16:05:11 INFO Multimodal (single component) AOCC mean: nan
2025-06-23 16:05:11 INFO Multimodal (multiple components) AOCC mean: 0.0000
2025-06-23 16:05:11 INFO AOCC mean: 0.0000
2025-06-23 16:05:11 INFO --- GNBG Problem Parameters for f24 ---
  Dimension: 30, MaxEvals: 1000000
  Search Bounds: [-100, 100]
  Number of Components: 5
  Known Optimum Value: -100.000000
  Lambda (Curvature): [0.25 0.25 0.25 0.25 0.25]
  Mu (Asymmetry/Depth): [0.44142637 0.27898903 0.25803028 0.21978833 0.39183826 0.42051979
 0.35740109 0.43165341 0.47744239 0.47234476]
----------------------------------------
2025-06-23 16:05:12 INFO Run function 24 complete. FEHistory len: 150000, AOCC: 0.0404
2025-06-23 16:05:12 INFO FeHistory: [188.11916156 145.99378883 188.26154779 ... -74.27710307 -74.28141687
 -74.03646201]
2025-06-23 16:05:12 INFO Expected Optimum FE: -100
2025-06-23 16:05:12 INFO Unimodal AOCC mean: nan
2025-06-23 16:05:12 INFO Multimodal (single component) AOCC mean: nan
2025-06-23 16:05:12 INFO Multimodal (multiple components) AOCC mean: 0.0404
2025-06-23 16:05:12 INFO AOCC mean: 0.0404
2025-06-23 16:05:12 INFO --- GNBG Problem Parameters for f24 ---
  Dimension: 30, MaxEvals: 1000000
  Search Bounds: [-100, 100]
  Number of Components: 5
  Known Optimum Value: -100.000000
  Lambda (Curvature): [0.25 0.25 0.25 0.25 0.25]
  Mu (Asymmetry/Depth): [0.44142637 0.27898903 0.25803028 0.21978833 0.39183826 0.42051979
 0.35740109 0.43165341 0.47744239 0.47234476]
----------------------------------------
2025-06-23 16:05:13 INFO Run function 24 complete. FEHistory len: 150000, AOCC: 0.0000
2025-06-23 16:05:13 INFO FeHistory: [165.18745274 198.31289422 150.32979812 ... 149.99031585 143.59844822
 142.21135658]
2025-06-23 16:05:13 INFO Expected Optimum FE: -100
2025-06-23 16:05:13 INFO Unimodal AOCC mean: nan
2025-06-23 16:05:13 INFO Multimodal (single component) AOCC mean: nan
2025-06-23 16:05:13 INFO Multimodal (multiple components) AOCC mean: 0.0000
2025-06-23 16:05:13 INFO AOCC mean: 0.0000
2025-06-23 16:05:13 INFO --- GNBG Problem Parameters for f24 ---
  Dimension: 30, MaxEvals: 1000000
  Search Bounds: [-100, 100]
  Number of Components: 5
  Known Optimum Value: -100.000000
  Lambda (Curvature): [0.25 0.25 0.25 0.25 0.25]
  Mu (Asymmetry/Depth): [0.44142637 0.27898903 0.25803028 0.21978833 0.39183826 0.42051979
 0.35740109 0.43165341 0.47744239 0.47234476]
----------------------------------------
2025-06-23 16:05:14 INFO Run function 24 complete. FEHistory len: 150000, AOCC: 0.0000
2025-06-23 16:05:14 INFO FeHistory: [207.04283779 194.56515548 184.53163673 ...  81.94487178  85.3203613
  72.26009983]
2025-06-23 16:05:14 INFO Expected Optimum FE: -100
2025-06-23 16:05:14 INFO Unimodal AOCC mean: nan
2025-06-23 16:05:14 INFO Multimodal (single component) AOCC mean: nan
2025-06-23 16:05:14 INFO Multimodal (multiple components) AOCC mean: 0.0000
2025-06-23 16:05:14 INFO AOCC mean: 0.0000
2025-06-23 16:05:14 INFO --- GNBG Problem Parameters for f24 ---
  Dimension: 30, MaxEvals: 1000000
  Search Bounds: [-100, 100]
  Number of Components: 5
  Known Optimum Value: -100.000000
  Lambda (Curvature): [0.25 0.25 0.25 0.25 0.25]
  Mu (Asymmetry/Depth): [0.44142637 0.27898903 0.25803028 0.21978833 0.39183826 0.42051979
 0.35740109 0.43165341 0.47744239 0.47234476]
----------------------------------------
2025-06-23 16:05:19 INFO Run function 24 complete. FEHistory len: 150000, AOCC: 0.0000
2025-06-23 16:05:19 INFO FeHistory: [216.73352779 203.21176919 218.65342125 ... 204.00050434 141.11852411
 204.00050434]
2025-06-23 16:05:19 INFO Expected Optimum FE: -100
2025-06-23 16:05:19 INFO Unimodal AOCC mean: nan
2025-06-23 16:05:19 INFO Multimodal (single component) AOCC mean: nan
2025-06-23 16:05:19 INFO Multimodal (multiple components) AOCC mean: 0.0000
2025-06-23 16:05:19 INFO AOCC mean: 0.0000
2025-06-23 16:05:57 INFO Run function 24 complete. FEHistory len: 150000, AOCC: 0.0000
2025-06-23 16:05:57 INFO FeHistory: [153.72827255 210.1989798  204.8307054  ... 105.5061997  105.5061997
 105.5061997 ]
2025-06-23 16:05:57 INFO Expected Optimum FE: -100
2025-06-23 16:05:57 INFO Unimodal AOCC mean: nan
2025-06-23 16:05:57 INFO Multimodal (single component) AOCC mean: nan
2025-06-23 16:05:57 INFO Multimodal (multiple components) AOCC mean: 0.0000
2025-06-23 16:05:57 INFO AOCC mean: 0.0000
2025-06-23 16:05:57 INFO Run function 24 complete. FEHistory len: 150000, AOCC: 0.0000
2025-06-23 16:05:57 INFO FeHistory: [201.2207532  206.34564276 232.30687011 ... 249.08018652 259.42472609
 235.24691502]
2025-06-23 16:05:57 INFO Expected Optimum FE: -100
2025-06-23 16:05:57 INFO Unimodal AOCC mean: nan
2025-06-23 16:05:57 INFO Multimodal (single component) AOCC mean: nan
2025-06-23 16:05:57 INFO Multimodal (multiple components) AOCC mean: 0.0000
2025-06-23 16:05:57 INFO AOCC mean: 0.0000
2025-06-23 16:06:01 INFO Run function 24 complete. FEHistory len: 150000, AOCC: 0.0000
2025-06-23 16:06:01 INFO FeHistory: [167.03483575 168.05557965 193.5819912  ... 136.19789953 113.42157869
 112.89582642]
2025-06-23 16:06:01 INFO Expected Optimum FE: -100
2025-06-23 16:06:01 INFO Unimodal AOCC mean: nan
2025-06-23 16:06:01 INFO Multimodal (single component) AOCC mean: nan
2025-06-23 16:06:01 INFO Multimodal (multiple components) AOCC mean: 0.0000
2025-06-23 16:06:01 INFO AOCC mean: 0.0000
2025-06-23 16:06:01 INFO Run function 24 complete. FEHistory len: 150000, AOCC: 0.0000
2025-06-23 16:06:01 INFO FeHistory: [167.0902695  190.45339555 201.90266529 ...  97.50993985  48.81261116
  39.31146507]
2025-06-23 16:06:01 INFO Expected Optimum FE: -100
2025-06-23 16:06:01 INFO Unimodal AOCC mean: nan
2025-06-23 16:06:01 INFO Multimodal (single component) AOCC mean: nan
2025-06-23 16:06:01 INFO Multimodal (multiple components) AOCC mean: 0.0000
2025-06-23 16:06:01 INFO AOCC mean: 0.0000
2025-06-23 16:07:43 INFO --- GNBG Problem Parameters for f24 ---
  Dimension: 30, MaxEvals: 1000000
  Search Bounds: [-100, 100]
  Number of Components: 5
  Known Optimum Value: -100.000000
  Lambda (Curvature): [0.25 0.25 0.25 0.25 0.25]
  Mu (Asymmetry/Depth): [0.44142637 0.27898903 0.25803028 0.21978833 0.39183826 0.42051979
 0.35740109 0.43165341 0.47744239 0.47234476]
----------------------------------------
2025-06-23 16:07:43 INFO --- GNBG Problem Parameters for f24 ---
  Dimension: 30, MaxEvals: 1000000
  Search Bounds: [-100, 100]
  Number of Components: 5
  Known Optimum Value: -100.000000
  Lambda (Curvature): [0.25 0.25 0.25 0.25 0.25]
  Mu (Asymmetry/Depth): [0.44142637 0.27898903 0.25803028 0.21978833 0.39183826 0.42051979
 0.35740109 0.43165341 0.47744239 0.47234476]
----------------------------------------
2025-06-23 16:07:43 INFO --- GNBG Problem Parameters for f24 ---
  Dimension: 30, MaxEvals: 1000000
  Search Bounds: [-100, 100]
  Number of Components: 5
  Known Optimum Value: -100.000000
  Lambda (Curvature): [0.25 0.25 0.25 0.25 0.25]
  Mu (Asymmetry/Depth): [0.44142637 0.27898903 0.25803028 0.21978833 0.39183826 0.42051979
 0.35740109 0.43165341 0.47744239 0.47234476]
----------------------------------------
2025-06-23 16:07:43 INFO --- GNBG Problem Parameters for f24 ---
  Dimension: 30, MaxEvals: 1000000
  Search Bounds: [-100, 100]
  Number of Components: 5
  Known Optimum Value: -100.000000
  Lambda (Curvature): [0.25 0.25 0.25 0.25 0.25]
  Mu (Asymmetry/Depth): [0.44142637 0.27898903 0.25803028 0.21978833 0.39183826 0.42051979
 0.35740109 0.43165341 0.47744239 0.47234476]
----------------------------------------
2025-06-23 16:07:43 INFO --- GNBG Problem Parameters for f24 ---
  Dimension: 30, MaxEvals: 1000000
  Search Bounds: [-100, 100]
  Number of Components: 5
  Known Optimum Value: -100.000000
  Lambda (Curvature): [0.25 0.25 0.25 0.25 0.25]
  Mu (Asymmetry/Depth): [0.44142637 0.27898903 0.25803028 0.21978833 0.39183826 0.42051979
 0.35740109 0.43165341 0.47744239 0.47234476]
----------------------------------------
2025-06-23 16:07:43 ERROR Can not run the algorithm
2025-06-23 16:07:44 INFO Run function 24 complete. FEHistory len: 300, AOCC: 0.0000
2025-06-23 16:07:44 INFO FeHistory: [188.84360705 139.37537149 184.3593616  161.56014132 203.70203043
 177.2217728  200.68802448 193.58332177 201.99837811 207.75668062
 166.86353237 173.57324696 176.44401321 179.37060352 210.19563052
 184.99860197 157.26716638 174.52747958 169.09080857 211.28438115
 186.40024169 172.30782984 176.13215954 194.95760841 166.05311562
 178.98799808 176.62438421 189.79695108 191.13474426 199.13947245
 201.57983913 183.6623537  214.51707125 186.88147817 187.77269754
 199.87932917 191.60785695 200.71125017 174.68584915 191.91341244
 187.66925629 157.44583488 198.96967149 194.18041166 188.25987581
 205.75034406 194.23198548 185.01951713 218.84089346 170.05225942
 214.55261285 202.65019559 143.40006155 201.09422453 176.40775904
 179.38423989 164.9675464  165.23998723 208.33445815 174.47916238
 185.26767315 201.01834712 191.11078677 168.19810969 189.70788609
 195.85989387 198.69133062 185.6739297  185.68862367 191.38338978
 196.10070887 176.76490702 197.81476639 154.94884933 221.53389725
 182.41961122 173.86900326 210.10892581 195.43839558 216.16086133
 178.80769315 189.60001716 190.39080455 176.50994797 179.20419512
 236.57032098 191.03021261 199.76400903 191.1510944  200.43568206
 188.24712305 190.20052984 230.07459004 165.92014722 177.24473412
 220.66244607 208.81674952 181.04209517 192.74154634 206.58776773
 188.84360705 139.37537149 184.3593616  161.56014132 203.70203043
 177.2217728  200.68802448 193.58332177 201.99837811 207.75668062
 166.86353237 173.57324696 176.44401321 179.37060352 210.19563052
 184.99860197 157.26716638 174.52747958 169.09080857 211.28438115
 186.40024169 172.30782984 176.13215954 194.95760841 166.05311562
 178.98799808 176.62438421 189.79695108 191.13474426 199.13947245
 201.57983913 183.6623537  214.51707125 186.88147817 187.77269754
 199.87932917 191.60785695 200.71125017 174.68584915 191.91341244
 187.66925629 157.44583488 198.96967149 194.18041166 188.25987581
 205.75034406 194.23198548 185.01951713 218.84089346 170.05225942
 214.55261285 202.65019559 143.40006155 201.09422453 176.40775904
 179.38423989 164.9675464  165.23998723 208.33445815 174.47916238
 185.26767315 201.01834712 191.11078677 168.19810969 189.70788609
 195.85989387 198.69133062 185.6739297  185.68862367 191.38338978
 196.10070887 176.76490702 197.81476639 154.94884933 221.53389725
 182.41961122 173.86900326 210.10892581 195.43839558 216.16086133
 178.80769315 189.60001716 190.39080455 176.50994797 179.20419512
 236.57032098 191.03021261 199.76400903 191.1510944  200.43568206
 188.24712305 190.20052984 230.07459004 165.92014722 177.24473412
 220.66244607 208.81674952 181.04209517 192.74154634 206.58776773
 139.37537149 132.1111091  222.76743417 143.40006155 154.94884933
 158.15656747 157.26716638 204.85558297 158.04764243 157.44583488
 199.17998885 161.56014132 164.9675464  228.08468479 165.23998723
 164.6661517  165.92014722 233.21555474 166.05311562 243.81371113
 209.04918505 166.86353237 198.46896402 168.19810969 169.09080857
 201.08114174 158.01867262 170.05225942 172.30782984 192.3537538
 173.57324696 184.84787221 173.86900326 208.02494309 183.76917884
 174.47916238 174.52747958 189.71708405 174.68584915 196.72827331
 177.26935179 176.13215954 192.36727715 176.40775904 176.44401321
 236.35437935 217.3048415  176.50994797 148.96767702 176.62438421
 211.43829007 176.76490702 186.37250593 177.2217728  187.79648928
 177.24473412 178.80769315 198.44397949 178.98799808 242.4971153
 223.1109397  179.20419512 179.37060352 214.32885399 179.38423989
 174.78313881 181.04209517 190.65564778 206.03543815 182.41961122
 162.45420458 183.6623537  184.3593616  199.46568725 184.99860197
 176.15165265 208.61653536 185.01951713 185.26767315 196.48545521
 185.6739297  195.16042453 186.15985336 185.68862367 224.05619063
 186.40024169 202.53017975 186.88147817 188.78927952 187.66925629
 187.77269754 180.89854904 193.77447231 188.24712305 188.25987581
 201.25845959 224.2297755  188.84360705 224.36752689 189.60001716]
2025-06-23 16:07:44 INFO Expected Optimum FE: -100
2025-06-23 16:07:44 INFO Unimodal AOCC mean: nan
2025-06-23 16:07:44 INFO Multimodal (single component) AOCC mean: nan
2025-06-23 16:07:44 INFO Multimodal (multiple components) AOCC mean: 0.0000
2025-06-23 16:07:44 INFO AOCC mean: 0.0000
2025-06-23 16:07:44 INFO --- GNBG Problem Parameters for f24 ---
  Dimension: 30, MaxEvals: 1000000
  Search Bounds: [-100, 100]
  Number of Components: 5
  Known Optimum Value: -100.000000
  Lambda (Curvature): [0.25 0.25 0.25 0.25 0.25]
  Mu (Asymmetry/Depth): [0.44142637 0.27898903 0.25803028 0.21978833 0.39183826 0.42051979
 0.35740109 0.43165341 0.47744239 0.47234476]
----------------------------------------
2025-06-23 16:08:29 INFO Run function 24 complete. FEHistory len: 150000, AOCC: 0.0897
2025-06-23 16:08:29 INFO FeHistory: [179.14059179 169.29663788 196.02860106 ... -98.07090039 -98.07916653
 -98.26493346]
2025-06-23 16:08:29 INFO Expected Optimum FE: -100
2025-06-23 16:08:29 INFO Unimodal AOCC mean: nan
2025-06-23 16:08:29 INFO Multimodal (single component) AOCC mean: nan
2025-06-23 16:08:29 INFO Multimodal (multiple components) AOCC mean: 0.0897
2025-06-23 16:08:29 INFO AOCC mean: 0.0897
2025-06-23 16:08:29 INFO --- GNBG Problem Parameters for f24 ---
  Dimension: 30, MaxEvals: 1000000
  Search Bounds: [-100, 100]
  Number of Components: 5
  Known Optimum Value: -100.000000
  Lambda (Curvature): [0.25 0.25 0.25 0.25 0.25]
  Mu (Asymmetry/Depth): [0.44142637 0.27898903 0.25803028 0.21978833 0.39183826 0.42051979
 0.35740109 0.43165341 0.47744239 0.47234476]
----------------------------------------
2025-06-23 16:08:33 INFO Run function 24 complete. FEHistory len: 150000, AOCC: 0.0100
2025-06-23 16:08:33 INFO FeHistory: [194.61665927 199.29062957 202.53059343 ... -25.15056564 -25.5110035
 -25.09787176]
2025-06-23 16:08:33 INFO Expected Optimum FE: -100
2025-06-23 16:08:33 INFO Unimodal AOCC mean: nan
2025-06-23 16:08:33 INFO Multimodal (single component) AOCC mean: nan
2025-06-23 16:08:33 INFO Multimodal (multiple components) AOCC mean: 0.0100
2025-06-23 16:08:33 INFO AOCC mean: 0.0100
2025-06-23 16:08:33 INFO --- GNBG Problem Parameters for f24 ---
  Dimension: 30, MaxEvals: 1000000
  Search Bounds: [-100, 100]
  Number of Components: 5
  Known Optimum Value: -100.000000
  Lambda (Curvature): [0.25 0.25 0.25 0.25 0.25]
  Mu (Asymmetry/Depth): [0.44142637 0.27898903 0.25803028 0.21978833 0.39183826 0.42051979
 0.35740109 0.43165341 0.47744239 0.47234476]
----------------------------------------
2025-06-23 16:08:35 INFO Run function 24 complete. FEHistory len: 150000, AOCC: 0.0000
2025-06-23 16:08:35 INFO FeHistory: [186.6183971  228.42813109 179.72158881 ... 109.5273145  145.20282782
 153.31675739]
2025-06-23 16:08:35 INFO Expected Optimum FE: -100
2025-06-23 16:08:35 INFO Unimodal AOCC mean: nan
2025-06-23 16:08:35 INFO Multimodal (single component) AOCC mean: nan
2025-06-23 16:08:35 INFO Multimodal (multiple components) AOCC mean: 0.0000
2025-06-23 16:08:35 INFO AOCC mean: 0.0000
2025-06-23 16:08:35 INFO --- GNBG Problem Parameters for f24 ---
  Dimension: 30, MaxEvals: 1000000
  Search Bounds: [-100, 100]
  Number of Components: 5
  Known Optimum Value: -100.000000
  Lambda (Curvature): [0.25 0.25 0.25 0.25 0.25]
  Mu (Asymmetry/Depth): [0.44142637 0.27898903 0.25803028 0.21978833 0.39183826 0.42051979
 0.35740109 0.43165341 0.47744239 0.47234476]
----------------------------------------
2025-06-23 16:08:37 INFO Run function 24 complete. FEHistory len: 150000, AOCC: 0.0000
2025-06-23 16:08:37 INFO FeHistory: [187.58661529 174.14707379 180.63661824 ... 116.86072828 128.89125347
 129.74888409]
2025-06-23 16:08:37 INFO Expected Optimum FE: -100
2025-06-23 16:08:37 INFO Unimodal AOCC mean: nan
2025-06-23 16:08:37 INFO Multimodal (single component) AOCC mean: nan
2025-06-23 16:08:37 INFO Multimodal (multiple components) AOCC mean: 0.0000
2025-06-23 16:08:37 INFO AOCC mean: 0.0000
2025-06-23 16:08:37 INFO --- GNBG Problem Parameters for f24 ---
  Dimension: 30, MaxEvals: 1000000
  Search Bounds: [-100, 100]
  Number of Components: 5
  Known Optimum Value: -100.000000
  Lambda (Curvature): [0.25 0.25 0.25 0.25 0.25]
  Mu (Asymmetry/Depth): [0.44142637 0.27898903 0.25803028 0.21978833 0.39183826 0.42051979
 0.35740109 0.43165341 0.47744239 0.47234476]
----------------------------------------
2025-06-23 16:09:20 INFO Run function 24 complete. FEHistory len: 150000, AOCC: 0.0946
2025-06-23 16:09:20 INFO FeHistory: [224.18138035 166.97734733 148.90174148 ... -98.34740415 -98.28333912
 -98.32410204]
2025-06-23 16:09:20 INFO Expected Optimum FE: -100
2025-06-23 16:09:20 INFO Unimodal AOCC mean: nan
2025-06-23 16:09:20 INFO Multimodal (single component) AOCC mean: nan
2025-06-23 16:09:20 INFO Multimodal (multiple components) AOCC mean: 0.0946
2025-06-23 16:09:20 INFO AOCC mean: 0.0946
2025-06-23 16:09:24 INFO Run function 24 complete. FEHistory len: 150000, AOCC: 0.0143
2025-06-23 16:09:24 INFO FeHistory: [163.27382971 181.64860929 201.84111331 ... -44.27944331 -28.61992145
 -51.2743329 ]
2025-06-23 16:09:24 INFO Expected Optimum FE: -100
2025-06-23 16:09:24 INFO Unimodal AOCC mean: nan
2025-06-23 16:09:24 INFO Multimodal (single component) AOCC mean: nan
2025-06-23 16:09:24 INFO Multimodal (multiple components) AOCC mean: 0.0143
2025-06-23 16:09:24 INFO AOCC mean: 0.0143
2025-06-23 16:09:56 INFO Run function 24 complete. FEHistory len: 150000, AOCC: 0.0307
2025-06-23 16:09:56 INFO FeHistory: [166.67819986 191.74227377 196.92134023 ... -53.63559445 -53.63559445
 -53.63559445]
2025-06-23 16:09:56 INFO Expected Optimum FE: -100
2025-06-23 16:09:56 INFO Unimodal AOCC mean: nan
2025-06-23 16:09:56 INFO Multimodal (single component) AOCC mean: nan
2025-06-23 16:09:56 INFO Multimodal (multiple components) AOCC mean: 0.0307
2025-06-23 16:09:56 INFO AOCC mean: 0.0307
2025-06-23 16:11:12 INFO Run function 24 complete. FEHistory len: 150000, AOCC: 0.0389
2025-06-23 16:11:12 INFO FeHistory: [204.35770684 187.72359877 197.38980475 ... -62.34090096 -62.34090096
 -62.34090096]
2025-06-23 16:11:12 INFO Expected Optimum FE: -100
2025-06-23 16:11:12 INFO Unimodal AOCC mean: nan
2025-06-23 16:11:12 INFO Multimodal (single component) AOCC mean: nan
2025-06-23 16:11:12 INFO Multimodal (multiple components) AOCC mean: 0.0389
2025-06-23 16:11:12 INFO AOCC mean: 0.0389
2025-06-23 16:16:26 INFO Run function 24 complete. FEHistory len: 150000, AOCC: 0.0000
2025-06-23 16:16:26 INFO FeHistory: [190.92229772 139.72296571 180.3118517  ...  46.99155169  41.58197732
  45.07176736]
2025-06-23 16:16:26 INFO Expected Optimum FE: -100
2025-06-23 16:16:26 INFO Unimodal AOCC mean: nan
2025-06-23 16:16:26 INFO Multimodal (single component) AOCC mean: nan
2025-06-23 16:16:26 INFO Multimodal (multiple components) AOCC mean: 0.0000
2025-06-23 16:16:26 INFO AOCC mean: 0.0000
2025-06-23 16:17:14 INFO --- GNBG Problem Parameters for f24 ---
  Dimension: 30, MaxEvals: 1000000
  Search Bounds: [-100, 100]
  Number of Components: 5
  Known Optimum Value: -100.000000
  Lambda (Curvature): [0.25 0.25 0.25 0.25 0.25]
  Mu (Asymmetry/Depth): [0.44142637 0.27898903 0.25803028 0.21978833 0.39183826 0.42051979
 0.35740109 0.43165341 0.47744239 0.47234476]
----------------------------------------
2025-06-23 16:17:14 ERROR Can not run the algorithm
2025-06-23 16:17:15 INFO Run function 24 complete. FEHistory len: 1200, AOCC: 0.0000
2025-06-23 16:17:15 INFO FeHistory: [184.59265724 214.94515511 181.42073169 ... 199.87523357 192.11065551
 159.62545036]
2025-06-23 16:17:15 INFO Expected Optimum FE: -100
2025-06-23 16:17:15 INFO Unimodal AOCC mean: nan
2025-06-23 16:17:15 INFO Multimodal (single component) AOCC mean: nan
2025-06-23 16:17:15 INFO Multimodal (multiple components) AOCC mean: 0.0000
2025-06-23 16:17:15 INFO AOCC mean: 0.0000
