2025-06-24 11:21:19 INFO --- GNBG Problem Parameters for f16 ---
  Dimension: 30, MaxEvals: 1000000
  Search Bounds: [-100, 100]
  Number of Components: 5
  Known Optimum Value: -5000.000000
  Lambda (Curvature): [1 1 1 1 1]
  Mu (Asymmetry/Depth): [0 0 0 0 0 0 0 0 0 0]
----------------------------------------
2025-06-24 11:21:19 INFO --- GNBG Problem Parameters for f16 ---
  Dimension: 30, MaxEvals: 1000000
  Search Bounds: [-100, 100]
  Number of Components: 5
  Known Optimum Value: -5000.000000
  Lambda (Curvature): [1 1 1 1 1]
  Mu (Asymmetry/Depth): [0 0 0 0 0 0 0 0 0 0]
----------------------------------------
2025-06-24 11:21:19 INFO --- GNBG Problem Parameters for f16 ---
  Dimension: 30, MaxEvals: 1000000
  Search Bounds: [-100, 100]
  Number of Components: 5
  Known Optimum Value: -5000.000000
  Lambda (Curvature): [1 1 1 1 1]
  Mu (Asymmetry/Depth): [0 0 0 0 0 0 0 0 0 0]
----------------------------------------
2025-06-24 11:21:19 INFO --- GNBG Problem Parameters for f16 ---
  Dimension: 30, MaxEvals: 1000000
  Search Bounds: [-100, 100]
  Number of Components: 5
  Known Optimum Value: -5000.000000
  Lambda (Curvature): [1 1 1 1 1]
  Mu (Asymmetry/Depth): [0 0 0 0 0 0 0 0 0 0]
----------------------------------------
