2025-06-24 16:06:17 INFO --- GNBG Problem Parameters for f16 ---
  Dimension: 30, MaxEvals: 1000000
  Search Bounds: [-100, 100]
  Number of Components: 5
  Known Optimum Value: -5000.000000
  Lambda (Curvature): [1 1 1 1 1]
  Mu (Asymmetry/Depth): [0 0 0 0 0 0 0 0 0 0]
----------------------------------------
2025-06-24 16:06:17 ERROR Can not run the algorithm
2025-06-24 16:06:17 INFO Run function 16 complete. FEHistory len: 0, AOCC: 0.0000
2025-06-24 16:06:17 INFO FeHistory: []
2025-06-24 16:06:17 INFO Expected Optimum FE: -5000
2025-06-24 16:06:17 INFO --- GNBG Problem Parameters for f18 ---
  Dimension: 30, MaxEvals: 1000000
  Search Bounds: [-100, 100]
  Number of Components: 5
  Known Optimum Value: -5000.000000
  Lambda (Curvature): [1 1 1 1 1]
  Mu (Asymmetry/Depth): [0.22159228 0.42314776 0.4901829  0.25862884 0.37043014 0.37440768
 0.26098797 0.491006   0.27569772 0.45404864]
----------------------------------------
2025-06-24 16:06:17 ERROR Can not run the algorithm
2025-06-24 16:06:17 INFO Run function 18 complete. FEHistory len: 0, AOCC: 0.0000
2025-06-24 16:06:17 INFO FeHistory: []
2025-06-24 16:06:17 INFO Expected Optimum FE: -5000
2025-06-24 16:06:17 INFO --- GNBG Problem Parameters for f19 ---
  Dimension: 30, MaxEvals: 1000000
  Search Bounds: [-100, 100]
  Number of Components: 5
  Known Optimum Value: -5000.000000
  Lambda (Curvature): [1 1 1 1 1]
  Mu (Asymmetry/Depth): [0.5 0.5 0.5 0.5 0.5 0.5 0.5 0.5 0.5 0.5]
----------------------------------------
2025-06-24 16:06:17 ERROR Can not run the algorithm
2025-06-24 16:06:17 INFO Run function 19 complete. FEHistory len: 0, AOCC: 0.0000
2025-06-24 16:06:17 INFO FeHistory: []
2025-06-24 16:06:17 INFO Expected Optimum FE: -5000
2025-06-24 16:06:17 INFO Unimodal AOCC mean: nan
2025-06-24 16:06:17 INFO Multimodal (single component) AOCC mean: nan
2025-06-24 16:06:17 INFO Multimodal (multiple components) AOCC mean: 0.0000
2025-06-24 16:06:17 INFO AOCC mean: 0.0000
2025-06-24 16:06:17 INFO Weighed AOCC mean: nan
