2025-06-23 18:05:50 INFO --- GNBG Problem Parameters for f24 ---
  Dimension: 30, MaxEvals: 1000000
  Search Bounds: [-100, 100]
  Number of Components: 5
  Known Optimum Value: -100.000000
  Lambda (Curvature): [0.25 0.25 0.25 0.25 0.25]
  Mu (Asymmetry/Depth): [0.44142637 0.27898903 0.25803028 0.21978833 0.39183826 0.42051979
 0.35740109 0.43165341 0.47744239 0.47234476]
----------------------------------------
2025-06-23 18:05:50 INFO --- GNBG Problem Parameters for f24 ---
  Dimension: 30, MaxEvals: 1000000
  Search Bounds: [-100, 100]
  Number of Components: 5
  Known Optimum Value: -100.000000
  Lambda (Curvature): [0.25 0.25 0.25 0.25 0.25]
  Mu (Asymmetry/Depth): [0.44142637 0.27898903 0.25803028 0.21978833 0.39183826 0.42051979
 0.35740109 0.43165341 0.47744239 0.47234476]
----------------------------------------
2025-06-23 18:05:50 INFO --- GNBG Problem Parameters for f24 ---
  Dimension: 30, MaxEvals: 1000000
  Search Bounds: [-100, 100]
  Number of Components: 5
  Known Optimum Value: -100.000000
  Lambda (Curvature): [0.25 0.25 0.25 0.25 0.25]
  Mu (Asymmetry/Depth): [0.44142637 0.27898903 0.25803028 0.21978833 0.39183826 0.42051979
 0.35740109 0.43165341 0.47744239 0.47234476]
----------------------------------------
2025-06-23 18:05:50 INFO --- GNBG Problem Parameters for f24 ---
  Dimension: 30, MaxEvals: 1000000
  Search Bounds: [-100, 100]
  Number of Components: 5
  Known Optimum Value: -100.000000
  Lambda (Curvature): [0.25 0.25 0.25 0.25 0.25]
  Mu (Asymmetry/Depth): [0.44142637 0.27898903 0.25803028 0.21978833 0.39183826 0.42051979
 0.35740109 0.43165341 0.47744239 0.47234476]
----------------------------------------
2025-06-23 18:05:50 INFO --- GNBG Problem Parameters for f24 ---
  Dimension: 30, MaxEvals: 1000000
  Search Bounds: [-100, 100]
  Number of Components: 5
  Known Optimum Value: -100.000000
  Lambda (Curvature): [0.25 0.25 0.25 0.25 0.25]
  Mu (Asymmetry/Depth): [0.44142637 0.27898903 0.25803028 0.21978833 0.39183826 0.42051979
 0.35740109 0.43165341 0.47744239 0.47234476]
----------------------------------------
2025-06-23 18:06:30 INFO Run function 24 complete. FEHistory len: 150000, AOCC: 0.0335
2025-06-23 18:06:30 INFO FeHistory: [224.66599717 167.19960727 182.18292985 ... -57.57023237 -57.57023237
 -57.57023237]
2025-06-23 18:06:30 INFO Expected Optimum FE: -100
2025-06-23 18:06:30 INFO Unimodal AOCC mean: nan
2025-06-23 18:06:30 INFO Multimodal (single component) AOCC mean: nan
2025-06-23 18:06:30 INFO Multimodal (multiple components) AOCC mean: 0.0335
2025-06-23 18:06:30 INFO AOCC mean: 0.0335
2025-06-23 18:06:31 INFO --- GNBG Problem Parameters for f24 ---
  Dimension: 30, MaxEvals: 1000000
  Search Bounds: [-100, 100]
  Number of Components: 5
  Known Optimum Value: -100.000000
  Lambda (Curvature): [0.25 0.25 0.25 0.25 0.25]
  Mu (Asymmetry/Depth): [0.44142637 0.27898903 0.25803028 0.21978833 0.39183826 0.42051979
 0.35740109 0.43165341 0.47744239 0.47234476]
----------------------------------------
2025-06-23 18:06:32 INFO Run function 24 complete. FEHistory len: 150000, AOCC: 0.0378
2025-06-23 18:06:32 INFO FeHistory: [149.63994229 193.72075757 186.13126844 ... -61.50978801 -61.50978801
 -61.50978801]
2025-06-23 18:06:32 INFO Expected Optimum FE: -100
2025-06-23 18:06:32 INFO Unimodal AOCC mean: nan
2025-06-23 18:06:32 INFO Multimodal (single component) AOCC mean: nan
2025-06-23 18:06:32 INFO Multimodal (multiple components) AOCC mean: 0.0378
2025-06-23 18:06:32 INFO AOCC mean: 0.0378
2025-06-23 18:06:32 INFO --- GNBG Problem Parameters for f24 ---
  Dimension: 30, MaxEvals: 1000000
  Search Bounds: [-100, 100]
  Number of Components: 5
  Known Optimum Value: -100.000000
  Lambda (Curvature): [0.25 0.25 0.25 0.25 0.25]
  Mu (Asymmetry/Depth): [0.44142637 0.27898903 0.25803028 0.21978833 0.39183826 0.42051979
 0.35740109 0.43165341 0.47744239 0.47234476]
----------------------------------------
2025-06-23 18:06:32 INFO Run function 24 complete. FEHistory len: 150000, AOCC: 0.0000
2025-06-23 18:06:32 INFO FeHistory: [187.89781232 206.43954173 177.39287358 ...  38.34843731  38.34843731
  38.34843731]
2025-06-23 18:06:32 INFO Expected Optimum FE: -100
2025-06-23 18:06:32 INFO Unimodal AOCC mean: nan
2025-06-23 18:06:32 INFO Multimodal (single component) AOCC mean: nan
2025-06-23 18:06:32 INFO Multimodal (multiple components) AOCC mean: 0.0000
2025-06-23 18:06:32 INFO AOCC mean: 0.0000
2025-06-23 18:06:32 INFO --- GNBG Problem Parameters for f24 ---
  Dimension: 30, MaxEvals: 1000000
  Search Bounds: [-100, 100]
  Number of Components: 5
  Known Optimum Value: -100.000000
  Lambda (Curvature): [0.25 0.25 0.25 0.25 0.25]
  Mu (Asymmetry/Depth): [0.44142637 0.27898903 0.25803028 0.21978833 0.39183826 0.42051979
 0.35740109 0.43165341 0.47744239 0.47234476]
----------------------------------------
2025-06-23 18:06:34 INFO Run function 24 complete. FEHistory len: 150000, AOCC: 0.0383
2025-06-23 18:06:34 INFO FeHistory: [167.71002416 191.57165034 217.19127416 ... -65.96871775 -65.96871822
 -65.96871737]
2025-06-23 18:06:34 INFO Expected Optimum FE: -100
2025-06-23 18:06:34 INFO Unimodal AOCC mean: nan
2025-06-23 18:06:34 INFO Multimodal (single component) AOCC mean: nan
2025-06-23 18:06:34 INFO Multimodal (multiple components) AOCC mean: 0.0383
2025-06-23 18:06:34 INFO AOCC mean: 0.0383
2025-06-23 18:07:10 ERROR Can not run the algorithm
2025-06-23 18:07:10 INFO Run function 24 complete. FEHistory len: 149141, AOCC: 0.0000
2025-06-23 18:07:10 INFO FeHistory: [195.53336714 176.64318955 195.53336714 ... 114.71296507 118.12347476
 114.71296507]
2025-06-23 18:07:10 INFO Expected Optimum FE: -100
2025-06-23 18:07:10 INFO Unimodal AOCC mean: nan
2025-06-23 18:07:10 INFO Multimodal (single component) AOCC mean: nan
2025-06-23 18:07:10 INFO Multimodal (multiple components) AOCC mean: 0.0000
2025-06-23 18:07:10 INFO AOCC mean: 0.0000
2025-06-23 18:07:11 INFO Run function 24 complete. FEHistory len: 150000, AOCC: 0.1082
2025-06-23 18:07:11 INFO FeHistory: [184.99104286 173.37092131 147.16241927 ... -98.67328838 -98.63852086
 -98.68605996]
2025-06-23 18:07:11 INFO Expected Optimum FE: -100
2025-06-23 18:07:11 INFO Good algorithm:
Algorithm Name: EnhancedArchiveGuidedDE
import numpy as np
import random
class EnhancedArchiveGuidedDE:
    def __init__(self, budget: int, dim: int, lower_bounds: list[float], upper_bounds: list[float]):
        self.budget = int(budget)
        self.dim = int(dim)
        self.lower_bounds = np.array(lower_bounds, dtype=float)
        self.upper_bounds = np.array(upper_bounds, dtype=float)

        self.eval_count = 0
        self.best_solution_overall = None
        self.best_fitness_overall = float('inf')

        self.population_size = 10 * self.dim  # common heuristic
        self.archive_size = 100
        self.archive = []
        self.population = None
        self.F_scale = 0.5 #initial scaling factor


    def optimize(self, objective_function: callable, acceptance_threshold: float = 1e-8) -> tuple:
        self.eval_count = 0
        self.population = np.random.uniform(self.lower_bounds, self.upper_bounds, size=(self.population_size, self.dim))
        fitness = objective_function(self.population)
        self.eval_count += self.population_size

        self.best_solution_overall = self.population[np.argmin(fitness)]
        self.best_fitness_overall = np.min(fitness)

        while self.eval_count < self.budget:
            offspring = self.generate_offspring(self.population, fitness)
            offspring_fitness = objective_function(offspring)
            self.eval_count += len(offspring)

            # Update archive
            self.update_archive(offspring, offspring_fitness)

            # Select best solutions for next generation
            combined_population = np.concatenate((self.population, offspring))
            combined_fitness = np.concatenate((fitness, offspring_fitness))
            indices = np.argsort(combined_fitness)
            self.population = combined_population[indices[:self.population_size]]
            fitness = combined_fitness[indices[:self.population_size]]

            #Update best solution
            self.best_solution_overall = self.population[np.argmin(fitness)]
            self.best_fitness_overall = np.min(fitness)


        optimization_info = {
            'function_evaluations_used': self.eval_count,
            'final_best_fitness': self.best_fitness_overall,
            'archive_size': len(self.archive)
        }
        return self.best_solution_overall, self.best_fitness_overall, optimization_info

    def generate_offspring(self, population, fitness):
        offspring = np.zeros((self.population_size, self.dim))
        #Adaptive scaling factor
        self.F_scale = 0.5 + 0.3*np.random.rand() #scale factor with slight variation

        for i in range(self.population_size):
            # Select pbest from archive (if available)
            if self.archive:
                pbest_index = np.random.choice(len(self.archive))
                pbest = self.archive[pbest_index][0]
            else:
                pbest = population[np.argmin(fitness)]

            a, b, c = random.sample(range(self.population_size), 3)
            while a == i or b == i or c == i:
                a, b, c = random.sample(range(self.population_size), 3)

            offspring[i] = population[i] + self.F_scale * (pbest - population[i] + population[a] - population[b])
            offspring[i] = np.clip(offspring[i], self.lower_bounds, self.upper_bounds) #Boundary handling

        return offspring

    def update_archive(self, offspring, offspring_fitness):
        for i in range(len(offspring)):
            if len(self.archive) < self.archive_size:
                self.archive.append((offspring[i], offspring_fitness[i]))
            else:
                #Prioritize diversity in archive
                worst_index = np.argmax([f for _, f in self.archive])
                if offspring_fitness[i] < self.archive[worst_index][1] or len(self.archive) < self.archive_size * 0.8 :
                    self.archive[worst_index] = (offspring[i], offspring_fitness[i])
2025-06-23 18:07:11 INFO Unimodal AOCC mean: nan
2025-06-23 18:07:11 INFO Multimodal (single component) AOCC mean: nan
2025-06-23 18:07:11 INFO Multimodal (multiple components) AOCC mean: 0.1082
2025-06-23 18:07:11 INFO AOCC mean: 0.1082
2025-06-23 18:08:03 INFO Run function 24 complete. FEHistory len: 150000, AOCC: 0.0323
2025-06-23 18:08:03 INFO FeHistory: [176.54594908 246.24901149 219.65471826 ... -54.72545775 -54.72545775
 -54.72545775]
2025-06-23 18:08:03 INFO Expected Optimum FE: -100
2025-06-23 18:08:03 INFO Unimodal AOCC mean: nan
2025-06-23 18:08:03 INFO Multimodal (single component) AOCC mean: nan
2025-06-23 18:08:03 INFO Multimodal (multiple components) AOCC mean: 0.0323
2025-06-23 18:08:03 INFO AOCC mean: 0.0323
2025-06-23 18:09:56 INFO Run function 24 complete. FEHistory len: 150000, AOCC: 0.0656
2025-06-23 18:09:56 INFO FeHistory: [155.65570838 221.35675755 219.55313684 ... -81.75257423 -81.75257423
 -81.75257423]
2025-06-23 18:09:56 INFO Expected Optimum FE: -100
2025-06-23 18:09:56 INFO Unimodal AOCC mean: nan
2025-06-23 18:09:56 INFO Multimodal (single component) AOCC mean: nan
2025-06-23 18:09:56 INFO Multimodal (multiple components) AOCC mean: 0.0656
2025-06-23 18:09:56 INFO AOCC mean: 0.0656
