2025-06-21 09:47:39 INFO Initializing first population
2025-06-21 09:47:39 INFO Initializing population from 7 seed files...
2025-06-21 09:47:39 INFO --- GNBG Problem Parameters for f11 ---
  Dimension: 30, MaxEvals: 500000
  Search Bounds: [-100, 100]
  Number of Components: 1
  Known Optimum Value: -118.075358
  Lambda (Curvature): [1]
  Mu (Asymmetry/Depth): [0.2 0.5]
----------------------------------------
2025-06-21 09:47:39 INFO Run function 11 complete. FEHistory len: 10, AOCC: 0.0000
2025-06-21 09:47:39 INFO FeHistory: [162023.6980851  242625.66148223 267449.49478314 305564.22602621
 269073.31866841 363806.2895273  276228.89329117 227192.26308281
 384410.93995343 296558.33388373]
2025-06-21 09:47:39 INFO Expected Optimum FE: -118.07535757360006
2025-06-21 09:47:39 INFO --- GNBG Problem Parameters for f21 ---
  Dimension: 30, MaxEvals: 1000000
  Search Bounds: [-100, 100]
  Number of Components: 5
  Known Optimum Value: -50.000000
  Lambda (Curvature): [0.5 0.5 0.5 0.5 0.5]
  Mu (Asymmetry/Depth): [0.17318004 0.11194571 0.19092932 0.18126106 0.14008737 0.11467924
 0.12498507 0.12642975 0.11734302 0.18190892]
----------------------------------------
2025-06-21 09:47:39 INFO Run function 21 complete. FEHistory len: 10, AOCC: 0.0000
2025-06-21 09:47:39 INFO FeHistory: [274.00243366 313.5023833  299.58924836 291.55322651 283.28365771
 255.16946811 335.16809499 277.35644391 272.023477   252.47695373]
2025-06-21 09:47:39 INFO Expected Optimum FE: -50
2025-06-21 09:47:39 INFO Unimodal AOCC mean: nan
2025-06-21 09:47:39 INFO Multimodal (single component) AOCC mean: 0.0000
2025-06-21 09:47:39 INFO Multimodal (multiple components) AOCC mean: 0.0000
2025-06-21 09:47:39 INFO AOCC mean: 0.0000
2025-06-21 09:47:39 INFO --- GNBG Problem Parameters for f11 ---
  Dimension: 30, MaxEvals: 500000
  Search Bounds: [-100, 100]
  Number of Components: 1
  Known Optimum Value: -118.075358
  Lambda (Curvature): [1]
  Mu (Asymmetry/Depth): [0.2 0.5]
----------------------------------------
2025-06-21 09:47:39 INFO Run function 11 complete. FEHistory len: 10, AOCC: 0.0000
2025-06-21 09:47:39 INFO FeHistory: [207994.29447595 194278.86062242 207994.29447595 196880.97721783
 194278.86062242 204631.58613398 194278.86062242 203525.75635105
 194278.86062242 193779.94279867]
2025-06-21 09:47:39 INFO Expected Optimum FE: -118.07535757360006
2025-06-21 09:47:39 INFO --- GNBG Problem Parameters for f21 ---
  Dimension: 30, MaxEvals: 1000000
  Search Bounds: [-100, 100]
  Number of Components: 5
  Known Optimum Value: -50.000000
  Lambda (Curvature): [0.5 0.5 0.5 0.5 0.5]
  Mu (Asymmetry/Depth): [0.17318004 0.11194571 0.19092932 0.18126106 0.14008737 0.11467924
 0.12498507 0.12642975 0.11734302 0.18190892]
----------------------------------------
2025-06-21 09:47:39 INFO Run function 21 complete. FEHistory len: 10, AOCC: 0.0000
2025-06-21 09:47:39 INFO FeHistory: [265.13896354 276.00552739 265.13896354 257.66162949 265.13896354
 253.58731964 257.66162949 259.30563198 253.58731964 249.23444344]
2025-06-21 09:47:39 INFO Expected Optimum FE: -50
2025-06-21 09:47:39 INFO Unimodal AOCC mean: nan
2025-06-21 09:47:39 INFO Multimodal (single component) AOCC mean: 0.0000
2025-06-21 09:47:39 INFO Multimodal (multiple components) AOCC mean: 0.0000
2025-06-21 09:47:39 INFO AOCC mean: 0.0000
2025-06-21 09:47:39 INFO --- GNBG Problem Parameters for f11 ---
  Dimension: 30, MaxEvals: 500000
  Search Bounds: [-100, 100]
  Number of Components: 1
  Known Optimum Value: -118.075358
  Lambda (Curvature): [1]
  Mu (Asymmetry/Depth): [0.2 0.5]
----------------------------------------
2025-06-21 09:47:39 INFO Run function 11 complete. FEHistory len: 10, AOCC: 0.0000
2025-06-21 09:47:39 INFO FeHistory: [177637.29130898 128362.89361824 249015.22930437 227098.09105884
 151096.6401368  175739.84618618 173941.70319074 132293.5229341
 332097.64266526 152136.84098595]
2025-06-21 09:47:39 INFO Expected Optimum FE: -118.07535757360006
2025-06-21 09:47:39 INFO --- GNBG Problem Parameters for f21 ---
  Dimension: 30, MaxEvals: 1000000
  Search Bounds: [-100, 100]
  Number of Components: 5
  Known Optimum Value: -50.000000
  Lambda (Curvature): [0.5 0.5 0.5 0.5 0.5]
  Mu (Asymmetry/Depth): [0.17318004 0.11194571 0.19092932 0.18126106 0.14008737 0.11467924
 0.12498507 0.12642975 0.11734302 0.18190892]
----------------------------------------
2025-06-21 09:47:39 INFO Run function 21 complete. FEHistory len: 10, AOCC: 0.0000
2025-06-21 09:47:39 INFO FeHistory: [220.02017189 278.64501513 249.64983412 290.34966864 217.13050569
 289.35803804 267.64759808 317.61927936 267.31061945 287.64119603]
2025-06-21 09:47:39 INFO Expected Optimum FE: -50
2025-06-21 09:47:39 INFO Unimodal AOCC mean: nan
2025-06-21 09:47:39 INFO Multimodal (single component) AOCC mean: 0.0000
2025-06-21 09:47:39 INFO Multimodal (multiple components) AOCC mean: 0.0000
2025-06-21 09:47:39 INFO AOCC mean: 0.0000
2025-06-21 09:47:39 INFO --- GNBG Problem Parameters for f11 ---
  Dimension: 30, MaxEvals: 500000
  Search Bounds: [-100, 100]
  Number of Components: 1
  Known Optimum Value: -118.075358
  Lambda (Curvature): [1]
  Mu (Asymmetry/Depth): [0.2 0.5]
----------------------------------------
2025-06-21 09:47:39 INFO Run function 11 complete. FEHistory len: 10, AOCC: 0.0000
2025-06-21 09:47:39 INFO FeHistory: [105769.88224583 316961.97217578 197426.71948679 253041.35742491
 103228.76089477 188416.7862031  236961.04334646 177148.65015439
 173922.21480184 169862.93981677]
2025-06-21 09:47:39 INFO Expected Optimum FE: -118.07535757360006
2025-06-21 09:47:39 INFO --- GNBG Problem Parameters for f21 ---
  Dimension: 30, MaxEvals: 1000000
  Search Bounds: [-100, 100]
  Number of Components: 5
  Known Optimum Value: -50.000000
  Lambda (Curvature): [0.5 0.5 0.5 0.5 0.5]
  Mu (Asymmetry/Depth): [0.17318004 0.11194571 0.19092932 0.18126106 0.14008737 0.11467924
 0.12498507 0.12642975 0.11734302 0.18190892]
----------------------------------------
2025-06-21 09:47:39 INFO Run function 21 complete. FEHistory len: 10, AOCC: 0.0000
2025-06-21 09:47:39 INFO FeHistory: [260.71450151 255.04371919 287.9770895  295.02967195 269.09328739
 250.55687247 300.15815507 275.72419583 279.98732449 261.38632658]
2025-06-21 09:47:39 INFO Expected Optimum FE: -50
2025-06-21 09:47:39 INFO Unimodal AOCC mean: nan
2025-06-21 09:47:39 INFO Multimodal (single component) AOCC mean: 0.0000
2025-06-21 09:47:39 INFO Multimodal (multiple components) AOCC mean: 0.0000
2025-06-21 09:47:39 INFO AOCC mean: 0.0000
2025-06-21 09:47:39 INFO --- GNBG Problem Parameters for f11 ---
  Dimension: 30, MaxEvals: 500000
  Search Bounds: [-100, 100]
  Number of Components: 1
  Known Optimum Value: -118.075358
  Lambda (Curvature): [1]
  Mu (Asymmetry/Depth): [0.2 0.5]
----------------------------------------
2025-06-21 09:47:39 INFO Run function 11 complete. FEHistory len: 10, AOCC: 0.0000
2025-06-21 09:47:39 INFO FeHistory: [255176.81524604 318144.39118214 264760.41324461 230628.69813794
 177646.30980544 314794.79315662 196585.58655749 141921.53364148
 164104.9271636  210861.28521403]
2025-06-21 09:47:39 INFO Expected Optimum FE: -118.07535757360006
2025-06-21 09:47:39 INFO --- GNBG Problem Parameters for f21 ---
  Dimension: 30, MaxEvals: 1000000
  Search Bounds: [-100, 100]
  Number of Components: 5
  Known Optimum Value: -50.000000
  Lambda (Curvature): [0.5 0.5 0.5 0.5 0.5]
  Mu (Asymmetry/Depth): [0.17318004 0.11194571 0.19092932 0.18126106 0.14008737 0.11467924
 0.12498507 0.12642975 0.11734302 0.18190892]
----------------------------------------
2025-06-21 09:47:39 INFO Run function 21 complete. FEHistory len: 10, AOCC: 0.0000
2025-06-21 09:47:39 INFO FeHistory: [302.01579214 295.96334545 290.35481823 306.57905892 279.81137249
 351.92692607 318.77637387 350.70016231 281.84316422 308.93486859]
2025-06-21 09:47:39 INFO Expected Optimum FE: -50
2025-06-21 09:47:39 INFO Unimodal AOCC mean: nan
2025-06-21 09:47:39 INFO Multimodal (single component) AOCC mean: 0.0000
2025-06-21 09:47:39 INFO Multimodal (multiple components) AOCC mean: 0.0000
2025-06-21 09:47:39 INFO AOCC mean: 0.0000
2025-06-21 09:47:39 INFO --- GNBG Problem Parameters for f11 ---
  Dimension: 30, MaxEvals: 500000
  Search Bounds: [-100, 100]
  Number of Components: 1
  Known Optimum Value: -118.075358
  Lambda (Curvature): [1]
  Mu (Asymmetry/Depth): [0.2 0.5]
----------------------------------------
2025-06-21 09:47:39 INFO Run function 11 complete. FEHistory len: 10, AOCC: 0.0000
2025-06-21 09:47:39 INFO FeHistory: [102475.38756503 224982.66834097 269190.58791432 368464.28964143
 269468.0346099  190367.13447641 177333.12830849 301250.30328853
 152290.32762114 117223.62739393]
2025-06-21 09:47:39 INFO Expected Optimum FE: -118.07535757360006
2025-06-21 09:47:39 INFO --- GNBG Problem Parameters for f21 ---
  Dimension: 30, MaxEvals: 1000000
  Search Bounds: [-100, 100]
  Number of Components: 5
  Known Optimum Value: -50.000000
  Lambda (Curvature): [0.5 0.5 0.5 0.5 0.5]
  Mu (Asymmetry/Depth): [0.17318004 0.11194571 0.19092932 0.18126106 0.14008737 0.11467924
 0.12498507 0.12642975 0.11734302 0.18190892]
----------------------------------------
2025-06-21 09:47:39 INFO Run function 21 complete. FEHistory len: 10, AOCC: 0.0000
2025-06-21 09:47:39 INFO FeHistory: [321.68051571 263.85439756 191.40874771 304.08686648 262.75898995
 268.07823445 292.00066072 251.12612115 259.56944878 252.62198448]
2025-06-21 09:47:39 INFO Expected Optimum FE: -50
2025-06-21 09:47:39 INFO Unimodal AOCC mean: nan
2025-06-21 09:47:39 INFO Multimodal (single component) AOCC mean: 0.0000
2025-06-21 09:47:39 INFO Multimodal (multiple components) AOCC mean: 0.0000
2025-06-21 09:47:39 INFO AOCC mean: 0.0000
2025-06-21 09:47:39 INFO --- GNBG Problem Parameters for f11 ---
  Dimension: 30, MaxEvals: 500000
  Search Bounds: [-100, 100]
  Number of Components: 1
  Known Optimum Value: -118.075358
  Lambda (Curvature): [1]
  Mu (Asymmetry/Depth): [0.2 0.5]
----------------------------------------
2025-06-21 09:47:39 INFO Run function 11 complete. FEHistory len: 10, AOCC: 0.0000
2025-06-21 09:47:39 INFO FeHistory: [275282.39212281 143695.51482535 195400.66697531 104619.20149695
 189835.0433786  152906.35119055 218374.19383743 214301.12099543
 207843.22824808 149406.50731935]
2025-06-21 09:47:39 INFO Expected Optimum FE: -118.07535757360006
2025-06-21 09:47:39 INFO --- GNBG Problem Parameters for f21 ---
  Dimension: 30, MaxEvals: 1000000
  Search Bounds: [-100, 100]
  Number of Components: 5
  Known Optimum Value: -50.000000
  Lambda (Curvature): [0.5 0.5 0.5 0.5 0.5]
  Mu (Asymmetry/Depth): [0.17318004 0.11194571 0.19092932 0.18126106 0.14008737 0.11467924
 0.12498507 0.12642975 0.11734302 0.18190892]
----------------------------------------
2025-06-21 09:47:39 INFO Run function 21 complete. FEHistory len: 10, AOCC: 0.0000
2025-06-21 09:47:39 INFO FeHistory: [285.32914017 290.14316972 294.52163777 208.76643704 202.34988169
 246.03254818 258.25467309 291.01196582 303.55128034 326.06154937]
2025-06-21 09:47:39 INFO Expected Optimum FE: -50
2025-06-21 09:47:39 INFO Unimodal AOCC mean: nan
2025-06-21 09:47:39 INFO Multimodal (single component) AOCC mean: 0.0000
2025-06-21 09:47:39 INFO Multimodal (multiple components) AOCC mean: 0.0000
2025-06-21 09:47:39 INFO AOCC mean: 0.0000
2025-06-21 09:48:03 INFO Started evolutionary loop, best so far: 0.0
2025-06-21 09:48:03 INFO --- Performing Long-Term Reflection at Generation 1 ---
2025-06-21 09:48:09 INFO Full response text: **Analysis:**

Comparing `AdaptiveGaussianSamplingEA` (best) vs `AdaptiveMultimodalEvolutionaryStrategy` (worst), we see the best utilizes adaptive Gaussian mutation and tournament selection for efficient exploration and exploitation, while the worst uses a simpler mutation strategy and less sophisticated selection, leading to slower convergence and potential for getting trapped in local optima.  `AdaptiveGaussianSamplingEA` also incorporates a sigma decay mechanism to refine its search.

`(second best) AdaptiveMultimodalOptimizerImproved` vs `AdaptiveDifferentialEvolutionwithClustering` (second worst): The second-best algorithm combines local search (simulated annealing) with global exploration (adaptive perturbations and a tabu list), making it robust to rugged landscapes. The second worst uses clustering with DE, showing potential, but lacking the nuanced balance of exploration and exploitation evident in the top-ranked algorithms.  Adaptive parameter control is lacking in the second worst.

Comparing `AdaptiveGaussianSamplingEA` (1st) vs `AdaptiveMultimodalOptimizer` (2nd), we see that both use Gaussian sampling, but the best uses a more sophisticated selection mechanism (tournament) and an adaptive mutation strategy, leading to better results. The 2nd utilizes CMA-ES, which is strong for unimodal problems but can struggle with multimodal ones.

`EnhancedArchiveGuidedDE` (3rd) vs `AdaptiveGaussianMutationDE` (4th): The third-best employs an archive to guide its search towards diverse optima, while the fourth relies on a simpler adaptive Gaussian mutation within Differential Evolution.  The archive provides a memory of promising solutions, accelerating convergence, a feature missing in the 4th.

Comparing `AdaptiveDifferentialEvolutionwithClustering` (second worst) vs `AdaptiveMultimodalEvolutionaryStrategy` (worst), we see the second worst uses clustering to maintain diversity, improving exploration and enabling it to overcome some of the limitations of a plain DE approach. The worst algorithm lacks such a strategy and shows a simple adaptive mutation, making it less effective in high-dimensional, multimodal landscapes. Overall: The top-performing algorithms demonstrate a combination of adaptive mutation strategies, effective selection mechanisms, and mechanisms to encourage population diversity (archives, niching, or clustering) to navigate complex fitness landscapes.  Less successful algorithms either lack adaptive parameter control or rely on less sophisticated exploration/exploitation strategies.


**Experience:**

Designing better heuristics requires careful consideration of the balance between exploration and exploitation,  incorporating adaptive parameter control mechanisms to adjust the search strategy based on the landscape, and using memory-based approaches (like archives) or diversity-preserving techniques (clustering, niching) to handle multimodal challenges.  Efficient selection strategies are also crucial.

2025-06-21 09:48:11 INFO Full response text: * **Keywords:** Exploration-exploitation, adaptive control, multimodal optimization, memory, diversity, selection.

* **Advice:** Focus on quantifiable metrics for exploration/exploitation balance. Implement adaptive mechanisms that dynamically adjust based on performance feedback (e.g., changing exploration rate based on recent successes/failures).  Employ robust diversity-preservation methods to avoid premature convergence in multimodal problems.  Rigorously evaluate selection strategies.

* **Avoid:** Vague or subjective assessments of performance.  Static parameters that don't adapt to the problem landscape.  Methods prone to premature convergence in complex search spaces. Overly simplistic selection that ignores diversity.

* **Explanation:**  Effective heuristic design necessitates a data-driven, adaptive approach.  By carefully monitoring performance and adjusting parameters accordingly,  and incorporating diversity-preserving techniques, we can develop heuristics that robustly address complex optimization challenges.

