2025-06-23 09:03:43 INFO --- GNBG Problem Parameters for f2 ---
  Dimension: 30, MaxEvals: 500000
  Search Bounds: [-100, 100]
  Number of Components: 1
  Known Optimum Value: -703.132815
  Lambda (Curvature): [0.05]
  Mu (Asymmetry/Depth): [0 0]
----------------------------------------
2025-06-23 09:03:43 INFO --- GNBG Problem Parameters for f2 ---
  Dimension: 30, MaxEvals: 500000
  Search Bounds: [-100, 100]
  Number of Components: 1
  Known Optimum Value: -703.132815
  Lambda (Curvature): [0.05]
  Mu (Asymmetry/Depth): [0 0]
----------------------------------------
2025-06-23 09:03:43 INFO --- GNBG Problem Parameters for f2 ---
  Dimension: 30, MaxEvals: 500000
  Search Bounds: [-100, 100]
  Number of Components: 1
  Known Optimum Value: -703.132815
  Lambda (Curvature): [0.05]
  Mu (Asymmetry/Depth): [0 0]
----------------------------------------
2025-06-23 09:03:43 INFO --- GNBG Problem Parameters for f2 ---
  Dimension: 30, MaxEvals: 500000
  Search Bounds: [-100, 100]
  Number of Components: 1
  Known Optimum Value: -703.132815
  Lambda (Curvature): [0.05]
  Mu (Asymmetry/Depth): [0 0]
----------------------------------------
2025-06-23 09:03:43 INFO --- GNBG Problem Parameters for f2 ---
  Dimension: 30, MaxEvals: 500000
  Search Bounds: [-100, 100]
  Number of Components: 1
  Known Optimum Value: -703.132815
  Lambda (Curvature): [0.05]
  Mu (Asymmetry/Depth): [0 0]
----------------------------------------
2025-06-23 09:03:49 INFO Run function 2 complete. FEHistory len: 70000, AOCC: 0.2060
2025-06-23 09:03:49 INFO FeHistory: [-701.32842363 -701.34337267 -701.30211081 ... -702.68409651 -702.68078097
 -702.68360476]
2025-06-23 09:03:49 INFO Expected Optimum FE: -703.1328146165181
2025-06-23 09:03:49 INFO Good algorithm:
Algorithm Name: AdaptiveGaussianSamplingEA
import numpy as np

class AdaptiveGaussianSamplingEA:
    def __init__(self, budget: int, dim: int, lower_bounds: list[float], upper_bounds: list[float]):
        self.budget = int(budget)
        self.dim = int(dim)
        self.lower_bounds = np.array(lower_bounds, dtype=float)
        self.upper_bounds = np.array(upper_bounds, dtype=float)

        self.eval_count = 0
        self.best_solution_overall = None
        self.best_fitness_overall = float('inf')
        self.population_size = 100  # Adjust as needed
        self.population = None
        self.sigma = 0.2 * (self.upper_bounds - self.lower_bounds)  # Initial Standard Deviation for Gaussian Sampling

    def optimize(self, objective_function: callable, acceptance_threshold: float = 1e-8) -> tuple:
        self.eval_count = 0
        self.population = np.random.uniform(self.lower_bounds, self.upper_bounds, size=(self.population_size, self.dim))
        fitness_values = objective_function(self.population)
        self.eval_count += self.population_size

        self.best_solution_overall = self.population[np.argmin(fitness_values)]
        self.best_fitness_overall = np.min(fitness_values)

        while self.eval_count < self.budget:
            # Adaptive Gaussian Sampling
            parents = self.tournament_selection(fitness_values, k=5)  # Tournament Selection
            offspring = self.gaussian_mutation(parents, self.sigma)

            # Bounds handling
            offspring = np.clip(offspring, self.lower_bounds, self.upper_bounds)

            offspring_fitness = objective_function(offspring)
            self.eval_count += len(offspring)

            # Update population and best solution
            self.population = np.concatenate((self.population, offspring))
            fitness_values = np.concatenate((fitness_values, offspring_fitness))

            best_index = np.argmin(fitness_values)
            if fitness_values[best_index] < self.best_fitness_overall:
                self.best_solution_overall = self.population[best_index]
                self.best_fitness_overall = fitness_values[best_index]

            # Adaptive Sigma
            self.sigma *= 0.99  # Gradually reduce sigma for finer search later.

            # Elitism
            sorted_pop = self.population[np.argsort(fitness_values)]
            self.population = sorted_pop[:self.population_size]
            fitness_values = fitness_values[np.argsort(fitness_values)][:self.population_size]

        optimization_info = {
            'function_evaluations_used': self.eval_count,
            'final_best_fitness': self.best_fitness_overall
        }
        return self.best_solution_overall, self.best_fitness_overall, optimization_info

    def tournament_selection(self, fitnesses, k):
        num_parents = len(fitnesses) // 2  # Select half the population as parents
        parents = np.zeros((num_parents, self.dim))
        for i in range(num_parents):
            tournament = np.random.choice(len(fitnesses), size=k, replace=False)
            winner_index = tournament[np.argmin(fitnesses[tournament])]
            parents[i] = self.population[winner_index]
        return parents

    def gaussian_mutation(self, parents, sigma):
        offspring = parents + np.random.normal(0, sigma, parents.shape)
        return offspring

2025-06-23 09:03:49 INFO --- GNBG Problem Parameters for f15 ---
  Dimension: 30, MaxEvals: 500000
  Search Bounds: [-100, 100]
  Number of Components: 1
  Known Optimum Value: -234.280428
  Lambda (Curvature): [0.1]
  Mu (Asymmetry/Depth): [1 1]
----------------------------------------
2025-06-23 09:03:49 INFO Run function 2 complete. FEHistory len: 70000, AOCC: 0.2076
2025-06-23 09:03:49 INFO FeHistory: [-701.29245338 -701.3153819  -701.29201952 ... -702.69201252 -702.69607982
 -702.70167173]
2025-06-23 09:03:49 INFO Expected Optimum FE: -703.1328146165181
2025-06-23 09:03:49 INFO Good algorithm:
Algorithm Name: AdaptiveGaussianSamplingEA
import numpy as np
class AdaptiveGaussianSamplingEA:
    def __init__(self, budget: int, dim: int, lower_bounds: list[float], upper_bounds: list[float]):
        self.budget = int(budget)
        self.dim = int(dim)
        self.lower_bounds = np.array(lower_bounds, dtype=float)
        self.upper_bounds = np.array(upper_bounds, dtype=float)

        self.eval_count = 0
        self.best_solution_overall = None
        self.best_fitness_overall = float('inf')
        self.population_size = 100  # Adjust as needed
        self.sigma = 0.2 * (self.upper_bounds - self.lower_bounds)  # Initial Gaussian width
        self.sigma_decay = 0.99 #Decay rate of sigma


    def optimize(self, objective_function: callable, acceptance_threshold: float = 1e-8) -> tuple:
        self.eval_count = 0
        self.best_solution_overall = np.random.uniform(self.lower_bounds, self.upper_bounds, self.dim)
        self.best_fitness_overall = objective_function(self.best_solution_overall.reshape(1, -1))[0]
        self.eval_count += 1

        population = self._initialize_population()
        fitness_values = objective_function(population)
        self.eval_count += self.population_size

        while self.eval_count < self.budget:
            # Selection (tournament selection)
            parents = self._tournament_selection(population, fitness_values)

            # Recombination (Gaussian perturbation)
            offspring = self._gaussian_recombination(parents)

            # Mutation (adjust sigma adaptively)
            offspring = self._adaptive_mutation(offspring)

            #Evaluation
            offspring_fitness = objective_function(offspring)
            self.eval_count += len(offspring)
            
            #Selection for next generation
            population, fitness_values = self._select_next_generation(population, fitness_values, offspring, offspring_fitness)

            # Update best solution
            self._update_best(offspring, offspring_fitness)
            self.sigma *= self.sigma_decay

        optimization_info = {
            'function_evaluations_used': self.eval_count,
            'final_best_fitness': self.best_fitness_overall
        }
        return self.best_solution_overall, self.best_fitness_overall, optimization_info


    def _initialize_population(self):
        #Adaptive Gaussian Sampling
        center = np.random.uniform(self.lower_bounds, self.upper_bounds, self.dim)
        population = np.random.normal(center, self.sigma, size=(self.population_size, self.dim))
        population = np.clip(population, self.lower_bounds, self.upper_bounds)
        return population

    def _tournament_selection(self, population, fitness_values):
        tournament_size = 5
        num_parents = self.population_size //2 #Binary Recombination

        selected_parents = []
        for _ in range(num_parents):
            tournament = np.random.choice(len(population), tournament_size, replace=False)
            winner_index = tournament[np.argmin(fitness_values[tournament])]
            selected_parents.append(population[winner_index])
        return np.array(selected_parents)


    def _gaussian_recombination(self, parents):
        offspring = []
        for i in range(0, len(parents), 2):
            parent1 = parents[i]
            parent2 = parents[i+1]
            child1 = (parent1 + parent2) / 2 + np.random.normal(0, self.sigma / 2, self.dim)
            child2 = (parent1 + parent2) / 2 + np.random.normal(0, self.sigma / 2, self.dim)
            offspring.extend([child1, child2])
        return np.clip(np.array(offspring), self.lower_bounds, self.upper_bounds)


    def _adaptive_mutation(self, offspring):
        #Simple Mutation, sigma is already updated
        offspring += np.random.normal(0, self.sigma, size=offspring.shape)
        return np.clip(offspring, self.lower_bounds, self.upper_bounds)

    def _select_next_generation(self, population, fitness_values, offspring, offspring_fitness):
        combined_pop = np.vstack((population, offspring))
        combined_fit = np.concatenate((fitness_values, offspring_fitness))
        
        sorted_indices = np.argsort(combined_fit)
        
        next_gen = combined_pop[sorted_indices[:self.population_size]]
        next_fit = combined_fit[sorted_indices[:self.population_size]]
        return next_gen, next_fit
    

    def _update_best(self, offspring, offspring_fitness):
        for i, fitness in enumerate(offspring_fitness):
            if fitness < self.best_fitness_overall:
                self.best_fitness_overall = fitness
                self.best_solution_overall = offspring[i]
2025-06-23 09:03:49 INFO --- GNBG Problem Parameters for f15 ---
  Dimension: 30, MaxEvals: 500000
  Search Bounds: [-100, 100]
  Number of Components: 1
  Known Optimum Value: -234.280428
  Lambda (Curvature): [0.1]
  Mu (Asymmetry/Depth): [1 1]
----------------------------------------
2025-06-23 09:03:50 INFO Run function 2 complete. FEHistory len: 70000, AOCC: 0.2308
2025-06-23 09:03:50 INFO FeHistory: [-701.31796487 -701.32851782 -701.29036127 ... -702.18010119 -702.18010119
 -702.18010119]
2025-06-23 09:03:50 INFO Expected Optimum FE: -703.1328146165181
2025-06-23 09:03:50 INFO Good algorithm:
Algorithm Name: AdaptiveDifferentialEvolutionWithEnhancedInitialization
import numpy as np
from scipy.optimize import minimize

class AdaptiveDifferentialEvolutionWithEnhancedInitialization:
    """
    Combines Differential Evolution with enhanced initialization near known optima and local search for multimodal optimization.
    """
    def __init__(self, budget: int, dim: int, lower_bounds: list[float], upper_bounds: list[float], known_optimum=None):
        self.budget = int(budget)
        self.dim = int(dim)
        self.lower_bounds = np.array(lower_bounds, dtype=float)
        self.upper_bounds = np.array(upper_bounds, dtype=float)
        self.known_optimum = known_optimum  # Allow for None if no known optimum

        self.eval_count = 0
        self.best_solution_overall = None
        self.best_fitness_overall = float('inf')
        self.population_size = 100
        self.F = 0.8  # Differential Evolution scaling factor
        self.CR = 0.9  # Crossover rate
        self.local_search_freq = 5 # Perform local search every 5 generations

    def initialize_population(self, num_samples):
        population = np.random.uniform(self.lower_bounds, self.upper_bounds, size=(num_samples, self.dim))
        
        if self.known_optimum is not None:
            num_near_optimum = int(0.3 * num_samples) # 30% near the optimum
            noise_scale = 20 # Adjust noise scale as needed. Experiment with this!
            noise = np.random.normal(scale=noise_scale, size=(num_near_optimum, self.dim))
            population[:num_near_optimum, :] = self.known_optimum + noise
            population[:num_near_optimum, :] = np.clip(population[:num_near_optimum, :], self.lower_bounds, self.upper_bounds)

        return population

    def optimize(self, objective_function: callable, acceptance_threshold: float = 1e-8) -> tuple:
        self.eval_count = 0
        population = self.initialize_population(self.population_size)
        fitness = objective_function(population)
        self.eval_count += len(fitness)
        best_solution = population[np.argmin(fitness)]
        best_fitness = np.min(fitness)
        self.best_solution_overall = best_solution
        self.best_fitness_overall = best_fitness

        generation = 0
        while self.eval_count < self.budget:
            # Differential Evolution
            new_population = np.zeros_like(population)
            for i in range(self.population_size):
                a, b, c = np.random.choice(np.delete(np.arange(self.population_size), i), 3, replace=False)
                mutant = population[a] + self.F * (population[b] - population[c])
                mutant = np.clip(mutant, self.lower_bounds, self.upper_bounds)
                trial = np.where(np.random.rand(self.dim) < self.CR, mutant, population[i])
                trial_fitness = objective_function(trial.reshape(1, -1))
                self.eval_count += 1
                if trial_fitness[0] < fitness[i]:
                    new_population[i] = trial
                    fitness[i] = trial_fitness[0]
                else:
                    new_population[i] = population[i]

            population = new_population
            best_solution = population[np.argmin(fitness)]
            best_fitness = np.min(fitness)

            if best_fitness < self.best_fitness_overall:
                self.best_fitness_overall = best_fitness
                self.best_solution_overall = best_solution

            # Local Search
            if generation % self.local_search_freq == 0:
                result = minimize(objective_function, best_solution, method='L-BFGS-B', bounds=list(zip(self.lower_bounds, self.upper_bounds)))
                if result.fun < best_fitness:
                    best_fitness = result.fun
                    best_solution = result.x
                    self.eval_count += result.nfev

                    if best_fitness < self.best_fitness_overall:
                        self.best_fitness_overall = best_fitness
                        self.best_solution_overall = best_solution

            generation += 1

        optimization_info = {
            'function_evaluations_used': self.eval_count,
            'final_best_fitness': self.best_fitness_overall
        }
        return self.best_solution_overall, self.best_fitness_overall, optimization_info









2025-06-23 09:03:50 INFO --- GNBG Problem Parameters for f15 ---
  Dimension: 30, MaxEvals: 500000
  Search Bounds: [-100, 100]
  Number of Components: 1
  Known Optimum Value: -234.280428
  Lambda (Curvature): [0.1]
  Mu (Asymmetry/Depth): [1 1]
----------------------------------------
2025-06-23 09:03:51 INFO Run function 2 complete. FEHistory len: 70000, AOCC: 0.2078
2025-06-23 09:03:51 INFO FeHistory: [-701.29748075 -701.31912234 -701.30566928 ... -702.57513091 -702.5746674
 -702.5891334 ]
2025-06-23 09:03:51 INFO Expected Optimum FE: -703.1328146165181
2025-06-23 09:03:51 INFO Good algorithm:
Algorithm Name: AdaptiveGaussianMutationDE
import numpy as np
import random

class AdaptiveGaussianMutationDE:
    def __init__(self, budget: int, dim: int, lower_bounds: list[float], upper_bounds: list[float]):
        self.budget = int(budget)
        self.dim = int(dim)
        self.lower_bounds = np.array(lower_bounds, dtype=float)
        self.upper_bounds = np.array(upper_bounds, dtype=float)

        self.eval_count = 0
        self.best_solution_overall = None
        self.best_fitness_overall = float('inf')
        self.population_size = 100  # Adjust as needed
        self.population = None
        self.fitness_values = None
        self.mutation_scale = 0.8 # Initial mutation scale
        self.mutation_scale_decay = 0.99 #decay factor for the mutation scale

    def optimize(self, objective_function: callable, acceptance_threshold: float = 1e-8) -> tuple:
        self.eval_count = 0
        self.population = self._initialize_population()
        self.fitness_values = self._evaluate_population(objective_function)

        self.best_solution_overall, self.best_fitness_overall = self._find_best(self.population,self.fitness_values)

        while self.eval_count < self.budget:
            new_population = []
            new_fitness_values = []

            for i in range(self.population_size):
                # Differential Mutation
                a, b, c = self._select_different(i)
                mutant = self.population[a] + self.mutation_scale * (self.population[b] - self.population[c])

                #Adaptive Gaussian perturbation to escape local optima
                mutant += np.random.normal(0, self.mutation_scale/2, self.dim)  

                #Clipping
                mutant = np.clip(mutant, self.lower_bounds, self.upper_bounds)

                #Crossover
                trial = np.where(np.random.rand(self.dim) < 0.5, mutant, self.population[i])

                #Selection
                trial_fitness = objective_function(trial.reshape(1, -1))[0]
                self.eval_count += 1
                if trial_fitness < self.fitness_values[i]:
                    new_population.append(trial)
                    new_fitness_values.append(trial_fitness)
                else:
                    new_population.append(self.population[i])
                    new_fitness_values.append(self.fitness_values[i])
                
                best_solution,best_fitness = self._find_best(np.array(new_population), np.array(new_fitness_values))
                if best_fitness < self.best_fitness_overall:
                    self.best_solution_overall = best_solution
                    self.best_fitness_overall = best_fitness


            self.population = np.array(new_population)
            self.fitness_values = np.array(new_fitness_values)
            self.mutation_scale *= self.mutation_scale_decay #Decay mutation scale

        optimization_info = {
            'function_evaluations_used': self.eval_count,
            'final_best_fitness': self.best_fitness_overall
        }
        return self.best_solution_overall, self.best_fitness_overall, optimization_info

    def _initialize_population(self):
        return np.random.uniform(self.lower_bounds, self.upper_bounds, size=(self.population_size, self.dim))

    def _evaluate_population(self, objective_function):
        population_reshaped = self.population.reshape(-1, self.dim)
        fitness = objective_function(population_reshaped)
        self.eval_count += self.population_size
        return fitness

    def _select_different(self, index):
        a, b, c = random.sample(range(self.population_size), 3)
        while a == index or b == index or c == index or a == b or a == c or b == c:
            a, b, c = random.sample(range(self.population_size), 3)
        return a, b, c

    def _find_best(self,population,fitness_values):
        best_index = np.argmin(fitness_values)
        return population[best_index], fitness_values[best_index]
2025-06-23 09:03:51 INFO --- GNBG Problem Parameters for f15 ---
  Dimension: 30, MaxEvals: 500000
  Search Bounds: [-100, 100]
  Number of Components: 1
  Known Optimum Value: -234.280428
  Lambda (Curvature): [0.1]
  Mu (Asymmetry/Depth): [1 1]
----------------------------------------
2025-06-23 09:03:54 INFO Run function 15 complete. FEHistory len: 70000, AOCC: 0.1190
2025-06-23 09:03:54 INFO FeHistory: [-221.28835497 -221.7257287  -221.57216215 ... -228.10761948 -228.10761951
 -228.10761948]
2025-06-23 09:03:54 INFO Expected Optimum FE: -234.28042789139022
2025-06-23 09:03:54 INFO Good algorithm:
Algorithm Name: AdaptiveGaussianSamplingEA
import numpy as np

class AdaptiveGaussianSamplingEA:
    def __init__(self, budget: int, dim: int, lower_bounds: list[float], upper_bounds: list[float]):
        self.budget = int(budget)
        self.dim = int(dim)
        self.lower_bounds = np.array(lower_bounds, dtype=float)
        self.upper_bounds = np.array(upper_bounds, dtype=float)

        self.eval_count = 0
        self.best_solution_overall = None
        self.best_fitness_overall = float('inf')
        self.population_size = 100  # Adjust as needed
        self.population = None
        self.sigma = 0.2 * (self.upper_bounds - self.lower_bounds)  # Initial Standard Deviation for Gaussian Sampling

    def optimize(self, objective_function: callable, acceptance_threshold: float = 1e-8) -> tuple:
        self.eval_count = 0
        self.population = np.random.uniform(self.lower_bounds, self.upper_bounds, size=(self.population_size, self.dim))
        fitness_values = objective_function(self.population)
        self.eval_count += self.population_size

        self.best_solution_overall = self.population[np.argmin(fitness_values)]
        self.best_fitness_overall = np.min(fitness_values)

        while self.eval_count < self.budget:
            # Adaptive Gaussian Sampling
            parents = self.tournament_selection(fitness_values, k=5)  # Tournament Selection
            offspring = self.gaussian_mutation(parents, self.sigma)

            # Bounds handling
            offspring = np.clip(offspring, self.lower_bounds, self.upper_bounds)

            offspring_fitness = objective_function(offspring)
            self.eval_count += len(offspring)

            # Update population and best solution
            self.population = np.concatenate((self.population, offspring))
            fitness_values = np.concatenate((fitness_values, offspring_fitness))

            best_index = np.argmin(fitness_values)
            if fitness_values[best_index] < self.best_fitness_overall:
                self.best_solution_overall = self.population[best_index]
                self.best_fitness_overall = fitness_values[best_index]

            # Adaptive Sigma
            self.sigma *= 0.99  # Gradually reduce sigma for finer search later.

            # Elitism
            sorted_pop = self.population[np.argsort(fitness_values)]
            self.population = sorted_pop[:self.population_size]
            fitness_values = fitness_values[np.argsort(fitness_values)][:self.population_size]

        optimization_info = {
            'function_evaluations_used': self.eval_count,
            'final_best_fitness': self.best_fitness_overall
        }
        return self.best_solution_overall, self.best_fitness_overall, optimization_info

    def tournament_selection(self, fitnesses, k):
        num_parents = len(fitnesses) // 2  # Select half the population as parents
        parents = np.zeros((num_parents, self.dim))
        for i in range(num_parents):
            tournament = np.random.choice(len(fitnesses), size=k, replace=False)
            winner_index = tournament[np.argmin(fitnesses[tournament])]
            parents[i] = self.population[winner_index]
        return parents

    def gaussian_mutation(self, parents, sigma):
        offspring = parents + np.random.normal(0, sigma, parents.shape)
        return offspring

2025-06-23 09:03:54 INFO --- GNBG Problem Parameters for f24 ---
  Dimension: 30, MaxEvals: 1000000
  Search Bounds: [-100, 100]
  Number of Components: 5
  Known Optimum Value: -100.000000
  Lambda (Curvature): [0.25 0.25 0.25 0.25 0.25]
  Mu (Asymmetry/Depth): [0.44142637 0.27898903 0.25803028 0.21978833 0.39183826 0.42051979
 0.35740109 0.43165341 0.47744239 0.47234476]
----------------------------------------
2025-06-23 09:03:56 INFO Run function 15 complete. FEHistory len: 70000, AOCC: 0.1218
2025-06-23 09:03:56 INFO FeHistory: [-220.82783851 -220.56152802 -221.4975655  ... -228.61753811 -228.61753808
 -228.61753818]
2025-06-23 09:03:56 INFO Expected Optimum FE: -234.28042789139022
2025-06-23 09:03:56 INFO Good algorithm:
Algorithm Name: AdaptiveGaussianSamplingEA
import numpy as np
class AdaptiveGaussianSamplingEA:
    def __init__(self, budget: int, dim: int, lower_bounds: list[float], upper_bounds: list[float]):
        self.budget = int(budget)
        self.dim = int(dim)
        self.lower_bounds = np.array(lower_bounds, dtype=float)
        self.upper_bounds = np.array(upper_bounds, dtype=float)

        self.eval_count = 0
        self.best_solution_overall = None
        self.best_fitness_overall = float('inf')
        self.population_size = 100  # Adjust as needed
        self.sigma = 0.2 * (self.upper_bounds - self.lower_bounds)  # Initial Gaussian width
        self.sigma_decay = 0.99 #Decay rate of sigma


    def optimize(self, objective_function: callable, acceptance_threshold: float = 1e-8) -> tuple:
        self.eval_count = 0
        self.best_solution_overall = np.random.uniform(self.lower_bounds, self.upper_bounds, self.dim)
        self.best_fitness_overall = objective_function(self.best_solution_overall.reshape(1, -1))[0]
        self.eval_count += 1

        population = self._initialize_population()
        fitness_values = objective_function(population)
        self.eval_count += self.population_size

        while self.eval_count < self.budget:
            # Selection (tournament selection)
            parents = self._tournament_selection(population, fitness_values)

            # Recombination (Gaussian perturbation)
            offspring = self._gaussian_recombination(parents)

            # Mutation (adjust sigma adaptively)
            offspring = self._adaptive_mutation(offspring)

            #Evaluation
            offspring_fitness = objective_function(offspring)
            self.eval_count += len(offspring)
            
            #Selection for next generation
            population, fitness_values = self._select_next_generation(population, fitness_values, offspring, offspring_fitness)

            # Update best solution
            self._update_best(offspring, offspring_fitness)
            self.sigma *= self.sigma_decay

        optimization_info = {
            'function_evaluations_used': self.eval_count,
            'final_best_fitness': self.best_fitness_overall
        }
        return self.best_solution_overall, self.best_fitness_overall, optimization_info


    def _initialize_population(self):
        #Adaptive Gaussian Sampling
        center = np.random.uniform(self.lower_bounds, self.upper_bounds, self.dim)
        population = np.random.normal(center, self.sigma, size=(self.population_size, self.dim))
        population = np.clip(population, self.lower_bounds, self.upper_bounds)
        return population

    def _tournament_selection(self, population, fitness_values):
        tournament_size = 5
        num_parents = self.population_size //2 #Binary Recombination

        selected_parents = []
        for _ in range(num_parents):
            tournament = np.random.choice(len(population), tournament_size, replace=False)
            winner_index = tournament[np.argmin(fitness_values[tournament])]
            selected_parents.append(population[winner_index])
        return np.array(selected_parents)


    def _gaussian_recombination(self, parents):
        offspring = []
        for i in range(0, len(parents), 2):
            parent1 = parents[i]
            parent2 = parents[i+1]
            child1 = (parent1 + parent2) / 2 + np.random.normal(0, self.sigma / 2, self.dim)
            child2 = (parent1 + parent2) / 2 + np.random.normal(0, self.sigma / 2, self.dim)
            offspring.extend([child1, child2])
        return np.clip(np.array(offspring), self.lower_bounds, self.upper_bounds)


    def _adaptive_mutation(self, offspring):
        #Simple Mutation, sigma is already updated
        offspring += np.random.normal(0, self.sigma, size=offspring.shape)
        return np.clip(offspring, self.lower_bounds, self.upper_bounds)

    def _select_next_generation(self, population, fitness_values, offspring, offspring_fitness):
        combined_pop = np.vstack((population, offspring))
        combined_fit = np.concatenate((fitness_values, offspring_fitness))
        
        sorted_indices = np.argsort(combined_fit)
        
        next_gen = combined_pop[sorted_indices[:self.population_size]]
        next_fit = combined_fit[sorted_indices[:self.population_size]]
        return next_gen, next_fit
    

    def _update_best(self, offspring, offspring_fitness):
        for i, fitness in enumerate(offspring_fitness):
            if fitness < self.best_fitness_overall:
                self.best_fitness_overall = fitness
                self.best_solution_overall = offspring[i]
2025-06-23 09:03:56 INFO --- GNBG Problem Parameters for f24 ---
  Dimension: 30, MaxEvals: 1000000
  Search Bounds: [-100, 100]
  Number of Components: 5
  Known Optimum Value: -100.000000
  Lambda (Curvature): [0.25 0.25 0.25 0.25 0.25]
  Mu (Asymmetry/Depth): [0.44142637 0.27898903 0.25803028 0.21978833 0.39183826 0.42051979
 0.35740109 0.43165341 0.47744239 0.47234476]
----------------------------------------
2025-06-23 09:03:56 INFO Run function 15 complete. FEHistory len: 70000, AOCC: 0.1203
2025-06-23 09:03:56 INFO FeHistory: [-222.54100438 -222.00036105 -222.32397231 ... -228.07030874 -228.07030874
 -228.07030874]
2025-06-23 09:03:56 INFO Expected Optimum FE: -234.28042789139022
2025-06-23 09:03:56 INFO Good algorithm:
Algorithm Name: AdaptiveDifferentialEvolutionWithEnhancedInitialization
import numpy as np
from scipy.optimize import minimize

class AdaptiveDifferentialEvolutionWithEnhancedInitialization:
    """
    Combines Differential Evolution with enhanced initialization near known optima and local search for multimodal optimization.
    """
    def __init__(self, budget: int, dim: int, lower_bounds: list[float], upper_bounds: list[float], known_optimum=None):
        self.budget = int(budget)
        self.dim = int(dim)
        self.lower_bounds = np.array(lower_bounds, dtype=float)
        self.upper_bounds = np.array(upper_bounds, dtype=float)
        self.known_optimum = known_optimum  # Allow for None if no known optimum

        self.eval_count = 0
        self.best_solution_overall = None
        self.best_fitness_overall = float('inf')
        self.population_size = 100
        self.F = 0.8  # Differential Evolution scaling factor
        self.CR = 0.9  # Crossover rate
        self.local_search_freq = 5 # Perform local search every 5 generations

    def initialize_population(self, num_samples):
        population = np.random.uniform(self.lower_bounds, self.upper_bounds, size=(num_samples, self.dim))
        
        if self.known_optimum is not None:
            num_near_optimum = int(0.3 * num_samples) # 30% near the optimum
            noise_scale = 20 # Adjust noise scale as needed. Experiment with this!
            noise = np.random.normal(scale=noise_scale, size=(num_near_optimum, self.dim))
            population[:num_near_optimum, :] = self.known_optimum + noise
            population[:num_near_optimum, :] = np.clip(population[:num_near_optimum, :], self.lower_bounds, self.upper_bounds)

        return population

    def optimize(self, objective_function: callable, acceptance_threshold: float = 1e-8) -> tuple:
        self.eval_count = 0
        population = self.initialize_population(self.population_size)
        fitness = objective_function(population)
        self.eval_count += len(fitness)
        best_solution = population[np.argmin(fitness)]
        best_fitness = np.min(fitness)
        self.best_solution_overall = best_solution
        self.best_fitness_overall = best_fitness

        generation = 0
        while self.eval_count < self.budget:
            # Differential Evolution
            new_population = np.zeros_like(population)
            for i in range(self.population_size):
                a, b, c = np.random.choice(np.delete(np.arange(self.population_size), i), 3, replace=False)
                mutant = population[a] + self.F * (population[b] - population[c])
                mutant = np.clip(mutant, self.lower_bounds, self.upper_bounds)
                trial = np.where(np.random.rand(self.dim) < self.CR, mutant, population[i])
                trial_fitness = objective_function(trial.reshape(1, -1))
                self.eval_count += 1
                if trial_fitness[0] < fitness[i]:
                    new_population[i] = trial
                    fitness[i] = trial_fitness[0]
                else:
                    new_population[i] = population[i]

            population = new_population
            best_solution = population[np.argmin(fitness)]
            best_fitness = np.min(fitness)

            if best_fitness < self.best_fitness_overall:
                self.best_fitness_overall = best_fitness
                self.best_solution_overall = best_solution

            # Local Search
            if generation % self.local_search_freq == 0:
                result = minimize(objective_function, best_solution, method='L-BFGS-B', bounds=list(zip(self.lower_bounds, self.upper_bounds)))
                if result.fun < best_fitness:
                    best_fitness = result.fun
                    best_solution = result.x
                    self.eval_count += result.nfev

                    if best_fitness < self.best_fitness_overall:
                        self.best_fitness_overall = best_fitness
                        self.best_solution_overall = best_solution

            generation += 1

        optimization_info = {
            'function_evaluations_used': self.eval_count,
            'final_best_fitness': self.best_fitness_overall
        }
        return self.best_solution_overall, self.best_fitness_overall, optimization_info









2025-06-23 09:03:56 INFO --- GNBG Problem Parameters for f24 ---
  Dimension: 30, MaxEvals: 1000000
  Search Bounds: [-100, 100]
  Number of Components: 5
  Known Optimum Value: -100.000000
  Lambda (Curvature): [0.25 0.25 0.25 0.25 0.25]
  Mu (Asymmetry/Depth): [0.44142637 0.27898903 0.25803028 0.21978833 0.39183826 0.42051979
 0.35740109 0.43165341 0.47744239 0.47234476]
----------------------------------------
2025-06-23 09:03:58 INFO Run function 15 complete. FEHistory len: 70000, AOCC: 0.1093
2025-06-23 09:03:58 INFO FeHistory: [-222.95338719 -222.69872771 -221.88491934 ... -222.8877792  -222.70316771
 -222.605938  ]
2025-06-23 09:03:58 INFO Expected Optimum FE: -234.28042789139022
2025-06-23 09:03:58 INFO Good algorithm:
Algorithm Name: AdaptiveGaussianMutationDE
import numpy as np
import random

class AdaptiveGaussianMutationDE:
    def __init__(self, budget: int, dim: int, lower_bounds: list[float], upper_bounds: list[float]):
        self.budget = int(budget)
        self.dim = int(dim)
        self.lower_bounds = np.array(lower_bounds, dtype=float)
        self.upper_bounds = np.array(upper_bounds, dtype=float)

        self.eval_count = 0
        self.best_solution_overall = None
        self.best_fitness_overall = float('inf')
        self.population_size = 100  # Adjust as needed
        self.population = None
        self.fitness_values = None
        self.mutation_scale = 0.8 # Initial mutation scale
        self.mutation_scale_decay = 0.99 #decay factor for the mutation scale

    def optimize(self, objective_function: callable, acceptance_threshold: float = 1e-8) -> tuple:
        self.eval_count = 0
        self.population = self._initialize_population()
        self.fitness_values = self._evaluate_population(objective_function)

        self.best_solution_overall, self.best_fitness_overall = self._find_best(self.population,self.fitness_values)

        while self.eval_count < self.budget:
            new_population = []
            new_fitness_values = []

            for i in range(self.population_size):
                # Differential Mutation
                a, b, c = self._select_different(i)
                mutant = self.population[a] + self.mutation_scale * (self.population[b] - self.population[c])

                #Adaptive Gaussian perturbation to escape local optima
                mutant += np.random.normal(0, self.mutation_scale/2, self.dim)  

                #Clipping
                mutant = np.clip(mutant, self.lower_bounds, self.upper_bounds)

                #Crossover
                trial = np.where(np.random.rand(self.dim) < 0.5, mutant, self.population[i])

                #Selection
                trial_fitness = objective_function(trial.reshape(1, -1))[0]
                self.eval_count += 1
                if trial_fitness < self.fitness_values[i]:
                    new_population.append(trial)
                    new_fitness_values.append(trial_fitness)
                else:
                    new_population.append(self.population[i])
                    new_fitness_values.append(self.fitness_values[i])
                
                best_solution,best_fitness = self._find_best(np.array(new_population), np.array(new_fitness_values))
                if best_fitness < self.best_fitness_overall:
                    self.best_solution_overall = best_solution
                    self.best_fitness_overall = best_fitness


            self.population = np.array(new_population)
            self.fitness_values = np.array(new_fitness_values)
            self.mutation_scale *= self.mutation_scale_decay #Decay mutation scale

        optimization_info = {
            'function_evaluations_used': self.eval_count,
            'final_best_fitness': self.best_fitness_overall
        }
        return self.best_solution_overall, self.best_fitness_overall, optimization_info

    def _initialize_population(self):
        return np.random.uniform(self.lower_bounds, self.upper_bounds, size=(self.population_size, self.dim))

    def _evaluate_population(self, objective_function):
        population_reshaped = self.population.reshape(-1, self.dim)
        fitness = objective_function(population_reshaped)
        self.eval_count += self.population_size
        return fitness

    def _select_different(self, index):
        a, b, c = random.sample(range(self.population_size), 3)
        while a == index or b == index or c == index or a == b or a == c or b == c:
            a, b, c = random.sample(range(self.population_size), 3)
        return a, b, c

    def _find_best(self,population,fitness_values):
        best_index = np.argmin(fitness_values)
        return population[best_index], fitness_values[best_index]
2025-06-23 09:03:58 INFO --- GNBG Problem Parameters for f24 ---
  Dimension: 30, MaxEvals: 1000000
  Search Bounds: [-100, 100]
  Number of Components: 5
  Known Optimum Value: -100.000000
  Lambda (Curvature): [0.25 0.25 0.25 0.25 0.25]
  Mu (Asymmetry/Depth): [0.44142637 0.27898903 0.25803028 0.21978833 0.39183826 0.42051979
 0.35740109 0.43165341 0.47744239 0.47234476]
----------------------------------------
2025-06-23 09:04:13 INFO Run function 24 complete. FEHistory len: 70000, AOCC: 0.0377
2025-06-23 09:04:13 INFO FeHistory: [162.86041197 199.15364581 220.45042383 ... -67.94692652 -67.94693224
 -67.94693532]
2025-06-23 09:04:13 INFO Expected Optimum FE: -100
2025-06-23 09:04:13 INFO Unimodal AOCC mean: 0.2060
2025-06-23 09:04:13 INFO Multimodal (single component) AOCC mean: 0.1190
2025-06-23 09:04:13 INFO Multimodal (multiple components) AOCC mean: 0.0377
2025-06-23 09:04:13 INFO AOCC mean: 0.1209
2025-06-23 09:04:13 INFO --- GNBG Problem Parameters for f2 ---
  Dimension: 30, MaxEvals: 500000
  Search Bounds: [-100, 100]
  Number of Components: 1
  Known Optimum Value: -703.132815
  Lambda (Curvature): [0.05]
  Mu (Asymmetry/Depth): [0 0]
----------------------------------------
2025-06-23 09:04:15 INFO Run function 24 complete. FEHistory len: 70000, AOCC: 0.0468
2025-06-23 09:04:15 INFO FeHistory: [175.13981202 200.47720061 168.02366673 ... -75.22744748 -75.22744752
 -75.22744755]
2025-06-23 09:04:15 INFO Expected Optimum FE: -100
2025-06-23 09:04:15 INFO Unimodal AOCC mean: 0.2076
2025-06-23 09:04:15 INFO Multimodal (single component) AOCC mean: 0.1218
2025-06-23 09:04:15 INFO Multimodal (multiple components) AOCC mean: 0.0468
2025-06-23 09:04:15 INFO AOCC mean: 0.1254
2025-06-23 09:04:15 INFO --- GNBG Problem Parameters for f2 ---
  Dimension: 30, MaxEvals: 500000
  Search Bounds: [-100, 100]
  Number of Components: 1
  Known Optimum Value: -703.132815
  Lambda (Curvature): [0.05]
  Mu (Asymmetry/Depth): [0 0]
----------------------------------------
2025-06-23 09:04:16 INFO Run function 24 complete. FEHistory len: 70000, AOCC: 0.0000
2025-06-23 09:04:16 INFO FeHistory: [207.33201258 199.84103205 186.03758488 ...  51.50266756  51.50266757
  51.50266757]
2025-06-23 09:04:16 INFO Expected Optimum FE: -100
2025-06-23 09:04:16 INFO Unimodal AOCC mean: 0.2308
2025-06-23 09:04:16 INFO Multimodal (single component) AOCC mean: 0.1203
2025-06-23 09:04:16 INFO Multimodal (multiple components) AOCC mean: 0.0000
2025-06-23 09:04:16 INFO AOCC mean: 0.1170
2025-06-23 09:04:16 INFO --- GNBG Problem Parameters for f2 ---
  Dimension: 30, MaxEvals: 500000
  Search Bounds: [-100, 100]
  Number of Components: 1
  Known Optimum Value: -703.132815
  Lambda (Curvature): [0.05]
  Mu (Asymmetry/Depth): [0 0]
----------------------------------------
2025-06-23 09:04:18 INFO Run function 24 complete. FEHistory len: 70000, AOCC: 0.0279
2025-06-23 09:04:18 INFO FeHistory: [174.84084608 176.27413174 193.61396454 ... -58.04838639 -63.17504451
 -63.36580849]
2025-06-23 09:04:18 INFO Expected Optimum FE: -100
2025-06-23 09:04:18 INFO Unimodal AOCC mean: 0.2078
2025-06-23 09:04:18 INFO Multimodal (single component) AOCC mean: 0.1093
2025-06-23 09:04:18 INFO Multimodal (multiple components) AOCC mean: 0.0279
2025-06-23 09:04:18 INFO AOCC mean: 0.1150
2025-06-23 09:04:21 INFO Run function 2 complete. FEHistory len: 70000, AOCC: 0.1982
2025-06-23 09:04:21 INFO FeHistory: [-701.30992014 -701.29314933 -701.33421705 ... -702.45944554 -702.45073235
 -702.44681959]
2025-06-23 09:04:21 INFO Expected Optimum FE: -703.1328146165181
2025-06-23 09:04:21 INFO Good algorithm:
Algorithm Name: EnhancedArchiveGuidedDE
import numpy as np
import random
class EnhancedArchiveGuidedDE:
    def __init__(self, budget: int, dim: int, lower_bounds: list[float], upper_bounds: list[float]):
        self.budget = int(budget)
        self.dim = int(dim)
        self.lower_bounds = np.array(lower_bounds, dtype=float)
        self.upper_bounds = np.array(upper_bounds, dtype=float)

        self.eval_count = 0
        self.best_solution_overall = None
        self.best_fitness_overall = float('inf')

        self.population_size = 10 * self.dim  # common heuristic
        self.archive_size = 100
        self.archive = []
        self.population = None
        self.F_scale = 0.5 #initial scaling factor


    def optimize(self, objective_function: callable, acceptance_threshold: float = 1e-8) -> tuple:
        self.eval_count = 0
        self.population = np.random.uniform(self.lower_bounds, self.upper_bounds, size=(self.population_size, self.dim))
        fitness = objective_function(self.population)
        self.eval_count += self.population_size

        self.best_solution_overall = self.population[np.argmin(fitness)]
        self.best_fitness_overall = np.min(fitness)

        while self.eval_count < self.budget:
            offspring = self.generate_offspring(self.population, fitness)
            offspring_fitness = objective_function(offspring)
            self.eval_count += len(offspring)

            # Update archive
            self.update_archive(offspring, offspring_fitness)

            # Select best solutions for next generation
            combined_population = np.concatenate((self.population, offspring))
            combined_fitness = np.concatenate((fitness, offspring_fitness))
            indices = np.argsort(combined_fitness)
            self.population = combined_population[indices[:self.population_size]]
            fitness = combined_fitness[indices[:self.population_size]]

            #Update best solution
            self.best_solution_overall = self.population[np.argmin(fitness)]
            self.best_fitness_overall = np.min(fitness)


        optimization_info = {
            'function_evaluations_used': self.eval_count,
            'final_best_fitness': self.best_fitness_overall,
            'archive_size': len(self.archive)
        }
        return self.best_solution_overall, self.best_fitness_overall, optimization_info

    def generate_offspring(self, population, fitness):
        offspring = np.zeros((self.population_size, self.dim))
        #Adaptive scaling factor
        self.F_scale = 0.5 + 0.3*np.random.rand() #scale factor with slight variation

        for i in range(self.population_size):
            # Select pbest from archive (if available)
            if self.archive:
                pbest_index = np.random.choice(len(self.archive))
                pbest = self.archive[pbest_index][0]
            else:
                pbest = population[np.argmin(fitness)]

            a, b, c = random.sample(range(self.population_size), 3)
            while a == i or b == i or c == i:
                a, b, c = random.sample(range(self.population_size), 3)

            offspring[i] = population[i] + self.F_scale * (pbest - population[i] + population[a] - population[b])
            offspring[i] = np.clip(offspring[i], self.lower_bounds, self.upper_bounds) #Boundary handling

        return offspring

    def update_archive(self, offspring, offspring_fitness):
        for i in range(len(offspring)):
            if len(self.archive) < self.archive_size:
                self.archive.append((offspring[i], offspring_fitness[i]))
            else:
                #Prioritize diversity in archive
                worst_index = np.argmax([f for _, f in self.archive])
                if offspring_fitness[i] < self.archive[worst_index][1] or len(self.archive) < self.archive_size * 0.8 :
                    self.archive[worst_index] = (offspring[i], offspring_fitness[i])
2025-06-23 09:04:21 INFO --- GNBG Problem Parameters for f15 ---
  Dimension: 30, MaxEvals: 500000
  Search Bounds: [-100, 100]
  Number of Components: 1
  Known Optimum Value: -234.280428
  Lambda (Curvature): [0.1]
  Mu (Asymmetry/Depth): [1 1]
----------------------------------------
2025-06-23 09:04:23 INFO Run function 2 complete. FEHistory len: 70000, AOCC: 0.2025
2025-06-23 09:04:23 INFO FeHistory: [-701.28024082 -701.2827672  -701.28024082 ... -701.78084959 -702.28286773
 -701.82683327]
2025-06-23 09:04:23 INFO Expected Optimum FE: -703.1328146165181
2025-06-23 09:04:23 INFO Good algorithm:
Algorithm Name: AdaptiveMultimodalOptimizerImproved
import numpy as np
import random
class AdaptiveMultimodalOptimizerImproved:
    def __init__(self, budget: int, dim: int, lower_bounds: list[float], upper_bounds: list[float]):
        self.budget = int(budget)
        self.dim = int(dim)
        self.lower_bounds = np.array(lower_bounds, dtype=float)
        self.upper_bounds = np.array(upper_bounds, dtype=float)

        self.eval_count = 0
        self.best_solution_overall = None
        self.best_fitness_overall = float('inf')
        self.tabu_list = []  # Tabu list to avoid revisiting recent solutions
        self.tabu_length = 10 # Length of the tabu list

        self.perturbation_strength = 0.5 # Initial perturbation strength, adaptive
        self.local_search_iterations = 10 # Number of iterations for local search
        self.temperature = 1.0 # Initial temperature for simulated annealing

    def optimize(self, objective_function: callable, acceptance_threshold: float = 1e-8) -> tuple:
        self.eval_count = 0
        if self.dim > 0:
            self.best_solution_overall = np.random.uniform(self.lower_bounds, self.upper_bounds, self.dim)
        else:
            self.best_solution_overall = np.array([])

        self.best_fitness_overall = objective_function(self.best_solution_overall.reshape(1, -1))[0]
        self.eval_count += 1

        while self.eval_count < self.budget:
            current_solution = self.best_solution_overall.copy()
                                
            # Local Search
            for _ in range(self.local_search_iterations):
                neighbor = self._generate_neighbor(current_solution)
                neighbor_fitness = objective_function(neighbor.reshape(1, -1))[0]
                self.eval_count += 1

                if self._accept(neighbor_fitness, self._fitness(current_solution, objective_function), self.temperature):
                    current_solution = neighbor

                if neighbor_fitness < self.best_fitness_overall:
                    self.best_fitness_overall = neighbor_fitness
                    self.best_solution_overall = neighbor
                    self.tabu_list = [] # Reset tabu list upon finding a new global best

            # Check for stagnation and apply perturbation
            if self._is_stagnant(current_solution):
                current_solution = self._perturb(current_solution)
            self.temperature *= 0.95 # Cool down the temperature

            # Add solution to tabu list
            self._update_tabu_list(current_solution)

        optimization_info = {
            'function_evaluations_used': self.eval_count,
            'final_best_fitness': self.best_fitness_overall,
            'perturbation_strength': self.perturbation_strength,
            'final_temperature': self.temperature
        }
        return self.best_solution_overall, self.best_fitness_overall, optimization_info


    def _generate_neighbor(self, solution):
        neighbor = solution.copy()
        index = random.randint(0, self.dim - 1)
        neighbor[index] += np.random.normal(0, 0.1 * (self.upper_bounds[index] - self.lower_bounds[index]))  # Small Gaussian perturbation
        neighbor = np.clip(neighbor, self.lower_bounds, self.upper_bounds)
        return neighbor

    def _perturb(self, solution):
        perturbation = np.random.uniform(-self.perturbation_strength, self.perturbation_strength, self.dim) * (self.upper_bounds - self.lower_bounds)
        new_solution = solution + perturbation
        new_solution = np.clip(new_solution, self.lower_bounds, self.upper_bounds)
        self.perturbation_strength *= 1.1 # Increase perturbation strength adaptively
        return new_solution

    def _is_stagnant(self, solution):
        return np.allclose(solution, self.best_solution_overall, atol=1e-4)


    def _update_tabu_list(self, solution):
        self.tabu_list.append(tuple(solution))
        if len(self.tabu_list) > self.tabu_length:
            self.tabu_list.pop(0)

    def _fitness(self, solution, objective_function):
        return objective_function(solution.reshape(1, -1))[0]

    def _accept(self, new_fitness, current_fitness, temperature):
        if new_fitness < current_fitness:
            return True
        else:
            delta_e = new_fitness - current_fitness
            acceptance_probability = np.exp(-delta_e / temperature)
            return random.random() < acceptance_probability








2025-06-23 09:04:23 INFO --- GNBG Problem Parameters for f15 ---
  Dimension: 30, MaxEvals: 500000
  Search Bounds: [-100, 100]
  Number of Components: 1
  Known Optimum Value: -234.280428
  Lambda (Curvature): [0.1]
  Mu (Asymmetry/Depth): [1 1]
----------------------------------------
2025-06-23 09:04:27 INFO Run function 15 complete. FEHistory len: 70000, AOCC: 0.1111
2025-06-23 09:04:27 INFO FeHistory: [-221.60613245 -221.51231051 -221.58204386 ... -224.02256399 -224.58215011
 -223.44316954]
2025-06-23 09:04:27 INFO Expected Optimum FE: -234.28042789139022
2025-06-23 09:04:27 INFO Good algorithm:
Algorithm Name: EnhancedArchiveGuidedDE
import numpy as np
import random
class EnhancedArchiveGuidedDE:
    def __init__(self, budget: int, dim: int, lower_bounds: list[float], upper_bounds: list[float]):
        self.budget = int(budget)
        self.dim = int(dim)
        self.lower_bounds = np.array(lower_bounds, dtype=float)
        self.upper_bounds = np.array(upper_bounds, dtype=float)

        self.eval_count = 0
        self.best_solution_overall = None
        self.best_fitness_overall = float('inf')

        self.population_size = 10 * self.dim  # common heuristic
        self.archive_size = 100
        self.archive = []
        self.population = None
        self.F_scale = 0.5 #initial scaling factor


    def optimize(self, objective_function: callable, acceptance_threshold: float = 1e-8) -> tuple:
        self.eval_count = 0
        self.population = np.random.uniform(self.lower_bounds, self.upper_bounds, size=(self.population_size, self.dim))
        fitness = objective_function(self.population)
        self.eval_count += self.population_size

        self.best_solution_overall = self.population[np.argmin(fitness)]
        self.best_fitness_overall = np.min(fitness)

        while self.eval_count < self.budget:
            offspring = self.generate_offspring(self.population, fitness)
            offspring_fitness = objective_function(offspring)
            self.eval_count += len(offspring)

            # Update archive
            self.update_archive(offspring, offspring_fitness)

            # Select best solutions for next generation
            combined_population = np.concatenate((self.population, offspring))
            combined_fitness = np.concatenate((fitness, offspring_fitness))
            indices = np.argsort(combined_fitness)
            self.population = combined_population[indices[:self.population_size]]
            fitness = combined_fitness[indices[:self.population_size]]

            #Update best solution
            self.best_solution_overall = self.population[np.argmin(fitness)]
            self.best_fitness_overall = np.min(fitness)


        optimization_info = {
            'function_evaluations_used': self.eval_count,
            'final_best_fitness': self.best_fitness_overall,
            'archive_size': len(self.archive)
        }
        return self.best_solution_overall, self.best_fitness_overall, optimization_info

    def generate_offspring(self, population, fitness):
        offspring = np.zeros((self.population_size, self.dim))
        #Adaptive scaling factor
        self.F_scale = 0.5 + 0.3*np.random.rand() #scale factor with slight variation

        for i in range(self.population_size):
            # Select pbest from archive (if available)
            if self.archive:
                pbest_index = np.random.choice(len(self.archive))
                pbest = self.archive[pbest_index][0]
            else:
                pbest = population[np.argmin(fitness)]

            a, b, c = random.sample(range(self.population_size), 3)
            while a == i or b == i or c == i:
                a, b, c = random.sample(range(self.population_size), 3)

            offspring[i] = population[i] + self.F_scale * (pbest - population[i] + population[a] - population[b])
            offspring[i] = np.clip(offspring[i], self.lower_bounds, self.upper_bounds) #Boundary handling

        return offspring

    def update_archive(self, offspring, offspring_fitness):
        for i in range(len(offspring)):
            if len(self.archive) < self.archive_size:
                self.archive.append((offspring[i], offspring_fitness[i]))
            else:
                #Prioritize diversity in archive
                worst_index = np.argmax([f for _, f in self.archive])
                if offspring_fitness[i] < self.archive[worst_index][1] or len(self.archive) < self.archive_size * 0.8 :
                    self.archive[worst_index] = (offspring[i], offspring_fitness[i])
2025-06-23 09:04:27 INFO --- GNBG Problem Parameters for f24 ---
  Dimension: 30, MaxEvals: 1000000
  Search Bounds: [-100, 100]
  Number of Components: 5
  Known Optimum Value: -100.000000
  Lambda (Curvature): [0.25 0.25 0.25 0.25 0.25]
  Mu (Asymmetry/Depth): [0.44142637 0.27898903 0.25803028 0.21978833 0.39183826 0.42051979
 0.35740109 0.43165341 0.47744239 0.47234476]
----------------------------------------
2025-06-23 09:04:33 INFO Run function 15 complete. FEHistory len: 70000, AOCC: 0.1143
2025-06-23 09:04:33 INFO FeHistory: [-219.7865375  -219.78728983 -219.7865375  ... -226.76555034 -227.13461014
 -227.07808951]
2025-06-23 09:04:33 INFO Expected Optimum FE: -234.28042789139022
2025-06-23 09:04:33 INFO Good algorithm:
Algorithm Name: AdaptiveMultimodalOptimizerImproved
import numpy as np
import random
class AdaptiveMultimodalOptimizerImproved:
    def __init__(self, budget: int, dim: int, lower_bounds: list[float], upper_bounds: list[float]):
        self.budget = int(budget)
        self.dim = int(dim)
        self.lower_bounds = np.array(lower_bounds, dtype=float)
        self.upper_bounds = np.array(upper_bounds, dtype=float)

        self.eval_count = 0
        self.best_solution_overall = None
        self.best_fitness_overall = float('inf')
        self.tabu_list = []  # Tabu list to avoid revisiting recent solutions
        self.tabu_length = 10 # Length of the tabu list

        self.perturbation_strength = 0.5 # Initial perturbation strength, adaptive
        self.local_search_iterations = 10 # Number of iterations for local search
        self.temperature = 1.0 # Initial temperature for simulated annealing

    def optimize(self, objective_function: callable, acceptance_threshold: float = 1e-8) -> tuple:
        self.eval_count = 0
        if self.dim > 0:
            self.best_solution_overall = np.random.uniform(self.lower_bounds, self.upper_bounds, self.dim)
        else:
            self.best_solution_overall = np.array([])

        self.best_fitness_overall = objective_function(self.best_solution_overall.reshape(1, -1))[0]
        self.eval_count += 1

        while self.eval_count < self.budget:
            current_solution = self.best_solution_overall.copy()
                                
            # Local Search
            for _ in range(self.local_search_iterations):
                neighbor = self._generate_neighbor(current_solution)
                neighbor_fitness = objective_function(neighbor.reshape(1, -1))[0]
                self.eval_count += 1

                if self._accept(neighbor_fitness, self._fitness(current_solution, objective_function), self.temperature):
                    current_solution = neighbor

                if neighbor_fitness < self.best_fitness_overall:
                    self.best_fitness_overall = neighbor_fitness
                    self.best_solution_overall = neighbor
                    self.tabu_list = [] # Reset tabu list upon finding a new global best

            # Check for stagnation and apply perturbation
            if self._is_stagnant(current_solution):
                current_solution = self._perturb(current_solution)
            self.temperature *= 0.95 # Cool down the temperature

            # Add solution to tabu list
            self._update_tabu_list(current_solution)

        optimization_info = {
            'function_evaluations_used': self.eval_count,
            'final_best_fitness': self.best_fitness_overall,
            'perturbation_strength': self.perturbation_strength,
            'final_temperature': self.temperature
        }
        return self.best_solution_overall, self.best_fitness_overall, optimization_info


    def _generate_neighbor(self, solution):
        neighbor = solution.copy()
        index = random.randint(0, self.dim - 1)
        neighbor[index] += np.random.normal(0, 0.1 * (self.upper_bounds[index] - self.lower_bounds[index]))  # Small Gaussian perturbation
        neighbor = np.clip(neighbor, self.lower_bounds, self.upper_bounds)
        return neighbor

    def _perturb(self, solution):
        perturbation = np.random.uniform(-self.perturbation_strength, self.perturbation_strength, self.dim) * (self.upper_bounds - self.lower_bounds)
        new_solution = solution + perturbation
        new_solution = np.clip(new_solution, self.lower_bounds, self.upper_bounds)
        self.perturbation_strength *= 1.1 # Increase perturbation strength adaptively
        return new_solution

    def _is_stagnant(self, solution):
        return np.allclose(solution, self.best_solution_overall, atol=1e-4)


    def _update_tabu_list(self, solution):
        self.tabu_list.append(tuple(solution))
        if len(self.tabu_list) > self.tabu_length:
            self.tabu_list.pop(0)

    def _fitness(self, solution, objective_function):
        return objective_function(solution.reshape(1, -1))[0]

    def _accept(self, new_fitness, current_fitness, temperature):
        if new_fitness < current_fitness:
            return True
        else:
            delta_e = new_fitness - current_fitness
            acceptance_probability = np.exp(-delta_e / temperature)
            return random.random() < acceptance_probability








2025-06-23 09:04:34 INFO --- GNBG Problem Parameters for f24 ---
  Dimension: 30, MaxEvals: 1000000
  Search Bounds: [-100, 100]
  Number of Components: 5
  Known Optimum Value: -100.000000
  Lambda (Curvature): [0.25 0.25 0.25 0.25 0.25]
  Mu (Asymmetry/Depth): [0.44142637 0.27898903 0.25803028 0.21978833 0.39183826 0.42051979
 0.35740109 0.43165341 0.47744239 0.47234476]
----------------------------------------
2025-06-23 09:04:46 INFO Run function 24 complete. FEHistory len: 70000, AOCC: 0.0452
2025-06-23 09:04:46 INFO FeHistory: [193.84239433 173.55818647 196.87159315 ... -88.73077052 -89.97656503
 -87.72936402]
2025-06-23 09:04:46 INFO Expected Optimum FE: -100
2025-06-23 09:04:46 INFO Unimodal AOCC mean: 0.1982
2025-06-23 09:04:46 INFO Multimodal (single component) AOCC mean: 0.1111
2025-06-23 09:04:46 INFO Multimodal (multiple components) AOCC mean: 0.0452
2025-06-23 09:04:46 INFO AOCC mean: 0.1182
2025-06-23 09:05:08 INFO Run function 24 complete. FEHistory len: 70000, AOCC: 0.0000
2025-06-23 09:05:08 INFO FeHistory: [202.11057074 193.84497566 202.11057074 ... 139.15475593  93.64357409
 137.57224413]
2025-06-23 09:05:08 INFO Expected Optimum FE: -100
2025-06-23 09:05:08 INFO Unimodal AOCC mean: 0.2025
2025-06-23 09:05:08 INFO Multimodal (single component) AOCC mean: 0.1143
2025-06-23 09:05:08 INFO Multimodal (multiple components) AOCC mean: 0.0000
2025-06-23 09:05:08 INFO AOCC mean: 0.1056
2025-06-23 09:05:27 INFO Run function 2 complete. FEHistory len: 70000, AOCC: 0.2340
2025-06-23 09:05:27 INFO FeHistory: [-701.32686734 -701.27095377 -701.25441256 ... -703.01710938 -703.01681381
 -703.01661579]
2025-06-23 09:05:27 INFO Expected Optimum FE: -703.1328146165181
2025-06-23 09:05:27 INFO Good algorithm:
Algorithm Name: AdaptiveGaussianArchiveEA
import numpy as np
class AdaptiveGaussianArchiveEA:
    """
    Combines adaptive Gaussian sampling with an archive to enhance exploration and exploitation in multimodal landscapes.  Employs a simple Gaussian mutation strategy and tournament selection for efficiency.
    """
    def __init__(self, budget: int, dim: int, lower_bounds: list[float], upper_bounds: list[float]):
        self.budget = int(budget)
        self.dim = int(dim)
        self.lower_bounds = np.array(lower_bounds, dtype=float)
        self.upper_bounds = np.array(upper_bounds, dtype=float)

        self.eval_count = 0
        self.best_solution_overall = None
        self.best_fitness_overall = float('inf')
        self.population_size = 100
        self.archive_size = 200  #Increased archive size for better diversity
        self.sigma = 0.5 * (self.upper_bounds - self.lower_bounds) #Increased initial sigma
        self.sigma_decay = 0.98 # Slightly faster decay
        self.archive = []

    def optimize(self, objective_function: callable, acceptance_threshold: float = 1e-8) -> tuple:
        self.eval_count = 0
        if self.dim > 0:
            self.best_solution_overall = np.random.uniform(self.lower_bounds, self.upper_bounds, self.dim)
        else:
            self.best_solution_overall = np.array([])
        self.best_fitness_overall = objective_function(self.best_solution_overall.reshape(1, -1))[0]
        self.eval_count += 1

        population = self._initialize_population()
        fitness_values = objective_function(population)
        self.eval_count += self.population_size

        self.archive = self._update_archive(population, fitness_values)

        while self.eval_count < self.budget:
            parents = self._tournament_selection(population, fitness_values)
            offspring = self._gaussian_recombination(parents)
            offspring = self._adaptive_mutation(offspring)
            offspring_fitness = objective_function(offspring)
            self.eval_count += len(offspring)

            population, fitness_values = self._select_next_generation(
                population, fitness_values, offspring, offspring_fitness
            )

            self.archive = self._update_archive(
                np.vstack((population, offspring)),
                np.concatenate((fitness_values, offspring_fitness))
            )

            self._update_best(offspring, offspring_fitness)
            self.sigma *= self.sigma_decay

        optimization_info = {
            'function_evaluations_used': self.eval_count,
            'final_best_fitness': self.best_fitness_overall
        }

        return self.best_solution_overall, self.best_fitness_overall, optimization_info

    def _initialize_population(self):
        center = np.random.uniform(self.lower_bounds, self.upper_bounds, self.dim)
        population = np.random.normal(center, self.sigma, size=(self.population_size, self.dim))
        return np.clip(population, self.lower_bounds, self.upper_bounds)

    def _tournament_selection(self, population, fitness_values):
        tournament_size = 5
        num_parents = self.population_size // 2
        selected_parents = []

        for _ in range(num_parents):
            tournament = np.random.choice(len(population), tournament_size, replace=False)
            winner_index = tournament[np.argmin(fitness_values[tournament])]
            selected_parents.append(population[winner_index])

        return np.array(selected_parents)

    def _gaussian_recombination(self, parents):
        offspring = []
        for i in range(0, len(parents), 2):
            parent1 = parents[i]
            parent2 = parents[i + 1]
            midpoint = (parent1 + parent2) / 2
            child1 = midpoint + np.random.normal(0, self.sigma / 2, self.dim)
            child2 = midpoint + np.random.normal(0, self.sigma / 2, self.dim)
            offspring.extend([child1, child2])
        return np.clip(np.array(offspring), self.lower_bounds, self.upper_bounds)

    def _adaptive_mutation(self, offspring):
        mutated = offspring + np.random.normal(0, self.sigma, size=offspring.shape)
        return np.clip(mutated, self.lower_bounds, self.upper_bounds)

    def _select_next_generation(self, population, fitness_values, offspring, offspring_fitness):
        combined_pop = np.vstack((population, offspring))
        combined_fit = np.concatenate((fitness_values, offspring_fitness))
        sorted_indices = np.argsort(combined_fit)
        next_gen = combined_pop[sorted_indices[:self.population_size]]
        next_fit = combined_fit[sorted_indices[:self.population_size]]
        return next_gen, next_fit

    def _update_best(self, offspring, offspring_fitness):
        for i, fitness in enumerate(offspring_fitness):
            if fitness < self.best_fitness_overall:
                self.best_fitness_overall = fitness
                self.best_solution_overall = offspring[i]

    def _update_archive(self, population, fitness_values):
        combined = np.column_stack((population, fitness_values))
        new_archive = []
        for sol in combined:
            already_present = any(np.allclose(sol[:-1], arch[:-1], atol=1e-6) for arch in self.archive)
            if not already_present:
                new_archive.append(sol)
        new_archive.sort(key=lambda x: x[-1])
        return np.array(new_archive[:self.archive_size])
2025-06-23 09:05:27 INFO --- GNBG Problem Parameters for f15 ---
  Dimension: 30, MaxEvals: 500000
  Search Bounds: [-100, 100]
  Number of Components: 1
  Known Optimum Value: -234.280428
  Lambda (Curvature): [0.1]
  Mu (Asymmetry/Depth): [1 1]
----------------------------------------
2025-06-23 09:07:09 INFO Run function 15 complete. FEHistory len: 70000, AOCC: 0.1274
2025-06-23 09:07:09 INFO FeHistory: [-222.4884379  -220.82535999 -221.59734378 ... -229.3407558  -229.3407558
 -229.3407558 ]
2025-06-23 09:07:09 INFO Expected Optimum FE: -234.28042789139022
2025-06-23 09:07:09 INFO Good algorithm:
Algorithm Name: AdaptiveGaussianArchiveEA
import numpy as np
class AdaptiveGaussianArchiveEA:
    """
    Combines adaptive Gaussian sampling with an archive to enhance exploration and exploitation in multimodal landscapes.  Employs a simple Gaussian mutation strategy and tournament selection for efficiency.
    """
    def __init__(self, budget: int, dim: int, lower_bounds: list[float], upper_bounds: list[float]):
        self.budget = int(budget)
        self.dim = int(dim)
        self.lower_bounds = np.array(lower_bounds, dtype=float)
        self.upper_bounds = np.array(upper_bounds, dtype=float)

        self.eval_count = 0
        self.best_solution_overall = None
        self.best_fitness_overall = float('inf')
        self.population_size = 100
        self.archive_size = 200  #Increased archive size for better diversity
        self.sigma = 0.5 * (self.upper_bounds - self.lower_bounds) #Increased initial sigma
        self.sigma_decay = 0.98 # Slightly faster decay
        self.archive = []

    def optimize(self, objective_function: callable, acceptance_threshold: float = 1e-8) -> tuple:
        self.eval_count = 0
        if self.dim > 0:
            self.best_solution_overall = np.random.uniform(self.lower_bounds, self.upper_bounds, self.dim)
        else:
            self.best_solution_overall = np.array([])
        self.best_fitness_overall = objective_function(self.best_solution_overall.reshape(1, -1))[0]
        self.eval_count += 1

        population = self._initialize_population()
        fitness_values = objective_function(population)
        self.eval_count += self.population_size

        self.archive = self._update_archive(population, fitness_values)

        while self.eval_count < self.budget:
            parents = self._tournament_selection(population, fitness_values)
            offspring = self._gaussian_recombination(parents)
            offspring = self._adaptive_mutation(offspring)
            offspring_fitness = objective_function(offspring)
            self.eval_count += len(offspring)

            population, fitness_values = self._select_next_generation(
                population, fitness_values, offspring, offspring_fitness
            )

            self.archive = self._update_archive(
                np.vstack((population, offspring)),
                np.concatenate((fitness_values, offspring_fitness))
            )

            self._update_best(offspring, offspring_fitness)
            self.sigma *= self.sigma_decay

        optimization_info = {
            'function_evaluations_used': self.eval_count,
            'final_best_fitness': self.best_fitness_overall
        }

        return self.best_solution_overall, self.best_fitness_overall, optimization_info

    def _initialize_population(self):
        center = np.random.uniform(self.lower_bounds, self.upper_bounds, self.dim)
        population = np.random.normal(center, self.sigma, size=(self.population_size, self.dim))
        return np.clip(population, self.lower_bounds, self.upper_bounds)

    def _tournament_selection(self, population, fitness_values):
        tournament_size = 5
        num_parents = self.population_size // 2
        selected_parents = []

        for _ in range(num_parents):
            tournament = np.random.choice(len(population), tournament_size, replace=False)
            winner_index = tournament[np.argmin(fitness_values[tournament])]
            selected_parents.append(population[winner_index])

        return np.array(selected_parents)

    def _gaussian_recombination(self, parents):
        offspring = []
        for i in range(0, len(parents), 2):
            parent1 = parents[i]
            parent2 = parents[i + 1]
            midpoint = (parent1 + parent2) / 2
            child1 = midpoint + np.random.normal(0, self.sigma / 2, self.dim)
            child2 = midpoint + np.random.normal(0, self.sigma / 2, self.dim)
            offspring.extend([child1, child2])
        return np.clip(np.array(offspring), self.lower_bounds, self.upper_bounds)

    def _adaptive_mutation(self, offspring):
        mutated = offspring + np.random.normal(0, self.sigma, size=offspring.shape)
        return np.clip(mutated, self.lower_bounds, self.upper_bounds)

    def _select_next_generation(self, population, fitness_values, offspring, offspring_fitness):
        combined_pop = np.vstack((population, offspring))
        combined_fit = np.concatenate((fitness_values, offspring_fitness))
        sorted_indices = np.argsort(combined_fit)
        next_gen = combined_pop[sorted_indices[:self.population_size]]
        next_fit = combined_fit[sorted_indices[:self.population_size]]
        return next_gen, next_fit

    def _update_best(self, offspring, offspring_fitness):
        for i, fitness in enumerate(offspring_fitness):
            if fitness < self.best_fitness_overall:
                self.best_fitness_overall = fitness
                self.best_solution_overall = offspring[i]

    def _update_archive(self, population, fitness_values):
        combined = np.column_stack((population, fitness_values))
        new_archive = []
        for sol in combined:
            already_present = any(np.allclose(sol[:-1], arch[:-1], atol=1e-6) for arch in self.archive)
            if not already_present:
                new_archive.append(sol)
        new_archive.sort(key=lambda x: x[-1])
        return np.array(new_archive[:self.archive_size])
2025-06-23 09:07:09 INFO --- GNBG Problem Parameters for f24 ---
  Dimension: 30, MaxEvals: 1000000
  Search Bounds: [-100, 100]
  Number of Components: 5
  Known Optimum Value: -100.000000
  Lambda (Curvature): [0.25 0.25 0.25 0.25 0.25]
  Mu (Asymmetry/Depth): [0.44142637 0.27898903 0.25803028 0.21978833 0.39183826 0.42051979
 0.35740109 0.43165341 0.47744239 0.47234476]
----------------------------------------
2025-06-23 09:07:13 INFO Run function 2 complete. FEHistory len: 70000, AOCC: 0.2076
2025-06-23 09:07:13 INFO FeHistory: [-701.29680962 -701.32577639 -701.32230109 ... -702.69975391 -702.70158914
 -702.69957496]
2025-06-23 09:07:13 INFO Expected Optimum FE: -703.1328146165181
2025-06-23 09:07:13 INFO Good algorithm:
Algorithm Name: AdaptiveGaussianSamplingEAwithArchive
import numpy as np
import random
class AdaptiveGaussianSamplingEAwithArchive:
    """
    Combines adaptive Gaussian sampling with an archive to enhance exploration and exploitation in multimodal landscapes.
    """
    def __init__(self, budget: int, dim: int, lower_bounds: list[float], upper_bounds: list[float]):
        self.budget = int(budget)
        self.dim = int(dim)
        self.lower_bounds = np.array(lower_bounds, dtype=float)
        self.upper_bounds = np.array(upper_bounds, dtype=float)

        self.eval_count = 0
        self.best_solution_overall = None
        self.best_fitness_overall = float('inf')
        self.population_size = 100
        self.archive_size = 200
        self.sigma = 0.2 * (self.upper_bounds - self.lower_bounds)
        self.sigma_decay = 0.99
        self.archive = []

    def optimize(self, objective_function: callable, acceptance_threshold: float = 1e-8) -> tuple:
        self.eval_count = 0
        self.best_solution_overall = np.random.uniform(self.lower_bounds, self.upper_bounds, self.dim)
        self.best_fitness_overall = objective_function(self.best_solution_overall.reshape(1, -1))[0]
        self.eval_count += 1

        population = self._initialize_population()
        fitness_values = objective_function(population)
        self.eval_count += self.population_size

        self.archive = self._update_archive(population, fitness_values)

        while self.eval_count < self.budget:
            parents = self._tournament_selection(population, fitness_values)
            offspring = self._gaussian_recombination(parents)
            offspring = self._adaptive_mutation(offspring)
            offspring_fitness = objective_function(offspring)
            self.eval_count += len(offspring)

            population, fitness_values = self._select_next_generation(
                population, fitness_values, offspring, offspring_fitness
            )

            self.archive = self._update_archive(
                np.vstack((population, offspring)),
                np.concatenate((fitness_values, offspring_fitness))
            )

            self._update_best(offspring, offspring_fitness)
            self.sigma *= self.sigma_decay

        optimization_info = {
            'function_evaluations_used': self.eval_count,
            'final_best_fitness': self.best_fitness_overall
        }

        return self.best_solution_overall, self.best_fitness_overall, optimization_info

    def _initialize_population(self):
        center = np.random.uniform(self.lower_bounds, self.upper_bounds, self.dim)
        population = np.random.normal(center, self.sigma, size=(self.population_size, self.dim))
        return np.clip(population, self.lower_bounds, self.upper_bounds)

    def _tournament_selection(self, population, fitness_values):
        tournament_size = 5
        num_parents = self.population_size // 2
        selected_parents = []

        for _ in range(num_parents):
            tournament = np.random.choice(len(population), tournament_size, replace=False)
            winner_index = tournament[np.argmin(fitness_values[tournament])]
            selected_parents.append(population[winner_index])

        return np.array(selected_parents)

    def _gaussian_recombination(self, parents):
        offspring = []

        for i in range(0, len(parents), 2):
            parent1 = parents[i]
            parent2 = parents[i + 1]
            midpoint = (parent1 + parent2) / 2
            child1 = midpoint + np.random.normal(0, self.sigma / 2, self.dim)
            child2 = midpoint + np.random.normal(0, self.sigma / 2, self.dim)
            offspring.extend([child1, child2])

        return np.clip(np.array(offspring), self.lower_bounds, self.upper_bounds)

    def _adaptive_mutation(self, offspring):
        mutated = offspring + np.random.normal(0, self.sigma, size=offspring.shape)
        return np.clip(mutated, self.lower_bounds, self.upper_bounds)

    def _select_next_generation(self, population, fitness_values, offspring, offspring_fitness):
        combined_pop = np.vstack((population, offspring))
        combined_fit = np.concatenate((fitness_values, offspring_fitness))
        sorted_indices = np.argsort(combined_fit)

        next_gen = combined_pop[sorted_indices[:self.population_size]]
        next_fit = combined_fit[sorted_indices[:self.population_size]]
        return next_gen, next_fit

    def _update_best(self, offspring, offspring_fitness):
        for i, fitness in enumerate(offspring_fitness):
            if fitness < self.best_fitness_overall:
                self.best_fitness_overall = fitness
                self.best_solution_overall = offspring[i]

    def _update_archive(self, population, fitness_values):
        combined = np.column_stack((population, fitness_values))
        new_archive = []

        for sol in combined:
            already_present = any(np.allclose(sol[:-1], arch[:-1], atol=1e-6) for arch in self.archive)
            if not already_present:
                new_archive.append(sol)

        new_archive.sort(key=lambda x: x[-1])
        return np.array(new_archive[:self.archive_size])
2025-06-23 09:07:13 INFO --- GNBG Problem Parameters for f15 ---
  Dimension: 30, MaxEvals: 500000
  Search Bounds: [-100, 100]
  Number of Components: 1
  Known Optimum Value: -234.280428
  Lambda (Curvature): [0.1]
  Mu (Asymmetry/Depth): [1 1]
----------------------------------------
2025-06-23 09:08:57 INFO Run function 24 complete. FEHistory len: 70000, AOCC: 0.0326
2025-06-23 09:08:57 INFO FeHistory: [192.02668026 227.77858262 211.63487166 ... -57.77422866 -57.77422866
 -57.77422866]
2025-06-23 09:08:57 INFO Expected Optimum FE: -100
2025-06-23 09:08:57 INFO Unimodal AOCC mean: 0.2340
2025-06-23 09:08:57 INFO Multimodal (single component) AOCC mean: 0.1274
2025-06-23 09:08:57 INFO Multimodal (multiple components) AOCC mean: 0.0326
2025-06-23 09:08:57 INFO AOCC mean: 0.1313
2025-06-23 09:10:21 INFO Run function 15 complete. FEHistory len: 70000, AOCC: 0.1220
2025-06-23 09:10:21 INFO FeHistory: [-221.87774392 -222.38767231 -223.32318049 ... -228.66925583 -228.66925599
 -228.66925604]
2025-06-23 09:10:21 INFO Expected Optimum FE: -234.28042789139022
2025-06-23 09:10:21 INFO Good algorithm:
Algorithm Name: AdaptiveGaussianSamplingEAwithArchive
import numpy as np
import random
class AdaptiveGaussianSamplingEAwithArchive:
    """
    Combines adaptive Gaussian sampling with an archive to enhance exploration and exploitation in multimodal landscapes.
    """
    def __init__(self, budget: int, dim: int, lower_bounds: list[float], upper_bounds: list[float]):
        self.budget = int(budget)
        self.dim = int(dim)
        self.lower_bounds = np.array(lower_bounds, dtype=float)
        self.upper_bounds = np.array(upper_bounds, dtype=float)

        self.eval_count = 0
        self.best_solution_overall = None
        self.best_fitness_overall = float('inf')
        self.population_size = 100
        self.archive_size = 200
        self.sigma = 0.2 * (self.upper_bounds - self.lower_bounds)
        self.sigma_decay = 0.99
        self.archive = []

    def optimize(self, objective_function: callable, acceptance_threshold: float = 1e-8) -> tuple:
        self.eval_count = 0
        self.best_solution_overall = np.random.uniform(self.lower_bounds, self.upper_bounds, self.dim)
        self.best_fitness_overall = objective_function(self.best_solution_overall.reshape(1, -1))[0]
        self.eval_count += 1

        population = self._initialize_population()
        fitness_values = objective_function(population)
        self.eval_count += self.population_size

        self.archive = self._update_archive(population, fitness_values)

        while self.eval_count < self.budget:
            parents = self._tournament_selection(population, fitness_values)
            offspring = self._gaussian_recombination(parents)
            offspring = self._adaptive_mutation(offspring)
            offspring_fitness = objective_function(offspring)
            self.eval_count += len(offspring)

            population, fitness_values = self._select_next_generation(
                population, fitness_values, offspring, offspring_fitness
            )

            self.archive = self._update_archive(
                np.vstack((population, offspring)),
                np.concatenate((fitness_values, offspring_fitness))
            )

            self._update_best(offspring, offspring_fitness)
            self.sigma *= self.sigma_decay

        optimization_info = {
            'function_evaluations_used': self.eval_count,
            'final_best_fitness': self.best_fitness_overall
        }

        return self.best_solution_overall, self.best_fitness_overall, optimization_info

    def _initialize_population(self):
        center = np.random.uniform(self.lower_bounds, self.upper_bounds, self.dim)
        population = np.random.normal(center, self.sigma, size=(self.population_size, self.dim))
        return np.clip(population, self.lower_bounds, self.upper_bounds)

    def _tournament_selection(self, population, fitness_values):
        tournament_size = 5
        num_parents = self.population_size // 2
        selected_parents = []

        for _ in range(num_parents):
            tournament = np.random.choice(len(population), tournament_size, replace=False)
            winner_index = tournament[np.argmin(fitness_values[tournament])]
            selected_parents.append(population[winner_index])

        return np.array(selected_parents)

    def _gaussian_recombination(self, parents):
        offspring = []

        for i in range(0, len(parents), 2):
            parent1 = parents[i]
            parent2 = parents[i + 1]
            midpoint = (parent1 + parent2) / 2
            child1 = midpoint + np.random.normal(0, self.sigma / 2, self.dim)
            child2 = midpoint + np.random.normal(0, self.sigma / 2, self.dim)
            offspring.extend([child1, child2])

        return np.clip(np.array(offspring), self.lower_bounds, self.upper_bounds)

    def _adaptive_mutation(self, offspring):
        mutated = offspring + np.random.normal(0, self.sigma, size=offspring.shape)
        return np.clip(mutated, self.lower_bounds, self.upper_bounds)

    def _select_next_generation(self, population, fitness_values, offspring, offspring_fitness):
        combined_pop = np.vstack((population, offspring))
        combined_fit = np.concatenate((fitness_values, offspring_fitness))
        sorted_indices = np.argsort(combined_fit)

        next_gen = combined_pop[sorted_indices[:self.population_size]]
        next_fit = combined_fit[sorted_indices[:self.population_size]]
        return next_gen, next_fit

    def _update_best(self, offspring, offspring_fitness):
        for i, fitness in enumerate(offspring_fitness):
            if fitness < self.best_fitness_overall:
                self.best_fitness_overall = fitness
                self.best_solution_overall = offspring[i]

    def _update_archive(self, population, fitness_values):
        combined = np.column_stack((population, fitness_values))
        new_archive = []

        for sol in combined:
            already_present = any(np.allclose(sol[:-1], arch[:-1], atol=1e-6) for arch in self.archive)
            if not already_present:
                new_archive.append(sol)

        new_archive.sort(key=lambda x: x[-1])
        return np.array(new_archive[:self.archive_size])
2025-06-23 09:10:21 INFO --- GNBG Problem Parameters for f24 ---
  Dimension: 30, MaxEvals: 1000000
  Search Bounds: [-100, 100]
  Number of Components: 5
  Known Optimum Value: -100.000000
  Lambda (Curvature): [0.25 0.25 0.25 0.25 0.25]
  Mu (Asymmetry/Depth): [0.44142637 0.27898903 0.25803028 0.21978833 0.39183826 0.42051979
 0.35740109 0.43165341 0.47744239 0.47234476]
----------------------------------------
2025-06-23 09:13:23 INFO Run function 24 complete. FEHistory len: 70000, AOCC: 0.0506
2025-06-23 09:13:23 INFO FeHistory: [170.81977152 182.1915863  178.88322742 ... -77.57983103 -77.57983106
 -77.57983093]
2025-06-23 09:13:23 INFO Expected Optimum FE: -100
2025-06-23 09:13:23 INFO Unimodal AOCC mean: 0.2076
2025-06-23 09:13:23 INFO Multimodal (single component) AOCC mean: 0.1220
2025-06-23 09:13:23 INFO Multimodal (multiple components) AOCC mean: 0.0506
2025-06-23 09:13:23 INFO AOCC mean: 0.1267
