2025-06-22 13:13:42 INFO --- GNBG Problem Parameters for f24 ---
  Dimension: 30, MaxEvals: 1000000
  Search Bounds: [-100, 100]
  Number of Components: 5
  Known Optimum Value: -100.000000
  Lambda (Curvature): [0.25 0.25 0.25 0.25 0.25]
  Mu (Asymmetry/Depth): [0.44142637 0.27898903 0.25803028 0.21978833 0.39183826 0.42051979
 0.35740109 0.43165341 0.47744239 0.47234476]
----------------------------------------
2025-06-22 13:13:42 ERROR Can not run the algorithm
2025-06-22 13:13:42 INFO Run function 24 complete. FEHistory len: 1, AOCC: 0.0000
2025-06-22 13:13:42 INFO FeHistory: [188.02305852]
2025-06-22 13:13:42 INFO Expected Optimum FE: -100
2025-06-22 13:13:42 INFO Unimodal AOCC mean: nan
2025-06-22 13:13:42 INFO Multimodal (single component) AOCC mean: nan
2025-06-22 13:13:42 INFO Multimodal (multiple components) AOCC mean: 0.0000
2025-06-22 13:13:42 INFO AOCC mean: 0.0000
2025-06-22 13:13:42 INFO Evaluated individual AdaptiveGaussianSamplingEAwithArchive with fitness 0.0
2025-06-22 13:13:42 INFO New algorithm: import numpy as np
import random
class AdaptiveGaussianSamplingEAwithArchive:
    """
    Combines adaptive Gaussian sampling with an archive to enhance exploration and exploitation in multimodal landscapes.
    """
    def __init__(self, budget: int, dim: int, lower_bounds: list[float], upper_bounds: list[float], population_size: int = 318.4065448762499, archive_size: int = 478.2576182063784, sigma_decay: float = 0.9273596906112106, sigma_init_factor: float = 0.22511767699637852):
        self.budget = int(budget)
        self.dim = int(dim)
        self.lower_bounds = np.array(lower_bounds, dtype=float)
        self.upper_bounds = np.array(upper_bounds, dtype=float)

        self.eval_count = 0
        self.best_solution_overall = None
        self.best_fitness_overall = float('inf')
        self.population_size = population_size
        self.archive_size = archive_size
        self.sigma = sigma_init_factor * (self.upper_bounds - self.lower_bounds)
        self.sigma_decay = sigma_decay
        self.archive = []

    def optimize(self, objective_function: callable, acceptance_threshold: float = 1e-8) -> tuple:
        self.eval_count = 0
        self.best_solution_overall = np.random.uniform(self.lower_bounds, self.upper_bounds, self.dim)
        self.best_fitness_overall = objective_function(self.best_solution_overall.reshape(1, -1))[0]
        self.eval_count += 1

        population = self._initialize_population()
        fitness_values = objective_function(population)
        self.eval_count += self.population_size

        self.archive = self._update_archive(population, fitness_values)

        while self.eval_count < self.budget:
            parents = self._tournament_selection(population, fitness_values)
            offspring = self._gaussian_recombination(parents)
            offspring = self._adaptive_mutation(offspring)
            offspring_fitness = objective_function(offspring)
            self.eval_count += len(offspring)

            population, fitness_values = self._select_next_generation(
                population, fitness_values, offspring, offspring_fitness
            )

            self.archive = self._update_archive(
                np.vstack((population, offspring)),
                np.concatenate((fitness_values, offspring_fitness))
            )

            self._update_best(offspring, offspring_fitness)
            self.sigma *= self.sigma_decay

        optimization_info = {
            'function_evaluations_used': self.eval_count,
            'final_best_fitness': self.best_fitness_overall
        }

        return self.best_solution_overall, self.best_fitness_overall, optimization_info

    def _initialize_population(self):
        center = np.random.uniform(self.lower_bounds, self.upper_bounds, self.dim)
        population = np.random.normal(center, self.sigma, size=(self.population_size, self.dim))
        return np.clip(population, self.lower_bounds, self.upper_bounds)

    def _tournament_selection(self, population, fitness_values, tournament_size: int = 5):
        num_parents = self.population_size // 2
        selected_parents = []

        for _ in range(num_parents):
            tournament = np.random.choice(len(population), tournament_size, replace=False)
            winner_index = tournament[np.argmin(fitness_values[tournament])]
            selected_parents.append(population[winner_index])

        return np.array(selected_parents)

    def _gaussian_recombination(self, parents):
        offspring = []

        for i in range(0, len(parents), 2):
            parent1 = parents[i]
            parent2 = parents[i + 1]
            midpoint = (parent1 + parent2) / 2
            child1 = midpoint + np.random.normal(0, self.sigma / 2, self.dim)
            child2 = midpoint + np.random.normal(0, self.sigma / 2, self.dim)
            offspring.extend([child1, child2])

        return np.clip(np.array(offspring), self.lower_bounds, self.upper_bounds)

    def _adaptive_mutation(self, offspring):
        mutated = offspring + np.random.normal(0, self.sigma, size=offspring.shape)
        return np.clip(mutated, self.lower_bounds, self.upper_bounds)

    def _select_next_generation(self, population, fitness_values, offspring, offspring_fitness):
        combined_pop = np.vstack((population, offspring))
        combined_fit = np.concatenate((fitness_values, offspring_fitness))
        sorted_indices = np.argsort(combined_fit)

        next_gen = combined_pop[sorted_indices[:self.population_size]]
        next_fit = combined_fit[sorted_indices[:self.population_size]]
        return next_gen, next_fit

    def _update_best(self, offspring, offspring_fitness):
        for i, fitness in enumerate(offspring_fitness):
            if fitness < self.best_fitness_overall:
                self.best_fitness_overall = fitness
                self.best_solution_overall = offspring[i]

    def _update_archive(self, population, fitness_values,atol: float = 1e-6):
        combined = np.column_stack((population, fitness_values))
        new_archive = []

        for sol in combined:
            already_present = any(np.allclose(sol[:-1], arch[:-1], atol=atol) for arch in self.archive)
            if not already_present:
                new_archive.append(sol)

        new_archive.sort(key=lambda x: x[-1])
        return np.array(new_archive[:self.archive_size])
2025-06-22 13:13:42 INFO --- GNBG Problem Parameters for f24 ---
  Dimension: 30, MaxEvals: 1000000
  Search Bounds: [-100, 100]
  Number of Components: 5
  Known Optimum Value: -100.000000
  Lambda (Curvature): [0.25 0.25 0.25 0.25 0.25]
  Mu (Asymmetry/Depth): [0.44142637 0.27898903 0.25803028 0.21978833 0.39183826 0.42051979
 0.35740109 0.43165341 0.47744239 0.47234476]
----------------------------------------
2025-06-22 13:13:42 ERROR Can not run the algorithm
2025-06-22 13:13:42 INFO Run function 24 complete. FEHistory len: 1, AOCC: 0.0000
2025-06-22 13:13:42 INFO FeHistory: [205.85185001]
2025-06-22 13:13:42 INFO Expected Optimum FE: -100
2025-06-22 13:13:42 INFO Unimodal AOCC mean: nan
2025-06-22 13:13:42 INFO Multimodal (single component) AOCC mean: nan
2025-06-22 13:13:42 INFO Multimodal (multiple components) AOCC mean: 0.0000
2025-06-22 13:13:42 INFO AOCC mean: 0.0000
2025-06-22 13:13:42 INFO Evaluated individual AdaptiveGaussianSamplingEAwithArchive with fitness 0.0
2025-06-22 13:13:42 INFO New algorithm: import numpy as np
import random
class AdaptiveGaussianSamplingEAwithArchive:
    """
    Combines adaptive Gaussian sampling with an archive to enhance exploration and exploitation in multimodal landscapes.
    """
    def __init__(self, budget: int, dim: int, lower_bounds: list[float], upper_bounds: list[float], population_size: int = 905.5311979736318, archive_size: int = 640.1812485018609, sigma_decay: float = 0.9487155517068521, sigma_init_factor: float = 0.5439292163603873):
        self.budget = int(budget)
        self.dim = int(dim)
        self.lower_bounds = np.array(lower_bounds, dtype=float)
        self.upper_bounds = np.array(upper_bounds, dtype=float)

        self.eval_count = 0
        self.best_solution_overall = None
        self.best_fitness_overall = float('inf')
        self.population_size = population_size
        self.archive_size = archive_size
        self.sigma = sigma_init_factor * (self.upper_bounds - self.lower_bounds)
        self.sigma_decay = sigma_decay
        self.archive = []

    def optimize(self, objective_function: callable, acceptance_threshold: float = 1e-8) -> tuple:
        self.eval_count = 0
        self.best_solution_overall = np.random.uniform(self.lower_bounds, self.upper_bounds, self.dim)
        self.best_fitness_overall = objective_function(self.best_solution_overall.reshape(1, -1))[0]
        self.eval_count += 1

        population = self._initialize_population()
        fitness_values = objective_function(population)
        self.eval_count += self.population_size

        self.archive = self._update_archive(population, fitness_values)

        while self.eval_count < self.budget:
            parents = self._tournament_selection(population, fitness_values)
            offspring = self._gaussian_recombination(parents)
            offspring = self._adaptive_mutation(offspring)
            offspring_fitness = objective_function(offspring)
            self.eval_count += len(offspring)

            population, fitness_values = self._select_next_generation(
                population, fitness_values, offspring, offspring_fitness
            )

            self.archive = self._update_archive(
                np.vstack((population, offspring)),
                np.concatenate((fitness_values, offspring_fitness))
            )

            self._update_best(offspring, offspring_fitness)
            self.sigma *= self.sigma_decay

        optimization_info = {
            'function_evaluations_used': self.eval_count,
            'final_best_fitness': self.best_fitness_overall
        }

        return self.best_solution_overall, self.best_fitness_overall, optimization_info

    def _initialize_population(self):
        center = np.random.uniform(self.lower_bounds, self.upper_bounds, self.dim)
        population = np.random.normal(center, self.sigma, size=(self.population_size, self.dim))
        return np.clip(population, self.lower_bounds, self.upper_bounds)

    def _tournament_selection(self, population, fitness_values, tournament_size: int = 5):
        num_parents = self.population_size // 2
        selected_parents = []

        for _ in range(num_parents):
            tournament = np.random.choice(len(population), tournament_size, replace=False)
            winner_index = tournament[np.argmin(fitness_values[tournament])]
            selected_parents.append(population[winner_index])

        return np.array(selected_parents)

    def _gaussian_recombination(self, parents):
        offspring = []

        for i in range(0, len(parents), 2):
            parent1 = parents[i]
            parent2 = parents[i + 1]
            midpoint = (parent1 + parent2) / 2
            child1 = midpoint + np.random.normal(0, self.sigma / 2, self.dim)
            child2 = midpoint + np.random.normal(0, self.sigma / 2, self.dim)
            offspring.extend([child1, child2])

        return np.clip(np.array(offspring), self.lower_bounds, self.upper_bounds)

    def _adaptive_mutation(self, offspring):
        mutated = offspring + np.random.normal(0, self.sigma, size=offspring.shape)
        return np.clip(mutated, self.lower_bounds, self.upper_bounds)

    def _select_next_generation(self, population, fitness_values, offspring, offspring_fitness):
        combined_pop = np.vstack((population, offspring))
        combined_fit = np.concatenate((fitness_values, offspring_fitness))
        sorted_indices = np.argsort(combined_fit)

        next_gen = combined_pop[sorted_indices[:self.population_size]]
        next_fit = combined_fit[sorted_indices[:self.population_size]]
        return next_gen, next_fit

    def _update_best(self, offspring, offspring_fitness):
        for i, fitness in enumerate(offspring_fitness):
            if fitness < self.best_fitness_overall:
                self.best_fitness_overall = fitness
                self.best_solution_overall = offspring[i]

    def _update_archive(self, population, fitness_values,atol: float = 1e-6):
        combined = np.column_stack((population, fitness_values))
        new_archive = []

        for sol in combined:
            already_present = any(np.allclose(sol[:-1], arch[:-1], atol=atol) for arch in self.archive)
            if not already_present:
                new_archive.append(sol)

        new_archive.sort(key=lambda x: x[-1])
        return np.array(new_archive[:self.archive_size])
2025-06-22 13:13:42 INFO --- GNBG Problem Parameters for f24 ---
  Dimension: 30, MaxEvals: 1000000
  Search Bounds: [-100, 100]
  Number of Components: 5
  Known Optimum Value: -100.000000
  Lambda (Curvature): [0.25 0.25 0.25 0.25 0.25]
  Mu (Asymmetry/Depth): [0.44142637 0.27898903 0.25803028 0.21978833 0.39183826 0.42051979
 0.35740109 0.43165341 0.47744239 0.47234476]
----------------------------------------
2025-06-22 13:13:42 ERROR Can not run the algorithm
2025-06-22 13:13:43 INFO Run function 24 complete. FEHistory len: 1, AOCC: 0.0000
2025-06-22 13:13:43 INFO FeHistory: [185.45105137]
2025-06-22 13:13:43 INFO Expected Optimum FE: -100
2025-06-22 13:13:43 INFO Unimodal AOCC mean: nan
2025-06-22 13:13:43 INFO Multimodal (single component) AOCC mean: nan
2025-06-22 13:13:43 INFO Multimodal (multiple components) AOCC mean: 0.0000
2025-06-22 13:13:43 INFO AOCC mean: 0.0000
2025-06-22 13:13:43 INFO Evaluated individual AdaptiveGaussianSamplingEAwithArchive with fitness 0.0
2025-06-22 13:13:43 INFO New algorithm: import numpy as np
import random
class AdaptiveGaussianSamplingEAwithArchive:
    """
    Combines adaptive Gaussian sampling with an archive to enhance exploration and exploitation in multimodal landscapes.
    """
    def __init__(self, budget: int, dim: int, lower_bounds: list[float], upper_bounds: list[float], population_size: int = 24.696298874404608, archive_size: int = 860.6807043853058, sigma_decay: float = 0.9741124202652944, sigma_init_factor: float = 0.07141396085785089):
        self.budget = int(budget)
        self.dim = int(dim)
        self.lower_bounds = np.array(lower_bounds, dtype=float)
        self.upper_bounds = np.array(upper_bounds, dtype=float)

        self.eval_count = 0
        self.best_solution_overall = None
        self.best_fitness_overall = float('inf')
        self.population_size = population_size
        self.archive_size = archive_size
        self.sigma = sigma_init_factor * (self.upper_bounds - self.lower_bounds)
        self.sigma_decay = sigma_decay
        self.archive = []

    def optimize(self, objective_function: callable, acceptance_threshold: float = 1e-8) -> tuple:
        self.eval_count = 0
        self.best_solution_overall = np.random.uniform(self.lower_bounds, self.upper_bounds, self.dim)
        self.best_fitness_overall = objective_function(self.best_solution_overall.reshape(1, -1))[0]
        self.eval_count += 1

        population = self._initialize_population()
        fitness_values = objective_function(population)
        self.eval_count += self.population_size

        self.archive = self._update_archive(population, fitness_values)

        while self.eval_count < self.budget:
            parents = self._tournament_selection(population, fitness_values)
            offspring = self._gaussian_recombination(parents)
            offspring = self._adaptive_mutation(offspring)
            offspring_fitness = objective_function(offspring)
            self.eval_count += len(offspring)

            population, fitness_values = self._select_next_generation(
                population, fitness_values, offspring, offspring_fitness
            )

            self.archive = self._update_archive(
                np.vstack((population, offspring)),
                np.concatenate((fitness_values, offspring_fitness))
            )

            self._update_best(offspring, offspring_fitness)
            self.sigma *= self.sigma_decay

        optimization_info = {
            'function_evaluations_used': self.eval_count,
            'final_best_fitness': self.best_fitness_overall
        }

        return self.best_solution_overall, self.best_fitness_overall, optimization_info

    def _initialize_population(self):
        center = np.random.uniform(self.lower_bounds, self.upper_bounds, self.dim)
        population = np.random.normal(center, self.sigma, size=(self.population_size, self.dim))
        return np.clip(population, self.lower_bounds, self.upper_bounds)

    def _tournament_selection(self, population, fitness_values, tournament_size: int = 5):
        num_parents = self.population_size // 2
        selected_parents = []

        for _ in range(num_parents):
            tournament = np.random.choice(len(population), tournament_size, replace=False)
            winner_index = tournament[np.argmin(fitness_values[tournament])]
            selected_parents.append(population[winner_index])

        return np.array(selected_parents)

    def _gaussian_recombination(self, parents):
        offspring = []

        for i in range(0, len(parents), 2):
            parent1 = parents[i]
            parent2 = parents[i + 1]
            midpoint = (parent1 + parent2) / 2
            child1 = midpoint + np.random.normal(0, self.sigma / 2, self.dim)
            child2 = midpoint + np.random.normal(0, self.sigma / 2, self.dim)
            offspring.extend([child1, child2])

        return np.clip(np.array(offspring), self.lower_bounds, self.upper_bounds)

    def _adaptive_mutation(self, offspring):
        mutated = offspring + np.random.normal(0, self.sigma, size=offspring.shape)
        return np.clip(mutated, self.lower_bounds, self.upper_bounds)

    def _select_next_generation(self, population, fitness_values, offspring, offspring_fitness):
        combined_pop = np.vstack((population, offspring))
        combined_fit = np.concatenate((fitness_values, offspring_fitness))
        sorted_indices = np.argsort(combined_fit)

        next_gen = combined_pop[sorted_indices[:self.population_size]]
        next_fit = combined_fit[sorted_indices[:self.population_size]]
        return next_gen, next_fit

    def _update_best(self, offspring, offspring_fitness):
        for i, fitness in enumerate(offspring_fitness):
            if fitness < self.best_fitness_overall:
                self.best_fitness_overall = fitness
                self.best_solution_overall = offspring[i]

    def _update_archive(self, population, fitness_values,atol: float = 1e-6):
        combined = np.column_stack((population, fitness_values))
        new_archive = []

        for sol in combined:
            already_present = any(np.allclose(sol[:-1], arch[:-1], atol=atol) for arch in self.archive)
            if not already_present:
                new_archive.append(sol)

        new_archive.sort(key=lambda x: x[-1])
        return np.array(new_archive[:self.archive_size])
2025-06-22 13:13:43 INFO --- GNBG Problem Parameters for f24 ---
  Dimension: 30, MaxEvals: 1000000
  Search Bounds: [-100, 100]
  Number of Components: 5
  Known Optimum Value: -100.000000
  Lambda (Curvature): [0.25 0.25 0.25 0.25 0.25]
  Mu (Asymmetry/Depth): [0.44142637 0.27898903 0.25803028 0.21978833 0.39183826 0.42051979
 0.35740109 0.43165341 0.47744239 0.47234476]
----------------------------------------
2025-06-22 13:13:43 ERROR Can not run the algorithm
2025-06-22 13:13:43 INFO Run function 24 complete. FEHistory len: 1, AOCC: 0.0000
2025-06-22 13:13:43 INFO FeHistory: [206.22321165]
2025-06-22 13:13:43 INFO Expected Optimum FE: -100
2025-06-22 13:13:43 INFO Unimodal AOCC mean: nan
2025-06-22 13:13:43 INFO Multimodal (single component) AOCC mean: nan
2025-06-22 13:13:43 INFO Multimodal (multiple components) AOCC mean: 0.0000
2025-06-22 13:13:43 INFO AOCC mean: 0.0000
2025-06-22 13:13:43 INFO Evaluated individual AdaptiveGaussianSamplingEAwithArchive with fitness 0.0
2025-06-22 13:13:43 INFO New algorithm: import numpy as np
import random
class AdaptiveGaussianSamplingEAwithArchive:
    """
    Combines adaptive Gaussian sampling with an archive to enhance exploration and exploitation in multimodal landscapes.
    """
    def __init__(self, budget: int, dim: int, lower_bounds: list[float], upper_bounds: list[float], population_size: int = 25.74378133935007, archive_size: int = 331.5424326415319, sigma_decay: float = 0.92023889117972, sigma_init_factor: float = 0.6792385416773674):
        self.budget = int(budget)
        self.dim = int(dim)
        self.lower_bounds = np.array(lower_bounds, dtype=float)
        self.upper_bounds = np.array(upper_bounds, dtype=float)

        self.eval_count = 0
        self.best_solution_overall = None
        self.best_fitness_overall = float('inf')
        self.population_size = population_size
        self.archive_size = archive_size
        self.sigma = sigma_init_factor * (self.upper_bounds - self.lower_bounds)
        self.sigma_decay = sigma_decay
        self.archive = []

    def optimize(self, objective_function: callable, acceptance_threshold: float = 1e-8) -> tuple:
        self.eval_count = 0
        self.best_solution_overall = np.random.uniform(self.lower_bounds, self.upper_bounds, self.dim)
        self.best_fitness_overall = objective_function(self.best_solution_overall.reshape(1, -1))[0]
        self.eval_count += 1

        population = self._initialize_population()
        fitness_values = objective_function(population)
        self.eval_count += self.population_size

        self.archive = self._update_archive(population, fitness_values)

        while self.eval_count < self.budget:
            parents = self._tournament_selection(population, fitness_values)
            offspring = self._gaussian_recombination(parents)
            offspring = self._adaptive_mutation(offspring)
            offspring_fitness = objective_function(offspring)
            self.eval_count += len(offspring)

            population, fitness_values = self._select_next_generation(
                population, fitness_values, offspring, offspring_fitness
            )

            self.archive = self._update_archive(
                np.vstack((population, offspring)),
                np.concatenate((fitness_values, offspring_fitness))
            )

            self._update_best(offspring, offspring_fitness)
            self.sigma *= self.sigma_decay

        optimization_info = {
            'function_evaluations_used': self.eval_count,
            'final_best_fitness': self.best_fitness_overall
        }

        return self.best_solution_overall, self.best_fitness_overall, optimization_info

    def _initialize_population(self):
        center = np.random.uniform(self.lower_bounds, self.upper_bounds, self.dim)
        population = np.random.normal(center, self.sigma, size=(self.population_size, self.dim))
        return np.clip(population, self.lower_bounds, self.upper_bounds)

    def _tournament_selection(self, population, fitness_values, tournament_size: int = 5):
        num_parents = self.population_size // 2
        selected_parents = []

        for _ in range(num_parents):
            tournament = np.random.choice(len(population), tournament_size, replace=False)
            winner_index = tournament[np.argmin(fitness_values[tournament])]
            selected_parents.append(population[winner_index])

        return np.array(selected_parents)

    def _gaussian_recombination(self, parents):
        offspring = []

        for i in range(0, len(parents), 2):
            parent1 = parents[i]
            parent2 = parents[i + 1]
            midpoint = (parent1 + parent2) / 2
            child1 = midpoint + np.random.normal(0, self.sigma / 2, self.dim)
            child2 = midpoint + np.random.normal(0, self.sigma / 2, self.dim)
            offspring.extend([child1, child2])

        return np.clip(np.array(offspring), self.lower_bounds, self.upper_bounds)

    def _adaptive_mutation(self, offspring):
        mutated = offspring + np.random.normal(0, self.sigma, size=offspring.shape)
        return np.clip(mutated, self.lower_bounds, self.upper_bounds)

    def _select_next_generation(self, population, fitness_values, offspring, offspring_fitness):
        combined_pop = np.vstack((population, offspring))
        combined_fit = np.concatenate((fitness_values, offspring_fitness))
        sorted_indices = np.argsort(combined_fit)

        next_gen = combined_pop[sorted_indices[:self.population_size]]
        next_fit = combined_fit[sorted_indices[:self.population_size]]
        return next_gen, next_fit

    def _update_best(self, offspring, offspring_fitness):
        for i, fitness in enumerate(offspring_fitness):
            if fitness < self.best_fitness_overall:
                self.best_fitness_overall = fitness
                self.best_solution_overall = offspring[i]

    def _update_archive(self, population, fitness_values,atol: float = 1e-6):
        combined = np.column_stack((population, fitness_values))
        new_archive = []

        for sol in combined:
            already_present = any(np.allclose(sol[:-1], arch[:-1], atol=atol) for arch in self.archive)
            if not already_present:
                new_archive.append(sol)

        new_archive.sort(key=lambda x: x[-1])
        return np.array(new_archive[:self.archive_size])
2025-06-22 13:13:43 INFO --- GNBG Problem Parameters for f24 ---
  Dimension: 30, MaxEvals: 1000000
  Search Bounds: [-100, 100]
  Number of Components: 5
  Known Optimum Value: -100.000000
  Lambda (Curvature): [0.25 0.25 0.25 0.25 0.25]
  Mu (Asymmetry/Depth): [0.44142637 0.27898903 0.25803028 0.21978833 0.39183826 0.42051979
 0.35740109 0.43165341 0.47744239 0.47234476]
----------------------------------------
2025-06-22 13:13:43 ERROR Can not run the algorithm
2025-06-22 13:13:43 INFO Run function 24 complete. FEHistory len: 1, AOCC: 0.0000
2025-06-22 13:13:43 INFO FeHistory: [199.64114823]
2025-06-22 13:13:43 INFO Expected Optimum FE: -100
2025-06-22 13:13:43 INFO Unimodal AOCC mean: nan
2025-06-22 13:13:43 INFO Multimodal (single component) AOCC mean: nan
2025-06-22 13:13:43 INFO Multimodal (multiple components) AOCC mean: 0.0000
2025-06-22 13:13:43 INFO AOCC mean: 0.0000
2025-06-22 13:13:43 INFO Evaluated individual AdaptiveGaussianSamplingEAwithArchive with fitness 0.0
2025-06-22 13:13:43 INFO New algorithm: import numpy as np
import random
class AdaptiveGaussianSamplingEAwithArchive:
    """
    Combines adaptive Gaussian sampling with an archive to enhance exploration and exploitation in multimodal landscapes.
    """
    def __init__(self, budget: int, dim: int, lower_bounds: list[float], upper_bounds: list[float], population_size: int = 955.3897613084642, archive_size: int = 820.166085315771, sigma_decay: float = 0.9771401983974506, sigma_init_factor: float = 0.787787775097101):
        self.budget = int(budget)
        self.dim = int(dim)
        self.lower_bounds = np.array(lower_bounds, dtype=float)
        self.upper_bounds = np.array(upper_bounds, dtype=float)

        self.eval_count = 0
        self.best_solution_overall = None
        self.best_fitness_overall = float('inf')
        self.population_size = population_size
        self.archive_size = archive_size
        self.sigma = sigma_init_factor * (self.upper_bounds - self.lower_bounds)
        self.sigma_decay = sigma_decay
        self.archive = []

    def optimize(self, objective_function: callable, acceptance_threshold: float = 1e-8) -> tuple:
        self.eval_count = 0
        self.best_solution_overall = np.random.uniform(self.lower_bounds, self.upper_bounds, self.dim)
        self.best_fitness_overall = objective_function(self.best_solution_overall.reshape(1, -1))[0]
        self.eval_count += 1

        population = self._initialize_population()
        fitness_values = objective_function(population)
        self.eval_count += self.population_size

        self.archive = self._update_archive(population, fitness_values)

        while self.eval_count < self.budget:
            parents = self._tournament_selection(population, fitness_values)
            offspring = self._gaussian_recombination(parents)
            offspring = self._adaptive_mutation(offspring)
            offspring_fitness = objective_function(offspring)
            self.eval_count += len(offspring)

            population, fitness_values = self._select_next_generation(
                population, fitness_values, offspring, offspring_fitness
            )

            self.archive = self._update_archive(
                np.vstack((population, offspring)),
                np.concatenate((fitness_values, offspring_fitness))
            )

            self._update_best(offspring, offspring_fitness)
            self.sigma *= self.sigma_decay

        optimization_info = {
            'function_evaluations_used': self.eval_count,
            'final_best_fitness': self.best_fitness_overall
        }

        return self.best_solution_overall, self.best_fitness_overall, optimization_info

    def _initialize_population(self):
        center = np.random.uniform(self.lower_bounds, self.upper_bounds, self.dim)
        population = np.random.normal(center, self.sigma, size=(self.population_size, self.dim))
        return np.clip(population, self.lower_bounds, self.upper_bounds)

    def _tournament_selection(self, population, fitness_values, tournament_size: int = 5):
        num_parents = self.population_size // 2
        selected_parents = []

        for _ in range(num_parents):
            tournament = np.random.choice(len(population), tournament_size, replace=False)
            winner_index = tournament[np.argmin(fitness_values[tournament])]
            selected_parents.append(population[winner_index])

        return np.array(selected_parents)

    def _gaussian_recombination(self, parents):
        offspring = []

        for i in range(0, len(parents), 2):
            parent1 = parents[i]
            parent2 = parents[i + 1]
            midpoint = (parent1 + parent2) / 2
            child1 = midpoint + np.random.normal(0, self.sigma / 2, self.dim)
            child2 = midpoint + np.random.normal(0, self.sigma / 2, self.dim)
            offspring.extend([child1, child2])

        return np.clip(np.array(offspring), self.lower_bounds, self.upper_bounds)

    def _adaptive_mutation(self, offspring):
        mutated = offspring + np.random.normal(0, self.sigma, size=offspring.shape)
        return np.clip(mutated, self.lower_bounds, self.upper_bounds)

    def _select_next_generation(self, population, fitness_values, offspring, offspring_fitness):
        combined_pop = np.vstack((population, offspring))
        combined_fit = np.concatenate((fitness_values, offspring_fitness))
        sorted_indices = np.argsort(combined_fit)

        next_gen = combined_pop[sorted_indices[:self.population_size]]
        next_fit = combined_fit[sorted_indices[:self.population_size]]
        return next_gen, next_fit

    def _update_best(self, offspring, offspring_fitness):
        for i, fitness in enumerate(offspring_fitness):
            if fitness < self.best_fitness_overall:
                self.best_fitness_overall = fitness
                self.best_solution_overall = offspring[i]

    def _update_archive(self, population, fitness_values,atol: float = 1e-6):
        combined = np.column_stack((population, fitness_values))
        new_archive = []

        for sol in combined:
            already_present = any(np.allclose(sol[:-1], arch[:-1], atol=atol) for arch in self.archive)
            if not already_present:
                new_archive.append(sol)

        new_archive.sort(key=lambda x: x[-1])
        return np.array(new_archive[:self.archive_size])
