2025-06-15 07:42:51 INFO --- GNBG Problem Parameters for f8 ---
  Dimension: 30, MaxEvals: 500000
  Search Bounds: [-100, 100]
  Number of Components: 1
  Known Optimum Value: -656.788998
  Lambda (Curvature): [1]
  Mu (Asymmetry/Depth): [0.2 0.2]
----------------------------------------
2025-06-15 07:42:51 INFO --- GNBG Problem Parameters for f8 ---
  Dimension: 30, MaxEvals: 500000
  Search Bounds: [-100, 100]
  Number of Components: 1
  Known Optimum Value: -656.788998
  Lambda (Curvature): [1]
  Mu (Asymmetry/Depth): [0.2 0.2]
----------------------------------------
2025-06-15 07:42:51 INFO --- GNBG Problem Parameters for f8 ---
  Dimension: 30, MaxEvals: 500000
  Search Bounds: [-100, 100]
  Number of Components: 1
  Known Optimum Value: -656.788998
  Lambda (Curvature): [1]
  Mu (Asymmetry/Depth): [0.2 0.2]
----------------------------------------
2025-06-15 07:42:51 ERROR Can not run the algorithm
2025-06-15 07:42:51 INFO Run function 8 complete. FEHistory len: 1, AOCC: 0.0000
2025-06-15 07:42:51 INFO FeHistory: [176847.26987201]
2025-06-15 07:42:51 INFO Expected Optimum FE: -656.7889979935655
2025-06-15 07:42:51 INFO Multimodal (single component) AOCC mean: 0.0000
2025-06-15 07:42:51 INFO AOCC mean: 0.0000
2025-06-15 07:42:51 INFO --- GNBG Problem Parameters for f8 ---
  Dimension: 30, MaxEvals: 500000
  Search Bounds: [-100, 100]
  Number of Components: 1
  Known Optimum Value: -656.788998
  Lambda (Curvature): [1]
  Mu (Asymmetry/Depth): [0.2 0.2]
----------------------------------------
2025-06-15 07:42:52 INFO --- GNBG Problem Parameters for f8 ---
  Dimension: 30, MaxEvals: 500000
  Search Bounds: [-100, 100]
  Number of Components: 1
  Known Optimum Value: -656.788998
  Lambda (Curvature): [1]
  Mu (Asymmetry/Depth): [0.2 0.2]
----------------------------------------
2025-06-15 07:42:52 ERROR Can not run the algorithm
2025-06-15 07:42:52 INFO Run function 8 complete. FEHistory len: 1, AOCC: 0.0000
2025-06-15 07:42:52 INFO FeHistory: [157430.20378877]
2025-06-15 07:42:52 INFO Expected Optimum FE: -656.7889979935655
2025-06-15 07:42:52 INFO Multimodal (single component) AOCC mean: 0.0000
2025-06-15 07:42:52 INFO AOCC mean: 0.0000
2025-06-15 07:42:56 INFO Run function 8 complete. FEHistory len: 50000, AOCC: 0.0000
2025-06-15 07:42:56 INFO FeHistory: [188559.2483817  131148.8812179  162579.7907183  ... 230997.41383186
 161076.36879313 161114.67754828]
2025-06-15 07:42:56 INFO Expected Optimum FE: -656.7889979935655
2025-06-15 07:42:56 INFO Multimodal (single component) AOCC mean: 0.0000
2025-06-15 07:42:56 INFO AOCC mean: 0.0000
2025-06-15 07:43:06 INFO Run function 8 complete. FEHistory len: 50000, AOCC: 0.0000
2025-06-15 07:43:06 INFO FeHistory: [351985.3512407  356840.94218923 353913.2009685  ... 146533.30535812
 146533.30535812 146533.30535812]
2025-06-15 07:43:06 INFO Expected Optimum FE: -656.7889979935655
2025-06-15 07:43:06 INFO Multimodal (single component) AOCC mean: 0.0000
2025-06-15 07:43:06 INFO AOCC mean: 0.0000
2025-06-15 07:44:40 INFO Run function 8 complete. FEHistory len: 50000, AOCC: 0.0000
2025-06-15 07:44:40 INFO FeHistory: [146642.00731212 126764.80378922 130682.13662087 ...  62768.62729787
  62768.62729787  62768.62729787]
2025-06-15 07:44:40 INFO Expected Optimum FE: -656.7889979935655
2025-06-15 07:44:40 INFO Multimodal (single component) AOCC mean: 0.0000
2025-06-15 07:44:40 INFO AOCC mean: 0.0000
