2025-06-15 08:42:56 INFO --- GNBG Problem Parameters for f8 ---
  Dimension: 30, MaxEvals: 500000
  Search Bounds: [-100, 100]
  Number of Components: 1
  Known Optimum Value: -656.788998
  Lambda (Curvature): [1]
  Mu (Asymmetry/Depth): [0.2 0.2]
----------------------------------------
2025-06-15 08:42:57 INFO --- GNBG Problem Parameters for f8 ---
  Dimension: 30, MaxEvals: 500000
  Search Bounds: [-100, 100]
  Number of Components: 1
  Known Optimum Value: -656.788998
  Lambda (Curvature): [1]
  Mu (Asymmetry/Depth): [0.2 0.2]
----------------------------------------
2025-06-15 08:42:58 INFO --- GNBG Problem Parameters for f8 ---
  Dimension: 30, MaxEvals: 500000
  Search Bounds: [-100, 100]
  Number of Components: 1
  Known Optimum Value: -656.788998
  Lambda (Curvature): [1]
  Mu (Asymmetry/Depth): [0.2 0.2]
----------------------------------------
2025-06-15 08:42:58 ERROR Can not run the algorithm
2025-06-15 08:42:58 INFO Run function 8 complete. FEHistory len: 301, AOCC: 0.0000
2025-06-15 08:42:58 INFO FeHistory: [ 94297.37286395 252275.47940641 194665.5103279  195559.69626449
 223714.97758563 288067.01703582 125760.80741104 125451.91224412
 108143.89697458 191860.94962406 191282.37757401 116418.69257272
 206230.97943137 135152.41437143 289343.08149103 138824.2288085
 291633.81072507 153453.77934371 125333.84025229 190049.45329701
 260167.1417027  206976.55794691 246596.05526892 208189.39852269
 226908.65158045 239665.06920142 130682.59724172 142591.54756267
 186544.19915762 116945.9379909  156936.80016499  92499.69234697
 115807.727554   161656.79599899 212721.3273401  184851.58172957
 287469.22896717 203352.4783624  154457.19906031 254880.12342599
 192977.76635709 103046.96070778 186294.53168565 203645.08649539
 210941.17268246 211854.91199722 219822.42002902 191458.02434443
 210724.0245486  160554.62938174 182102.47826541 137391.08129383
 152875.61351649 208234.3020085  198406.02993716 147651.65377785
 220133.03735506 136370.27062398 140435.69659548 182534.5529411
 199872.1520233  215317.88861564 163335.19123432 143724.13334136
 170555.17211936 132839.93517467 146327.25312731 205683.32187064
 196581.44134771 225096.85056277 160419.20347403 184995.73670795
 162972.02557831  79931.38141079 256656.90949618 165612.51166442
 101792.31517762 140195.35568718 193934.13149845 185163.48749193
 264731.21774416 159005.28144428 255671.46204661 228235.45079033
 140486.32308715 247229.65274385 173262.54323928 178689.78763759
 146715.49932892 178065.45811921 195254.04998185 252939.38641765
 251925.6542029  220669.76924016 109429.70696896 215184.6144601
 197417.56028179 167819.1404443  269724.29237963 294136.3241718
  81546.75023363 289764.2196108  169808.91694178 145354.63813938
 186576.78890071 263093.9277746  177994.76408942 186557.96262914
 237572.22777403 218608.55108534 163282.24771727 136513.2971324
  75664.19972712 149187.34693687 175482.96875959 163602.16463499
 317280.81260969 153632.63603464 180217.90126003 122928.89085115
 146897.69753972 166637.90290244 184681.95133348 157999.96172234
 203918.22483356 260393.32352612 219005.70455466 143030.84175162
 247983.48462521 129499.75470876 237763.85657458 128426.92191329
 215439.73012438 192913.43255585 236784.32816484 200089.47039718
 123275.38956201 203193.84849657 155819.14655357 131973.04877853
 218246.09592188 212151.40709802 182199.22430432 185058.12636852
 200953.94044028 234475.78034612 206499.06554211 148095.24626811
 166931.79770106 227813.5729534  177954.87832048 228248.65814767
 151541.5572926  193512.17805902 186189.33659979 145147.79588529
 214327.25227809 230371.59971868 194325.58930482 125168.14694158
 129247.48187066 250878.13493513 276638.52161934 215374.4556475
 178223.89870348 183059.01734296 183118.76195501 196944.05787173
 160496.997541   127340.72594491 175196.67341226 169390.165605
 188655.44771859 150766.62804584 202860.16040914 179102.54790765
 170542.81534639 161150.39178198 256661.35486883 218044.45100045
 168412.90276804 183923.05425996 164245.25216132 266993.60768512
 264090.13080885 214793.1708646  119964.86920521 140299.55800331
 194035.32096278 196885.99865686 171139.10853723 277184.73631201
 182480.56383605 178007.33566729 180638.72284723 216165.61843349
 249435.90009719 196466.7046784  277628.70071869 168044.93481822
 137797.50890942 230236.09910981 150166.03269364 162693.8349826
 267572.3742283  168268.97945754 129273.75495405 220603.03888865
 252824.39181839 154838.29502544 233156.30887029 127183.99831304
 267821.30830433 255151.25908414 325787.69913225 137880.84480041
 102804.44786682 136364.14450643 156809.44008975 201824.21367117
 237762.04376275 110457.77872649 165158.89187025 145453.80520584
 264703.10590531 184042.02857786 298244.28830906 198707.0248848
 195918.31383289 152188.68968575 312340.55517137 302197.08827491
 179226.41766189 170368.76749952 191224.60738438 170090.39639947
 149121.25668148 125607.39430647 244704.52200159 151584.61316192
 266920.56552475  91548.90607123 152778.67862693 170518.53588445
 246884.49527595 232230.05290278 204457.27249704 205620.45518522
 157361.91312311 145102.12403543 188292.44353418 183626.45340368
 214351.19562321 162998.77312653 189591.89233558 152767.70688391
 202798.43510753 205527.93392142 193608.1997165  144539.48555084
 168888.42908374 173121.91966754 122491.18410036 147078.05812308
 186578.40910076 172142.93466012 223024.18195764 141566.38222166
 113953.57135328 178237.78489031  87693.79059618 119419.6766367
 195609.3004193  162770.25815373 203803.39476498 172036.83464263
 172247.18778339 231964.17779217 239287.26161778 178561.16781518
 256309.23947943 229205.62511367 212754.10586994 116853.51739471
 130962.10901406 190291.521922    67822.74541376 128606.54522624
 178434.98934108 210100.00295644 135028.92141103 249104.36320457
 188468.81839664 228348.32448239 254360.42148856 220292.12333012
 196121.94566682 238006.44460077 198258.3727004  361699.96758227
 148621.04096091]
2025-06-15 08:42:58 INFO Expected Optimum FE: -656.7889979935655
2025-06-15 08:42:58 INFO Multimodal (single component) AOCC mean: 0.0000
2025-06-15 08:42:58 INFO AOCC mean: 0.0000
2025-06-15 08:43:00 INFO Run function 8 complete. FEHistory len: 50000, AOCC: 0.0000
2025-06-15 08:43:00 INFO FeHistory: [279254.07825814 280293.00969789 279702.74708527 ... 103096.65567931
 103111.41887975 103285.14976794]
2025-06-15 08:43:00 INFO Expected Optimum FE: -656.7889979935655
2025-06-15 08:43:00 INFO Multimodal (single component) AOCC mean: 0.0000
2025-06-15 08:43:00 INFO AOCC mean: 0.0000
2025-06-15 08:43:01 INFO Run function 8 complete. FEHistory len: 50000, AOCC: 0.0000
2025-06-15 08:43:01 INFO FeHistory: [281282.26410777 234768.24103788 230509.75297583 ...  29024.50739455
  29024.50739455  29024.50739455]
2025-06-15 08:43:01 INFO Expected Optimum FE: -656.7889979935655
2025-06-15 08:43:01 INFO Multimodal (single component) AOCC mean: 0.0000
2025-06-15 08:43:01 INFO AOCC mean: 0.0000
2025-06-15 08:43:06 INFO --- GNBG Problem Parameters for f8 ---
  Dimension: 30, MaxEvals: 500000
  Search Bounds: [-100, 100]
  Number of Components: 1
  Known Optimum Value: -656.788998
  Lambda (Curvature): [1]
  Mu (Asymmetry/Depth): [0.2 0.2]
----------------------------------------
2025-06-15 08:43:06 ERROR Can not run the algorithm
2025-06-15 08:43:07 INFO Run function 8 complete. FEHistory len: 300, AOCC: 0.0000
2025-06-15 08:43:07 INFO FeHistory: [199494.66936994 123985.35283218 173060.2129281  148640.19677317
 266506.97553045 199950.99767599 196392.57461635  92180.66501165
 187286.23453706 224219.15958008 142964.54601127 177349.15959874
 122040.34706265 206668.89232512 110775.94586927 178122.99095211
 263944.18504194 138023.81143077 156136.17192026 173100.71086441
 177763.13211732 204975.11292248 318054.32010647 183588.23754153
 172494.72651122 173056.86932191 127941.06570852 184833.72596445
 204479.75752774 216938.03318909 228599.17084043 157368.5890249
 232857.92803551 167485.33020452 219695.02738258 246044.09832181
 208817.6017013  124123.5262547  162054.37692461 146112.46923936
 185966.37057576 208526.19220697 188213.05600647 206109.01943344
 218917.58010496 246960.26724429 207718.62502851 125192.39903935
 185151.84576334 164768.33858357 168978.89496854 220473.46517903
 188054.46905138 229742.80362262 242903.59618878 157227.00081808
 195502.75381496 171149.57579013 152123.32186797 144812.25525005
 185632.03677085 153869.76624271 209757.26031465 220004.2681215
 194427.17425018 213793.77634156 128342.02433905 269586.66942522
 189540.82010202 160459.90751797 178304.92187813 245554.16466871
 299152.91415309 137911.73434927 194943.94084777 259705.26306951
 212223.18351987 172666.05727983 175936.27720548 221413.614208
 198269.86339588 126079.86623415 195232.01015197 179320.18632786
 187362.5082062  174273.04934027 250427.00592093 110830.92421657
 223948.47943802 194225.47315728 226330.11396163 210448.03326486
 219427.68151404 243186.11919431 124387.67381197 199765.18887077
 182806.80158607 126078.6186906  253879.43007604 216962.19770704
 145423.35411884 168940.42713161 213671.59551103 112783.60206942
 209309.88758881 169345.50178096 159081.41588897 190128.56543002
 202417.66400368 186159.43916317 268394.68305757 296045.26942033
 217404.12900225 158232.32650827 170489.48169867 110276.31833849
 196272.19701579 148912.92209714 135941.86242004 238619.21571523
 123878.30508764 202748.39777439 135378.16187583 102715.10805161
 133211.86395596 214234.87631494 201259.12821179 159584.83009114
 236574.35661308 169155.68433304 150936.43498851 117473.34917945
 223654.84421629 221885.76115291 195303.71141274 185185.94849741
 165905.75839222 197189.33563195 190198.21753094 173215.04546744
 228100.95690155 175242.57125275 249724.29512405 309966.34035224
 193345.80229951 121824.92416693 167417.7578932  108849.9219588
 195659.81820943 255074.40896408 259918.87136026 161508.77750854
 188436.35818578 155590.63640099 172045.65002008 174249.32689725
 223344.37401146 124950.93465733 190212.34352368 174412.15185421
 273507.57099911 152429.68556631 207797.64897159 183761.62168012
 169588.47894845 239442.10802835 219424.44047412 189490.50362964
 201343.82941155 172728.17941267 187418.82730518 250121.97284438
 178985.8730836  126468.32885943 235018.79221174 199337.84402344
 213269.74192668 149229.37376511 183750.37025259 172161.71622599
 121467.49986667 187462.6470237  219338.56758415 152077.99833042
 256520.47841267 136249.97479633 164701.47567641 233807.70966138
 225334.05759482 126826.04413117 174468.94214497 207301.94458559
 252528.39247094 203197.28903036 161801.18638148 158137.38809971
 235889.90019122 199344.19271986 157419.90367457 170208.21490499
 149131.08787523 151208.12426997 230041.11858732 139335.8765454
 256514.71687819 133706.82239847 143680.09658286 225492.47877584
 105682.42570094 169102.97362969 251561.10899191 206959.86780253
 186504.36502184 133735.25929845 323866.29989506 110605.0751727
 227015.19250736 160631.66775535 176842.98181858 187443.27082924
 175466.18675901 175200.90612333 135267.22475722 216080.93356481
 163743.12090972 148819.73235135 163986.99515679 224385.41522739
 183762.36262111 199968.13533455 266916.62637967 206370.9968233
 181784.09496902 115893.05265896 185823.98167894 170378.02321302
 150703.49323815 177443.22156383 234900.74394747 224084.26074946
 271020.95666915 202619.49331484 206818.44996441 210718.15956932
 141818.81273584 159411.45234363 221767.65381908 167930.82950392
 200232.26015048 239792.16243804 169715.65455104 214065.02801814
 175339.45054101 143323.77371883 118740.13951634 200791.15363179
 228310.03610884 165840.40013282 200918.1271227  189054.19546409
 171419.40088581 149185.98284662 200168.71403733 199593.63213989
 272538.0862217  161648.01856847 247805.86120819 145619.29111678
 180699.88219613 175718.2869098  243029.05593354 183139.71963314
 142436.8191268  198354.03152344 172692.31186688 180241.16542843
 120864.75836358 289775.22437856 166068.34845126 185357.21045539
 154798.14271935 233485.94594139 249780.85982464 253482.18364756
 191293.34238548 174627.74521786 172787.78859691 126973.35886455
 220024.70617202 104875.95894936 171270.7753248  157641.80482169
 138537.81941595 260577.11389888 139119.76058432 127221.89168229
 283907.16974399 186516.12141172 176036.24012122 242442.60322277]
2025-06-15 08:43:07 INFO Expected Optimum FE: -656.7889979935655
2025-06-15 08:43:07 INFO Multimodal (single component) AOCC mean: 0.0000
2025-06-15 08:43:07 INFO AOCC mean: 0.0000
2025-06-15 08:43:08 INFO --- GNBG Problem Parameters for f8 ---
  Dimension: 30, MaxEvals: 500000
  Search Bounds: [-100, 100]
  Number of Components: 1
  Known Optimum Value: -656.788998
  Lambda (Curvature): [1]
  Mu (Asymmetry/Depth): [0.2 0.2]
----------------------------------------
2025-06-15 08:43:12 INFO Run function 8 complete. FEHistory len: 50000, AOCC: 0.0000
2025-06-15 08:43:12 INFO FeHistory: [148178.84543683 185174.1004269  163837.15330454 ...  96151.53983252
 114106.87451414 103405.34365885]
2025-06-15 08:43:12 INFO Expected Optimum FE: -656.7889979935655
2025-06-15 08:43:12 INFO Multimodal (single component) AOCC mean: 0.0000
2025-06-15 08:43:12 INFO AOCC mean: 0.0000
2025-06-15 08:43:18 INFO --- GNBG Problem Parameters for f8 ---
  Dimension: 30, MaxEvals: 500000
  Search Bounds: [-100, 100]
  Number of Components: 1
  Known Optimum Value: -656.788998
  Lambda (Curvature): [1]
  Mu (Asymmetry/Depth): [0.2 0.2]
----------------------------------------
2025-06-15 08:43:20 INFO --- GNBG Problem Parameters for f8 ---
  Dimension: 30, MaxEvals: 500000
  Search Bounds: [-100, 100]
  Number of Components: 1
  Known Optimum Value: -656.788998
  Lambda (Curvature): [1]
  Mu (Asymmetry/Depth): [0.2 0.2]
----------------------------------------
2025-06-15 08:43:21 INFO --- GNBG Problem Parameters for f8 ---
  Dimension: 30, MaxEvals: 500000
  Search Bounds: [-100, 100]
  Number of Components: 1
  Known Optimum Value: -656.788998
  Lambda (Curvature): [1]
  Mu (Asymmetry/Depth): [0.2 0.2]
----------------------------------------
2025-06-15 08:43:21 ERROR Can not run the algorithm
2025-06-15 08:43:21 INFO Run function 8 complete. FEHistory len: 301, AOCC: 0.0000
2025-06-15 08:43:21 INFO FeHistory: [249654.11280506 201551.00101596 155423.93095537 162521.06784578
 128038.48124908 171977.43097272 192634.41117808 164843.71373663
 215415.29267434 180664.58607239  84100.78116213 158358.52609884
 226169.48012494 127344.22659137 164986.48266514 112940.15847023
 207833.84678131 284544.10072847 208107.2754737  205975.2142927
 216689.0088576  214093.49205957 279537.3212143  161759.1501916
 185786.14473097 189501.09810677 163267.64807217 187510.75676823
 217778.28271377 137174.95680119 155095.08686045 148937.08424297
 144924.39988135 176420.644251   146992.60364269 204485.87167743
 251526.09722014 189816.01658685 246515.53399973 203010.34972119
 165051.34108559 266170.30601572 186243.6697212  103095.72408113
 160238.38570667 192639.02610639 238633.32780653 224146.92680378
 226087.30436617 226845.20193868 160225.46928963 158741.34848209
 183933.12576193 205587.24657766 102420.81618022 183093.25315357
 182223.01511864 204591.80258569 196040.60709727 138847.56121634
 139108.40632594 231780.12539263 227408.36260151 134495.57285829
 185677.50421173 193285.37747645 135837.65170462 213066.19930195
 187152.21182905 180873.5895008  147710.83065252 179009.57819705
 161223.88468233 196179.24415194 185025.7856316  222450.2037423
 206625.59088937 168263.29120202 138095.98550914 272324.54732746
 165893.64690935 181555.41494479 197586.02266285 196544.28134556
 296848.30801029 166849.07868994 213192.70288362 177220.06560638
 143204.11836007 234725.23769269 232114.82688313 193873.14158918
 156033.11720012 268604.92793427 182361.99931243 145860.48726587
 152233.14780236 186931.61738289 124140.09006124 157558.29779083
 246714.40506707 153006.77004691 112542.02698977 263632.9661588
 167181.59679608 211608.58637225  96095.37207636 126340.08265533
 159101.55756217 175653.77039098 195112.79962324 216874.8948113
 218619.36941919 158209.98707326 207146.0392781  134003.31606461
 146828.73455912 192427.61507405 152686.01815045 172672.57534946
 184828.75169409 180945.05482517 243018.31551216 196674.55228107
 235471.87792042 249749.13901854  86404.20684696 170401.43307645
 245104.83618948 224564.76571972 200654.3248035  114571.06689742
 240978.99108016 217390.06977835 107212.14234225 260850.62813473
 202903.19373411 166564.00279505 163760.35931995 153983.0772444
 243822.03093279 169577.32581056 261833.04296824 178230.75163976
 264729.21609099 276462.76888717 281487.64386411 286683.16596795
 216817.85032685 271594.92554151 191934.46272155 186094.44800834
 141118.82116003 211692.26255158 198331.13799251 202982.32689768
 220404.01504228 217577.55233503  91713.52470709 170988.38696305
 165417.29431874 142687.64398895 270457.50612497 130279.55212858
 205401.06614666 223848.80811618 197734.23224584 187814.46673083
 118845.45205185 120648.72017698 175288.2720347  293431.58496854
 156282.26239738 155588.42941782 202157.23617416 223715.7899049
 121791.20891004 327583.91804977 205530.4608722  194768.27144291
 157040.77433107 150638.24380295 206844.42681814 317003.15368093
 204561.87777822 186211.10860989 189916.91956632 275102.19197138
 194013.31546516 286285.27949987 166415.71935265 163880.22320092
 201934.00506152  86306.30076212 252994.23867775 195612.81012699
 181938.25692464 281831.20946986 181691.67664903 244775.7682267
 284104.14466095 229435.12172358 126896.10802877 192631.13846953
  96503.11282312 195567.38919513 212676.98766465 140641.55894962
 114763.40075304 189673.93312834 295285.91334396 145516.12473373
 277838.32007809 136642.77610714 187900.71194907 223030.82582719
 205010.40829522 150187.97590187 168355.93683284 237054.26200747
 157318.73137728 128461.22131469 165207.97024225 186061.93658841
 234297.93745578 177457.18016942 171169.54779874 130554.92325278
 222414.08628539 124688.46789268 312418.66828254 156621.70087678
 194571.27171055 228831.20995003 154785.27281606 144594.94861654
 212058.89378981 120223.13384755 181453.27091101 115881.49788548
 186810.32195385 186761.10432985 195849.00825943 145240.00648453
 190988.03099191 204937.19558345 238004.69195807 200733.64616629
 252627.97059011 144487.1676369  180116.26599712 176790.0449453
 270862.09146552 132359.80298461 126342.53831471 147305.16858846
 268144.48642832 219319.37179587 166627.31617599 146726.75594939
 142084.94649213 172585.82725274 126574.21987422 137884.86245178
 111019.18447273 251119.20880619 179399.51155536 263785.2354218
 184925.05747812 198683.34109278 249964.89066836 185996.82007444
 211851.11836717 172841.21810116 212669.09142803 235635.87827954
 208122.17434493 220631.67574549 186601.33773644 242492.22479095
 150571.78047473 163510.91742215 205419.73322656 117274.91782088
 180398.58733488 194706.79368538 156196.32417103 116989.46643705
 203350.14049077 135425.30036451 183478.63186976 217767.89181229
 243408.42883963 122659.25175444 198672.38663924  96642.5672999
 163804.71192683 171825.13088977 212230.31841056 196813.26595041
 145240.0890765 ]
2025-06-15 08:43:21 INFO Expected Optimum FE: -656.7889979935655
2025-06-15 08:43:21 INFO Multimodal (single component) AOCC mean: 0.0000
2025-06-15 08:43:21 INFO AOCC mean: 0.0000
2025-06-15 08:43:22 INFO Run function 8 complete. FEHistory len: 50000, AOCC: 0.0000
2025-06-15 08:43:22 INFO FeHistory: [104190.99757219 104651.79180444 105792.62338493 ...  46800.45427077
  46820.65385122  46695.1252364 ]
2025-06-15 08:43:22 INFO Expected Optimum FE: -656.7889979935655
2025-06-15 08:43:22 INFO Multimodal (single component) AOCC mean: 0.0000
2025-06-15 08:43:22 INFO AOCC mean: 0.0000
2025-06-15 08:43:25 INFO Run function 8 complete. FEHistory len: 50000, AOCC: 0.0000
2025-06-15 08:43:25 INFO FeHistory: [169657.45915539 123500.76948529 107405.63151743 ...  14584.99336933
  14585.55274473  14586.31168704]
2025-06-15 08:43:25 INFO Expected Optimum FE: -656.7889979935655
2025-06-15 08:43:25 INFO Multimodal (single component) AOCC mean: 0.0000
2025-06-15 08:43:25 INFO AOCC mean: 0.0000
2025-06-15 08:43:33 INFO --- GNBG Problem Parameters for f8 ---
  Dimension: 30, MaxEvals: 500000
  Search Bounds: [-100, 100]
  Number of Components: 1
  Known Optimum Value: -656.788998
  Lambda (Curvature): [1]
  Mu (Asymmetry/Depth): [0.2 0.2]
----------------------------------------
2025-06-15 08:43:33 ERROR Can not run the algorithm
2025-06-15 08:43:33 INFO Run function 8 complete. FEHistory len: 301, AOCC: 0.0000
2025-06-15 08:43:33 INFO FeHistory: [138347.49551589 128672.37732528 300183.8062599  172267.18286254
 183444.9409707  254508.19428751 119312.20369167 136008.07338923
 124476.20656376 120217.23450259 233220.0500219  172868.7272964
 159952.0570178  199205.90334588 191243.08795077 196991.23888327
 135820.57625341 277004.76376913 217025.97925781 171224.86496309
 331753.59502987 123467.75644871 285817.62158832 180851.0197328
 209675.75968714 178058.89042896 119983.90724538 182353.39976197
 184124.49536742 194558.38242628 163297.98711197 219393.57094611
 130134.93383616 168017.98804845 172244.70342068 130415.93807494
 146698.22730155 226177.3844795  238958.46131879 194742.70861017
 191319.44550139 235222.50919302 233453.07967381 163132.67974203
 170076.7644534  132583.96726909 262799.40441574 220751.90324142
 271815.50177824 190915.7034182  242837.48334971 212500.91698913
 180076.43994202 164696.84602448 194952.57637155 268034.67409018
 254835.36486289 181607.11888728 226940.59902172 162016.13296888
 187025.07187427 217641.39367811 242511.05461758 177076.00218364
 148711.79736056 180688.55019894 285694.71350826 186939.92801192
 162875.37185074 203215.09680375 218404.54749638 227714.64037607
 137854.54691056 165353.6038249  116502.17801183 163885.9349944
 155379.4003732  130894.12754486 257336.03641949 184657.21999327
 183941.6074126  138892.037978   173371.76786466 213089.85002079
 159039.13916778  84708.75652727 177617.48179511 165975.79100979
 148784.68493551 245368.74593465 128377.66967591 146461.83107408
 115347.7791718  214343.12812784 230229.47023312 185894.10881827
 165657.63991295 189552.73074589 201763.22243375 198440.86032648
 257792.71372577 154519.83745555 193278.69052698 206270.59863333
 184680.38518332 201062.76897489 246117.2830716  186245.19042887
 198214.41462281 225462.36090566 262195.76018332 169814.88814747
 157646.24021717 150193.03061935 165947.8337978  144018.17104537
 181646.01315472 185344.48051952 109954.7160336  249229.34128119
 190220.85346115 204588.85793543 214404.83989008  90057.23823405
 126558.14921955 151328.73038622 167424.17044218 131962.87927141
 186448.06192298 233939.56333513 171340.30559889 111368.70737981
 217616.63879438 193884.4760746  335025.47064396 200945.23661657
 228532.56504419 235539.968128   188313.63018157 198781.06599502
 169227.88356397 249787.28533084 216011.20954424 217324.80294367
 176054.08844479 252244.65315856 119952.29327121 149856.78889017
  98296.22136472 154544.97898665 198721.47216779 266121.94424331
 204140.225316   218762.38511964 153422.45390905 106820.87199518
 133156.84260823 151885.60395921 130505.11032703 104689.81081834
 161549.02082858 182936.6716031  131721.41655537 261942.06619764
 180607.11198928 176186.91455185 201284.63599417 267132.37228192
 167558.35671698 180212.41203334 204154.90917952 191461.33063061
 199886.40771589 253340.78626731 215035.02488034 199109.15264575
 110592.19679901 109239.76378003 260302.81576448 288022.35486077
 237474.75743081 219157.99877898 139034.72887386 145083.69189466
 195750.28703887 168385.92625092 147766.99717338 199010.08751271
 168009.26098062 178897.45557688 257570.07127551 100738.23985263
  87452.00903462 252968.24173178 145159.5628315   96369.09323792
 197373.57635393 226879.17291622 198171.91929176 168850.13512832
 213073.88248632 215228.75553403 201504.51200279 192256.1984835
 135806.90838159 263340.70530131 194747.4408173  183153.57852547
 114140.89688395 134568.16672489 185137.38340267 228205.16561597
 210605.33525826 160645.82993612 131263.34764401 264483.70875648
 172406.09994859 198187.4083258  223602.43045339 174662.92277832
  82840.08659295 240109.38197076 251214.23766849 100608.46852549
 124394.87806484 129159.75375226 239328.50743454 228612.84114319
 228734.22266178 176682.48190515 205634.8214376  178761.2190411
 154175.27222196 142663.6582411  267779.08549017 138572.27411982
 228889.05874124 146924.84546277 155971.77100202 170000.75067752
 197220.61623072 277212.48104279 176966.80290168 140724.1261871
 210973.75472624 169307.16278417 211450.14493568 176942.61061365
 176723.18695998 180905.13027368  87877.15531017 188592.26074898
 145306.50111307 206892.22654241 244508.56421611 202200.08461485
 147930.25121563 247849.45470247 206600.33720572 210893.46519204
 223798.39988804 202363.94975286 183181.25526136 231464.08249412
 144330.38901705 147756.89932791 269959.95229203 153115.47927362
 229989.86464    195514.48265907 193442.98998542 247166.1814549
 194792.97124996 190495.32326757 261386.09504851 150827.03238661
 207304.52838172 265230.52204657 129527.60318471 190205.72109123
 136708.49354471 251027.76901193 211935.91299394 117785.61035672
 131740.89879114 210496.36541288 190167.61201285 229549.73638384
 237962.01442363 201201.14740888 148620.43552422 157782.2401413
 181008.76231597 273692.96985369 223565.27895073 140043.30050444
 162268.36853382 128852.72354852 158245.559196   176637.16119293
 326038.44674213]
2025-06-15 08:43:33 INFO Expected Optimum FE: -656.7889979935655
2025-06-15 08:43:33 INFO Multimodal (single component) AOCC mean: 0.0000
2025-06-15 08:43:33 INFO AOCC mean: 0.0000
2025-06-15 08:43:34 INFO --- GNBG Problem Parameters for f8 ---
  Dimension: 30, MaxEvals: 500000
  Search Bounds: [-100, 100]
  Number of Components: 1
  Known Optimum Value: -656.788998
  Lambda (Curvature): [1]
  Mu (Asymmetry/Depth): [0.2 0.2]
----------------------------------------
2025-06-15 08:43:34 INFO --- GNBG Problem Parameters for f8 ---
  Dimension: 30, MaxEvals: 500000
  Search Bounds: [-100, 100]
  Number of Components: 1
  Known Optimum Value: -656.788998
  Lambda (Curvature): [1]
  Mu (Asymmetry/Depth): [0.2 0.2]
----------------------------------------
2025-06-15 08:43:34 ERROR Can not run the algorithm
2025-06-15 08:43:34 ERROR Can not run the algorithm
2025-06-15 08:43:34 INFO Run function 8 complete. FEHistory len: 300, AOCC: 0.0000
2025-06-15 08:43:34 INFO FeHistory: [212459.58546563 174892.50340975 139729.91957326 272410.99065353
 202984.43115057 146106.05902953 139417.1208996  159973.01723768
 252870.84690569 215225.6687188  180323.18516426 166260.29997399
 204441.80690545 222681.2693441  194002.21644308 181043.73937443
 175948.31199798 175097.61802872 152407.10209832 206097.12936652
 154130.18625115 251473.6286128  216813.18125624 205546.41897621
 121028.25454605 224789.79165027 185495.52584689 253750.80040545
 186143.39410236 170013.08284487 211186.39335406 182151.34139135
 223264.96360388 101540.25269316 186806.37754864 147962.78161943
 135712.85696963 171954.55921792 147536.99613489 150132.69499287
 354358.95261176 123749.67197827 218782.6440042  228875.93628732
 133074.07901397 173777.60556101 300487.24018875 184346.43685628
 285376.05958026 142044.68095051 141547.877576   210206.85529916
 203537.92703995 201647.79979266 209449.37730213 219962.89606539
 161156.97722695 150305.20188427 139232.63966739 194906.73026025
 170575.55292007 177630.41003624 251465.02262671 142639.52476657
 208761.89188698 215153.83547669 189185.11398574 192614.50690785
 169083.12591577 209111.87859381 175119.85599809 184741.92345327
 188016.04823128 144745.13253353 234773.82685657 223457.39894009
 138342.25538459 187990.93418452 219738.72588174 136023.33064741
 167508.63248673 174571.88569415 148459.5612044  209624.84655409
 186376.22236362 164364.10189347 124775.10176781 128926.21179794
  76828.70331906  88444.56349273 176085.4563122  212498.14697545
 161043.58490903 110558.37175044 263805.85179557 112697.47881659
 200660.36176676 211749.86109455 152861.74226363 128459.78961802
 222761.83057683 285072.21057897 219218.9875597  176440.94209595
 131498.78335604 216066.01081301 167253.77449415 187507.99512781
 214006.26612755 178328.54375011 238896.17362211 145431.18991342
 158896.08942918 151851.45361471 138199.41442689 129276.92092952
 149558.65914996 154796.08466165 127083.83303916 189471.96633419
 181100.73666565 163717.21436492 178229.12931785 312384.71179624
 210213.68536142 134660.15060925 143940.20883002 138818.24179933
 157704.44476252 173047.22537208 150550.7890579  159968.10131666
 102877.33395248 134304.00154927 170222.4936048  187941.77853789
 121548.90415161 190805.07267527 256484.52094606 275110.95614061
 171265.45815443 133072.6455531  156027.4334924  147615.83485335
 201024.6810327  135480.97187101 186122.36383669 171730.98468052
  93857.7458377  147548.70309761 126566.64871973 234604.47852092
 165495.08664934 224823.4574358  199144.34646008 112280.37376558
 217813.55442592 138082.08145877 213536.81701666 178828.738529
 100803.50261433 176403.63373054 101538.12523185 194730.39118572
 246833.54047949 158849.85632909 183042.48627702 201999.06428981
 193870.86110397 214096.73795057 167521.34782518 149254.21922872
 173095.61081391 178337.53743427 147290.64675191 179476.01006763
 133146.63072725 207179.30529005 137687.28212172 216897.54716489
 217015.37780299 185406.53157063 260042.36991609 241416.50359328
 159891.1905661  216319.20278138 177136.44727236 209796.58217536
 215187.97113046 140911.43390714 245615.87468982 225849.56155743
 174715.69308879 205288.37698369 112902.28890195 184576.47815039
 253980.22727062 119540.70432964 268750.9834507  198022.1220589
 196702.45277284 237853.90056934 201902.11724586 175276.07106331
 147697.06398355 188970.90262944  94778.61699372 124841.40055353
 133972.03372576 201001.77587194 129122.04880128 218902.91462249
 184960.39587878 135493.54210007 150848.24483671 181619.38505584
 294558.31677498 228871.31990967 262567.86099602 179696.31696136
  98169.47155803 104142.77388086 265011.11050208 166072.56350511
 155422.1162413  147886.533287   151685.77280438 225087.75545101
 152965.46717482 218745.19065726 213000.02949428 164911.11306534
 185751.81657473 171824.99621796 204796.87564783 242841.88854689
 190096.36187203 179007.8817148  176575.73905287 107912.07619197
 159672.33717101 168393.91243175 146359.15961091 156669.23860642
 167463.10580345 187747.77825835 261001.12911711 263270.26948824
 156650.13941666 139545.84061402 124909.34689506 162423.81848207
 210073.9467885  296687.08392461 257357.59084632 318682.91298366
 162290.96455011 125059.25891169 209663.84908045 151757.64819614
 211218.23897172 187636.1498134  218369.58785466 255229.56355157
 153409.2856245  219968.71426108 187188.75709759 160698.49124534
 284810.82486394 195194.73615287 137740.01090398 152639.69939513
 127183.63651231 178913.40921249 274096.8249048  164007.17489366
 172529.53636106 251213.22186708 203948.20091083 173272.69216477
 116119.52274167 214449.33499938 271294.75038638 156201.74656935
 283402.60785497 168209.73145309 217627.68935127 262515.87560254
 182257.12263192 167888.28077278 170434.05834562 178828.58274227
 219784.34511845 269466.0224345  212676.33288686 212813.49105588
 245235.10993762 253715.3107749  225835.47895716 170310.21205975]
2025-06-15 08:43:34 INFO Expected Optimum FE: -656.7889979935655
2025-06-15 08:43:34 INFO Multimodal (single component) AOCC mean: 0.0000
2025-06-15 08:43:34 INFO AOCC mean: 0.0000
2025-06-15 08:43:34 INFO Run function 8 complete. FEHistory len: 300, AOCC: 0.0000
2025-06-15 08:43:34 INFO FeHistory: [102990.94347059 183092.11851912 248275.10288537 146871.70688714
 184382.02241739 183665.9794474   93710.4312893  112780.06224817
 219102.34114887 232882.56321626 142749.76021809 170464.4663004
 258144.37462065 255837.29249269 288671.38877226 246852.41914861
 216433.88087789 235037.24276186 238497.58565375 238649.85663554
 160323.39294218 246128.15236298 206139.58279397 194913.89270622
 227628.32828617 166611.73424988 183950.97442579 253817.90649196
 156135.95813905 207561.22645244 224309.95174224 173154.42932138
 141828.07173453 118228.26308411 169465.50556469 181683.44750166
 126820.34038403 213800.72279709 298033.04162138 258530.97857242
 123622.42669512 216315.22954367 249406.66062022 184156.39752756
 175634.65254818 138664.86720215 311430.44930337 200225.09262031
 162552.35495977 172494.16053304 263944.6618641  160160.26201304
 202872.57555328 158785.27885408 144839.89484448 113735.35781025
 183773.22853855 240518.24803879 141572.26119236 263717.10471313
 209173.48754666 155185.99029938 260881.89089481 214959.7274923
 182025.84756034 132830.297105   193888.90230723 229912.97931509
 247002.35388612 191847.13008039 190843.17178538 175219.62735254
 252011.23051305 289458.62827335 244729.1115653  231244.62768235
 147619.63493048 204094.53643737 282781.96998576 206860.29617427
 199881.62277455 281916.72713828 223176.39461306 158983.34043531
 208064.32911658 165852.84037083 263998.62997576 123227.15116088
 171666.46479274 178806.40860369 232192.22227724 240400.36273191
 121748.99601035 200834.63400421 116801.02051896 322789.32391344
 176972.16794469 300001.23713632 297236.70552413 258089.36034796
 240519.38597314 223117.39429609  99800.64108765 179548.60158395
 202710.4551407  219164.86266557 197812.58237998 182569.16744469
 200461.5171775  258030.0645993  207609.69275871 271930.81799167
 124303.145444   269412.61750262 194266.05251195 270245.05012396
 191386.57019957 128000.71907732 178785.67372141 174844.81195843
 206066.66932485 205710.81995923 213142.1586661  257471.28350664
 211074.27677032 166367.76521851 206621.80877251 184534.3013303
 195762.58555928 253876.41095657 145871.52679858 219773.49323443
 300566.54134912 170599.00114561 179592.87944515 255251.60529221
 179561.50160013 240116.95987025 109112.32629669 219944.14905997
 281591.84721161 100622.86539191 182404.96029066 231468.40469594
 241549.98785177 181575.97183912 170340.80579309 169427.73874667
 252765.00929559 276023.96824295 166820.67080838 229545.75847918
 109007.58198135 245205.39759585 140928.97302524 120266.87118254
 176713.08398933 195057.36059336 147004.0286316  256541.98750809
 109871.57956849 235984.84125382 183892.42479348 250692.67881244
 188150.481284   104232.34731417 159382.96643304 184894.96535829
 142605.213443   175636.21659406 185447.82854387 131932.07200581
 194931.01537936 195607.68155876 163960.13002308 160942.05471139
 208409.49820284 111096.45789221 213763.46044378 189340.31720814
 240182.18006026  98152.07798664 171042.55330331 215584.73528934
 147367.08521338 135108.366563   245021.37877927 118932.67672489
 172210.62587138 224494.7632556  230643.74243947 250033.47743427
 152328.53126072 155024.50107286 172163.29920802 227783.44201003
  98997.33941191 153687.75357205 132756.74518809 172011.2347196
 226913.82629552 240091.56082218 112730.43546481 124766.17276574
 140882.95804841 186072.69262825 262764.63082539 155767.83791104
 175791.38037988 128094.88631681 316168.46508436 160838.56840377
 184714.04193886 194812.0608665  148417.09196234 102225.05258866
 227637.01986666 145903.35373424 222034.01343393 224756.8277773
 173688.04366114 235909.95253809 140087.51825847 203643.2818158
 180183.17127621 175009.60856674 124770.24124863 175490.01217668
 222667.46307197 147353.65002249 217925.48739769 139649.76843586
 418581.8736958  155710.72232945 201174.13727171 225217.40196525
 162734.27781121 152377.87602362 248917.86074679 166745.77523335
 174043.41658453 286413.28514247 160937.52362449 195117.10349562
 117796.36375442 269749.16604064 207550.97873892 120352.59023622
 227433.01025558  83300.3716687  145672.88885464 244802.76273869
 153164.74960875 208211.57281938 160371.5170687  245028.35579171
 212040.48340951 147146.27477532 153825.81097131 151165.3248652
 188610.04770192 101223.31852699 188373.17886395 243690.57080578
 263206.31562938 136402.46895263 254351.75476315 163842.05791941
 230972.63908367 104956.9503046  196201.49332304 254631.26161622
 148299.62807536 210779.55508489 297528.25461369 227364.36381974
 233643.14864264 187377.18915535 146350.09382035 185693.49934531
 130279.61789122 246463.85499448 179252.14040308 212349.681148
 133429.62765886 225567.75257177 161044.20408347 124151.25778886
 116887.79087645 163553.19108294 182596.56234337 215258.88234752
 259009.17168681 136088.34189868 220167.92348066 182256.97112494
 202069.71364922 223027.90307295 198540.78670997 161618.33003804]
2025-06-15 08:43:34 INFO Expected Optimum FE: -656.7889979935655
2025-06-15 08:43:34 INFO Multimodal (single component) AOCC mean: 0.0000
2025-06-15 08:43:34 INFO AOCC mean: 0.0000
2025-06-15 08:43:41 INFO --- GNBG Problem Parameters for f8 ---
  Dimension: 30, MaxEvals: 500000
  Search Bounds: [-100, 100]
  Number of Components: 1
  Known Optimum Value: -656.788998
  Lambda (Curvature): [1]
  Mu (Asymmetry/Depth): [0.2 0.2]
----------------------------------------
2025-06-15 08:43:41 ERROR Can not run the algorithm
2025-06-15 08:43:41 INFO Run function 8 complete. FEHistory len: 5, AOCC: 0.0000
2025-06-15 08:43:41 INFO FeHistory: [151745.52244129 148481.853441   149365.58714362 149007.21504144
 150030.46992741]
2025-06-15 08:43:41 INFO Expected Optimum FE: -656.7889979935655
2025-06-15 08:43:41 INFO Multimodal (single component) AOCC mean: 0.0000
2025-06-15 08:43:41 INFO AOCC mean: 0.0000
2025-06-15 08:43:41 INFO --- GNBG Problem Parameters for f8 ---
  Dimension: 30, MaxEvals: 500000
  Search Bounds: [-100, 100]
  Number of Components: 1
  Known Optimum Value: -656.788998
  Lambda (Curvature): [1]
  Mu (Asymmetry/Depth): [0.2 0.2]
----------------------------------------
2025-06-15 08:43:42 INFO --- GNBG Problem Parameters for f8 ---
  Dimension: 30, MaxEvals: 500000
  Search Bounds: [-100, 100]
  Number of Components: 1
  Known Optimum Value: -656.788998
  Lambda (Curvature): [1]
  Mu (Asymmetry/Depth): [0.2 0.2]
----------------------------------------
2025-06-15 08:43:47 INFO Run function 8 complete. FEHistory len: 50000, AOCC: 0.0000
2025-06-15 08:43:47 INFO FeHistory: [202994.68613874 156898.13206475 180939.48290799 ...  15052.35324845
  15050.73098919  15050.80026183]
2025-06-15 08:43:47 INFO Expected Optimum FE: -656.7889979935655
2025-06-15 08:43:47 INFO Multimodal (single component) AOCC mean: 0.0000
2025-06-15 08:43:47 INFO AOCC mean: 0.0000
2025-06-15 08:43:47 INFO Run function 8 complete. FEHistory len: 50000, AOCC: 0.0000
2025-06-15 08:43:47 INFO FeHistory: [166946.85029068 256831.70514188 207455.53165012 ... 172891.02797046
 172404.92396639 154140.66098388]
2025-06-15 08:43:47 INFO Expected Optimum FE: -656.7889979935655
2025-06-15 08:43:47 INFO Multimodal (single component) AOCC mean: 0.0000
2025-06-15 08:43:47 INFO AOCC mean: 0.0000
