2025-06-15 07:16:24 INFO --- GNBG Problem Parameters for f8 ---
  Dimension: 30, MaxEvals: 500000
  Search Bounds: [-100, 100]
  Number of Components: 1
  Known Optimum Value: -656.788998
  Lambda (Curvature): [1]
  Mu (Asymmetry/Depth): [0.2 0.2]
----------------------------------------
2025-06-15 07:16:24 ERROR Can not run the algorithm
2025-06-15 07:16:24 INFO Run function 8 complete. FEHistory len: 1, AOCC: 0.0000
2025-06-15 07:16:24 INFO FeHistory: [192261.1659729]
2025-06-15 07:16:24 INFO Expected Optimum FE: -656.7889979935655
2025-06-15 07:16:24 INFO Multimodal (single component) AOCC mean: 0.0000
2025-06-15 07:16:24 INFO AOCC mean: 0.0000
2025-06-15 07:16:25 INFO --- GNBG Problem Parameters for f8 ---
  Dimension: 30, MaxEvals: 500000
  Search Bounds: [-100, 100]
  Number of Components: 1
  Known Optimum Value: -656.788998
  Lambda (Curvature): [1]
  Mu (Asymmetry/Depth): [0.2 0.2]
----------------------------------------
2025-06-15 07:16:25 ERROR Can not run the algorithm
2025-06-15 07:16:25 INFO Run function 8 complete. FEHistory len: 1, AOCC: 0.0000
2025-06-15 07:16:25 INFO FeHistory: [221125.81411646]
2025-06-15 07:16:25 INFO Expected Optimum FE: -656.7889979935655
2025-06-15 07:16:25 INFO Multimodal (single component) AOCC mean: 0.0000
2025-06-15 07:16:25 INFO AOCC mean: 0.0000
2025-06-15 07:16:25 INFO --- GNBG Problem Parameters for f8 ---
  Dimension: 30, MaxEvals: 500000
  Search Bounds: [-100, 100]
  Number of Components: 1
  Known Optimum Value: -656.788998
  Lambda (Curvature): [1]
  Mu (Asymmetry/Depth): [0.2 0.2]
----------------------------------------
2025-06-15 07:16:25 ERROR Can not run the algorithm
2025-06-15 07:16:25 INFO Run function 8 complete. FEHistory len: 1, AOCC: 0.0000
2025-06-15 07:16:25 INFO FeHistory: [196672.69439667]
2025-06-15 07:16:25 INFO Expected Optimum FE: -656.7889979935655
2025-06-15 07:16:25 INFO Multimodal (single component) AOCC mean: 0.0000
2025-06-15 07:16:25 INFO AOCC mean: 0.0000
2025-06-15 07:16:26 INFO --- GNBG Problem Parameters for f8 ---
  Dimension: 30, MaxEvals: 500000
  Search Bounds: [-100, 100]
  Number of Components: 1
  Known Optimum Value: -656.788998
  Lambda (Curvature): [1]
  Mu (Asymmetry/Depth): [0.2 0.2]
----------------------------------------
2025-06-15 07:16:26 ERROR Can not run the algorithm
2025-06-15 07:16:26 INFO Run function 8 complete. FEHistory len: 1, AOCC: 0.0000
2025-06-15 07:16:26 INFO FeHistory: [159112.29260723]
2025-06-15 07:16:26 INFO Expected Optimum FE: -656.7889979935655
2025-06-15 07:16:26 INFO Multimodal (single component) AOCC mean: 0.0000
2025-06-15 07:16:26 INFO AOCC mean: 0.0000
2025-06-15 07:16:26 INFO --- GNBG Problem Parameters for f8 ---
  Dimension: 30, MaxEvals: 500000
  Search Bounds: [-100, 100]
  Number of Components: 1
  Known Optimum Value: -656.788998
  Lambda (Curvature): [1]
  Mu (Asymmetry/Depth): [0.2 0.2]
----------------------------------------
2025-06-15 07:16:26 ERROR Can not run the algorithm
2025-06-15 07:16:26 INFO --- GNBG Problem Parameters for f8 ---
  Dimension: 30, MaxEvals: 500000
  Search Bounds: [-100, 100]
  Number of Components: 1
  Known Optimum Value: -656.788998
  Lambda (Curvature): [1]
  Mu (Asymmetry/Depth): [0.2 0.2]
----------------------------------------
2025-06-15 07:16:27 INFO Run function 8 complete. FEHistory len: 20, AOCC: 0.0000
2025-06-15 07:16:27 INFO FeHistory: [190283.44016325 233807.86326271 176149.45361742 160889.44525401
 144824.48062837 181402.50097032 287010.22918348 172820.54941818
 224858.0818941  263379.81088827 191291.36147324 266482.19312936
 187038.71289112 130840.2544692  145229.91231736 197590.39635501
 186469.79133302 187697.6853969  314102.70356963 170009.10231568]
2025-06-15 07:16:27 INFO Expected Optimum FE: -656.7889979935655
2025-06-15 07:16:27 INFO Multimodal (single component) AOCC mean: 0.0000
2025-06-15 07:16:27 INFO AOCC mean: 0.0000
2025-06-15 07:16:27 INFO --- GNBG Problem Parameters for f8 ---
  Dimension: 30, MaxEvals: 500000
  Search Bounds: [-100, 100]
  Number of Components: 1
  Known Optimum Value: -656.788998
  Lambda (Curvature): [1]
  Mu (Asymmetry/Depth): [0.2 0.2]
----------------------------------------
2025-06-15 07:16:27 ERROR Can not run the algorithm
2025-06-15 07:16:27 INFO Run function 8 complete. FEHistory len: 10, AOCC: 0.0000
2025-06-15 07:16:27 INFO FeHistory: [128075.13999802 179182.765366   135262.37671867 185822.21666148
 190888.02892274 148259.10502783 176697.99969891 190519.44622667
 265057.32271839 174179.37766667]
2025-06-15 07:16:27 INFO Expected Optimum FE: -656.7889979935655
2025-06-15 07:16:27 INFO Multimodal (single component) AOCC mean: 0.0000
2025-06-15 07:16:27 INFO AOCC mean: 0.0000
