2025-06-05 10:17:55,772 - INFO - Initializing first population
2025-06-05 10:24:44,752 - INFO - Run on dim 5, function 1
2025-06-05 10:24:44,755 - INFO - FeHistory: [197611.68626737 212010.02263248 183271.84309204 188613.41727728
 196012.30220565 220478.75349082 196202.65610739 196012.30220565
 196039.23377612 196096.42089608 196371.48234732 196047.18335369
 196050.47353757 196385.04395728 196911.31464592 196790.19936892
 196044.17996411 196046.35575247 196446.27779504 196001.5903296
 197422.67187178 196455.36638674 196055.9938448  197310.05022193
 196023.88793091 196319.29528804 195947.71775001 196025.29380586
 196060.92416786 196950.77586601 196347.07236495 196235.78416493
 196797.7094127  196536.87576187 196278.9946047  196791.39007105
 196509.03087695 197292.21563693 195352.89842008 194388.70140451
 195269.69838911 195139.32527837 195344.36480921 195283.83805589
 195290.14473599 195193.60897417 195120.95809399 195241.46478231
 195222.70734612 195154.4036917  195085.51378874 195090.85612009
 194976.64661139 194930.17249259 194852.12309967 194824.67964407
 194740.36121618 194795.71730461 194736.42447053 194679.80824729
 194568.11899922 194479.53994706 194372.11508031 193546.49095539
 194206.94129111 194092.32245596 193985.01709474 193843.01762033
 193711.29580089 193571.00937621 193468.93073893 192252.84264034
 193876.99180952 193835.79324087 193751.4017592  193680.49956596
 193576.11963294 193518.71067268 193410.95695606 193325.45976087
 193243.67107848 193148.26513525 193051.23782427 192894.8078285
 192854.32833365 192782.64695792 192710.94062599 192626.07531942
 192481.90544932 192383.94112673 192225.11589819 191000.74419114
 192066.67541685 191981.88952089 191912.23304123 191863.93768387
 191850.1703497  191817.42429805 191790.02427364 191762.85508889
 191642.4900089  191519.72861837 191460.68219327 191332.48994556
 191249.00309392 191165.37496585 191005.15987237 190869.58028756
 189583.76103178 190665.0689064  190561.3510362  190458.70689319
 190375.6976197  190295.88112702 190206.74087227 190157.26324088
 190009.80856866 189910.93176319 189785.44948108 189697.54218618
 189635.762334   189542.24795144 188153.85718567 189415.38227298
 189423.03550194 189315.42092014 189216.02861102 189261.79698005
 188938.39389015 188782.45977952 188615.50087985 188451.18464803
 188335.72933231 188268.22678394 188121.45197081 186543.82445146
 187898.36175252 187793.86585096 187634.39783241 187550.27288738
 187331.91212634 187477.47803334 187354.83558732 187243.3995432 ]
2025-06-05 10:24:44,756 - INFO - Expected Optimum FE: -1081.9837994003399
2025-06-05 10:24:45,910 - INFO - Aucs is: [0.0]
2025-06-05 10:24:45,910 - INFO - Detail_aucs is: [0.0]
2025-06-05 10:41:15,513 - INFO - Run on dim 5, function 2
2025-06-05 10:41:15,516 - INFO - FeHistory: [-701.30603682 -701.30843087 -701.32081906 -701.29478643 -701.29153832
 -701.30470407 -701.28740453 -701.30603682 -701.30567134 -701.30598426
 -701.30552372 -701.30565566 -701.30579396 -701.30604561 -701.30580633
 -701.30597897 -701.30604389 -701.30537952 -701.3055183  -701.30579711
 -701.30600019 -701.30528578 -701.3057165  -701.30608029 -701.30597097
 -701.3059541  -701.30585884 -701.30601441 -701.30580233 -701.30584422
 -701.30600089 -701.3059428  -701.30609937 -701.30561034 -701.30604696
 -701.30587655 -701.30596288 -701.30541831 -701.30640114 -701.3069301
 -701.30641787 -701.30644489 -701.30640593 -701.3064501  -701.30642724
 -701.30642494 -701.30646553 -701.30647681 -701.30644046 -701.30647915
 -701.30653082 -701.30657747 -701.30657458 -701.30662315 -701.30665259
 -701.30663467 -701.30666441 -701.30670914 -701.30674471 -701.30677729
 -701.30684179 -701.306875   -701.30693429 -701.30739132 -701.30700518
 -701.30706011 -701.30712042 -701.30718921 -701.30725993 -701.30730556
 -701.30736884 -701.30711276 -701.3071476  -701.30718069 -701.30723555
 -701.30727582 -701.3073266  -701.3073736  -701.30742295 -701.30787049
 -701.30751167 -701.30757422 -701.30760153 -701.30761536 -701.30769375
 -701.30772116 -701.30778153 -701.30783605 -701.30789988 -701.30849753
 -701.30798201 -701.30802248 -701.30806049 -701.30809609 -701.3081357
 -701.30815043 -701.3081554  -701.30819152 -701.30819467 -701.30827418
 -701.30830706 -701.30833934 -701.30842973 -701.30844784 -701.30851044
 -701.30911318 -701.3086095  -701.30867559 -701.30873568 -701.30879656
 -701.30886489 -701.30895167 -701.30893407 -701.30895751 -701.30903119
 -701.30910214 -701.30913031 -701.30983072 -701.30924528 -701.30928021
 -701.3093217  -701.30934234 -701.30936837 -701.30941273 -701.30945708
 -701.30952687 -701.30957441 -701.3095723  -701.30973465 -701.30981032
 -701.30989772 -701.31070431 -701.30999813 -701.31006051 -701.31013725
 -701.31018269 -701.31026364 -701.3103325  -701.3103378  -701.31039631
 -701.31043279 -701.31049711 -701.3105189  -701.31056287]
2025-06-05 10:41:15,516 - INFO - Expected Optimum FE: -703.1328146165181
2025-06-05 10:41:16,661 - INFO - Aucs is: [0.0, 0.17418428590649707]
2025-06-05 10:41:16,661 - INFO - Detail_aucs is: [0.0, 0.17418428590649707]
2025-06-05 10:46:09,487 - INFO - Run on dim 5, function 3
2025-06-05 10:46:09,490 - INFO - FeHistory: [1.10288206e+11 7.46996928e+10 1.08040972e+11 5.63869796e+10
 1.48044698e+11 1.09513678e+11 1.20705358e+11 1.10288206e+11
 1.10837602e+11 1.10631204e+11 1.10397620e+11 1.10514022e+11
 1.10324752e+11 1.10299208e+11 1.10387333e+11 1.11169529e+11
 1.10463416e+11 1.10520212e+11 1.10479263e+11 1.10288206e+11
 1.10270763e+11 1.10605899e+11 1.10366777e+11 1.11090238e+11
 1.10394420e+11 1.11343439e+11 1.10478213e+11 1.10320154e+11
 1.10238253e+11 1.10302998e+11 1.10271445e+11 1.10508061e+11
 1.10281195e+11 1.10301870e+11 1.10410549e+11 1.10521277e+11
 1.10260497e+11 1.10289724e+11 1.09578975e+11 1.08739120e+11
 1.09584839e+11 1.09564404e+11 1.09718513e+11 1.09866501e+11
 1.09836727e+11 1.09870009e+11 1.09837330e+11 1.09808041e+11
 1.09749522e+11 1.09732052e+11 1.09679491e+11 1.09642768e+11
 1.09657301e+11 1.09607556e+11 1.09559957e+11 1.09511223e+11
 1.09473448e+11 1.09475513e+11 1.09405653e+11 1.09363153e+11
 1.09304358e+11 1.09238618e+11 1.09181163e+11 1.09106402e+11
 1.09028136e+11 1.08953312e+11 1.08874780e+11 1.08783673e+11
 1.08697072e+11 1.07927650e+11 1.08564852e+11 1.08844320e+11
 1.08789976e+11 1.08747971e+11 1.08673341e+11 1.08637659e+11
 1.08606712e+11 1.08551471e+11 1.08493867e+11 1.08444693e+11
 1.08398617e+11 1.08319168e+11 1.08267641e+11 1.08222311e+11
 1.08153857e+11 1.08047941e+11 1.07998806e+11 1.07951841e+11
 1.07836682e+11 1.07037473e+11 1.07743731e+11 1.07678473e+11
 1.07631819e+11 1.07587884e+11 1.07542589e+11 1.07509627e+11
 1.07486664e+11 1.07465129e+11 1.07448128e+11 1.07389163e+11
 1.07358997e+11 1.07261378e+11 1.07207993e+11 1.07113899e+11
 1.07071820e+11 1.07013878e+11 1.06247952e+11 1.06871770e+11
 1.06800081e+11 1.06701692e+11 1.06640928e+11 1.06565835e+11
 1.06500677e+11 1.06448111e+11 1.06379166e+11 1.06315028e+11
 1.06259112e+11 1.06232586e+11 1.05353443e+11 1.06104071e+11
 1.06040169e+11 1.05939504e+11 1.05984591e+11 1.05936865e+11
 1.05872342e+11 1.05800011e+11 1.05731282e+11 1.05643679e+11
 1.05544457e+11 1.05439563e+11 1.05323219e+11 1.04286617e+11
 1.05179483e+11 1.05072857e+11 1.05011421e+11 1.04929952e+11
 1.04956238e+11 1.04785661e+11 1.04665598e+11 1.04678978e+11
 1.04603813e+11 1.04568049e+11 1.04499405e+11]
2025-06-05 10:46:09,490 - INFO - Expected Optimum FE: -357.5797495903721
2025-06-05 10:46:10,692 - INFO - Aucs is: [0.0, 0.17418428590649707, 0.0]
2025-06-05 10:46:10,692 - INFO - Detail_aucs is: [0.0, 0.17418428590649707, 0.0]
2025-06-05 10:50:54,340 - INFO - Run on dim 5, function 4
2025-06-05 10:50:54,343 - INFO - FeHistory: [1297034.02424816  580782.826152    501530.26674586  972171.07501326
  768913.36392511 1430994.13140554 1407359.53385874 1297034.02424816
 1306886.84029566 1296330.79122341 1301387.91911818 1295927.2840338
 1297150.48724337 1298627.55688087 1301809.37490113 1297059.44520996
 1298064.5419292  1300823.79047989 1298873.27927918 1297350.16290518
 1301934.97086115 1296978.7847506  1297750.82660767 1295512.46509193
 1297216.45383244 1298604.99682764 1303265.12373518 1296853.50667233
 1303753.32583584 1300183.9241214  1306530.83270701 1298850.77839708
 1297320.98965332 1296058.82107063 1296798.20180126 1297836.22597101
 1304510.0656038  1304600.10103788 1291660.76563172 1284484.23654711
 1290422.55503653 1291391.81399459 1290539.80974361 1290472.6429466
 1290064.27326391 1290668.17316927 1290067.08653552 1289655.05794095
 1289520.18618273 1289338.58224805 1289996.28427553 1289569.65774195
 1289096.09672101 1288437.8721403  1288312.91134231 1287995.37751447
 1287333.08022558 1287072.23473929 1286519.07150582 1285811.86593833
 1285136.17222828 1284423.78395374 1278160.47444228 1283191.28270363
 1282332.80481372 1281495.82588183 1280556.22351544 1279981.99848245
 1279167.90572928 1278205.62237418 1277492.09886186 1268659.90648948
 1280147.86609215 1280201.88400698 1279571.89246696 1278970.45527817
 1278284.64309807 1277870.66147729 1276990.62575691 1276118.99105518
 1275646.01695957 1274857.57148537 1273935.06000221 1273006.91943546
 1272182.44054589 1271714.9888422  1270726.29098704 1269981.63783456
 1269390.8220075  1268479.04617972 1259367.03261533 1267348.58538787
 1266705.37331908 1266167.71116048 1265812.48749465 1265679.17275019
 1265427.32450765 1265190.82926506 1265136.18907211 1264613.26061304
 1263615.88586661 1262602.09069953 1261922.40868526 1261119.92686791
 1260243.86635139 1259741.63045669 1258498.76115364 1248911.39681063
 1256623.43047096 1255594.9430169  1254975.11320096 1254383.28748324
 1253491.30008899 1252912.82765814 1252392.01061414 1251848.92240352
 1251344.17224608 1250426.9640652  1250033.36677094 1249509.44683186
 1248689.51722373 1238511.16948777 1247610.59043403 1247441.84737517
 1246723.34220416 1245972.19733699 1246128.3479916  1243901.21383373
 1242728.70288365 1241479.1717517  1239984.84506896 1239034.83746751
 1238356.04832259 1226225.98126259 1236782.91219629 1235920.713329
 1234894.56642927 1234280.32322275 1233108.94210758 1231548.69349929
 1232534.82719196 1232238.1985269  1231287.79812444 1230274.68720926]
2025-06-05 10:50:54,343 - INFO - Expected Optimum FE: -382.6205211774271
2025-06-05 10:50:55,540 - INFO - Aucs is: [0.0, 0.17418428590649707, 0.0, 0.0]
2025-06-05 10:50:55,540 - INFO - Detail_aucs is: [0.0, 0.17418428590649707, 0.0, 0.0]
2025-06-05 10:55:36,039 - INFO - Run on dim 5, function 5
2025-06-05 10:55:36,042 - INFO - FeHistory: [-334.0075306  -334.01300622 -334.0108503  -334.04076988 -333.96588343
 -334.01253826 -333.95843201 -334.01253826 -334.01246347 -334.01268617
 -334.0119464  -334.01269234 -334.01240443 -334.01253348 -334.01222435
 -334.01263788 -334.01253903 -334.01172706 -334.01242371 -334.01098505
 -334.0122092  -334.01252735 -334.0125395  -334.01168848 -334.01031531
 -334.01181993 -334.01209419 -334.01253962 -334.01206136 -334.01202656
 -334.012538   -334.01155927 -334.0116992  -334.01235465 -334.01278291
 -334.0127201  -334.01212189 -334.01129394 -334.01409769 -334.01593988
 -334.01376035 -334.01362128 -334.01345245 -334.01349486 -334.01359988
 -334.01367218 -334.01371722 -334.01370676 -334.01371808 -334.0137775
 -334.01389083 -334.01401117 -334.01402327 -334.01411816 -334.01411229
 -334.0142045  -334.01428829 -334.01437659 -334.0144463  -334.01456238
 -334.01469836 -334.01484225 -334.01499518 -334.01515839 -334.01533322
 -334.01540952 -334.01554175 -334.01572629 -334.015901   -334.01604289
 -334.01766535 -334.01559704 -334.01573505 -334.01576684 -334.01587939
 -334.01596902 -334.01609285 -334.01624938 -334.01639118 -334.01653587
 -334.01667892 -334.01678015 -334.01687164 -334.01702751 -334.01712791
 -334.01731724 -334.01747484 -334.01758862 -334.01771931 -334.01936698
 -334.017991   -334.01809673 -334.01819253 -334.01827097 -334.0183352
 -334.01838228 -334.01840935 -334.01852744 -334.01859342 -334.01868285
 -334.01880518 -334.01898643 -334.01916878 -334.01926847 -334.01949196
 -334.02125826 -334.01980824 -334.02000458 -334.0201491  -334.02023969
 -334.02034693 -334.02047291 -334.02055812 -334.02073612 -334.02092562
 -334.02101224 -334.02117282 -334.02123447 -334.02135548 -334.0232727
 -334.02160824 -334.02177998 -334.02173793 -334.02187059 -334.02202507
 -334.02219712 -334.02239051 -334.02261078 -334.02286374 -334.02302969
 -334.02325698 -334.02343085 -334.02571359 -334.0238226  -334.02394768
 -334.02407267 -334.0242859  -334.02452659 -334.02426212 -334.02446338
 -334.0246088  -334.02482738 -334.02498783]
2025-06-05 10:55:36,042 - INFO - Expected Optimum FE: -337.50899809752036
2025-06-05 10:55:37,174 - INFO - Aucs is: [0.0, 0.17418428590649707, 0.0, 0.0, 0.14598923101230127]
2025-06-05 10:55:37,174 - INFO - Detail_aucs is: [0.0, 0.17418428590649707, 0.0, 0.0, 0.14598923101230127]
2025-06-05 11:03:52,664 - INFO - Run on dim 5, function 6
2025-06-05 11:03:52,665 - INFO - FeHistory: [-183.43249751 -183.35477176 -183.32807372 -183.34629308 -183.39634332
 -183.40041467 -183.37151293 -183.43249751 -183.43261553 -183.43132342
 -183.43254968 -183.43243395 -183.4325619  -183.43199021 -183.43020392
 -183.4316795  -183.43245527 -183.43266372 -183.43185319 -183.43077464
 -183.4320654  -183.43243515 -183.43225901 -183.43263997 -183.43245995
 -183.43084965 -183.43245975 -183.4321416  -183.43098302 -183.43229833
 -183.43195281 -183.43115153 -183.43220434 -183.43203237 -183.43261359
 -183.43279862 -183.43229162 -183.43249219 -183.43404009 -183.43593028
 -183.43382072 -183.43389485 -183.43392684 -183.43395786 -183.43397918
 -183.43382364 -183.43375778 -183.43379974 -183.43388792 -183.43393979
 -183.43401792 -183.43409711 -183.43417142 -183.43416329 -183.43434549
 -183.4343937  -183.43446633 -183.43458489 -183.43472889 -183.43487589
 -183.4350365  -183.4351745  -183.43534736 -183.43548064 -183.43564582
 -183.43580219 -183.4360174  -183.43770793 -183.43631593 -183.43655209
 -183.43666137 -183.4358736  -183.43598481 -183.43610592 -183.43626067
 -183.43635858 -183.43646325 -183.43658527 -183.43679084 -183.43693112
 -183.4371123  -183.43729478 -183.4374487  -183.43754091 -183.43783688
 -183.43965592 -183.43802156 -183.43813061 -183.43839455 -183.43849667
 -183.43863374 -183.43873842 -183.43882125 -183.43892807 -183.43899322
 -183.43909324 -183.43914448 -183.43921052 -183.43934641 -183.43949086
 -183.43971816 -183.4415686  -183.43994127 -183.44004587 -183.4402176
 -183.44045299 -183.44057185 -183.44080733 -183.44097672 -183.44124971
 -183.44140407 -183.44151938 -183.44165576 -183.44384513 -183.44191197
 -183.44208972 -183.44223644 -183.44243586 -183.44242906 -183.44254632
 -183.44261701 -183.44279192 -183.44294605 -183.4431214  -183.44332564
 -183.44351228 -183.44374751 -183.44395521 -183.44638396 -183.44436979
 -183.44464722 -183.44485626 -183.44496983 -183.44525141 -183.44533753
 -183.44558621 -183.44576757 -183.44589572 -183.44606738 -183.44624226
 -183.44635959 -183.44649165 -183.44908619 -183.44682356]
2025-06-05 11:03:52,665 - INFO - Expected Optimum FE: -186.86405320391498
2025-06-05 11:03:53,807 - INFO - Aucs is: [0.0, 0.17418428590649707, 0.0, 0.0, 0.14598923101230127, 0.14666130884300957]
2025-06-05 11:03:53,807 - INFO - Detail_aucs is: [0.0, 0.17418428590649707, 0.0, 0.0, 0.14598923101230127, 0.14666130884300957]
2025-06-05 11:08:32,709 - INFO - Run on dim 5, function 7
2025-06-05 11:08:32,713 - INFO - FeHistory: [213739.72290916 111137.3517703  157421.17933983 130045.9297497
 227682.11348237 155070.61977044 188252.25733338 155070.61977044
 155058.74451592 156605.70454909 155211.51169329 154958.67058449
 153203.37656566 154835.96714571 155881.4766135  160581.80734635
 154229.13128514 156442.38246947 162603.56557038 168024.56567913
 154705.27414669 154953.46240453 156365.99882593 155103.61781074
 154102.72532422 156012.87836518 156930.76421305 155039.18147345
 155842.48402267 155507.85116893 159862.2024955  155072.48961066
 157660.47653012 147360.19458675 155495.53560624 155057.21796262
 159031.26706588 158036.15624675 148352.04363608 151334.96361423
 153887.37987996 151590.75874571 152336.54657187 149957.27856245
 151494.2438907  151942.06010476 151420.72170409 150717.39133141
 152280.18764889 147377.13864957 149598.11178429 152473.71119973
 149444.28452232 148610.34085134 148367.99369534 148310.39055545
 147933.24388989 147474.61176507 147267.31080142 144042.42742292
 146309.54148126 145760.57759985 145039.06233374 144399.98364105
 144123.62560989 143743.48110713 139467.29259738 144790.51786386
 140813.88124371 146065.18854982 142194.80524219 145636.18651757
 144284.61711284 143690.25058537 142709.93465018 142954.17710799
 141918.55413109 141020.9879412  142075.21042634 139968.23640232
 139965.61207622 139505.88897158 139047.22985492 134929.4770203
 138508.4999597  137768.94407979 140782.50441963 136767.74646593
 136446.91382803 136183.63156361 134912.62827901 127866.4733211
 136804.64490012 134988.99730949 138972.7117517  134486.48699067
 136786.11640981 133716.99484015 135683.08776298 133317.6662496
 135183.39382823 132587.80144108 132436.80868728 133698.04361264
 133394.41694273 132763.07970485 130510.56010415 133217.09329198
 131491.92629555 131408.75814073 128955.80531745 133798.50597677
 130086.78962098 128767.12673275 128897.78015358 128781.78463227
 130754.18357291 127566.00519357 124230.02867549 127240.82386133
 129895.11362629 130351.19564024 127199.17962416 126970.41834978
 126662.48901487 127815.08322248 128117.36029204 126170.25745363
 125726.58062552 125329.53074151 127655.37159977 124748.41693814
 126602.9013104  125911.33326946 124100.18416401 121630.02099254
 124989.58675334 124483.37700493 123033.57567054 123661.13421151
 123879.28312914 123219.76577634 126230.19644418]
2025-06-05 11:08:32,713 - INFO - Expected Optimum FE: -912.8573739743372
2025-06-05 11:08:33,851 - INFO - Aucs is: [0.0, 0.17418428590649707, 0.0, 0.0, 0.14598923101230127, 0.14666130884300957, 0.0]
2025-06-05 11:08:33,851 - INFO - Detail_aucs is: [0.0]
2025-06-05 11:13:56,170 - INFO - Run on dim 5, function 8
2025-06-05 11:13:56,172 - INFO - FeHistory: [212102.69547752 182322.37630324 172457.37381671 166475.64646821
 235969.94984936 285944.92440761 216886.62082498 212102.69547752
 213192.65276767 219037.00719793 212003.69793271 215126.03715843
 215612.67012278 208728.55750855 212281.13881721 213938.95610656
 213553.25441814 221849.07284033 213607.2573722  212107.86386509
 212362.91393062 211703.40450821 218730.31248987 212089.38590303
 207741.09763282 212678.46488551 200466.18615621 212090.46535206
 211664.2604656  208747.95737805 230397.4957977  215490.3902041
 195102.43973987 207719.65044352 214672.98783195 218418.16749896
 212609.58341857 211935.57867831 204806.64602934 206560.98007814
 206577.68674421 186023.33991115 185772.58988327 204805.84934519
 219994.26124337 208632.85990676 201699.45917605 212009.47726672
 200840.44185769 200194.00119958 198774.42797809 198232.24705136
 197675.26974743 196842.29417485 194977.32209555 193816.51799247
 192536.59053888 191343.18925367 189924.36466407 188412.62917281
 186820.391156   199583.26666056 187528.27463525 182683.68446802
 168331.33516785 179400.90867081 178662.24526644 177458.0165847
 175918.53768834 179550.2585002  151167.53815315 121900.23812657
 174241.32093117 175901.97668115 176173.41572922 186654.9455715
 177834.03407681 167169.15674447 168387.2380749  161036.78925325
 165038.96662955 173486.4343977  162740.59305444 161795.41235122
 159581.19324156 158515.48735706 167456.90442226 156867.14647292
 155800.47522833 155150.87415452 154286.13628951 153647.63022556
 153073.27443728 153816.98208533 151517.85138691 160901.907757
 176124.0585418  152358.66532584 149240.92232931 147285.33535206
 154895.93001028 141954.12439428 145779.84805567 179949.10203328
 160163.07484816 139992.65164272 141548.29082438 144598.47808688
 147050.28388453 142968.04849741 139234.15560684 141003.65168263
 138676.80709576 139065.37166049 138314.95514327 137941.11706731
 133791.53025959 147168.92829944 149138.62052296 134277.81476285
 133137.63136888 129896.80552003 128867.15827957 127561.12917022
 138783.96658639 125676.30166605 126499.35575057 123034.28815018
 121612.50341389 116761.75135707 126127.89876945 118232.23944276
 120184.49730135 125609.81544083 118455.87263143 132352.71963174
 125991.36705874 126197.31420245 121415.07552141 117915.9459844
 117462.51930313 122580.65878116 135229.11005598]
2025-06-05 11:13:56,172 - INFO - Expected Optimum FE: -656.7889979935655
2025-06-05 11:13:57,310 - INFO - Aucs is: [0.0, 0.17418428590649707, 0.0, 0.0, 0.14598923101230127, 0.14666130884300957, 0.0, 0.0]
2025-06-05 11:13:57,310 - INFO - Detail_aucs is: [0.0, 0.0]
2025-06-05 11:21:56,767 - INFO - Run on dim 5, function 9
2025-06-05 11:21:56,768 - INFO - FeHistory: [1273486.17737134 5316102.36244665 2141283.45204552 1387725.08562865
 2580604.34584732 2923661.07480933 2210314.81210559 1273486.17737134
 1556901.20847593 1273200.38810224 1658914.56850695 1273486.26007902
 1227851.54224852 1273471.8998108  1307643.49952928 1239522.30293218
 1284909.6931158  1228278.1145594  1263306.78284866 1289669.64119276
 1192466.92590849 1270037.11580967 1301470.1730025  1271638.32204051
 1276986.42243815 1273491.69069732 1273247.55301445 2100413.03976615
 1271799.78504556 1271634.74120391 1188126.25586631 1163392.16104739
 1273486.87433412 1273486.78105315 1800465.17779851 1273422.66599692
 1257611.02984098 1273887.41916811 1106878.79829593 1101311.69811647
 1135676.08724935  813989.22754306  712592.81130742 1003506.7761325
 1062430.12327641 1039140.05009299 1023091.54330162 1006650.29397375
  990778.43877861  973891.87055016  956074.64446171  937381.58363216
  918209.69953432  897329.89380468  875864.37690812  853527.8859108
  830128.57010842  805593.35549207  782025.30741288  751009.0239619
  742245.9577225   704732.42665213  527689.96217342  645721.28898015
  628303.28783407  596109.06037574  574762.73028252  554650.01588883
  558598.58234389  688131.12051642  747708.82470307  400616.00066915
  235133.9256934   776162.8901373  1527937.59654304  876675.74774159
  537142.44069077  519445.99847193  507969.57864925  486692.47818486
  649693.01414115  456884.41299988  443105.69570112  431779.27172115
  421751.47108458  412853.96991934  405158.24281223  450231.81511562
  380931.57786042  375404.09746317  371250.48181115  368295.2881006
  366294.72194467  459899.41904112  356389.76641147  431950.51121691
  356139.01447595  713857.89089407  528451.86493909  410078.67480471
  406985.07570155  350012.49056762  356168.89775911  391452.25137197
  351838.35240874  307848.3023493   296183.75949064  344841.84754148
  332701.33418715  312889.42448833  312532.05522381  309739.40658453
  301854.05028855  456189.75690799  285865.50738149  442619.06145125
  301712.71621716  272541.44935474  428388.35666817  433315.58732937
  379400.34738564  255910.26123584  424826.51689917  371234.60878691
  248483.6766952   237105.1899561   457761.2352374   365170.51923454
  406192.25507502  345179.4819766   221395.56544861  145191.65798179
  282503.51786778  199807.1268889   276936.12608898  182876.16529722
  172011.86296414  223323.67695159  160817.54744056  146795.23893334
  191858.37662287  133466.79332122   95867.95432149  156544.62471856
  128245.36919576  186897.12273572  115139.94412488  134091.12437527
  121911.78137397]
2025-06-05 11:21:56,768 - INFO - Expected Optimum FE: -884.7360096017693
2025-06-05 11:21:57,922 - INFO - Aucs is: [0.0, 0.17418428590649707, 0.0, 0.0, 0.14598923101230127, 0.14666130884300957, 0.0, 0.0, 0.0]
2025-06-05 11:21:57,922 - INFO - Detail_aucs is: [0.0, 0.0, 0.0]
2025-06-05 11:26:35,647 - INFO - Run on dim 5, function 10
2025-06-05 11:26:35,650 - INFO - FeHistory: [259955.52358227 173233.44508687 219352.42987181 254359.63851963
 142877.83938854 157835.0685952  148184.63163318 142877.83938854
 142890.73998151 143564.36166048 142829.05862909 142830.96818708
 142890.8693651  140676.28145221 143236.70363427 143049.8679455
 139257.10448506 146445.50533956 138248.08272635 143071.07173478
 142322.733668   142714.36172367 142893.07835118 142962.84957538
 142796.98975482 140583.03910006 144008.37338802 202826.95808571
 145061.6915083  142843.37770988 142149.51385017 146358.9435569
 142865.43895917 142877.21432628 142867.42524099 142860.76882042
 144029.38947717 142754.08085298  96139.06684738  80424.30781169
 142734.70047586 130904.68911678 133582.69598191 131796.20166911
 137325.27343269 131357.2054295  130272.26791152 129389.3791996
 127867.14536316 127355.72205142 126505.27784281 125550.82286203
 124343.63776028 123173.67900732 121926.83867627 120617.80991664
 118993.90551991 117844.99508856 116059.28913724 113952.01383869
 112646.12403797 110576.74662752 109068.55055716 115531.79870598
 105374.05015712 103463.54946097  98623.06614177  98999.72959091
 102025.37342891  96972.68353955  98922.25105588  99278.66811141
  98227.51149344  96667.65240842  94622.18120607  95078.85655194
  91599.66417689  90217.28680765  89980.07209845  88179.27982705
  87028.39880649  85924.4647855   84869.42364856  83849.08585274
  82913.11535775  82033.00677455  81316.57145009  80742.77090716
  80109.65358195  72761.2979941   87970.86371686  78292.02240112
  77934.16559131  77495.24399765  77320.18002714  78726.87959843
  77688.92707314  79095.07660151  82374.4532251   76756.49786658
  73660.2077277   74646.63886058  75554.95596784  70471.25688801
  64226.82723102  72645.29068045  71147.07311008  72527.6215124
  72286.70586318  72211.68737871  71021.16778351  71336.63273525
  75090.84140368  70775.31402667  70825.91215133  70641.9474253
  70615.27692729  70574.93631409  70418.88025582  69750.17501241
  69054.00550909  69172.26318722  64191.0514118   60666.51636832
  69933.88909863  65596.1137814   66031.75180866  65864.76221301
  64829.22822713  64781.70953924  64475.98714018  63396.16333152
  65408.51313558  73269.62004023  60995.06954619  67772.20929402
  73680.6155776   69315.83768962  65761.31234602  65050.47448371
  64101.21004082  63545.02681349]
2025-06-05 11:26:35,650 - INFO - Expected Optimum FE: -604.9748272222274
2025-06-05 11:26:36,790 - INFO - Aucs is: [0.0, 0.17418428590649707, 0.0, 0.0, 0.14598923101230127, 0.14666130884300957, 0.0, 0.0, 0.0, 0.0]
2025-06-05 11:26:36,790 - INFO - Detail_aucs is: [0.0, 0.0, 0.0, 0.0]
2025-06-05 11:31:03,714 - INFO - Initializing first population
2025-06-05 11:32:51,891 - INFO - Initializing first population
2025-06-05 11:33:07,456 - INFO - Run on dim 5, function 1
2025-06-05 11:33:07,458 - INFO - FeHistory: [148111.54110847 176893.35889815 136485.49200983 151102.20905509
 230835.32842932 168367.87655437 202417.86203298 160498.92597669
 193814.31026911 147975.22178219]
2025-06-05 11:33:07,458 - INFO - Expected Optimum FE: -1081.9837994003399
2025-06-05 11:33:08,849 - INFO - Aucs is: [0.0]
2025-06-05 11:33:08,849 - INFO - Detail_aucs is: [0.0]
2025-06-05 11:33:16,232 - INFO - Run on dim 5, function 8
2025-06-05 11:33:16,232 - INFO - FeHistory: [223646.31495142 211705.33740404 217622.71534522 156965.89581845
 122262.84538209 176455.80696452 354021.32381722 208387.33210119
 277030.12982295 176591.01227924]
2025-06-05 11:33:16,232 - INFO - Expected Optimum FE: -656.7889979935655
2025-06-05 11:33:17,621 - INFO - Aucs is: [0.0, 0.0]
2025-06-05 11:33:17,621 - INFO - Detail_aucs is: [0.0]
2025-06-05 11:33:32,477 - INFO - Run on dim 5, function 20
2025-06-05 11:33:32,479 - INFO - FeHistory: [-79.28458621 -78.06449316 -74.1779339  -77.01964463 -78.2080411
 -79.81407938 -79.11092995 -78.04795702 -77.48619687 -79.77719116]
2025-06-05 11:33:32,479 - INFO - Expected Optimum FE: -100
2025-06-05 11:33:35,304 - INFO - Aucs is: [0.0, 0.0, 0.06949513826936446]
2025-06-05 11:33:35,304 - INFO - Detail_aucs is: [0.06949513826936446]
2025-06-05 11:33:35,307 - INFO - Started evolutionary loop, best so far: 0.023165046089788154
2025-06-05 11:33:50,621 - INFO - Run on dim 5, function 1
2025-06-05 11:33:50,622 - INFO - FeHistory: [176408.95263949 188062.24842909 121981.96528961 223978.69478229
 111788.9291571  255060.80235471 192254.48577523 180862.18802756
 209677.31643632 160161.79646628 200940.3627231  241798.50454562
 204186.94537106]
2025-06-05 11:33:50,622 - INFO - Expected Optimum FE: -1081.9837994003399
2025-06-05 11:33:52,011 - INFO - Aucs is: [0.0]
2025-06-05 11:33:52,012 - INFO - Detail_aucs is: [0.0]
2025-06-05 11:33:59,284 - INFO - Run on dim 5, function 8
2025-06-05 11:33:59,284 - INFO - FeHistory: [140100.4527099  218504.83790519 213034.93253196 168576.29959861
 238133.67540999 151712.52722219 195863.34416366 192358.62593052
 191312.33079043 186646.08312472 329364.71803406 187068.35235764
 288680.39309886]
2025-06-05 11:33:59,284 - INFO - Expected Optimum FE: -656.7889979935655
2025-06-05 11:34:00,658 - INFO - Aucs is: [0.0, 0.0]
2025-06-05 11:34:00,658 - INFO - Detail_aucs is: [0.0]
2025-06-05 11:34:15,304 - INFO - Run on dim 5, function 20
2025-06-05 11:34:15,307 - INFO - FeHistory: [-78.37634614 -78.45099027 -78.36299455 -77.81169961 -78.28636416
 -79.33388785 -77.58522816 -75.78439087 -75.1307714  -74.61652948
 -78.2888484  -77.95867888 -75.94861139]
2025-06-05 11:34:15,307 - INFO - Expected Optimum FE: -100
2025-06-05 11:34:18,109 - INFO - Aucs is: [0.0, 0.0, 0.06847411258487965]
2025-06-05 11:34:18,109 - INFO - Detail_aucs is: [0.06847411258487965]
2025-06-05 11:34:18,110 - INFO - Generation 2, best so far: 0.023165046089788154
2025-06-05 11:34:35,314 - INFO - Run on dim 5, function 1
2025-06-05 11:34:35,316 - INFO - FeHistory: [154897.33605447 188581.31185662 269956.51641394 182035.12806248
 149120.8268016  147704.91236239 189042.05782836 143133.37588723
 151792.72279945 143151.21680731 142207.45523718]
2025-06-05 11:34:35,316 - INFO - Expected Optimum FE: -1081.9837994003399
2025-06-05 11:34:36,705 - INFO - Aucs is: [0.0]
2025-06-05 11:34:36,705 - INFO - Detail_aucs is: [0.0]
2025-06-05 11:34:46,421 - INFO - Run on dim 5, function 8
2025-06-05 11:34:46,422 - INFO - FeHistory: [135640.47326004 195105.77674818 317097.94066829 200111.37293546
 211153.9006591  143568.63633625 237002.49896393 205081.6869014
 175469.49684823 137005.33373318 144013.79332674]
2025-06-05 11:34:46,422 - INFO - Expected Optimum FE: -656.7889979935655
2025-06-05 11:34:47,868 - INFO - Aucs is: [0.0, 0.0]
2025-06-05 11:34:47,868 - INFO - Detail_aucs is: [0.0]
2025-06-05 11:35:07,393 - INFO - Run on dim 5, function 20
2025-06-05 11:35:07,395 - INFO - FeHistory: [-79.28606235 -79.2137977  -80.34000823 -77.96224525 -78.75627377
 -81.67053722 -80.15262484 -77.31837428 -77.7530583  -81.6815466
 -81.51805168]
2025-06-05 11:35:07,395 - INFO - Expected Optimum FE: -100
2025-06-05 11:35:10,168 - INFO - Aucs is: [0.0, 0.0, 0.07371109960769018]
2025-06-05 11:35:10,168 - INFO - Detail_aucs is: [0.07371109960769018]
2025-06-05 11:35:10,169 - INFO - Generation 3, best so far: 0.024570366535896726
2025-06-05 11:35:18,944 - INFO - Run on dim 5, function 1
2025-06-05 11:35:18,945 - INFO - FeHistory: [127605.71829391 193693.45419071 151922.45457426 159967.56637929
 140777.54257483 113746.37457859 184810.57832206 177981.01954347
 157421.23965773 163193.39684277 137922.66695999 156748.39641146
 154386.5466656  156544.08968644 196228.83406039 157982.42807592
 236354.00729234 190087.25620941 238562.27135765 146060.60640161
 194625.97192955 231845.99644312 130778.59633821 166509.34571436
 221811.91984778 176474.93708656 170791.84353762 240962.31997586
 201810.33743848 159045.94000261 147883.16567694 230384.47843398
 168114.37764578 168100.43651122 207661.29702009 210139.58234598
 231467.55108035 181001.76961015 176911.49007933 146156.70112073
 153700.05327415 121868.37928831 135056.39129782 169826.01046898
 173347.69806894  91806.78965701 159658.25742996 147202.935818
 168425.73545308 102003.10759817 203687.37463111 180799.29109808
 134283.47547733 139585.92596255 195443.61448487 193787.37042062]
2025-06-05 11:35:18,945 - INFO - Expected Optimum FE: -1081.9837994003399
2025-06-05 11:35:20,336 - INFO - Aucs is: [0.0]
2025-06-05 11:35:20,336 - INFO - Detail_aucs is: [0.0]
2025-06-05 11:35:22,770 - INFO - Run on dim 5, function 8
2025-06-05 11:35:22,771 - INFO - FeHistory: [157218.20004262 200098.52912697 158841.66897795 156070.78821771
 153650.05954633 128932.26617746 119280.37323456 226253.28633565
 108995.09421809 171761.98385059 208998.06434883 201870.94544009
 142420.76974172 193068.35456167 164283.28542086 132377.78221827
 269670.47355098 161348.41125333 130298.49798528 198853.75581065
 203881.01060162 190278.152777   230962.96984047 237332.62961099
 271481.57066489 259476.27026452 162538.89317889 218006.85762312
 135935.17453314 162571.40736771 132975.71670351 245387.41146593
 170581.05329612 237431.97078495 204758.22588804 142407.06395599
 177640.93654704 208762.2767255  187931.35473991 178999.4296178
 176213.38586866 157029.23847878 135868.36706318  90434.22840866
 240079.17168209 235616.2879066  148860.91202469 172410.1720416
 216647.19885387 196221.20924247 197638.15919888 188164.18437572
 104700.47457769 162356.47986309 180754.32059027 170403.73871252]
2025-06-05 11:35:22,771 - INFO - Expected Optimum FE: -656.7889979935655
2025-06-05 11:35:24,145 - INFO - Aucs is: [0.0, 0.0]
2025-06-05 11:35:24,145 - INFO - Detail_aucs is: [0.0]
2025-06-05 11:35:29,014 - INFO - Run on dim 5, function 20
2025-06-05 11:35:29,014 - INFO - FeHistory: [-78.9782719  -78.65027233 -80.03653624 -78.89799956 -80.13856301
 -77.61678521 -76.22463308 -79.11663098 -78.81450703 -80.83510317
 -80.88110968 -76.50914244 -77.81579176 -75.64764807 -78.66373401
 -79.22639133 -77.96995793 -77.61514324 -78.78589402 -80.04255799
 -75.18669821 -76.6884627  -76.42507426 -80.15525642 -78.46464166
 -76.54577435 -78.24512094 -78.08952567 -77.42840201 -78.90012239
 -78.58396127 -79.53333917 -78.29940594 -79.52677491 -78.95076517
 -81.6428054  -79.73889638 -77.84351696 -79.19825413 -76.27101361
 -78.99489252 -79.54182952 -77.30355099 -77.92101544 -79.70814553
 -78.12766924 -78.50884432 -75.76724943 -82.28978318 -78.394527
 -79.57420594 -78.6227208  -78.4048833  -75.32809508 -77.50382151
 -78.93819103]
2025-06-05 11:35:29,014 - INFO - Expected Optimum FE: -100
2025-06-05 11:35:31,784 - INFO - Aucs is: [0.0, 0.0, 0.07517745521797346]
2025-06-05 11:35:31,785 - INFO - Detail_aucs is: [0.07517745521797346]
2025-06-05 11:35:31,785 - INFO - Generation 4, best so far: 0.02505915173932449
2025-06-05 11:35:42,340 - INFO - Run on dim 5, function 1
2025-06-05 11:35:42,342 - INFO - FeHistory: [262609.8701099  229328.33947343 145168.19979524 205630.38928252
 222735.28040124 209668.8999742  174771.89095448 226740.06633254
 177194.91071332 213213.28135227 165252.29311542 118919.62442273
 192197.62453512 152914.97119807 204871.39555474 172091.00545906
 169613.07403541 178992.57485217 202797.45449325 222598.27031972
 149230.92171848 165887.52181817 140634.52102918 120674.78326881
 176964.51663059 209727.25934407 194923.98720244 165555.08732452
 210335.09211797 186874.05472634 118955.92584092 163674.52598898
 207012.85889321 266917.39111937 143393.43143431 158682.61144569
 201832.73534516 159990.67506659 238700.06724892 119240.4313774
 157955.20841111 126502.15503749 166030.97914095 156042.97042181
 196788.21650338 129991.85926948 141853.63027493 192079.90053729
 108655.63601652 178826.07670876 101763.80445226 220749.50235594
 115306.59358551  87378.16047606 219712.7568909  159046.6744222 ]
2025-06-05 11:35:42,342 - INFO - Expected Optimum FE: -1081.9837994003399
2025-06-05 11:35:43,733 - INFO - Aucs is: [0.0]
2025-06-05 11:35:43,733 - INFO - Detail_aucs is: [0.0]
2025-06-05 11:35:46,274 - INFO - Run on dim 5, function 8
2025-06-05 11:35:46,275 - INFO - FeHistory: [160490.99292302 245994.68256346 204652.98376305 216866.98648911
 152685.0918237  230188.01015216 178773.43031154 261488.40061262
 242071.57359409 117672.33787926 153333.0364059  145677.11791226
 176028.14099206 171204.85816321 158586.93265852 207994.55393457
 180318.38711605 202252.67763131 128831.38733636 202674.72443611
 239287.94143038 210874.81769521 197781.37001533 170042.06395287
 116143.60539486 200862.90204653 178210.74321966 168539.28147574
 122071.25732574 115806.87899445 165852.20648734 179645.7322848
 158597.61868802 250144.06505906 139972.10335592 189877.52656405
  94311.06607948 171048.14084874 209717.77338387 119256.79399203
 184002.70538209 124295.18021568 260056.95389953 116234.88086494
 134708.84792611 212384.86061373 274386.08663235 258638.68253621
 185108.5446866  173445.51648835  89245.43600859 132067.00005853
 140071.72702415 125730.56104115 207684.83884474 135489.70870809]
2025-06-05 11:35:46,275 - INFO - Expected Optimum FE: -656.7889979935655
2025-06-05 11:35:47,664 - INFO - Aucs is: [0.0, 0.0]
2025-06-05 11:35:47,664 - INFO - Detail_aucs is: [0.0]
2025-06-05 11:35:52,571 - INFO - Run on dim 5, function 20
2025-06-05 11:35:52,573 - INFO - FeHistory: [-76.16775814 -76.39936649 -79.06729622 -78.31057842 -77.52827177
 -77.15751416 -77.77445135 -76.52037882 -76.67197313 -78.92482976
 -79.61054476 -76.93320466 -78.64711488 -77.17502325 -79.37698849
 -77.65826373 -78.82790916 -79.13592346 -75.71912186 -78.61464828
 -79.39574791 -78.17076484 -76.41935013 -76.81222658 -77.88116463
 -75.25929361 -75.7556721  -78.09609072 -77.49068789 -78.38378487
 -76.34408321 -77.51342636 -79.02646873 -80.3078772  -80.30726796
 -76.81684051 -79.20060887 -78.24792388 -79.85930145 -79.84270645
 -75.86697761 -78.75404458 -76.86560369 -79.48554454 -78.25141265
 -79.66242909 -75.51767369 -76.65858656 -82.59701717 -78.4665571
 -76.50564842 -77.97588556 -77.89935112 -79.61587486 -78.46394145
 -76.90219135]
2025-06-05 11:35:52,573 - INFO - Expected Optimum FE: -100
2025-06-05 11:35:55,356 - INFO - Aucs is: [0.0, 0.0, 0.07593730107174988]
2025-06-05 11:35:55,356 - INFO - Detail_aucs is: [0.07593730107174988]
2025-06-05 11:35:55,357 - INFO - Generation 5, best so far: 0.025312433690583294
2025-06-05 11:36:06,984 - INFO - Run on dim 5, function 1
2025-06-05 11:36:06,985 - INFO - FeHistory: [189120.80724349 219502.5155635  173875.52890774 186859.21034598
 158997.49587688 229363.95772996 210843.48275155 135153.50892774
 218013.83364545 153559.44413367 211240.99979054 181239.47890078
 133071.0971279  179506.23650285 182131.9305106  176616.96365167
 115023.64170098 199041.32386368 191786.93932152 178977.36965169
 166595.64012914 169709.33420821 172539.97098577 182937.46586779
 196404.05175826 202140.39019236 136517.79238312 213638.85592511
 183293.57348573 163243.39277064 182357.66984409 117895.02675154
 111229.83303384 192575.374514   115801.97448288 160454.52627839
 220242.47781117 222928.83227681 154304.08411685 194556.25624864
 176183.92900011 176748.43237038 153621.55908752 150859.76603155
 190160.81215054 116085.51483374 201777.47446543 185846.79499672
 196024.796872   217673.7585939  118297.37404957 248725.99491453
 174973.52139375 201635.72116812 134075.53779557 153074.67479269]
2025-06-05 11:36:06,985 - INFO - Expected Optimum FE: -1081.9837994003399
2025-06-05 11:36:08,426 - INFO - Aucs is: [0.0]
2025-06-05 11:36:08,426 - INFO - Detail_aucs is: [0.0]
2025-06-05 11:36:10,867 - INFO - Run on dim 5, function 8
2025-06-05 11:36:10,868 - INFO - FeHistory: [143225.0791412  260014.55864906 150199.23364138 216588.13866756
 224232.79187628 215095.53403409 148324.81102445 378594.00334888
 134549.40100412 203752.69015586 231987.32007175 147961.97827098
 216217.97803586 216892.22451563 164424.26737647 160693.01765355
 211903.30355883 164552.41981423 194500.70076316 150991.8287919
 189785.58668178 291560.69881944 189106.89739064 215240.78821026
 186699.26596648 156310.09519027 329937.4946904  123834.86773267
 242356.27695996 218392.85557077 163639.15082028 101262.12214817
 197542.04159896 309477.97018539  91679.89657163 251186.60595736
 149450.69933369 147628.6925583  163783.02252159 186137.33304276
 281545.49238046 238872.106724   134111.44502153 216758.77048971
 139063.06778807 273893.26031206 118636.02526309 155310.0197147
 132588.66466256 245246.04588319 149882.77123651 103992.04334964
 215224.54701433 141235.00529352 176285.46636149 167602.26451562]
2025-06-05 11:36:10,868 - INFO - Expected Optimum FE: -656.7889979935655
2025-06-05 11:36:12,253 - INFO - Aucs is: [0.0, 0.0]
2025-06-05 11:36:12,254 - INFO - Detail_aucs is: [0.0]
2025-06-05 11:36:17,208 - INFO - Run on dim 5, function 20
2025-06-05 11:36:17,209 - INFO - FeHistory: [-76.95983866 -79.63649503 -80.16918583 -79.62028781 -75.94352553
 -78.94174657 -80.26832399 -77.74225166 -78.34770781 -76.8570549
 -78.12811786 -78.81628697 -78.47498671 -79.33084834 -75.59501439
 -77.04972763 -76.95516244 -80.67504973 -78.01962908 -79.91844054
 -77.05688197 -79.60793425 -78.97259348 -78.2988339  -78.98135628
 -77.68886391 -76.54586894 -77.43328328 -76.39617247 -80.46316856
 -76.22795001 -77.85558811 -76.53421703 -76.67841549 -81.13614207
 -78.44468354 -77.86528027 -76.10162076 -76.82466834 -76.69053479
 -77.25473347 -79.19451232 -77.14489353 -79.6172639  -79.33953241
 -78.61044627 -81.42556709 -78.07497366 -76.647608   -76.18227787
 -77.86462858 -79.71490382 -77.13346517 -78.33337418 -77.97030594
 -78.68306095]
2025-06-05 11:36:17,209 - INFO - Expected Optimum FE: -100
2025-06-05 11:36:20,029 - INFO - Aucs is: [0.0, 0.0, 0.07310835278114225]
2025-06-05 11:36:20,029 - INFO - Detail_aucs is: [0.07310835278114225]
2025-06-05 11:36:20,030 - INFO - Generation 6, best so far: 0.025312433690583294
2025-06-05 11:36:30,066 - INFO - Run on dim 5, function 1
2025-06-05 11:36:30,067 - INFO - FeHistory: [208317.15763183 123966.61609902  96075.60088158 178322.8697916
 133552.56495589 175144.23435774 159814.31036901 214507.25593828
 176943.23990655 143917.06144932 184163.63268523 238329.36510373
 111912.32119197 163613.4801699  186700.41697255 154223.82117926
 170982.90353891 107250.01648973 199405.98362309 168818.60067497
 214212.87958634 186858.46317673 145900.29786723 179417.52889749
 143628.82917501 181691.23232556 181220.80096611 179161.71895049
 117806.73096301 202222.64211471 242770.46820114 174565.67929439
 157144.12883692 133924.34377316 178088.61980281 195012.38291485
 140077.32198375 187922.18326633 207875.18216896 161676.76103498
 131851.29029646 213148.66196459 157620.88118085 225849.95275625
 186336.82380914 164669.99115766 151359.25614677 138084.58386477
 186227.19600205 196505.40320264 108958.07926095 241375.14336109
 130093.09770432 234552.84952253 205724.9400562  130176.2936681 ]
2025-06-05 11:36:30,067 - INFO - Expected Optimum FE: -1081.9837994003399
2025-06-05 11:36:31,425 - INFO - Aucs is: [0.0]
2025-06-05 11:36:31,426 - INFO - Detail_aucs is: [0.0]
2025-06-05 11:36:33,869 - INFO - Run on dim 5, function 8
2025-06-05 11:36:33,870 - INFO - FeHistory: [194277.78862597 206173.8511628  162463.28807646 183071.75170088
 178788.93573214 183457.86310442 250173.61889134 170820.86014882
 215560.14944066 211902.7592567   93291.82216894 222510.19451114
 238536.71914011 177963.24366587 132737.16597858 192064.59108768
 217857.64019346 200482.46436126 136714.4099399  175035.21557737
 133941.8321845  271415.78822539 171695.16282496 246440.11414687
 157240.21792994 150977.57491147 106065.02559205 255997.75891196
 177060.02139274 185031.00573847 162802.40854565 167189.93029628
 168895.35054948 219046.65479407 161286.45560276 235338.71560472
 202598.00726002 153302.04682916 169025.79486207 232204.00266202
 154077.11090024 310296.91324217 228009.85019533 219237.04291352
 247826.91274591 204393.16751313 160092.91830117 197348.38673848
 300346.29399982  86172.82399828 194516.72004369 181920.33525009
 205760.24742322 131169.80905178 266470.18373448 136100.28668711]
2025-06-05 11:36:33,870 - INFO - Expected Optimum FE: -656.7889979935655
2025-06-05 11:36:35,243 - INFO - Aucs is: [0.0, 0.0]
2025-06-05 11:36:35,243 - INFO - Detail_aucs is: [0.0]
2025-06-05 11:36:40,192 - INFO - Run on dim 5, function 20
2025-06-05 11:36:40,194 - INFO - FeHistory: [-79.36769983 -76.2500642  -77.74401197 -77.76534897 -77.79078597
 -78.74329017 -76.70587965 -78.50603075 -78.76519157 -76.93845872
 -80.51037807 -75.08321537 -78.87087878 -80.2477908  -79.09325659
 -78.37259125 -78.45907157 -76.75833676 -80.28356779 -79.43010021
 -76.29988773 -81.7756262  -77.82673181 -77.23986142 -78.68019504
 -77.97304687 -78.20805452 -77.32439752 -75.66859509 -79.97929101
 -75.49121308 -77.86572607 -78.61821345 -76.95739526 -78.32849734
 -77.69898841 -79.30506877 -77.92638571 -77.32802626 -79.01819028
 -77.8815633  -80.06913098 -77.74820547 -78.24839771 -80.08534257
 -76.5377152  -79.39215328 -79.92906449 -78.19737094 -81.27120127
 -77.82886688 -76.79244366 -75.74239002 -80.89869142 -77.33951662
 -81.20546608]
2025-06-05 11:36:40,194 - INFO - Expected Optimum FE: -100
2025-06-05 11:36:42,974 - INFO - Aucs is: [0.0, 0.0, 0.07393465256446646]
2025-06-05 11:36:42,974 - INFO - Detail_aucs is: [0.07393465256446646]
2025-06-05 11:36:42,975 - INFO - Generation 7, best so far: 0.025312433690583294
2025-06-05 11:36:54,920 - INFO - Run on dim 5, function 1
2025-06-05 11:36:54,921 - INFO - FeHistory: [169563.87219655 152478.03080438 172452.37260049 169885.3185288
 233934.50320216 179126.70079682 158113.81072752 140834.3930032
 211596.45580706 152896.54408989 141617.78229092 168204.48890118
 163941.68257471 168158.72264968 219894.77988836 170364.9968893
 195324.1004852  172695.90690456 235697.27550406 235480.44667003
 225532.84833279 136439.5866789  164335.33398514 182221.37022021
  98472.95672156 179314.25257473 172501.4071746  140793.64477428
 226625.2789943  222118.96925582 188238.45199643 190683.18240679
 156209.53788448 148409.5245113  116673.99880864 183295.36665622
 202249.85108381 149256.31692056 187969.62091718 247066.27116422
 213179.78991529 122575.64905301 158094.21952352 206208.60987099
 184348.42356801 156334.32947383 166264.78266318 183822.28860657
 111217.32197218 173396.34230006 231261.14874656 181996.18402181
 190689.93690031 258449.52945265 178997.47999526 175487.26097785]
2025-06-05 11:36:54,921 - INFO - Expected Optimum FE: -1081.9837994003399
2025-06-05 11:36:56,271 - INFO - Aucs is: [0.0]
2025-06-05 11:36:56,271 - INFO - Detail_aucs is: [0.0]
2025-06-05 11:36:58,676 - INFO - Run on dim 5, function 8
2025-06-05 11:36:58,677 - INFO - FeHistory: [218740.50394021 175720.70874416 193502.25953294 265485.43266729
 150560.60288554 150383.16801489 121994.80078135 251787.58698287
 191912.99551665 211890.81260231 148123.25512225 250121.28066387
 225111.18467066 128201.91619452 114268.88871912 173227.00181317
 195606.37636536 296567.81287263 228960.96725943 175930.44526201
 174935.04147105 194554.16164319 191815.15793069 178940.81673975
 121294.81324521 240080.32943777 245307.53199111 172475.6789545
 253852.81874525 154721.00177435 135143.93323063 303233.98611602
 131592.93928648 193119.86649961 227245.49040982 185230.43635801
 237517.14887189 226199.40803623 210496.31531371 316993.88160603
 196425.91893776 250460.50041207 229108.70652577 240265.95404871
 127039.19834879 204019.60069752 187938.74410723 119139.01629562
 201648.46065218 185965.74253282 217885.43734967 212544.30816202
 278297.48025604 176699.57283701 182347.84225968 191149.50819589]
2025-06-05 11:36:58,677 - INFO - Expected Optimum FE: -656.7889979935655
2025-06-05 11:37:00,056 - INFO - Aucs is: [0.0, 0.0]
2025-06-05 11:37:00,056 - INFO - Detail_aucs is: [0.0]
2025-06-05 11:37:05,001 - INFO - Run on dim 5, function 20
2025-06-05 11:37:05,001 - INFO - FeHistory: [-79.06596082 -77.36158886 -78.4983165  -77.16422755 -77.15751173
 -77.43437864 -75.35152648 -75.99287378 -77.38620211 -80.35451172
 -76.41478858 -80.02374899 -76.71830954 -78.89421157 -79.45874966
 -78.59554964 -75.47495454 -78.59387313 -76.37169101 -78.55926589
 -77.49388776 -75.88637406 -78.32914918 -79.40048822 -78.11369285
 -77.13910628 -80.30722418 -77.07589851 -79.08430439 -79.19314065
 -78.33208273 -75.58704247 -77.13805773 -79.96475124 -75.49222088
 -77.17565275 -77.08841393 -81.58215374 -79.77996414 -78.63613223
 -77.46390256 -76.70381559 -76.42913069 -78.99338908 -79.0192008
 -81.42570488 -78.06579089 -78.57418565 -78.36287529 -78.19328349
 -77.87617289 -79.60436536 -76.22136904 -80.84150174 -77.51125956
 -79.3431977 ]
2025-06-05 11:37:05,001 - INFO - Expected Optimum FE: -100
2025-06-05 11:37:07,782 - INFO - Aucs is: [0.0, 0.0, 0.07347598712599282]
2025-06-05 11:37:07,782 - INFO - Detail_aucs is: [0.07347598712599282]
2025-06-05 11:37:07,783 - INFO - Generation 8, best so far: 0.025312433690583294
2025-06-05 11:37:19,473 - INFO - Run on dim 5, function 1
2025-06-05 11:37:19,474 - INFO - FeHistory: [159426.73442043 123540.29687237 124753.33393212 121867.40503213
 187243.50496089 137595.35325384 192200.80843608 150242.58149588
 161811.16002913 195487.49264741 224087.45863547  95232.19995256
 166277.91970869 157538.21882462 161219.91238426 213446.12479673
 204814.92753214 153631.47378357 136733.65684619 157188.13909454
 218995.58131948 188159.21697137 190212.15635342 171158.30821891
 213459.27073979 142816.58179708 180018.00948371 116530.46431982
 158695.36284102 172427.26849958 198246.26632582 129742.66427043
 188860.10700344 185178.56498497 230744.50199928 202675.43629554
 135754.59738082 150712.08723602 161935.36094291 159921.53821456
 220483.85715609 213926.10154335 150324.18166153 146035.15061299
 188145.79041653 153861.9597486  118196.05483986 156331.36276404
 207531.36532223 120097.91027987 169741.39528485 129484.66450984
 169106.16898116 202497.69381902 153023.19782917 152648.13914928]
2025-06-05 11:37:19,474 - INFO - Expected Optimum FE: -1081.9837994003399
2025-06-05 11:37:20,921 - INFO - Aucs is: [0.0]
2025-06-05 11:37:20,921 - INFO - Detail_aucs is: [0.0]
2025-06-05 11:37:23,366 - INFO - Run on dim 5, function 8
2025-06-05 11:37:23,367 - INFO - FeHistory: [208266.66844046 230531.72557434 180063.86463161 116716.42755323
 140017.88003906 259317.38457078 203117.41198577 158993.70576552
 171176.58612714 133388.38876468 279272.73551928 224371.00294213
 233856.50371273 134675.67166253 160224.4399852  141218.4889881
 206517.05377864 176659.13113202 267227.24578107 118967.9496596
 242978.24639442 188868.45260739 148854.57672558 183630.76107456
 154537.35500726 302815.06490905 157920.28795226 176847.59118544
  92410.21049495 165373.55979347 187898.23692437 115154.75669495
 250769.10620908 136967.9691313  203188.18192123 254797.75248601
 244213.59531644 185793.69377784 126965.76468004 153898.92553552
 119906.79614842 160346.77904086 208620.13467038 323334.06969505
 143044.29947503 151264.27752522 184585.00332002 140906.50303343
 147447.08041253 143892.61854829 161009.37473813 135719.53373536
 295219.98956937 134873.88413871 188914.85453987 142434.69924565]
2025-06-05 11:37:23,367 - INFO - Expected Optimum FE: -656.7889979935655
2025-06-05 11:37:24,741 - INFO - Aucs is: [0.0, 0.0]
2025-06-05 11:37:24,741 - INFO - Detail_aucs is: [0.0]
2025-06-05 11:37:29,613 - INFO - Run on dim 5, function 20
2025-06-05 11:37:29,614 - INFO - FeHistory: [-79.42386817 -79.84902272 -80.8408809  -76.43626512 -79.77306451
 -81.16175152 -80.56942274 -79.72627248 -77.99570085 -77.73755674
 -80.61922686 -80.7536816  -79.55344598 -78.63854621 -77.72585425
 -77.21644835 -78.31879963 -78.47703096 -78.40452631 -79.35777617
 -80.44190816 -76.11746582 -76.71853434 -79.87688644 -78.25185104
 -76.19656348 -77.42395784 -79.57751031 -79.40043116 -79.41673162
 -77.01136767 -78.61102721 -79.90077332 -77.23543772 -76.10594137
 -77.05393536 -77.26163139 -77.56889323 -77.15885392 -76.51201762
 -78.19730364 -78.92740502 -80.45099467 -77.43464091 -77.6384589
 -78.46115104 -77.16463778 -80.83896849 -77.9269225  -77.74736402
 -77.06605737 -78.72397866 -77.88388309 -78.39278707 -79.28151748
 -76.99890491]
2025-06-05 11:37:29,614 - INFO - Expected Optimum FE: -100
2025-06-05 11:37:32,321 - INFO - Aucs is: [0.0, 0.0, 0.07249593893719061]
2025-06-05 11:37:32,321 - INFO - Detail_aucs is: [0.07249593893719061]
2025-06-05 11:37:32,322 - INFO - Generation 9, best so far: 0.025312433690583294
2025-06-05 11:37:43,483 - INFO - Run on dim 5, function 1
2025-06-05 11:37:43,484 - INFO - FeHistory: [183634.10589439 145274.95784226 169197.36623376 137183.35812303
 229482.90519747 205770.40369377 159880.52044384 131123.84680623
 196678.25623929 172826.01075735 196610.72305617 137786.45554664
 167133.13098489 154086.79525415 247904.19066746 140851.0408608
 173218.41565086 204807.39599045 223412.15928573 161165.70921383
 136554.59244112 186367.70417273 205243.91963122 147476.37059555
 138461.69703229 196520.84511938 130324.92561988 141808.19527079
 162602.05047406 144996.70113299 167575.53812743 125021.11650374
 133889.31468322 173675.60116112 131327.4102244  162105.60375873
 192698.34570498 117491.35448073 219541.84048278 205779.61291773
 174860.65026319 168891.60956111 163295.64208449 193179.88099605
 181837.3045811  248377.75226091 118368.32813693 252655.3077436
 256720.32861441 119749.2082585  180728.44832336 131951.87666983
 198525.62874764 207140.7945308  211971.86502932 199780.91898347]
2025-06-05 11:37:43,485 - INFO - Expected Optimum FE: -1081.9837994003399
2025-06-05 11:37:44,866 - INFO - Aucs is: [0.0]
2025-06-05 11:37:44,866 - INFO - Detail_aucs is: [0.0]
2025-06-05 11:37:47,298 - INFO - Run on dim 5, function 8
2025-06-05 11:37:47,298 - INFO - FeHistory: [296830.55390224 136719.87704562 181308.02706192 215085.34860333
 115879.46440225 190595.42711138 131084.21863937 121748.41347565
 203157.46553653 225661.68965126 225517.29525962 169646.23550116
 212650.02609608 182244.87603971 148842.46813259 239714.2630009
 251366.7070891  223288.71168537 231339.45801157 217002.88598292
 279012.84757983 199569.38239725 233577.25106187 214652.80932685
 262652.38463201 201108.80417611 175474.79912976 183001.14977464
 141766.57520185 133849.15598462 220865.6848338  203528.80820369
 231591.51579163 164622.6218068  154552.06649915 215443.82858649
 179426.26173266 128922.57353493 135667.45907194 187729.17346947
 249335.41413214 160792.20226623 210491.73452154 219931.45223559
 183006.76103533 210981.51995054 119995.58768184 166303.35330339
 220888.95403356 176535.6704671  161709.40226657 277214.31818055
 142506.45087071 216389.75749589 122466.4641527  111906.14689099]
2025-06-05 11:37:47,298 - INFO - Expected Optimum FE: -656.7889979935655
2025-06-05 11:37:48,676 - INFO - Aucs is: [0.0, 0.0]
2025-06-05 11:37:48,676 - INFO - Detail_aucs is: [0.0]
2025-06-05 11:37:53,686 - INFO - Run on dim 5, function 20
2025-06-05 11:37:53,687 - INFO - FeHistory: [-79.87965058 -76.5443619  -76.0997084  -76.41320593 -78.39943886
 -78.2044318  -79.66624386 -77.72301739 -81.12863693 -76.1966802
 -76.11712883 -77.60493898 -78.93012869 -76.31194549 -77.85964279
 -75.87423402 -78.92480017 -79.25555455 -78.05727782 -76.36755662
 -79.8949996  -77.73754909 -80.76033935 -79.97566583 -77.83319742
 -77.82648811 -76.82300995 -77.46868785 -76.49614936 -79.93039527
 -76.23434238 -78.5713644  -77.28201607 -77.47797189 -78.8939992
 -80.9559503  -79.7087562  -79.48245978 -76.14426294 -78.13926244
 -78.24739491 -77.89721538 -78.49418905 -78.00913944 -78.95621356
 -76.26028636 -78.69413811 -81.28342985 -76.23173759 -80.63146533
 -78.27959863 -77.30624509 -77.76616574 -79.56089109 -79.85923479
 -78.09541933]
2025-06-05 11:37:53,688 - INFO - Expected Optimum FE: -100
2025-06-05 11:37:56,450 - INFO - Aucs is: [0.0, 0.0, 0.07277733429807591]
2025-06-05 11:37:56,450 - INFO - Detail_aucs is: [0.07277733429807591]
2025-06-05 11:37:56,451 - INFO - Generation 10, best so far: 0.025312433690583294
