2025-06-15 06:39:07 INFO --- GNBG Problem Parameters for f8 ---
  Dimension: 30, MaxEvals: 500000
  Search Bounds: [-100, 100]
  Number of Components: 1
  Known Optimum Value: -656.788998
  Lambda (Curvature): [1]
  Mu (Asymmetry/Depth): [0.2 0.2]
----------------------------------------
2025-06-15 06:39:08 INFO --- GNBG Problem Parameters for f8 ---
  Dimension: 30, MaxEvals: 500000
  Search Bounds: [-100, 100]
  Number of Components: 1
  Known Optimum Value: -656.788998
  Lambda (Curvature): [1]
  Mu (Asymmetry/Depth): [0.2 0.2]
----------------------------------------
2025-06-15 06:39:08 INFO --- GNBG Problem Parameters for f8 ---
  Dimension: 30, MaxEvals: 500000
  Search Bounds: [-100, 100]
  Number of Components: 1
  Known Optimum Value: -656.788998
  Lambda (Curvature): [1]
  Mu (Asymmetry/Depth): [0.2 0.2]
----------------------------------------
2025-06-15 06:39:10 INFO --- GNBG Problem Parameters for f8 ---
  Dimension: 30, MaxEvals: 500000
  Search Bounds: [-100, 100]
  Number of Components: 1
  Known Optimum Value: -656.788998
  Lambda (Curvature): [1]
  Mu (Asymmetry/Depth): [0.2 0.2]
----------------------------------------
2025-06-15 06:39:10 INFO --- GNBG Problem Parameters for f8 ---
  Dimension: 30, MaxEvals: 500000
  Search Bounds: [-100, 100]
  Number of Components: 1
  Known Optimum Value: -656.788998
  Lambda (Curvature): [1]
  Mu (Asymmetry/Depth): [0.2 0.2]
----------------------------------------
2025-06-15 06:39:10 ERROR Can not run the algorithm
2025-06-15 06:39:10 INFO Run function 8 complete. FEHistory len: 302, AOCC: 0.0000
2025-06-15 06:39:10 INFO FeHistory: [148668.054745   232625.30172929 314888.85412075 148230.14293795
 284370.38318366 136849.54024729 173824.10691163 120403.55401057
 176241.93489581 250228.55101116 237256.5681326  198633.61331033
 204855.62703921 118809.95661957 273509.33311533 193290.51897715
 209930.10604612 110552.50282646 204209.41133472 234517.72681847
 171454.99804683  88952.84577979 238115.94865216 152809.69927257
 279460.24867577 198656.10112893 146564.56145097 142671.22498215
 173600.46357876 200955.75820639 191308.03021316 170333.02554345
 200700.85335261 181875.28405413 176233.1124538  295877.10056522
 140762.04141063 127766.9290828  126838.35198439 125058.80277119
 167420.08250552 230000.78789362 173649.61919255 256710.93195234
 195956.10572784 156844.89824771 294067.47917405 150281.29155406
 180931.28604766 223009.33192778 271425.78672039 229082.54361415
 128453.70996436 167823.92600761 339988.69342705 253278.51200499
 206899.40490867 278118.43972327 247175.6308847  239122.84552956
 206310.45534356 151431.43471171 227756.62508022 193996.39976188
 241051.44657791 222621.75990644 169729.23236233 226575.30239024
 154008.70213985 218654.38367903 167220.36581839 163305.66177386
 200912.51486101 105972.15258334 132123.06617331 242752.01906022
 256968.56799774 213840.08563187 206433.88717714 130701.0027174
 190681.55473022 191179.26549735 227821.88266363 116885.5083355
 238547.48211077 177001.5221643  175774.89417704 281957.49789693
 156862.890498   147226.68018028 149652.44559996 223014.24409033
 162564.40835179 138683.23531928 190510.71092838 239300.96566167
 189648.04651766 183308.4457222  191138.95580452 270569.67954788
 250212.17293382 103992.13970618 148927.05155521 122992.33408646
 191378.38560205 249742.34617573 214803.38595422 152322.62982398
 187597.44827551 186172.76233791 271008.31280006 168791.96574764
 156963.75000381 138466.83572407 246329.37577391 205432.11555268
 206634.03826219 248429.30195049 271567.82897045 280448.68478241
 231170.45310351 216477.00328353 181043.68607212 193368.24673612
 187624.8132079  122961.68885131 245759.33141478 154068.78161078
 202350.49755043 254073.70485977 128035.71655031 278735.02576581
 175658.39899743 172913.07344451 154302.80843898 149982.62596942
 163788.52126884 145638.66196448 200353.06598856 170876.79295587
 174960.56973507 207415.16962879 156745.4702845  176920.36771398
 189045.00961568 278213.66999623 155809.29064301 161478.79016069
 183051.46758065 206881.60922577 155139.13529889 171683.76320731
 218580.06678884 158102.10542612 108066.55181858 227556.96427177
 179086.91346792 200232.89262539 228155.9733511  224577.5757279
 102719.78686432 182591.32488958 192859.97009708 158510.19428087
 295381.4384165  154278.67788732 194130.56995607 175143.94306259
 179482.37721786 151671.96686481 187013.39733259 202573.93648416
 156916.13355391 160249.72036687 241611.9707839  216188.37575809
 282076.12006531 237666.3135338  193504.30124407 196683.70258472
 205135.40092436 295776.6007386  206398.04001632 146550.83477508
  99495.2506197  186410.93041084 153927.08397465 204892.30805883
 173933.95702377 157104.72166579 191995.69730486 144287.75361348
 162244.23424205 151572.96172535 125650.16463362 239962.65567658
 208634.79715975 140935.77083768 255905.42365863 155383.42040255
 178123.97615664 141543.12648099 156172.61826292 228697.67505205
 120000.80100164 178795.59703656 160374.36018456 187696.70474719
 265539.52875887 128235.76392825 276107.11906235 203419.53062189
 170848.33472392 216347.70191024 283654.90908623 133817.47085801
 220566.00630548 282279.01073481 155029.00334269 146492.54986715
 192701.87329249 162449.19960258 187401.62932678 226925.61149959
 170625.32995159 199857.45830617 258888.39733774 207434.47001251
 161617.13950125 210961.56212376 196863.28275297 197027.06530299
 270119.69651384 176836.33210762 209638.25452679 257537.46183621
 251243.01573534 185813.30064125 172124.19430251 310955.31236791
 200244.80730015 221274.14604215 258256.13215784 134175.53500533
 149201.96596798 122843.69677566 235991.87891255 213455.61093769
 147675.76414818 128736.19788886 249973.33759859 171439.51389993
 179814.19421218 203671.88252051 193396.99860489 134265.89554677
 158620.56479184 164121.02834148 123885.1455078  131962.49871952
 251924.42831545 206994.11225526 131510.31462946 215846.30528037
 206275.7700026  138047.59814249 192222.07461378  69522.09953376
 251821.76278722 229318.97448714 187263.56773234 174864.12492562
 248820.41197975 104025.87787336 187563.34818598 147319.84711903
 182144.87336722 158260.88260851 256502.12263062 132004.06083609
 193654.72995802 191798.42498261 173573.78040442 157383.50944531
 232784.74918029 154847.13483891 153997.75121403 222296.62992603
 189592.4502334  139909.14125262 190801.4712436  180058.19590673
 223261.13765425 235624.50317779 256629.0610904  266128.79917817
 257442.55076565 130054.50624011 189236.82471209 115659.00144229
 285777.83519772 192183.15723245]
2025-06-15 06:39:10 INFO Expected Optimum FE: -656.7889979935655
2025-06-15 06:39:10 INFO Multimodal (single component) AOCC mean: 0.0000
2025-06-15 06:39:10 INFO AOCC mean: 0.0000
2025-06-15 06:39:16 INFO Run function 8 complete. FEHistory len: 100000, AOCC: 0.0000
2025-06-15 06:39:16 INFO FeHistory: [163918.54292185 248657.51895028 215627.26032599 ...   1037.55677271
    346.70988517    702.12916334]
2025-06-15 06:39:16 INFO Expected Optimum FE: -656.7889979935655
2025-06-15 06:39:16 INFO Multimodal (single component) AOCC mean: 0.0000
2025-06-15 06:39:16 INFO AOCC mean: 0.0000
2025-06-15 06:39:19 INFO Run function 8 complete. FEHistory len: 100000, AOCC: 0.0000
2025-06-15 06:39:19 INFO FeHistory: [278254.2749274  117316.75917347 176372.51589411 ...  41915.7066877
  41915.7066877   41915.7066877 ]
2025-06-15 06:39:19 INFO Expected Optimum FE: -656.7889979935655
2025-06-15 06:39:19 INFO Multimodal (single component) AOCC mean: 0.0000
2025-06-15 06:39:19 INFO AOCC mean: 0.0000
2025-06-15 06:40:32 INFO Run function 8 complete. FEHistory len: 100000, AOCC: 0.0000
2025-06-15 06:40:32 INFO FeHistory: [158063.41881974 122117.44168265 208715.58605423 ...  30732.03218064
  30732.03228836  30732.03229421]
2025-06-15 06:40:32 INFO Expected Optimum FE: -656.7889979935655
2025-06-15 06:40:32 INFO Multimodal (single component) AOCC mean: 0.0000
2025-06-15 06:40:32 INFO AOCC mean: 0.0000
