2025-06-11 08:02:38 INFO --- GNBG Problem Parameters for f1 ---
  Dimension: 30, MaxEvals: 500000
  Search Bounds: [-100, 100]
  Number of Components: 1
  Known Optimum Value: -1081.983799
  Lambda (Curvature): [1]
  Mu (Asymmetry/Depth): [0 0]
----------------------------------------
2025-06-11 08:02:39 INFO Run function 1 complete. FEHistory len: 5000, AOCC: 0.0000
2025-06-11 08:02:39 INFO FeHistory: [177419.61892486 190100.80968697 131563.93839136 ... 119362.20647948
 235600.7026205  153147.09274056]
2025-06-11 08:02:39 INFO Expected Optimum FE: -1081.9837994003399
2025-06-11 08:02:39 INFO --- GNBG Problem Parameters for f8 ---
  Dimension: 30, MaxEvals: 500000
  Search Bounds: [-100, 100]
  Number of Components: 1
  Known Optimum Value: -656.788998
  Lambda (Curvature): [1]
  Mu (Asymmetry/Depth): [0.2 0.2]
----------------------------------------
2025-06-11 08:02:39 INFO --- GNBG Problem Parameters for f1 ---
  Dimension: 30, MaxEvals: 500000
  Search Bounds: [-100, 100]
  Number of Components: 1
  Known Optimum Value: -1081.983799
  Lambda (Curvature): [1]
  Mu (Asymmetry/Depth): [0 0]
----------------------------------------
2025-06-11 08:02:39 INFO Run function 8 complete. FEHistory len: 5000, AOCC: 0.0000
2025-06-11 08:02:39 INFO FeHistory: [238406.5729851  167555.72232138 167801.60754036 ... 150841.33024431
 249349.88475921 208952.31673536]
2025-06-11 08:02:39 INFO Expected Optimum FE: -656.7889979935655
2025-06-11 08:02:39 INFO --- GNBG Problem Parameters for f20 ---
  Dimension: 30, MaxEvals: 1000000
  Search Bounds: [-100, 100]
  Number of Components: 5
  Known Optimum Value: -100.000000
  Lambda (Curvature): [0.25 0.25 0.25 0.25 0.25]
  Mu (Asymmetry/Depth): [0.4901829  0.25862884 0.37043014 0.37440768 0.26098797 0.491006
 0.27569772 0.45404864 0.42314776 0.27195433]
----------------------------------------
2025-06-11 08:02:39 INFO --- GNBG Problem Parameters for f1 ---
  Dimension: 30, MaxEvals: 500000
  Search Bounds: [-100, 100]
  Number of Components: 1
  Known Optimum Value: -1081.983799
  Lambda (Curvature): [1]
  Mu (Asymmetry/Depth): [0 0]
----------------------------------------
2025-06-11 08:02:40 INFO Run function 1 complete. FEHistory len: 5000, AOCC: 0.0000
2025-06-11 08:02:40 INFO FeHistory: [190947.77739659 149191.36906927 153969.28976469 ...  25246.14580977
  28901.00984332  29002.48016696]
2025-06-11 08:02:40 INFO Expected Optimum FE: -1081.9837994003399
2025-06-11 08:02:40 INFO --- GNBG Problem Parameters for f8 ---
  Dimension: 30, MaxEvals: 500000
  Search Bounds: [-100, 100]
  Number of Components: 1
  Known Optimum Value: -656.788998
  Lambda (Curvature): [1]
  Mu (Asymmetry/Depth): [0.2 0.2]
----------------------------------------
2025-06-11 08:02:41 INFO Run function 8 complete. FEHistory len: 5000, AOCC: 0.0000
2025-06-11 08:02:41 INFO FeHistory: [132776.66447326 148050.3351946  199849.10712628 ...  21285.05885145
  19416.2075665   14401.11909253]
2025-06-11 08:02:41 INFO Expected Optimum FE: -656.7889979935655
2025-06-11 08:02:41 INFO --- GNBG Problem Parameters for f20 ---
  Dimension: 30, MaxEvals: 1000000
  Search Bounds: [-100, 100]
  Number of Components: 5
  Known Optimum Value: -100.000000
  Lambda (Curvature): [0.25 0.25 0.25 0.25 0.25]
  Mu (Asymmetry/Depth): [0.4901829  0.25862884 0.37043014 0.37440768 0.26098797 0.491006
 0.27569772 0.45404864 0.42314776 0.27195433]
----------------------------------------
2025-06-11 08:02:42 INFO Run function 20 complete. FEHistory len: 10000, AOCC: 0.0750
2025-06-11 08:02:42 INFO FeHistory: [-77.12916589 -80.35240524 -77.77795455 ... -76.38747599 -76.47409313
 -80.94737263]
2025-06-11 08:02:42 INFO Expected Optimum FE: -100
2025-06-11 08:02:42 INFO Unimodal AOCC mean: 0.0000
2025-06-11 08:02:42 INFO Multimodal (single component) AOCC mean: 0.0000
2025-06-11 08:02:42 INFO Multimodal (multiple components) AOCC mean: 0.0750
2025-06-11 08:02:42 INFO AOCC mean: 0.0250
2025-06-11 08:02:44 INFO Run function 20 complete. FEHistory len: 10000, AOCC: 0.0719
2025-06-11 08:02:44 INFO FeHistory: [-77.26697518 -76.48747802 -76.81719724 ... -86.86999361 -87.23532323
 -87.19476049]
2025-06-11 08:02:44 INFO Expected Optimum FE: -100
2025-06-11 08:02:44 INFO Unimodal AOCC mean: 0.0000
2025-06-11 08:02:44 INFO Multimodal (single component) AOCC mean: 0.0000
2025-06-11 08:02:44 INFO Multimodal (multiple components) AOCC mean: 0.0719
2025-06-11 08:02:44 INFO AOCC mean: 0.0240
2025-06-11 08:02:55 INFO Run function 1 complete. FEHistory len: 5000, AOCC: 0.0000
2025-06-11 08:02:55 INFO FeHistory: [170945.64369869 169203.94543844 257281.38527036 ... 131448.4918481
 168915.37871239 208434.99597186]
2025-06-11 08:02:55 INFO Expected Optimum FE: -1081.9837994003399
2025-06-11 08:02:55 INFO --- GNBG Problem Parameters for f8 ---
  Dimension: 30, MaxEvals: 500000
  Search Bounds: [-100, 100]
  Number of Components: 1
  Known Optimum Value: -656.788998
  Lambda (Curvature): [1]
  Mu (Asymmetry/Depth): [0.2 0.2]
----------------------------------------
2025-06-11 08:03:10 INFO Run function 8 complete. FEHistory len: 5000, AOCC: 0.0000
2025-06-11 08:03:10 INFO FeHistory: [180013.40992632 128603.94332496 137837.51764683 ... 122828.57667877
 152199.08354634 283087.48240231]
2025-06-11 08:03:10 INFO Expected Optimum FE: -656.7889979935655
2025-06-11 08:03:10 INFO --- GNBG Problem Parameters for f20 ---
  Dimension: 30, MaxEvals: 1000000
  Search Bounds: [-100, 100]
  Number of Components: 5
  Known Optimum Value: -100.000000
  Lambda (Curvature): [0.25 0.25 0.25 0.25 0.25]
  Mu (Asymmetry/Depth): [0.4901829  0.25862884 0.37043014 0.37440768 0.26098797 0.491006
 0.27569772 0.45404864 0.42314776 0.27195433]
----------------------------------------
2025-06-11 08:03:44 INFO Run function 20 complete. FEHistory len: 10000, AOCC: 0.0732
2025-06-11 08:03:44 INFO FeHistory: [-76.47687215 -80.96656157 -78.72240985 ... -81.30629868 -78.0666956
 -80.32434317]
2025-06-11 08:03:44 INFO Expected Optimum FE: -100
2025-06-11 08:03:44 INFO Unimodal AOCC mean: 0.0000
2025-06-11 08:03:44 INFO Multimodal (single component) AOCC mean: 0.0000
2025-06-11 08:03:44 INFO Multimodal (multiple components) AOCC mean: 0.0732
2025-06-11 08:03:44 INFO AOCC mean: 0.0244
2025-06-11 08:03:51 INFO --- GNBG Problem Parameters for f1 ---
  Dimension: 30, MaxEvals: 500000
  Search Bounds: [-100, 100]
  Number of Components: 1
  Known Optimum Value: -1081.983799
  Lambda (Curvature): [1]
  Mu (Asymmetry/Depth): [0 0]
----------------------------------------
2025-06-11 08:03:51 INFO Run function 1 complete. FEHistory len: 5000, AOCC: 0.0000
2025-06-11 08:03:51 INFO FeHistory: [183615.94203397 135956.23960572 158929.50680507 ... 163861.3497125
 180794.1587417  140297.69385201]
2025-06-11 08:03:51 INFO Expected Optimum FE: -1081.9837994003399
2025-06-11 08:03:51 INFO --- GNBG Problem Parameters for f8 ---
  Dimension: 30, MaxEvals: 500000
  Search Bounds: [-100, 100]
  Number of Components: 1
  Known Optimum Value: -656.788998
  Lambda (Curvature): [1]
  Mu (Asymmetry/Depth): [0.2 0.2]
----------------------------------------
2025-06-11 08:03:52 INFO Run function 8 complete. FEHistory len: 5000, AOCC: 0.0000
2025-06-11 08:03:52 INFO FeHistory: [234819.20381307 134917.66941708 149183.98241363 ... 142800.10132685
 159301.42478442 265141.13632624]
2025-06-11 08:03:52 INFO Expected Optimum FE: -656.7889979935655
2025-06-11 08:03:52 INFO --- GNBG Problem Parameters for f20 ---
  Dimension: 30, MaxEvals: 1000000
  Search Bounds: [-100, 100]
  Number of Components: 5
  Known Optimum Value: -100.000000
  Lambda (Curvature): [0.25 0.25 0.25 0.25 0.25]
  Mu (Asymmetry/Depth): [0.4901829  0.25862884 0.37043014 0.37440768 0.26098797 0.491006
 0.27569772 0.45404864 0.42314776 0.27195433]
----------------------------------------
2025-06-11 08:03:53 INFO --- GNBG Problem Parameters for f1 ---
  Dimension: 30, MaxEvals: 500000
  Search Bounds: [-100, 100]
  Number of Components: 1
  Known Optimum Value: -1081.983799
  Lambda (Curvature): [1]
  Mu (Asymmetry/Depth): [0 0]
----------------------------------------
2025-06-11 08:03:53 INFO --- GNBG Problem Parameters for f1 ---
  Dimension: 30, MaxEvals: 500000
  Search Bounds: [-100, 100]
  Number of Components: 1
  Known Optimum Value: -1081.983799
  Lambda (Curvature): [1]
  Mu (Asymmetry/Depth): [0 0]
----------------------------------------
2025-06-11 08:03:54 INFO Run function 1 complete. FEHistory len: 5000, AOCC: 0.0000
2025-06-11 08:03:54 INFO FeHistory: [163285.0340686  205015.44624584 176989.98949326 ...  31481.31199552
  28453.84414695  32808.50243955]
2025-06-11 08:03:54 INFO Expected Optimum FE: -1081.9837994003399
2025-06-11 08:03:54 INFO --- GNBG Problem Parameters for f8 ---
  Dimension: 30, MaxEvals: 500000
  Search Bounds: [-100, 100]
  Number of Components: 1
  Known Optimum Value: -656.788998
  Lambda (Curvature): [1]
  Mu (Asymmetry/Depth): [0.2 0.2]
----------------------------------------
2025-06-11 08:03:55 INFO Run function 20 complete. FEHistory len: 10000, AOCC: 0.0721
2025-06-11 08:03:55 INFO FeHistory: [-75.54052291 -77.26242915 -76.14885575 ... -77.82821702 -79.79570644
 -76.21854837]
2025-06-11 08:03:55 INFO Expected Optimum FE: -100
2025-06-11 08:03:55 INFO Unimodal AOCC mean: 0.0000
2025-06-11 08:03:55 INFO Multimodal (single component) AOCC mean: 0.0000
2025-06-11 08:03:55 INFO Multimodal (multiple components) AOCC mean: 0.0721
2025-06-11 08:03:55 INFO AOCC mean: 0.0240
2025-06-11 08:03:55 INFO Run function 8 complete. FEHistory len: 5000, AOCC: 0.0000
2025-06-11 08:03:55 INFO FeHistory: [164755.68326718 310107.61602026 205060.31767844 ...  25299.41314135
  31082.16342029  30335.35309556]
2025-06-11 08:03:55 INFO Expected Optimum FE: -656.7889979935655
2025-06-11 08:03:55 INFO --- GNBG Problem Parameters for f20 ---
  Dimension: 30, MaxEvals: 1000000
  Search Bounds: [-100, 100]
  Number of Components: 5
  Known Optimum Value: -100.000000
  Lambda (Curvature): [0.25 0.25 0.25 0.25 0.25]
  Mu (Asymmetry/Depth): [0.4901829  0.25862884 0.37043014 0.37440768 0.26098797 0.491006
 0.27569772 0.45404864 0.42314776 0.27195433]
----------------------------------------
2025-06-11 08:03:59 INFO Run function 20 complete. FEHistory len: 10000, AOCC: 0.0741
2025-06-11 08:03:59 INFO FeHistory: [-77.85350854 -78.6447916  -79.98527069 ... -86.26165792 -84.12440309
 -86.54181479]
2025-06-11 08:03:59 INFO Expected Optimum FE: -100
2025-06-11 08:03:59 INFO Unimodal AOCC mean: 0.0000
2025-06-11 08:03:59 INFO Multimodal (single component) AOCC mean: 0.0000
2025-06-11 08:03:59 INFO Multimodal (multiple components) AOCC mean: 0.0741
2025-06-11 08:03:59 INFO AOCC mean: 0.0247
2025-06-11 08:04:34 INFO Run function 1 complete. FEHistory len: 5000, AOCC: 0.0000
2025-06-11 08:04:34 INFO FeHistory: [236963.43714585 200687.81982057 203294.79328613 ...  95241.71207068
 138250.68065111 160047.88478521]
2025-06-11 08:04:34 INFO Expected Optimum FE: -1081.9837994003399
2025-06-11 08:04:34 INFO --- GNBG Problem Parameters for f8 ---
  Dimension: 30, MaxEvals: 500000
  Search Bounds: [-100, 100]
  Number of Components: 1
  Known Optimum Value: -656.788998
  Lambda (Curvature): [1]
  Mu (Asymmetry/Depth): [0.2 0.2]
----------------------------------------
2025-06-11 08:05:15 INFO Run function 8 complete. FEHistory len: 5000, AOCC: 0.0000
2025-06-11 08:05:15 INFO FeHistory: [147959.05157202 189882.20670154 227347.80723331 ... 135962.70710486
 155962.18907486 193960.01763345]
2025-06-11 08:05:15 INFO Expected Optimum FE: -656.7889979935655
2025-06-11 08:05:15 INFO --- GNBG Problem Parameters for f20 ---
  Dimension: 30, MaxEvals: 1000000
  Search Bounds: [-100, 100]
  Number of Components: 5
  Known Optimum Value: -100.000000
  Lambda (Curvature): [0.25 0.25 0.25 0.25 0.25]
  Mu (Asymmetry/Depth): [0.4901829  0.25862884 0.37043014 0.37440768 0.26098797 0.491006
 0.27569772 0.45404864 0.42314776 0.27195433]
----------------------------------------
2025-06-11 08:06:39 INFO Run function 20 complete. FEHistory len: 10000, AOCC: 0.0724
2025-06-11 08:06:39 INFO FeHistory: [-79.72689183 -74.90137457 -76.77620796 ... -78.20582437 -79.79142662
 -79.25207527]
2025-06-11 08:06:39 INFO Expected Optimum FE: -100
2025-06-11 08:06:39 INFO Unimodal AOCC mean: 0.0000
2025-06-11 08:06:39 INFO Multimodal (single component) AOCC mean: 0.0000
2025-06-11 08:06:39 INFO Multimodal (multiple components) AOCC mean: 0.0724
2025-06-11 08:06:39 INFO AOCC mean: 0.0241
2025-06-11 08:08:57 INFO --- GNBG Problem Parameters for f1 ---
  Dimension: 30, MaxEvals: 500000
  Search Bounds: [-100, 100]
  Number of Components: 1
  Known Optimum Value: -1081.983799
  Lambda (Curvature): [1]
  Mu (Asymmetry/Depth): [0 0]
----------------------------------------
2025-06-11 08:08:57 ERROR Can not run the algorithm
2025-06-11 08:08:57 INFO Run function 1 complete. FEHistory len: 300, AOCC: 0.0000
2025-06-11 08:08:57 INFO FeHistory: [158563.52870793 186395.8440599  178888.06714155 174103.73797842
 181993.54231294 155805.18984392 177590.31112881 157373.41184219
 130675.31986816 169652.75871685 198071.82673755 224933.06540478
 112256.16062328 104064.0166498  215679.69996433 116947.14550183
 168423.47228516 127252.43101369 204081.07097382 204464.32934752
 195206.58149384 179644.56167278 118226.54145047 138566.7823248
 152556.4471301  121129.01907352 110131.86864387 218583.31094243
 148255.41193134 172443.77482625 141819.98197402 173203.49417
 199254.79067415 151928.52546479 166893.23119927 200402.30974069
 137849.66981881 217165.47210223 272570.16098191 127444.69823496
 200014.21466468 133970.3693344  161233.85523083 188791.17971542
 156892.1367097  174378.80763493 242786.18058643  95667.5941451
 205045.41101853 137568.58308044 174497.85373779 195956.61547704
 141439.59450789 120140.34730417 139374.8203771  148865.83206141
 202538.13034634 127752.67875154 145806.16915332 221258.31483246
 134967.28226646 165153.28109348 225908.7357084  176318.98415956
 179229.85460495 211362.7489563  163394.1628439  180524.85467669
 154161.04710115 268852.9046479  227420.37219342 214515.33589213
 130900.98042179 237921.17937477 165751.94421326 244284.2158374
 180826.49418086 184536.19154557 136807.53020306 135885.96499081
 157490.02015509 200773.61317573 130016.38545456 134094.29424493
 139822.81398765 114118.12737534 180617.35366513 111361.21799282
 246577.49526806 179751.99187591 201924.63000885 166235.16543638
 230983.60699731 132854.19131732 149831.83522138 101856.41977813
 162224.63523087 170616.66274541 141823.17647988 160264.95290677
 118609.03718022 169024.55689981 147439.69625278 160935.9271595
 185466.9827859  124327.69325062 183978.41937128 163968.9914026
 189077.1909437  127818.93422872 191618.01069066 128994.87418411
 161260.46662433 171547.83751415 155918.5473632  181160.8870985
 102175.22025002 244642.57083756 155967.32395987 205017.09623224
 205414.21409344 189895.76022083 164300.84236318 173174.29441123
 209183.00768954 228567.40892283 179163.74404285 181652.46803233
 132274.9244015  179086.25113884 185719.08889988 192998.80941611
 157894.62368139 197451.85615252  87040.14946267 229275.19118456
 232383.38924332 160231.69586503 128367.52047088 145311.57432737
 145984.22033525 167640.39869059  92367.33995624 189378.84341803
 183439.71171734 173705.3047072  217781.35060418 171906.91852764
 158121.98418932 252694.018155   175602.8946238  110503.79021152
 140856.88375845 160152.92909441 115099.55937913 183570.08992052
 159638.55491744 152459.80007541 198664.53751366 117549.88416932
 208802.28743001 185813.42597478 198853.62579021 182493.10843708
 166192.1659283  170224.64663149 118552.94887253 134535.30588885
 158367.10464935 178204.09627604 181321.04334054 163518.90447183
 114354.00666142 172861.00777667 157221.72177875 214736.91941019
 201022.76227382 185796.45871289 118345.23643123 183374.98016649
 162378.69332807 178998.57344794 172951.8314483  232592.56184718
 171868.82560849 137588.06968145 146354.17967225 136592.89729122
 165923.68623379 173950.98405967 137090.87774246 224708.06290211
 164270.61186433 163203.18341456 106581.70404915 239968.01940959
 177916.48920935 232996.71067625 181793.35041175 156990.02578424
 164509.712649   203196.42603984 161670.42145062 187853.35149853
 133434.67641713 185898.76762753 120346.31447735 185445.11714364
 151017.35512998 162499.92695831 183591.66927419 240726.61651939
 228475.68932196 186366.08067512 164724.40504982 147607.88327526
 190041.15365022 134772.3191768  156598.2832818  130695.93245981
 193441.70622945 243986.02676119 166707.03535327 195895.84578896
 232256.73609484 193886.15549575 255848.50773527 229098.1789683
 137616.19770119 175447.77588837 149259.83837911 104800.68713036
 153141.29563757 166596.82278628 120355.23171475 142985.38315516
 141466.33375493 155284.93910799 192430.96277754 164537.70487002
 181318.54684716 135927.3520551  118727.10469265 150843.05492052
 196459.46235054 212910.91850915 131048.77353508 191234.00631377
 213752.92485985 191132.54742184 197129.79135865 185728.24547291
 231879.78682243 113528.298794   157333.31567675 128662.04182645
 154436.65956977 174173.9146333  213967.94264874 183168.45028373
 179871.01186241 173312.53803843 195566.67711705 262693.43410541
 108591.28685635 161070.39819668 165243.9909409  154388.00524421
 247579.7309631  182792.1510624  125683.84131805 208243.09107561
 153210.13293971 192990.98514905 206299.83196887 125499.66620227
 129210.2847624  188815.87212521 160190.67024937 245016.34326241
 171662.27358356 180416.72863326 164219.71533311 186368.31033816
 207539.17803111 223868.51689615 151684.97667462 170133.00596195
 189003.89445668 169847.79520492 219756.5423025  154664.51136352
 145555.85274599 144253.87430418 226136.76160845 157664.85117496
 149680.5115275  235002.33480569 179020.32163457 249481.60305831]
2025-06-11 08:08:57 INFO Expected Optimum FE: -1081.9837994003399
2025-06-11 08:08:57 INFO --- GNBG Problem Parameters for f8 ---
  Dimension: 30, MaxEvals: 500000
  Search Bounds: [-100, 100]
  Number of Components: 1
  Known Optimum Value: -656.788998
  Lambda (Curvature): [1]
  Mu (Asymmetry/Depth): [0.2 0.2]
----------------------------------------
2025-06-11 08:08:57 ERROR Can not run the algorithm
2025-06-11 08:08:57 INFO Run function 8 complete. FEHistory len: 300, AOCC: 0.0000
2025-06-11 08:08:57 INFO FeHistory: [225525.84248968 178045.43448818 307705.35570126 151314.05986876
 149737.62532997 114399.42915633 287830.26774419 115917.05351734
 156241.43865191 213610.01282061  97034.21650621 185230.70531342
 102066.37636572  93446.98364634 189644.58271708 176979.26207393
 217931.09801471 151360.39794803 189901.31717615 178422.62964627
 160503.60109716 186553.0196832  127807.17997938  98889.42768272
 148676.51561166 143317.67410009 136661.19877925 188576.71130704
 134129.29183391 209570.22777008 191118.12181279 117257.64770783
 184759.24075898 252984.25577615 245078.66600969 292218.73443634
 197296.94926961 221384.85157325 169525.30581715 149224.05461477
  75132.32592479 174170.6454643  281078.73456337 190491.82544313
 164644.77352709 207046.28892635  89890.21252032 176540.12063157
 111223.56827495 196891.36980575 349128.22197207 269112.89815513
 212427.9258505  139454.58155833 310188.77855568 245158.26095304
 141747.79667088 158643.43916952 182214.19397602 241114.48369785
 174620.00426171 122098.29616766 279678.94803775 182644.73329478
 215831.82838513 178825.18559823 250726.65184926 174450.27007669
 186262.22634081 144756.80595115 184975.64102256 170238.10154737
 204234.72662033 196191.07878243 144968.00616278 222048.0488081
 161424.62236847 236196.09425241 139249.37957128 158089.58855104
 138915.69611536 167657.48066535 296964.98565288 147613.06037708
 172282.8422414  255880.94116955 209181.42221344 263498.58464403
 142169.24526952 120836.1650517  115323.07719924 192519.81444717
 318277.65234931 194275.06829357 186875.74546255 228043.18225385
 162495.10430362 212093.46834585 148349.82100863 191747.16747078
 191603.29773805 215300.99297362 327683.16412133 183302.90092732
 291070.9519406  177318.14355081 186288.88330526 145802.29164672
 198923.32368608 157702.17865058 139263.5437196  120656.11237603
 186126.16653861 217800.96989809 227332.61805483 262607.00540805
 117914.96643189 152263.60481608 102155.36603028 274011.22400638
 216680.72176081 155462.94309869 222337.48268103 282503.57020761
 211028.95935687 154831.78476996 241815.43763862 192639.23709514
 162206.15911289 176419.062108   215120.9335626  100308.13453754
 263965.26674526 177885.52446462 156590.85872932 227241.60748532
 224897.38134331 259536.58318188 172980.08165878 204496.16089197
 169301.80160366 135994.30902292 174212.26886052 270266.54896107
 227534.93509913 211387.8903335  167425.41779476 187434.72356417
 186016.92108335 161236.81340529 155811.30279022 139248.84563598
 218124.99473423 252789.45752638 133931.65564964 145011.05002569
 155606.58013777 186730.0237311  105770.26421083 112605.85954597
 153140.046193   134133.89869081 178205.66537774 196328.96179532
 213739.2131595  240427.46466146 176468.22592418 191094.4078574
 215451.76164408 176527.70359846 167614.81472808  87320.39141739
 174422.91205751 143792.28485218 171111.66073311 227241.13051249
 189255.29813437 213409.05495416 295453.84222573 155405.10640172
 182417.43065347 199227.54770496 243851.68253713 228347.2127165
 163637.08398356 178683.96221331 250407.67362036 198251.55377645
 259160.99855103 181102.27435929 199007.88244172 157165.85437086
 198119.62055444 152278.47301912 162089.48369851 172658.70065376
 136837.59399444 233894.15544638 235997.40155273 211704.19433292
 158067.78697254 143462.08798356 165360.9391769  214068.64018898
 159264.98719422 142411.81210558 176455.7094873  171906.76411478
 192226.61634662 182460.83794875 122841.52546198 207753.49359442
 282824.70964654 190263.47136899 179989.64313826 126096.74916236
 164931.71706495 169840.10634527 237667.21259217 228725.4573929
 197224.71457884 168146.99298292 128090.64665521 236279.65187901
 187992.47779441 173838.20319243 193341.16084968 147702.4922507
 316546.19083365 263183.85390277 112778.49617899 208744.78767987
 133647.15840908 222979.93195656 307871.57277373  98425.33925884
 191422.80579184 174310.41048957 184101.07032486 172679.35826864
 202400.60556386 181827.31314243 229418.65479992 192322.06963961
 181414.35861655 186140.4303347  221942.90471673 156596.46766576
 232734.11827081 216349.46291268 168509.5949248  170032.50369878
 141331.86598503 153408.51391751 125758.05402322  92570.21519117
 154910.13015357 160722.17448645 230960.3510774  147230.77722221
 272253.73490959 163546.7373501  154257.7892715  215431.34158276
 228284.19173446 268008.88637852 154740.39760578 210031.74203178
 162269.29318521 247931.2928667  214294.77910641 153816.71045779
 186549.23650022 232451.58263379 318705.43057686 148147.00129657
 267098.69303266 240140.80957935 199165.06278741 154660.48401046
 195611.21347601 202413.0414625  155200.27709524 136972.79308394
 155476.64937344 110782.8477322  176771.20284756 195741.91154993
 221129.90930872 140636.14205842 184600.81717512 144158.82289183
 166201.89025985 193536.08452931 193925.45618571 161286.90213956
 155649.38245815 285562.39746849 142753.14211867 183973.97475792]
2025-06-11 08:08:57 INFO Expected Optimum FE: -656.7889979935655
2025-06-11 08:08:57 INFO --- GNBG Problem Parameters for f20 ---
  Dimension: 30, MaxEvals: 1000000
  Search Bounds: [-100, 100]
  Number of Components: 5
  Known Optimum Value: -100.000000
  Lambda (Curvature): [0.25 0.25 0.25 0.25 0.25]
  Mu (Asymmetry/Depth): [0.4901829  0.25862884 0.37043014 0.37440768 0.26098797 0.491006
 0.27569772 0.45404864 0.42314776 0.27195433]
----------------------------------------
2025-06-11 08:08:57 ERROR Can not run the algorithm
2025-06-11 08:08:57 INFO Run function 20 complete. FEHistory len: 300, AOCC: 0.0728
2025-06-11 08:08:57 INFO FeHistory: [-80.52917655 -80.61014586 -78.45041669 -78.78252133 -76.04032419
 -77.76831624 -80.2291059  -78.18490315 -78.65801897 -77.69818263
 -77.39600386 -80.77396932 -79.18960375 -80.43332177 -75.33471192
 -81.33203767 -79.8606491  -74.83191427 -78.81473195 -78.41236873
 -78.56039454 -77.92581634 -78.96114333 -78.35320057 -75.30359902
 -80.3659903  -78.190452   -80.10433052 -77.14293236 -78.46860511
 -79.82176166 -79.67831027 -80.89728105 -79.70076109 -77.26388568
 -75.35074189 -79.97488395 -77.98632338 -76.50382748 -79.40134074
 -77.27124967 -77.91462468 -80.34438429 -75.96846085 -80.58057221
 -80.28279256 -80.31282621 -78.32770061 -77.45141448 -77.64758039
 -80.63154698 -76.51027647 -79.00678621 -77.14048307 -77.97759724
 -76.77109579 -77.67270068 -78.78011476 -77.508508   -77.53235705
 -77.73583961 -78.13570633 -77.31681651 -77.7458871  -79.58021084
 -78.85767022 -79.13538808 -79.77361525 -79.59751705 -77.29340318
 -75.48534908 -80.470556   -78.6288874  -79.93857121 -77.69513659
 -78.39458488 -76.02881325 -77.35295174 -76.07394751 -77.82273536
 -76.28718897 -81.56879999 -77.58214446 -80.17787292 -79.2521685
 -76.45511273 -78.21760352 -77.08886137 -75.71311861 -77.48076673
 -78.22601466 -78.19451457 -79.64595723 -76.89756331 -79.38391489
 -76.9053952  -81.54995421 -79.13092506 -76.92067291 -80.32853529
 -76.24483629 -77.78991392 -77.88373455 -78.09376908 -78.27789129
 -78.92603936 -75.55481968 -80.72092266 -79.72775839 -78.96572993
 -78.89804949 -79.34687546 -77.68800234 -78.26184703 -80.24479488
 -77.81611112 -78.27371279 -76.31384312 -77.52009154 -77.47502274
 -81.18283212 -78.59932587 -78.31605176 -80.34528665 -76.03967974
 -77.85391574 -78.71206021 -77.77488761 -77.00758096 -82.42338018
 -79.03345393 -78.40816735 -76.64930104 -77.61588753 -80.13772653
 -78.30898417 -75.29743483 -79.69513435 -78.46132392 -76.31558977
 -79.27547029 -77.66706859 -79.31555777 -77.74643397 -76.63269412
 -77.52991609 -77.27306171 -78.19460434 -75.77838115 -78.68034609
 -80.75792044 -78.57810924 -77.85738442 -78.92375964 -79.2964957
 -78.61366301 -79.27953875 -80.01341199 -77.08277461 -77.93682311
 -79.27023465 -78.76928633 -79.17572986 -76.37377801 -77.45152342
 -78.9616863  -79.44792259 -77.56206014 -76.6098389  -76.3882579
 -76.93199102 -76.49487445 -77.42942767 -79.28602672 -74.65941961
 -80.96356589 -79.64602828 -77.61803721 -77.79958998 -78.33290388
 -79.87802197 -77.98941015 -80.0644814  -77.9847034  -79.25016189
 -77.98777384 -77.04583375 -77.73741734 -79.70339023 -78.93132918
 -76.77939759 -79.32038658 -78.22703386 -79.05267967 -81.73647234
 -76.79757314 -80.77952462 -78.53790726 -77.24761672 -77.00376594
 -78.78291987 -79.19393666 -75.9549136  -77.74152496 -77.01844336
 -80.01792203 -78.97460417 -77.18608362 -79.44503149 -78.4759428
 -78.7769908  -77.19673295 -77.28407485 -77.77036272 -76.74640539
 -75.46992085 -77.08787788 -78.88163616 -79.72649526 -79.75289898
 -79.00438547 -76.22885268 -79.70623735 -78.61966543 -77.63286331
 -78.12338691 -78.25792399 -80.21928286 -76.2220229  -77.71410674
 -76.10688738 -81.3920313  -76.84206274 -76.40295309 -81.4482108
 -80.90322266 -78.74162106 -77.99015329 -77.36425467 -76.33593506
 -80.92553691 -80.79349075 -76.69442531 -79.40368907 -75.58123544
 -78.29166968 -80.82574731 -79.48964607 -78.33390479 -76.04420793
 -78.83269562 -79.78294212 -79.55376951 -77.3791028  -75.65404136
 -79.7904168  -77.17982152 -78.01060235 -76.56723034 -80.87214484
 -78.34636728 -77.63095201 -76.46687109 -78.2875598  -79.40919635
 -76.55626008 -77.32353723 -76.361104   -78.09222672 -75.58545895
 -78.75776647 -79.85319118 -78.25063303 -75.88446802 -78.29863315
 -77.31623531 -77.61262946 -78.71264714 -75.80293154 -78.47516942
 -80.68208184 -79.58919606 -78.28243182 -79.32570654 -76.25608422
 -78.10554702 -78.50947346 -78.82038262 -78.50051258 -79.37167629
 -76.75733114 -76.5812802  -79.92190977 -78.26081904 -76.52597906
 -77.33531831 -78.1464058  -78.54213632 -80.16752566 -79.20723328]
2025-06-11 08:08:57 INFO Expected Optimum FE: -100
2025-06-11 08:08:57 INFO Unimodal AOCC mean: 0.0000
2025-06-11 08:08:57 INFO Multimodal (single component) AOCC mean: 0.0000
2025-06-11 08:08:57 INFO Multimodal (multiple components) AOCC mean: 0.0728
2025-06-11 08:08:57 INFO AOCC mean: 0.0243
2025-06-11 08:09:00 INFO --- GNBG Problem Parameters for f1 ---
  Dimension: 30, MaxEvals: 500000
  Search Bounds: [-100, 100]
  Number of Components: 1
  Known Optimum Value: -1081.983799
  Lambda (Curvature): [1]
  Mu (Asymmetry/Depth): [0 0]
----------------------------------------
2025-06-11 08:09:00 ERROR Can not run the algorithm
2025-06-11 08:09:00 INFO Run function 1 complete. FEHistory len: 300, AOCC: 0.0000
2025-06-11 08:09:00 INFO FeHistory: [216157.84903568 118612.96287106 138245.68249432 189960.38164421
 106256.62222158 187219.85318176 103964.14990595 184318.0771766
 217980.77778458 169788.26232233 192350.21981539 197670.96917689
 152772.68612253 220755.39710218 183386.37243359 167160.53859876
 165866.57190884 196066.81396325 106123.62827436 252748.83909252
 148038.02415454 171613.93425051 178984.73262847 144727.90472108
 204063.61780535 106766.05784745 179425.15409296 208402.81051165
 178520.27501265 126640.49725633 139761.47597339 197926.30891781
 239093.7848054  118137.08687941 227065.48739902 223257.41076274
 167829.15016659 158945.43658131 183106.1666128  281983.79414831
 127761.32737095 185728.43959804 148182.59965785 208510.08364326
 212792.3791203  101132.64269062 162235.1423697  252409.11605517
 157720.62675056 107696.24366189 212075.83668688 236492.19831551
 230195.79062706 160187.80138087 177809.23292239 104713.43423893
 171969.76559109 124720.94746315 142806.71964327 208135.13967114
 135245.86069031 177440.85499518 138087.31572059 172886.00507387
 110311.36494014 190671.29601039 169413.11694147 178930.43250083
 195073.20155936 192564.26731834 180715.28762951 179746.85511177
 163547.23721555 114474.59610794 157486.77625908 176323.4957625
 114090.32130074 203046.7150842  149231.37294155 180999.94361766
 164382.75611869 134056.5420119  125011.1276923  105960.99757077
 191933.19066017 212750.10106538 147333.56888132 221818.51822365
 195089.35856609 143838.47217885 158682.65472056 205084.68214803
 176200.42726685 135450.29698074 135344.47006755 155836.95152079
 194405.00237826 178493.74557016 192216.87744623 168679.10102292
 184432.09414792 130880.17928796 211690.10466788 162183.20894624
 180556.17419828 234639.61221907 162385.64753404 138006.45508455
 166392.42575234 157111.04916128 167520.06492254 191051.59859551
 185921.54952034 250204.05123838 249497.02149141 218981.37792728
 209908.21862959 145198.81813049 186273.80237709 198525.14580484
 128728.91245596 160330.17399617 232299.68423677 137109.5975607
 155740.79216411 211254.4727007  197735.32758998 151212.9409199
 185422.16148621 147650.71221601 200640.22468187 185254.73154402
 205045.49411728 149962.42895005 161599.16453091 143896.07414945
 170953.50967564 189166.18882604 187917.04062059 188738.34870179
 208982.6866557  237553.00628261 182173.48101863 174986.83386324
 186827.25064842 139647.91554041 155117.34907417 164150.67156094
 169940.35968653 173339.37782692 140523.07173623 259583.38380973
 144825.86277988 227615.84233641  70868.32547362 147999.38606887
 147586.51512997 157946.78663029 216889.47388749 165955.85375297
 191262.32708599 193628.88170563 125500.88042927 156341.34483152
 237613.09582483 174839.38806849 174881.07330051 134495.18615648
 173991.26835671 155509.60450075 162638.19591353 237221.63169794
 153917.89320204 189434.89946768 145355.17532434 166947.58007092
 134244.51716039 148655.20005308 148988.29099748 198597.44908111
 140592.5225218  129279.20082666 177636.55799665 177784.83839014
 154507.84919706 225485.9057416  192478.77475057 193509.29743389
 172769.22571013 171534.04828368 192624.16164199 117933.7949109
 168424.9544653  207193.46574023 153392.4104211  194155.66900436
 149697.26355013 180165.36469455 120932.05231375 185387.46588772
 212961.26683747 173428.1014425  239150.02006575 164106.25596854
 139309.47658949  94606.25776911 180009.94942966 195007.08385304
 180079.74733514 177854.26236007 214509.34059855 201238.65540442
 166978.06528396 174050.7667192  176525.58684749 233381.33704468
 211278.97048155 201435.96934975 172531.23220827 192941.35735644
 228866.03500956 109776.66345654 179068.98988949 288857.34071202
 214155.95572232 202008.25802014 207185.4115011  131517.87442636
 128231.4391328  218750.57857694 220298.04192865 213547.54723104
 141924.26082776 160159.31051911 182792.68267694 125438.68317464
 174413.60867467 220585.71227089 186774.37852832 227037.04962043
 149382.81092452 170836.77859155 166631.93679448 161198.54401377
 146619.72616376 144597.23245171 225695.47054994 140540.74027838
 174328.8047297  165252.31701004 225691.94592651 100754.63309944
 144954.07155545 191809.68603921 125354.33087118 231518.56401758
 155462.05808117 193454.7487048  143855.94653097 174810.48062984
 263966.75217546 143435.87333544 148657.8347686  172673.5305894
 188531.01467616 226766.24569723 175022.05479623 203627.69451524
 141873.04575592 125716.39401874  94166.36580929 143250.26474457
 210541.31721741 147798.631836   178455.09052081 162833.14114141
 247769.28867734 171246.634119   192843.72077016 157073.64404583
 169651.93487685 157934.9487589  166270.91409319 187453.0121942
 202959.80573407 255974.51097484 229071.57081547 100503.24437006
 169639.75347961 133052.29659698 210502.59700582  84324.18136355
 153405.59284364 161737.22945378 158805.03194178 156918.34889333
 210829.92391952 206871.02289453 182354.94874381 210092.51830145]
2025-06-11 08:09:00 INFO Expected Optimum FE: -1081.9837994003399
2025-06-11 08:09:00 INFO --- GNBG Problem Parameters for f8 ---
  Dimension: 30, MaxEvals: 500000
  Search Bounds: [-100, 100]
  Number of Components: 1
  Known Optimum Value: -656.788998
  Lambda (Curvature): [1]
  Mu (Asymmetry/Depth): [0.2 0.2]
----------------------------------------
2025-06-11 08:09:00 ERROR Can not run the algorithm
2025-06-11 08:09:00 INFO Run function 8 complete. FEHistory len: 300, AOCC: 0.0000
2025-06-11 08:09:00 INFO FeHistory: [159897.53529305 249406.97609849 152872.77881878 189453.55193505
 200268.72018895 127532.34676499 229774.10357953 148906.95136111
 183593.76538593 209405.47125374 297576.14224099 202095.3786616
 254554.07418139 257695.73083849 181185.8321142  152204.94543855
 108565.24607957 203067.11287753  84526.38390964 129157.63327236
 194382.41552034 350410.17889954 251677.38417833 180085.74148474
 145160.46071778 160954.32553684 174828.13750259 125787.7103863
  93689.96124268 207918.01906497 207438.32752955 179712.51599527
 264402.8258566  110566.46645687  58280.60627789 105236.7461933
 248169.84779234 201441.71576288 143374.4465073  145514.26080188
 173664.50281882 193613.89359735 254472.95707126 193975.9531002
 152303.81625428 235163.43951711 209574.35879146 190337.70204118
 104127.66424582 159308.89454037 258677.49368502 278519.66290974
 168120.56152672 172956.92322421 205086.25173473 145918.84347376
 182546.55390086 175907.23432339 162738.00761162 200726.15930159
 173217.23196171 176291.9966175  186484.74880857 107418.08440237
 289074.1560183  199054.23919015 171107.82271433  92406.20914543
 210734.5812181  279240.89088472 189453.06433769 226122.11795868
 228055.20717312 257608.94078603 170022.10757916 121438.78916809
 213917.64507289 125862.92256208 198380.80731318 203756.15460847
 251734.31015259 245232.54532651 231956.27393761 140553.56844359
 209558.91687909 132610.04552534 142992.60158747 150852.88087356
 199390.75164425 253901.33606175 152908.98489906 284417.01255771
 204570.81044082 267686.20807977 186951.66115538 210521.95644568
 223245.25864189 203703.90182633 133283.52353778 138007.4148495
 175321.92084145 192520.37508633 192229.64990075 134801.74012586
 141071.60633153 187645.87445918 256621.90149208 244989.74813076
  85029.75561106 168620.2835787  185607.63221094 107191.26184325
 198211.55947749 156214.22775216 190625.06606727 158885.03172837
 119845.04457118 258190.89592763 286119.26271886 215328.83225768
 218055.86370356 160290.74721446 225504.63963146 201235.73042126
 134760.9218606  160019.7207326  125939.12163133 171700.30810247
 194939.5349485  194894.32485002  91626.3696839  199592.79127999
 143122.46832645 158559.69103579 218265.06589737 199322.90913067
 196262.51548871 125002.02885508 184223.50123679 151206.80400539
 106417.02639333 270183.83470306 189892.77390444 195492.26504288
 222394.10067363 135322.42853158 156029.11709227 202026.42848658
 157709.62088578 166484.77463575 163951.69381095 130928.73311227
 174922.81317737 173524.54750827 175032.86464681 261575.64710832
 195865.27416987 163975.10659698 133308.08814663 153098.40872418
 211679.04101641 223676.03881425 199714.71085449 125810.92389011
 148226.20247902 161135.8195875  160726.34835241 201811.12416032
 168702.75427088 183386.57766142 147752.12247467 256267.08775128
 232047.49714549 182241.75697673 135177.56455209 223194.68859882
 194262.42054283 221388.76654372 259201.93679731 250271.19598394
 222815.9877443  156572.69942751 196673.84471572 154760.65589003
 258545.58665177 173214.63049454 192694.25925459 241798.71133005
 172607.45963028 213508.9396534  280741.51020762 233428.76836946
 122703.67905009 219011.56042216 123128.06182867 166501.44069764
  83491.30991124 358254.15602786 274120.5559799  247292.51692793
 232699.22150682 165434.95547645 212227.41034179 142035.91010224
 201340.0732301  144093.50341016 151788.31775172 142358.6415815
 185145.8959227  193278.51212226 230637.30355435 234703.81383821
 188216.88193924 162890.92764001 151871.30612056 138871.2528792
 298361.14572115 197548.72585769 192575.00888048 130922.22854057
 189209.44342884 198028.17240083 204739.42864994 240808.83554634
 132018.66062353 130720.39000757 130712.02053794 275779.31617517
 136475.7158694  135379.98717307 199877.56668176 150504.35123576
 303949.63473137 180481.67997763 157875.49088035 267565.44439153
 137731.70528989 201439.50154648 151698.41216139 212250.43238415
 137557.10776699 299141.11816688 116091.16031928 159825.38629449
 192953.0101862  171988.9184545  185534.06829003 233053.43441113
 141304.97154513 230019.75484798 173520.63734688 212065.89204653
 229426.00454044 201967.53371188 202684.91206685 148486.96301628
 162570.14951825 187561.37280096 272443.62877626 157674.44843491
 195610.04069633 247011.77322563 192269.59833343 159942.83250855
 258668.89764481 201726.55062634 188710.04944158 259287.95194725
 148685.95289839 162807.16059184 166205.86556707 234597.49765264
 213694.9937568  110894.18564277 148681.52361969 213096.06143899
 113250.75820051 226369.50287325 143355.38386685 164591.45892186
 199835.63462374 208242.82129181 158691.18153765 166036.75301925
 179072.80266514 160765.40882906 238675.52075447 207093.15160587
 209295.434024   199872.39816835 137271.94798486 146537.65109975
 242451.97228461 173446.99284331 285343.32656461 194733.9573116
 194453.75718148 192057.78362999 130521.4048424  143862.74415843]
2025-06-11 08:09:00 INFO Expected Optimum FE: -656.7889979935655
2025-06-11 08:09:00 INFO --- GNBG Problem Parameters for f20 ---
  Dimension: 30, MaxEvals: 1000000
  Search Bounds: [-100, 100]
  Number of Components: 5
  Known Optimum Value: -100.000000
  Lambda (Curvature): [0.25 0.25 0.25 0.25 0.25]
  Mu (Asymmetry/Depth): [0.4901829  0.25862884 0.37043014 0.37440768 0.26098797 0.491006
 0.27569772 0.45404864 0.42314776 0.27195433]
----------------------------------------
2025-06-11 08:09:00 ERROR Can not run the algorithm
2025-06-11 08:09:00 INFO Run function 20 complete. FEHistory len: 300, AOCC: 0.0723
2025-06-11 08:09:00 INFO FeHistory: [-77.35983016 -78.87134658 -74.56781128 -77.96821113 -77.87577974
 -77.50309083 -75.03314046 -80.05127147 -79.32008078 -79.5755862
 -80.03680495 -77.69471774 -76.50878021 -78.62469351 -79.70895111
 -78.65310715 -77.61312414 -74.75621418 -78.97526635 -80.13877104
 -79.40927165 -77.8124782  -74.97073882 -78.10247577 -78.28491438
 -77.91132005 -75.38424993 -80.02090937 -81.11889335 -78.34906217
 -76.29020852 -74.74626009 -78.730021   -77.84042849 -77.17683335
 -78.75396292 -76.28907552 -79.62788005 -78.18250707 -75.82611511
 -79.54389068 -78.7968531  -79.25292087 -78.20934408 -76.74417378
 -76.39536011 -77.95791377 -81.58379016 -78.57479144 -78.16471103
 -79.69246431 -78.88610355 -80.04036617 -78.41039354 -80.12236112
 -79.2220087  -76.75220637 -78.08003022 -79.43727312 -77.30130111
 -79.72683933 -76.10010489 -76.74996831 -76.07228664 -78.10850275
 -78.42493057 -81.84068587 -76.1017214  -76.91665671 -81.10888826
 -78.61657118 -79.20915462 -77.55576103 -79.14605401 -79.17857656
 -79.818325   -79.24374921 -78.17012347 -77.7900623  -75.90406573
 -76.30185092 -77.82559667 -79.78102769 -76.54515678 -80.86761842
 -79.87330161 -76.53483028 -78.84872044 -77.77509884 -76.25070699
 -78.86026097 -77.37919627 -79.22578307 -78.44876461 -78.97239105
 -80.19980556 -80.87404697 -78.07595536 -79.17387095 -75.26554805
 -76.47538071 -78.88340472 -78.54654895 -78.33632457 -76.90010411
 -79.5419274  -77.32173467 -78.20061377 -77.97612168 -77.11667591
 -80.03535794 -78.23022733 -79.73336907 -78.71276226 -81.36273726
 -77.77880375 -77.2096275  -77.44430959 -77.15479563 -77.09074064
 -80.31963998 -76.87984077 -78.34015552 -78.02842599 -79.11007637
 -79.68381863 -78.54545871 -77.39522281 -75.94644319 -77.75996947
 -76.39526083 -77.74515644 -77.28037644 -81.37852905 -78.12394312
 -78.7892898  -77.75085969 -78.58479494 -77.05203053 -76.68525247
 -79.12521082 -79.88240822 -78.10988646 -78.53039434 -77.5492159
 -76.87984876 -77.16364469 -76.91974539 -79.90800914 -78.31035602
 -75.7030166  -77.09145928 -77.00349988 -80.74048163 -79.76040141
 -76.41737874 -78.20739887 -78.47539075 -78.53551081 -77.58996799
 -77.59481912 -77.67002337 -77.43791075 -80.13092496 -77.27340712
 -77.75990502 -79.62240291 -77.79205023 -77.95675056 -79.31511648
 -78.63068014 -77.1312435  -78.90412308 -76.52889864 -77.35452712
 -77.30135068 -78.47790645 -77.21433608 -78.3223112  -77.78002998
 -80.13880984 -78.17755202 -79.83051962 -75.11707819 -76.99085686
 -78.95355812 -78.05771633 -81.30206591 -79.20888772 -80.11508383
 -80.24732584 -78.53512507 -79.63229928 -77.2859637  -78.77135082
 -78.98345432 -77.42418172 -80.40109094 -78.58943984 -78.39325767
 -78.47359378 -78.46100562 -76.21598482 -77.81319914 -79.6134217
 -78.06525952 -79.24819037 -82.30772039 -78.2380937  -76.92931403
 -77.77234816 -79.03270873 -78.17156802 -76.04328942 -77.96762014
 -77.2736877  -78.05554962 -78.78571698 -77.16813379 -79.5051304
 -76.7624152  -78.19260726 -76.47274871 -79.52695138 -77.58920008
 -80.39346874 -79.37928313 -78.03698771 -76.44161299 -74.82755922
 -75.540459   -77.16914361 -78.57605943 -75.4140867  -79.48957683
 -80.793054   -78.65176727 -77.33625057 -77.99946741 -75.53172251
 -77.77671796 -77.1390734  -77.77364126 -79.91585038 -78.38198018
 -77.33264892 -77.04011217 -77.96056213 -77.53143094 -79.96803703
 -79.18742678 -80.65710212 -77.79142616 -77.84802378 -76.33097007
 -74.32473906 -74.68434212 -78.38043795 -78.95078292 -74.62437957
 -78.36872706 -78.15363313 -77.01193883 -78.68383773 -80.89201821
 -77.18184659 -80.36061413 -76.14341835 -79.18533114 -79.30146081
 -74.86068009 -78.56865687 -76.94298177 -79.23612734 -76.89352757
 -80.28152117 -78.54454676 -78.24863204 -80.60745377 -79.34682637
 -78.08960163 -78.87280209 -78.35978521 -76.031096   -76.49065681
 -75.69558987 -77.3433649  -76.59184632 -76.9735273  -79.99879202
 -75.82465886 -78.57591507 -77.36543772 -78.68574439 -78.77979627
 -78.35632247 -78.84809577 -78.63066024 -80.15530521 -77.21009603]
2025-06-11 08:09:00 INFO Expected Optimum FE: -100
2025-06-11 08:09:00 INFO Unimodal AOCC mean: 0.0000
2025-06-11 08:09:00 INFO Multimodal (single component) AOCC mean: 0.0000
2025-06-11 08:09:00 INFO Multimodal (multiple components) AOCC mean: 0.0723
2025-06-11 08:09:00 INFO AOCC mean: 0.0241
2025-06-11 08:09:00 INFO --- GNBG Problem Parameters for f1 ---
  Dimension: 30, MaxEvals: 500000
  Search Bounds: [-100, 100]
  Number of Components: 1
  Known Optimum Value: -1081.983799
  Lambda (Curvature): [1]
  Mu (Asymmetry/Depth): [0 0]
----------------------------------------
2025-06-11 08:09:02 INFO Run function 1 complete. FEHistory len: 5000, AOCC: 0.0000
2025-06-11 08:09:02 INFO FeHistory: [198070.1994287  282263.90702929 147257.0849354  ...  20977.23318144
  29874.85478238  22984.78446263]
2025-06-11 08:09:02 INFO Expected Optimum FE: -1081.9837994003399
2025-06-11 08:09:02 INFO --- GNBG Problem Parameters for f8 ---
  Dimension: 30, MaxEvals: 500000
  Search Bounds: [-100, 100]
  Number of Components: 1
  Known Optimum Value: -656.788998
  Lambda (Curvature): [1]
  Mu (Asymmetry/Depth): [0.2 0.2]
----------------------------------------
2025-06-11 08:09:03 INFO Run function 8 complete. FEHistory len: 5000, AOCC: 0.0000
2025-06-11 08:09:03 INFO FeHistory: [143483.69073587  70594.13732268 180046.04082888 ...  17715.29886758
  16367.20755351  14889.41346425]
2025-06-11 08:09:03 INFO Expected Optimum FE: -656.7889979935655
2025-06-11 08:09:03 INFO --- GNBG Problem Parameters for f20 ---
  Dimension: 30, MaxEvals: 1000000
  Search Bounds: [-100, 100]
  Number of Components: 5
  Known Optimum Value: -100.000000
  Lambda (Curvature): [0.25 0.25 0.25 0.25 0.25]
  Mu (Asymmetry/Depth): [0.4901829  0.25862884 0.37043014 0.37440768 0.26098797 0.491006
 0.27569772 0.45404864 0.42314776 0.27195433]
----------------------------------------
2025-06-11 08:09:08 INFO Run function 20 complete. FEHistory len: 10000, AOCC: 0.0730
2025-06-11 08:09:08 INFO FeHistory: [-79.21967429 -75.81199088 -78.48594931 ... -88.86794895 -88.19745811
 -88.06318532]
2025-06-11 08:09:08 INFO Expected Optimum FE: -100
2025-06-11 08:09:08 INFO Unimodal AOCC mean: 0.0000
2025-06-11 08:09:08 INFO Multimodal (single component) AOCC mean: 0.0000
2025-06-11 08:09:08 INFO Multimodal (multiple components) AOCC mean: 0.0730
2025-06-11 08:09:08 INFO AOCC mean: 0.0243
2025-06-11 08:09:15 INFO --- GNBG Problem Parameters for f1 ---
  Dimension: 30, MaxEvals: 500000
  Search Bounds: [-100, 100]
  Number of Components: 1
  Known Optimum Value: -1081.983799
  Lambda (Curvature): [1]
  Mu (Asymmetry/Depth): [0 0]
----------------------------------------
2025-06-11 08:09:16 INFO Run function 1 complete. FEHistory len: 5000, AOCC: 0.0000
2025-06-11 08:09:16 INFO FeHistory: [144682.80440084 160245.77838575 154406.42058623 ... 206991.41678703
 155592.52215579 144546.29561324]
2025-06-11 08:09:16 INFO Expected Optimum FE: -1081.9837994003399
2025-06-11 08:09:16 INFO --- GNBG Problem Parameters for f8 ---
  Dimension: 30, MaxEvals: 500000
  Search Bounds: [-100, 100]
  Number of Components: 1
  Known Optimum Value: -656.788998
  Lambda (Curvature): [1]
  Mu (Asymmetry/Depth): [0.2 0.2]
----------------------------------------
2025-06-11 08:09:17 INFO Run function 8 complete. FEHistory len: 5000, AOCC: 0.0000
2025-06-11 08:09:17 INFO FeHistory: [182422.3567347  179497.98415313 146995.112573   ... 283383.00831605
 235660.37362123 101997.13753558]
2025-06-11 08:09:17 INFO Expected Optimum FE: -656.7889979935655
2025-06-11 08:09:17 INFO --- GNBG Problem Parameters for f20 ---
  Dimension: 30, MaxEvals: 1000000
  Search Bounds: [-100, 100]
  Number of Components: 5
  Known Optimum Value: -100.000000
  Lambda (Curvature): [0.25 0.25 0.25 0.25 0.25]
  Mu (Asymmetry/Depth): [0.4901829  0.25862884 0.37043014 0.37440768 0.26098797 0.491006
 0.27569772 0.45404864 0.42314776 0.27195433]
----------------------------------------
2025-06-11 08:09:18 INFO --- GNBG Problem Parameters for f1 ---
  Dimension: 30, MaxEvals: 500000
  Search Bounds: [-100, 100]
  Number of Components: 1
  Known Optimum Value: -1081.983799
  Lambda (Curvature): [1]
  Mu (Asymmetry/Depth): [0 0]
----------------------------------------
2025-06-11 08:09:18 INFO --- GNBG Problem Parameters for f1 ---
  Dimension: 30, MaxEvals: 500000
  Search Bounds: [-100, 100]
  Number of Components: 1
  Known Optimum Value: -1081.983799
  Lambda (Curvature): [1]
  Mu (Asymmetry/Depth): [0 0]
----------------------------------------
2025-06-11 08:09:19 INFO Run function 1 complete. FEHistory len: 5000, AOCC: 0.0000
2025-06-11 08:09:19 INFO FeHistory: [255793.43762503 171264.67889222 223307.40857916 ...  26958.61225944
  22495.85471935  19977.64788383]
2025-06-11 08:09:19 INFO Expected Optimum FE: -1081.9837994003399
2025-06-11 08:09:19 INFO --- GNBG Problem Parameters for f8 ---
  Dimension: 30, MaxEvals: 500000
  Search Bounds: [-100, 100]
  Number of Components: 1
  Known Optimum Value: -656.788998
  Lambda (Curvature): [1]
  Mu (Asymmetry/Depth): [0.2 0.2]
----------------------------------------
2025-06-11 08:09:19 INFO Run function 1 complete. FEHistory len: 5000, AOCC: 0.0000
2025-06-11 08:09:19 INFO FeHistory: [173935.99199833 175782.80363138 160002.94907531 ...  30497.51854428
  30502.05245432  29901.31436564]
2025-06-11 08:09:19 INFO Expected Optimum FE: -1081.9837994003399
2025-06-11 08:09:19 INFO --- GNBG Problem Parameters for f8 ---
  Dimension: 30, MaxEvals: 500000
  Search Bounds: [-100, 100]
  Number of Components: 1
  Known Optimum Value: -656.788998
  Lambda (Curvature): [1]
  Mu (Asymmetry/Depth): [0.2 0.2]
----------------------------------------
2025-06-11 08:09:19 INFO Run function 8 complete. FEHistory len: 5000, AOCC: 0.0000
2025-06-11 08:09:19 INFO FeHistory: [180459.11740659 240851.20904655 134180.85321869 ...  29858.09432737
  21426.1040367   36393.51688839]
2025-06-11 08:09:19 INFO Expected Optimum FE: -656.7889979935655
2025-06-11 08:09:19 INFO --- GNBG Problem Parameters for f20 ---
  Dimension: 30, MaxEvals: 1000000
  Search Bounds: [-100, 100]
  Number of Components: 5
  Known Optimum Value: -100.000000
  Lambda (Curvature): [0.25 0.25 0.25 0.25 0.25]
  Mu (Asymmetry/Depth): [0.4901829  0.25862884 0.37043014 0.37440768 0.26098797 0.491006
 0.27569772 0.45404864 0.42314776 0.27195433]
----------------------------------------
2025-06-11 08:09:20 INFO Run function 8 complete. FEHistory len: 5000, AOCC: 0.0000
2025-06-11 08:09:20 INFO FeHistory: [228298.81526812 191799.07813702 196964.6012388  ...  42155.70474082
  36886.74472831  42422.53199014]
2025-06-11 08:09:20 INFO Expected Optimum FE: -656.7889979935655
2025-06-11 08:09:20 INFO --- GNBG Problem Parameters for f20 ---
  Dimension: 30, MaxEvals: 1000000
  Search Bounds: [-100, 100]
  Number of Components: 5
  Known Optimum Value: -100.000000
  Lambda (Curvature): [0.25 0.25 0.25 0.25 0.25]
  Mu (Asymmetry/Depth): [0.4901829  0.25862884 0.37043014 0.37440768 0.26098797 0.491006
 0.27569772 0.45404864 0.42314776 0.27195433]
----------------------------------------
2025-06-11 08:09:23 INFO Run function 20 complete. FEHistory len: 10000, AOCC: 0.0724
2025-06-11 08:09:23 INFO FeHistory: [-76.33303443 -79.06833345 -78.09014161 ... -86.4543105  -86.83337233
 -88.33900006]
2025-06-11 08:09:23 INFO Expected Optimum FE: -100
2025-06-11 08:09:23 INFO Unimodal AOCC mean: 0.0000
2025-06-11 08:09:23 INFO Multimodal (single component) AOCC mean: 0.0000
2025-06-11 08:09:23 INFO Multimodal (multiple components) AOCC mean: 0.0724
2025-06-11 08:09:23 INFO AOCC mean: 0.0241
2025-06-11 08:09:23 INFO Run function 20 complete. FEHistory len: 10000, AOCC: 0.0743
2025-06-11 08:09:23 INFO FeHistory: [-79.19748526 -78.39051098 -77.26769424 ... -84.06733113 -84.97017568
 -84.75096351]
2025-06-11 08:09:23 INFO Expected Optimum FE: -100
2025-06-11 08:09:23 INFO Unimodal AOCC mean: 0.0000
2025-06-11 08:09:23 INFO Multimodal (single component) AOCC mean: 0.0000
2025-06-11 08:09:23 INFO Multimodal (multiple components) AOCC mean: 0.0743
2025-06-11 08:09:23 INFO AOCC mean: 0.0248
2025-06-11 08:09:26 INFO Run function 20 complete. FEHistory len: 10000, AOCC: 0.0736
2025-06-11 08:09:26 INFO FeHistory: [-77.5115228  -75.408388   -78.19712266 ... -75.31557542 -76.88845015
 -78.50772416]
2025-06-11 08:09:26 INFO Expected Optimum FE: -100
2025-06-11 08:09:26 INFO Unimodal AOCC mean: 0.0000
2025-06-11 08:09:26 INFO Multimodal (single component) AOCC mean: 0.0000
2025-06-11 08:09:26 INFO Multimodal (multiple components) AOCC mean: 0.0736
2025-06-11 08:09:26 INFO AOCC mean: 0.0245
2025-06-11 08:09:33 INFO --- GNBG Problem Parameters for f1 ---
  Dimension: 30, MaxEvals: 500000
  Search Bounds: [-100, 100]
  Number of Components: 1
  Known Optimum Value: -1081.983799
  Lambda (Curvature): [1]
  Mu (Asymmetry/Depth): [0 0]
----------------------------------------
2025-06-11 08:09:34 INFO Run function 1 complete. FEHistory len: 5000, AOCC: 0.0000
2025-06-11 08:09:34 INFO FeHistory: [150496.2195604  141049.08880218 199704.21901338 ... 128642.4256325
 226406.60499082 150696.06547297]
2025-06-11 08:09:34 INFO Expected Optimum FE: -1081.9837994003399
2025-06-11 08:09:34 INFO --- GNBG Problem Parameters for f8 ---
  Dimension: 30, MaxEvals: 500000
  Search Bounds: [-100, 100]
  Number of Components: 1
  Known Optimum Value: -656.788998
  Lambda (Curvature): [1]
  Mu (Asymmetry/Depth): [0.2 0.2]
----------------------------------------
2025-06-11 08:09:34 INFO Run function 8 complete. FEHistory len: 5000, AOCC: 0.0000
2025-06-11 08:09:34 INFO FeHistory: [135158.4129656  255227.49003759 203857.9077732  ... 283936.14386489
 260942.2923723  131815.86258821]
2025-06-11 08:09:34 INFO Expected Optimum FE: -656.7889979935655
2025-06-11 08:09:34 INFO --- GNBG Problem Parameters for f20 ---
  Dimension: 30, MaxEvals: 1000000
  Search Bounds: [-100, 100]
  Number of Components: 5
  Known Optimum Value: -100.000000
  Lambda (Curvature): [0.25 0.25 0.25 0.25 0.25]
  Mu (Asymmetry/Depth): [0.4901829  0.25862884 0.37043014 0.37440768 0.26098797 0.491006
 0.27569772 0.45404864 0.42314776 0.27195433]
----------------------------------------
2025-06-11 08:09:35 INFO --- GNBG Problem Parameters for f1 ---
  Dimension: 30, MaxEvals: 500000
  Search Bounds: [-100, 100]
  Number of Components: 1
  Known Optimum Value: -1081.983799
  Lambda (Curvature): [1]
  Mu (Asymmetry/Depth): [0 0]
----------------------------------------
2025-06-11 08:09:35 INFO --- GNBG Problem Parameters for f1 ---
  Dimension: 30, MaxEvals: 500000
  Search Bounds: [-100, 100]
  Number of Components: 1
  Known Optimum Value: -1081.983799
  Lambda (Curvature): [1]
  Mu (Asymmetry/Depth): [0 0]
----------------------------------------
2025-06-11 08:09:36 INFO Run function 1 complete. FEHistory len: 5000, AOCC: 0.0000
2025-06-11 08:09:36 INFO FeHistory: [192451.3435973  148337.36163635 217388.5758642  ...  25045.87738443
  28252.41525655  29107.26931998]
2025-06-11 08:09:36 INFO Expected Optimum FE: -1081.9837994003399
2025-06-11 08:09:36 INFO --- GNBG Problem Parameters for f8 ---
  Dimension: 30, MaxEvals: 500000
  Search Bounds: [-100, 100]
  Number of Components: 1
  Known Optimum Value: -656.788998
  Lambda (Curvature): [1]
  Mu (Asymmetry/Depth): [0.2 0.2]
----------------------------------------
2025-06-11 08:09:36 INFO Run function 1 complete. FEHistory len: 5000, AOCC: 0.0000
2025-06-11 08:09:36 INFO FeHistory: [194104.38506833 167067.01771818 132951.56447766 ...  26089.6409148
  30324.70420265  29830.48425807]
2025-06-11 08:09:36 INFO Expected Optimum FE: -1081.9837994003399
2025-06-11 08:09:36 INFO --- GNBG Problem Parameters for f8 ---
  Dimension: 30, MaxEvals: 500000
  Search Bounds: [-100, 100]
  Number of Components: 1
  Known Optimum Value: -656.788998
  Lambda (Curvature): [1]
  Mu (Asymmetry/Depth): [0.2 0.2]
----------------------------------------
2025-06-11 08:09:37 INFO Run function 8 complete. FEHistory len: 5000, AOCC: 0.0000
2025-06-11 08:09:37 INFO FeHistory: [156245.03457529 248278.93943201 137082.30518463 ...  38168.65356073
  41798.40811705  30102.5829879 ]
2025-06-11 08:09:37 INFO Expected Optimum FE: -656.7889979935655
2025-06-11 08:09:37 INFO --- GNBG Problem Parameters for f20 ---
  Dimension: 30, MaxEvals: 1000000
  Search Bounds: [-100, 100]
  Number of Components: 5
  Known Optimum Value: -100.000000
  Lambda (Curvature): [0.25 0.25 0.25 0.25 0.25]
  Mu (Asymmetry/Depth): [0.4901829  0.25862884 0.37043014 0.37440768 0.26098797 0.491006
 0.27569772 0.45404864 0.42314776 0.27195433]
----------------------------------------
2025-06-11 08:09:37 INFO Run function 20 complete. FEHistory len: 10000, AOCC: 0.0722
2025-06-11 08:09:37 INFO FeHistory: [-79.89569581 -76.90113595 -79.29321009 ... -78.75555552 -78.90411265
 -79.4176936 ]
2025-06-11 08:09:37 INFO Expected Optimum FE: -100
2025-06-11 08:09:37 INFO Unimodal AOCC mean: 0.0000
2025-06-11 08:09:37 INFO Multimodal (single component) AOCC mean: 0.0000
2025-06-11 08:09:37 INFO Multimodal (multiple components) AOCC mean: 0.0722
2025-06-11 08:09:37 INFO AOCC mean: 0.0241
2025-06-11 08:09:37 INFO Run function 8 complete. FEHistory len: 5000, AOCC: 0.0000
2025-06-11 08:09:37 INFO FeHistory: [293526.12852396 232838.39358461 144095.29166536 ...  34304.50441262
  29647.77574343  33027.2990325 ]
2025-06-11 08:09:37 INFO Expected Optimum FE: -656.7889979935655
2025-06-11 08:09:37 INFO --- GNBG Problem Parameters for f20 ---
  Dimension: 30, MaxEvals: 1000000
  Search Bounds: [-100, 100]
  Number of Components: 5
  Known Optimum Value: -100.000000
  Lambda (Curvature): [0.25 0.25 0.25 0.25 0.25]
  Mu (Asymmetry/Depth): [0.4901829  0.25862884 0.37043014 0.37440768 0.26098797 0.491006
 0.27569772 0.45404864 0.42314776 0.27195433]
----------------------------------------
2025-06-11 08:09:40 INFO Run function 20 complete. FEHistory len: 10000, AOCC: 0.0734
2025-06-11 08:09:40 INFO FeHistory: [-76.64967107 -79.95518953 -77.25112881 ... -86.54189172 -85.63987195
 -87.44075374]
2025-06-11 08:09:40 INFO Expected Optimum FE: -100
2025-06-11 08:09:40 INFO Unimodal AOCC mean: 0.0000
2025-06-11 08:09:40 INFO Multimodal (single component) AOCC mean: 0.0000
2025-06-11 08:09:40 INFO Multimodal (multiple components) AOCC mean: 0.0734
2025-06-11 08:09:40 INFO AOCC mean: 0.0245
2025-06-11 08:09:41 INFO Run function 20 complete. FEHistory len: 10000, AOCC: 0.0743
2025-06-11 08:09:41 INFO FeHistory: [-79.66185905 -81.93090533 -76.21311361 ... -86.46483658 -86.61744722
 -83.13145904]
2025-06-11 08:09:41 INFO Expected Optimum FE: -100
2025-06-11 08:09:41 INFO Unimodal AOCC mean: 0.0000
2025-06-11 08:09:41 INFO Multimodal (single component) AOCC mean: 0.0000
2025-06-11 08:09:41 INFO Multimodal (multiple components) AOCC mean: 0.0743
2025-06-11 08:09:41 INFO AOCC mean: 0.0248
2025-06-11 08:09:49 INFO --- GNBG Problem Parameters for f1 ---
  Dimension: 30, MaxEvals: 500000
  Search Bounds: [-100, 100]
  Number of Components: 1
  Known Optimum Value: -1081.983799
  Lambda (Curvature): [1]
  Mu (Asymmetry/Depth): [0 0]
----------------------------------------
2025-06-11 08:09:50 INFO Run function 1 complete. FEHistory len: 5000, AOCC: 0.0000
2025-06-11 08:09:50 INFO FeHistory: [183711.2038044  254148.30633223 210270.6376413  ... 193621.8408855
 195856.23873238 182420.5874776 ]
2025-06-11 08:09:50 INFO Expected Optimum FE: -1081.9837994003399
2025-06-11 08:09:50 INFO --- GNBG Problem Parameters for f8 ---
  Dimension: 30, MaxEvals: 500000
  Search Bounds: [-100, 100]
  Number of Components: 1
  Known Optimum Value: -656.788998
  Lambda (Curvature): [1]
  Mu (Asymmetry/Depth): [0.2 0.2]
----------------------------------------
2025-06-11 08:09:50 INFO Run function 8 complete. FEHistory len: 5000, AOCC: 0.0000
2025-06-11 08:09:50 INFO FeHistory: [128872.98624787 241103.43817545 189520.05685003 ... 120397.90245289
 207713.60494611 225009.77473991]
2025-06-11 08:09:50 INFO Expected Optimum FE: -656.7889979935655
2025-06-11 08:09:50 INFO --- GNBG Problem Parameters for f20 ---
  Dimension: 30, MaxEvals: 1000000
  Search Bounds: [-100, 100]
  Number of Components: 5
  Known Optimum Value: -100.000000
  Lambda (Curvature): [0.25 0.25 0.25 0.25 0.25]
  Mu (Asymmetry/Depth): [0.4901829  0.25862884 0.37043014 0.37440768 0.26098797 0.491006
 0.27569772 0.45404864 0.42314776 0.27195433]
----------------------------------------
2025-06-11 08:09:51 INFO --- GNBG Problem Parameters for f1 ---
  Dimension: 30, MaxEvals: 500000
  Search Bounds: [-100, 100]
  Number of Components: 1
  Known Optimum Value: -1081.983799
  Lambda (Curvature): [1]
  Mu (Asymmetry/Depth): [0 0]
----------------------------------------
2025-06-11 08:09:52 INFO --- GNBG Problem Parameters for f1 ---
  Dimension: 30, MaxEvals: 500000
  Search Bounds: [-100, 100]
  Number of Components: 1
  Known Optimum Value: -1081.983799
  Lambda (Curvature): [1]
  Mu (Asymmetry/Depth): [0 0]
----------------------------------------
2025-06-11 08:09:52 ERROR Can not run the algorithm
2025-06-11 08:09:52 INFO Run function 1 complete. FEHistory len: 600, AOCC: 0.0000
2025-06-11 08:09:52 INFO FeHistory: [125082.15898382 165014.8352936  219602.32356673 142790.93845737
 155549.60096701 194729.07198574 144322.86295244 151509.39463738
 176016.52804242 173153.63607948 166776.14662111 157878.28382918
 168014.08905445 158693.97655221 236973.72850004 230955.98744733
 147367.04353421 166676.18806405 226435.00791471 151884.39258232
  91812.94345867 147931.81463542 137333.78183416 230411.1073477
 162620.96566952 142685.8026082  185498.19997584 181762.62259945
 181975.77544776 167673.75454074 170337.17604199 173684.32416636
 128881.33180026 179572.66912331 129598.19356439 176980.28607202
 216349.02223839 201369.54282891 202458.86655068 151605.38362055
 109760.14449554 168304.82465626 203536.53920407 172827.0551097
 139970.5589561  187948.07719351 173746.45459895 197007.026433
 158069.42459101 147414.4064175  140942.37324166 157491.8360669
 166654.68829798 200665.5130783  211125.35908866 158391.45740504
 170448.54350644 130016.66312515 288241.85095343 186934.42897259
 117266.89138097 170054.81743068 182467.22760163 163674.54142258
 186498.2587875  157004.00490752 232565.53571952 182887.81963036
 164196.32444439 157895.01611842 232417.29815713 145895.54109924
 149831.66347304 185864.82111247 151971.19041845 197581.47347041
 141782.50707841 197599.46348028 137349.40320269 156923.82433432
 187046.63309606 171265.64267854 149583.81313827 188468.92431665
 218015.47411553 167198.02503035 227723.42054736 167887.10529391
 190915.55350762 151281.32129875 190371.23037692 150763.20061525
 178478.45881904 132161.60355546 186361.68785143 192877.93726431
 141015.01192398 155408.7331159  236752.75133802 154972.94476527
 172614.13795554 129474.219611   175659.94176355 114897.75970297
 211266.97461883 187245.83850348 163236.77770109 161328.03859107
 102477.0563542  206770.73192588 123662.6967467  159463.70218624
 184643.90182111  80318.12240204 134944.60610604  99230.73265588
 180384.41071359 171362.59532202 129874.77252315 158140.97981328
 157354.69266807 116652.89936154 155031.54274568 190192.44380515
 125251.90097827 174641.93641469 210656.34093163 207634.51680922
 149940.45511279 158530.11680905 181779.64047139 156096.50015368
 191686.74970284 118998.81344232 139681.74855534 227865.37753368
 225056.59479139 134888.71348876 171707.7962474  180243.25997485
 227940.14076952 183897.97817057 119636.9543913  168635.05966141
 215702.91736908 127942.87412288 150929.0618195  141487.43069239
 237569.40016316 217228.4495556  167717.11231553 133122.40449464
 131801.77597365 159184.74664917 203000.73387437 162595.5314137
 105852.35784468 141346.76576807 162401.49481058 201454.90512422
 197118.52841363 169490.38201    202245.19357804 129669.09061801
 172487.43087954 197979.73719357 172257.81370903 127094.63238009
 198972.66915883 154964.05495801 154275.93904299 201199.49404034
 159936.17670841 180155.81087043 174815.35660935 195589.681485
 176082.74026054 141071.82674934 153233.71061587 143698.14306168
 205252.39338689 182848.35154743 187510.75391133 136683.10832163
 187062.22833033 219395.30644142 204196.45963395 128586.85709799
 138014.07662883 166642.66751401 194275.63773616 214103.16367668
 154558.35833878 209079.41079739 145133.07601281 146210.32213497
 164170.51993398 142601.21934943 180995.97362385 222538.19715763
 198848.35256443 170330.06352505 162264.99727868 190186.68037042
 218153.0635128  116518.47479018 149392.87419913 113740.93537471
 179765.8229295  189036.84158572 176589.37582296 219658.39028936
 157873.43672595 111047.97512611 165029.25021987 114982.28763057
 151699.68677176 158677.69049548 140570.00750351 226088.91160322
 153294.04350043 191027.50239086 148489.57895066 190858.68928704
 122259.63228622 186081.61655282 224654.11091929 178445.9747994
 181616.46740314 208961.21888927 176251.46200289 216151.06808753
 166993.17890717 141491.15995783 149558.99485166 144762.19138013
  87267.45011696 141576.63742086 226725.16159087 147498.96569184
 132631.54337481 185076.67251006 178841.25190016 166467.06624287
 203624.99399228 216890.44002667 226130.58650877 210956.62332962
 187972.60915958 164815.70081014 180593.38670206 184332.29700956
 191388.07354339 156404.49728773 205746.08976611 171896.09758193
 140939.07935296 160741.53206228 154978.26051509 219937.01128543
 174523.90943163 155934.41360537 115091.48448996 149776.36009493
 154207.62697305 158744.62744746 199678.05040208 164723.38826587
 158609.12028039 216710.28803155 227644.80661747 152059.22977944
 267885.77947927 176669.60203114 156022.25242185 147110.78602924
 189049.61636937 228101.54724978 201659.00526414 204841.02328971
 182366.05308036 185285.95667499 133942.02274746 146173.33340482
 196600.3789551  171089.17347188 150898.2562625  130838.55789874
 185655.91554535 186668.51830147 186293.59631851 192972.30937125
 148177.54439737 188524.99002784 166142.09332363 179154.91222439
 182056.76267084 165610.22052492 132107.15169895 160364.28615702
 126272.07563484 133141.07468256 134691.21581385 132019.94329974
 110105.26487927 146931.20673178 148399.73994682 123901.62333714
 147485.71141846 143200.4650232  122442.29687734 170641.54663283
 117014.60663685 147659.03207717 165656.26457826 205423.51097795
  99509.96898146 148993.65308404 146217.63324169 203322.12596803
  97282.18265988 143132.11730494 151510.24696184 155491.73863511
 145687.02220206 112069.2573837  211463.27542427 128156.13156272
 155290.19609986 127998.70832009 150211.13829546 108931.62771185
 154897.86771716 163443.84882758 153017.07282441 114233.97220776
 196376.29831195 106593.57805506 131050.57162943 138877.04265184
  95602.74434638 135363.93667012 115146.45804842 158493.42179177
  71982.05146455 121011.91367651 106655.25686168  95524.27773753
 153448.37680015 144269.20340826 142472.00260855  99972.20148219
 148033.48285134  79291.30476826 176388.34437515 134084.3331215
 123050.10204053 127982.63067135 162295.41737907  84092.75938693
 143569.71999331 141430.15520426 100211.96283679 111280.17297749
 138962.26192523 147398.55586814 124285.96352314 126069.31897349
 123416.23398092 148236.98444292 113841.64609763  99709.48764161
 105933.71163768  90376.79145267 155070.27678035 107909.0673008
 155788.41744642 128005.00376764 159930.90250195 107574.20398204
 180070.71826173 125938.70335813 142290.4523494  117835.93711359
 130618.0292526  157751.36247662 157578.41656399 114754.68122567
 154506.69929815 156259.49132603 123942.22489813  86789.04708169
 138273.54793293 165823.43469519 123746.40697887 155267.05187354
 130381.90342208 144907.2738066  117183.15757537  99329.66177484
 126842.42931528  83744.5993241  160468.22262643 183249.39669416
 154269.86183242 177180.27779913 140105.42725688 102794.1785211
 106581.79594476 104388.56685877 106808.1425105  162717.23276282
 116468.43241927  64075.22818045  99467.71752809  99542.72721318
  99896.91404214 101865.63937847 138253.85458069 101898.65472828
 149135.38352872 125492.64629805 159827.10554591 162852.14529775
 108613.92753962 184988.02361309 142452.74731301 150601.6235614
 144767.40501866 136461.83721877 145300.70066499 184744.46857884
 133019.43525911  97306.36454311 127686.81511451 189047.24438302
 159393.47980084 145077.21621243 149657.49402512 154316.01877149
 129302.19113822 108150.5420671  118769.95940678 207022.05182019
 140829.06551249 111323.02121164 123068.91187075 118043.34408047
 130507.09785364 158930.36007268 135362.74497053 147991.6330288
 146880.56788128 106869.04118586 128154.80615598 114677.01146222
 111163.4510047   86433.19467905 112631.16007014 157458.06562057
 124682.30985493 103270.81454024 207685.17480667 102542.13531985
 111435.12479891 127187.50728473 112080.16504631 127468.20977434
 123586.23797461  86058.21733291 124257.67256547 115467.02810675
 152522.94108954 153727.64663558 128977.87734476 112204.58838781
 176622.71830252 127765.15724444 160473.04399992 127016.54533371
 134770.81100151 158821.55803098 134490.64805887 101787.71306761
 167944.41991437 142198.10603528 142724.42486382 111234.26347955
 133411.60132355 121957.21188037 111843.79775009 176904.74847341
 170000.9576345  144754.9669894  116677.60198114 145010.5583724
 149816.76454693 137805.74588357  97328.9136343  123295.64766365
 187790.25225728 113001.41019366  85124.6392429  142358.89327617
 140842.80208016 101319.02909316 124285.40334283 155834.88748669
 136231.50052546 114695.38635414 123680.15270572 105111.54137139
 129131.58427374 131437.78276046 139608.01810534 114207.79666095
 127267.13066532 139966.69379261  98883.62926286 118100.99697636
 150081.67679707 213434.91362552 105315.62596467 128588.53985108
 131896.92273112 136464.10614603 148095.65909994 136418.04942859
 115230.96419125 159096.63622895 118397.34538644 114117.88880236
 148994.30010038 106076.37437133 117482.00120795 129843.84039666
  86464.68037887 153697.77331634 142706.00273164 181720.77650841
 103167.04664534 130885.46176386 159563.51554758 161164.22567145
 165907.29240767 112837.75196785 167814.19933023 254738.91693288
 109404.28426554 126334.91114784 175076.58346972 151015.54851776
 145539.39818002 131137.99502387 189791.83169833 147345.72941033
 109708.16519567 162089.78048549 137492.8260598  199400.37369159
 139737.41712062 104467.35169491 119919.64626316 139767.18872964
 113454.7435453  136845.49252999  86406.81933053 133522.01283269
 111241.33144868 128954.25123968 152830.37153718 182439.08634177
  87669.74145567 131239.81641329 126029.25989671 107287.39319902
 147941.96098992 161836.76954146 152265.28682807 179374.49395945
 155105.10940196 175767.16751118 134741.93754086 152979.60629131
  99681.3795181  119883.64699054 116904.41461586  82616.06725196
 145203.14543139 166677.85096262 113423.39069519 136098.99531748
 123980.54424522 121469.05316872 132073.74979674 164628.6532298
 104949.84718436 118102.94384763 135874.65003193 202269.88828573]
2025-06-11 08:09:52 INFO Expected Optimum FE: -1081.9837994003399
2025-06-11 08:09:52 INFO --- GNBG Problem Parameters for f8 ---
  Dimension: 30, MaxEvals: 500000
  Search Bounds: [-100, 100]
  Number of Components: 1
  Known Optimum Value: -656.788998
  Lambda (Curvature): [1]
  Mu (Asymmetry/Depth): [0.2 0.2]
----------------------------------------
2025-06-11 08:09:52 ERROR Can not run the algorithm
2025-06-11 08:09:52 INFO Run function 8 complete. FEHistory len: 600, AOCC: 0.0000
2025-06-11 08:09:52 INFO FeHistory: [147598.52893975 204051.77051838 222428.60315488 168400.8470255
 189669.68301141 134186.22105438 215149.53750506 227697.99444607
  95993.93907084 107302.49493642 164359.93275034 193787.02147559
 146972.57966713 206429.29664071 235392.47613364 149287.86229331
 128027.63004253 181929.42696871 230718.15944252 212006.09299687
 247131.00321818 202090.08535523 142452.67408275 156747.65522546
 215588.24894724 243748.54587159 129974.08984223 112523.48047256
 222395.79628233 191042.79086035 174706.908484   171361.28012422
 268734.00986766 236487.60193009 254323.82933401 131298.45463655
 207716.14955918 154419.12145812 193833.09111668 258439.81319546
 225642.35567497 143432.14940628 123857.65296655 165103.16548875
 193653.74217731 149740.70414722 158630.554335   157163.08839839
 218566.46038106 148618.37912502 214773.33607116 229753.63551341
 158365.21399659 177167.36426236 150395.07019779 283283.91394029
 202068.40958071 253076.87010009 156170.6814684  176580.56235274
 128515.88574258 123926.12831844 178154.56416852 119119.19771219
 155769.53988599 137926.04957098 248080.60046876 200279.51627262
 271454.90991006 148961.52087277 288818.84352669 137291.79774421
 247748.52217422 189968.35279396 174205.11475696 227884.49028346
 186216.02603061 170482.36818116 203265.04982894 295797.13174906
 186639.30339011 140199.43847461 166433.46241863 207403.38859352
 136980.0187511  175123.75105584 249063.33852241 218365.87221861
 159320.92319995 253926.66277922 203717.42756721 201597.61476177
 253890.63949618 204767.80524187 160377.81614642 291438.95979698
 181208.83238675 184848.91765951 182907.38678185 233069.33606492
 197430.50451888 218648.0730785  101785.31772424 129093.76742877
 140653.17544102 251708.39478908 144055.67681784 242801.94615437
 237141.02015662 176925.92211809 187263.50159371 192775.28411619
 184227.54956123 229822.37318988 131357.07072154 175497.25251808
 154567.30661497 139945.11339113 109211.70283123 171980.87547305
 140369.53791356 158863.1242005  151143.35110049 182597.06039365
 138698.01455132 179352.85273551 178927.15742912 187900.35128274
 171028.66014997 223947.73736747 130236.58935925 267331.73432625
 222250.26701348 121634.37726774 165771.98026465 121668.17264491
 236485.1845625  119138.83830159 168324.25782974 244597.42251868
 144134.38494524 250741.12203487 123158.98378444 220302.23620339
 147173.84676426 252133.30037182 303558.17538029 148270.49264695
 181131.21076233 234458.45002743 135394.62001653 200492.71661134
  91861.06058888 179826.54056874 117199.5839301  119757.13071236
 161444.07595406 279250.28040764 219911.64064074 235036.43010409
 194807.73901627 179649.30694887 174512.21319292 180647.91938973
 230907.89340888 125406.07653861 186029.05123799 175012.0938664
 159456.79802759 234351.12235832 143912.7684157  132841.04035791
 174598.9587503  121115.50014471 193519.12930198 145461.15196328
 205223.04535151 142641.29438333 204769.67504852 203608.3751384
 219856.25865099 235742.66944873 180288.88200487 220143.57294209
 165150.1215073  242108.24880143 227529.95914849 116756.87022237
 186579.5095098  185271.83503463 215686.3698901  140453.60239785
 134598.28467568 235714.64885732 123911.85222935 305843.89497962
 147927.54408147 151871.37202804 308124.46845639 191727.70885754
 280002.35407265 209205.24013135 171058.71000147 272214.01325161
 224082.58144573 207637.93751227 240873.30095624 153672.88380849
 105218.19241703 122618.16204993 235437.84776999 179727.72639794
 185749.84855945 159509.93038226  99545.70011772 187140.55535226
 210197.18516696 193716.68237438 105227.28130945 253151.70197854
 175703.8466046  190465.40759155 227850.01052646 105309.95061694
 215685.39324508 187626.09903934 177331.2745265  169710.97446194
 143434.84525038 207789.86624111 246313.663902   189638.18958523
 157774.2148899  157045.32554183 186276.44930284 138136.56600001
 150283.34662741 114973.62519485 233579.33012677 188308.87473998
 184481.95061897 274182.71854753 228944.80705992 115354.56696056
 253425.55366032 153753.27497314 280866.55540615 276803.26785146
 248023.91567887 188060.63057301 199770.36823144 247558.05761051
 191088.25477252 193949.93341561 201958.83876344 159549.78044522
 197347.16036673 167753.78221067 205714.26114334 268412.24105375
 178294.86054706 220504.67547396 195925.05222559 250057.42102303
 224440.18385646 298767.75520827 237002.61058982 147737.10790694
 135529.95310143 206447.528533   204161.32279448 264954.84212467
 177591.66963071 172525.14140189 177381.49426083 130654.79915994
 278255.73673208 133795.86509722 235956.4696408  215363.04441405
 179509.42587046 154502.15573953 176745.55926317 133619.0288502
 283284.84489219 210228.11520806 168283.90777454 105078.48918623
 162433.81510088 224078.46125431 192183.45134048 240879.46547604
 250565.31070664 109468.40076255 135634.13986317 228142.49960646
 183766.90218332 226795.6167729  278437.20100771 135321.58798292
  91251.72190933  69297.38915895 159685.20634931 144722.83198298
 157468.46304715 132397.45004619 143226.56250021 178443.73165533
 114601.597084    74736.30425626 147300.01932152 187017.36078918
  98624.08517899 148375.6628613  160957.84951074 125989.89535165
 170512.86244866 107093.34677478 137597.69018314 116844.80187592
 128924.15652182 136921.47374109  77068.79268611 123680.60976258
  96315.31582236 204898.51176576 134903.32478664 116819.1904025
 146398.09249639 163354.81130811 127425.51562649 134939.76543852
 192403.57460614 135649.96405501 241343.22226317 100954.75714963
 218538.1273339  248772.30935497 219338.65729884 156547.49033187
  62354.2056258  105189.27086478 148228.59759365 117489.00943168
 154613.40518723 161851.75086536 153701.35903441 201865.65197964
 182198.6911354  218409.97499512 143806.69483035 175134.89564651
 154770.45153575 116194.22901681 149478.94157118 148001.86489753
 180838.37562372 106166.3703402  166914.56608748  97698.72999954
 194522.41268147  79701.46759536 135486.38408463 100752.89800162
 166234.53969275 110837.01277426 130297.79939815 231243.58205498
  98645.69655414 149481.00417169 133249.40036933  87847.39118794
 209732.42343381 193224.84787822 147154.99203262 270449.07070642
 116396.80214926 249552.4049126  144910.50672863 207055.16528675
 156865.27938082 126355.07770611 129947.42674296 214302.15604583
 134134.46602172 195856.14459547 157605.48921722 137226.11659052
 109578.08866389 164793.51575407 139790.91619255 144836.1485177
 144887.06525628 296241.94917524 159450.17030031 308599.94383994
 253911.13213252 140165.47594385 145942.95557711 147719.76635317
 145726.60683982 161777.48140574 109659.69205956 111999.0016533
 184439.47523324 136484.83972517 144819.65994351 150628.96512638
 197627.29484045 139928.6381487  164056.38404622 181125.0257947
 138256.18363362 183381.60603352 126283.27605533 145439.7176912
 153988.19622451 143809.67370731 169794.96239356 121591.04766241
 112204.63229647 171360.11414965 135876.6004126  143208.97460856
 174431.73531672 175614.06689222 185006.38039942 154216.97402451
 125807.04666536 147639.77861269 158118.35834051  96343.97725036
  71167.68914852 200036.47930657 184652.44592839 140799.43384351
 170199.21561544  90263.89823041 213854.73233627 142596.87862524
  85711.54710086 172555.72150076 156660.13519545 164324.67538946
 124696.9136053  225917.20281463 214186.74118895 123291.33005813
 207088.08621751 172459.02275922 167986.30606159 166938.6101288
  93815.71171328  82303.48777003 132495.04846473 207509.30724651
 190544.35570559 217985.87573709 161840.82313512 135818.51547869
 151609.87106201 118831.60629089 206590.68027845  88178.80799854
 220020.37353682 130408.98003177  96733.99798679 106422.26254735
 199972.84513882  99815.2607625  103287.39187224  96827.07338736
 164309.44370916 107667.69782196  96305.06053508  95256.18417054
 184380.68954324 115475.92304011 105649.88876348 141482.05463761
 175818.10090665 171365.77050541 224837.1298336  112209.69518435
 164624.60176068 117434.98454564  94893.3049426  129032.18686191
 155296.73984713 147466.76880601 170083.93152186 126073.10079463
 156139.53477451 192312.95129532  82755.67771622 128196.38219346
 122623.54868759 130959.35636746 209896.56596738 163417.21268638
 187970.1733661  152707.88308161 122118.80875451 254880.26526452
 195869.42447446 167279.35377393 143541.36594794 178588.43951505
 201560.66126947 119144.90151468 150664.94441918 179314.07861061
 134732.86193098  93267.14781992  90531.39760559 164668.1051028
 185006.94454065  91390.87921603 157232.39865724 157045.74854899
 144292.28060697 169368.21241332 115963.26294725 137842.96981212
 152474.11680287 158865.74396984 124195.61428488 110995.65014845
  66764.95167233 154869.49468071 182896.15234661 131867.13314215
 109639.33262306 123235.82097179 114722.76819498 136928.91539588
 157100.62507844 129440.86998158 166470.59710444 134334.31416699
 152207.37735038 230755.94886922 205985.41137481 107905.05378938
 129888.72408216 158703.12948186 103808.78384324 238021.73901524
 136052.50475983 163055.98733018 170640.93630767 108125.6014883
 103390.18814144 169680.70444547 171488.59861487  99690.36870729
  99311.05248474 182628.42874611  92219.04017469 211456.5531962
 126359.29436091 181119.18220958 131091.56862119 160222.82556581
  90630.07089234 127637.69994084  99612.58171466 147500.64245352
 161454.98458432 118787.57609126 185153.3573353  204551.54891151
 146669.2922357  165703.26975427 163782.14172535 152997.32360369
 141168.08692997 167183.45258433 119376.74177137 182644.44483946
 168922.73802795 200395.6020583  321347.81324189 105258.45856691
 127463.12975375 116228.7866246  140012.52763096 120217.40484445
 134692.50781839 176601.66763175  99233.9227069  131970.0175197
 146443.54876159  84379.01791431 131860.80921863 126967.08407537
  80373.56229719 133144.03434604 238972.46799679 226447.94446475]
2025-06-11 08:09:52 INFO Expected Optimum FE: -656.7889979935655
2025-06-11 08:09:52 INFO --- GNBG Problem Parameters for f20 ---
  Dimension: 30, MaxEvals: 1000000
  Search Bounds: [-100, 100]
  Number of Components: 5
  Known Optimum Value: -100.000000
  Lambda (Curvature): [0.25 0.25 0.25 0.25 0.25]
  Mu (Asymmetry/Depth): [0.4901829  0.25862884 0.37043014 0.37440768 0.26098797 0.491006
 0.27569772 0.45404864 0.42314776 0.27195433]
----------------------------------------
2025-06-11 08:09:52 ERROR Can not run the algorithm
2025-06-11 08:09:52 INFO Run function 20 complete. FEHistory len: 600, AOCC: 0.0746
2025-06-11 08:09:52 INFO FeHistory: [-76.52500373 -75.03815514 -77.82395445 -74.88959822 -78.01937428
 -78.03283015 -77.40140356 -77.37786278 -79.20830603 -78.88610449
 -75.15671901 -77.05033379 -78.53483304 -82.50140911 -76.54042764
 -79.78426874 -80.69221809 -77.24709022 -82.54520629 -78.54001408
 -79.0811075  -78.39099928 -76.4567277  -79.62368383 -78.17515591
 -76.59632267 -75.30448374 -76.39051524 -79.28273344 -76.94065544
 -78.90722156 -79.15042054 -78.35515239 -74.82413716 -78.75506588
 -77.89203472 -79.32833657 -79.30632394 -78.2208482  -76.43936647
 -80.01065901 -77.34349573 -76.66464682 -79.05585843 -79.48958262
 -77.79316463 -79.59734809 -80.23655636 -80.86409195 -77.82823827
 -79.76612847 -79.40663258 -77.73518131 -80.85321788 -81.20746173
 -81.75203515 -77.25559618 -78.53114918 -79.26477947 -78.097671
 -74.77634231 -79.76352627 -77.63444932 -79.28210291 -80.09090611
 -79.71701257 -77.92696421 -75.4031857  -80.5067849  -77.48046634
 -76.81039695 -78.95310641 -78.04561593 -78.09820252 -78.80381516
 -76.50773233 -79.49339753 -79.75047205 -79.12013655 -77.82334342
 -79.43126391 -80.69196036 -77.33550287 -75.61072905 -77.17995379
 -79.4410603  -77.74503064 -76.98176194 -79.50680907 -78.76080202
 -75.6611961  -77.81973998 -76.83110674 -79.54890753 -77.01444883
 -78.50171525 -78.54569911 -79.56845086 -76.82962129 -77.55578775
 -77.44343847 -77.81952135 -76.99235233 -77.60632496 -80.14870115
 -77.52823109 -77.6262726  -78.47680313 -77.63542193 -79.1640127
 -76.75777961 -79.06417248 -81.05030548 -79.3310365  -77.52402262
 -76.7941925  -78.88537198 -78.38986766 -76.4879304  -78.5571383
 -77.90649633 -78.49223644 -80.27540439 -76.5738251  -79.61418309
 -80.08791667 -79.55150105 -79.55596259 -79.88483543 -80.41366379
 -78.89091185 -78.51889228 -78.33328201 -78.37196956 -77.72814653
 -76.82176859 -79.89448325 -79.20335055 -81.88409394 -77.91207603
 -78.8114746  -80.00261758 -79.08844146 -81.54960414 -77.6029893
 -79.74914952 -77.11426996 -77.46276902 -77.80965505 -79.23052823
 -74.93637696 -77.92925319 -77.02373511 -77.03018446 -77.49131722
 -75.91201333 -79.33713601 -80.40830197 -80.04620102 -80.13494852
 -77.50135128 -78.14181672 -78.49566543 -80.01584819 -79.97406824
 -79.83153391 -80.65822691 -78.66401276 -77.18104022 -77.82810181
 -76.96614504 -76.04836382 -77.71860839 -80.87111066 -77.66660663
 -76.54399426 -77.24503046 -77.85372269 -78.18067805 -80.41810615
 -77.45411607 -77.4003932  -79.44197131 -77.54356336 -81.64142758
 -79.58748863 -78.18374368 -78.01325975 -77.34940749 -78.27850676
 -80.99542907 -77.63755085 -80.40861521 -78.31778608 -79.33804395
 -76.08536718 -79.29901134 -78.62492641 -75.51077163 -77.64549247
 -77.08944815 -81.5588017  -78.27607556 -78.36921571 -79.24526021
 -78.90115696 -81.85840703 -74.82769079 -79.05331585 -80.16281046
 -77.81993034 -77.77940558 -77.29577921 -76.68151588 -81.41083133
 -81.48799783 -80.017771   -79.86892424 -78.4739219  -79.05805633
 -79.04176658 -76.69344677 -78.12674797 -77.61701582 -78.76060712
 -77.86719992 -77.57397592 -77.18894603 -75.6967313  -78.47041091
 -78.14795831 -79.02785233 -76.52063345 -77.96859316 -78.39668996
 -75.43935381 -77.06707316 -77.56552909 -77.63030054 -75.41845428
 -77.64575043 -79.39203009 -77.44829972 -79.93899014 -77.48538812
 -80.20791746 -78.7871225  -76.84016501 -77.89697157 -79.69712632
 -79.07222644 -77.31431584 -78.15203697 -81.03105882 -78.57298963
 -79.95092666 -77.67520458 -78.50407773 -79.76144567 -76.96298178
 -77.85531082 -79.59642141 -81.06947015 -78.81450518 -77.38656744
 -80.16488782 -78.46985427 -79.22736635 -79.4257218  -77.21609874
 -77.08316819 -75.52263452 -78.27943547 -77.23838496 -78.2503861
 -77.53284776 -80.4259707  -77.34712054 -76.81059523 -77.57911684
 -81.29318183 -78.22097947 -75.9250108  -81.33863293 -80.54501857
 -78.83760466 -78.27031309 -75.63216332 -79.44234103 -77.83012463
 -79.92661008 -79.85134311 -77.09203605 -75.8361042  -78.09415657
 -78.81942091 -77.0147168  -79.08404894 -76.30862297 -79.42799423
 -77.13802547 -79.82514935 -77.981276   -78.9487647  -80.5392533
 -80.03886051 -77.1660544  -79.97965239 -80.06991267 -81.11371967
 -81.63493727 -79.3591369  -78.4716848  -77.69922624 -78.94401779
 -77.61601629 -80.27448732 -81.21356071 -78.82470505 -78.09759936
 -80.239287   -81.12785077 -77.55693799 -81.77658802 -79.67961491
 -77.54649895 -78.38056227 -79.59984434 -81.38139377 -76.63233075
 -79.2896323  -81.2403362  -80.27804166 -79.15320379 -80.32893274
 -79.52962325 -77.93554955 -79.27999336 -78.40235962 -79.63139771
 -80.98761216 -76.99421215 -80.30455883 -80.50830965 -78.13969846
 -82.26409854 -77.75596504 -78.9957033  -79.22333712 -80.38615665
 -82.64574758 -79.94651676 -78.34514082 -76.81450904 -79.14431653
 -80.5721576  -77.96373395 -79.15650371 -80.53287012 -76.95551903
 -78.35825484 -78.9989446  -78.69528345 -80.65403877 -81.63282433
 -80.0802871  -77.72817001 -78.9472725  -80.87363713 -80.77439826
 -77.60850174 -78.82637856 -81.13872785 -80.987851   -79.1139416
 -77.57178756 -80.07429743 -79.75983261 -81.14000533 -79.58543975
 -78.96935514 -79.15476481 -77.91231129 -78.08731901 -80.07971615
 -76.93814308 -78.98731432 -79.12279896 -79.12794979 -80.06781571
 -81.02123327 -79.81610974 -81.51971518 -78.26204735 -80.35032377
 -77.71103753 -78.4106709  -82.30603369 -80.13146462 -76.75392627
 -80.15882779 -79.978926   -82.01857712 -78.58169204 -81.03073873
 -77.42046901 -79.20015697 -80.36058532 -83.07344645 -79.64665217
 -81.67624116 -80.27852806 -80.83679965 -77.42345447 -81.53197336
 -78.23704791 -81.73557105 -81.45444782 -78.68392549 -80.59478494
 -77.7459503  -79.26701777 -81.38687057 -81.53349733 -80.67361505
 -80.70990659 -79.85478076 -81.32266541 -80.1359425  -79.17067924
 -78.04550227 -80.99674878 -78.68175212 -79.43425072 -80.18223761
 -81.3796103  -79.47953419 -77.93545364 -78.9245562  -78.86633959
 -79.76180836 -76.75616955 -80.24096399 -80.53549368 -80.66010355
 -79.75249024 -81.09455355 -78.79007506 -79.13424258 -80.80248815
 -79.32953815 -80.71424169 -77.7661341  -79.0704395  -79.28100715
 -78.44479812 -78.35379223 -82.19290075 -78.94394321 -80.93560433
 -79.17423145 -80.7076416  -81.46523996 -79.75341499 -81.72508885
 -79.04276322 -80.0724824  -80.03416662 -79.10825128 -81.14494942
 -82.31961232 -78.21953015 -79.77859957 -80.15377259 -81.00301205
 -77.83597975 -79.91927398 -78.55217301 -79.10972876 -81.16040566
 -78.80642766 -80.65071858 -78.07377261 -80.84610007 -79.10190333
 -80.0054056  -79.15411096 -78.87158195 -77.08798501 -79.10024677
 -80.70935932 -82.78810508 -78.61101142 -79.65888553 -76.30243563
 -77.43685514 -78.81254018 -77.96250515 -82.37371659 -79.01351351
 -80.05590524 -81.47203543 -77.91881818 -80.18953687 -79.87768268
 -80.33225907 -78.51903559 -79.19914315 -78.02229655 -78.6039177
 -78.64245229 -78.99565611 -79.13958095 -78.61945628 -80.95062313
 -81.32682784 -79.3995837  -80.67648649 -76.68247735 -79.64411989
 -78.17242029 -78.14733042 -79.92486125 -79.42642541 -82.57394047
 -79.90757308 -79.29883307 -79.30363565 -81.38247573 -76.32810102
 -81.64003078 -81.39311688 -79.59610812 -81.52466916 -79.92191434
 -79.02360514 -80.7083616  -82.63208828 -80.55211244 -78.84798046
 -81.20515507 -80.59432758 -80.66572959 -78.99214295 -77.65406185
 -77.95975459 -79.93076059 -79.0096094  -78.7918685  -79.79287221
 -79.49985489 -77.50525916 -81.77111764 -81.56342612 -77.04979214
 -81.17529702 -77.46164578 -80.77642272 -80.74609121 -78.44967085
 -80.36538936 -80.89469863 -78.880025   -79.69284649 -78.92472636
 -81.7349446  -78.84787791 -81.03034344 -79.23854943 -80.39485814
 -77.94074865 -79.03598297 -78.93818057 -79.86998263 -78.89001252
 -78.60057248 -81.10388539 -79.29684012 -78.67234563 -78.53069432
 -78.46020607 -81.02170678 -80.89755879 -80.94541989 -77.72158622
 -79.78316372 -81.54640962 -78.75562694 -81.02344619 -80.14383912
 -80.02580038 -79.82858043 -80.14802542 -80.08024227 -79.08015297
 -77.71150228 -78.31850516 -78.76607345 -79.61271954 -77.93699079]
2025-06-11 08:09:52 INFO Expected Optimum FE: -100
2025-06-11 08:09:52 INFO Unimodal AOCC mean: 0.0000
2025-06-11 08:09:52 INFO Multimodal (single component) AOCC mean: 0.0000
2025-06-11 08:09:52 INFO Multimodal (multiple components) AOCC mean: 0.0746
2025-06-11 08:09:52 INFO AOCC mean: 0.0249
2025-06-11 08:09:53 INFO Run function 1 complete. FEHistory len: 5000, AOCC: 0.0000
2025-06-11 08:09:53 INFO FeHistory: [132254.77094221 197350.92455265 114380.10794665 ...  36983.57657919
  37063.56528963  38034.49441256]
2025-06-11 08:09:53 INFO Expected Optimum FE: -1081.9837994003399
2025-06-11 08:09:53 INFO --- GNBG Problem Parameters for f8 ---
  Dimension: 30, MaxEvals: 500000
  Search Bounds: [-100, 100]
  Number of Components: 1
  Known Optimum Value: -656.788998
  Lambda (Curvature): [1]
  Mu (Asymmetry/Depth): [0.2 0.2]
----------------------------------------
2025-06-11 08:09:55 INFO Run function 8 complete. FEHistory len: 5000, AOCC: 0.0000
2025-06-11 08:09:55 INFO FeHistory: [169324.81472237 240241.66791007 109042.10085176 ...  36610.86930489
  36702.73721644  43632.88010241]
2025-06-11 08:09:55 INFO Expected Optimum FE: -656.7889979935655
2025-06-11 08:09:55 INFO --- GNBG Problem Parameters for f20 ---
  Dimension: 30, MaxEvals: 1000000
  Search Bounds: [-100, 100]
  Number of Components: 5
  Known Optimum Value: -100.000000
  Lambda (Curvature): [0.25 0.25 0.25 0.25 0.25]
  Mu (Asymmetry/Depth): [0.4901829  0.25862884 0.37043014 0.37440768 0.26098797 0.491006
 0.27569772 0.45404864 0.42314776 0.27195433]
----------------------------------------
2025-06-11 08:09:56 INFO Run function 20 complete. FEHistory len: 10000, AOCC: 0.0748
2025-06-11 08:09:56 INFO FeHistory: [-77.76133044 -77.01812708 -77.54034917 ... -80.46386121 -79.63818268
 -78.80142614]
2025-06-11 08:09:56 INFO Expected Optimum FE: -100
2025-06-11 08:09:56 INFO Unimodal AOCC mean: 0.0000
2025-06-11 08:09:56 INFO Multimodal (single component) AOCC mean: 0.0000
2025-06-11 08:09:56 INFO Multimodal (multiple components) AOCC mean: 0.0748
2025-06-11 08:09:56 INFO AOCC mean: 0.0249
2025-06-11 08:10:00 INFO Run function 20 complete. FEHistory len: 10000, AOCC: 0.0759
2025-06-11 08:10:00 INFO FeHistory: [-81.44230162 -80.17067115 -76.90865604 ... -85.89203343 -84.92870019
 -85.64859852]
2025-06-11 08:10:00 INFO Expected Optimum FE: -100
2025-06-11 08:10:00 INFO Unimodal AOCC mean: 0.0000
2025-06-11 08:10:00 INFO Multimodal (single component) AOCC mean: 0.0000
2025-06-11 08:10:00 INFO Multimodal (multiple components) AOCC mean: 0.0759
2025-06-11 08:10:00 INFO AOCC mean: 0.0253
