2025-06-15 06:58:41 INFO --- GNBG Problem Parameters for f8 ---
  Dimension: 30, MaxEvals: 500000
  Search Bounds: [-100, 100]
  Number of Components: 1
  Known Optimum Value: -656.788998
  Lambda (Curvature): [1]
  Mu (Asymmetry/Depth): [0.2 0.2]
----------------------------------------
2025-06-15 06:58:41 INFO --- GNBG Problem Parameters for f8 ---
  Dimension: 30, MaxEvals: 500000
  Search Bounds: [-100, 100]
  Number of Components: 1
  Known Optimum Value: -656.788998
  Lambda (Curvature): [1]
  Mu (Asymmetry/Depth): [0.2 0.2]
----------------------------------------
2025-06-15 06:58:41 INFO --- GNBG Problem Parameters for f8 ---
  Dimension: 30, MaxEvals: 500000
  Search Bounds: [-100, 100]
  Number of Components: 1
  Known Optimum Value: -656.788998
  Lambda (Curvature): [1]
  Mu (Asymmetry/Depth): [0.2 0.2]
----------------------------------------
2025-06-15 06:58:43 INFO --- GNBG Problem Parameters for f8 ---
  Dimension: 30, MaxEvals: 500000
  Search Bounds: [-100, 100]
  Number of Components: 1
  Known Optimum Value: -656.788998
  Lambda (Curvature): [1]
  Mu (Asymmetry/Depth): [0.2 0.2]
----------------------------------------
2025-06-15 06:58:44 INFO --- GNBG Problem Parameters for f8 ---
  Dimension: 30, MaxEvals: 500000
  Search Bounds: [-100, 100]
  Number of Components: 1
  Known Optimum Value: -656.788998
  Lambda (Curvature): [1]
  Mu (Asymmetry/Depth): [0.2 0.2]
----------------------------------------
2025-06-15 06:58:44 ERROR Can not run the algorithm
2025-06-15 06:58:44 INFO Run function 8 complete. FEHistory len: 300, AOCC: 0.0000
2025-06-15 06:58:44 INFO FeHistory: [164232.67165976 156708.77799018 142192.14878376 167002.16088028
 187193.38909353 193032.89832241 173052.37487802 278542.92171906
 200784.85382321 313747.35795589 202917.39645912 140263.19008632
 187599.01140809 185747.81004243 182685.71177388  68642.410981
 245243.4644194  280040.1392064   98532.90812733  95712.72276774
 194392.79611218 182939.48500921 230932.5123073  174288.78668983
 232141.52222989 307163.10256614 182908.18878555 222578.8244094
 195611.68356617 185553.676846   217101.95589732 198411.88949934
 120172.64228816 145271.8928321  188104.05627273 196322.69987828
 279207.62408729 142359.33467556 222992.0520339  120203.72747579
 260921.64427638 185447.64679343 133208.90481698 154715.1692062
 158892.08696856 170567.92561898 258998.42156879 172089.10583616
 149289.71468204 225876.22544801 193768.81322329 233239.96481149
 197004.09366841 164444.20511925 278240.58762901 177255.47206644
 240248.59815224 158001.47716316 144189.84822207 174253.62169131
 207894.16443921 123737.60859295 154596.48045147 283827.19985254
 249315.73115171 272619.18742874 250890.81975976 148936.8191799
 245789.66470666 145065.03724201 257897.51313492 220809.83114303
 211073.29321781 147819.15056599 165863.77050912 188364.25291456
 281759.82194869 228759.21726858 272191.33823734 155355.67287208
 192021.0638332  141920.39657118 219941.48852709 185646.66364602
 144484.59401314 177273.74088151 220670.42267837 182434.48798843
 197724.24896171 134118.64955364 276504.84041429 292885.41059267
 236342.07591983 175329.76446604 202532.94644796 185841.5791343
 197959.50362593 188849.42243456 217836.42252654 173467.87729878
 166256.11821167 150821.13525263 216489.1343061  168235.67779285
 225307.76334701 198719.65663467 193945.31766043 138084.82381889
 190264.63722747 111850.37447953 243178.02754416 248633.05587773
 134562.4244987  142611.45685003 149592.00436303 152093.3035654
 194834.28506933 148928.13303025 202549.89749332 214051.81068976
 268720.25743202 308713.09611877 224000.74695293 190474.68991847
 172050.70614808 243136.74250493 140390.67337801 225508.51702027
 102669.08514688 151386.71143884 184980.78348603 320902.98119665
 178284.99369041 176948.62544376 170640.79283536 150399.21359645
 166506.48335574 234282.87785315 215410.54568796 227462.40900043
 253442.6007104  138750.10512768 144645.49445138 255314.83469598
 142612.75530429 187906.04039172 195655.1054782  202982.37007847
 231418.41868957 163403.77163454 206595.89630189 243516.08803727
 221092.80377334 237003.55380698 174198.8042995  261677.08847062
 132934.12966104 223867.22809236 185247.3469012  179099.01025841
 181512.18334939 228179.36505593 152242.73735919 252415.16281536
 214528.61136962 242839.16481592 232972.57688954 186195.07744855
 250273.08461886 166384.09437169 108392.36191181 200915.87074108
 159442.5584824  166575.40880734 179236.8568686  176935.72777919
 231810.44348436 186853.40654814 267627.56886175 226227.56995071
 213876.10220285 236218.89449317 230476.12787842 177923.64519829
 151555.43688988 180104.44667812 222435.83181887 300109.7015089
 317501.37601971 190123.65291577 243599.58439293 205888.84513649
 152510.16875731 324299.51583646 111076.04957288 224462.59411679
 180875.47350073 164820.08241826 194873.14009312 123623.76180625
 190026.37223984 218104.91699934 202892.34177886 186050.78449186
 171099.60275811 190167.44791131 132187.30970958 142600.50507667
 144047.09737614 199341.17568816 197032.14799844 186780.6671944
 191202.72662886 150278.83217472 128940.92109841 131162.5671959
 149450.60067242 206659.4289698  394708.21851352 197965.30967382
 192838.9625474  191513.73167371 168435.86787027 186801.91366731
 175162.16939704 161488.44317273 217372.80481708 152917.0412866
 218599.34179203 169239.47782236 187580.85234111 152376.08535036
 211102.14727644 219299.75486663 259222.86300693 235400.76909931
 134988.64864105 234036.76719466  87332.04046581 168432.6809213
 141305.40499999 170240.45547437 186107.04847314 213265.51414475
 221973.41852812 176601.19989547  85580.53337033 237799.3029028
 228891.00030332 184409.43550648 212186.90962245 199818.11679427
 141567.31377491 207155.23544521 136637.5429608  182558.85038282
 120691.08657362 207402.52358747 138152.67401633 168428.38597972
 223313.97872098 218789.04698198 167250.1070383  244443.38183556
 208813.65235172 241925.04316904 112610.74173264 258030.5791129
 130861.93455153 222211.42145198 179621.71563032  93579.62011455
 225776.41428967 200972.33815904 201781.09082998 160430.43266375
 214608.72772645 206298.58942763 149430.49319989 112277.14483945
 167952.52782397 197324.61819967 182166.38101326  85307.24923085
  84060.93745237 227940.18800278 239609.3679552  223405.26204059
 221886.15151528 270236.94226077 247891.16953413 174027.70659819
 150910.4129356  190258.10659078 124739.25345156 281733.97553635
 171739.80318682  69806.49383138 236957.63247106 317279.09677763]
2025-06-15 06:58:44 INFO Expected Optimum FE: -656.7889979935655
2025-06-15 06:58:44 INFO Multimodal (single component) AOCC mean: 0.0000
2025-06-15 06:58:44 INFO AOCC mean: 0.0000
2025-06-15 06:58:55 INFO Run function 8 complete. FEHistory len: 100000, AOCC: 0.0000
2025-06-15 06:58:55 INFO FeHistory: [270773.00477188 193599.25411931 262958.12792286 ...  87376.93942033
 234689.22473993 124517.63107851]
2025-06-15 06:58:55 INFO Expected Optimum FE: -656.7889979935655
2025-06-15 06:58:55 INFO Multimodal (single component) AOCC mean: 0.0000
2025-06-15 06:58:55 INFO AOCC mean: 0.0000
2025-06-15 07:00:20 INFO Run function 8 complete. FEHistory len: 100000, AOCC: 0.0000
2025-06-15 07:00:20 INFO FeHistory: [211276.05744388 222621.47330453 186932.04089846 ...  28247.01341562
  28247.01341564  28247.01341563]
2025-06-15 07:00:20 INFO Expected Optimum FE: -656.7889979935655
2025-06-15 07:00:20 INFO Multimodal (single component) AOCC mean: 0.0000
2025-06-15 07:00:20 INFO AOCC mean: 0.0000
2025-06-15 07:14:07 INFO Run function 8 complete. FEHistory len: 100000, AOCC: 0.0000
2025-06-15 07:14:07 INFO FeHistory: [158961.18693294 181907.97620085 183519.25463702 ...  46561.84166673
  46561.84379616  46561.84362453]
2025-06-15 07:14:07 INFO Expected Optimum FE: -656.7889979935655
2025-06-15 07:14:07 INFO Multimodal (single component) AOCC mean: 0.0000
2025-06-15 07:14:07 INFO AOCC mean: 0.0000
2025-06-15 07:16:15 INFO Run function 8 complete. FEHistory len: 100000, AOCC: 0.0000
2025-06-15 07:16:15 INFO FeHistory: [189040.76726055 166907.77369847 152279.37085821 ...  40329.00635594
  40329.0063559   40329.00635595]
2025-06-15 07:16:15 INFO Expected Optimum FE: -656.7889979935655
2025-06-15 07:16:15 INFO Multimodal (single component) AOCC mean: 0.0000
2025-06-15 07:16:15 INFO AOCC mean: 0.0000
2025-06-15 07:16:24 INFO --- GNBG Problem Parameters for f8 ---
  Dimension: 30, MaxEvals: 500000
  Search Bounds: [-100, 100]
  Number of Components: 1
  Known Optimum Value: -656.788998
  Lambda (Curvature): [1]
  Mu (Asymmetry/Depth): [0.2 0.2]
----------------------------------------
2025-06-15 07:16:25 INFO --- GNBG Problem Parameters for f8 ---
  Dimension: 30, MaxEvals: 500000
  Search Bounds: [-100, 100]
  Number of Components: 1
  Known Optimum Value: -656.788998
  Lambda (Curvature): [1]
  Mu (Asymmetry/Depth): [0.2 0.2]
----------------------------------------
2025-06-15 07:16:34 INFO Run function 8 complete. FEHistory len: 100000, AOCC: 0.0000
2025-06-15 07:16:34 INFO FeHistory: [155509.92661222 268043.59384931 139114.44787906 ... 330257.60153742
 286080.06699879 201209.55552826]
2025-06-15 07:16:34 INFO Expected Optimum FE: -656.7889979935655
2025-06-15 07:16:34 INFO Multimodal (single component) AOCC mean: 0.0000
2025-06-15 07:16:34 INFO AOCC mean: 0.0000
2025-06-15 07:16:35 INFO Run function 8 complete. FEHistory len: 100000, AOCC: 0.0000
2025-06-15 07:16:35 INFO FeHistory: [239444.59587175 214457.9008195  238841.46182375 ... 138557.11443653
 211098.11891169 114442.11993486]
2025-06-15 07:16:35 INFO Expected Optimum FE: -656.7889979935655
2025-06-15 07:16:35 INFO Multimodal (single component) AOCC mean: 0.0000
2025-06-15 07:16:35 INFO AOCC mean: 0.0000
