2025-06-11 08:23:20 INFO --- GNBG Problem Parameters for f1 ---
  Dimension: 30, MaxEvals: 500000
  Search Bounds: [-100, 100]
  Number of Components: 1
  Known Optimum Value: -1081.983799
  Lambda (Curvature): [1]
  Mu (Asymmetry/Depth): [0 0]
----------------------------------------
2025-06-11 08:23:20 INFO Run function 1 complete. FEHistory len: 5000, AOCC: 0.0000
2025-06-11 08:23:20 INFO FeHistory: [ 1.36554301e+05  1.56250595e+05  1.68635636e+05 ... -9.02502732e+01
 -5.78626587e+01 -6.86602809e+01]
2025-06-11 08:23:20 INFO Expected Optimum FE: -1081.9837994003399
2025-06-11 08:23:20 INFO --- GNBG Problem Parameters for f8 ---
  Dimension: 30, MaxEvals: 500000
  Search Bounds: [-100, 100]
  Number of Components: 1
  Known Optimum Value: -656.788998
  Lambda (Curvature): [1]
  Mu (Asymmetry/Depth): [0.2 0.2]
----------------------------------------
2025-06-11 08:23:21 INFO --- GNBG Problem Parameters for f1 ---
  Dimension: 30, MaxEvals: 500000
  Search Bounds: [-100, 100]
  Number of Components: 1
  Known Optimum Value: -1081.983799
  Lambda (Curvature): [1]
  Mu (Asymmetry/Depth): [0 0]
----------------------------------------
2025-06-11 08:23:21 INFO Run function 8 complete. FEHistory len: 5000, AOCC: 0.0000
2025-06-11 08:23:21 INFO FeHistory: [225036.32348767 268991.49593886 187732.80785692 ...   8188.32302459
   8702.03788437   8409.00107922]
2025-06-11 08:23:21 INFO Expected Optimum FE: -656.7889979935655
2025-06-11 08:23:21 INFO --- GNBG Problem Parameters for f20 ---
  Dimension: 30, MaxEvals: 1000000
  Search Bounds: [-100, 100]
  Number of Components: 5
  Known Optimum Value: -100.000000
  Lambda (Curvature): [0.25 0.25 0.25 0.25 0.25]
  Mu (Asymmetry/Depth): [0.4901829  0.25862884 0.37043014 0.37440768 0.26098797 0.491006
 0.27569772 0.45404864 0.42314776 0.27195433]
----------------------------------------
2025-06-11 08:23:21 INFO Run function 1 complete. FEHistory len: 5000, AOCC: 0.0000
2025-06-11 08:23:21 INFO FeHistory: [133873.54758413 185304.07426671 147883.11408975 ...   2345.64324213
   1194.13920277    692.58853175]
2025-06-11 08:23:21 INFO Expected Optimum FE: -1081.9837994003399
2025-06-11 08:23:21 INFO --- GNBG Problem Parameters for f8 ---
  Dimension: 30, MaxEvals: 500000
  Search Bounds: [-100, 100]
  Number of Components: 1
  Known Optimum Value: -656.788998
  Lambda (Curvature): [1]
  Mu (Asymmetry/Depth): [0.2 0.2]
----------------------------------------
2025-06-11 08:23:22 INFO Run function 8 complete. FEHistory len: 5000, AOCC: 0.0000
2025-06-11 08:23:22 INFO FeHistory: [241361.93816005 218558.06940272 192886.06808179 ...  12741.60411345
  19784.21600209   8446.11437125]
2025-06-11 08:23:22 INFO Expected Optimum FE: -656.7889979935655
2025-06-11 08:23:22 INFO --- GNBG Problem Parameters for f20 ---
  Dimension: 30, MaxEvals: 1000000
  Search Bounds: [-100, 100]
  Number of Components: 5
  Known Optimum Value: -100.000000
  Lambda (Curvature): [0.25 0.25 0.25 0.25 0.25]
  Mu (Asymmetry/Depth): [0.4901829  0.25862884 0.37043014 0.37440768 0.26098797 0.491006
 0.27569772 0.45404864 0.42314776 0.27195433]
----------------------------------------
2025-06-11 08:23:24 INFO --- GNBG Problem Parameters for f1 ---
  Dimension: 30, MaxEvals: 500000
  Search Bounds: [-100, 100]
  Number of Components: 1
  Known Optimum Value: -1081.983799
  Lambda (Curvature): [1]
  Mu (Asymmetry/Depth): [0 0]
----------------------------------------
2025-06-11 08:23:24 INFO Run function 20 complete. FEHistory len: 10000, AOCC: 0.0761
2025-06-11 08:23:24 INFO FeHistory: [-76.39380776 -77.1668466  -81.22102306 ... -87.27519268 -87.39842704
 -87.28211793]
2025-06-11 08:23:24 INFO Expected Optimum FE: -100
2025-06-11 08:23:24 INFO Unimodal AOCC mean: 0.0000
2025-06-11 08:23:24 INFO Multimodal (single component) AOCC mean: 0.0000
2025-06-11 08:23:24 INFO Multimodal (multiple components) AOCC mean: 0.0761
2025-06-11 08:23:24 INFO AOCC mean: 0.0254
2025-06-11 08:23:24 ERROR Can not run the algorithm
2025-06-11 08:23:24 INFO Run function 1 complete. FEHistory len: 900, AOCC: 0.0000
2025-06-11 08:23:24 INFO FeHistory: [127504.93144009 183777.702474   160026.67625471 219042.24260767
 146082.06782562 130060.399874   170463.42488238 218154.44560248
 153440.14682243 180261.80944529 156463.42378112 160802.62966458
 122243.09400046 175302.82329231 165690.55425911 140206.02230986
 192050.24375862 155791.99599514 148306.99141682 195700.83074609
 176331.01880912 219847.43215747 233697.2174559  142559.01779448
 145006.29936293 121901.53979889 207185.17694727 160148.76636084
 227037.4780985  215680.22215684 154035.97903844 162197.62818422
 251217.31394339 138716.84538945 181079.94947394 151003.45616168
 176643.88859024 191971.13134765 165420.59567434 245970.88172869
 203107.7467549  164016.69457287 169281.08478808 171766.05319018
 173518.45572166 178291.45408623 173042.62536785 255480.76032244
 280982.7627002  198837.08700558 195598.82786762 182719.87422246
 166240.68142405 137231.04429611 122036.8741674  171478.86008695
 142273.1675704  204693.03691689 215192.01542422 165252.94718533
 105509.235224   210217.55084902 227348.39373009 228416.60293066
 161239.03522096 169789.36064173 165264.22884735 122345.46912252
 151558.77633674 173028.56167463 190920.29581064 186513.29312106
 204439.63433326 128813.56250628 248941.91500684 135393.9917989
 164526.2432853  200826.71273604 135132.95845283 195187.34912266
 205804.20733373 170334.14274003 178020.5483727  124941.75507045
 171894.5902152  150398.84624704 236388.60791989 198998.60273422
 226035.15522508 178387.48093815 232253.36178051 134192.29398751
 135902.68908726 166232.96131751 145584.61593512 138635.30608879
 205283.56811442 209160.3055924  157077.45476875 165297.226995
 158383.9410788  235970.42917191 240634.94548902 124391.4494796
 206166.46556123 225280.84386513 213460.19737496 174827.49144778
 237793.34372505 185812.56769887 139930.17056513 212272.81408808
 174007.34811119 123312.99558666 109319.58073445 178136.32781816
 121111.98193547  84458.99371477 161945.81936959 211816.20269034
 148232.38177303 193218.34870057 152628.49557568 176900.09366278
 204009.30727983 151982.21359739  94403.85156975 167317.83573005
 178768.71081175 233797.65879927 193544.16229261 163831.44772594
 154753.59583187 188662.79325521 186792.44671467 229144.19095429
 145126.18607791 129432.13387942 144859.48692723 180886.95099144
 105681.86998153 160718.61507937 214929.64673559 154750.47640112
 153197.59939484  82017.71825102 160140.77309675 151929.45488604
 202668.64156503 181540.7545105  193307.53797695 193519.28172646
 170692.08508431 194017.23279693 193668.97128441 159448.52134388
 200044.44678872 206954.0883549  180196.34571958 160209.41590473
 174013.42431211 127590.17055708 176093.98092496 148455.45915807
 148732.36516348 179988.45076678 105270.23062962 184259.13664708
 156885.10187215 222762.94037176 141963.77919515 198542.06163637
 135491.21303037 182002.52375345 192274.50526613 154972.79627236
 135263.4682376  187004.95430742 190099.07630698 198548.57961873
 220833.37027923 206698.50097506 135273.03999384 190057.76400631
 135022.10139637 206291.82142885 212346.69222214 202225.58560696
 189852.54400712 166255.15494915 257899.5004875  123549.11810897
 169265.72490172 157780.56209574 125116.75518031 163204.79331527
 222104.41670245 256939.04626468 128776.01635033 188329.13669417
 229076.51966613 148188.23359853 155311.22482578 154618.71433135
 224610.87894539 173506.3467449  146027.21734111 177416.25552236
 167739.59164409 197069.50659385 202104.82299087 152527.51658546
 158741.8567568  186102.9669872  182930.45740147 185025.43744725
 164374.56285906 202504.72524929 150075.16120539 133876.06183653
 216668.98065838 189559.84518754 155167.20979052 199000.9624403
 170990.50682284 167082.96670661 176583.06450586 136825.24424542
 243975.3702342  187017.27961555 215856.67861946 234985.4257597
 133925.72886216 159156.64682799 147989.33003975 133866.81775583
 211868.96629891 151903.42384037 122936.30125061 148769.82276165
 145076.53060687 143634.80529997 159910.76037332 206481.74640914
 141940.04802939 192759.81407711 197507.43811429 205070.88633159
 158672.15905179 209058.39072217 148679.53446374 165235.10720777
 134565.9375528  174102.51559155 155943.36115941 173329.84966716
 154258.40670163 174626.73548051 176903.13576832 168144.61093996
 223198.24476928 131042.0070808  184662.05150751 150897.26842081
 125472.65211422 176979.86608064 263889.67052304 203644.45699672
 136395.99152953 164491.17311853 158818.37528007 200928.73244067
 146857.54914574 173357.7875738  176898.5624241  161357.27685811
 145577.90218883 160042.7901457  166786.45471356 212332.80130376
 177554.52700018 188725.60325646 174924.33099474 215133.22211716
 141109.10727986 212022.06944983  91865.91134398 208121.3429828
 166925.74743496 190649.29697036 144953.73245385 190058.85830187
 241281.19844025 170278.85716945 152697.32489547 236092.77216454
 181883.55442744 128367.51187091 231102.27829621 155641.0600376
 186485.9300594  239257.75466802 241741.99047174 253735.48416043
 179349.76532513 180240.81795152 227687.3890964  215289.73851242
 205113.71641392 225071.50656677 218997.90929734 200714.16496644
 171110.70874013 218792.63300398 234024.31441591 235322.80680037
 196060.51532147 264705.37504695 253631.11195421 192815.0426987
 196659.69607482 243483.02595482 274482.8257902  157153.47597625
 197713.12487897 175182.44093202 196506.31919363 167610.07146901
 282596.32134196 141348.50040225 154877.76956274 189329.45253025
 224614.28632588 118026.63505113 314284.15740685 159294.66894495
 184443.43847933 231446.78301917 181623.34580316 269587.27596645
 265602.27243751 174524.28271951 108791.97770559 187539.4295375
 212212.9656503  176115.01651873 179463.23676742 252049.82966419
 207372.06050679 183348.6158572  231198.48557697 284523.05155748
 227111.28491387 119599.62513175 253991.51223902 122124.6028472
 196574.15101169 277731.13177169 227258.68806989 179541.28895105
 185901.05406753 285075.32780607 184231.19085776 220510.60287964
 143940.59975384 214382.56318645 175233.80395351 226495.58439766
 234926.18787252 160100.64154162 257165.02569195 188504.29362152
 238872.45713973 175584.98652813 192672.60822749 148947.1785649
 225086.35135477 213572.07639033 204099.14628867 170613.79267926
 243922.03806724 252616.50558028 213174.44233241 232994.35996745
 270330.36537279 222936.94257482 217742.79412917 197848.1254324
 162219.75277026 200041.68653492 246636.4049774  223249.02756252
 166096.01050272 156256.67692155 182724.09271605 182593.19827844
 223408.95245339 185373.57477604 169241.64621967 163230.95329921
 191414.04038964 238788.69350577 243089.9083001  202964.34015468
 170798.86055031 150412.99687559 318168.13450527 261741.94074921
 294565.88062607 291227.4951072  186276.94182132 246706.21770993
 195258.62319019 173542.44714364 182811.52057588 234002.88849573
 274386.08655457 265595.98871311 143771.42565137 240811.41854236
 178147.32332806 229343.41057734 235451.25120554 216985.53478583
 278812.6451411  167626.44126074 229231.24509876 179433.68036893
 274650.22516146 190449.07731344 206533.42830012 169448.15559579
 248423.44731005 199592.15957624 222299.67897706 198880.0065787
 246328.78948319 184429.97249288 183343.08930471 158809.49079028
 175286.34958548 154503.36276881 264283.86753141 185448.21193732
 169001.99005774 269231.04937244 200596.68248542 214683.26184244
 237376.55402452 204385.85620455 219118.95698855 206768.27707166
 187145.5053455  209318.84237611 208928.51570233 259010.51992747
 170943.40033434 139136.88585549 120378.69477757 198148.67576431
 152684.18402063 206953.01286073 158314.08203913 278077.55364658
 162703.98880068 193526.41736431 265962.28675724 210380.53695405
 193981.85995749 212205.91910838 168893.1562032  185539.0739542
 229407.53701906 244493.53616035 274272.28536267 115629.58646865
 210038.35349797 246607.15059842 165664.65134028 203737.38255657
 164914.90641544 237652.73121043 195418.93523763 165489.07261932
 194988.96153342 244015.50241707 231292.50298571 196252.75138507
 274511.6510384  153885.65936094 139633.32049188 176419.30365293
 206111.4814314  217339.42324477 187399.4184809  222779.24975321
 172856.46122121 170563.48331643 251555.45877272 194562.23471654
 277006.20757292 146033.59016555 196297.39045471 180236.32211091
 203470.83960521 222295.49649556 194582.63510731 182641.25130014
 169591.21788129 152517.20655493 131306.08341035 297762.36501004
 251514.37601902 256056.65127103 240065.79267332 241602.17060879
 243231.73450625 202718.38718221 204768.81126743 158678.61547176
 270832.48142668 188873.30642548 210556.76400302 253858.69037433
 265214.59962765 189612.72810534 204680.91874734 199673.26642662
 274401.50062306 231122.50135655 209057.11477625 274171.97557148
 165540.29151494 230687.60779256 263089.39123161 154981.7693569
 287772.5338863  161689.87884583 183662.15281585 230146.57743137
 204967.07599908 164875.52876461 157789.3678816  215805.29773418
 260131.45068213 225776.07130949 193131.92731581 205165.54776908
 235435.33693256 233308.96875286 142516.97139781 194662.0763523
 205473.29323196 142264.74713767 275825.91620004 204904.70358105
 182487.36454966 235042.18562617 264778.62348384 183897.41142754
 298064.43249027 265846.7177706  210870.91201419 236741.47211825
 234101.63446767 220004.24841078 228158.8360461  227565.66756926
 197624.30416859 147965.725265   153870.71312714 239059.36460436
 211290.20795227 275035.46671796 228060.3698604  211829.43974185
 199277.72759008 227976.18793123 200636.08792049 309183.49464077
 257561.06412682 232143.97065151 191053.5388762  210629.32797581
 190151.92134176 281075.05304469 262546.64751925 143771.84380522
 282550.45016382 203168.88872951 209244.90016084 266507.60653275
 208614.97640249 141261.06089704 175059.54321203 197684.41166933
 246653.2790452  294158.35336546 252507.85894416 251327.94896523
 136779.98390536 164971.08356763 160188.8972553  210103.71885887
 162701.82858282  87056.95721873 241655.39465742 151948.74765139
 134437.69492335 122814.03350508 229626.42621758 131823.39266443
 171473.71087527 170521.99782    155104.78877688 244269.80200747
 192071.58947982 180464.63209746 146682.10836707 178272.71107552
 125951.85357205 187817.54221851 186214.43916349 161814.42510434
 198689.96263053 173179.96744091 266105.35426434 194847.56815456
 142562.41989953 173842.33879458 212405.16429213 157285.80774949
 261223.83154886 211370.0106598  186203.81492835 132337.50699253
  82684.34784458 176153.49258757 212001.80467375 130622.70884555
 145057.28694183 190827.1858941  172634.88330875 138762.20499996
 170335.2006996  189851.23260442 181000.30345767 150305.10301029
 219110.66375431 221711.06532451 160923.23000311 153007.67413813
 169003.17470757 172432.87639541 173138.57572778 164253.04759903
 202374.83292293 170801.66728987 200051.18160371 205667.78338726
 199077.23804705 165893.24791923 142454.52360638 185591.8270746
 190076.99448999 146825.39089378 150738.84327008 119392.02896176
 159030.42220811 164728.13676023 155426.91339371 191346.0494332
 152978.09084214 225177.94574172 184133.21854642 253117.92642651
 161459.15424177 166949.75357602 236126.67013906 219737.58816218
 163270.67453897 227412.17404809 164402.62495565 174141.46645844
 189698.32581333 241686.02945498 224761.30593484 170359.85452943
 199056.11941667 247021.36963951 162357.16120586 302354.98327029
 212953.89732717 155724.41185018 191982.5280581  240770.2564166
 220464.49599138 215967.77265751 152235.06190475 179339.23950303
 160578.68508156 190094.13009994 173972.7772216  182649.07618025
 148101.86874619 178233.68762215 191557.33891811 187587.00786827
 168296.45326634 187551.18977109 182372.71450237 240586.33815983
 188229.73712877 162132.06697479 197218.64714    222182.25528312
 198388.24375701 204791.47540789 144528.63397096 141613.29677049
 212151.09936004 242294.03880913 129235.07072478 193524.68372472
 168465.1639426  159147.44834377 233717.20141298 192708.10525235
 228087.44559819 171631.34676387 139747.9962878  186631.9888318
 159400.85277434 205337.46064783 196702.68974183 140491.06001437
 175605.41812053 195174.35352117 190336.62033952 172243.98992797
 208883.98085368 125634.91344016 164617.88218071 207865.28176636
 245170.17870994 214440.50522718 209964.27291831 183265.78195087
 193470.93982238 141558.27036844 227245.33406365 177667.1536618
 256737.68867151 228565.39524824 219090.68162542 151199.13780059
 201875.81605405 223217.50392704 199322.98534397 163584.9720254
 190538.00431867 221932.18807684 144560.33816325 184189.29146719
 138997.14299201 182038.64751847 222827.6860535  174802.17981511
 194492.48999582 199596.69838365 217005.75192992 128669.20221938
 179470.51294541 184539.9098517  155204.18259898 217153.91403001
 165995.31858598 144068.1155424  204434.08958826 175516.10331584
 133903.03751836 222392.7262133  161029.79151883 173909.18283398
 191630.48000043  83656.47924697 163175.39399868 185693.23829721
 189987.70455579 199723.88527842 173500.83584503 131155.89790684
 219593.12040472 189981.67520164 178125.44037522 189319.07020028
 191870.05870193 191051.86014066 191359.45843645 200698.6883966
 260807.00818272 159792.75988816 174349.07951075 224602.08569327
 168574.05737969 174273.02321197 176280.94415197 179058.3730587
 162495.98463379 156415.46413629 162755.56870649 211330.16629589
 194485.61219157 171835.36056095 226151.009714   180739.88918024
 168497.67874508 158384.59940212 127002.84500789 245750.65716003
 183840.59811812 195671.8168451  210764.98770485 180717.05021742
 169205.32380372 167772.88395308 194929.82302407 175940.44724231
 224828.20259386 189342.12093229 207019.53043261 178014.38061112
 217929.29439354 195749.00914206 242100.87435379 151180.67369731
 184614.88528344 188786.00242786 168542.02189107 200688.9339203
 185717.62384454 107043.28972335 185383.09569751 214044.48808734
 189550.62130314 142811.52484063 256705.75616224 120296.80271198
 230467.4480456  231321.56529807 219403.41183931 169701.24526371
 170398.23036531 133506.615067   145750.07715939 241806.96132993
 236259.79235658 163728.11541754 199866.10128002 212096.96851379
 172421.83737648 195778.65968729 216689.28492962 192430.21255989
 177356.50587437 194673.9560803  194498.03141542 143962.17605737
 250406.61419523 159147.9183902  256752.53287437 138453.9470006
 170071.58473013 223044.8512454  186567.21158654 218500.14852328
 170049.10474503 161047.88043534 196453.52125804 233551.2882953
 145315.90405625 197791.84058245 159369.96433851 188170.70172099
 141725.08703545  86810.92305212 196606.42179922 171286.35445298
 178660.77101006 170481.50985568 248465.74609317 178592.05782579
 182181.79602653 169996.14633533 218133.79641645 189430.65906119
 164857.55792101 190555.70997476 227146.22264816 181047.44816986]
2025-06-11 08:23:24 INFO Expected Optimum FE: -1081.9837994003399
2025-06-11 08:23:24 INFO --- GNBG Problem Parameters for f8 ---
  Dimension: 30, MaxEvals: 500000
  Search Bounds: [-100, 100]
  Number of Components: 1
  Known Optimum Value: -656.788998
  Lambda (Curvature): [1]
  Mu (Asymmetry/Depth): [0.2 0.2]
----------------------------------------
2025-06-11 08:23:24 INFO --- GNBG Problem Parameters for f1 ---
  Dimension: 30, MaxEvals: 500000
  Search Bounds: [-100, 100]
  Number of Components: 1
  Known Optimum Value: -1081.983799
  Lambda (Curvature): [1]
  Mu (Asymmetry/Depth): [0 0]
----------------------------------------
2025-06-11 08:23:24 ERROR Can not run the algorithm
2025-06-11 08:23:24 INFO Run function 8 complete. FEHistory len: 900, AOCC: 0.0000
2025-06-11 08:23:24 INFO FeHistory: [201773.91960318 178710.59484303 184746.45038028 199378.33038575
 186556.86531314 120182.47856221 150999.04091704 170714.80825119
 124748.04250703 245155.0624769  202919.08568931 176037.80539873
 205257.69564507 235819.43923592 131044.00537724 160335.00533524
 217573.0315665  197115.897197   189337.54493381 128697.89465693
 198104.49507161 147078.42089215 195879.45483582 154039.01719392
 172451.9492678  197744.88718049 240732.44679153 195321.30798074
 223577.6487777  183666.04227865 268222.64539798 217904.32537912
 144067.65083412 214998.86353727 136976.46977638 130009.45818281
 296177.94378379 144659.87869421 172086.72650923 202227.2465055
 149323.85527099 158014.26302849 249051.35217052 128345.15383836
 198996.83640088 156410.12941734 177760.06207553 261878.53539684
 236852.50858256 209100.79020253 125342.89814144 152227.52329263
 188101.32756494 161351.64410824 202776.71204628 196026.50223019
 210646.51191222 190231.5429744  173555.33705051 218580.75624366
 166983.53912467 215442.9927509  246766.97047861 222353.01340356
 197382.63879958 158005.88710123 136199.85082284 201024.78762903
 166394.40844183 245823.79101402 177235.78563044  97912.833493
 183833.78077246 216973.08595887 127409.44520827 171176.68669957
 161056.89245084 160938.91122275 192570.60831478 156294.81864816
 262535.03149703 161080.85248266 204221.2020474   84148.3435856
 208064.51195543 214716.79914631  96669.01940265 199064.1742098
 203366.2778985  123939.57883888 226657.6606532  142921.89567677
 103671.99559182 114878.94653756 211035.48445319 205537.91702239
 216854.42754327 180288.40418375 211053.77051744  82215.52877112
 209258.07469461 212972.53039537 219688.7976421  148261.77993911
  99498.27112337 193686.78704218  93529.4290806  175746.96493207
 207563.21984531 206522.58835323 122984.85393757 240409.18537216
 125838.01032719 180538.76828841 182238.75499401 201543.27994433
 161855.35692259 150698.42553093 157972.84758771 212282.21591194
 161700.5506663  223216.32207723 225958.95144184 195169.73637921
 184674.53580291 163236.95365254 181542.96335197 263256.20968936
 145589.99997583 198581.54755004 235295.82179475 134810.12542554
 269714.11991805 212682.01766348 151541.58994903 143378.94944656
 153908.4662707  165468.52783349 230450.90698318 136553.64542517
 181612.29357112 185726.88049367 182406.79815188 230584.63529247
 236394.63782549 138522.04328003 315363.64319846 226077.34565229
 225176.75189933 167723.67618821 233133.91885528 233964.57168737
 231101.73982632 136520.10614763 188862.83553827 173455.47623946
 269385.323934   118664.64241219 193376.41903083 151650.97190934
 107531.60521105 171109.12109974 214541.4764868  232884.25429758
 123939.56721082 170518.2999176  166262.58387477 217073.96102936
 190536.61386131 187630.58754793 145756.9699921  214653.59338278
 270888.58710762 189672.86753078 153900.43518645 145039.72907839
 172116.89148226 150769.24777702 180660.06580282 264793.23040685
 171485.77766492 119575.18763117 197037.93338701 199011.05985874
 149283.41466071 202515.0100231  250360.33151807 154259.34365791
 153510.51487077 186821.94884968 179394.53913866 175576.09802733
 201759.89370388 208837.23630794 143912.3331267  221452.74282569
 233308.75402819 131050.65222475 175511.96881035 195103.16179553
 134981.25830732 194068.0006449  192932.09171481 156998.68847921
 214599.25190567 170125.84656852 254396.14199441 238931.77268664
 188013.56328327 204286.82119238 219006.42115992 218014.9701516
 167733.37788899 191954.47292853 114718.26353189 234556.22565201
 249577.71075129 178276.39703272 236509.84613154 255027.35635749
 166576.21516149 155249.03704549 180237.92769903 130495.80109334
 166918.56084716 196625.28087557 130908.17892111 102676.74828396
 147307.92120271 234203.42737714 181222.77007243 179001.53955912
 233137.39609519 218235.53153189 264549.42183558 216453.42972313
 141491.04164934 106079.50857764 151888.26733464 200084.03415016
 170509.61501141 223063.61532141 198411.10870857 117371.86936509
 150999.23629508 188980.72467688 155770.35344012 203143.25173546
 133167.08497762 168097.66102689 240700.0252136  227160.68485901
 251072.73142045 182416.87275874 288459.48545651 187487.6752893
 240252.7141331  207734.16720792 177371.51332574 194171.80440657
 120932.30378341 141315.86315913 151667.15202438 168227.26561949
 119972.98201714 195457.21177407 139502.98250326 201353.13394665
 139835.07514622 124409.58886438 182680.31856199 196339.74181117
 205008.98563451 219417.14630923 225903.84650783 145039.38816283
 247562.6000197  154147.89156143 119298.56734356 234683.31667654
 136755.55346663 171740.8185846  193384.76938018 148734.16205527
 277125.3493708  209252.46770445 144032.77264649 236401.07837437
 125808.89466722 228884.65691941 185063.88674807 246430.3974561
 185995.95608325 262164.40938256 161623.37836107 255854.47223024
 222613.53856758 175480.90909966 166781.06359519 174633.18104108
 341061.22564188 244587.81316278 152433.19137084 237581.81897972
 300754.7643954  230489.8098783  291978.4023221  241225.49331915
 288783.16202964 222643.61012288 297245.30667053 241040.34060222
 206761.0700946  239661.62128878 120685.46515116 230308.61070124
 280577.98274399 253180.61159118 197816.87801329 214906.50368669
 203596.85647627 344711.4486929  283488.35802766 228364.98607359
 191485.04394219 301711.87192261 223998.88885438 184554.82503752
 189051.42792604 243357.21836053 272250.88243125 200465.12822943
 266515.75789639 236094.17338411 301092.38957949 182167.05160436
 257891.54825171 145703.48870887 309741.29024837 238310.68577485
 220103.33019603 230595.11567571 285606.06563132 236098.46110751
 200674.97789245 262901.17261815 296953.44180139 303420.75756559
 223727.87614262 267216.60691546 189011.04974946 176121.75567031
 198842.21947717 302583.7568642  287612.74229613 217183.53499591
 317856.60765976 188821.63370994 224307.16910964 138927.27439665
 209631.00687316 205494.63299874 181399.59715536 269127.03449109
 186824.60837032 214406.28892071 142881.88808192 152316.41315293
 286743.02682025 266299.58378662 306554.85699685 219963.47902236
 131691.60450432 235078.16404296 220480.6502868  204019.78221096
 315575.36610934 144310.81260606 238708.18728247 330919.18975628
 230185.70594949 173049.49859707 138629.31862095 104069.91749591
 242618.71283671 181598.29382599 298798.71518662 240148.36093565
 322926.86949397 249847.04509372 257997.28627161 164573.13593673
 181254.59648534 287460.0815072  221958.3593952  312585.76908404
 201572.05448577 136523.00172104 164827.17865671 194111.76401748
 276333.24481055 259845.04654041 164539.50667671 306951.77585728
 232357.35380768 219616.17261788 217314.2416758  217874.92358734
 168194.59568011 206355.37220988 199603.68563983 206742.01346971
 157941.86278321 237761.04114097 193916.04932922 198098.09965906
 184296.7797253  258965.33409034 191148.32190467 179016.84892887
 296391.35670862 137803.43892864 177406.66935791 152619.49856814
 199434.85988852 377680.21357915 176825.82036313 167732.85175746
 207280.53762869 248128.88652793 234100.37681881 198600.80229409
 136083.42250338 171429.15075691 174655.73188512 188859.18676821
 230501.33634978 207844.19935526 272628.95825325 267692.42487536
 201603.07817932 178721.74330536 180443.88380534 287256.1410001
 182441.20710987 193250.5341392  312346.3597813  265756.76614833
 210007.10016359 251899.22450398 232698.21149169 234995.46990821
 273161.50327326 225756.50189522 284940.3022075  260132.61256598
 129691.55019144 176197.48630186 198496.7756012  129134.43806244
 220934.6167895  143948.00910146 276413.29393265 208773.57041176
 336562.21275696 161296.57800274 233072.64188867 283126.47888606
 275723.53637737 215379.33737189 220083.90768498 165786.594816
 149113.68742589 314090.17353106 273316.43260951 222078.92654227
 240894.83215713 210255.58989834 160828.96852714 181084.03451648
 173245.12893592 155865.35172572 158493.33535368 279738.84043078
 285610.66570972 215561.88772199 214835.20899266 203316.03975589
 223274.56407112 200275.78838772 190360.42486137 384498.85843626
 259143.17396808 225316.01271764 310889.12901935 239925.19640863
 263490.17034195 221968.28156868 217395.08551001 225484.79459552
 217913.60308499 186883.30054466 215623.97719633 225714.56666441
 149894.87469863 158296.12109326 209986.87064277 282140.05264763
 166630.01024658 236378.14127889 257550.63983737 233187.00311232
 220429.48329345 237306.87447672 164166.90310867 300847.3523942
 303962.37546116 208599.02940495 218228.38392875 236296.63392252
 207033.60624424 350927.31875476 145291.96223474 175073.04944856
 120771.99184661 195538.05253942 198956.7152302  207166.89859745
 161153.46648716 247278.04884263 209819.51432453 246975.77969235
 248543.12117959 225677.05215354 175193.53839005 215502.27583357
 222287.22419214 193439.7209265  153642.5509736  235778.62048284
 201070.65051289 172750.53922189 240774.3566705  209956.86766032
 180646.66310195 211727.71176329 179597.55488987 158639.74686335
 192928.70045252 278648.87761605 206628.34546294 245118.03354835
 218864.1844286  200848.86297063 257708.03091298 254842.615516
 309827.69833377 220212.37069623 163203.62994023 188258.40948414
 226773.5431414  238834.87053737 274027.07493952 328882.80347933
 148432.77919678 236768.02589254 185770.91373175 327372.54053134
 182009.63592973 185917.13699799 269076.11454126 192580.07705548
 206143.37773338 365840.54655548 301762.70395243 260592.58450485
 264094.59133042 229543.81588414 143286.45901282 204837.57491217
 271043.19349346 229177.12091581 207892.45865906 277241.99117773
 314063.04083305 210099.33216265 244800.53346126 221574.33278272
 124863.1022835  333570.79756732 374155.49646026 196915.94953781
 208938.94973256 187243.70753816 232342.89257582 167147.6527772
 261913.94554156 204334.33118782 206523.57846993 278204.68575385
 203696.95301398 175231.79830936 194049.86153065 178240.9833694
 114659.74911733 117009.91947694 166535.69052295 259870.16062533
 138989.15886715 177010.70550145 290314.07061266 271486.89975611
 285157.32239301 138285.15841756 192336.72392292 141549.4014074
 311085.60693692 157209.32833797 148657.28073513 145388.22198184
 183893.41180428 240560.42703621 229554.47821104 143826.61363872
 178082.87488224 282421.4324524  112744.25800276 115525.10284781
 194162.38157124 198075.39964545 228241.28751606 113729.45507283
 190915.17550856 253217.62379915 190792.08058372 211722.48322054
 177324.7982746  194154.54492717 295584.95561154 203832.17052551
 233216.30191575 218914.52520954 187793.02130502 206367.13878615
 231782.73352853 202016.29828728 164612.97540154 324988.21987623
  95561.87966622 145218.3619258  167074.65087868 227410.32167122
 159123.30057728 123373.35272223 214908.10304514 134891.78376007
 207217.21011955 236451.55685699 209312.84533844 225725.89427867
 298906.05949356 110845.28070721 218199.49494752 226853.71579067
 205648.6024192  229873.93951651 226608.3862875  297775.7659133
 171685.04092812 180149.98673174 131062.66068165 282082.30319446
 185184.43347542 151532.43664296 282208.24107889 298858.051831
 214688.12512985 142743.99647857 222566.11127656 183466.69089172
 155520.19459688 243233.46719021 194359.62015118 161041.7668531
 205380.22797128 238482.77431794 212171.68648199 243180.69908233
 261981.94487134 179468.84680907 170956.98671419 157697.78106109
 193174.32365092 206006.83158467 247089.1804186  151466.24271483
 107601.55142862 279934.4426276  209220.66769661 109264.4545653
 214089.92206642 176680.35245483 300409.87794404 312641.49605497
 201683.8924677  185870.45301739 234568.94985837 203794.27562024
  64596.63928338 272358.26173479 296247.33100554  95269.0384274
 288754.29215789 181246.0830122  185524.87800183 254540.51356226
 197895.55824785 100003.73238649 201815.76349994 193067.49204085
 254828.36524407 219885.37376063 155157.19822004 102754.28215391
 243685.94842993 280940.48880838 215724.00814323 264996.90261061
 228586.26293798 238181.5375976  216346.69750493 184018.19384338
 200531.17432141 176825.00118787 168722.56034984 162380.17378411
 239105.87775454 213625.62830501 139587.63197829 146170.34060837
 159528.98180365 220716.26840418 193903.68302195 196982.95330736
 170776.84218185 150667.1024316  137470.15144274 226895.8901806
 212054.30335214 227657.23270769 154300.11338779 138344.55801305
 307339.79409869 224618.624324   194506.50915444  89168.27983512
 260801.64547797 176543.55702433  86216.13521947 260091.33866317
 316036.42274875 154934.56955344 196615.28086894 160748.09256287
 190945.41381433 168563.47260306 184201.0429329  195502.88608324
 156396.58416425 223331.98939611 212594.22145969 214711.12235548
 133921.52365088 357049.70130575 152624.15109862 232442.22592316
 280152.70511222 123134.45386613 228389.7443325  251107.84446382
 233436.18616549 223341.27117075 150302.66493446 203897.9728212
 153395.30006244 172417.50500155 138149.24956856 168380.67969792
 186861.67032516 126239.66589556 155351.87005938 270551.11109446
 171123.97209337 105964.95973766 159835.18075733 217074.58586266
 239383.54079549 253799.47825811 354244.31920821 157939.72997894
 165584.48126479 142505.72229592 291676.79433103 228367.52206229
 308229.01511169 211145.46607587 237970.91516044 247632.64937761
 124540.42975041 167162.1565277  162771.2716577  170535.70655927
 241581.58480244 185706.66390029 203955.75976764 163538.23309882
 235588.32862536 206108.11190901 204721.235552   174733.12782504
 262900.53008556 187083.27844765 251730.00000499 131582.14273305
 206618.36932066 293322.27572889 117987.07652917 268570.96142163
 129794.23559782 281945.83027584 157733.13146155 301136.53266443
 195168.90675459 175162.36441421 166540.40842544 197703.27891544
 223724.58372121 119792.03807412 270071.43482479 223262.2485595
 200578.50941719 140901.65444602 181590.82040721 261345.1423599
 158116.12021167 177369.73571027 259805.89726767 176953.62842833
 174328.40324798 180797.71546706 247056.55846656 206408.3502414
 307573.03232408 265527.0123704  230363.72493748 162837.15816927
 175017.80848649 242620.68103332 127690.1261511  259948.4857744
 150553.16167486 167064.41229714 234772.4917119  152084.04079132
 194797.06526354 153641.18403557 174781.12437418 144731.43144862
 160464.65659001 299201.48673238 232356.38246915 178822.31318617
 178029.96359622 225577.69473652 196779.08767265 144119.84920277
 203128.62531821 131061.99402114 153505.00910874 209185.50486395
 221790.56129638 271254.35948115 204788.37607021 303438.68257475
 145552.877543   141532.47055113 384329.89345429 193247.40257692
 312689.44515109 182184.65851978 249200.87016912 290607.36811098
 196671.44679454 226213.2974367  279965.21061359 149830.68262967
 231958.12057266  81141.75511136 162473.78452177 153305.54066991]
2025-06-11 08:23:24 INFO Expected Optimum FE: -656.7889979935655
2025-06-11 08:23:24 INFO --- GNBG Problem Parameters for f20 ---
  Dimension: 30, MaxEvals: 1000000
  Search Bounds: [-100, 100]
  Number of Components: 5
  Known Optimum Value: -100.000000
  Lambda (Curvature): [0.25 0.25 0.25 0.25 0.25]
  Mu (Asymmetry/Depth): [0.4901829  0.25862884 0.37043014 0.37440768 0.26098797 0.491006
 0.27569772 0.45404864 0.42314776 0.27195433]
----------------------------------------
2025-06-11 08:23:25 INFO --- GNBG Problem Parameters for f1 ---
  Dimension: 30, MaxEvals: 500000
  Search Bounds: [-100, 100]
  Number of Components: 1
  Known Optimum Value: -1081.983799
  Lambda (Curvature): [1]
  Mu (Asymmetry/Depth): [0 0]
----------------------------------------
2025-06-11 08:23:25 ERROR Can not run the algorithm
2025-06-11 08:23:25 INFO Run function 20 complete. FEHistory len: 900, AOCC: 0.0747
2025-06-11 08:23:25 INFO FeHistory: [-79.81309057 -81.24984744 -76.44228039 -78.2749393  -77.49003574
 -78.86091981 -78.35457771 -78.87695814 -79.59422591 -77.06960207
 -76.66431898 -81.10241891 -81.03573919 -77.12511045 -77.14587604
 -78.0814952  -78.32137873 -79.88174059 -75.07463805 -78.48870298
 -80.35454666 -77.17144225 -77.46187349 -80.93765368 -77.38652784
 -79.40307541 -76.82506441 -79.66484025 -78.7944867  -78.31892482
 -80.80834508 -77.11828655 -79.74920858 -78.58170192 -81.49558544
 -76.59822713 -79.58064362 -78.52590283 -78.40100784 -79.66107063
 -79.06943051 -78.1151796  -79.25291436 -77.81795257 -77.55594441
 -78.02108018 -81.103612   -76.99469387 -78.03663891 -78.27539218
 -76.67767961 -78.22027924 -76.84684721 -78.92899371 -79.12858223
 -76.86780963 -78.81779244 -77.83378773 -78.72875499 -79.13855213
 -78.39427435 -79.66891683 -78.42798179 -80.21705715 -78.59189212
 -79.81441257 -77.8864636  -78.40950179 -78.24240031 -80.1185246
 -80.99538873 -83.71409181 -78.76759039 -78.6373527  -76.75523083
 -76.77614207 -77.48164815 -77.60594837 -79.61839787 -78.53733585
 -76.6389583  -81.20091938 -77.45859704 -80.51976358 -78.6944058
 -82.5049516  -76.75680631 -80.59722963 -77.07771623 -77.69905292
 -77.93136133 -78.73542759 -77.61002257 -77.81112029 -78.39725392
 -81.84268005 -77.38028907 -76.80375751 -76.95564802 -77.15293083
 -79.66879502 -77.4665199  -80.16128459 -77.11499406 -79.50770342
 -76.94503826 -78.00947404 -77.66632796 -77.47198659 -80.82470027
 -77.87133304 -78.55858445 -76.46071739 -78.69180764 -77.56508721
 -77.94946575 -81.10614207 -81.20501341 -77.93389297 -77.99605683
 -77.0866065  -79.96170287 -76.08963758 -78.39775828 -77.89366002
 -79.03340222 -78.17203051 -76.14115488 -77.65868987 -81.08237273
 -78.10469882 -79.55805117 -78.01008869 -76.72377628 -78.4210879
 -79.67233119 -78.24161941 -77.31484443 -80.23548513 -76.75657602
 -80.47788961 -79.18461995 -81.23778537 -77.33594971 -78.01502155
 -77.51700124 -78.3092813  -78.33387344 -80.03914063 -78.59914705
 -77.12337092 -77.67606929 -82.63633627 -77.5561061  -81.08994462
 -78.74481771 -79.24093052 -78.41610169 -77.64914867 -79.0367305
 -80.43773126 -77.25907267 -76.80213785 -80.03141944 -77.20726363
 -79.18088522 -76.17531233 -77.46827055 -76.81832734 -78.46399685
 -77.08161835 -80.64970494 -76.69398947 -79.46915022 -77.89581686
 -80.49230642 -78.30514261 -78.81077021 -76.73791237 -77.52069097
 -78.2751782  -77.95535775 -77.89544842 -77.68360797 -79.04425701
 -77.42329546 -77.52488828 -76.70843569 -81.06926475 -79.81216153
 -74.86874563 -77.31055737 -74.37685487 -78.33564617 -75.95650898
 -77.97844255 -75.79124934 -77.40391199 -77.95779685 -76.33104918
 -79.19414282 -79.09844092 -77.74081941 -76.40853773 -78.99806124
 -81.66056527 -79.35765655 -80.07064491 -77.07370559 -77.35388813
 -81.47273598 -78.70101791 -77.9622738  -78.04136984 -80.36973495
 -76.0754724  -77.27322723 -76.50159912 -78.46724329 -77.65046056
 -80.11394034 -77.89771934 -76.78329047 -73.96481    -80.59187272
 -77.19903215 -75.06679935 -76.4042509  -78.55676344 -77.49994858
 -77.84448475 -75.59136733 -75.8544299  -78.07870393 -79.14871626
 -77.62903262 -78.38888155 -78.27210956 -77.60673741 -79.38045389
 -75.43148448 -76.87109604 -79.26814539 -76.97100551 -78.20173352
 -80.47488042 -81.18129818 -80.43973611 -75.66531021 -80.14453885
 -78.52398228 -78.23139955 -76.09324898 -77.47136955 -78.80918256
 -77.38661312 -78.50674941 -77.4971064  -75.22123211 -78.39570127
 -76.16829815 -77.55558734 -76.4054536  -77.07427693 -79.10017576
 -80.43761151 -76.01993777 -77.36244865 -78.77247591 -78.37980124
 -79.46733975 -79.8561613  -75.68869898 -78.04186653 -76.91294578
 -79.83078454 -78.98480166 -77.23778628 -78.35753473 -78.21113381
 -76.00414503 -76.81600635 -79.67296272 -78.72886136 -77.60456859
 -77.25750615 -77.95729573 -77.59088784 -77.69390391 -78.59404616
 -76.018468   -79.41339253 -77.15031191 -78.60037905 -75.19132219
 -79.97397592 -79.66668487 -79.74197526 -77.2845853  -78.97974835
 -77.76423281 -79.90315171 -80.72707034 -77.47550503 -77.74413339
 -78.87127521 -75.22928678 -75.85312059 -79.51482689 -77.83950028
 -77.84671968 -78.31579005 -75.73294046 -76.12012561 -76.18762926
 -78.36978974 -78.13990364 -76.99343452 -74.41427224 -73.52204165
 -75.6058512  -77.81541075 -79.2644521  -76.54120505 -80.12495981
 -75.93447545 -77.5014537  -76.81255144 -78.51170161 -79.977311
 -77.20361976 -77.79399682 -77.71141182 -80.37451542 -75.82854622
 -77.7362012  -77.64953605 -77.77373933 -74.96670827 -75.82556058
 -76.76548407 -77.94114625 -81.60077382 -77.32881702 -76.53954936
 -74.40372633 -78.90538294 -77.52279415 -76.12394937 -78.50407901
 -77.31723618 -76.81478823 -80.02241687 -77.38220774 -76.50354911
 -77.95212446 -80.33806203 -74.8000301  -77.7633061  -79.5800936
 -74.04783468 -77.95815978 -77.98628326 -76.65900697 -77.83878292
 -79.62015472 -76.67522148 -76.20942718 -78.26508698 -78.13406553
 -77.41888097 -79.80051668 -76.33426353 -78.9078756  -76.50980675
 -77.35603297 -76.78946739 -77.85779503 -77.75393329 -79.34124205
 -78.31885888 -77.3329801  -77.37118745 -79.13541199 -76.71997972
 -76.94771821 -77.58606249 -77.11524808 -79.58606418 -77.63044436
 -78.39749483 -78.06554338 -75.63236908 -74.33996079 -77.80602599
 -80.42645226 -78.35229803 -74.74185986 -79.21243535 -79.78064817
 -77.5230197  -77.22777135 -77.7457742  -80.14472489 -77.26024582
 -79.89628411 -74.92335269 -76.5366107  -78.05589158 -77.98618053
 -78.70411574 -77.44066373 -79.44497033 -76.95598149 -79.13183212
 -75.36170947 -77.68266147 -77.15075446 -77.3459009  -76.79368855
 -77.92875269 -75.88117353 -76.84698549 -74.74016286 -76.75151061
 -75.08283229 -76.52663674 -76.04366199 -77.5193872  -79.15423815
 -78.42458334 -75.57378676 -78.8777766  -77.9641085  -76.14631742
 -76.56109493 -78.04030921 -77.45129753 -77.83465048 -77.23632771
 -77.15668531 -76.76808659 -78.90244695 -76.93578653 -78.80179613
 -77.36947066 -75.44255607 -79.26289669 -78.40547363 -79.40463383
 -78.53827168 -76.55193367 -77.92444293 -76.47240718 -76.69326052
 -75.94587169 -78.7826119  -76.19525488 -78.21570372 -76.19105999
 -78.23037397 -78.20062727 -76.83979313 -75.54436383 -77.62756257
 -76.36924265 -76.44859535 -75.82606468 -76.8338732  -76.88590847
 -78.11232744 -80.46458977 -77.22162469 -76.34197297 -76.81243096
 -79.07158494 -77.84661417 -77.34359687 -77.49421928 -75.87992634
 -75.81828813 -74.69616707 -78.70054617 -78.85082993 -77.70889228
 -77.11476094 -75.40525355 -76.05472882 -77.15110433 -78.05855749
 -75.64395429 -78.62101135 -75.47255784 -76.66991539 -78.22647824
 -79.9662143  -75.08895755 -79.10795484 -75.41313579 -77.41739424
 -75.82138855 -79.26923423 -77.32831282 -75.39744792 -78.99324911
 -79.47309683 -78.5944854  -77.50059173 -77.42233459 -75.88977751
 -78.8482275  -76.4276381  -77.12381694 -77.45077001 -79.90680927
 -76.69312998 -75.28895412 -78.50499235 -77.06226116 -75.8732876
 -77.40410017 -75.76098158 -78.37721266 -76.88310127 -78.94756131
 -76.20166649 -76.92066813 -75.09208066 -74.55577857 -75.79807108
 -76.84420264 -78.01431301 -76.61935411 -79.330907   -76.0530375
 -75.8771098  -75.2771291  -76.5495526  -77.79436886 -78.02969555
 -77.21340253 -77.35789593 -77.44324297 -75.62657386 -79.15040159
 -78.83453536 -77.07248255 -79.48249707 -76.4096356  -76.29250711
 -77.53988842 -78.39600975 -78.02704856 -77.45681937 -77.45360577
 -76.45348885 -79.000581   -75.24806156 -77.72226448 -78.82439318
 -75.63728912 -76.70815981 -78.03259055 -78.45624451 -78.43287876
 -78.11717822 -76.50300805 -78.10458035 -75.5371164  -80.41128785
 -80.92758356 -77.18433896 -75.21508254 -76.99309029 -76.44722181
 -77.53612196 -77.72376958 -76.01734893 -78.95032356 -79.48630084
 -74.31656908 -77.5578175  -77.575485   -77.29234523 -75.68109137
 -77.60913607 -80.51742357 -76.26683149 -77.91020725 -77.68306311
 -79.75854137 -77.27665913 -75.40974481 -77.77651106 -78.71867016
 -78.47067072 -77.18258265 -78.69067399 -74.77837285 -76.26332692
 -74.54873047 -80.22039806 -78.34762451 -79.43124446 -75.63587433
 -77.93034647 -74.25352517 -77.02221382 -81.17085975 -74.99511346
 -77.25817979 -76.61158725 -80.22158293 -77.53716181 -77.2527266
 -76.92702822 -77.75964196 -77.99081315 -80.24074993 -77.29177321
 -77.38361037 -78.64082782 -79.72031679 -77.89448959 -78.80389397
 -79.23731506 -75.08394052 -79.18527244 -79.28160149 -79.08384954
 -77.34303146 -78.06545584 -78.4343853  -77.985818   -77.51314276
 -77.86591602 -79.30155595 -80.00586033 -78.51354092 -75.56171757
 -76.89801434 -76.42911316 -79.69424766 -77.77479628 -77.50271356
 -75.38294388 -79.55323468 -76.60710096 -77.18962495 -75.67334613
 -79.72191002 -79.2095211  -79.75951603 -80.03896426 -78.70144862
 -77.01874579 -80.65018372 -76.20110488 -78.95662639 -81.49372175
 -79.27496937 -78.57311985 -77.59558845 -79.77812197 -73.33363828
 -77.66381216 -80.18993923 -79.88016361 -78.24264002 -78.28317034
 -78.57241684 -77.38661052 -79.79176048 -78.95326728 -78.21953931
 -77.88062289 -75.85929578 -79.02603484 -78.06360388 -76.52423212
 -79.14830106 -78.82104315 -78.8952578  -76.17064768 -76.62838488
 -78.96568564 -78.87684651 -76.85071127 -76.60814835 -78.9460124
 -77.26217224 -76.98132051 -79.18301796 -76.53925281 -78.49161662
 -78.17393145 -77.77805865 -79.01360254 -79.19455169 -77.57895139
 -78.9830988  -78.37959565 -80.85867608 -75.34326775 -76.45704137
 -80.02659447 -79.0475857  -76.76125245 -78.4928545  -76.99289884
 -79.14425604 -75.74023895 -78.22489559 -77.82320565 -77.20288659
 -77.15305555 -77.48586739 -75.52127786 -80.13613884 -78.28261833
 -79.28626752 -79.21620382 -77.65369771 -76.13098844 -77.53854389
 -78.50431927 -76.58005401 -77.91863628 -79.52179286 -76.37963052
 -77.03585781 -78.0901442  -76.29383023 -78.79855941 -78.44814894
 -77.40533298 -77.25485432 -75.99820901 -79.24833406 -79.26580735
 -79.45175839 -78.28638133 -77.6237697  -81.00412179 -75.89837519
 -78.03036904 -79.201976   -78.33937544 -76.7979224  -75.33851019
 -77.32749549 -79.32830592 -79.87343883 -79.42257406 -77.08464904
 -80.54213586 -76.64886794 -74.21932101 -78.31575409 -77.30476435
 -81.74994961 -79.24442223 -77.85978891 -77.44635018 -75.2505881
 -77.83556593 -80.86895218 -79.3535132  -79.12830104 -77.1384024
 -80.21456439 -80.60734208 -79.2362629  -77.4874558  -75.43331402
 -77.11167707 -76.58670542 -76.01650023 -79.59268933 -76.78068588
 -76.79403761 -75.2654939  -77.43822658 -78.94255603 -79.2865326
 -77.87332486 -78.96138719 -76.26616404 -77.25609797 -75.66450632
 -77.55514414 -79.72666304 -75.54354662 -78.61648524 -78.01137972
 -78.67973181 -76.1938172  -80.37149639 -81.04438798 -78.02415364
 -76.32764748 -79.41130413 -76.61100761 -77.90265303 -81.74455183
 -76.85079993 -80.21607532 -78.05437111 -78.18425591 -77.74156429
 -78.64334364 -77.49928873 -78.93559183 -77.65413322 -76.22303191
 -80.94179397 -75.99857038 -76.81137219 -77.67469591 -78.41092235
 -78.3980021  -77.93976675 -78.57188745 -79.28776236 -77.30910439
 -76.22443294 -75.84082095 -79.4849355  -80.93376698 -78.51143029
 -76.91689121 -79.76022495 -77.81571825 -74.61124785 -79.00253297
 -77.66240185 -76.00008412 -78.34732257 -77.93102051 -79.03783601
 -75.64000117 -80.29791528 -77.73474479 -79.33811845 -78.56251035
 -77.81788274 -81.30914532 -77.68419238 -76.81527552 -76.80310277
 -78.97147566 -78.88894691 -76.72675193 -79.67919    -79.02033415
 -79.2588793  -78.45927749 -78.3840673  -77.70407102 -78.72893948
 -79.91383816 -80.35920274 -77.30838266 -77.12336546 -81.40145887
 -77.57168703 -75.33759342 -78.04159037 -77.9843038  -77.63224738
 -75.4741427  -83.19604128 -79.30678152 -78.42460768 -74.5871455
 -77.42028811 -77.91944907 -76.14832095 -79.37301939 -74.32426712
 -82.47127443 -77.6529679  -76.63399404 -79.46167217 -79.59098432
 -81.29659012 -76.8246096  -77.87242527 -78.33605927 -75.81894663
 -79.67760265 -76.8708812  -78.93396548 -75.81040273 -75.48705722
 -78.04690111 -77.27034337 -77.21555644 -77.65504872 -76.6684286 ]
2025-06-11 08:23:25 INFO Expected Optimum FE: -100
2025-06-11 08:23:25 INFO Unimodal AOCC mean: 0.0000
2025-06-11 08:23:25 INFO Multimodal (single component) AOCC mean: 0.0000
2025-06-11 08:23:25 INFO Multimodal (multiple components) AOCC mean: 0.0747
2025-06-11 08:23:25 INFO AOCC mean: 0.0249
2025-06-11 08:23:25 INFO Run function 20 complete. FEHistory len: 10000, AOCC: 0.0729
2025-06-11 08:23:25 INFO FeHistory: [-76.83068773 -77.32401109 -75.97661162 ... -86.17050354 -86.11172931
 -86.11292822]
2025-06-11 08:23:25 INFO Expected Optimum FE: -100
2025-06-11 08:23:25 INFO Unimodal AOCC mean: 0.0000
2025-06-11 08:23:25 INFO Multimodal (single component) AOCC mean: 0.0000
2025-06-11 08:23:25 INFO Multimodal (multiple components) AOCC mean: 0.0729
2025-06-11 08:23:25 INFO AOCC mean: 0.0243
