2025-06-10 15:02:51 INFO --- GNBG Problem Parameters for f1 ---
  Dimension: 30, MaxEvals: 500000
  Search Bounds: [-100, 100]
  Number of Components: 1
  Known Optimum Value: -1081.983799
  Lambda (Curvature): [1]
  Mu (Asymmetry/Depth): [0 0]
----------------------------------------
2025-06-10 15:02:51 ERROR Can not run the algorithm
2025-06-10 15:02:51 INFO Run function 1 complete. FEHistory len: 100, AOCC: 0.0000
2025-06-10 15:02:51 INFO FeHistory: [165531.80502411 133005.42618714 181845.62948385 207221.45488685
 214949.81471118 152350.59933718 190802.64891298 136610.32224803
 172531.36529994 119492.70742223 143926.34349091 212914.05112788
 144901.66630559 157746.70083515 165703.96072613 219611.04081251
 113208.41807248 185096.0159845  165843.07633782 163507.2201235
 137762.18681157 214539.767131   176414.95305403 143215.82604366
 193443.91066586 123186.41988943 166408.01833085 168599.96874077
 195775.47615543 161136.83611955 186319.0998781  233530.87832083
 181300.70159151 213370.71312776 115468.97573216 191718.22080745
 171160.5629295  111210.1131024  163354.97489107 154723.91542621
 168224.66960132 230685.66157289 164586.74884644 265378.19661877
 145055.00691459 184618.84825389 140384.88540482 183202.61803139
 236317.54596084  73113.59407441 197172.90896077 207412.67072866
 183469.29894712 178991.48419657 181798.15734375 170798.84901651
 121421.03231204 163866.13256072 208854.25922983 161514.07428218
 196305.00708517 164001.03026812 156581.34955555 123801.58977967
 158773.67222875 186695.46451441 216009.18436886 246762.03797274
 144229.64598329 133493.66721024 196268.82202202 196754.90584217
 144514.40639722 127164.38616836 173612.52280194 178812.33888768
 186502.53353652 128416.99544031  96913.43563398 147483.55720779
 115627.09400389 169437.31286432 182213.95542387 182356.37911738
 171073.36480797 147488.27072376 182823.05807685 120631.06419673
 189418.88112318 220300.54827118 171518.68771598 194551.14437708
 237172.61986326 135825.05173144 167972.16156044 202291.72294651
 132131.95255662 178661.27762368 189029.66351791 175546.81817507]
2025-06-10 15:02:51 INFO Expected Optimum FE: -1081.9837994003399
2025-06-10 15:02:51 INFO --- GNBG Problem Parameters for f8 ---
  Dimension: 30, MaxEvals: 500000
  Search Bounds: [-100, 100]
  Number of Components: 1
  Known Optimum Value: -656.788998
  Lambda (Curvature): [1]
  Mu (Asymmetry/Depth): [0.2 0.2]
----------------------------------------
2025-06-10 15:02:51 ERROR Can not run the algorithm
2025-06-10 15:02:51 INFO Run function 8 complete. FEHistory len: 100, AOCC: 0.0000
2025-06-10 15:02:51 INFO FeHistory: [117259.31654635 257302.87294121 197976.30526639 188891.27086578
 211293.17504302 116070.82790296 232178.90485994 201213.11574612
 168612.14373573 193831.87937194 244877.75950643 200145.72701268
 225605.30802688 112197.56813798 191693.5845065  225112.55729255
 181713.49197038 186266.20691439 179411.00223766 110038.82680175
 182682.61170376 187809.65793725 176214.02863084  97741.01483477
 238930.03360929 165775.09171781 161899.69832843 202146.35483581
 194526.09055425 172956.32732545 147949.98267811 189994.42148365
 182337.67330611 141134.6347161  191774.10728128 160042.8523736
 171242.32130085 346957.38357118 183268.36037606 153027.29623411
 152438.4811331  182552.24533076 275817.31736131 221539.07014812
 231232.98267581 259399.18238436 276617.53827406 119573.33995974
 189013.12594302 252804.3885815  264406.13111761 171229.06882233
 208163.10528416 164679.36738475 157879.92732141 213704.29066045
 111583.47500016 196136.09202998 182110.00762805 208845.29711428
 196518.32238748 137177.79227458 136884.17688901 154184.91756898
 191568.39104082 202310.06007709  99438.94402433 231481.4513333
 153546.91890169 185119.76029704 222879.90364855 158795.78351912
 196936.66748327 179915.15067382  86980.34766988 188363.34701343
 161907.66039689 223973.35688701 226425.0063874  128120.2181566
 187439.53731001 230222.8522622  146360.91537462 109971.20760374
 265367.22839108 142165.11848329 282287.98539934 200054.29273875
 151177.37589447 186733.12640465 159189.05383928 150718.1619657
 256338.37352805 181526.89997968 181436.10279323 142501.94598552
 160854.6377486  131619.94963386 158983.94230127 238211.07698248]
2025-06-10 15:02:51 INFO Expected Optimum FE: -656.7889979935655
2025-06-10 15:02:51 INFO --- GNBG Problem Parameters for f20 ---
  Dimension: 30, MaxEvals: 1000000
  Search Bounds: [-100, 100]
  Number of Components: 5
  Known Optimum Value: -100.000000
  Lambda (Curvature): [0.25 0.25 0.25 0.25 0.25]
  Mu (Asymmetry/Depth): [0.4901829  0.25862884 0.37043014 0.37440768 0.26098797 0.491006
 0.27569772 0.45404864 0.42314776 0.27195433]
----------------------------------------
2025-06-10 15:02:51 INFO --- GNBG Problem Parameters for f1 ---
  Dimension: 30, MaxEvals: 500000
  Search Bounds: [-100, 100]
  Number of Components: 1
  Known Optimum Value: -1081.983799
  Lambda (Curvature): [1]
  Mu (Asymmetry/Depth): [0 0]
----------------------------------------
2025-06-10 15:02:51 ERROR Can not run the algorithm
2025-06-10 15:02:51 INFO Run function 20 complete. FEHistory len: 100, AOCC: 0.0744
2025-06-10 15:02:51 INFO FeHistory: [-76.50719254 -75.58842497 -76.19018722 -79.89157981 -77.29170035
 -80.43656205 -77.23156975 -81.73812987 -81.3724253  -77.98709185
 -78.9756243  -77.46299953 -78.78781592 -78.21156479 -77.13435253
 -74.72550392 -77.16032427 -77.36007298 -79.86572991 -77.58975501
 -80.38812162 -77.96108774 -78.68595052 -78.00886005 -78.26421425
 -78.43147407 -78.79983386 -77.09266173 -76.84872252 -82.35290412
 -78.70460962 -77.65559781 -75.57523328 -81.62634855 -81.50875481
 -76.95114579 -77.08861488 -77.10675101 -78.43849901 -81.03333961
 -80.13491259 -78.70943819 -79.61113376 -77.24725403 -78.05059147
 -79.67710638 -77.67599281 -81.18944614 -78.59908829 -77.36353434
 -79.05473522 -77.9738234  -76.11328163 -76.79199646 -80.46946552
 -78.80940482 -77.6564286  -75.73750736 -78.26360864 -79.67528437
 -79.7650555  -78.71310161 -76.1043034  -79.46716721 -79.22331095
 -79.83535106 -79.94512942 -78.5622695  -79.01636813 -78.56725885
 -80.22940098 -80.62220342 -81.30966355 -78.99858758 -76.75370061
 -77.20712751 -77.12632946 -78.59401533 -79.16885273 -77.70838517
 -78.520488   -75.9740224  -78.82505301 -77.97616312 -77.97231243
 -77.74258536 -77.05121372 -76.77122509 -77.43506333 -77.13996791
 -80.66354036 -76.88488744 -79.64518495 -77.60223335 -77.35839863
 -77.69870936 -77.37182842 -79.24702162 -78.64950124 -77.58701735]
2025-06-10 15:02:51 INFO Expected Optimum FE: -100
2025-06-10 15:02:51 INFO Unimodal AOCC mean: 0.0000
2025-06-10 15:02:51 INFO Multimodal (single component) AOCC mean: 0.0000
2025-06-10 15:02:51 INFO Multimodal (multiple components) AOCC mean: 0.0744
2025-06-10 15:02:51 INFO AOCC mean: 0.0248
2025-06-10 15:02:52 INFO --- GNBG Problem Parameters for f1 ---
  Dimension: 30, MaxEvals: 500000
  Search Bounds: [-100, 100]
  Number of Components: 1
  Known Optimum Value: -1081.983799
  Lambda (Curvature): [1]
  Mu (Asymmetry/Depth): [0 0]
----------------------------------------
2025-06-10 15:02:53 INFO --- GNBG Problem Parameters for f1 ---
  Dimension: 30, MaxEvals: 500000
  Search Bounds: [-100, 100]
  Number of Components: 1
  Known Optimum Value: -1081.983799
  Lambda (Curvature): [1]
  Mu (Asymmetry/Depth): [0 0]
----------------------------------------
2025-06-10 15:02:54 INFO --- GNBG Problem Parameters for f1 ---
  Dimension: 30, MaxEvals: 500000
  Search Bounds: [-100, 100]
  Number of Components: 1
  Known Optimum Value: -1081.983799
  Lambda (Curvature): [1]
  Mu (Asymmetry/Depth): [0 0]
----------------------------------------
2025-06-10 15:02:54 INFO Run function 1 complete. FEHistory len: 5000, AOCC: 0.0000
2025-06-10 15:02:54 INFO FeHistory: [119690.4464315  206663.6104828  145061.61489287 ... 165809.97912211
 139480.73038571 137316.74696623]
2025-06-10 15:02:54 INFO Expected Optimum FE: -1081.9837994003399
2025-06-10 15:02:54 INFO --- GNBG Problem Parameters for f8 ---
  Dimension: 30, MaxEvals: 500000
  Search Bounds: [-100, 100]
  Number of Components: 1
  Known Optimum Value: -656.788998
  Lambda (Curvature): [1]
  Mu (Asymmetry/Depth): [0.2 0.2]
----------------------------------------
2025-06-10 15:02:55 INFO Run function 1 complete. FEHistory len: 5000, AOCC: 0.0000
2025-06-10 15:02:55 INFO FeHistory: [164250.49347974 219709.5044067  243219.01281001 ...  36768.66557899
  26523.41291475  29721.64032051]
2025-06-10 15:02:55 INFO Expected Optimum FE: -1081.9837994003399
2025-06-10 15:02:55 INFO --- GNBG Problem Parameters for f8 ---
  Dimension: 30, MaxEvals: 500000
  Search Bounds: [-100, 100]
  Number of Components: 1
  Known Optimum Value: -656.788998
  Lambda (Curvature): [1]
  Mu (Asymmetry/Depth): [0.2 0.2]
----------------------------------------
2025-06-10 15:02:55 INFO Run function 8 complete. FEHistory len: 5000, AOCC: 0.0000
2025-06-10 15:02:55 INFO FeHistory: [164516.13446663 168462.26544271 192262.4113566  ... 151632.78356723
 111559.64014    119406.58026834]
2025-06-10 15:02:55 INFO Expected Optimum FE: -656.7889979935655
2025-06-10 15:02:55 INFO --- GNBG Problem Parameters for f20 ---
  Dimension: 30, MaxEvals: 1000000
  Search Bounds: [-100, 100]
  Number of Components: 5
  Known Optimum Value: -100.000000
  Lambda (Curvature): [0.25 0.25 0.25 0.25 0.25]
  Mu (Asymmetry/Depth): [0.4901829  0.25862884 0.37043014 0.37440768 0.26098797 0.491006
 0.27569772 0.45404864 0.42314776 0.27195433]
----------------------------------------
2025-06-10 15:02:57 INFO Run function 8 complete. FEHistory len: 5000, AOCC: 0.0000
2025-06-10 15:02:57 INFO FeHistory: [182486.72067702 185482.00007541  96122.85386746 ...  64102.02324557
  39402.61587781  56634.56202884]
2025-06-10 15:02:57 INFO Expected Optimum FE: -656.7889979935655
2025-06-10 15:02:57 INFO --- GNBG Problem Parameters for f20 ---
  Dimension: 30, MaxEvals: 1000000
  Search Bounds: [-100, 100]
  Number of Components: 5
  Known Optimum Value: -100.000000
  Lambda (Curvature): [0.25 0.25 0.25 0.25 0.25]
  Mu (Asymmetry/Depth): [0.4901829  0.25862884 0.37043014 0.37440768 0.26098797 0.491006
 0.27569772 0.45404864 0.42314776 0.27195433]
----------------------------------------
2025-06-10 15:02:58 INFO Run function 20 complete. FEHistory len: 10000, AOCC: 0.0751
2025-06-10 15:02:58 INFO FeHistory: [-79.47470562 -74.04862469 -77.94963134 ... -78.46301181 -79.1562477
 -78.49772894]
2025-06-10 15:02:58 INFO Expected Optimum FE: -100
2025-06-10 15:02:58 INFO Unimodal AOCC mean: 0.0000
2025-06-10 15:02:58 INFO Multimodal (single component) AOCC mean: 0.0000
2025-06-10 15:02:58 INFO Multimodal (multiple components) AOCC mean: 0.0751
2025-06-10 15:02:58 INFO AOCC mean: 0.0250
2025-06-10 15:03:02 INFO Run function 20 complete. FEHistory len: 10000, AOCC: 0.0734
2025-06-10 15:03:02 INFO FeHistory: [-78.26927026 -76.57686493 -78.43583136 ... -82.29547215 -84.73131287
 -83.41520588]
2025-06-10 15:03:02 INFO Expected Optimum FE: -100
2025-06-10 15:03:02 INFO Unimodal AOCC mean: 0.0000
2025-06-10 15:03:02 INFO Multimodal (single component) AOCC mean: 0.0000
2025-06-10 15:03:02 INFO Multimodal (multiple components) AOCC mean: 0.0734
2025-06-10 15:03:02 INFO AOCC mean: 0.0245
2025-06-10 15:03:15 INFO Run function 1 complete. FEHistory len: 5000, AOCC: 0.0000
2025-06-10 15:03:15 INFO FeHistory: [166832.94787171 146552.00117298 181200.51947064 ...  68193.47878358
  85233.87296618  64316.18405128]
2025-06-10 15:03:15 INFO Expected Optimum FE: -1081.9837994003399
2025-06-10 15:03:15 INFO --- GNBG Problem Parameters for f8 ---
  Dimension: 30, MaxEvals: 500000
  Search Bounds: [-100, 100]
  Number of Components: 1
  Known Optimum Value: -656.788998
  Lambda (Curvature): [1]
  Mu (Asymmetry/Depth): [0.2 0.2]
----------------------------------------
2025-06-10 15:03:17 INFO Run function 1 complete. FEHistory len: 5000, AOCC: 0.0000
2025-06-10 15:03:17 INFO FeHistory: [240066.91019535  94337.49061151 131109.24051315 ...  72314.18896614
  60408.58556146  66172.29716264]
2025-06-10 15:03:17 INFO Expected Optimum FE: -1081.9837994003399
2025-06-10 15:03:17 INFO --- GNBG Problem Parameters for f8 ---
  Dimension: 30, MaxEvals: 500000
  Search Bounds: [-100, 100]
  Number of Components: 1
  Known Optimum Value: -656.788998
  Lambda (Curvature): [1]
  Mu (Asymmetry/Depth): [0.2 0.2]
----------------------------------------
2025-06-10 15:03:39 INFO Run function 8 complete. FEHistory len: 5000, AOCC: 0.0000
2025-06-10 15:03:39 INFO FeHistory: [182592.52044164 186248.94874998 203518.24101683 ...  92078.38362187
 137296.65569609  82803.62340263]
2025-06-10 15:03:39 INFO Expected Optimum FE: -656.7889979935655
2025-06-10 15:03:39 INFO --- GNBG Problem Parameters for f20 ---
  Dimension: 30, MaxEvals: 1000000
  Search Bounds: [-100, 100]
  Number of Components: 5
  Known Optimum Value: -100.000000
  Lambda (Curvature): [0.25 0.25 0.25 0.25 0.25]
  Mu (Asymmetry/Depth): [0.4901829  0.25862884 0.37043014 0.37440768 0.26098797 0.491006
 0.27569772 0.45404864 0.42314776 0.27195433]
----------------------------------------
2025-06-10 15:03:41 INFO Run function 8 complete. FEHistory len: 5000, AOCC: 0.0000
2025-06-10 15:03:41 INFO FeHistory: [354843.44098365 191412.75620084 149209.50838486 ...  66195.92206584
  98391.40301817 132355.98023084]
2025-06-10 15:03:41 INFO Expected Optimum FE: -656.7889979935655
2025-06-10 15:03:41 INFO --- GNBG Problem Parameters for f20 ---
  Dimension: 30, MaxEvals: 1000000
  Search Bounds: [-100, 100]
  Number of Components: 5
  Known Optimum Value: -100.000000
  Lambda (Curvature): [0.25 0.25 0.25 0.25 0.25]
  Mu (Asymmetry/Depth): [0.4901829  0.25862884 0.37043014 0.37440768 0.26098797 0.491006
 0.27569772 0.45404864 0.42314776 0.27195433]
----------------------------------------
2025-06-10 15:04:10 INFO Run function 20 complete. FEHistory len: 10000, AOCC: 0.0723
2025-06-10 15:04:10 INFO FeHistory: [-75.26942123 -80.32819079 -78.90935194 ... -82.28642675 -82.69335656
 -84.65889949]
2025-06-10 15:04:10 INFO Expected Optimum FE: -100
2025-06-10 15:04:10 INFO Unimodal AOCC mean: 0.0000
2025-06-10 15:04:10 INFO Multimodal (single component) AOCC mean: 0.0000
2025-06-10 15:04:10 INFO Multimodal (multiple components) AOCC mean: 0.0723
2025-06-10 15:04:10 INFO AOCC mean: 0.0241
2025-06-10 15:04:20 INFO Run function 20 complete. FEHistory len: 10000, AOCC: 0.0732
2025-06-10 15:04:20 INFO FeHistory: [-79.42970468 -78.09954958 -78.88488369 ... -84.201232   -84.36750248
 -86.17649565]
2025-06-10 15:04:20 INFO Expected Optimum FE: -100
2025-06-10 15:04:20 INFO Unimodal AOCC mean: 0.0000
2025-06-10 15:04:20 INFO Multimodal (single component) AOCC mean: 0.0000
2025-06-10 15:04:20 INFO Multimodal (multiple components) AOCC mean: 0.0732
2025-06-10 15:04:20 INFO AOCC mean: 0.0244
2025-06-10 15:04:29 INFO --- GNBG Problem Parameters for f1 ---
  Dimension: 30, MaxEvals: 500000
  Search Bounds: [-100, 100]
  Number of Components: 1
  Known Optimum Value: -1081.983799
  Lambda (Curvature): [1]
  Mu (Asymmetry/Depth): [0 0]
----------------------------------------
2025-06-10 15:04:30 INFO --- GNBG Problem Parameters for f1 ---
  Dimension: 30, MaxEvals: 500000
  Search Bounds: [-100, 100]
  Number of Components: 1
  Known Optimum Value: -1081.983799
  Lambda (Curvature): [1]
  Mu (Asymmetry/Depth): [0 0]
----------------------------------------
2025-06-10 15:04:30 INFO --- GNBG Problem Parameters for f1 ---
  Dimension: 30, MaxEvals: 500000
  Search Bounds: [-100, 100]
  Number of Components: 1
  Known Optimum Value: -1081.983799
  Lambda (Curvature): [1]
  Mu (Asymmetry/Depth): [0 0]
----------------------------------------
2025-06-10 15:04:30 INFO Run function 1 complete. FEHistory len: 5000, AOCC: 0.0000
2025-06-10 15:04:30 INFO FeHistory: [105069.34245134 120600.59855092 129739.74428289 ... 154569.36503826
 101681.79212525 103710.37658218]
2025-06-10 15:04:30 INFO Expected Optimum FE: -1081.9837994003399
2025-06-10 15:04:30 INFO --- GNBG Problem Parameters for f8 ---
  Dimension: 30, MaxEvals: 500000
  Search Bounds: [-100, 100]
  Number of Components: 1
  Known Optimum Value: -656.788998
  Lambda (Curvature): [1]
  Mu (Asymmetry/Depth): [0.2 0.2]
----------------------------------------
2025-06-10 15:04:31 INFO --- GNBG Problem Parameters for f1 ---
  Dimension: 30, MaxEvals: 500000
  Search Bounds: [-100, 100]
  Number of Components: 1
  Known Optimum Value: -1081.983799
  Lambda (Curvature): [1]
  Mu (Asymmetry/Depth): [0 0]
----------------------------------------
2025-06-10 15:04:31 ERROR Can not run the algorithm
2025-06-10 15:04:31 INFO Run function 1 complete. FEHistory len: 301, AOCC: 0.0000
2025-06-10 15:04:31 INFO FeHistory: [151157.08357623 271646.84867971 202870.91639141 157798.40355956
 165648.57218917 195255.66990553 217134.93992677 153732.34386498
 124107.86084809 167040.29736306 174018.62345468 193629.78445264
 228689.14238646 139120.30411795 196130.35076004 141640.82997801
 180976.9195271  180204.78158416 137774.56888592 197101.4901449
 231927.3505139  151034.12766401 177228.14342458 152686.79530549
 207916.62671823 177874.97334172 182661.17859832 159983.5855385
 163139.67438801 167006.2343391  199917.92880882 135341.91281382
 202947.5459542  168328.24934346 115866.28701324 134550.46338283
 183056.75681822 241823.42127352 182412.84298406 133445.66567971
 181748.1394064  173234.28885449 118735.40671913 149851.68822503
 117512.21115811 171317.60058699 177496.06966449 165386.78445334
 155461.71952662 115075.83856569 164673.10038372 160483.38388843
 150290.81178162 147729.52965266 172308.88197584 169634.7558986
 216689.45678228 144220.73206481 133123.86790588  89745.10669543
 183534.10398236 210472.44428387 142071.42376751 177743.8271784
 132109.3320243  121479.19996143 194541.44011527 118481.10888229
 169444.0138011  162036.23502167 175781.31795931 160297.55518231
 228307.65507884 143281.22905728 180846.6211374  188171.91329902
 133349.15591997 168174.52501424 159786.01823321 208657.1772656
 233338.67733582 209106.04931944 170294.32290962 226812.50404911
 131816.54904154 183010.13444675 225994.58557974 116526.17835519
 136949.08897463 165651.48333593 229661.3238077  110341.59644913
 227234.83841055 139407.59766716 224381.71376674 140997.42904672
 197605.95565601 200083.29065175 171426.73871616 151756.45155072
 171615.93869495 177016.99642327 165944.8746348  176111.67067426
 172923.23082768 135434.32222606 189837.06652172 170644.47358638
 193058.13470124 195077.73350463 161528.83666874 128447.71908385
 156841.72039164 187877.80438047 120260.52464537 240663.3563452
 188229.73058715 171596.26481296 193498.37443777 248194.40344895
 175955.75862353 207629.94185771 129519.39410147 230905.42926066
 145031.72730683 145921.39280428 192804.50614542 206405.25978923
 153928.79041552 221426.32637246 154061.49989413 199149.61186438
 156519.76630319 171470.4617642  153860.24869421 182911.2757855
 150736.73898816 167767.51965328 102551.13602026 165245.62766842
 126730.25123753 181565.77650778 143977.502774   131935.2473662
 170059.54705053 151873.50778588 230704.44304936 170994.0968494
 166499.85354164 131888.25524158 194641.78408568 144365.1990142
 184410.32868529 157573.49529743 162673.45809919 170877.34854954
 161983.52399162 199140.53200603 184376.84111634 139988.10867594
 169429.18712583 206032.10018604 200677.94717598 134357.08024887
 152333.45500854 193648.82731821 172150.39955675 144150.96581086
 163053.01439807 130347.66774657 170609.67623368 137422.50088739
 183791.41454904 153265.90985392 128747.63247796 192095.2128519
 153510.22212874 126581.19026404 171873.37785858  95160.75792069
 186836.83258656 141505.0405633  190776.59545967 237876.90997433
 176486.80333287 129944.26662254 191463.07997441 232944.43319647
 213281.81744283 123694.46799683 125732.58204691 134519.05190483
 114493.70725661 157253.84470062 221444.29451834 161885.75897372
 193596.99962247 184684.27637171 159312.99085528 140796.36310876
 202742.75727219 175364.7751109  176712.12820028 167274.59735913
 153805.20199818 140570.35857847 140336.97429648 216587.19632139
 135545.03730243 183094.2670928  109873.13808467 177074.12023808
 168039.37745628 175860.72563146 210832.78146752 186856.48370731
 116946.31384375 168975.38697703 186629.8299844  146617.70503553
 205118.37707983 148495.78674676 211199.12903653 157771.03133139
 155014.6023798  214723.71792691 160346.0756397  143310.90153791
 163065.89328563 185606.1328737  149407.32224767 158554.01894402
 234806.71428974 166059.78006675 200834.85531621 177516.64885978
 200560.79656517 157021.08641766  98363.70858159 173156.10317778
 154719.86850742 166348.5564574  136914.94907792 169408.69677724
 150807.95215021 208626.28319023 171577.60589653  93735.07408982
 264171.58113406 200345.06832794 174677.19575578 231340.68629576
 134442.47865274 164417.13453317 184515.72531655 184103.89706843
 138108.51275739 192453.14641531 155993.03991907 151416.7862266
 194700.37485558 162423.41069634 156066.59845271 219841.262825
 160825.06052619 128872.01239283 209501.27384351 161418.13094237
 160731.46257428 130622.76484904 154200.32062191 125728.43138219
 190614.1166666  184376.28057563 150367.43543123  99942.72011816
 239791.04773196 155862.53480286 139269.7734493  118927.41751014
 262071.09971132 107732.50387592 172779.25949569 196350.09228483
 152710.08910384 285524.26457989 171558.10475967 137198.41953821
 223240.82115697 260615.54429697 194633.73866676 180472.49715345
 130467.5524527  160384.43687683 226933.84153523  98083.89112941
 161137.50526906 233953.98785092 164759.68793913 135995.8653177
 141193.58355981]
2025-06-10 15:04:31 INFO Expected Optimum FE: -1081.9837994003399
2025-06-10 15:04:31 INFO --- GNBG Problem Parameters for f8 ---
  Dimension: 30, MaxEvals: 500000
  Search Bounds: [-100, 100]
  Number of Components: 1
  Known Optimum Value: -656.788998
  Lambda (Curvature): [1]
  Mu (Asymmetry/Depth): [0.2 0.2]
----------------------------------------
2025-06-10 15:04:31 ERROR Can not run the algorithm
2025-06-10 15:04:31 INFO Run function 8 complete. FEHistory len: 301, AOCC: 0.0000
2025-06-10 15:04:31 INFO FeHistory: [241669.47908034 167960.38736312 189362.35105288 197161.05556977
 153362.5124062  226646.1495139  152310.12911661 166469.84182967
 168561.26651208 162793.284154   302057.39274411 192011.91362474
 154660.81035941 280899.94879008 153389.41521952 172210.08414799
 187051.6930289  119651.03547299 200103.5892296  211164.6052211
 197298.63617587 225281.94761636 113590.23765597 149889.54131614
 157721.14665319 168968.01475296 235313.55941564 121067.29213248
 157280.1837274  180600.07293908 238765.48818993 222157.62324939
 158746.96350534 133281.93551067 135512.17589655 178244.28427779
 149816.68600704 206680.82110088 115991.30007127 389543.28234117
 166514.09864249 216578.11849231 250235.94735286 238524.45258393
 183782.1352387  238817.17248768 244791.70116039 264099.35219153
 156881.057514   169262.00873916 184662.90491269 264081.98365588
 217201.16266109 191487.28677846 158524.8538409  269824.6063804
 158539.74934498 150640.24682546 169828.47345948 209090.76518765
 113435.13326297 218863.08241502 160617.44541155 139297.51771119
 170128.25225376 193730.70413827 206346.36761544 190430.02418234
  84952.50376822 136625.25841112 182262.32477022 180475.25071319
 229367.45070335 233753.50053054 253988.54395271 117312.53926397
 252977.72568743 251488.25710061 197098.3970805  174581.1847795
 265220.21793446 156408.55851611 161861.46929297 171665.82247868
 186431.47074774 185224.14634441 177409.42762633 175513.44471897
 239708.95641281 153616.21897415 209448.06009818 212297.89227975
 230550.48874582 150067.15569938 200048.75863589 142904.41323342
 189427.21023239 147647.40760402 168780.00678269 242126.34961764
 112062.57599791 154136.902807   209555.20182314 204174.50314347
 185574.5687002  269934.07362613 194870.15828541 200074.74069595
 126560.13759437 146117.13203305 129262.82946843 316401.98650972
 251875.69327659 232196.58958842 169886.54971654 148857.90252687
 127738.97038891 226247.39835031  80930.25520329 219301.92887845
 314163.29847194 181107.74954059 171707.28346923 174722.75072286
 181683.18253631 192694.99209505 175589.40539071 150979.61295936
 297076.04635833 135969.97273008 111191.8888733  196981.16552621
 186915.22374766 258452.13659263 178579.80339255 185837.56330794
 204292.83480797 132450.31217339 195619.13522083 167891.39266064
 157323.37471605 214061.36248797 240501.70824473 108292.88091384
 119301.28816121 164281.83421627 136942.4985988  227268.92725243
 254137.61060245 100087.27765574 212869.00260374 200827.1495265
 324192.97850534 210784.42845727 195585.24858547 157349.92594202
 154546.72104544 154724.85545181 112120.5694801  183444.79745822
 254764.00744167 290919.45037671 135958.10408233 210768.34701125
 168748.53495192  98392.00238813 156741.86717719 214754.96156636
 202062.31372399 196786.57639628 183482.35109104 213732.58084797
 190925.53109363 138317.59843532 260292.86624613 155131.80397026
 212631.67398078 146172.52274711 395027.86529107 107589.42053955
 218260.06892005 289529.93804686 142610.33751508 180486.32967909
 293613.88305136 143138.21756626 131899.12094342 159583.10969878
 146436.29828665 146080.99538448 157878.86363106 136375.75996515
 200701.58588894 293119.13871758 173120.51877764 219730.9363773
 173440.1788794  166683.16828327 263626.87506438 189891.17452915
 166423.36966147 214528.80479516 218811.09318243 129154.77070379
 183589.62343876 263819.33985816 168816.21502409 236043.52165721
 153692.51012184 210890.34300327 206588.20297135 190509.1857431
 214663.71907273 142121.30665168 233335.08100211 182440.47336229
 164642.37551987 222619.82336769 197941.34312674 165362.1594216
 238987.19763395 167386.78062675 126776.51670775 168689.90230516
 287541.63052623 138551.3250453  249851.34259933 243383.95982567
 196302.53974985 199174.7363185  254314.42884067 266297.30303603
 162253.14693066 127951.86051125 190835.37985123 292736.64820815
 271776.65479003 141790.98523809 164509.13464096 213496.26354388
 185490.18512693 129660.75425175 141500.71633085 302181.93039915
  87422.63609737 196670.58250701 219731.13216201 218749.1104832
 138937.45292944 171162.81394063 190292.69887978 165290.69360644
 123692.11328187 166054.64622267 228079.38997061 258174.23984432
  99092.9230868  179464.33079448 167251.5011475  220903.75967834
 275800.18935822 246451.99101222 238731.60801827 155728.5515727
 113578.94934166 187186.53065698 191008.73248129 206832.41455099
 163377.85610745 221941.66799359 143685.89315819 257100.05139557
 148130.61125743 199621.15073728 198673.5466407  282310.9540478
 241143.50502863 218674.5384698  120255.17341157 251961.43678721
 276819.58329147 216380.79433906 139678.74177386 177677.81380843
 157371.37454974 198313.12680677 176462.01771033 192406.95785063
 144665.05042591 153726.42880869 191276.52103668 253360.13787088
 221726.7400799  191712.55022436 164006.64366985 226118.51925755
 237047.39327125 175454.08002716 177326.152534    90195.61267615
 284931.02606075]
2025-06-10 15:04:31 INFO Expected Optimum FE: -656.7889979935655
2025-06-10 15:04:31 INFO --- GNBG Problem Parameters for f20 ---
  Dimension: 30, MaxEvals: 1000000
  Search Bounds: [-100, 100]
  Number of Components: 5
  Known Optimum Value: -100.000000
  Lambda (Curvature): [0.25 0.25 0.25 0.25 0.25]
  Mu (Asymmetry/Depth): [0.4901829  0.25862884 0.37043014 0.37440768 0.26098797 0.491006
 0.27569772 0.45404864 0.42314776 0.27195433]
----------------------------------------
2025-06-10 15:04:31 INFO Run function 1 complete. FEHistory len: 5000, AOCC: 0.0000
2025-06-10 15:04:31 INFO FeHistory: [184766.24763144 156193.5916344  161710.77116587 ... 127664.46353078
 100784.26723175 122464.6192832 ]
2025-06-10 15:04:31 INFO Expected Optimum FE: -1081.9837994003399
2025-06-10 15:04:31 INFO --- GNBG Problem Parameters for f8 ---
  Dimension: 30, MaxEvals: 500000
  Search Bounds: [-100, 100]
  Number of Components: 1
  Known Optimum Value: -656.788998
  Lambda (Curvature): [1]
  Mu (Asymmetry/Depth): [0.2 0.2]
----------------------------------------
2025-06-10 15:04:31 ERROR Can not run the algorithm
2025-06-10 15:04:31 INFO Run function 20 complete. FEHistory len: 301, AOCC: 0.0748
2025-06-10 15:04:31 INFO FeHistory: [-80.67386969 -77.73602545 -75.5174466  -77.19916441 -77.76422013
 -77.74051729 -76.41947263 -78.25265393 -77.51826027 -77.80425272
 -77.26699606 -76.793209   -79.8128877  -78.75874628 -81.02319263
 -76.98563715 -80.05364953 -80.19670786 -79.51605864 -78.64987985
 -77.98189078 -76.81730861 -77.85941361 -78.56036977 -78.11835444
 -80.89376774 -75.59162568 -78.32666675 -81.06017627 -78.21525303
 -78.8030208  -77.68703988 -76.53427019 -78.68446227 -75.87025971
 -78.75081227 -80.62495108 -77.0184311  -79.92593576 -77.52365729
 -76.34251818 -76.79988865 -81.81994068 -78.03159681 -77.76976721
 -78.07324018 -80.75068986 -78.52679105 -79.55849392 -83.11146262
 -79.51364757 -78.12528312 -75.46230789 -81.0573316  -79.24928252
 -76.63599065 -81.14791561 -77.93944088 -75.91316581 -77.5842864
 -76.76302261 -79.41804483 -78.4884354  -77.8832161  -79.34725128
 -78.7028181  -78.21823872 -76.88102072 -77.59560289 -79.52622337
 -79.51622328 -78.11700414 -75.21162545 -75.70640997 -76.4939108
 -76.16013933 -78.20902738 -77.78414684 -79.16407275 -77.92980956
 -78.86074868 -77.75861987 -75.89642392 -77.00547985 -78.00023758
 -77.29981203 -79.60095249 -75.60824538 -81.8369721  -82.47696389
 -75.43336818 -77.72658333 -75.56448694 -76.71314405 -76.11485345
 -76.41554847 -81.54147455 -78.11232231 -77.50283009 -79.15377726
 -80.6239111  -80.10494231 -79.48960118 -78.7970893  -77.30284898
 -76.27276677 -76.74410897 -75.85361589 -78.54836166 -81.18629475
 -78.45849415 -81.24696429 -76.84086459 -78.02963708 -78.82152393
 -78.39618249 -79.51796316 -77.54247546 -78.49540468 -78.05116408
 -76.56267552 -76.74739353 -76.60392761 -76.9482194  -79.55411106
 -75.94033063 -76.84245165 -77.6018347  -75.93000274 -79.21674056
 -76.50112705 -77.23913298 -78.17927302 -77.39066761 -80.13939353
 -79.83397193 -78.5017374  -78.9907814  -77.05772312 -78.84841042
 -77.92852428 -77.60227136 -77.50007336 -80.04890354 -79.47659655
 -78.41486135 -77.5870058  -78.78163813 -76.467853   -76.40400952
 -77.5666094  -76.04839855 -78.75227518 -75.93068181 -77.67952013
 -78.59817541 -79.95798323 -76.73510186 -78.13615552 -79.26950137
 -75.95517758 -78.29302767 -78.52628354 -79.61498447 -78.69300978
 -77.47607377 -78.96427227 -78.33336596 -79.58580878 -75.10186533
 -79.35786247 -79.59610563 -78.82522605 -76.82504993 -81.90945593
 -79.29740819 -75.78823712 -77.68873102 -76.2153343  -76.62642829
 -78.79786585 -78.93209751 -78.65460175 -76.92428433 -77.58825677
 -78.61926734 -77.52979397 -78.83638469 -77.49472145 -78.14480715
 -77.18547833 -80.77791687 -78.30704147 -77.71904257 -81.25994079
 -76.1898977  -75.53434535 -75.90005352 -78.11947653 -75.91257361
 -79.70687634 -78.52849365 -78.62717707 -77.29718154 -77.54069663
 -77.82052301 -77.82377929 -78.5521273  -76.46378361 -78.49828976
 -76.83977264 -80.41878719 -79.74621658 -77.06975901 -77.37811496
 -77.52947358 -78.11863754 -77.36258062 -80.91169372 -75.97392384
 -77.91634949 -78.36985667 -77.20261298 -78.46035966 -77.37506734
 -77.97456715 -77.92437446 -77.41595857 -74.19940855 -74.47300834
 -78.53617916 -78.91819354 -77.56150673 -77.55224942 -77.35812009
 -78.7298894  -79.8492951  -78.98146456 -75.39424591 -80.44265538
 -76.66979329 -78.17286002 -77.91029831 -78.16917601 -76.6240794
 -76.04761311 -80.28390379 -76.63078812 -77.96730872 -78.29315266
 -78.18205792 -79.35929647 -79.38200354 -77.485949   -80.16977297
 -76.72334174 -76.89737284 -78.38890904 -78.80482341 -80.97941515
 -80.86840844 -76.69111186 -79.06704582 -78.83610745 -81.50257003
 -76.19100014 -77.03557352 -75.57195563 -79.6483558  -78.6552477
 -80.10351178 -78.23115438 -78.31110677 -79.29454799 -78.68780409
 -80.80857024 -75.69270567 -77.30008979 -79.32308707 -77.24677064
 -78.41426619 -79.11515188 -80.76797427 -78.06463593 -78.23485824
 -79.36350934 -79.61238973 -79.29447881 -79.22127851 -77.19738889
 -80.60455781 -78.96629907 -78.19608982 -76.57111283 -78.7440523
 -77.30318397 -78.3439713  -79.23082512 -76.9950469  -76.63141373
 -76.22092125]
2025-06-10 15:04:31 INFO Expected Optimum FE: -100
2025-06-10 15:04:31 INFO Unimodal AOCC mean: 0.0000
2025-06-10 15:04:31 INFO Multimodal (single component) AOCC mean: 0.0000
2025-06-10 15:04:31 INFO Multimodal (multiple components) AOCC mean: 0.0748
2025-06-10 15:04:31 INFO AOCC mean: 0.0249
2025-06-10 15:04:31 INFO Run function 8 complete. FEHistory len: 5000, AOCC: 0.0000
2025-06-10 15:04:31 INFO FeHistory: [267949.84228477 225915.02776811 134961.08423053 ... 170128.79537725
 107617.89874186  97678.22115376]
2025-06-10 15:04:31 INFO Expected Optimum FE: -656.7889979935655
2025-06-10 15:04:31 INFO --- GNBG Problem Parameters for f20 ---
  Dimension: 30, MaxEvals: 1000000
  Search Bounds: [-100, 100]
  Number of Components: 5
  Known Optimum Value: -100.000000
  Lambda (Curvature): [0.25 0.25 0.25 0.25 0.25]
  Mu (Asymmetry/Depth): [0.4901829  0.25862884 0.37043014 0.37440768 0.26098797 0.491006
 0.27569772 0.45404864 0.42314776 0.27195433]
----------------------------------------
2025-06-10 15:04:31 INFO --- GNBG Problem Parameters for f1 ---
  Dimension: 30, MaxEvals: 500000
  Search Bounds: [-100, 100]
  Number of Components: 1
  Known Optimum Value: -1081.983799
  Lambda (Curvature): [1]
  Mu (Asymmetry/Depth): [0 0]
----------------------------------------
2025-06-10 15:04:32 INFO Run function 8 complete. FEHistory len: 5000, AOCC: 0.0000
2025-06-10 15:04:32 INFO FeHistory: [182075.32120574 167628.34710246 282311.70439493 ... 143175.17237385
 140610.52354181 108548.97680042]
2025-06-10 15:04:32 INFO Expected Optimum FE: -656.7889979935655
2025-06-10 15:04:32 INFO --- GNBG Problem Parameters for f20 ---
  Dimension: 30, MaxEvals: 1000000
  Search Bounds: [-100, 100]
  Number of Components: 5
  Known Optimum Value: -100.000000
  Lambda (Curvature): [0.25 0.25 0.25 0.25 0.25]
  Mu (Asymmetry/Depth): [0.4901829  0.25862884 0.37043014 0.37440768 0.26098797 0.491006
 0.27569772 0.45404864 0.42314776 0.27195433]
----------------------------------------
2025-06-10 15:04:32 INFO Run function 1 complete. FEHistory len: 5000, AOCC: 0.0000
2025-06-10 15:04:32 INFO FeHistory: [101566.10906623 181546.21960821 151572.40269945 ... 110931.7941223
 122369.58692152 169811.93538836]
2025-06-10 15:04:32 INFO Expected Optimum FE: -1081.9837994003399
2025-06-10 15:04:32 INFO --- GNBG Problem Parameters for f8 ---
  Dimension: 30, MaxEvals: 500000
  Search Bounds: [-100, 100]
  Number of Components: 1
  Known Optimum Value: -656.788998
  Lambda (Curvature): [1]
  Mu (Asymmetry/Depth): [0.2 0.2]
----------------------------------------
2025-06-10 15:04:33 INFO Run function 8 complete. FEHistory len: 5000, AOCC: 0.0000
2025-06-10 15:04:33 INFO FeHistory: [166535.88622647 241061.91684995 145865.93471936 ... 145590.15680302
 108379.21660437 172446.91547969]
2025-06-10 15:04:33 INFO Expected Optimum FE: -656.7889979935655
2025-06-10 15:04:33 INFO --- GNBG Problem Parameters for f20 ---
  Dimension: 30, MaxEvals: 1000000
  Search Bounds: [-100, 100]
  Number of Components: 5
  Known Optimum Value: -100.000000
  Lambda (Curvature): [0.25 0.25 0.25 0.25 0.25]
  Mu (Asymmetry/Depth): [0.4901829  0.25862884 0.37043014 0.37440768 0.26098797 0.491006
 0.27569772 0.45404864 0.42314776 0.27195433]
----------------------------------------
2025-06-10 15:04:35 INFO Run function 20 complete. FEHistory len: 10000, AOCC: 0.0736
2025-06-10 15:04:35 INFO FeHistory: [-78.92283053 -80.14897731 -79.76702486 ... -79.47556544 -80.17419942
 -80.56909565]
2025-06-10 15:04:35 INFO Expected Optimum FE: -100
2025-06-10 15:04:35 INFO Unimodal AOCC mean: 0.0000
2025-06-10 15:04:35 INFO Multimodal (single component) AOCC mean: 0.0000
2025-06-10 15:04:35 INFO Multimodal (multiple components) AOCC mean: 0.0736
2025-06-10 15:04:35 INFO AOCC mean: 0.0245
2025-06-10 15:04:35 INFO Run function 20 complete. FEHistory len: 10000, AOCC: 0.0739
2025-06-10 15:04:35 INFO FeHistory: [-79.45104857 -78.85374587 -78.15331813 ... -77.24106012 -75.61528149
 -81.56979521]
2025-06-10 15:04:35 INFO Expected Optimum FE: -100
2025-06-10 15:04:35 INFO Unimodal AOCC mean: 0.0000
2025-06-10 15:04:35 INFO Multimodal (single component) AOCC mean: 0.0000
2025-06-10 15:04:35 INFO Multimodal (multiple components) AOCC mean: 0.0739
2025-06-10 15:04:35 INFO AOCC mean: 0.0246
2025-06-10 15:04:36 INFO Run function 20 complete. FEHistory len: 10000, AOCC: 0.0725
2025-06-10 15:04:36 INFO FeHistory: [-80.02134942 -79.12390984 -77.07037102 ... -81.13319623 -79.9119032
 -79.93383348]
2025-06-10 15:04:36 INFO Expected Optimum FE: -100
2025-06-10 15:04:36 INFO Unimodal AOCC mean: 0.0000
2025-06-10 15:04:36 INFO Multimodal (single component) AOCC mean: 0.0000
2025-06-10 15:04:36 INFO Multimodal (multiple components) AOCC mean: 0.0725
2025-06-10 15:04:36 INFO AOCC mean: 0.0242
2025-06-10 15:10:52 INFO Run function 1 complete. FEHistory len: 5000, AOCC: 0.0000
2025-06-10 15:10:52 INFO FeHistory: [131293.13822044 188927.19038417 131518.38784489 ... 129438.12914082
 141247.29947703 131148.29331544]
2025-06-10 15:10:52 INFO Expected Optimum FE: -1081.9837994003399
2025-06-10 15:10:52 INFO --- GNBG Problem Parameters for f8 ---
  Dimension: 30, MaxEvals: 500000
  Search Bounds: [-100, 100]
  Number of Components: 1
  Known Optimum Value: -656.788998
  Lambda (Curvature): [1]
  Mu (Asymmetry/Depth): [0.2 0.2]
----------------------------------------
2025-06-10 15:19:24 INFO Run function 8 complete. FEHistory len: 5000, AOCC: 0.0000
2025-06-10 15:19:24 INFO FeHistory: [212746.87936477 225480.11148908 128744.85755372 ... 169262.09472739
 115003.68580172 198191.04590309]
2025-06-10 15:19:24 INFO Expected Optimum FE: -656.7889979935655
2025-06-10 15:19:24 INFO --- GNBG Problem Parameters for f20 ---
  Dimension: 30, MaxEvals: 1000000
  Search Bounds: [-100, 100]
  Number of Components: 5
  Known Optimum Value: -100.000000
  Lambda (Curvature): [0.25 0.25 0.25 0.25 0.25]
  Mu (Asymmetry/Depth): [0.4901829  0.25862884 0.37043014 0.37440768 0.26098797 0.491006
 0.27569772 0.45404864 0.42314776 0.27195433]
----------------------------------------
2025-06-10 15:25:51 INFO Run function 20 complete. FEHistory len: 10000, AOCC: 0.0727
2025-06-10 15:25:51 INFO FeHistory: [-76.33010254 -76.74974719 -78.12299345 ... -80.40533545 -80.12252363
 -84.0459849 ]
2025-06-10 15:25:51 INFO Expected Optimum FE: -100
2025-06-10 15:25:51 INFO Unimodal AOCC mean: 0.0000
2025-06-10 15:25:51 INFO Multimodal (single component) AOCC mean: 0.0000
2025-06-10 15:25:51 INFO Multimodal (multiple components) AOCC mean: 0.0727
2025-06-10 15:25:51 INFO AOCC mean: 0.0242
2025-06-10 15:26:04 INFO --- GNBG Problem Parameters for f1 ---
  Dimension: 30, MaxEvals: 500000
  Search Bounds: [-100, 100]
  Number of Components: 1
  Known Optimum Value: -1081.983799
  Lambda (Curvature): [1]
  Mu (Asymmetry/Depth): [0 0]
----------------------------------------
2025-06-10 15:26:04 ERROR Can not run the algorithm
2025-06-10 15:26:04 INFO Run function 1 complete. FEHistory len: 301, AOCC: 0.0000
2025-06-10 15:26:04 INFO FeHistory: [217916.12162378 140824.01189044 143680.90854881 169067.03939495
 178039.2064539  185973.65334887 111184.01562179 191261.36878499
 207238.31525132 166029.39740279 214064.20296358 109150.0884183
 209682.83685429 193405.11109166 139011.31457874 197737.83156632
 265206.03390787 204564.19625264 165918.41907054 222077.03921173
 246520.46842042 179711.70068237 135109.42506871 145991.3769954
 128990.31464982 228647.78053002 107242.73464178 195693.86833883
 227406.45932688 123801.73055143 216479.27754918 107495.10632167
 175223.54714084 160014.40872604 151950.54453655 207137.41473494
 163760.59861274 191850.33874805 181611.9324779  189782.74674049
 204105.08325702 152677.26687238 125032.75884942 191792.23824844
 214334.93200391 176912.94178101 146634.07198413 172072.23334518
 190149.02079755 177133.37761801 160398.53313494 111185.3988543
 197494.6262644  158421.49917675 137977.10399622 159336.8807299
 221576.87499401 110168.07553323 170332.68041903 199651.75751043
 150111.03731809 200474.67478314 145548.86388287 163476.30420293
 172639.42952225 218774.99340159 174434.01273962 193011.51544074
 174129.34241619 155569.40358817 131134.42787826 178744.30768562
 156365.40359935 145646.91937561 158499.5680934  220140.50424432
 127523.92245748 205780.66191821 198292.32313606 118856.62356158
 212768.25170136 212435.61298277 163289.7413642  227585.31336831
 131094.72050236 195692.5419848  215851.70690126 122487.87191301
 157155.95839518 183552.56344664 141233.24964008 163288.74341167
 167132.57660751 200517.4098164  166274.72598736 175504.72118249
 173538.59614417 219125.05601227 157518.30949667 181371.13444745
 218233.12159325 183773.25963207 162453.94100523 172911.32741053
 221461.64340778 130279.69471358 161333.59304685 165830.58681609
 165467.93848959 179167.25741181 239646.38753072 176662.51693548
 131553.37625792 186455.96366157 148701.86837649 202872.86009734
 191069.93359767 218342.35688558 153858.56387517  99334.64613624
 255708.12318725 200743.83038717 232488.42054799 183793.88646082
 129584.37507266 188697.19435478 134503.64402914 257503.84840533
 179967.55634673 248028.74203595 140050.84313109 138828.44855066
 138163.51105885 169568.494671   145067.08943466 131087.95857491
 149124.64406976 174119.47539344 124397.21890251 218359.03337091
 145449.20842229 180846.6170344  118306.45265335 153340.29470118
 195277.9909614  115631.57564672 171487.69593823 137445.68665404
 158121.07324362 247455.27929289 203855.4574952  225660.07533468
 153722.35662148 147053.99767423 214788.82157653 172191.62733721
 169444.78327844 165851.03142697 128682.36977068 191147.18321678
 142611.05221197 185686.21926771 139981.61673019 221481.13168333
 188392.53682275 155115.1194246  162319.38820917 140526.02095884
 199344.38667435 188248.52420145 165398.55126599 115036.04711466
 137667.2029294  152057.06913965 206407.47359277 167923.60907038
 209795.80914815 188104.24173692 185015.46718136 133212.16934602
 182433.73263678 190142.73892112 230155.52996526 207075.39585459
 181437.1034522  170028.56547083 205193.53056798 115697.8783333
  78648.09578711 159746.48513734 158931.56876675 174817.95567268
 204824.30708089 152547.46358145 127082.43921945 231265.20597422
 161145.06220068 182775.31164747 163284.97264421 143051.69143782
 118626.327081   248096.88043563 104965.91917047 183268.80319742
 150368.64698553 182663.22398528 156225.56589883 198280.61604334
 250907.20019419 199660.27364358 158829.8252024  155033.81250435
 232170.47373634 177512.31839503 158599.60689801 163837.12960644
 123689.4614712  209655.76344311 172529.33834586 170270.72764905
 151894.39399014 149476.85106371 223180.36542648 222348.75021933
 137266.88457922 187247.87303393 215996.40638809 146944.14142806
 128347.12552849 176990.51897781 163548.93474565 156272.70929997
 137090.84732304 226004.48428226 146486.91394962 185249.04577378
 164890.66869563 170577.1053309  135243.14602698 197453.57107208
 148802.61802424 175481.47680281 218750.38377637 180779.07376239
 197141.18998116 128082.74995387 189784.9140609  145960.9914032
 168694.30473082 175918.22412138 183788.64296582 127185.16974307
  94861.99957182 102228.09990281 171128.04608863 208138.99413405
 181177.27007922 142242.70550818 254746.42836322 139919.61230242
 206468.34063742 151576.9876371  156952.65669578 159904.69441682
 149221.40753966 118104.92114756 122493.08450355 180620.26257296
 147127.67319815 114183.36637682 222918.51175369 152152.63554056
 218583.96946751 151557.99838358 209502.19055256 193758.76204025
 223196.76883663 123796.51409131 112950.92031906 176401.79874723
 129851.15092642 113340.45746785 166626.56799317 148016.7172332
 154266.58550211 141078.30313327 125879.52631784 157338.06584556
 145942.14924905 185012.3780837  195769.67223628 240186.04455223
 213430.3403984  184273.87486199 195963.67964832 123609.2419896
 120816.22562725 160124.31442457 177685.51238723 266346.72877355
 189368.27339756]
2025-06-10 15:26:04 INFO Expected Optimum FE: -1081.9837994003399
2025-06-10 15:26:04 INFO --- GNBG Problem Parameters for f8 ---
  Dimension: 30, MaxEvals: 500000
  Search Bounds: [-100, 100]
  Number of Components: 1
  Known Optimum Value: -656.788998
  Lambda (Curvature): [1]
  Mu (Asymmetry/Depth): [0.2 0.2]
----------------------------------------
2025-06-10 15:26:04 ERROR Can not run the algorithm
2025-06-10 15:26:04 INFO Run function 8 complete. FEHistory len: 301, AOCC: 0.0000
2025-06-10 15:26:04 INFO FeHistory: [176458.302943   214144.10022273 149885.14254613 142387.34318913
 213562.32596602 144534.79897951 171970.82755829 196526.20649644
 188879.80818234 199863.17191303 176194.84923413 105693.07709506
 189686.67750965 149076.25403914 170599.40860727 175885.75990347
 191812.53848159 115847.32047452 123518.86753076 165371.55716055
 180864.93986177 193103.61971527 249378.77332676 241128.53495246
 103468.47667468 174409.82013227 147033.14909884 175967.87822747
 207745.68110248 124796.71892187 162692.17954923 209417.580046
 169701.33383565 235648.57608263 291982.49715781 166144.79260951
 159613.76968664 204074.72903487 143562.95419982 186253.17981909
 192269.44561855 147867.67051362 178097.7865292  174743.61366435
 135358.61558722 175456.32599434 234726.50925604 269168.56645832
 245682.65288434  94928.28043521 194637.8067415  223117.73164807
 254596.42980359 191306.1914947  174304.95436803 218010.6249915
 223024.03896882 191733.02765456 258228.62978938 120827.30782051
 234569.96735298 166412.03049727 226824.41255216 143143.08249911
 197221.90196548 120744.19360407 143058.26374947 120344.54332376
 272152.51300921 167558.37050321 200675.58554762  67414.0090626
 236954.5625697  164716.34943623 151806.73638172 174213.13544228
 187511.93537648 154717.15340463 116973.23863402 277280.88574501
 111498.23583569 170268.7517882  225132.79699718 200077.46850459
 155385.75495085 243518.00962125 214379.08827118 358730.67486641
 123310.91171712 186366.70005996 212892.41451745 296870.3065183
 162291.53649778 230624.25418815 183915.54420898 192673.22959522
 167124.72377804 163763.17779042 168393.02637071 191275.43772373
 168468.14227757 236925.20353036 160849.06790863 156267.05739826
 153348.18531265 166114.94226176 119480.06895745 175346.41026842
 236863.53184263  97975.57525972 246429.32040811 198780.61737673
 277282.25684317 163043.30968391 153642.04183443 130435.6408132
 210744.59427368 157443.98319309 238367.2367226  164284.52157533
 189405.66683989 235723.74087085 148511.25029351 174168.78087041
 109362.79969241 146154.18385499 158349.77990321 228845.13684847
 252510.01375522 291421.6291338  126142.75316272 194342.21116974
 167775.98856509 274114.46645371 183570.03562489 141789.47243229
 113034.67019412 206836.4838137  183755.44196688 180683.29863963
 151991.67495512 143933.15099726 194433.98642005 125423.68861416
 250998.84023739 194772.73867903 143568.59739435 215443.65169363
 182032.1412485  138327.30492793 146568.71705845 212146.127017
 236649.21751323 188007.38838521 242233.85058091 161502.15146875
 263686.57349248 122451.22770796 118945.16740622 177609.59626038
 235064.32204512 223909.51992573 176787.79134144 182508.12268409
 226553.57442869 148590.6654956  287601.63183104 214645.31447375
 218499.92506744 187709.3050358  160394.43536046 164127.48219186
 157853.76201388 111217.57289313 201501.20026038 175125.09089738
 270432.72297974 229479.86173057 264583.59744095 119093.67551622
 133501.66405041 164819.73051465 189025.19437209 182584.1957386
 210474.60798338 192433.33778676 169168.02284502 196018.76080162
 185621.30674209 177358.13374807 173322.64135791 195344.46795247
 151402.60919022 204582.55667461 148939.14517778  96060.9863939
 212994.61739648 257531.44359025 180492.64742462 303787.38803543
 165735.88155293 154496.39390728 238922.19397625 112743.57399726
 194838.67158772 177441.61824019  90817.3471183  137047.70255977
 111598.01779426 186014.58210793 159774.45776079 174286.26858941
 136302.65964345 243196.93418759 237286.95586071 173130.55000336
 201918.2169924  158018.49126462 147001.0828826  150310.61415019
 163102.56082504 152854.7307994  385521.1326667  244118.39258257
 202197.61128349 212022.79183378 127690.33543622 170541.8934304
 206889.29423461 287706.0605384  111189.80606247 252410.97718609
 282281.53530082 219432.51410435 137597.19801923 252510.68833468
 148108.67460614 255345.9560074  177462.500444   201833.65232378
 181656.06997643 179970.82458883 125211.66416485 233510.06638588
 209875.52122963 190863.46403918 261438.13541733 173715.29770303
 246815.64713263 114006.94377234 201826.42777239 224315.15160107
 293298.58865733 175668.26613043 189170.88503538  93618.15628493
 158657.88548574 143934.96338204 171715.78600364 116759.67870864
 159962.92951703 238750.07148135 175710.06213815 163496.71871388
 198092.04169328 266640.05129521 175753.03587233 188579.52561693
 205551.61248127 119149.83208001 165682.05682682 131918.05343386
 218655.32214032 134861.21054372 125540.89752942 155510.91326467
 176958.53133243 208909.14089461 240887.41198551  92656.65974066
 191604.96010147 232190.48594929 136737.95684658 166020.97752849
 148733.54411474 157317.13932065 206716.75249378 128293.84910863
 233657.25853128 228537.66292255 271324.88515873 212346.51625309
  98035.23482762 189425.55950162 143598.60353881 149604.09840294
 166201.32513029 203258.16605912 141821.46407611 249197.30485374
 138261.24102547]
2025-06-10 15:26:04 INFO Expected Optimum FE: -656.7889979935655
2025-06-10 15:26:04 INFO --- GNBG Problem Parameters for f20 ---
  Dimension: 30, MaxEvals: 1000000
  Search Bounds: [-100, 100]
  Number of Components: 5
  Known Optimum Value: -100.000000
  Lambda (Curvature): [0.25 0.25 0.25 0.25 0.25]
  Mu (Asymmetry/Depth): [0.4901829  0.25862884 0.37043014 0.37440768 0.26098797 0.491006
 0.27569772 0.45404864 0.42314776 0.27195433]
----------------------------------------
2025-06-10 15:26:04 ERROR Can not run the algorithm
2025-06-10 15:26:04 INFO Run function 20 complete. FEHistory len: 301, AOCC: 0.0719
2025-06-10 15:26:04 INFO FeHistory: [-78.89659775 -78.79457529 -79.19989735 -77.36393062 -79.66079901
 -78.88983449 -76.15071643 -79.03721079 -78.00800772 -77.68701243
 -77.33720941 -78.23311128 -78.08465261 -76.49566014 -77.22274528
 -78.94286844 -79.51112978 -77.10812696 -79.92646323 -78.41984111
 -79.13985774 -79.94806798 -78.99926494 -75.93435596 -76.16883042
 -78.65482093 -80.78214169 -77.82356465 -77.41198536 -79.20118152
 -78.51869641 -77.53951261 -76.09072774 -77.48160253 -78.83854511
 -79.8781163  -75.95353826 -76.21479513 -78.61599267 -76.6273695
 -77.9280883  -75.31872405 -77.68540189 -77.73245882 -77.79247619
 -81.30428936 -77.92651758 -78.13885849 -76.68211808 -76.40981003
 -77.62735816 -77.3545396  -77.10323794 -77.15094583 -76.64125701
 -80.08697032 -77.91239406 -80.27171811 -75.19022573 -79.60649437
 -78.72283613 -78.30499438 -78.08741161 -77.0369367  -78.59027356
 -78.47740882 -80.08799443 -75.85734668 -77.61400045 -80.07776602
 -79.75244363 -76.25374926 -78.4634182  -81.76606727 -76.18133035
 -79.42681103 -77.37854633 -78.98991155 -75.76970905 -79.79456731
 -78.57137384 -80.36007946 -80.00581538 -80.85847668 -78.23224567
 -77.81847184 -79.09980745 -76.62184412 -77.9051437  -79.78303691
 -79.74163362 -75.04370294 -78.56770309 -78.02363333 -77.5908882
 -78.81709512 -78.65296793 -81.13973964 -78.04549558 -78.06414387
 -78.34372732 -78.48949382 -79.24016981 -79.31095648 -80.10280539
 -75.39272008 -79.13801012 -77.09462298 -81.69386343 -77.80304896
 -78.84335966 -77.59626896 -80.11613802 -76.26635935 -78.2021847
 -78.71760001 -76.11415663 -77.38494245 -79.18004327 -78.05749003
 -78.71484353 -76.83854142 -77.03158435 -79.78626476 -80.83681023
 -79.31752779 -79.3502781  -78.9612508  -77.68280826 -76.15481643
 -80.65450009 -78.76508574 -82.14460722 -78.69779605 -77.10893867
 -78.14571016 -80.16721401 -75.51122655 -79.16233685 -77.76471622
 -76.32071994 -75.84376536 -77.25697339 -75.61571328 -76.43952734
 -77.79255881 -80.53410117 -79.5619667  -76.25406432 -80.0400233
 -78.91663339 -76.16331749 -77.13478379 -80.19266927 -77.30255466
 -84.01395844 -76.70807654 -78.50794331 -77.12728281 -78.80169306
 -78.80685571 -78.46837611 -79.64593224 -76.1130249  -78.82974534
 -78.80797683 -78.69357525 -77.64980467 -80.58994541 -78.92121172
 -78.93310738 -79.66549798 -75.14744822 -77.46076079 -78.73908474
 -78.53197255 -77.52709084 -78.89570831 -80.31350996 -79.56007297
 -78.36600633 -76.31774824 -78.13850616 -76.13267274 -75.86590317
 -76.05336436 -77.28873469 -80.06592921 -78.95559091 -78.55047195
 -78.93190385 -78.49958825 -77.44421269 -78.68984062 -78.42213021
 -78.70643874 -77.12545736 -77.20430359 -77.65549116 -78.45083516
 -78.00439285 -77.75921251 -77.82521555 -77.93590215 -77.55518686
 -77.80412853 -77.02943345 -77.04984335 -78.80018813 -78.9862384
 -78.19891921 -79.22220984 -77.43720671 -78.41142754 -81.24776518
 -77.63295469 -80.38842079 -77.06924433 -79.71452233 -79.11517169
 -77.00378423 -76.61092771 -76.67332835 -78.44464884 -79.00387058
 -78.44067649 -76.20207891 -76.96633186 -77.91836759 -79.26721622
 -78.86761204 -77.89929429 -76.33750762 -76.07301576 -76.26856329
 -78.76663621 -79.59299452 -77.64034521 -76.4087923  -79.51865904
 -81.58168076 -77.17366148 -82.07323078 -78.60695417 -80.54220809
 -75.6088895  -78.34408418 -79.41705555 -78.28389157 -77.02845088
 -80.05679501 -76.24915862 -75.37991846 -79.07888185 -78.9353924
 -77.36754285 -77.98051939 -78.31239159 -78.17381191 -80.54120941
 -79.65733155 -77.2653224  -78.20751002 -77.33902787 -79.74239416
 -78.4005755  -77.00822864 -78.98584736 -77.81844768 -80.30795438
 -78.46110698 -80.56136637 -77.06179068 -78.95519909 -78.38855836
 -78.00298363 -77.05887691 -77.45579245 -76.02442426 -76.7987782
 -79.38946526 -79.40491349 -79.37769073 -77.12173638 -78.13013275
 -82.19826174 -74.5003545  -81.67006901 -76.96511765 -78.23716375
 -78.7763656  -79.7707005  -76.48012779 -78.0403809  -76.3194563
 -77.92338618 -78.83680821 -77.62769606 -78.00433971 -75.90232813
 -78.32551975]
2025-06-10 15:26:04 INFO Expected Optimum FE: -100
2025-06-10 15:26:04 INFO Unimodal AOCC mean: 0.0000
2025-06-10 15:26:04 INFO Multimodal (single component) AOCC mean: 0.0000
2025-06-10 15:26:04 INFO Multimodal (multiple components) AOCC mean: 0.0719
2025-06-10 15:26:04 INFO AOCC mean: 0.0240
2025-06-10 15:27:34 INFO --- GNBG Problem Parameters for f1 ---
  Dimension: 30, MaxEvals: 500000
  Search Bounds: [-100, 100]
  Number of Components: 1
  Known Optimum Value: -1081.983799
  Lambda (Curvature): [1]
  Mu (Asymmetry/Depth): [0 0]
----------------------------------------
2025-06-10 15:38:57 INFO Run function 1 complete. FEHistory len: 5000, AOCC: 0.0000
2025-06-10 15:38:57 INFO FeHistory: [150278.66565908 104339.90005418 129272.11801238 ...  76267.22057934
  92577.81942079 116845.77287396]
2025-06-10 15:38:57 INFO Expected Optimum FE: -1081.9837994003399
2025-06-10 15:38:57 INFO --- GNBG Problem Parameters for f8 ---
  Dimension: 30, MaxEvals: 500000
  Search Bounds: [-100, 100]
  Number of Components: 1
  Known Optimum Value: -656.788998
  Lambda (Curvature): [1]
  Mu (Asymmetry/Depth): [0.2 0.2]
----------------------------------------
2025-06-10 15:45:50 INFO Run function 8 complete. FEHistory len: 5000, AOCC: 0.0000
2025-06-10 15:45:50 INFO FeHistory: [174903.52037763 186280.7639532  242201.79952019 ... 118952.46748514
  64260.3183301   77559.46305752]
2025-06-10 15:45:50 INFO Expected Optimum FE: -656.7889979935655
2025-06-10 15:45:50 INFO --- GNBG Problem Parameters for f20 ---
  Dimension: 30, MaxEvals: 1000000
  Search Bounds: [-100, 100]
  Number of Components: 5
  Known Optimum Value: -100.000000
  Lambda (Curvature): [0.25 0.25 0.25 0.25 0.25]
  Mu (Asymmetry/Depth): [0.4901829  0.25862884 0.37043014 0.37440768 0.26098797 0.491006
 0.27569772 0.45404864 0.42314776 0.27195433]
----------------------------------------
2025-06-10 16:10:52 INFO Run function 20 complete. FEHistory len: 10000, AOCC: 0.0723
2025-06-10 16:10:52 INFO FeHistory: [-77.55197841 -75.14548002 -78.84342019 ... -81.95233814 -82.90762428
 -82.07669164]
2025-06-10 16:10:52 INFO Expected Optimum FE: -100
2025-06-10 16:10:52 INFO Unimodal AOCC mean: 0.0000
2025-06-10 16:10:52 INFO Multimodal (single component) AOCC mean: 0.0000
2025-06-10 16:10:52 INFO Multimodal (multiple components) AOCC mean: 0.0723
2025-06-10 16:10:52 INFO AOCC mean: 0.0241
2025-06-10 16:11:03 INFO --- GNBG Problem Parameters for f1 ---
  Dimension: 30, MaxEvals: 500000
  Search Bounds: [-100, 100]
  Number of Components: 1
  Known Optimum Value: -1081.983799
  Lambda (Curvature): [1]
  Mu (Asymmetry/Depth): [0 0]
----------------------------------------
2025-06-10 16:11:03 INFO Run function 1 complete. FEHistory len: 5000, AOCC: 0.0000
2025-06-10 16:11:03 INFO FeHistory: [214936.93599088 115763.29847354 149348.24522029 ... 138143.24904655
 127338.03113755 110868.05861404]
2025-06-10 16:11:03 INFO Expected Optimum FE: -1081.9837994003399
2025-06-10 16:11:03 INFO --- GNBG Problem Parameters for f8 ---
  Dimension: 30, MaxEvals: 500000
  Search Bounds: [-100, 100]
  Number of Components: 1
  Known Optimum Value: -656.788998
  Lambda (Curvature): [1]
  Mu (Asymmetry/Depth): [0.2 0.2]
----------------------------------------
2025-06-10 16:11:04 INFO Run function 8 complete. FEHistory len: 5000, AOCC: 0.0000
2025-06-10 16:11:04 INFO FeHistory: [244243.97701585 137459.87545067 211047.86285855 ... 175168.39987528
 160701.33783387 131203.38491542]
2025-06-10 16:11:04 INFO Expected Optimum FE: -656.7889979935655
2025-06-10 16:11:04 INFO --- GNBG Problem Parameters for f20 ---
  Dimension: 30, MaxEvals: 1000000
  Search Bounds: [-100, 100]
  Number of Components: 5
  Known Optimum Value: -100.000000
  Lambda (Curvature): [0.25 0.25 0.25 0.25 0.25]
  Mu (Asymmetry/Depth): [0.4901829  0.25862884 0.37043014 0.37440768 0.26098797 0.491006
 0.27569772 0.45404864 0.42314776 0.27195433]
----------------------------------------
2025-06-10 16:11:07 INFO Run function 20 complete. FEHistory len: 10000, AOCC: 0.0737
2025-06-10 16:11:07 INFO FeHistory: [-78.75978468 -77.16687926 -77.61192783 ... -79.02392176 -79.18845385
 -78.39305078]
2025-06-10 16:11:07 INFO Expected Optimum FE: -100
2025-06-10 16:11:07 INFO Unimodal AOCC mean: 0.0000
2025-06-10 16:11:07 INFO Multimodal (single component) AOCC mean: 0.0000
2025-06-10 16:11:07 INFO Multimodal (multiple components) AOCC mean: 0.0737
2025-06-10 16:11:07 INFO AOCC mean: 0.0246
2025-06-10 16:13:16 INFO --- GNBG Problem Parameters for f1 ---
  Dimension: 30, MaxEvals: 500000
  Search Bounds: [-100, 100]
  Number of Components: 1
  Known Optimum Value: -1081.983799
  Lambda (Curvature): [1]
  Mu (Asymmetry/Depth): [0 0]
----------------------------------------
2025-06-10 16:13:17 INFO Run function 1 complete. FEHistory len: 5000, AOCC: 0.0000
2025-06-10 16:13:17 INFO FeHistory: [101683.85295373 115511.12098151 204854.77800086 ... 137755.72443528
 201025.08625685 146402.21662864]
2025-06-10 16:13:17 INFO Expected Optimum FE: -1081.9837994003399
2025-06-10 16:13:17 INFO --- GNBG Problem Parameters for f8 ---
  Dimension: 30, MaxEvals: 500000
  Search Bounds: [-100, 100]
  Number of Components: 1
  Known Optimum Value: -656.788998
  Lambda (Curvature): [1]
  Mu (Asymmetry/Depth): [0.2 0.2]
----------------------------------------
2025-06-10 16:13:18 INFO Run function 8 complete. FEHistory len: 5000, AOCC: 0.0000
2025-06-10 16:13:18 INFO FeHistory: [177053.09319626 109351.05498199 215556.16323226 ... 229252.5563056
 220630.91034948 142233.68585567]
2025-06-10 16:13:18 INFO Expected Optimum FE: -656.7889979935655
2025-06-10 16:13:18 INFO --- GNBG Problem Parameters for f20 ---
  Dimension: 30, MaxEvals: 1000000
  Search Bounds: [-100, 100]
  Number of Components: 5
  Known Optimum Value: -100.000000
  Lambda (Curvature): [0.25 0.25 0.25 0.25 0.25]
  Mu (Asymmetry/Depth): [0.4901829  0.25862884 0.37043014 0.37440768 0.26098797 0.491006
 0.27569772 0.45404864 0.42314776 0.27195433]
----------------------------------------
2025-06-10 16:13:21 INFO Run function 20 complete. FEHistory len: 10000, AOCC: 0.0714
2025-06-10 16:13:21 INFO FeHistory: [-78.82578704 -78.83705385 -78.63416277 ... -79.71491021 -79.95069926
 -80.99593193]
2025-06-10 16:13:21 INFO Expected Optimum FE: -100
2025-06-10 16:13:21 INFO Unimodal AOCC mean: 0.0000
2025-06-10 16:13:21 INFO Multimodal (single component) AOCC mean: 0.0000
2025-06-10 16:13:21 INFO Multimodal (multiple components) AOCC mean: 0.0714
2025-06-10 16:13:21 INFO AOCC mean: 0.0238
