2025-06-10 10:28:22 ERROR Can not run the algorithm
2025-06-10 10:28:24 INFO Aucs is: [0.0]
2025-06-10 10:28:24 INFO Detail_aucs is: [0.0]
2025-06-10 10:28:24 ERROR Can not run the algorithm
2025-06-10 10:28:26 INFO Aucs is: [0.0, 0.0]
2025-06-10 10:28:26 INFO Detail_aucs is: [0.0]
2025-06-10 10:28:26 ERROR Can not run the algorithm
2025-06-10 10:28:29 INFO Aucs is: [0.0, 0.0, 0.07667211946538602]
2025-06-10 10:28:29 INFO Detail_aucs is: [0.07667211946538602]
2025-06-10 10:28:59 INFO Run on dim 5, function 1
2025-06-10 10:28:59 INFO FeHistory: [ 95777.73596137 198861.47473856 174009.44064721 ...   -771.06580885
   -684.14737937   -854.61262983]
2025-06-10 10:28:59 INFO Expected Optimum FE: -1081.9837994003399
2025-06-10 10:29:01 INFO Aucs is: [0.0014360273660971089]
2025-06-10 10:29:01 INFO Detail_aucs is: [0.0014360273660971089]
2025-06-10 10:29:36 INFO Run on dim 5, function 8
2025-06-10 10:29:36 INFO FeHistory: [111600.89441527 152042.17575502 162525.96459228 ...   -656.78888693
   -656.78882791   -656.78879267]
2025-06-10 10:29:36 INFO Expected Optimum FE: -656.7889979935655
2025-06-10 10:29:37 INFO Aucs is: [0.0014360273660971089, 0.43860678977270323]
2025-06-10 10:29:37 INFO Detail_aucs is: [0.43860678977270323]
2025-06-10 10:30:56 INFO Run on dim 5, function 20
2025-06-10 10:30:56 INFO FeHistory: [-77.54300318 -77.65921784 -75.14461952 ... -98.58916106 -98.58916004
 -98.58916034]
2025-06-10 10:30:56 INFO Expected Optimum FE: -100
2025-06-10 10:30:59 INFO Aucs is: [0.0014360273660971089, 0.43860678977270323, 0.178099029867461]
2025-06-10 10:30:59 INFO Detail_aucs is: [0.178099029867461]
2025-06-10 10:31:56 INFO Run on dim 5, function 1
2025-06-10 10:31:56 INFO FeHistory: [234000.23790002 171175.07317495 202089.64850035 ...  -1081.88003218
  -1081.85303993  -1081.89452947]
2025-06-10 10:31:56 INFO Expected Optimum FE: -1081.9837994003399
2025-06-10 10:31:58 INFO Aucs is: [0.20327428623109603]
2025-06-10 10:31:58 INFO Detail_aucs is: [0.20327428623109603]
2025-06-10 10:32:02 INFO Run on dim 5, function 1
2025-06-10 10:32:02 INFO FeHistory: [119363.14287839 190370.07554777 219136.56410101 ...  -1081.96206294
  -1081.96418438  -1081.96738246]
2025-06-10 10:32:02 INFO Expected Optimum FE: -1081.9837994003399
2025-06-10 10:32:04 INFO Aucs is: [0.2678549319597697]
2025-06-10 10:32:04 INFO Detail_aucs is: [0.2678549319597697]
2025-06-10 10:32:43 INFO Run on dim 5, function 8
2025-06-10 10:32:43 INFO FeHistory: [2.08888902e+05 1.65432511e+05 3.05594921e+05 ... 1.68071011e+03
 6.15285281e+02 7.01279405e+01]
2025-06-10 10:32:43 INFO Expected Optimum FE: -656.7889979935655
2025-06-10 10:32:44 INFO Aucs is: [0.20327428623109603, 0.0]
2025-06-10 10:32:44 INFO Detail_aucs is: [0.0]
2025-06-10 10:32:52 INFO Run on dim 5, function 8
2025-06-10 10:32:52 INFO FeHistory: [181034.31448567 183738.45771703 172358.57169262 ...   -656.78896968
   -656.78897258   -656.78898283]
2025-06-10 10:32:52 INFO Expected Optimum FE: -656.7889979935655
2025-06-10 10:32:54 INFO Aucs is: [0.2678549319597697, 0.472066974997862]
2025-06-10 10:32:54 INFO Detail_aucs is: [0.472066974997862]
2025-06-10 10:34:17 INFO Run on dim 5, function 20
2025-06-10 10:34:17 INFO FeHistory: [-79.73077537 -81.56926495 -79.32379754 ... -99.9693302  -99.97338882
 -99.97230062]
2025-06-10 10:34:17 INFO Expected Optimum FE: -100
2025-06-10 10:34:20 INFO Aucs is: [0.20327428623109603, 0.0, 0.33120923117383766]
2025-06-10 10:34:20 INFO Detail_aucs is: [0.33120923117383766]
2025-06-10 10:34:27 INFO Run on dim 5, function 20
2025-06-10 10:34:27 INFO FeHistory: [-78.20992102 -76.76892142 -78.19114176 ... -99.73425429 -99.7153827
 -99.72482467]
2025-06-10 10:34:27 INFO Expected Optimum FE: -100
2025-06-10 10:34:30 INFO Aucs is: [0.2678549319597697, 0.472066974997862, 0.23941810621354842]
2025-06-10 10:34:30 INFO Detail_aucs is: [0.23941810621354842]
2025-06-10 10:34:45 INFO An exception occured: Traceback (most recent call last):
  File "/Users/macbook/Documents/Code/LLMdesignedEA-comp/llamea/llamea.py", line 365, in evolve_solution
    evolved_individual = self.evaluate_fitness(evolved_individual)
                         ^^^^^^^^^^^^^^^^^^^^^^^^^^^^^^^^^^^^^^^^^
  File "/Users/macbook/Documents/Code/LLMdesignedEA-comp/llamea/llamea.py", line 248, in evaluate_fitness
    updated_individual = self.f(individual, self.logger)
                         ^^^^^^^^^^^^^^^^^^^^^^^^^^^^^^^
  File "/Users/macbook/Documents/Code/LLMdesignedEA-comp/simple_test_f1.py", line 43, in evaluateGNBG
    exec(code, globals()) # extract the code part inside the string, ex exec("a = 3 + 4") -> print(a) -> 7
    ^^^^^^^^^^^^^^^^^^^^^
  File "<string>", line 65
    self.C = 0.9 * self.C + 0.1 * np.outer(best_archive_sol - np.mean([sol for sol,_ in self.archive], axis=0),best_archive_sol - np.mean([sol for sol,_in self.archive], axis=0))
                                                                                                                                                       ^^^^^^^^^^^^^^^^
SyntaxError: invalid syntax. Perhaps you forgot a comma?
.
2025-06-10 10:34:46 INFO An exception occured: Traceback (most recent call last):
  File "/Users/macbook/Documents/Code/LLMdesignedEA-comp/llamea/llamea.py", line 365, in evolve_solution
    evolved_individual = self.evaluate_fitness(evolved_individual)
                         ^^^^^^^^^^^^^^^^^^^^^^^^^^^^^^^^^^^^^^^^^
  File "/Users/macbook/Documents/Code/LLMdesignedEA-comp/llamea/llamea.py", line 248, in evaluate_fitness
    updated_individual = self.f(individual, self.logger)
                         ^^^^^^^^^^^^^^^^^^^^^^^^^^^^^^^
  File "/Users/macbook/Documents/Code/LLMdesignedEA-comp/simple_test_f1.py", line 43, in evaluateGNBG
    exec(code, globals()) # extract the code part inside the string, ex exec("a = 3 + 4") -> print(a) -> 7
    ^^^^^^^^^^^^^^^^^^^^^
  File "<string>", line 65
    self.C = (1 - learning_rate) * self.C + learning_rate * np.outer(best_archive_sol - np.mean([sol for sol,_ in self.archive], axis=0),best_archive_sol - np.mean([sol for sol,_in self.archive], axis=0)) # Centered CMA update
                                                                                                                                                                                 ^^^^^^^^^^^^^^^^
SyntaxError: invalid syntax. Perhaps you forgot a comma?
.
2025-06-10 10:39:49 INFO Run on dim 5, function 1
2025-06-10 10:39:49 INFO FeHistory: [250730.4518815  196471.99844748 148577.59063069 ...  -1081.98365618
  -1081.98363455  -1081.98366425]
2025-06-10 10:39:49 INFO Expected Optimum FE: -1081.9837994003399
2025-06-10 10:39:50 INFO Aucs is: [0.5196994445920124]
2025-06-10 10:39:50 INFO Detail_aucs is: [0.5196994445920124]
2025-06-10 10:40:12 INFO Run on dim 5, function 8
2025-06-10 10:40:12 INFO FeHistory: [143194.55941234 184570.68261108 202835.69855328 ...   -254.64016664
   -432.4434976    -486.95471852]
2025-06-10 10:40:12 INFO Expected Optimum FE: -656.7889979935655
2025-06-10 10:40:14 INFO Aucs is: [0.5196994445920124, 0.00983431552227996]
2025-06-10 10:40:14 INFO Detail_aucs is: [0.00983431552227996]
2025-06-10 10:40:21 INFO Run on dim 5, function 1
2025-06-10 10:40:21 INFO FeHistory: [225736.64997781 163005.26435299 142418.11155465 ...  -1078.7650099
  -1081.05956293  -1078.97133029]
2025-06-10 10:40:21 INFO Expected Optimum FE: -1081.9837994003399
2025-06-10 10:40:22 INFO Aucs is: [0.2140572822326918]
2025-06-10 10:40:22 INFO Detail_aucs is: [0.2140572822326918]
2025-06-10 10:41:07 INFO Run on dim 5, function 20
2025-06-10 10:41:07 INFO FeHistory: [-76.44003203 -79.34357863 -80.346569   ... -88.54675836 -87.28116808
 -88.79155582]
2025-06-10 10:41:07 INFO Expected Optimum FE: -100
2025-06-10 10:41:10 INFO Aucs is: [0.5196994445920124, 0.00983431552227996, 0.10773182402661521]
2025-06-10 10:41:10 INFO Detail_aucs is: [0.10773182402661521]
2025-06-10 10:41:19 INFO Run on dim 5, function 8
2025-06-10 10:41:19 INFO FeHistory: [205276.05449605 200330.83538576 186618.51235496 ...   -654.45346734
   -652.29159539   -653.92848138]
2025-06-10 10:41:19 INFO Expected Optimum FE: -656.7889979935655
2025-06-10 10:41:20 INFO Aucs is: [0.2140572822326918, 0.1369900927332763]
2025-06-10 10:41:20 INFO Detail_aucs is: [0.1369900927332763]
2025-06-10 10:43:01 INFO Run on dim 5, function 20
2025-06-10 10:43:01 INFO FeHistory: [-77.84635466 -78.16326697 -80.37481415 ... -90.91534819 -91.08565398
 -90.53090379]
2025-06-10 10:43:01 INFO Expected Optimum FE: -100
2025-06-10 10:43:04 INFO Aucs is: [0.2140572822326918, 0.1369900927332763, 0.12000629136920109]
2025-06-10 10:43:04 INFO Detail_aucs is: [0.12000629136920109]
2025-06-10 10:43:15 INFO An exception occured: Traceback (most recent call last):
  File "/Users/macbook/Documents/Code/LLMdesignedEA-comp/llamea/llamea.py", line 365, in evolve_solution
    evolved_individual = self.evaluate_fitness(evolved_individual)
                         ^^^^^^^^^^^^^^^^^^^^^^^^^^^^^^^^^^^^^^^^^
  File "/Users/macbook/Documents/Code/LLMdesignedEA-comp/llamea/llamea.py", line 248, in evaluate_fitness
    updated_individual = self.f(individual, self.logger)
                         ^^^^^^^^^^^^^^^^^^^^^^^^^^^^^^^
  File "/Users/macbook/Documents/Code/LLMdesignedEA-comp/simple_test_f1.py", line 43, in evaluateGNBG
    exec(code, globals()) # extract the code part inside the string, ex exec("a = 3 + 4") -> print(a) -> 7
    ^^^^^^^^^^^^^^^^^^^^^
  File "<string>", line 61
    self.C = 0.9 * self.C + 0.1 * np.outer(best_archive_sol - np.mean([sol for sol,_ in self.archive], axis=0),best_archive_sol - np.mean([sol for sol,_in self.archive], axis=0))
                                                                                                                                                       ^^^^^^^^^^^^^^^^
SyntaxError: invalid syntax. Perhaps you forgot a comma?
.
2025-06-10 10:43:15 INFO An exception occured: Traceback (most recent call last):
  File "/Users/macbook/Documents/Code/LLMdesignedEA-comp/llamea/llamea.py", line 365, in evolve_solution
    evolved_individual = self.evaluate_fitness(evolved_individual)
                         ^^^^^^^^^^^^^^^^^^^^^^^^^^^^^^^^^^^^^^^^^
  File "/Users/macbook/Documents/Code/LLMdesignedEA-comp/llamea/llamea.py", line 248, in evaluate_fitness
    updated_individual = self.f(individual, self.logger)
                         ^^^^^^^^^^^^^^^^^^^^^^^^^^^^^^^
  File "/Users/macbook/Documents/Code/LLMdesignedEA-comp/simple_test_f1.py", line 43, in evaluateGNBG
    exec(code, globals()) # extract the code part inside the string, ex exec("a = 3 + 4") -> print(a) -> 7
    ^^^^^^^^^^^^^^^^^^^^^
  File "<string>", line 64
    self.C = 0.9 * self.C + 0.1 * np.outer(best_archive_sol - np.mean([sol for sol,_ in self.archive], axis=0),best_archive_sol - np.mean([sol for sol,_in self.archive], axis=0)) #More robust update
                                                                                                                                                       ^^^^^^^^^^^^^^^^
SyntaxError: invalid syntax. Perhaps you forgot a comma?
.
