2025-06-15 07:41:30 INFO --- GNBG Problem Parameters for f8 ---
  Dimension: 30, MaxEvals: 500000
  Search Bounds: [-100, 100]
  Number of Components: 1
  Known Optimum Value: -656.788998
  Lambda (Curvature): [1]
  Mu (Asymmetry/Depth): [0.2 0.2]
----------------------------------------
2025-06-15 07:41:30 ERROR Can not run the algorithm
2025-06-15 07:41:30 INFO Run function 8 complete. FEHistory len: 0, AOCC: 0.0000
2025-06-15 07:41:30 INFO FeHistory: []
2025-06-15 07:41:30 INFO Expected Optimum FE: -656.7889979935655
2025-06-15 07:41:30 INFO Multimodal (single component) AOCC mean: 0.0000
2025-06-15 07:41:30 INFO AOCC mean: 0.0000
2025-06-15 07:41:31 INFO --- GNBG Problem Parameters for f8 ---
  Dimension: 30, MaxEvals: 500000
  Search Bounds: [-100, 100]
  Number of Components: 1
  Known Optimum Value: -656.788998
  Lambda (Curvature): [1]
  Mu (Asymmetry/Depth): [0.2 0.2]
----------------------------------------
2025-06-15 07:41:31 INFO --- GNBG Problem Parameters for f8 ---
  Dimension: 30, MaxEvals: 500000
  Search Bounds: [-100, 100]
  Number of Components: 1
  Known Optimum Value: -656.788998
  Lambda (Curvature): [1]
  Mu (Asymmetry/Depth): [0.2 0.2]
----------------------------------------
2025-06-15 07:41:31 ERROR Can not run the algorithm
2025-06-15 07:41:32 INFO Run function 8 complete. FEHistory len: 1, AOCC: 0.0000
2025-06-15 07:41:32 INFO FeHistory: [137963.57403563]
2025-06-15 07:41:32 INFO Expected Optimum FE: -656.7889979935655
2025-06-15 07:41:32 INFO Multimodal (single component) AOCC mean: 0.0000
2025-06-15 07:41:32 INFO AOCC mean: 0.0000
2025-06-15 07:41:32 INFO --- GNBG Problem Parameters for f8 ---
  Dimension: 30, MaxEvals: 500000
  Search Bounds: [-100, 100]
  Number of Components: 1
  Known Optimum Value: -656.788998
  Lambda (Curvature): [1]
  Mu (Asymmetry/Depth): [0.2 0.2]
----------------------------------------
2025-06-15 07:41:32 INFO --- GNBG Problem Parameters for f8 ---
  Dimension: 30, MaxEvals: 500000
  Search Bounds: [-100, 100]
  Number of Components: 1
  Known Optimum Value: -656.788998
  Lambda (Curvature): [1]
  Mu (Asymmetry/Depth): [0.2 0.2]
----------------------------------------
2025-06-15 07:41:32 ERROR Can not run the algorithm
2025-06-15 07:41:33 INFO Run function 8 complete. FEHistory len: 10, AOCC: 0.0000
2025-06-15 07:41:33 INFO FeHistory: [240361.79363513 263745.10688    159680.4448409  146693.08481011
 143917.69713813 167848.8001634  142233.03663771 177733.44604319
 252728.01195872 126785.48890942]
2025-06-15 07:41:33 INFO Expected Optimum FE: -656.7889979935655
2025-06-15 07:41:33 INFO Multimodal (single component) AOCC mean: 0.0000
2025-06-15 07:41:33 INFO AOCC mean: 0.0000
2025-06-15 07:41:36 INFO Run function 8 complete. FEHistory len: 50000, AOCC: 0.0000
2025-06-15 07:41:36 INFO FeHistory: [198407.84478664 197960.44863029 122249.50260484 ... 149506.37944005
 183051.03269684 116023.43072136]
2025-06-15 07:41:36 INFO Expected Optimum FE: -656.7889979935655
2025-06-15 07:41:36 INFO Multimodal (single component) AOCC mean: 0.0000
2025-06-15 07:41:36 INFO AOCC mean: 0.0000
2025-06-15 07:42:41 INFO Run function 8 complete. FEHistory len: 50000, AOCC: 0.0000
2025-06-15 07:42:41 INFO FeHistory: [139970.91340997 143840.78376268 135886.38865627 ...  65206.7501317
  65206.7501317   65206.7501317 ]
2025-06-15 07:42:41 INFO Expected Optimum FE: -656.7889979935655
2025-06-15 07:42:41 INFO Multimodal (single component) AOCC mean: 0.0000
2025-06-15 07:42:41 INFO AOCC mean: 0.0000
2025-06-15 07:42:48 INFO --- GNBG Problem Parameters for f8 ---
  Dimension: 30, MaxEvals: 500000
  Search Bounds: [-100, 100]
  Number of Components: 1
  Known Optimum Value: -656.788998
  Lambda (Curvature): [1]
  Mu (Asymmetry/Depth): [0.2 0.2]
----------------------------------------
2025-06-15 07:42:48 INFO --- GNBG Problem Parameters for f8 ---
  Dimension: 30, MaxEvals: 500000
  Search Bounds: [-100, 100]
  Number of Components: 1
  Known Optimum Value: -656.788998
  Lambda (Curvature): [1]
  Mu (Asymmetry/Depth): [0.2 0.2]
----------------------------------------
2025-06-15 07:42:49 INFO --- GNBG Problem Parameters for f8 ---
  Dimension: 30, MaxEvals: 500000
  Search Bounds: [-100, 100]
  Number of Components: 1
  Known Optimum Value: -656.788998
  Lambda (Curvature): [1]
  Mu (Asymmetry/Depth): [0.2 0.2]
----------------------------------------
2025-06-15 07:42:49 INFO --- GNBG Problem Parameters for f8 ---
  Dimension: 30, MaxEvals: 500000
  Search Bounds: [-100, 100]
  Number of Components: 1
  Known Optimum Value: -656.788998
  Lambda (Curvature): [1]
  Mu (Asymmetry/Depth): [0.2 0.2]
----------------------------------------
2025-06-15 07:42:49 ERROR Can not run the algorithm
2025-06-15 07:42:49 INFO Run function 8 complete. FEHistory len: 10, AOCC: 0.0000
2025-06-15 07:42:49 INFO FeHistory: [231690.75555566 166946.09887509 228010.49210255 184080.52917543
 184292.08211722 215552.5301306  311579.89717366 317711.91970995
 247669.43042457 242719.67171501]
2025-06-15 07:42:49 INFO Expected Optimum FE: -656.7889979935655
2025-06-15 07:42:49 INFO Multimodal (single component) AOCC mean: 0.0000
2025-06-15 07:42:49 INFO AOCC mean: 0.0000
2025-06-15 07:42:50 INFO --- GNBG Problem Parameters for f8 ---
  Dimension: 30, MaxEvals: 500000
  Search Bounds: [-100, 100]
  Number of Components: 1
  Known Optimum Value: -656.788998
  Lambda (Curvature): [1]
  Mu (Asymmetry/Depth): [0.2 0.2]
----------------------------------------
2025-06-15 07:42:53 INFO Run function 8 complete. FEHistory len: 50000, AOCC: 0.0000
2025-06-15 07:42:53 INFO FeHistory: [201638.26648303 231795.28953734 234632.02214608 ... 205476.65299037
 164726.66727225 236479.24240416]
2025-06-15 07:42:53 INFO Expected Optimum FE: -656.7889979935655
2025-06-15 07:42:53 INFO Multimodal (single component) AOCC mean: 0.0000
2025-06-15 07:42:53 INFO AOCC mean: 0.0000
2025-06-15 07:42:54 INFO Run function 8 complete. FEHistory len: 50000, AOCC: 0.0000
2025-06-15 07:42:54 INFO FeHistory: [202159.17047926 209957.12054063 191640.63854313 ... 156011.48777851
 188506.14809357  90725.96384821]
2025-06-15 07:42:54 INFO Expected Optimum FE: -656.7889979935655
2025-06-15 07:42:54 INFO Multimodal (single component) AOCC mean: 0.0000
2025-06-15 07:42:54 INFO AOCC mean: 0.0000
2025-06-15 07:43:23 INFO Run function 8 complete. FEHistory len: 50000, AOCC: 0.0000
2025-06-15 07:43:23 INFO FeHistory: [163221.25943936 161665.65599445 163572.70798977 ...  56577.76906816
  56577.76906816  56577.76906816]
2025-06-15 07:43:23 INFO Expected Optimum FE: -656.7889979935655
2025-06-15 07:43:23 INFO Multimodal (single component) AOCC mean: 0.0000
2025-06-15 07:43:23 INFO AOCC mean: 0.0000
