2025-06-10 16:18:58 INFO --- GNBG Problem Parameters for f1 ---
  Dimension: 30, MaxEvals: 500000
  Search Bounds: [-100, 100]
  Number of Components: 1
  Known Optimum Value: -1081.983799
  Lambda (Curvature): [1]
  Mu (Asymmetry/Depth): [0 0]
----------------------------------------
2025-06-10 16:18:58 INFO --- GNBG Problem Parameters for f1 ---
  Dimension: 30, MaxEvals: 500000
  Search Bounds: [-100, 100]
  Number of Components: 1
  Known Optimum Value: -1081.983799
  Lambda (Curvature): [1]
  Mu (Asymmetry/Depth): [0 0]
----------------------------------------
2025-06-10 16:18:58 INFO --- GNBG Problem Parameters for f1 ---
  Dimension: 30, MaxEvals: 500000
  Search Bounds: [-100, 100]
  Number of Components: 1
  Known Optimum Value: -1081.983799
  Lambda (Curvature): [1]
  Mu (Asymmetry/Depth): [0 0]
----------------------------------------
2025-06-10 16:19:00 INFO --- GNBG Problem Parameters for f1 ---
  Dimension: 30, MaxEvals: 500000
  Search Bounds: [-100, 100]
  Number of Components: 1
  Known Optimum Value: -1081.983799
  Lambda (Curvature): [1]
  Mu (Asymmetry/Depth): [0 0]
----------------------------------------
2025-06-10 16:19:00 INFO --- GNBG Problem Parameters for f1 ---
  Dimension: 30, MaxEvals: 500000
  Search Bounds: [-100, 100]
  Number of Components: 1
  Known Optimum Value: -1081.983799
  Lambda (Curvature): [1]
  Mu (Asymmetry/Depth): [0 0]
----------------------------------------
2025-06-10 16:19:00 ERROR Can not run the algorithm
2025-06-10 16:19:00 INFO Run function 1 complete. FEHistory len: 301, AOCC: 0.0000
2025-06-10 16:19:00 INFO FeHistory: [167872.57977522 212170.11562572 173736.22406458 141230.00072577
 177156.82759179 180014.54964589 210306.81743073 180430.07213974
 189605.14171895 193662.16075439 187884.21443425 218164.38576987
 148292.94263109 149121.70690179 171353.61386868 114778.21572107
 172635.31480544 173499.68064981 213253.18544047 242948.4583474
 178951.08484301 119785.85584611 200639.3420455  147628.0361476
 244896.22810587 167009.91506509 205819.4394084  146985.38512528
 142135.48499798 184206.4773787  172623.45169224 116924.62624816
 152637.88410851 152759.43745989 179098.40879986 177907.95779092
 183836.76625189 160930.86652716 150029.98724276 115579.40749235
 140535.30734376 203051.77336167 126284.29880335 214909.57749973
 194494.17579075 187904.95185578 148836.13420956 219748.01990285
 214330.78640762 201540.09164753 146257.42305226 167755.0360474
 200454.23353768 215794.47769066 178485.30511472 172990.93330828
 145229.7218998  117864.27682421 211124.73094335 196495.53243939
 132401.54443889 190706.14125922 210748.67011028 180190.46117093
 221317.68383682 237502.80955035 185808.14289099 210756.76880986
 175481.12716732 220624.61887562 139830.27057093 180974.89370926
 224915.66940246 186066.71252473 208843.77298341 100686.67703766
 152925.11165516 175378.92337233 166281.4044456  167420.35768536
 159978.00783091 149136.30014118 178368.43190326 213064.21092272
 161620.75175884 135480.42066082 166831.54424495 164107.81377519
 204193.20976435 175681.83634949 203251.77524015 225894.97678013
 235321.86154365 259483.05473541 130096.84363284 103324.90359107
 201543.21966572 124357.98401574 187066.24806199 191226.95227356
 216860.5801001  191393.75078639 173512.42503139 152868.92848478
 154933.22832411 191289.54727051 183961.35165945 223472.16643851
 139236.46060402 173035.81815943 146905.2991167  199434.4509595
 135999.23093277  93502.18089695 182251.7026562   94692.33489162
 164741.33312237 208320.97354077 173759.95159194 211251.04993437
 170383.47637648 121769.19078123 132757.82971509 148073.51066575
 164434.0503735  193523.60698685 173423.08297413 210913.9571555
 148305.15178474 180450.74106983 167562.82275453 170401.03474058
 246461.5295519  181034.27408295 113683.63803027 161993.89701676
 199154.54270872 127098.94696416 180705.40227941 140707.04677538
 209325.53760634 160782.67624424  98624.45830006 177354.36863126
 208663.83588362 108798.38881417 174173.61362919 159955.21409672
 139109.55333727 166744.16730413 180374.06437613 192353.11946642
 197444.07013043 135945.04304773 159698.81187455  96444.57482381
 185275.59605622 157975.17038634 218954.14642898 135567.40777807
 121603.45262917 130911.52813841 192125.51826871 184819.83054559
 156136.48212307 149108.0553289  158107.76241712 163974.85535512
 161191.32237317 204873.23267336 144175.2853681  207484.13817361
 141983.58706547 172461.17619971 200262.14840854 206539.14197757
  75103.91719662 154357.40830603 200074.66151905 143404.87197756
 159763.15903793 180947.22457458 200283.67023395 183866.26636994
 167979.77557073 214367.62304333 202916.44462457 193454.28849145
 135164.16538185 226118.77519124 194010.00227634 147969.67551152
 180959.16915103 180042.82983585 174885.04256848 143876.94934807
 125582.11704437 138621.21633657 146092.83712935 151579.18684178
 213438.20395719 129973.59257679 177249.11602002 140021.46504456
 244446.4297098  157926.59400464 120965.01332216 183662.08080058
 184145.59280325 161135.02228403 170631.67046934  84179.70283849
 126998.20438144 150891.79248149 145186.97940851 220407.28486014
 205278.28421346 195914.51685451 189556.17546646 141797.2809892
 156710.33635421 132204.28454024 208948.88043161 128760.275257
 202021.50175978 177014.28145721 188160.48672229 201793.10833744
 134987.93499986 191302.13157051 174427.91257997 193767.08380599
 140384.33626576 132839.8604343  174391.53245432 183296.13662471
 210139.70222179 201109.44841025 210349.18928898 163208.48606246
 126965.11963174 178779.50225476 150988.43257069 216028.23753518
 124792.08670452 189726.91831967 173411.68942708 164420.9690024
 173705.19606835 162090.15193564 131646.49752286 165342.03102254
 160460.46745111 112181.31351159 219637.15724502 212832.99399833
 134230.7173166  113044.77647719 107611.17166716 153702.36444084
 110780.90801374 155545.87843891 194818.18818447 159844.12976356
 227467.30957486 150897.85482823 158461.97162397 230728.34689126
 141830.62453819 191764.335494   164551.28006291 181585.75094906
 199113.15937078 152526.14287016 143362.04298571 228033.80707005
 171786.64804984 177711.89849389 218749.41631657 127818.63173794
 119010.27953155 173549.42173705 180366.18147911 179488.96709598
 154260.7842216  170099.56172383 195896.27847251 178417.87923715
 111345.8476308  201332.67499327 147895.5090642  146013.13908667
 138234.2267747  155911.49494197 192471.63419038 227375.15546872
 163870.20566005 196259.65287833 196613.97800991 171093.35967937
 143679.50058529]
2025-06-10 16:19:00 INFO Expected Optimum FE: -1081.9837994003399
2025-06-10 16:19:00 INFO --- GNBG Problem Parameters for f8 ---
  Dimension: 30, MaxEvals: 500000
  Search Bounds: [-100, 100]
  Number of Components: 1
  Known Optimum Value: -656.788998
  Lambda (Curvature): [1]
  Mu (Asymmetry/Depth): [0.2 0.2]
----------------------------------------
2025-06-10 16:19:00 ERROR Can not run the algorithm
2025-06-10 16:19:00 INFO Run function 8 complete. FEHistory len: 301, AOCC: 0.0000
2025-06-10 16:19:00 INFO FeHistory: [ 90082.9393864  238572.00368142 111819.17807909  93615.6262249
 121237.56006155 201542.85913818 203299.1217305  207642.35105169
 221630.79828849 241556.05187222 187248.79889522 143713.7482895
 188190.86746778 280113.26687673 258871.34802696 242676.81356678
 121224.73696607 244605.18823681 240480.79088199 171962.42736252
 179464.26614832 234315.03444424 198284.25195631 161763.40019227
 249450.82814698 152539.62891688 231763.3160223  173421.25500027
 195742.85802463 202210.42134855 156912.48308981 141238.72407698
 215433.82952234 167020.85644462 235985.4018311  213195.15406603
 238070.32449197 163193.32112283 262785.66035746 195501.16663848
 224924.44015547 192011.40359361 197938.01198039 167540.33372496
 156804.46924728 175217.26047951 145390.10774084 172523.36313219
 177770.93394249 190585.06615549 129822.49789181 215300.40896517
 190214.86536127 153189.50238949 223801.79281405 196405.72326141
 198616.1715938  228801.58006041 165937.61432053 245546.03516128
 141285.78682254 226753.07824748 156426.96146074 171276.79307719
 126549.08762445 248803.57522924 223033.03457114 150132.32913158
 105393.99053983 170632.34809364 193802.03427177 148872.62572156
 197705.09027801 246664.99371714 225351.34849495 221529.20479794
 235787.1239839  162390.39756652 220719.35918795 215240.37222038
 176507.61008909 123619.08481888 194917.09233216 227388.40078929
 163035.10227864 234432.36535993 298115.95346502 156926.03905828
 214219.69890436 139693.02827502 275470.41534598 207451.32417407
 268465.25338066 259565.60913677 179094.41335119 120552.90829509
 218919.56559692 153317.23193565 233127.94522306 170332.34282015
 150236.58776136 244036.74126603 280310.41270693 207701.38322768
 229172.40829606 268345.63145878 187629.6355877  230497.48873476
 179323.30412361 214368.76970264 179513.16276111 202264.88983723
 140821.70607126 258182.56802516 176164.51402726 154925.41197342
 174857.67984561 237538.75693279 277799.78968104 209931.61065507
 107148.34937544 200483.97957923  91219.4894403  226528.58029345
 241316.18415414 173722.58541623 186646.53207645 238972.70130292
 167869.87752379 196597.33823923 116339.76730264  87347.81645347
 172022.46244468 246427.23988483 148014.69612537 236213.17759699
 181175.760776   191850.41520069 115556.23775613 174406.26461468
 238649.66091636 128312.90907965 121015.52167781 261258.34124185
 134885.01176707 307330.20461652 139377.79801328 161802.9138314
 238630.55916177 161150.46804095 221319.4788248  141738.19331921
 138759.75157462 109166.68156196 250055.710286   161944.99731198
 192492.85391454 218668.29536216 175994.91251006 122505.62786544
 152479.86594708 175607.80101642 183111.75406551 187118.20774266
 225960.19989795 122902.47278078 257942.74816912 158354.79093663
 240038.80591665 147437.14019077 121750.37292364 163256.76671207
 145271.14198005 180374.76152977 320865.87071512 213745.0154285
 138694.01811231 208129.80481325 154363.81796606 167806.49446245
 202866.2515579  141756.56213312 140767.67305969 187722.2847834
 250040.35518997 121094.21409633  91422.82970488 169430.52547194
 129536.22814568 116027.08572561 251850.21843482 239571.1312293
 141216.25230345 184229.77813659 172287.54293772 185250.49754818
 223741.38894704 174759.91738721 202921.21480422 165417.70776841
  92704.10633104 123138.61320108 226763.01908307 321804.96045969
 114825.03504083 124725.5253561  133423.70521133 224559.99985632
 161158.68640311 182172.87619396 260719.81677802 127640.37648166
 122884.42710697 151423.6961017  209315.37764041 227108.5399743
 247292.6564337  169967.38663372 217929.84512272 162760.55591314
 126280.41182343 249371.6608913  104782.79235319 209911.50137171
 155456.04446987 153839.62815224 233206.83191876 187159.21300223
 211553.63322371 124173.51627682 302440.36517773 301043.06685986
 108582.7340447  248327.03186264 164644.94214158 197351.44784176
 158683.86191082 155018.88706705 243378.34952041 216637.56427915
 204005.59223994 213631.00453114 218201.38406419 167467.6332127
 173186.38547724 182726.74799345 283684.02366828 193956.58484057
 198112.81792058 273202.53055052 165968.67578287 152507.71480972
 214525.92986877 280351.87757397 170592.36503674 145599.33140369
 181480.69934532 258839.07741665 162348.37693689 186323.4734927
 204144.15662357 103884.39039902 177338.24570334 207179.56119262
 230582.31040571  87344.70043068 214334.08686913 246719.28658922
 129740.59461805 214386.41958581 130808.50176363 160438.47863792
 190344.70036263 171159.91106238 178249.90014638 221563.7258428
  95100.28237449 151859.76156765 133231.60396639 107511.318147
 205015.80899225 159329.55862232 175575.05842473 138219.05042059
 232117.26908904 155330.84045213 235198.75271123 170669.54736753
 152959.05722838 211843.86713104 191308.85943394 147188.70311901
 192655.55776962 212478.54463008 111158.99785334 209430.53758796
 101908.37925318 210766.97241149 164861.51163193 159541.27541518
 311680.97153637]
2025-06-10 16:19:00 INFO Expected Optimum FE: -656.7889979935655
2025-06-10 16:19:00 INFO --- GNBG Problem Parameters for f20 ---
  Dimension: 30, MaxEvals: 1000000
  Search Bounds: [-100, 100]
  Number of Components: 5
  Known Optimum Value: -100.000000
  Lambda (Curvature): [0.25 0.25 0.25 0.25 0.25]
  Mu (Asymmetry/Depth): [0.4901829  0.25862884 0.37043014 0.37440768 0.26098797 0.491006
 0.27569772 0.45404864 0.42314776 0.27195433]
----------------------------------------
2025-06-10 16:19:00 ERROR Can not run the algorithm
2025-06-10 16:19:00 INFO Run function 20 complete. FEHistory len: 301, AOCC: 0.0754
2025-06-10 16:19:00 INFO FeHistory: [-76.87931447 -77.49251095 -77.64481128 -78.23018021 -77.71821775
 -75.61099156 -78.11430272 -77.56679864 -76.54367563 -78.3657512
 -76.83600808 -78.45222201 -77.08022794 -76.3826177  -82.99253981
 -78.41995225 -78.00573657 -77.34867079 -78.94662508 -78.40115812
 -78.59910699 -79.08278359 -77.03464873 -76.05498667 -77.29677256
 -78.90066788 -79.08851383 -76.83631189 -78.57660219 -78.4857815
 -77.46236231 -80.33111957 -78.41335345 -78.47412211 -76.77902908
 -78.10436206 -81.55648486 -78.69817612 -77.18584936 -78.10674604
 -78.96700131 -77.7179765  -77.30383628 -79.36187088 -77.82536188
 -77.43139347 -79.00320094 -76.97005885 -78.68811388 -77.99001539
 -80.64277135 -75.62666596 -76.86937675 -79.41536993 -77.1060881
 -77.42228343 -76.77958337 -80.19536723 -76.57864565 -76.59843942
 -78.21903322 -79.80668914 -77.46652959 -79.61056077 -79.03230268
 -80.31693275 -77.06580286 -78.77181012 -77.23543352 -79.33576808
 -78.95024641 -79.1763562  -77.69833947 -80.33563782 -79.30731311
 -79.04118252 -82.16927204 -76.17422315 -77.87210838 -79.83832362
 -77.48514244 -76.06298317 -77.20040633 -79.4964208  -79.12648291
 -78.40522466 -77.83294444 -80.46680445 -79.5080248  -79.81986568
 -76.57991763 -78.44872667 -78.16674067 -80.17305646 -81.15629632
 -78.39727575 -77.03041556 -78.45413976 -78.52195421 -78.7026015
 -80.16105946 -79.41670426 -78.74946588 -77.78178548 -78.748855
 -78.95674159 -76.99972338 -77.10342851 -79.6983229  -77.79940789
 -74.73746813 -79.39920569 -79.63980327 -79.35436805 -77.003194
 -80.86936713 -74.69315511 -75.98715743 -78.15407441 -76.69886203
 -78.86842178 -78.21257724 -80.1161751  -80.68644679 -77.29369948
 -77.17679022 -81.22706954 -82.31165312 -76.51379014 -80.19346801
 -77.04194277 -77.58974917 -80.3820131  -77.81372267 -78.45849398
 -80.49477261 -78.27234431 -79.24049201 -76.37432501 -76.1879274
 -77.08675155 -76.86160482 -79.17507188 -79.14189985 -80.1683509
 -81.56665197 -77.16220176 -78.64190628 -80.01958361 -78.30254645
 -79.40874592 -79.02922142 -76.21534826 -79.94825645 -78.0943461
 -77.06946022 -78.32369161 -80.25315689 -79.20793405 -78.73122265
 -77.46581963 -78.06185513 -77.81943473 -77.7782849  -79.83611004
 -79.73739762 -80.33895959 -78.92764694 -78.75977931 -79.91263594
 -79.25267503 -79.97509679 -78.39869353 -78.25769893 -77.95005674
 -79.20084746 -77.47963305 -77.79267267 -76.43978119 -79.32910292
 -75.94419851 -78.60220196 -76.48117026 -78.98302703 -78.86595628
 -75.66663334 -78.56182111 -76.8899276  -78.15467458 -75.15103412
 -79.66833019 -78.99895391 -79.20745969 -78.38810371 -79.28402872
 -77.83156472 -77.27726145 -75.52647564 -77.79542672 -80.74757627
 -83.97936196 -78.93795994 -78.8740062  -79.08827619 -76.93247881
 -77.4770938  -78.43656502 -77.75247502 -79.85814846 -77.61075743
 -79.76285159 -77.22079443 -79.61628407 -79.00822128 -77.69229133
 -80.66884532 -79.31684708 -79.11444856 -78.8165051  -79.3611923
 -76.51896483 -78.18689029 -78.08351646 -78.59945271 -78.74213184
 -77.7455904  -77.38340622 -76.23427676 -78.93029067 -79.45363204
 -76.85854084 -77.65961689 -79.2333069  -76.9424984  -79.28463264
 -79.30317972 -79.2887796  -82.19270073 -79.36274867 -76.6917606
 -79.00729052 -78.9962813  -78.4312556  -79.02069943 -79.31413251
 -76.41590054 -78.35476326 -82.06417681 -76.85206476 -78.37993116
 -78.31423047 -78.34170172 -78.9449157  -76.41425797 -75.81541009
 -77.09027411 -81.93597004 -80.2984088  -80.55086788 -78.57411841
 -80.44761887 -76.18369574 -76.5226859  -76.51138084 -75.7911115
 -78.61680486 -79.26020686 -80.5065487  -76.94397612 -74.00378227
 -80.53076897 -76.74240449 -77.12889902 -75.61827374 -79.04417639
 -80.44277775 -77.91469944 -75.443549   -78.88405047 -76.14997515
 -78.31661137 -78.24238605 -73.86089955 -77.34996516 -77.42134513
 -77.34881153 -78.44528296 -76.80328445 -80.30604856 -77.59670695
 -80.56084055 -79.47759475 -82.6274756  -78.46779824 -77.46343771
 -79.81112128 -78.29107154 -78.96843738 -77.23936054 -79.63461513
 -77.7372195 ]
2025-06-10 16:19:00 INFO Expected Optimum FE: -100
2025-06-10 16:19:00 INFO Unimodal AOCC mean: 0.0000
2025-06-10 16:19:00 INFO Multimodal (single component) AOCC mean: 0.0000
2025-06-10 16:19:00 INFO Multimodal (multiple components) AOCC mean: 0.0754
2025-06-10 16:19:00 INFO AOCC mean: 0.0251
2025-06-10 16:19:00 INFO --- GNBG Problem Parameters for f1 ---
  Dimension: 30, MaxEvals: 500000
  Search Bounds: [-100, 100]
  Number of Components: 1
  Known Optimum Value: -1081.983799
  Lambda (Curvature): [1]
  Mu (Asymmetry/Depth): [0 0]
----------------------------------------
2025-06-10 16:19:01 INFO Run function 1 complete. FEHistory len: 5000, AOCC: 0.0000
2025-06-10 16:19:01 INFO FeHistory: [207927.15273922 127490.79042382 193769.57851802 ... 330375.95718686
 412210.44532563 322248.31258985]
2025-06-10 16:19:01 INFO Expected Optimum FE: -1081.9837994003399
2025-06-10 16:19:01 INFO --- GNBG Problem Parameters for f8 ---
  Dimension: 30, MaxEvals: 500000
  Search Bounds: [-100, 100]
  Number of Components: 1
  Known Optimum Value: -656.788998
  Lambda (Curvature): [1]
  Mu (Asymmetry/Depth): [0.2 0.2]
----------------------------------------
2025-06-10 16:19:01 INFO Run function 1 complete. FEHistory len: 5000, AOCC: 0.0000
2025-06-10 16:19:01 INFO FeHistory: [191051.23350327 126048.48769913 163650.65970562 ... 299056.74561998
 270378.6287362  254902.33851014]
2025-06-10 16:19:01 INFO Expected Optimum FE: -1081.9837994003399
2025-06-10 16:19:01 INFO --- GNBG Problem Parameters for f8 ---
  Dimension: 30, MaxEvals: 500000
  Search Bounds: [-100, 100]
  Number of Components: 1
  Known Optimum Value: -656.788998
  Lambda (Curvature): [1]
  Mu (Asymmetry/Depth): [0.2 0.2]
----------------------------------------
2025-06-10 16:19:01 INFO Run function 8 complete. FEHistory len: 5000, AOCC: 0.0000
2025-06-10 16:19:01 INFO FeHistory: [212679.01407035 259008.25400276 225700.94961456 ... 452944.87707957
 442515.51255317 320261.42653696]
2025-06-10 16:19:01 INFO Expected Optimum FE: -656.7889979935655
2025-06-10 16:19:01 INFO --- GNBG Problem Parameters for f20 ---
  Dimension: 30, MaxEvals: 1000000
  Search Bounds: [-100, 100]
  Number of Components: 5
  Known Optimum Value: -100.000000
  Lambda (Curvature): [0.25 0.25 0.25 0.25 0.25]
  Mu (Asymmetry/Depth): [0.4901829  0.25862884 0.37043014 0.37440768 0.26098797 0.491006
 0.27569772 0.45404864 0.42314776 0.27195433]
----------------------------------------
2025-06-10 16:19:02 INFO Run function 8 complete. FEHistory len: 5000, AOCC: 0.0000
2025-06-10 16:19:02 INFO FeHistory: [216992.70819157 189237.20902868 209981.25598352 ... 245095.69353959
 419716.28518632 342846.43671606]
2025-06-10 16:19:02 INFO Expected Optimum FE: -656.7889979935655
2025-06-10 16:19:02 INFO --- GNBG Problem Parameters for f20 ---
  Dimension: 30, MaxEvals: 1000000
  Search Bounds: [-100, 100]
  Number of Components: 5
  Known Optimum Value: -100.000000
  Lambda (Curvature): [0.25 0.25 0.25 0.25 0.25]
  Mu (Asymmetry/Depth): [0.4901829  0.25862884 0.37043014 0.37440768 0.26098797 0.491006
 0.27569772 0.45404864 0.42314776 0.27195433]
----------------------------------------
2025-06-10 16:19:05 INFO Run function 20 complete. FEHistory len: 10000, AOCC: 0.0733
2025-06-10 16:19:05 INFO FeHistory: [-77.16137309 -79.42264074 -80.68428193 ... -76.31264462 -74.858576
 -74.86554152]
2025-06-10 16:19:05 INFO Expected Optimum FE: -100
2025-06-10 16:19:05 INFO Unimodal AOCC mean: 0.0000
2025-06-10 16:19:05 INFO Multimodal (single component) AOCC mean: 0.0000
2025-06-10 16:19:05 INFO Multimodal (multiple components) AOCC mean: 0.0733
2025-06-10 16:19:05 INFO AOCC mean: 0.0244
2025-06-10 16:19:05 INFO Run function 20 complete. FEHistory len: 10000, AOCC: 0.0729
2025-06-10 16:19:05 INFO FeHistory: [-74.91385838 -76.81635262 -80.1682889  ... -76.46699878 -74.71104049
 -74.28911699]
2025-06-10 16:19:05 INFO Expected Optimum FE: -100
2025-06-10 16:19:05 INFO Unimodal AOCC mean: 0.0000
2025-06-10 16:19:05 INFO Multimodal (single component) AOCC mean: 0.0000
2025-06-10 16:19:05 INFO Multimodal (multiple components) AOCC mean: 0.0729
2025-06-10 16:19:05 INFO AOCC mean: 0.0243
2025-06-10 16:19:31 INFO Run function 1 complete. FEHistory len: 5000, AOCC: 0.0000
2025-06-10 16:19:31 INFO FeHistory: [101630.01427953 159774.54582273 102024.31818156 ...  84477.90496849
  71750.69149683  82542.29515279]
2025-06-10 16:19:31 INFO Expected Optimum FE: -1081.9837994003399
2025-06-10 16:19:31 INFO --- GNBG Problem Parameters for f8 ---
  Dimension: 30, MaxEvals: 500000
  Search Bounds: [-100, 100]
  Number of Components: 1
  Known Optimum Value: -656.788998
  Lambda (Curvature): [1]
  Mu (Asymmetry/Depth): [0.2 0.2]
----------------------------------------
2025-06-10 16:19:32 INFO Run function 1 complete. FEHistory len: 5000, AOCC: 0.0000
2025-06-10 16:19:32 INFO FeHistory: [179229.92859034 129654.86910935 249070.35168397 ... 103706.32131963
  91740.0678231   90589.81186279]
2025-06-10 16:19:32 INFO Expected Optimum FE: -1081.9837994003399
2025-06-10 16:19:32 INFO --- GNBG Problem Parameters for f8 ---
  Dimension: 30, MaxEvals: 500000
  Search Bounds: [-100, 100]
  Number of Components: 1
  Known Optimum Value: -656.788998
  Lambda (Curvature): [1]
  Mu (Asymmetry/Depth): [0.2 0.2]
----------------------------------------
2025-06-10 16:19:33 INFO Run function 1 complete. FEHistory len: 5000, AOCC: 0.0000
2025-06-10 16:19:33 INFO FeHistory: [159315.10316523 177075.27378445 186783.81430972 ...  64546.42896125
  64018.86430695  81929.09096329]
2025-06-10 16:19:33 INFO Expected Optimum FE: -1081.9837994003399
2025-06-10 16:19:33 INFO --- GNBG Problem Parameters for f8 ---
  Dimension: 30, MaxEvals: 500000
  Search Bounds: [-100, 100]
  Number of Components: 1
  Known Optimum Value: -656.788998
  Lambda (Curvature): [1]
  Mu (Asymmetry/Depth): [0.2 0.2]
----------------------------------------
2025-06-10 16:20:02 INFO Run function 8 complete. FEHistory len: 5000, AOCC: 0.0000
2025-06-10 16:20:02 INFO FeHistory: [182102.38938816 159640.74288568 102929.65680974 ...  53316.58516509
  56180.09927297  53863.16516571]
2025-06-10 16:20:02 INFO Expected Optimum FE: -656.7889979935655
2025-06-10 16:20:02 INFO --- GNBG Problem Parameters for f20 ---
  Dimension: 30, MaxEvals: 1000000
  Search Bounds: [-100, 100]
  Number of Components: 5
  Known Optimum Value: -100.000000
  Lambda (Curvature): [0.25 0.25 0.25 0.25 0.25]
  Mu (Asymmetry/Depth): [0.4901829  0.25862884 0.37043014 0.37440768 0.26098797 0.491006
 0.27569772 0.45404864 0.42314776 0.27195433]
----------------------------------------
2025-06-10 16:20:04 INFO Run function 8 complete. FEHistory len: 5000, AOCC: 0.0000
2025-06-10 16:20:04 INFO FeHistory: [252781.76202351 196245.87665048 289926.9695135  ...  87463.66995898
  77656.43052511 134898.5029407 ]
2025-06-10 16:20:04 INFO Expected Optimum FE: -656.7889979935655
2025-06-10 16:20:04 INFO --- GNBG Problem Parameters for f20 ---
  Dimension: 30, MaxEvals: 1000000
  Search Bounds: [-100, 100]
  Number of Components: 5
  Known Optimum Value: -100.000000
  Lambda (Curvature): [0.25 0.25 0.25 0.25 0.25]
  Mu (Asymmetry/Depth): [0.4901829  0.25862884 0.37043014 0.37440768 0.26098797 0.491006
 0.27569772 0.45404864 0.42314776 0.27195433]
----------------------------------------
2025-06-10 16:20:06 INFO Run function 8 complete. FEHistory len: 5000, AOCC: 0.0000
2025-06-10 16:20:06 INFO FeHistory: [139560.97431405 233318.12662142 204049.24274295 ... 131161.58366968
  76548.04333171  95065.64224968]
2025-06-10 16:20:06 INFO Expected Optimum FE: -656.7889979935655
2025-06-10 16:20:06 INFO --- GNBG Problem Parameters for f20 ---
  Dimension: 30, MaxEvals: 1000000
  Search Bounds: [-100, 100]
  Number of Components: 5
  Known Optimum Value: -100.000000
  Lambda (Curvature): [0.25 0.25 0.25 0.25 0.25]
  Mu (Asymmetry/Depth): [0.4901829  0.25862884 0.37043014 0.37440768 0.26098797 0.491006
 0.27569772 0.45404864 0.42314776 0.27195433]
----------------------------------------
2025-06-10 16:20:44 INFO Run function 20 complete. FEHistory len: 10000, AOCC: 0.0744
2025-06-10 16:20:44 INFO FeHistory: [-79.39065614 -77.26156544 -77.08900586 ... -83.65204212 -84.5705188
 -85.75824338]
2025-06-10 16:20:44 INFO Expected Optimum FE: -100
2025-06-10 16:20:44 INFO Unimodal AOCC mean: 0.0000
2025-06-10 16:20:44 INFO Multimodal (single component) AOCC mean: 0.0000
2025-06-10 16:20:44 INFO Multimodal (multiple components) AOCC mean: 0.0744
2025-06-10 16:20:44 INFO AOCC mean: 0.0248
2025-06-10 16:21:04 INFO Run function 20 complete. FEHistory len: 10000, AOCC: 0.0714
2025-06-10 16:21:04 INFO FeHistory: [-77.40673194 -77.76560791 -77.6879463  ... -82.99518398 -81.73020537
 -82.13684824]
2025-06-10 16:21:04 INFO Expected Optimum FE: -100
2025-06-10 16:21:04 INFO Unimodal AOCC mean: 0.0000
2025-06-10 16:21:04 INFO Multimodal (single component) AOCC mean: 0.0000
2025-06-10 16:21:04 INFO Multimodal (multiple components) AOCC mean: 0.0714
2025-06-10 16:21:04 INFO AOCC mean: 0.0238
2025-06-10 16:21:08 INFO Run function 20 complete. FEHistory len: 10000, AOCC: 0.0716
2025-06-10 16:21:08 INFO FeHistory: [-74.70558537 -76.11925527 -78.93061242 ... -84.24004941 -85.63940223
 -83.90919529]
2025-06-10 16:21:08 INFO Expected Optimum FE: -100
2025-06-10 16:21:08 INFO Unimodal AOCC mean: 0.0000
2025-06-10 16:21:08 INFO Multimodal (single component) AOCC mean: 0.0000
2025-06-10 16:21:08 INFO Multimodal (multiple components) AOCC mean: 0.0716
2025-06-10 16:21:08 INFO AOCC mean: 0.0239
2025-06-10 16:21:16 INFO --- GNBG Problem Parameters for f1 ---
  Dimension: 30, MaxEvals: 500000
  Search Bounds: [-100, 100]
  Number of Components: 1
  Known Optimum Value: -1081.983799
  Lambda (Curvature): [1]
  Mu (Asymmetry/Depth): [0 0]
----------------------------------------
2025-06-10 16:21:16 INFO --- GNBG Problem Parameters for f1 ---
  Dimension: 30, MaxEvals: 500000
  Search Bounds: [-100, 100]
  Number of Components: 1
  Known Optimum Value: -1081.983799
  Lambda (Curvature): [1]
  Mu (Asymmetry/Depth): [0 0]
----------------------------------------
2025-06-10 16:21:16 INFO --- GNBG Problem Parameters for f1 ---
  Dimension: 30, MaxEvals: 500000
  Search Bounds: [-100, 100]
  Number of Components: 1
  Known Optimum Value: -1081.983799
  Lambda (Curvature): [1]
  Mu (Asymmetry/Depth): [0 0]
----------------------------------------
2025-06-10 16:21:18 INFO --- GNBG Problem Parameters for f1 ---
  Dimension: 30, MaxEvals: 500000
  Search Bounds: [-100, 100]
  Number of Components: 1
  Known Optimum Value: -1081.983799
  Lambda (Curvature): [1]
  Mu (Asymmetry/Depth): [0 0]
----------------------------------------
2025-06-10 16:21:19 INFO --- GNBG Problem Parameters for f1 ---
  Dimension: 30, MaxEvals: 500000
  Search Bounds: [-100, 100]
  Number of Components: 1
  Known Optimum Value: -1081.983799
  Lambda (Curvature): [1]
  Mu (Asymmetry/Depth): [0 0]
----------------------------------------
2025-06-10 16:21:19 INFO Run function 1 complete. FEHistory len: 5000, AOCC: 0.0000
2025-06-10 16:21:19 INFO FeHistory: [166652.03815207 180132.67398233 157822.90939939 ... 107731.02867485
  99908.50985896 163393.5090684 ]
2025-06-10 16:21:19 INFO Expected Optimum FE: -1081.9837994003399
2025-06-10 16:21:19 INFO --- GNBG Problem Parameters for f8 ---
  Dimension: 30, MaxEvals: 500000
  Search Bounds: [-100, 100]
  Number of Components: 1
  Known Optimum Value: -656.788998
  Lambda (Curvature): [1]
  Mu (Asymmetry/Depth): [0.2 0.2]
----------------------------------------
2025-06-10 16:21:19 INFO --- GNBG Problem Parameters for f1 ---
  Dimension: 30, MaxEvals: 500000
  Search Bounds: [-100, 100]
  Number of Components: 1
  Known Optimum Value: -1081.983799
  Lambda (Curvature): [1]
  Mu (Asymmetry/Depth): [0 0]
----------------------------------------
2025-06-10 16:21:19 INFO Run function 1 complete. FEHistory len: 5000, AOCC: 0.0000
2025-06-10 16:21:19 INFO FeHistory: [161954.51879501 196243.15965535 217393.66472706 ... 292471.71745935
 326927.12174485 328596.78611765]
2025-06-10 16:21:19 INFO Expected Optimum FE: -1081.9837994003399
2025-06-10 16:21:19 INFO --- GNBG Problem Parameters for f8 ---
  Dimension: 30, MaxEvals: 500000
  Search Bounds: [-100, 100]
  Number of Components: 1
  Known Optimum Value: -656.788998
  Lambda (Curvature): [1]
  Mu (Asymmetry/Depth): [0.2 0.2]
----------------------------------------
2025-06-10 16:21:20 INFO Run function 8 complete. FEHistory len: 5000, AOCC: 0.0000
2025-06-10 16:21:20 INFO FeHistory: [118054.03245801 109027.4829006  165205.28349847 ... 157011.68091343
 135432.64136836 142689.8725416 ]
2025-06-10 16:21:20 INFO Expected Optimum FE: -656.7889979935655
2025-06-10 16:21:20 INFO --- GNBG Problem Parameters for f20 ---
  Dimension: 30, MaxEvals: 1000000
  Search Bounds: [-100, 100]
  Number of Components: 5
  Known Optimum Value: -100.000000
  Lambda (Curvature): [0.25 0.25 0.25 0.25 0.25]
  Mu (Asymmetry/Depth): [0.4901829  0.25862884 0.37043014 0.37440768 0.26098797 0.491006
 0.27569772 0.45404864 0.42314776 0.27195433]
----------------------------------------
2025-06-10 16:21:20 INFO Run function 1 complete. FEHistory len: 5000, AOCC: 0.0000
2025-06-10 16:21:20 INFO FeHistory: [144367.253482   187087.06852197 110972.36164856 ... 130539.92091658
 127581.53881115 112416.97403305]
2025-06-10 16:21:20 INFO Expected Optimum FE: -1081.9837994003399
2025-06-10 16:21:20 INFO --- GNBG Problem Parameters for f8 ---
  Dimension: 30, MaxEvals: 500000
  Search Bounds: [-100, 100]
  Number of Components: 1
  Known Optimum Value: -656.788998
  Lambda (Curvature): [1]
  Mu (Asymmetry/Depth): [0.2 0.2]
----------------------------------------
2025-06-10 16:21:20 INFO Run function 8 complete. FEHistory len: 5000, AOCC: 0.0000
2025-06-10 16:21:20 INFO FeHistory: [131452.89957057 141299.05601394 169741.23069623 ... 359944.88694122
 528068.41438022 330264.85771862]
2025-06-10 16:21:20 INFO Expected Optimum FE: -656.7889979935655
2025-06-10 16:21:20 INFO --- GNBG Problem Parameters for f20 ---
  Dimension: 30, MaxEvals: 1000000
  Search Bounds: [-100, 100]
  Number of Components: 5
  Known Optimum Value: -100.000000
  Lambda (Curvature): [0.25 0.25 0.25 0.25 0.25]
  Mu (Asymmetry/Depth): [0.4901829  0.25862884 0.37043014 0.37440768 0.26098797 0.491006
 0.27569772 0.45404864 0.42314776 0.27195433]
----------------------------------------
2025-06-10 16:21:21 INFO Run function 8 complete. FEHistory len: 5000, AOCC: 0.0000
2025-06-10 16:21:21 INFO FeHistory: [189440.17023489 134292.72541771 277700.27079673 ... 171518.13036663
 124915.77657979 150279.9076634 ]
2025-06-10 16:21:21 INFO Expected Optimum FE: -656.7889979935655
2025-06-10 16:21:21 INFO --- GNBG Problem Parameters for f20 ---
  Dimension: 30, MaxEvals: 1000000
  Search Bounds: [-100, 100]
  Number of Components: 5
  Known Optimum Value: -100.000000
  Lambda (Curvature): [0.25 0.25 0.25 0.25 0.25]
  Mu (Asymmetry/Depth): [0.4901829  0.25862884 0.37043014 0.37440768 0.26098797 0.491006
 0.27569772 0.45404864 0.42314776 0.27195433]
----------------------------------------
2025-06-10 16:21:24 INFO Run function 20 complete. FEHistory len: 10000, AOCC: 0.0742
2025-06-10 16:21:24 INFO FeHistory: [-79.68222835 -76.80034585 -78.78643266 ... -78.17046699 -78.75905204
 -80.49695143]
2025-06-10 16:21:24 INFO Expected Optimum FE: -100
2025-06-10 16:21:24 INFO Unimodal AOCC mean: 0.0000
2025-06-10 16:21:24 INFO Multimodal (single component) AOCC mean: 0.0000
2025-06-10 16:21:24 INFO Multimodal (multiple components) AOCC mean: 0.0742
2025-06-10 16:21:24 INFO AOCC mean: 0.0247
2025-06-10 16:21:24 INFO Run function 20 complete. FEHistory len: 10000, AOCC: 0.0737
2025-06-10 16:21:24 INFO FeHistory: [-79.12942397 -79.03039564 -76.44146289 ... -72.06596501 -74.39093102
 -75.95570173]
2025-06-10 16:21:24 INFO Expected Optimum FE: -100
2025-06-10 16:21:24 INFO Unimodal AOCC mean: 0.0000
2025-06-10 16:21:24 INFO Multimodal (single component) AOCC mean: 0.0000
2025-06-10 16:21:24 INFO Multimodal (multiple components) AOCC mean: 0.0737
2025-06-10 16:21:24 INFO AOCC mean: 0.0246
2025-06-10 16:21:25 INFO Run function 20 complete. FEHistory len: 10000, AOCC: 0.0725
2025-06-10 16:21:25 INFO FeHistory: [-77.0280096  -78.73987766 -79.56425804 ... -77.03878954 -77.89214019
 -79.81491884]
2025-06-10 16:21:25 INFO Expected Optimum FE: -100
2025-06-10 16:21:25 INFO Unimodal AOCC mean: 0.0000
2025-06-10 16:21:25 INFO Multimodal (single component) AOCC mean: 0.0000
2025-06-10 16:21:25 INFO Multimodal (multiple components) AOCC mean: 0.0725
2025-06-10 16:21:25 INFO AOCC mean: 0.0242
2025-06-10 16:21:51 INFO Run function 1 complete. FEHistory len: 5000, AOCC: 0.0000
2025-06-10 16:21:51 INFO FeHistory: [135227.27633781 155756.85203661 188944.52417819 ...  82097.40587422
  69632.12671857  76394.45154033]
2025-06-10 16:21:51 INFO Expected Optimum FE: -1081.9837994003399
2025-06-10 16:21:51 INFO --- GNBG Problem Parameters for f8 ---
  Dimension: 30, MaxEvals: 500000
  Search Bounds: [-100, 100]
  Number of Components: 1
  Known Optimum Value: -656.788998
  Lambda (Curvature): [1]
  Mu (Asymmetry/Depth): [0.2 0.2]
----------------------------------------
2025-06-10 16:21:51 INFO Run function 1 complete. FEHistory len: 5000, AOCC: 0.0000
2025-06-10 16:21:51 INFO FeHistory: [171126.65639942 125976.01619334 130609.67730471 ...  51308.06426959
  71976.79547287  56420.77944021]
2025-06-10 16:21:51 INFO Expected Optimum FE: -1081.9837994003399
2025-06-10 16:21:51 INFO --- GNBG Problem Parameters for f8 ---
  Dimension: 30, MaxEvals: 500000
  Search Bounds: [-100, 100]
  Number of Components: 1
  Known Optimum Value: -656.788998
  Lambda (Curvature): [1]
  Mu (Asymmetry/Depth): [0.2 0.2]
----------------------------------------
2025-06-10 16:21:53 INFO Run function 1 complete. FEHistory len: 5000, AOCC: 0.0000
2025-06-10 16:21:53 INFO FeHistory: [151107.28176418 146418.73745318 116620.94797649 ...  79270.56822687
  70263.90955324  60176.84258342]
2025-06-10 16:21:53 INFO Expected Optimum FE: -1081.9837994003399
2025-06-10 16:21:53 INFO --- GNBG Problem Parameters for f8 ---
  Dimension: 30, MaxEvals: 500000
  Search Bounds: [-100, 100]
  Number of Components: 1
  Known Optimum Value: -656.788998
  Lambda (Curvature): [1]
  Mu (Asymmetry/Depth): [0.2 0.2]
----------------------------------------
2025-06-10 16:22:24 INFO Run function 8 complete. FEHistory len: 5000, AOCC: 0.0000
2025-06-10 16:22:24 INFO FeHistory: [121616.93976151 196200.0528093  179978.86373397 ... 129999.27383265
  96028.0637363   77127.44041076]
2025-06-10 16:22:24 INFO Expected Optimum FE: -656.7889979935655
2025-06-10 16:22:24 INFO --- GNBG Problem Parameters for f20 ---
  Dimension: 30, MaxEvals: 1000000
  Search Bounds: [-100, 100]
  Number of Components: 5
  Known Optimum Value: -100.000000
  Lambda (Curvature): [0.25 0.25 0.25 0.25 0.25]
  Mu (Asymmetry/Depth): [0.4901829  0.25862884 0.37043014 0.37440768 0.26098797 0.491006
 0.27569772 0.45404864 0.42314776 0.27195433]
----------------------------------------
2025-06-10 16:22:25 INFO Run function 8 complete. FEHistory len: 5000, AOCC: 0.0000
2025-06-10 16:22:25 INFO FeHistory: [177519.42512671 141352.54196976 186193.69261314 ...  81077.17820607
 130623.83670291 111950.28911327]
2025-06-10 16:22:25 INFO Expected Optimum FE: -656.7889979935655
2025-06-10 16:22:25 INFO --- GNBG Problem Parameters for f20 ---
  Dimension: 30, MaxEvals: 1000000
  Search Bounds: [-100, 100]
  Number of Components: 5
  Known Optimum Value: -100.000000
  Lambda (Curvature): [0.25 0.25 0.25 0.25 0.25]
  Mu (Asymmetry/Depth): [0.4901829  0.25862884 0.37043014 0.37440768 0.26098797 0.491006
 0.27569772 0.45404864 0.42314776 0.27195433]
----------------------------------------
2025-06-10 16:22:27 INFO Run function 8 complete. FEHistory len: 5000, AOCC: 0.0000
2025-06-10 16:22:27 INFO FeHistory: [208829.92444444 160304.57196262 203494.82846735 ...  97214.80218582
  45703.53260457 101808.23209957]
2025-06-10 16:22:27 INFO Expected Optimum FE: -656.7889979935655
2025-06-10 16:22:27 INFO --- GNBG Problem Parameters for f20 ---
  Dimension: 30, MaxEvals: 1000000
  Search Bounds: [-100, 100]
  Number of Components: 5
  Known Optimum Value: -100.000000
  Lambda (Curvature): [0.25 0.25 0.25 0.25 0.25]
  Mu (Asymmetry/Depth): [0.4901829  0.25862884 0.37043014 0.37440768 0.26098797 0.491006
 0.27569772 0.45404864 0.42314776 0.27195433]
----------------------------------------
2025-06-10 16:23:09 INFO Run function 20 complete. FEHistory len: 10000, AOCC: 0.0718
2025-06-10 16:23:09 INFO FeHistory: [-76.25586372 -77.20520103 -77.69498291 ... -84.2691108  -84.68683218
 -82.59797207]
2025-06-10 16:23:09 INFO Expected Optimum FE: -100
2025-06-10 16:23:09 INFO Unimodal AOCC mean: 0.0000
2025-06-10 16:23:09 INFO Multimodal (single component) AOCC mean: 0.0000
2025-06-10 16:23:09 INFO Multimodal (multiple components) AOCC mean: 0.0718
2025-06-10 16:23:09 INFO AOCC mean: 0.0239
2025-06-10 16:23:09 INFO Run function 20 complete. FEHistory len: 10000, AOCC: 0.0759
2025-06-10 16:23:09 INFO FeHistory: [-75.15688058 -81.19521475 -80.11832248 ... -83.6296593  -84.08882555
 -83.41276159]
2025-06-10 16:23:09 INFO Expected Optimum FE: -100
2025-06-10 16:23:09 INFO Unimodal AOCC mean: 0.0000
2025-06-10 16:23:09 INFO Multimodal (single component) AOCC mean: 0.0000
2025-06-10 16:23:09 INFO Multimodal (multiple components) AOCC mean: 0.0759
2025-06-10 16:23:09 INFO AOCC mean: 0.0253
2025-06-10 16:23:30 INFO Run function 20 complete. FEHistory len: 10000, AOCC: 0.0758
2025-06-10 16:23:30 INFO FeHistory: [-79.1932462  -80.627261   -79.3036186  ... -83.01881573 -81.45971057
 -82.43722764]
2025-06-10 16:23:30 INFO Expected Optimum FE: -100
2025-06-10 16:23:30 INFO Unimodal AOCC mean: 0.0000
2025-06-10 16:23:30 INFO Multimodal (single component) AOCC mean: 0.0000
2025-06-10 16:23:30 INFO Multimodal (multiple components) AOCC mean: 0.0758
2025-06-10 16:23:30 INFO AOCC mean: 0.0253
2025-06-10 16:23:48 INFO --- GNBG Problem Parameters for f1 ---
  Dimension: 30, MaxEvals: 500000
  Search Bounds: [-100, 100]
  Number of Components: 1
  Known Optimum Value: -1081.983799
  Lambda (Curvature): [1]
  Mu (Asymmetry/Depth): [0 0]
----------------------------------------
2025-06-10 16:23:48 INFO --- GNBG Problem Parameters for f1 ---
  Dimension: 30, MaxEvals: 500000
  Search Bounds: [-100, 100]
  Number of Components: 1
  Known Optimum Value: -1081.983799
  Lambda (Curvature): [1]
  Mu (Asymmetry/Depth): [0 0]
----------------------------------------
2025-06-10 16:23:48 INFO --- GNBG Problem Parameters for f1 ---
  Dimension: 30, MaxEvals: 500000
  Search Bounds: [-100, 100]
  Number of Components: 1
  Known Optimum Value: -1081.983799
  Lambda (Curvature): [1]
  Mu (Asymmetry/Depth): [0 0]
----------------------------------------
2025-06-10 16:23:48 INFO --- GNBG Problem Parameters for f1 ---
  Dimension: 30, MaxEvals: 500000
  Search Bounds: [-100, 100]
  Number of Components: 1
  Known Optimum Value: -1081.983799
  Lambda (Curvature): [1]
  Mu (Asymmetry/Depth): [0 0]
----------------------------------------
2025-06-10 16:23:48 INFO --- GNBG Problem Parameters for f1 ---
  Dimension: 30, MaxEvals: 500000
  Search Bounds: [-100, 100]
  Number of Components: 1
  Known Optimum Value: -1081.983799
  Lambda (Curvature): [1]
  Mu (Asymmetry/Depth): [0 0]
----------------------------------------
2025-06-10 16:23:50 INFO --- GNBG Problem Parameters for f1 ---
  Dimension: 30, MaxEvals: 500000
  Search Bounds: [-100, 100]
  Number of Components: 1
  Known Optimum Value: -1081.983799
  Lambda (Curvature): [1]
  Mu (Asymmetry/Depth): [0 0]
----------------------------------------
2025-06-10 16:23:50 ERROR Can not run the algorithm
2025-06-10 16:23:50 INFO Run function 1 complete. FEHistory len: 4201, AOCC: 0.0000
2025-06-10 16:23:50 INFO FeHistory: [204876.10600289 224923.68397317 149222.28927089 ... 113961.43664183
  76443.1783252  137305.93822417]
2025-06-10 16:23:50 INFO Expected Optimum FE: -1081.9837994003399
2025-06-10 16:23:50 INFO --- GNBG Problem Parameters for f8 ---
  Dimension: 30, MaxEvals: 500000
  Search Bounds: [-100, 100]
  Number of Components: 1
  Known Optimum Value: -656.788998
  Lambda (Curvature): [1]
  Mu (Asymmetry/Depth): [0.2 0.2]
----------------------------------------
2025-06-10 16:23:51 INFO Run function 8 complete. FEHistory len: 5000, AOCC: 0.0000
2025-06-10 16:23:51 INFO FeHistory: [179070.6437084  121232.25365498 208084.69360418 ... 168203.0205984
  92326.12743935 120540.76937217]
2025-06-10 16:23:51 INFO Expected Optimum FE: -656.7889979935655
2025-06-10 16:23:51 INFO --- GNBG Problem Parameters for f20 ---
  Dimension: 30, MaxEvals: 1000000
  Search Bounds: [-100, 100]
  Number of Components: 5
  Known Optimum Value: -100.000000
  Lambda (Curvature): [0.25 0.25 0.25 0.25 0.25]
  Mu (Asymmetry/Depth): [0.4901829  0.25862884 0.37043014 0.37440768 0.26098797 0.491006
 0.27569772 0.45404864 0.42314776 0.27195433]
----------------------------------------
2025-06-10 16:23:55 INFO Run function 20 complete. FEHistory len: 10000, AOCC: 0.0720
2025-06-10 16:23:55 INFO FeHistory: [-76.56355863 -79.85095415 -78.8786306  ... -77.73337444 -80.39849799
 -77.45103697]
2025-06-10 16:23:55 INFO Expected Optimum FE: -100
2025-06-10 16:23:55 INFO Unimodal AOCC mean: 0.0000
2025-06-10 16:23:55 INFO Multimodal (single component) AOCC mean: 0.0000
2025-06-10 16:23:55 INFO Multimodal (multiple components) AOCC mean: 0.0720
2025-06-10 16:23:55 INFO AOCC mean: 0.0240
2025-06-10 16:24:34 INFO Run function 1 complete. FEHistory len: 5000, AOCC: 0.0000
2025-06-10 16:24:34 INFO FeHistory: [196574.03990203 164813.19644439 167278.07611791 ...  95001.85749998
  89515.46508523  79263.24171   ]
2025-06-10 16:24:34 INFO Expected Optimum FE: -1081.9837994003399
2025-06-10 16:24:34 INFO --- GNBG Problem Parameters for f8 ---
  Dimension: 30, MaxEvals: 500000
  Search Bounds: [-100, 100]
  Number of Components: 1
  Known Optimum Value: -656.788998
  Lambda (Curvature): [1]
  Mu (Asymmetry/Depth): [0.2 0.2]
----------------------------------------
2025-06-10 16:24:35 INFO Run function 1 complete. FEHistory len: 5000, AOCC: 0.0000
2025-06-10 16:24:35 INFO FeHistory: [168461.03470763 156227.58021242  91673.63509563 ...  62874.49740015
  82636.32617512  66731.54892496]
2025-06-10 16:24:35 INFO Expected Optimum FE: -1081.9837994003399
2025-06-10 16:24:35 INFO --- GNBG Problem Parameters for f8 ---
  Dimension: 30, MaxEvals: 500000
  Search Bounds: [-100, 100]
  Number of Components: 1
  Known Optimum Value: -656.788998
  Lambda (Curvature): [1]
  Mu (Asymmetry/Depth): [0.2 0.2]
----------------------------------------
2025-06-10 16:24:35 INFO Run function 1 complete. FEHistory len: 5000, AOCC: 0.0000
2025-06-10 16:24:35 INFO FeHistory: [124148.98259613 161316.92409989 215212.26136091 ...  75297.75048925
 102524.07922122 110710.19615935]
2025-06-10 16:24:35 INFO Expected Optimum FE: -1081.9837994003399
2025-06-10 16:24:35 INFO --- GNBG Problem Parameters for f8 ---
  Dimension: 30, MaxEvals: 500000
  Search Bounds: [-100, 100]
  Number of Components: 1
  Known Optimum Value: -656.788998
  Lambda (Curvature): [1]
  Mu (Asymmetry/Depth): [0.2 0.2]
----------------------------------------
2025-06-10 16:24:35 INFO Run function 1 complete. FEHistory len: 5000, AOCC: 0.0000
2025-06-10 16:24:35 INFO FeHistory: [166179.91355108 163539.91944198 153843.33717056 ...  92321.86331885
  76604.10564023 104487.45443761]
2025-06-10 16:24:35 INFO Expected Optimum FE: -1081.9837994003399
2025-06-10 16:24:35 INFO --- GNBG Problem Parameters for f8 ---
  Dimension: 30, MaxEvals: 500000
  Search Bounds: [-100, 100]
  Number of Components: 1
  Known Optimum Value: -656.788998
  Lambda (Curvature): [1]
  Mu (Asymmetry/Depth): [0.2 0.2]
----------------------------------------
2025-06-10 16:24:49 INFO Run function 1 complete. FEHistory len: 5000, AOCC: 0.0000
2025-06-10 16:24:49 INFO FeHistory: [248051.73264628 208463.52403    217670.46707605 ...  65343.83867838
 105671.23407525  86610.39053557]
2025-06-10 16:24:49 INFO Expected Optimum FE: -1081.9837994003399
2025-06-10 16:24:49 INFO --- GNBG Problem Parameters for f8 ---
  Dimension: 30, MaxEvals: 500000
  Search Bounds: [-100, 100]
  Number of Components: 1
  Known Optimum Value: -656.788998
  Lambda (Curvature): [1]
  Mu (Asymmetry/Depth): [0.2 0.2]
----------------------------------------
2025-06-10 16:25:18 INFO Run function 8 complete. FEHistory len: 5000, AOCC: 0.0000
2025-06-10 16:25:18 INFO FeHistory: [148973.28894202 190587.43739603 117918.04151428 ... 165165.06807922
 163288.61981246  94191.69771208]
2025-06-10 16:25:18 INFO Expected Optimum FE: -656.7889979935655
2025-06-10 16:25:18 INFO --- GNBG Problem Parameters for f20 ---
  Dimension: 30, MaxEvals: 1000000
  Search Bounds: [-100, 100]
  Number of Components: 5
  Known Optimum Value: -100.000000
  Lambda (Curvature): [0.25 0.25 0.25 0.25 0.25]
  Mu (Asymmetry/Depth): [0.4901829  0.25862884 0.37043014 0.37440768 0.26098797 0.491006
 0.27569772 0.45404864 0.42314776 0.27195433]
----------------------------------------
2025-06-10 16:25:19 INFO Run function 8 complete. FEHistory len: 5000, AOCC: 0.0000
2025-06-10 16:25:19 INFO FeHistory: [151487.58064887 143059.2364134  169013.4646576  ...  92781.75333715
  72366.72869463 137172.95116712]
2025-06-10 16:25:19 INFO Expected Optimum FE: -656.7889979935655
2025-06-10 16:25:19 INFO --- GNBG Problem Parameters for f20 ---
  Dimension: 30, MaxEvals: 1000000
  Search Bounds: [-100, 100]
  Number of Components: 5
  Known Optimum Value: -100.000000
  Lambda (Curvature): [0.25 0.25 0.25 0.25 0.25]
  Mu (Asymmetry/Depth): [0.4901829  0.25862884 0.37043014 0.37440768 0.26098797 0.491006
 0.27569772 0.45404864 0.42314776 0.27195433]
----------------------------------------
2025-06-10 16:25:20 INFO Run function 8 complete. FEHistory len: 5000, AOCC: 0.0000
2025-06-10 16:25:20 INFO FeHistory: [216429.82338963 156769.75210058 216854.28824565 ...  92351.07685522
 117535.73706495 109275.99689513]
2025-06-10 16:25:20 INFO Expected Optimum FE: -656.7889979935655
2025-06-10 16:25:20 INFO --- GNBG Problem Parameters for f20 ---
  Dimension: 30, MaxEvals: 1000000
  Search Bounds: [-100, 100]
  Number of Components: 5
  Known Optimum Value: -100.000000
  Lambda (Curvature): [0.25 0.25 0.25 0.25 0.25]
  Mu (Asymmetry/Depth): [0.4901829  0.25862884 0.37043014 0.37440768 0.26098797 0.491006
 0.27569772 0.45404864 0.42314776 0.27195433]
----------------------------------------
2025-06-10 16:25:20 INFO Run function 8 complete. FEHistory len: 5000, AOCC: 0.0000
2025-06-10 16:25:20 INFO FeHistory: [122346.30017881 100915.34544753 240377.24153456 ... 115889.53928879
  67600.83211447 117222.27183762]
2025-06-10 16:25:20 INFO Expected Optimum FE: -656.7889979935655
2025-06-10 16:25:20 INFO --- GNBG Problem Parameters for f20 ---
  Dimension: 30, MaxEvals: 1000000
  Search Bounds: [-100, 100]
  Number of Components: 5
  Known Optimum Value: -100.000000
  Lambda (Curvature): [0.25 0.25 0.25 0.25 0.25]
  Mu (Asymmetry/Depth): [0.4901829  0.25862884 0.37043014 0.37440768 0.26098797 0.491006
 0.27569772 0.45404864 0.42314776 0.27195433]
----------------------------------------
2025-06-10 16:25:46 INFO Run function 8 complete. FEHistory len: 5000, AOCC: 0.0000
2025-06-10 16:25:46 INFO FeHistory: [ 99044.81989036 301290.89592445 124924.61872519 ... 129005.34377598
  92711.53487806  91909.99377869]
2025-06-10 16:25:46 INFO Expected Optimum FE: -656.7889979935655
2025-06-10 16:25:46 INFO --- GNBG Problem Parameters for f20 ---
  Dimension: 30, MaxEvals: 1000000
  Search Bounds: [-100, 100]
  Number of Components: 5
  Known Optimum Value: -100.000000
  Lambda (Curvature): [0.25 0.25 0.25 0.25 0.25]
  Mu (Asymmetry/Depth): [0.4901829  0.25862884 0.37043014 0.37440768 0.26098797 0.491006
 0.27569772 0.45404864 0.42314776 0.27195433]
----------------------------------------
2025-06-10 16:26:26 INFO Run function 20 complete. FEHistory len: 10000, AOCC: 0.0738
2025-06-10 16:26:26 INFO FeHistory: [-77.49894047 -76.37211071 -78.78781755 ... -80.98892198 -83.7942592
 -82.96311405]
2025-06-10 16:26:26 INFO Expected Optimum FE: -100
2025-06-10 16:26:26 INFO Unimodal AOCC mean: 0.0000
2025-06-10 16:26:26 INFO Multimodal (single component) AOCC mean: 0.0000
2025-06-10 16:26:26 INFO Multimodal (multiple components) AOCC mean: 0.0738
2025-06-10 16:26:26 INFO AOCC mean: 0.0246
2025-06-10 16:26:27 INFO Run function 20 complete. FEHistory len: 10000, AOCC: 0.0738
2025-06-10 16:26:27 INFO FeHistory: [-75.39702775 -78.72371185 -77.96588015 ... -82.49851707 -80.46558942
 -83.27385941]
2025-06-10 16:26:27 INFO Expected Optimum FE: -100
2025-06-10 16:26:27 INFO Unimodal AOCC mean: 0.0000
2025-06-10 16:26:27 INFO Multimodal (single component) AOCC mean: 0.0000
2025-06-10 16:26:27 INFO Multimodal (multiple components) AOCC mean: 0.0738
2025-06-10 16:26:27 INFO AOCC mean: 0.0246
2025-06-10 16:26:28 INFO Run function 20 complete. FEHistory len: 10000, AOCC: 0.0758
2025-06-10 16:26:28 INFO FeHistory: [-75.22904704 -76.97948294 -77.0651259  ... -83.85151994 -79.38895503
 -81.71727015]
2025-06-10 16:26:28 INFO Expected Optimum FE: -100
2025-06-10 16:26:28 INFO Unimodal AOCC mean: 0.0000
2025-06-10 16:26:28 INFO Multimodal (single component) AOCC mean: 0.0000
2025-06-10 16:26:28 INFO Multimodal (multiple components) AOCC mean: 0.0758
2025-06-10 16:26:28 INFO AOCC mean: 0.0253
2025-06-10 16:26:28 INFO Run function 20 complete. FEHistory len: 10000, AOCC: 0.0743
2025-06-10 16:26:28 INFO FeHistory: [-78.56554526 -79.70871069 -78.18453793 ... -84.28263697 -82.919606
 -83.10438491]
2025-06-10 16:26:28 INFO Expected Optimum FE: -100
2025-06-10 16:26:28 INFO Unimodal AOCC mean: 0.0000
2025-06-10 16:26:28 INFO Multimodal (single component) AOCC mean: 0.0000
2025-06-10 16:26:28 INFO Multimodal (multiple components) AOCC mean: 0.0743
2025-06-10 16:26:28 INFO AOCC mean: 0.0248
2025-06-10 16:27:22 INFO Run function 20 complete. FEHistory len: 10000, AOCC: 0.0736
2025-06-10 16:27:22 INFO FeHistory: [-78.13993993 -77.18475171 -80.97135094 ... -82.61657252 -85.22014091
 -82.41562763]
2025-06-10 16:27:22 INFO Expected Optimum FE: -100
2025-06-10 16:27:22 INFO Unimodal AOCC mean: 0.0000
2025-06-10 16:27:22 INFO Multimodal (single component) AOCC mean: 0.0000
2025-06-10 16:27:22 INFO Multimodal (multiple components) AOCC mean: 0.0736
2025-06-10 16:27:22 INFO AOCC mean: 0.0245
2025-06-10 16:29:52 INFO --- GNBG Problem Parameters for f1 ---
  Dimension: 30, MaxEvals: 500000
  Search Bounds: [-100, 100]
  Number of Components: 1
  Known Optimum Value: -1081.983799
  Lambda (Curvature): [1]
  Mu (Asymmetry/Depth): [0 0]
----------------------------------------
2025-06-10 16:29:52 INFO --- GNBG Problem Parameters for f1 ---
  Dimension: 30, MaxEvals: 500000
  Search Bounds: [-100, 100]
  Number of Components: 1
  Known Optimum Value: -1081.983799
  Lambda (Curvature): [1]
  Mu (Asymmetry/Depth): [0 0]
----------------------------------------
2025-06-10 16:29:53 INFO --- GNBG Problem Parameters for f1 ---
  Dimension: 30, MaxEvals: 500000
  Search Bounds: [-100, 100]
  Number of Components: 1
  Known Optimum Value: -1081.983799
  Lambda (Curvature): [1]
  Mu (Asymmetry/Depth): [0 0]
----------------------------------------
2025-06-10 16:29:53 INFO --- GNBG Problem Parameters for f1 ---
  Dimension: 30, MaxEvals: 500000
  Search Bounds: [-100, 100]
  Number of Components: 1
  Known Optimum Value: -1081.983799
  Lambda (Curvature): [1]
  Mu (Asymmetry/Depth): [0 0]
----------------------------------------
2025-06-10 16:29:54 INFO --- GNBG Problem Parameters for f1 ---
  Dimension: 30, MaxEvals: 500000
  Search Bounds: [-100, 100]
  Number of Components: 1
  Known Optimum Value: -1081.983799
  Lambda (Curvature): [1]
  Mu (Asymmetry/Depth): [0 0]
----------------------------------------
2025-06-10 16:29:54 INFO Run function 1 complete. FEHistory len: 5000, AOCC: 0.0000
2025-06-10 16:29:54 INFO FeHistory: [162328.83590754 159270.29231572 203129.50492893 ... 467024.34271576
 393999.41354411 252751.33210646]
2025-06-10 16:29:54 INFO Expected Optimum FE: -1081.9837994003399
2025-06-10 16:29:55 INFO --- GNBG Problem Parameters for f8 ---
  Dimension: 30, MaxEvals: 500000
  Search Bounds: [-100, 100]
  Number of Components: 1
  Known Optimum Value: -656.788998
  Lambda (Curvature): [1]
  Mu (Asymmetry/Depth): [0.2 0.2]
----------------------------------------
2025-06-10 16:29:55 INFO Run function 8 complete. FEHistory len: 5000, AOCC: 0.0000
2025-06-10 16:29:55 INFO FeHistory: [153402.39658539 137564.84068572 135212.08705267 ... 422554.02917857
 399958.47542306 333302.88797088]
2025-06-10 16:29:55 INFO Expected Optimum FE: -656.7889979935655
2025-06-10 16:29:55 INFO --- GNBG Problem Parameters for f20 ---
  Dimension: 30, MaxEvals: 1000000
  Search Bounds: [-100, 100]
  Number of Components: 5
  Known Optimum Value: -100.000000
  Lambda (Curvature): [0.25 0.25 0.25 0.25 0.25]
  Mu (Asymmetry/Depth): [0.4901829  0.25862884 0.37043014 0.37440768 0.26098797 0.491006
 0.27569772 0.45404864 0.42314776 0.27195433]
----------------------------------------
2025-06-10 16:29:59 INFO Run function 20 complete. FEHistory len: 10000, AOCC: 0.0737
2025-06-10 16:29:59 INFO FeHistory: [-76.82609495 -78.94284169 -78.53599901 ... -74.58808708 -74.16941164
 -72.3565352 ]
2025-06-10 16:29:59 INFO Expected Optimum FE: -100
2025-06-10 16:29:59 INFO Unimodal AOCC mean: 0.0000
2025-06-10 16:29:59 INFO Multimodal (single component) AOCC mean: 0.0000
2025-06-10 16:29:59 INFO Multimodal (multiple components) AOCC mean: 0.0737
2025-06-10 16:29:59 INFO AOCC mean: 0.0246
2025-06-10 16:30:28 INFO Run function 1 complete. FEHistory len: 5000, AOCC: 0.0000
2025-06-10 16:30:28 INFO FeHistory: [137549.68548    160578.13931471 216708.87194637 ... 104618.68521614
  66326.56312347  93124.08542793]
2025-06-10 16:30:28 INFO Expected Optimum FE: -1081.9837994003399
2025-06-10 16:30:28 INFO --- GNBG Problem Parameters for f8 ---
  Dimension: 30, MaxEvals: 500000
  Search Bounds: [-100, 100]
  Number of Components: 1
  Known Optimum Value: -656.788998
  Lambda (Curvature): [1]
  Mu (Asymmetry/Depth): [0.2 0.2]
----------------------------------------
2025-06-10 16:30:31 INFO Run function 1 complete. FEHistory len: 5000, AOCC: 0.0000
2025-06-10 16:30:31 INFO FeHistory: [202840.2881985  170776.27039194 247515.79852016 ...  30632.30091022
  28586.35282892  37454.55149977]
2025-06-10 16:30:31 INFO Expected Optimum FE: -1081.9837994003399
2025-06-10 16:30:31 INFO --- GNBG Problem Parameters for f8 ---
  Dimension: 30, MaxEvals: 500000
  Search Bounds: [-100, 100]
  Number of Components: 1
  Known Optimum Value: -656.788998
  Lambda (Curvature): [1]
  Mu (Asymmetry/Depth): [0.2 0.2]
----------------------------------------
2025-06-10 16:30:50 INFO Run function 1 complete. FEHistory len: 5000, AOCC: 0.0000
2025-06-10 16:30:50 INFO FeHistory: [166363.57341188 145105.58812966 159742.61729911 ...  35609.85099252
  29396.65696799  37044.05135467]
2025-06-10 16:30:50 INFO Expected Optimum FE: -1081.9837994003399
2025-06-10 16:30:50 INFO --- GNBG Problem Parameters for f8 ---
  Dimension: 30, MaxEvals: 500000
  Search Bounds: [-100, 100]
  Number of Components: 1
  Known Optimum Value: -656.788998
  Lambda (Curvature): [1]
  Mu (Asymmetry/Depth): [0.2 0.2]
----------------------------------------
2025-06-10 16:31:05 INFO Run function 8 complete. FEHistory len: 5000, AOCC: 0.0000
2025-06-10 16:31:05 INFO FeHistory: [170992.72637799 248084.95748602 251978.50883869 ... 158671.01439612
  75747.36735087 145806.9252802 ]
2025-06-10 16:31:05 INFO Expected Optimum FE: -656.7889979935655
2025-06-10 16:31:05 INFO --- GNBG Problem Parameters for f20 ---
  Dimension: 30, MaxEvals: 1000000
  Search Bounds: [-100, 100]
  Number of Components: 5
  Known Optimum Value: -100.000000
  Lambda (Curvature): [0.25 0.25 0.25 0.25 0.25]
  Mu (Asymmetry/Depth): [0.4901829  0.25862884 0.37043014 0.37440768 0.26098797 0.491006
 0.27569772 0.45404864 0.42314776 0.27195433]
----------------------------------------
2025-06-10 16:31:08 INFO Run function 8 complete. FEHistory len: 5000, AOCC: 0.0000
2025-06-10 16:31:08 INFO FeHistory: [154000.52447158 194232.55422355 124844.32197115 ...  37850.45267734
  42545.40393055  39968.66574677]
2025-06-10 16:31:08 INFO Expected Optimum FE: -656.7889979935655
2025-06-10 16:31:08 INFO --- GNBG Problem Parameters for f20 ---
  Dimension: 30, MaxEvals: 1000000
  Search Bounds: [-100, 100]
  Number of Components: 5
  Known Optimum Value: -100.000000
  Lambda (Curvature): [0.25 0.25 0.25 0.25 0.25]
  Mu (Asymmetry/Depth): [0.4901829  0.25862884 0.37043014 0.37440768 0.26098797 0.491006
 0.27569772 0.45404864 0.42314776 0.27195433]
----------------------------------------
2025-06-10 16:31:43 INFO Run function 8 complete. FEHistory len: 5000, AOCC: 0.0000
2025-06-10 16:31:43 INFO FeHistory: [163312.94429284 151819.19162409 261789.13320258 ...  44726.95558483
  46996.56636067  41987.48492069]
2025-06-10 16:31:43 INFO Expected Optimum FE: -656.7889979935655
2025-06-10 16:31:43 INFO --- GNBG Problem Parameters for f20 ---
  Dimension: 30, MaxEvals: 1000000
  Search Bounds: [-100, 100]
  Number of Components: 5
  Known Optimum Value: -100.000000
  Lambda (Curvature): [0.25 0.25 0.25 0.25 0.25]
  Mu (Asymmetry/Depth): [0.4901829  0.25862884 0.37043014 0.37440768 0.26098797 0.491006
 0.27569772 0.45404864 0.42314776 0.27195433]
----------------------------------------
2025-06-10 16:31:51 INFO Run function 20 complete. FEHistory len: 10000, AOCC: 0.0796
2025-06-10 16:31:51 INFO FeHistory: [-78.9660675  -78.22572288 -78.95803742 ... -83.9358195  -81.23778738
 -81.45762625]
2025-06-10 16:31:51 INFO Expected Optimum FE: -100
2025-06-10 16:31:51 INFO Unimodal AOCC mean: 0.0000
2025-06-10 16:31:51 INFO Multimodal (single component) AOCC mean: 0.0000
2025-06-10 16:31:51 INFO Multimodal (multiple components) AOCC mean: 0.0796
2025-06-10 16:31:51 INFO AOCC mean: 0.0265
2025-06-10 16:31:51 INFO Run function 1 complete. FEHistory len: 5000, AOCC: 0.0000
2025-06-10 16:31:51 INFO FeHistory: [139936.89342676 223255.64019032 216178.41079635 ...  60170.30759899
 213930.1497085  132150.41711657]
2025-06-10 16:31:51 INFO Expected Optimum FE: -1081.9837994003399
2025-06-10 16:31:51 INFO --- GNBG Problem Parameters for f8 ---
  Dimension: 30, MaxEvals: 500000
  Search Bounds: [-100, 100]
  Number of Components: 1
  Known Optimum Value: -656.788998
  Lambda (Curvature): [1]
  Mu (Asymmetry/Depth): [0.2 0.2]
----------------------------------------
2025-06-10 16:32:12 INFO Run function 20 complete. FEHistory len: 10000, AOCC: 0.0730
2025-06-10 16:32:12 INFO FeHistory: [-76.17649025 -78.76969812 -79.33647505 ... -86.42752322 -87.58447869
 -87.26695208]
2025-06-10 16:32:12 INFO Expected Optimum FE: -100
2025-06-10 16:32:12 INFO Unimodal AOCC mean: 0.0000
2025-06-10 16:32:12 INFO Multimodal (single component) AOCC mean: 0.0000
2025-06-10 16:32:12 INFO Multimodal (multiple components) AOCC mean: 0.0730
2025-06-10 16:32:12 INFO AOCC mean: 0.0243
2025-06-10 16:32:46 INFO Run function 20 complete. FEHistory len: 10000, AOCC: 0.0750
2025-06-10 16:32:46 INFO FeHistory: [-75.95291881 -74.90953891 -79.41852839 ... -88.36115816 -89.46422216
 -85.93724193]
2025-06-10 16:32:46 INFO Expected Optimum FE: -100
2025-06-10 16:32:46 INFO Unimodal AOCC mean: 0.0000
2025-06-10 16:32:46 INFO Multimodal (single component) AOCC mean: 0.0000
2025-06-10 16:32:46 INFO Multimodal (multiple components) AOCC mean: 0.0750
2025-06-10 16:32:46 INFO AOCC mean: 0.0250
2025-06-10 16:33:40 INFO Run function 8 complete. FEHistory len: 5000, AOCC: 0.0000
2025-06-10 16:33:40 INFO FeHistory: [175592.4014041  101942.32806255 215487.79130829 ...  78800.43275604
 199576.32255598 153562.5710334 ]
2025-06-10 16:33:40 INFO Expected Optimum FE: -656.7889979935655
2025-06-10 16:33:40 INFO --- GNBG Problem Parameters for f20 ---
  Dimension: 30, MaxEvals: 1000000
  Search Bounds: [-100, 100]
  Number of Components: 5
  Known Optimum Value: -100.000000
  Lambda (Curvature): [0.25 0.25 0.25 0.25 0.25]
  Mu (Asymmetry/Depth): [0.4901829  0.25862884 0.37043014 0.37440768 0.26098797 0.491006
 0.27569772 0.45404864 0.42314776 0.27195433]
----------------------------------------
2025-06-10 16:35:38 INFO Run function 20 complete. FEHistory len: 10000, AOCC: 0.0727
2025-06-10 16:35:38 INFO FeHistory: [-77.17696553 -78.83155493 -77.42138728 ... -79.23313022 -79.099969
 -78.56542903]
2025-06-10 16:35:38 INFO Expected Optimum FE: -100
2025-06-10 16:35:38 INFO Unimodal AOCC mean: 0.0000
2025-06-10 16:35:38 INFO Multimodal (single component) AOCC mean: 0.0000
2025-06-10 16:35:38 INFO Multimodal (multiple components) AOCC mean: 0.0727
2025-06-10 16:35:38 INFO AOCC mean: 0.0242
