2025-06-10 11:00:51 INFO An exception occured: Traceback (most recent call last):
  File "/Users/macbook/Documents/Code/LLMdesignedEA-comp/llamea/llamea.py", line 365, in evolve_solution
    evolved_individual = self.evaluate_fitness(evolved_individual)
                         ^^^^^^^^^^^^^^^^^^^^^^^^^^^^^^^^^^^^^^^^^
  File "/Users/macbook/Documents/Code/LLMdesignedEA-comp/llamea/llamea.py", line 248, in evaluate_fitness
    updated_individual = self.f(individual, self.logger)
                         ^^^^^^^^^^^^^^^^^^^^^^^^^^^^^^^
  File "/Users/macbook/Documents/Code/LLMdesignedEA-comp/simple_test_f1.py", line 43, in evaluateGNBG
    exec(code, globals()) # extract the code part inside the string, ex exec("a = 3 + 4") -> print(a) -> 7
    ^^^^^^^^^^^^^^^^^^^^^
  File "<string>", line 64
    self.C = (1 - learning_rate) * self.C + learning_rate * np.outer(best_archive_sol - np.mean([sol for sol,_ in self.archive], axis=0),best_archive_sol - np.mean([sol for sol,_in self.archive], axis=0))
                                                                                                                                                                                 ^^^^^^^^^^^^^^^^
SyntaxError: invalid syntax. Perhaps you forgot a comma?
.
2025-06-10 11:00:52 INFO An exception occured: Traceback (most recent call last):
  File "/Users/macbook/Documents/Code/LLMdesignedEA-comp/llamea/llamea.py", line 365, in evolve_solution
    evolved_individual = self.evaluate_fitness(evolved_individual)
                         ^^^^^^^^^^^^^^^^^^^^^^^^^^^^^^^^^^^^^^^^^
  File "/Users/macbook/Documents/Code/LLMdesignedEA-comp/llamea/llamea.py", line 248, in evaluate_fitness
    updated_individual = self.f(individual, self.logger)
                         ^^^^^^^^^^^^^^^^^^^^^^^^^^^^^^^
  File "/Users/macbook/Documents/Code/LLMdesignedEA-comp/simple_test_f1.py", line 43, in evaluateGNBG
    exec(code, globals()) # extract the code part inside the string, ex exec("a = 3 + 4") -> print(a) -> 7
    ^^^^^^^^^^^^^^^^^^^^^
  File "<string>", line 64
    self.C = (1 - learning_rate) * self.C + learning_rate * np.outer(best_archive_sol - np.mean([sol for sol,_ in self.archive], axis=0),best_archive_sol - np.mean([sol for sol,_in self.archive], axis=0))
                                                                                                                                                                                 ^^^^^^^^^^^^^^^^
SyntaxError: invalid syntax. Perhaps you forgot a comma?
.
2025-06-10 11:00:52 INFO An exception occured: Traceback (most recent call last):
  File "/Users/macbook/Documents/Code/LLMdesignedEA-comp/llamea/llamea.py", line 365, in evolve_solution
    evolved_individual = self.evaluate_fitness(evolved_individual)
                         ^^^^^^^^^^^^^^^^^^^^^^^^^^^^^^^^^^^^^^^^^
  File "/Users/macbook/Documents/Code/LLMdesignedEA-comp/llamea/llamea.py", line 248, in evaluate_fitness
    updated_individual = self.f(individual, self.logger)
                         ^^^^^^^^^^^^^^^^^^^^^^^^^^^^^^^
  File "/Users/macbook/Documents/Code/LLMdesignedEA-comp/simple_test_f1.py", line 43, in evaluateGNBG
    exec(code, globals()) # extract the code part inside the string, ex exec("a = 3 + 4") -> print(a) -> 7
    ^^^^^^^^^^^^^^^^^^^^^
  File "<string>", line 64
    self.C = 0.9 * self.C + 0.1 * np.outer(best_archive_sol - np.mean([sol for sol,_ in self.archive], axis=0),best_archive_sol - np.mean([sol for sol,_in self.archive], axis=0)) #More robust update
                                                                                                                                                       ^^^^^^^^^^^^^^^^
SyntaxError: invalid syntax. Perhaps you forgot a comma?
.
2025-06-10 11:00:52 INFO An exception occured: Traceback (most recent call last):
  File "/Users/macbook/Documents/Code/LLMdesignedEA-comp/llamea/llamea.py", line 365, in evolve_solution
    evolved_individual = self.evaluate_fitness(evolved_individual)
                         ^^^^^^^^^^^^^^^^^^^^^^^^^^^^^^^^^^^^^^^^^
  File "/Users/macbook/Documents/Code/LLMdesignedEA-comp/llamea/llamea.py", line 248, in evaluate_fitness
    updated_individual = self.f(individual, self.logger)
                         ^^^^^^^^^^^^^^^^^^^^^^^^^^^^^^^
  File "/Users/macbook/Documents/Code/LLMdesignedEA-comp/simple_test_f1.py", line 43, in evaluateGNBG
    exec(code, globals()) # extract the code part inside the string, ex exec("a = 3 + 4") -> print(a) -> 7
    ^^^^^^^^^^^^^^^^^^^^^
  File "<string>", line 65
    self.C = (1 - learning_rate) * self.C + learning_rate * np.outer(best_archive_sol - np.mean([sol for sol,_ in self.archive], axis=0),best_archive_sol - np.mean([sol for sol,_in self.archive], axis=0))
                                                                                                                                                                                 ^^^^^^^^^^^^^^^^
SyntaxError: invalid syntax. Perhaps you forgot a comma?
.
2025-06-10 11:00:53 ERROR Can not run the algorithm
2025-06-10 11:00:53 INFO An exception occured: Traceback (most recent call last):
  File "/Users/macbook/Documents/Code/LLMdesignedEA-comp/llamea/llamea.py", line 365, in evolve_solution
    evolved_individual = self.evaluate_fitness(evolved_individual)
                         ^^^^^^^^^^^^^^^^^^^^^^^^^^^^^^^^^^^^^^^^^
  File "/Users/macbook/Documents/Code/LLMdesignedEA-comp/llamea/llamea.py", line 248, in evaluate_fitness
    updated_individual = self.f(individual, self.logger)
                         ^^^^^^^^^^^^^^^^^^^^^^^^^^^^^^^
  File "/Users/macbook/Documents/Code/LLMdesignedEA-comp/simple_test_f1.py", line 43, in evaluateGNBG
    exec(code, globals()) # extract the code part inside the string, ex exec("a = 3 + 4") -> print(a) -> 7
    ^^^^^^^^^^^^^^^^^^^^^
  File "<string>", line 59
    self.C = 0.9 * self.C + 0.1 * np.outer(best_archive_sol - np.mean([sol for sol,_ in self.archive], axis=0),best_archive_sol - np.mean([sol for sol,_in self.archive], axis=0))
                                                                                                                                                       ^^^^^^^^^^^^^^^^
SyntaxError: invalid syntax. Perhaps you forgot a comma?
.
2025-06-10 11:00:56 INFO Aucs is: [0.0]
2025-06-10 11:00:56 INFO Detail_aucs is: [0.0]
2025-06-10 11:00:56 ERROR Can not run the algorithm
2025-06-10 11:00:59 INFO Aucs is: [0.0, 0.0]
2025-06-10 11:00:59 INFO Detail_aucs is: [0.0]
2025-06-10 11:01:00 ERROR Can not run the algorithm
2025-06-10 11:01:06 INFO Aucs is: [0.0, 0.0, 0.07869866695879146]
2025-06-10 11:01:06 INFO Detail_aucs is: [0.07869866695879146]
2025-06-10 11:01:25 INFO Run on dim 5, function 1
2025-06-10 11:01:25 INFO FeHistory: [161853.40388613 185532.30458495 134769.45976204 ...  -1071.24321098
  -1073.23498177  -1071.43341018]
2025-06-10 11:01:25 INFO Expected Optimum FE: -1081.9837994003399
2025-06-10 11:01:28 INFO Aucs is: [0.1021584962213062]
2025-06-10 11:01:28 INFO Detail_aucs is: [0.1021584962213062]
2025-06-10 11:01:30 INFO Run on dim 5, function 1
2025-06-10 11:01:30 INFO FeHistory: [203413.34926436 134753.02914739 116652.31266209 ...  -1081.9837994
  -1081.9837994   -1081.9837994 ]
2025-06-10 11:01:30 INFO Expected Optimum FE: -1081.9837994003399
2025-06-10 11:01:33 INFO Aucs is: [0.8123366538414427]
2025-06-10 11:01:33 INFO Detail_aucs is: [0.8123366538414427]
2025-06-10 11:02:03 INFO Run on dim 5, function 8
2025-06-10 11:02:03 INFO FeHistory: [190290.27306472 221685.79761999 197667.05459608 ...   -656.78595284
   -656.78594657   -656.78596778]
2025-06-10 11:02:03 INFO Expected Optimum FE: -656.7889979935655
2025-06-10 11:02:05 INFO Aucs is: [0.1021584962213062, 0.3599656924958205]
2025-06-10 11:02:05 INFO Detail_aucs is: [0.3599656924958205]
2025-06-10 11:02:05 INFO Run on dim 5, function 8
2025-06-10 11:02:05 INFO FeHistory: [274602.27598612 206281.67247999 224777.83986826 ...   -656.78899798
   -656.78899798   -656.78899797]
2025-06-10 11:02:05 INFO Expected Optimum FE: -656.7889979935655
2025-06-10 11:02:08 INFO Aucs is: [0.8123366538414427, 0.7886656090326752]
2025-06-10 11:02:08 INFO Detail_aucs is: [0.7886656090326752]
2025-06-10 11:03:27 INFO Run on dim 5, function 20
2025-06-10 11:03:27 INFO FeHistory: [-80.00650221 -78.77500096 -78.08782191 ... -99.9926884  -99.99268768
 -99.99268632]
2025-06-10 11:03:27 INFO Expected Optimum FE: -100
2025-06-10 11:03:29 INFO Run on dim 5, function 20
2025-06-10 11:03:29 INFO FeHistory: [-78.61612285 -77.59795535 -77.79286343 ... -99.33815628 -99.01250269
 -99.20434522]
2025-06-10 11:03:29 INFO Expected Optimum FE: -100
2025-06-10 11:03:32 INFO Aucs is: [0.1021584962213062, 0.3599656924958205, 0.3858532186317209]
2025-06-10 11:03:32 INFO Detail_aucs is: [0.3858532186317209]
2025-06-10 11:03:33 INFO Aucs is: [0.8123366538414427, 0.7886656090326752, 0.2224442468222689]
2025-06-10 11:03:33 INFO Detail_aucs is: [0.2224442468222689]
2025-06-10 11:03:55 INFO Run on dim 5, function 1
2025-06-10 11:03:55 INFO FeHistory: [194411.35619007 190670.03335275 243524.15058757 ...  -1081.83820181
  -1081.83820186  -1081.83820229]
2025-06-10 11:03:55 INFO Expected Optimum FE: -1081.9837994003399
2025-06-10 11:03:57 INFO Aucs is: [0.49567421021568414]
2025-06-10 11:03:57 INFO Detail_aucs is: [0.49567421021568414]
2025-06-10 11:28:13 INFO Run on dim 5, function 8
2025-06-10 11:28:13 INFO FeHistory: [160215.54716945 258864.14675201 153306.50269766 ...   -656.78899799
   -656.78899799   -656.78899799]
2025-06-10 11:28:13 INFO Expected Optimum FE: -656.7889979935655
2025-06-10 11:28:15 INFO Aucs is: [0.49567421021568414, 0.6160442982137928]
2025-06-10 11:28:15 INFO Detail_aucs is: [0.6160442982137928]
2025-06-10 11:31:59 INFO Run on dim 5, function 20
2025-06-10 11:31:59 INFO FeHistory: [-80.14514213 -76.93483198 -79.60990743 ... -96.99311945 -97.30084284
 -96.94876839]
2025-06-10 11:31:59 INFO Expected Optimum FE: -100
2025-06-10 11:32:02 INFO Aucs is: [0.49567421021568414, 0.6160442982137928, 0.14647904061368316]
2025-06-10 11:32:02 INFO Detail_aucs is: [0.14647904061368316]
