2025-06-10 11:40:16 INFO Run on dim 5, function 1
2025-06-10 11:40:16 INFO FeHistory: [126370.14998063 157513.34426825 216738.72075565 ... 140099.37392082
 136487.95932334 139918.21979984]
2025-06-10 11:40:16 INFO Expected Optimum FE: -1081.9837994003399
2025-06-10 11:40:16 INFO Aucs is: [0.0]
2025-06-10 11:40:16 INFO Detail_aucs is: [0.0]
2025-06-10 11:40:16 INFO Run on dim 5, function 8
2025-06-10 11:40:16 INFO FeHistory: [154414.68605896 266215.28155938 134083.57475537 ...  82887.35385793
 132125.93361105 106049.85022205]
2025-06-10 11:40:16 INFO Expected Optimum FE: -656.7889979935655
2025-06-10 11:40:16 INFO Aucs is: [0.0, 0.0]
2025-06-10 11:40:16 INFO Detail_aucs is: [0.0]
2025-06-10 11:40:16 INFO Run on dim 5, function 1
2025-06-10 11:40:16 INFO FeHistory: [186500.61041177 209619.80581253  96666.84080639 ...  40095.209099
  40035.92308664  39981.98479618]
2025-06-10 11:40:16 INFO Expected Optimum FE: -1081.9837994003399
2025-06-10 11:40:16 INFO Aucs is: [0.0]
2025-06-10 11:40:16 INFO Detail_aucs is: [0.0]
2025-06-10 11:40:17 INFO Run on dim 5, function 8
2025-06-10 11:40:17 INFO FeHistory: [260137.75866177 184940.86011258 175487.54173182 ...  35803.07277451
  35428.16940936  35548.83207834]
2025-06-10 11:40:17 INFO Expected Optimum FE: -656.7889979935655
2025-06-10 11:40:17 INFO Aucs is: [0.0, 0.0]
2025-06-10 11:40:17 INFO Detail_aucs is: [0.0]
2025-06-10 11:40:17 INFO Run on dim 5, function 1
2025-06-10 11:40:17 INFO FeHistory: [221446.50174542 135847.28709365 211920.08577936 ... 175300.94057282
 225449.87689503 184625.34806767]
2025-06-10 11:40:17 INFO Expected Optimum FE: -1081.9837994003399
2025-06-10 11:40:17 INFO Aucs is: [0.0]
2025-06-10 11:40:17 INFO Detail_aucs is: [0.0]
2025-06-10 11:40:17 INFO Run on dim 5, function 20
2025-06-10 11:40:17 INFO FeHistory: [-79.07564925 -76.60818457 -78.52445774 ... -81.73932015 -80.63936054
 -78.0327847 ]
2025-06-10 11:40:17 INFO Expected Optimum FE: -100
2025-06-10 11:40:17 INFO Aucs is: [0.0, 0.0, 0.07748015519979737]
2025-06-10 11:40:17 INFO Detail_aucs is: [0.07748015519979737]
2025-06-10 11:40:17 INFO Run on dim 5, function 8
2025-06-10 11:40:17 INFO FeHistory: [205357.6123368  201076.61590124 204392.89365167 ... 164964.99306962
 244317.89888094 190513.07159582]
2025-06-10 11:40:17 INFO Expected Optimum FE: -656.7889979935655
2025-06-10 11:40:17 INFO Aucs is: [0.0, 0.0]
2025-06-10 11:40:17 INFO Detail_aucs is: [0.0]
2025-06-10 11:40:17 INFO Run on dim 5, function 20
2025-06-10 11:40:17 INFO FeHistory: [-80.44720101 -77.74206878 -77.83587446 ... -85.35769602 -85.34025582
 -85.32235447]
2025-06-10 11:40:17 INFO Expected Optimum FE: -100
2025-06-10 11:40:17 INFO Aucs is: [0.0, 0.0, 0.0783762749696638]
2025-06-10 11:40:17 INFO Detail_aucs is: [0.0783762749696638]
2025-06-10 11:40:17 INFO Run on dim 5, function 20
2025-06-10 11:40:17 INFO FeHistory: [-78.04793092 -78.66397054 -79.51521914 ... -75.80357763 -77.09271132
 -74.95398676]
2025-06-10 11:40:17 INFO Expected Optimum FE: -100
2025-06-10 11:40:17 INFO Aucs is: [0.0, 0.0, 0.07647820834883205]
2025-06-10 11:40:17 INFO Detail_aucs is: [0.07647820834883205]
