2025-06-10 11:40:17 INFO Run on dim 5, function 1
2025-06-10 11:40:17 INFO FeHistory: [183018.36901586 161584.50574732 148620.39644175 ... 202029.73521507
 111379.73976607 207123.07315937]
2025-06-10 11:40:17 INFO Expected Optimum FE: -1081.9837994003399
2025-06-10 11:40:17 INFO Aucs is: [0.0]
2025-06-10 11:40:17 INFO Detail_aucs is: [0.0]
2025-06-10 11:40:17 INFO Run on dim 5, function 8
2025-06-10 11:40:17 INFO FeHistory: [235462.62288994 245721.79669873 189027.74507144 ... 193900.54202893
 235662.84819916 222750.98264859]
2025-06-10 11:40:17 INFO Expected Optimum FE: -656.7889979935655
2025-06-10 11:40:17 INFO Aucs is: [0.0, 0.0]
2025-06-10 11:40:17 INFO Detail_aucs is: [0.0]
2025-06-10 11:40:18 INFO Run on dim 5, function 20
2025-06-10 11:40:18 INFO FeHistory: [-79.6468354  -76.97168241 -80.28397931 ... -77.79483827 -78.48996158
 -77.32378206]
2025-06-10 11:40:18 INFO Expected Optimum FE: -100
2025-06-10 11:40:18 INFO Aucs is: [0.0, 0.0, 0.0742237340336277]
2025-06-10 11:40:18 INFO Detail_aucs is: [0.0742237340336277]
2025-06-10 11:40:57 INFO Run on dim 5, function 1
2025-06-10 11:40:57 INFO FeHistory: [251426.51012392 176250.38664906 198042.67052631 ... 137014.85584624
 137014.68882368 137014.68882368]
2025-06-10 11:40:57 INFO Expected Optimum FE: -1081.9837994003399
2025-06-10 11:40:57 INFO Aucs is: [0.0]
2025-06-10 11:40:57 INFO Detail_aucs is: [0.0]
2025-06-10 11:41:36 INFO Run on dim 5, function 8
2025-06-10 11:41:36 INFO FeHistory: [168734.70654745 147843.19973376 162439.45933387 ... 192251.4792058
 192251.56087989 192251.4792058 ]
2025-06-10 11:41:36 INFO Expected Optimum FE: -656.7889979935655
2025-06-10 11:41:36 INFO Aucs is: [0.0, 0.0]
2025-06-10 11:41:36 INFO Detail_aucs is: [0.0]
2025-06-10 11:43:03 INFO Run on dim 5, function 20
2025-06-10 11:43:03 INFO FeHistory: [-81.96175028 -78.4239721  -78.95208735 ... -76.40435188 -76.40430215
 -76.40435188]
2025-06-10 11:43:03 INFO Expected Optimum FE: -100
2025-06-10 11:43:03 INFO Aucs is: [0.0, 0.0, 0.07726858450798049]
2025-06-10 11:43:03 INFO Detail_aucs is: [0.07726858450798049]
