2025-06-10 10:14:13 INFO Run on dim 5, function 1
2025-06-10 10:14:13 INFO FeHistory: [168512.15121331 186475.14093019 128635.64352004 ... 159774.74752124
 208459.15739815 256506.61492179]
2025-06-10 10:14:13 INFO Expected Optimum FE: -1081.9837994003399
2025-06-10 10:14:13 ERROR Can not run the algorithm
2025-06-10 10:14:14 INFO Run on dim 5, function 1
2025-06-10 10:14:14 INFO FeHistory: [123011.72166092 119972.21121109 227831.29835928 ... 217356.20339663
 194462.26312127 192024.0836939 ]
2025-06-10 10:14:14 INFO Expected Optimum FE: -1081.9837994003399
2025-06-10 10:14:14 ERROR Can not run the algorithm
2025-06-10 10:14:15 INFO Aucs is: [0.0]
2025-06-10 10:14:15 INFO Detail_aucs is: [0.0]
2025-06-10 10:14:15 ERROR Can not run the algorithm
2025-06-10 10:14:15 INFO Aucs is: [0.0]
2025-06-10 10:14:15 INFO Detail_aucs is: [0.0]
2025-06-10 10:14:15 INFO Run on dim 5, function 8
2025-06-10 10:14:15 INFO FeHistory: [267517.38173576 235140.09874779 257317.60290191 ... 195010.48782497
 301506.20166586 225460.13872211]
2025-06-10 10:14:15 INFO Expected Optimum FE: -656.7889979935655
2025-06-10 10:14:16 INFO Aucs is: [0.0]
2025-06-10 10:14:16 INFO Detail_aucs is: [0.0]
2025-06-10 10:14:16 INFO Aucs is: [0.0]
2025-06-10 10:14:16 INFO Detail_aucs is: [0.0]
2025-06-10 10:14:16 ERROR Can not run the algorithm
2025-06-10 10:14:16 INFO Run on dim 5, function 8
2025-06-10 10:14:16 INFO FeHistory: [149675.21532257 191948.51640097 208807.25048524 ... 245604.86107071
 301996.07384269 201937.40041105]
2025-06-10 10:14:16 INFO Expected Optimum FE: -656.7889979935655
2025-06-10 10:14:17 INFO Aucs is: [0.0, 0.0]
2025-06-10 10:14:17 INFO Detail_aucs is: [0.0]
2025-06-10 10:14:17 ERROR Can not run the algorithm
2025-06-10 10:14:17 INFO Aucs is: [0.0, 0.0]
2025-06-10 10:14:17 INFO Detail_aucs is: [0.0]
2025-06-10 10:14:18 INFO Aucs is: [0.0, 0.0]
2025-06-10 10:14:18 INFO Detail_aucs is: [0.0]
2025-06-10 10:14:18 INFO Aucs is: [0.0, 0.0]
2025-06-10 10:14:18 INFO Detail_aucs is: [0.0]
2025-06-10 10:14:18 ERROR Can not run the algorithm
2025-06-10 10:14:18 INFO Run on dim 5, function 20
2025-06-10 10:14:18 INFO FeHistory: [-76.94803019 -78.48600972 -77.26263224 ... -79.07439933 -80.39841407
 -76.74872585]
2025-06-10 10:14:18 INFO Expected Optimum FE: -100
2025-06-10 10:14:19 INFO Run on dim 5, function 20
2025-06-10 10:14:19 INFO FeHistory: [-79.07060016 -80.00899856 -76.86752309 ... -81.19291611 -80.80105344
 -76.82893303]
2025-06-10 10:14:19 INFO Expected Optimum FE: -100
2025-06-10 10:14:21 INFO Aucs is: [0.0, 0.0, 0.0755943391548484]
2025-06-10 10:14:21 INFO Detail_aucs is: [0.0755943391548484]
2025-06-10 10:14:21 INFO Aucs is: [0.0, 0.0, 0.07390960848493196]
2025-06-10 10:14:21 INFO Detail_aucs is: [0.07390960848493196]
2025-06-10 10:14:21 INFO Aucs is: [0.0, 0.0, 0.07524115793722087]
2025-06-10 10:14:21 INFO Detail_aucs is: [0.07524115793722087]
2025-06-10 10:14:22 INFO Aucs is: [0.0, 0.0, 0.07626767855326795]
2025-06-10 10:14:22 INFO Detail_aucs is: [0.07626767855326795]
2025-06-10 10:14:42 INFO Run on dim 5, function 1
2025-06-10 10:14:42 INFO FeHistory: [221870.55495841 156826.54094066 195834.36532559 ...  31050.20071951
  30105.46307367  25773.94246216]
2025-06-10 10:14:42 INFO Expected Optimum FE: -1081.9837994003399
2025-06-10 10:14:43 INFO Aucs is: [0.0]
2025-06-10 10:14:43 INFO Detail_aucs is: [0.0]
2025-06-10 10:15:09 INFO Run on dim 5, function 8
2025-06-10 10:15:09 INFO FeHistory: [149981.36785772 119394.85721182 226703.8005351  ...  41210.45696093
  51369.13515542  71355.92284429]
2025-06-10 10:15:09 INFO Expected Optimum FE: -656.7889979935655
2025-06-10 10:15:11 INFO Aucs is: [0.0, 0.0]
2025-06-10 10:15:11 INFO Detail_aucs is: [0.0]
2025-06-10 10:16:20 INFO Run on dim 5, function 20
2025-06-10 10:16:20 INFO FeHistory: [-77.65244846 -78.92294866 -77.24993375 ... -86.51261588 -85.733713
 -85.95201957]
2025-06-10 10:16:20 INFO Expected Optimum FE: -100
2025-06-10 10:16:23 INFO Aucs is: [0.0, 0.0, 0.09394235935771172]
2025-06-10 10:16:23 INFO Detail_aucs is: [0.09394235935771172]
2025-06-10 10:16:31 INFO Run on dim 5, function 1
2025-06-10 10:16:31 INFO FeHistory: [187065.79342051 176113.67225425 183980.01864936 ... 221194.16853352
 135239.33516792 164727.08484871]
2025-06-10 10:16:31 INFO Expected Optimum FE: -1081.9837994003399
2025-06-10 10:16:31 INFO Run on dim 5, function 1
2025-06-10 10:16:31 INFO FeHistory: [158297.2885733  147224.57383335 218470.07993986 ... 141014.01369963
 186469.39989163 163900.18611369]
2025-06-10 10:16:31 INFO Expected Optimum FE: -1081.9837994003399
2025-06-10 10:16:31 INFO Run on dim 5, function 1
2025-06-10 10:16:31 INFO FeHistory: [168903.7687598  135746.31466941 130067.88901764 ... 205760.28296525
 247293.43889753 185602.77472076]
2025-06-10 10:16:31 INFO Expected Optimum FE: -1081.9837994003399
2025-06-10 10:16:31 INFO Run on dim 5, function 1
2025-06-10 10:16:31 INFO FeHistory: [158968.90601295 218358.90891412 152499.91948782 ... 239503.21031217
 166882.33767965 205720.19388868]
2025-06-10 10:16:31 INFO Expected Optimum FE: -1081.9837994003399
2025-06-10 10:16:31 INFO Run on dim 5, function 1
2025-06-10 10:16:31 INFO FeHistory: [152730.26156138 158647.70238766  89113.56122594 ... 239612.71561501
 207550.79532598  82022.85930579]
2025-06-10 10:16:31 INFO Expected Optimum FE: -1081.9837994003399
2025-06-10 10:16:32 INFO Aucs is: [0.0]
2025-06-10 10:16:32 INFO Detail_aucs is: [0.0]
2025-06-10 10:16:32 INFO Run on dim 5, function 8
2025-06-10 10:16:32 INFO FeHistory: [341245.23805886 236659.55144844 202749.35171501 ... 232814.21560935
 239818.68802153 210613.21645282]
2025-06-10 10:16:32 INFO Expected Optimum FE: -656.7889979935655
2025-06-10 10:16:33 INFO Aucs is: [0.0]
2025-06-10 10:16:33 INFO Detail_aucs is: [0.0]
2025-06-10 10:16:33 INFO Run on dim 5, function 8
2025-06-10 10:16:33 INFO FeHistory: [133371.90903104 218064.33133707 328810.13756456 ... 189889.57186977
 187217.44003924 119388.76242507]
2025-06-10 10:16:33 INFO Expected Optimum FE: -656.7889979935655
2025-06-10 10:16:33 INFO Aucs is: [0.0]
2025-06-10 10:16:33 INFO Detail_aucs is: [0.0]
2025-06-10 10:16:33 INFO Aucs is: [0.0]
2025-06-10 10:16:33 INFO Detail_aucs is: [0.0]
2025-06-10 10:16:33 INFO Aucs is: [0.0]
2025-06-10 10:16:33 INFO Detail_aucs is: [0.0]
2025-06-10 10:16:33 INFO Run on dim 5, function 8
2025-06-10 10:16:33 INFO FeHistory: [134727.87572797 271306.97535379 228457.30337214 ... 232538.26534811
 250398.95680013 258567.6151843 ]
2025-06-10 10:16:33 INFO Expected Optimum FE: -656.7889979935655
2025-06-10 10:16:33 INFO Run on dim 5, function 8
2025-06-10 10:16:33 INFO FeHistory: [180341.31021353  75847.68064066 127518.97910388 ... 182392.40128288
 108431.48909217  69714.66401029]
2025-06-10 10:16:33 INFO Expected Optimum FE: -656.7889979935655
2025-06-10 10:16:33 INFO Run on dim 5, function 8
2025-06-10 10:16:33 INFO FeHistory: [157444.83429087 162100.47350402 152466.5762132  ... 291981.3735298
 190897.06171675  84539.71594272]
2025-06-10 10:16:33 INFO Expected Optimum FE: -656.7889979935655
2025-06-10 10:16:34 INFO Aucs is: [0.0, 0.0]
2025-06-10 10:16:34 INFO Detail_aucs is: [0.0]
2025-06-10 10:16:35 INFO Aucs is: [0.0, 0.0]
2025-06-10 10:16:35 INFO Detail_aucs is: [0.0]
2025-06-10 10:16:35 INFO Run on dim 5, function 20
2025-06-10 10:16:35 INFO FeHistory: [-79.3109418  -76.31788677 -79.63106028 ... -76.72520783 -78.26048443
 -80.8866379 ]
2025-06-10 10:16:35 INFO Expected Optimum FE: -100
2025-06-10 10:16:35 INFO Aucs is: [0.0, 0.0]
2025-06-10 10:16:35 INFO Detail_aucs is: [0.0]
2025-06-10 10:16:35 INFO Aucs is: [0.0, 0.0]
2025-06-10 10:16:35 INFO Detail_aucs is: [0.0]
2025-06-10 10:16:35 INFO Aucs is: [0.0, 0.0]
2025-06-10 10:16:35 INFO Detail_aucs is: [0.0]
2025-06-10 10:16:35 INFO Run on dim 5, function 20
2025-06-10 10:16:35 INFO FeHistory: [-76.39391813 -76.81895488 -77.80866287 ... -77.79492101 -76.10855843
 -77.2681336 ]
2025-06-10 10:16:35 INFO Expected Optimum FE: -100
2025-06-10 10:16:36 INFO Run on dim 5, function 20
2025-06-10 10:16:36 INFO FeHistory: [-78.67619783 -76.32106916 -79.7871146  ... -78.81614089 -77.5253403
 -82.84454137]
2025-06-10 10:16:36 INFO Expected Optimum FE: -100
2025-06-10 10:16:36 INFO Run on dim 5, function 20
2025-06-10 10:16:36 INFO FeHistory: [-78.15643345 -78.87379377 -78.0050609  ... -74.75650421 -77.36376816
 -76.61446241]
2025-06-10 10:16:36 INFO Expected Optimum FE: -100
2025-06-10 10:16:36 INFO Run on dim 5, function 20
2025-06-10 10:16:36 INFO FeHistory: [-79.96232259 -77.34427721 -76.64202879 ... -79.15380432 -77.69299954
 -78.087143  ]
2025-06-10 10:16:36 INFO Expected Optimum FE: -100
2025-06-10 10:16:39 INFO Aucs is: [0.0, 0.0, 0.0790452134935475]
2025-06-10 10:16:39 INFO Detail_aucs is: [0.0790452134935475]
2025-06-10 10:16:39 INFO Aucs is: [0.0, 0.0, 0.07472663880549711]
2025-06-10 10:16:39 INFO Detail_aucs is: [0.07472663880549711]
2025-06-10 10:16:40 INFO Aucs is: [0.0, 0.0, 0.07602639002163565]
2025-06-10 10:16:40 INFO Detail_aucs is: [0.07602639002163565]
2025-06-10 10:16:40 INFO Aucs is: [0.0, 0.0, 0.07655909025267918]
2025-06-10 10:16:40 INFO Detail_aucs is: [0.07655909025267918]
2025-06-10 10:16:40 INFO Aucs is: [0.0, 0.0, 0.07683945582668004]
2025-06-10 10:16:40 INFO Detail_aucs is: [0.07683945582668004]
2025-06-10 10:18:57 INFO Run on dim 5, function 1
2025-06-10 10:18:57 INFO FeHistory: [214727.9697756  200530.08946124 151316.43366414 ... 171080.32451494
 242797.61306359 194295.82926152]
2025-06-10 10:18:57 INFO Expected Optimum FE: -1081.9837994003399
2025-06-10 10:19:00 INFO Aucs is: [0.0]
2025-06-10 10:19:00 INFO Detail_aucs is: [0.0]
2025-06-10 10:19:00 INFO Run on dim 5, function 8
2025-06-10 10:19:00 INFO FeHistory: [183879.61868344 225560.40191992 263431.22049794 ... 166665.54564787
 220793.74212889 198600.07629454]
2025-06-10 10:19:00 INFO Expected Optimum FE: -656.7889979935655
2025-06-10 10:19:02 INFO Aucs is: [0.0, 0.0]
2025-06-10 10:19:02 INFO Detail_aucs is: [0.0]
2025-06-10 10:19:03 INFO Run on dim 5, function 20
2025-06-10 10:19:03 INFO FeHistory: [-79.72715163 -77.01288795 -81.81663296 ... -79.16625389 -76.35595839
 -77.16101137]
2025-06-10 10:19:03 INFO Expected Optimum FE: -100
2025-06-10 10:19:07 INFO Aucs is: [0.0, 0.0, 0.07578783906079568]
2025-06-10 10:19:07 INFO Detail_aucs is: [0.07578783906079568]
2025-06-10 10:19:31 INFO Run on dim 5, function 1
2025-06-10 10:19:31 INFO FeHistory: [150821.80925795 182030.51814788 157947.20931162 ...  27540.17724676
  35939.77182493  28093.25312673]
2025-06-10 10:19:31 INFO Expected Optimum FE: -1081.9837994003399
2025-06-10 10:19:33 INFO Aucs is: [0.0]
2025-06-10 10:19:33 INFO Detail_aucs is: [0.0]
2025-06-10 10:19:34 INFO Run on dim 5, function 1
2025-06-10 10:19:34 INFO FeHistory: [166531.8765203  137594.2044282  176018.13412649 ...  30149.17706498
  30892.94484962  24757.73611359]
2025-06-10 10:19:34 INFO Expected Optimum FE: -1081.9837994003399
2025-06-10 10:19:35 INFO Run on dim 5, function 1
2025-06-10 10:19:35 INFO FeHistory: [261532.55528658 207652.83064589 147215.38721639 ...  14971.56437636
  31490.22575536  21299.30444066]
2025-06-10 10:19:35 INFO Expected Optimum FE: -1081.9837994003399
2025-06-10 10:19:35 INFO Aucs is: [0.0]
2025-06-10 10:19:35 INFO Detail_aucs is: [0.0]
2025-06-10 10:19:37 INFO Aucs is: [0.0]
2025-06-10 10:19:37 INFO Detail_aucs is: [0.0]
2025-06-10 10:19:49 INFO Run on dim 5, function 1
2025-06-10 10:19:49 INFO FeHistory: [141969.18745305 126874.49189067 156354.67993338 ...  27030.09331313
  23302.19856417  28168.34742693]
2025-06-10 10:19:49 INFO Expected Optimum FE: -1081.9837994003399
2025-06-10 10:19:50 INFO Aucs is: [0.0]
2025-06-10 10:19:50 INFO Detail_aucs is: [0.0]
2025-06-10 10:20:03 INFO Run on dim 5, function 8
2025-06-10 10:20:03 INFO FeHistory: [186066.14516902 156461.5937926  147889.47011777 ...  54250.46846766
  54441.77915499  69076.35949303]
2025-06-10 10:20:03 INFO Expected Optimum FE: -656.7889979935655
2025-06-10 10:20:04 INFO Aucs is: [0.0, 0.0]
2025-06-10 10:20:04 INFO Detail_aucs is: [0.0]
2025-06-10 10:20:09 INFO Run on dim 5, function 8
2025-06-10 10:20:09 INFO FeHistory: [123703.62223158 181105.67213087 197909.52921216 ...  47997.66026228
  37652.9343917   57850.89520891]
2025-06-10 10:20:09 INFO Expected Optimum FE: -656.7889979935655
2025-06-10 10:20:11 INFO Aucs is: [0.0, 0.0]
2025-06-10 10:20:11 INFO Detail_aucs is: [0.0]
2025-06-10 10:20:11 INFO Run on dim 5, function 8
2025-06-10 10:20:11 INFO FeHistory: [233284.97770076 211340.34714066 175839.15727741 ...  30249.90520692
  33098.86341831  41623.61047695]
2025-06-10 10:20:11 INFO Expected Optimum FE: -656.7889979935655
2025-06-10 10:20:12 INFO Aucs is: [0.0, 0.0]
2025-06-10 10:20:12 INFO Detail_aucs is: [0.0]
2025-06-10 10:20:34 INFO Run on dim 5, function 8
2025-06-10 10:20:34 INFO FeHistory: [195087.41776636  96315.50357934 119965.72359789 ...  71201.82480653
  43425.55008935  38151.2366474 ]
2025-06-10 10:20:34 INFO Expected Optimum FE: -656.7889979935655
2025-06-10 10:20:36 INFO Aucs is: [0.0, 0.0]
2025-06-10 10:20:36 INFO Detail_aucs is: [0.0]
2025-06-10 10:21:16 INFO Run on dim 5, function 20
2025-06-10 10:21:16 INFO FeHistory: [-78.0616326  -78.25803632 -79.22665315 ... -85.5044152  -83.81318077
 -84.1876312 ]
2025-06-10 10:21:16 INFO Expected Optimum FE: -100
2025-06-10 10:21:19 INFO Aucs is: [0.0, 0.0, 0.0937239936575384]
2025-06-10 10:21:19 INFO Detail_aucs is: [0.0937239936575384]
2025-06-10 10:21:25 INFO Run on dim 5, function 20
2025-06-10 10:21:25 INFO FeHistory: [-80.47587144 -78.68880001 -77.51647076 ... -84.51945149 -84.10778234
 -85.00463087]
2025-06-10 10:21:25 INFO Expected Optimum FE: -100
2025-06-10 10:21:27 INFO Run on dim 5, function 20
2025-06-10 10:21:27 INFO FeHistory: [-80.21251574 -75.70643656 -77.38688336 ... -84.83024743 -82.99157838
 -85.46785024]
2025-06-10 10:21:27 INFO Expected Optimum FE: -100
2025-06-10 10:21:28 INFO Aucs is: [0.0, 0.0, 0.09412827798551915]
2025-06-10 10:21:28 INFO Detail_aucs is: [0.09412827798551915]
2025-06-10 10:21:30 INFO Aucs is: [0.0, 0.0, 0.09774891463529152]
2025-06-10 10:21:30 INFO Detail_aucs is: [0.09774891463529152]
2025-06-10 10:22:01 INFO Run on dim 5, function 20
2025-06-10 10:22:01 INFO FeHistory: [-77.92430675 -81.81991571 -80.65319589 ... -84.79123525 -83.18355049
 -84.13968761]
2025-06-10 10:22:01 INFO Expected Optimum FE: -100
2025-06-10 10:22:04 INFO Aucs is: [0.0, 0.0, 0.09377191549882474]
2025-06-10 10:22:04 INFO Detail_aucs is: [0.09377191549882474]
2025-06-10 10:22:15 ERROR Can not run the algorithm
2025-06-10 10:22:17 INFO Aucs is: [0.0]
2025-06-10 10:22:17 INFO Detail_aucs is: [0.0]
2025-06-10 10:22:17 ERROR Can not run the algorithm
2025-06-10 10:22:19 INFO Aucs is: [0.0, 0.0]
2025-06-10 10:22:19 INFO Detail_aucs is: [0.0]
2025-06-10 10:22:19 ERROR Can not run the algorithm
2025-06-10 10:22:24 INFO Aucs is: [0.0, 0.0, 0.0767337109547289]
2025-06-10 10:22:24 INFO Detail_aucs is: [0.0767337109547289]
2025-06-10 10:23:01 INFO Run on dim 5, function 1
2025-06-10 10:23:01 INFO FeHistory: [168612.15858189 179686.85235598 184592.40497069 ...  23948.20464312
  26293.85998302  26584.66651293]
2025-06-10 10:23:01 INFO Expected Optimum FE: -1081.9837994003399
2025-06-10 10:23:03 INFO Aucs is: [0.0]
2025-06-10 10:23:03 INFO Detail_aucs is: [0.0]
2025-06-10 10:23:06 INFO Run on dim 5, function 1
2025-06-10 10:23:06 INFO FeHistory: [158386.63923501 211301.84667905 167572.54588781 ...   -288.18023258
   -251.00918316   -434.02495129]
2025-06-10 10:23:06 INFO Expected Optimum FE: -1081.9837994003399
2025-06-10 10:23:06 INFO Run on dim 5, function 1
2025-06-10 10:23:06 INFO FeHistory: [233023.61115423 226021.27406082 137642.0906676  ...  15335.67701567
  20953.12928294  27004.02936969]
2025-06-10 10:23:06 INFO Expected Optimum FE: -1081.9837994003399
2025-06-10 10:23:08 INFO Aucs is: [0.0]
2025-06-10 10:23:08 INFO Detail_aucs is: [0.0]
2025-06-10 10:23:09 INFO Aucs is: [0.0]
2025-06-10 10:23:09 INFO Detail_aucs is: [0.0]
2025-06-10 10:23:44 INFO Run on dim 5, function 8
2025-06-10 10:23:44 INFO FeHistory: [144733.69936673 137405.92748625 146575.71067577 ...  36590.56872176
  67873.62567261  36500.70202122]
2025-06-10 10:23:44 INFO Expected Optimum FE: -656.7889979935655
2025-06-10 10:23:46 INFO Aucs is: [0.0, 0.0]
2025-06-10 10:23:46 INFO Detail_aucs is: [0.0]
2025-06-10 10:23:52 INFO Run on dim 5, function 8
2025-06-10 10:23:52 INFO FeHistory: [289405.77155326 214141.66531402 173726.0936861  ...   -656.06106713
   -655.94315183   -655.43536029]
2025-06-10 10:23:52 INFO Expected Optimum FE: -656.7889979935655
2025-06-10 10:23:53 INFO Run on dim 5, function 8
2025-06-10 10:23:53 INFO FeHistory: [206337.69676057 253822.10866494 154702.7207749  ...  44007.93036397
  24550.83208299  40771.34241193]
2025-06-10 10:23:53 INFO Expected Optimum FE: -656.7889979935655
2025-06-10 10:23:54 INFO Aucs is: [0.0, 0.20029746897795433]
2025-06-10 10:23:54 INFO Detail_aucs is: [0.20029746897795433]
2025-06-10 10:23:55 INFO Aucs is: [0.0, 0.0]
2025-06-10 10:23:55 INFO Detail_aucs is: [0.0]
2025-06-10 10:25:27 INFO Run on dim 5, function 20
2025-06-10 10:25:27 INFO FeHistory: [-77.83296126 -78.63950596 -79.01491773 ... -82.78010186 -84.45255263
 -85.54212923]
2025-06-10 10:25:27 INFO Expected Optimum FE: -100
2025-06-10 10:25:31 INFO Aucs is: [0.0, 0.0, 0.09442642871386901]
2025-06-10 10:25:31 INFO Detail_aucs is: [0.09442642871386901]
2025-06-10 10:25:37 INFO Run on dim 5, function 20
2025-06-10 10:25:37 INFO FeHistory: [-79.41034208 -78.60105751 -80.10638127 ... -99.97113438 -99.96773956
 -99.9747406 ]
2025-06-10 10:25:37 INFO Expected Optimum FE: -100
2025-06-10 10:25:38 INFO Run on dim 5, function 20
2025-06-10 10:25:38 INFO FeHistory: [-77.06326601 -78.25051616 -76.53014637 ... -84.7133151  -83.94786126
 -84.26390251]
2025-06-10 10:25:38 INFO Expected Optimum FE: -100
2025-06-10 10:25:41 INFO Aucs is: [0.0, 0.20029746897795433, 0.3322920476865058]
2025-06-10 10:25:41 INFO Detail_aucs is: [0.3322920476865058]
2025-06-10 10:25:42 INFO Aucs is: [0.0, 0.0, 0.098678577412622]
2025-06-10 10:25:42 INFO Detail_aucs is: [0.098678577412622]
2025-06-10 10:26:10 INFO Run on dim 5, function 1
2025-06-10 10:26:10 INFO FeHistory: [158467.56337109 207746.16914502 169303.38481107 ...  16023.32598658
  16023.2906796   16022.85333656]
2025-06-10 10:26:10 INFO Expected Optimum FE: -1081.9837994003399
2025-06-10 10:26:12 INFO Aucs is: [0.0]
2025-06-10 10:26:12 INFO Detail_aucs is: [0.0]
2025-06-10 10:26:50 INFO Run on dim 5, function 8
2025-06-10 10:26:50 INFO FeHistory: [248529.55304496 167756.10328183 173194.12689515 ...  49864.29406317
  32817.89829066  46978.7836265 ]
2025-06-10 10:26:50 INFO Expected Optimum FE: -656.7889979935655
2025-06-10 10:26:52 INFO Aucs is: [0.0, 0.0]
2025-06-10 10:26:52 INFO Detail_aucs is: [0.0]
2025-06-10 10:28:04 INFO Run on dim 5, function 20
2025-06-10 10:28:04 INFO FeHistory: [-75.03933153 -79.49026201 -80.71531065 ... -82.16850981 -82.19724572
 -86.40141921]
2025-06-10 10:28:04 INFO Expected Optimum FE: -100
2025-06-10 10:28:08 INFO Aucs is: [0.0, 0.0, 0.09433189776603389]
2025-06-10 10:28:08 INFO Detail_aucs is: [0.09433189776603389]
2025-06-10 10:28:20 INFO An exception occured: Traceback (most recent call last):
  File "/Users/macbook/Documents/Code/LLMdesignedEA-comp/llamea/llamea.py", line 365, in evolve_solution
    evolved_individual = self.evaluate_fitness(evolved_individual)
                         ^^^^^^^^^^^^^^^^^^^^^^^^^^^^^^^^^^^^^^^^^
  File "/Users/macbook/Documents/Code/LLMdesignedEA-comp/llamea/llamea.py", line 248, in evaluate_fitness
    updated_individual = self.f(individual, self.logger)
                         ^^^^^^^^^^^^^^^^^^^^^^^^^^^^^^^
  File "/Users/macbook/Documents/Code/LLMdesignedEA-comp/simple_test_f1.py", line 43, in evaluateGNBG
    exec(code, globals()) # extract the code part inside the string, ex exec("a = 3 + 4") -> print(a) -> 7
    ^^^^^^^^^^^^^^^^^^^^^
  File "<string>", line 66
    self.C = 0.8 * self.C + 0.2 * np.outer(best_archive_sol - np.mean([sol for sol,_ in self.archive], axis=0),best_archive_sol - np.mean([sol for sol,_in self.archive], axis=0)) # Centered CMA update
                                                                                                                                                       ^^^^^^^^^^^^^^^^
SyntaxError: invalid syntax. Perhaps you forgot a comma?
.
2025-06-10 10:28:50 INFO Run on dim 5, function 1
2025-06-10 10:28:50 INFO FeHistory: [183639.55739369 177938.61914107 209381.89203421 ... 124396.34393147
 154008.598678   156516.94431543]
2025-06-10 10:28:50 INFO Expected Optimum FE: -1081.9837994003399
2025-06-10 10:28:51 INFO Aucs is: [0.0]
2025-06-10 10:28:51 INFO Detail_aucs is: [0.0]
2025-06-10 10:28:57 INFO Run on dim 5, function 1
2025-06-10 10:28:57 INFO FeHistory: [185844.42199349 156287.75654185 136008.38777299 ...  32090.19911826
  18638.53628587  27412.72841122]
2025-06-10 10:28:57 INFO Expected Optimum FE: -1081.9837994003399
2025-06-10 10:28:57 INFO Run on dim 5, function 1
2025-06-10 10:28:57 INFO FeHistory: [164371.83256288 182791.22734452 229545.01254057 ...   1384.57431342
   4692.70884414   1632.59666869]
2025-06-10 10:28:57 INFO Expected Optimum FE: -1081.9837994003399
2025-06-10 10:28:59 INFO Aucs is: [0.0]
2025-06-10 10:28:59 INFO Detail_aucs is: [0.0]
2025-06-10 10:28:59 INFO Aucs is: [0.029032210180721697]
2025-06-10 10:28:59 INFO Detail_aucs is: [0.029032210180721697]
2025-06-10 10:29:20 INFO Run on dim 5, function 8
2025-06-10 10:29:20 INFO FeHistory: [200933.15885404 259873.05051207 148763.2949562  ... 302435.28870415
 339237.1373823  256966.42475621]
2025-06-10 10:29:20 INFO Expected Optimum FE: -656.7889979935655
2025-06-10 10:29:21 INFO Aucs is: [0.0, 0.0]
2025-06-10 10:29:21 INFO Detail_aucs is: [0.0]
2025-06-10 10:29:35 INFO Run on dim 5, function 8
2025-06-10 10:29:35 INFO FeHistory: [ 89563.90475348 261940.43394921 182443.51683976 ...  58028.10974071
  44880.21481475  58092.33918597]
2025-06-10 10:29:35 INFO Expected Optimum FE: -656.7889979935655
2025-06-10 10:29:36 INFO Run on dim 5, function 8
2025-06-10 10:29:36 INFO FeHistory: [159049.46256995 168547.80239333 172441.37839702 ...    191.44039322
   -424.49230518    214.69330917]
2025-06-10 10:29:36 INFO Expected Optimum FE: -656.7889979935655
2025-06-10 10:29:37 INFO Aucs is: [0.0, 0.0]
2025-06-10 10:29:37 INFO Detail_aucs is: [0.0]
2025-06-10 10:29:38 INFO Aucs is: [0.029032210180721697, 0.0]
2025-06-10 10:29:38 INFO Detail_aucs is: [0.0]
2025-06-10 10:30:34 INFO Run on dim 5, function 20
2025-06-10 10:30:34 INFO FeHistory: [-79.41039958 -76.46665693 -78.76857179 ... -76.53574604 -74.02245975
 -77.43048366]
2025-06-10 10:30:34 INFO Expected Optimum FE: -100
2025-06-10 10:30:38 INFO Aucs is: [0.0, 0.0, 0.07739348022654104]
2025-06-10 10:30:38 INFO Detail_aucs is: [0.07739348022654104]
2025-06-10 10:30:57 INFO Run on dim 5, function 20
2025-06-10 10:30:57 INFO FeHistory: [-77.61454531 -79.7130916  -78.99286985 ... -92.3214915  -92.3707282
 -88.02326508]
2025-06-10 10:30:57 INFO Expected Optimum FE: -100
2025-06-10 10:30:58 INFO Run on dim 5, function 20
2025-06-10 10:30:58 INFO FeHistory: [-75.57031215 -79.18071092 -79.1228046  ... -85.69765161 -80.78899428
 -83.89108319]
2025-06-10 10:30:58 INFO Expected Optimum FE: -100
2025-06-10 10:31:01 INFO Aucs is: [0.029032210180721697, 0.0, 0.1347928744832182]
2025-06-10 10:31:01 INFO Detail_aucs is: [0.1347928744832182]
2025-06-10 10:31:01 INFO Aucs is: [0.0, 0.0, 0.09705810365862201]
2025-06-10 10:31:01 INFO Detail_aucs is: [0.09705810365862201]
2025-06-10 10:31:57 INFO Run on dim 5, function 1
2025-06-10 10:31:57 INFO FeHistory: [ 1.47107819e+05  1.45159622e+05  1.27339532e+05 ...  4.89638751e+03
 -8.66836156e+02 -6.12482746e+01]
2025-06-10 10:31:57 INFO Expected Optimum FE: -1081.9837994003399
2025-06-10 10:31:57 INFO Run on dim 5, function 1
2025-06-10 10:31:57 INFO FeHistory: [117945.07539355 177062.42417974 162997.63017689 ...  -1081.9837994
  -1081.9837994   -1081.9837994 ]
2025-06-10 10:31:57 INFO Expected Optimum FE: -1081.9837994003399
2025-06-10 10:31:59 INFO Aucs is: [0.031728703721642944]
2025-06-10 10:31:59 INFO Detail_aucs is: [0.031728703721642944]
2025-06-10 10:31:59 INFO Aucs is: [0.8407803288501235]
2025-06-10 10:31:59 INFO Detail_aucs is: [0.8407803288501235]
2025-06-10 10:32:00 INFO Run on dim 5, function 1
2025-06-10 10:32:00 INFO FeHistory: [135157.62365265 136284.28197393 191984.83451478 ...   -847.20328301
   -599.84122091   -374.12971368]
2025-06-10 10:32:00 INFO Expected Optimum FE: -1081.9837994003399
2025-06-10 10:32:02 INFO Aucs is: [0.03448729470757272]
2025-06-10 10:32:02 INFO Detail_aucs is: [0.03448729470757272]
2025-06-10 10:32:04 INFO Run on dim 5, function 1
2025-06-10 10:32:04 INFO FeHistory: [170061.47061412 139125.05178262 237953.45176147 ...  -1081.64521096
  -1081.49886303  -1081.25156881]
2025-06-10 10:32:04 INFO Expected Optimum FE: -1081.9837994003399
2025-06-10 10:32:06 INFO Aucs is: [0.20180546609248284]
2025-06-10 10:32:06 INFO Detail_aucs is: [0.20180546609248284]
2025-06-10 10:32:43 INFO Run on dim 5, function 8
2025-06-10 10:32:43 INFO FeHistory: [165237.49440117 199268.50536323 112836.60153459 ...   2338.37340605
   4881.78703456   -396.95312234]
2025-06-10 10:32:43 INFO Expected Optimum FE: -656.7889979935655
2025-06-10 10:32:44 INFO Run on dim 5, function 8
2025-06-10 10:32:44 INFO FeHistory: [218285.95937209 172423.11567064 197060.1491695  ...   -656.78899799
   -656.78899799   -656.78899799]
2025-06-10 10:32:44 INFO Expected Optimum FE: -656.7889979935655
2025-06-10 10:32:45 INFO Aucs is: [0.031728703721642944, 0.01709790956944306]
2025-06-10 10:32:45 INFO Detail_aucs is: [0.01709790956944306]
2025-06-10 10:32:46 INFO Aucs is: [0.8407803288501235, 0.7880362898740088]
2025-06-10 10:32:46 INFO Detail_aucs is: [0.7880362898740088]
2025-06-10 10:32:49 INFO Run on dim 5, function 8
2025-06-10 10:32:49 INFO FeHistory: [222075.92475616 116640.08061261 151799.02335478 ...   1450.37059918
    616.66915516    506.03902277]
2025-06-10 10:32:49 INFO Expected Optimum FE: -656.7889979935655
2025-06-10 10:32:51 INFO Aucs is: [0.03448729470757272, 0.0]
2025-06-10 10:32:51 INFO Detail_aucs is: [0.0]
2025-06-10 10:32:54 INFO Run on dim 5, function 8
2025-06-10 10:32:54 INFO FeHistory: [165314.39773842 191429.26444242 192636.72973492 ...   -656.78893992
   -656.78896222   -656.78888852]
2025-06-10 10:32:54 INFO Expected Optimum FE: -656.7889979935655
2025-06-10 10:32:56 INFO Aucs is: [0.20180546609248284, 0.43128386073604896]
2025-06-10 10:32:56 INFO Detail_aucs is: [0.43128386073604896]
2025-06-10 10:34:12 INFO Run on dim 5, function 20
2025-06-10 10:34:12 INFO FeHistory: [-78.86957127 -79.4372204  -77.75574661 ... -99.92989685 -99.92922019
 -99.9286924 ]
2025-06-10 10:34:12 INFO Expected Optimum FE: -100
2025-06-10 10:34:16 INFO Aucs is: [0.8407803288501235, 0.7880362898740088, 0.2908962171150913]
2025-06-10 10:34:16 INFO Detail_aucs is: [0.2908962171150913]
2025-06-10 10:34:18 INFO Run on dim 5, function 20
2025-06-10 10:34:18 INFO FeHistory: [-79.96578856 -75.13418419 -76.40190717 ... -92.05900293 -91.26330318
 -94.62835213]
2025-06-10 10:34:18 INFO Expected Optimum FE: -100
2025-06-10 10:34:21 INFO Aucs is: [0.031728703721642944, 0.01709790956944306, 0.1334640440768342]
2025-06-10 10:34:21 INFO Detail_aucs is: [0.1334640440768342]
2025-06-10 10:34:24 INFO Run on dim 5, function 20
2025-06-10 10:34:24 INFO FeHistory: [-77.97270364 -77.75636296 -78.98494509 ... -88.29602695 -92.28903139
 -91.48406281]
2025-06-10 10:34:24 INFO Expected Optimum FE: -100
2025-06-10 10:34:27 INFO Aucs is: [0.03448729470757272, 0.0, 0.1345031808611666]
2025-06-10 10:34:27 INFO Detail_aucs is: [0.1345031808611666]
2025-06-10 10:34:31 INFO Run on dim 5, function 20
2025-06-10 10:34:31 INFO FeHistory: [-83.04934179 -77.68728759 -77.81208299 ... -99.91358823 -99.89546505
 -99.91557561]
2025-06-10 10:34:31 INFO Expected Optimum FE: -100
2025-06-10 10:34:34 INFO Aucs is: [0.20180546609248284, 0.43128386073604896, 0.27977037178028447]
2025-06-10 10:34:34 INFO Detail_aucs is: [0.27977037178028447]
2025-06-10 10:34:46 INFO An exception occured: Traceback (most recent call last):
  File "/Users/macbook/Documents/Code/LLMdesignedEA-comp/llamea/llamea.py", line 365, in evolve_solution
    evolved_individual = self.evaluate_fitness(evolved_individual)
                         ^^^^^^^^^^^^^^^^^^^^^^^^^^^^^^^^^^^^^^^^^
  File "/Users/macbook/Documents/Code/LLMdesignedEA-comp/llamea/llamea.py", line 248, in evaluate_fitness
    updated_individual = self.f(individual, self.logger)
                         ^^^^^^^^^^^^^^^^^^^^^^^^^^^^^^^
  File "/Users/macbook/Documents/Code/LLMdesignedEA-comp/simple_test_f1.py", line 43, in evaluateGNBG
    exec(code, globals()) # extract the code part inside the string, ex exec("a = 3 + 4") -> print(a) -> 7
    ^^^^^^^^^^^^^^^^^^^^^
  File "<string>", line 64
    self.C = 0.9 * self.C + 0.1 * np.outer(best_archive_sol - np.mean([sol for sol,_ in self.archive], axis=0),best_archive_sol - np.mean([sol for sol,_in self.archive], axis=0)) #More robust update
                                                                                                                                                       ^^^^^^^^^^^^^^^^
SyntaxError: invalid syntax. Perhaps you forgot a comma?
.
2025-06-10 10:35:27 INFO Run on dim 5, function 1
2025-06-10 10:35:27 INFO FeHistory: [227863.31628525 228388.8576631  145011.69928631 ...  -1081.98378655
  -1081.98378722  -1081.9837863 ]
2025-06-10 10:35:27 INFO Expected Optimum FE: -1081.9837994003399
2025-06-10 10:35:28 INFO Aucs is: [0.4753610286621599]
2025-06-10 10:35:28 INFO Detail_aucs is: [0.4753610286621599]
2025-06-10 10:35:38 INFO Run on dim 5, function 1
2025-06-10 10:35:38 INFO FeHistory: [140746.62291604 198044.54838177 182184.77292888 ...  -1081.98379937
  -1081.98379937  -1081.98379936]
2025-06-10 10:35:38 INFO Expected Optimum FE: -1081.9837994003399
2025-06-10 10:35:39 INFO Aucs is: [0.6551439532553339]
2025-06-10 10:35:39 INFO Detail_aucs is: [0.6551439532553339]
2025-06-10 10:35:48 INFO Run on dim 5, function 1
2025-06-10 10:35:48 INFO FeHistory: [189237.85024601 169243.64868753 189290.68252683 ...  -1079.01305913
  -1079.0126895   -1077.00773991]
2025-06-10 10:35:48 INFO Expected Optimum FE: -1081.9837994003399
2025-06-10 10:35:49 INFO Aucs is: [0.1331819684242083]
2025-06-10 10:35:49 INFO Detail_aucs is: [0.1331819684242083]
2025-06-10 10:36:09 INFO Run on dim 5, function 8
2025-06-10 10:36:09 INFO FeHistory: [327269.64084087 102528.19403186 163476.57849056 ...   -620.94952128
   -593.42761077   -589.62613842]
2025-06-10 10:36:09 INFO Expected Optimum FE: -656.7889979935655
2025-06-10 10:36:11 INFO Aucs is: [0.4753610286621599, 0.04388202654518108]
2025-06-10 10:36:11 INFO Detail_aucs is: [0.04388202654518108]
2025-06-10 10:36:37 INFO Run on dim 5, function 8
2025-06-10 10:36:37 INFO FeHistory: [223686.05399026  82353.87187388 129431.35736592 ...   -656.78899799
   -656.78899799   -656.78899799]
2025-06-10 10:36:37 INFO Expected Optimum FE: -656.7889979935655
2025-06-10 10:36:39 INFO Aucs is: [0.6551439532553339, 0.7416780727414015]
2025-06-10 10:36:39 INFO Detail_aucs is: [0.7416780727414015]
2025-06-10 10:36:53 INFO Run on dim 5, function 8
2025-06-10 10:36:53 INFO FeHistory: [140851.19217306 159884.03197812 185922.37602289 ...   -652.67272299
   -648.88778566   -655.40222883]
2025-06-10 10:36:53 INFO Expected Optimum FE: -656.7889979935655
2025-06-10 10:36:55 INFO Aucs is: [0.1331819684242083, 0.1955238400605215]
2025-06-10 10:36:55 INFO Detail_aucs is: [0.1955238400605215]
2025-06-10 10:37:34 INFO Run on dim 5, function 20
2025-06-10 10:37:34 INFO FeHistory: [-79.06322957 -76.94029215 -77.41396124 ... -91.59197114 -92.84091328
 -90.48306994]
2025-06-10 10:37:34 INFO Expected Optimum FE: -100
2025-06-10 10:37:38 INFO Aucs is: [0.4753610286621599, 0.04388202654518108, 0.12924175101367302]
2025-06-10 10:37:38 INFO Detail_aucs is: [0.12924175101367302]
2025-06-10 10:38:10 INFO Run on dim 5, function 20
2025-06-10 10:38:10 INFO FeHistory: [-77.50874161 -77.63176432 -76.30283473 ... -89.35038167 -87.68332502
 -89.48516857]
2025-06-10 10:38:10 INFO Expected Optimum FE: -100
2025-06-10 10:38:14 INFO Aucs is: [0.6551439532553339, 0.7416780727414015, 0.11051697764656546]
2025-06-10 10:38:14 INFO Detail_aucs is: [0.11051697764656546]
2025-06-10 10:38:38 INFO Run on dim 5, function 20
2025-06-10 10:38:38 INFO FeHistory: [-78.33406042 -77.3993428  -78.69506158 ... -95.00780524 -95.20973871
 -94.29733339]
2025-06-10 10:38:38 INFO Expected Optimum FE: -100
2025-06-10 10:38:42 INFO Aucs is: [0.1331819684242083, 0.1955238400605215, 0.1344501149027269]
2025-06-10 10:38:42 INFO Detail_aucs is: [0.1344501149027269]
2025-06-10 10:39:24 INFO An exception occured: Traceback (most recent call last):
  File "/Users/macbook/Documents/Code/LLMdesignedEA-comp/llamea/llamea.py", line 365, in evolve_solution
    evolved_individual = self.evaluate_fitness(evolved_individual)
                         ^^^^^^^^^^^^^^^^^^^^^^^^^^^^^^^^^^^^^^^^^
  File "/Users/macbook/Documents/Code/LLMdesignedEA-comp/llamea/llamea.py", line 248, in evaluate_fitness
    updated_individual = self.f(individual, self.logger)
                         ^^^^^^^^^^^^^^^^^^^^^^^^^^^^^^^
  File "/Users/macbook/Documents/Code/LLMdesignedEA-comp/simple_test_f1.py", line 43, in evaluateGNBG
    exec(code, globals()) # extract the code part inside the string, ex exec("a = 3 + 4") -> print(a) -> 7
    ^^^^^^^^^^^^^^^^^^^^^
  File "<string>", line 63
    self.C = 0.9 * self.C + 0.1 * np.outer(best_archive_sol - np.mean([sol for sol,_ in self.archive], axis=0),best_archive_sol - np.mean([sol for sol,_in self.archive], axis=0))
                                                                                                                                                       ^^^^^^^^^^^^^^^^
SyntaxError: invalid syntax. Perhaps you forgot a comma?
.
2025-06-10 10:39:24 INFO An exception occured: Traceback (most recent call last):
  File "/Users/macbook/Documents/Code/LLMdesignedEA-comp/llamea/llamea.py", line 365, in evolve_solution
    evolved_individual = self.evaluate_fitness(evolved_individual)
                         ^^^^^^^^^^^^^^^^^^^^^^^^^^^^^^^^^^^^^^^^^
  File "/Users/macbook/Documents/Code/LLMdesignedEA-comp/llamea/llamea.py", line 248, in evaluate_fitness
    updated_individual = self.f(individual, self.logger)
                         ^^^^^^^^^^^^^^^^^^^^^^^^^^^^^^^
  File "/Users/macbook/Documents/Code/LLMdesignedEA-comp/simple_test_f1.py", line 43, in evaluateGNBG
    exec(code, globals()) # extract the code part inside the string, ex exec("a = 3 + 4") -> print(a) -> 7
    ^^^^^^^^^^^^^^^^^^^^^
  File "<string>", line 64
    self.C = 0.9 * self.C + 0.1 * np.outer(best_archive_sol - np.mean([sol for sol,_ in self.archive], axis=0),best_archive_sol - np.mean([sol for sol,_in self.archive], axis=0)) #More robust update
                                                                                                                                                       ^^^^^^^^^^^^^^^^
SyntaxError: invalid syntax. Perhaps you forgot a comma?
.
2025-06-10 10:39:25 INFO An exception occured: Traceback (most recent call last):
  File "/Users/macbook/Documents/Code/LLMdesignedEA-comp/llamea/llamea.py", line 365, in evolve_solution
    evolved_individual = self.evaluate_fitness(evolved_individual)
                         ^^^^^^^^^^^^^^^^^^^^^^^^^^^^^^^^^^^^^^^^^
  File "/Users/macbook/Documents/Code/LLMdesignedEA-comp/llamea/llamea.py", line 248, in evaluate_fitness
    updated_individual = self.f(individual, self.logger)
                         ^^^^^^^^^^^^^^^^^^^^^^^^^^^^^^^
  File "/Users/macbook/Documents/Code/LLMdesignedEA-comp/simple_test_f1.py", line 43, in evaluateGNBG
    exec(code, globals()) # extract the code part inside the string, ex exec("a = 3 + 4") -> print(a) -> 7
    ^^^^^^^^^^^^^^^^^^^^^
  File "<string>", line 64
    self.C = (1 - learning_rate) * self.C + learning_rate * np.outer(best_archive_sol - np.mean([sol for sol,_ in self.archive], axis=0),best_archive_sol - np.mean([sol for sol,_in self.archive], axis=0))
                                                                                                                                                                                 ^^^^^^^^^^^^^^^^
SyntaxError: invalid syntax. Perhaps you forgot a comma?
.
2025-06-10 10:40:10 INFO Run on dim 5, function 1
2025-06-10 10:40:10 INFO FeHistory: [187338.22329468 175292.89332881 190941.93854972 ...  -1081.95402264
  -1081.95163578  -1081.95241438]
2025-06-10 10:40:10 INFO Expected Optimum FE: -1081.9837994003399
2025-06-10 10:40:12 INFO Aucs is: [0.271586328103521]
2025-06-10 10:40:12 INFO Detail_aucs is: [0.271586328103521]
2025-06-10 10:40:57 INFO Run on dim 5, function 8
2025-06-10 10:40:57 INFO FeHistory: [190046.6863673  241816.61207389 229877.01988073 ...   -656.78466365
   -656.78369939   -656.78603813]
2025-06-10 10:40:57 INFO Expected Optimum FE: -656.7889979935655
2025-06-10 10:40:58 INFO Aucs is: [0.271586328103521, 0.34707673715514786]
2025-06-10 10:40:58 INFO Detail_aucs is: [0.34707673715514786]
2025-06-10 10:42:29 INFO Run on dim 5, function 20
2025-06-10 10:42:29 INFO FeHistory: [-78.99449305 -78.09729252 -77.80079576 ... -92.04634111 -90.9871066
 -90.20306595]
2025-06-10 10:42:29 INFO Expected Optimum FE: -100
2025-06-10 10:42:33 INFO Aucs is: [0.271586328103521, 0.34707673715514786, 0.11684214293590446]
2025-06-10 10:42:33 INFO Detail_aucs is: [0.11684214293590446]
2025-06-10 10:43:15 ERROR Can not run the algorithm
2025-06-10 10:43:17 INFO Aucs is: [0.0]
2025-06-10 10:43:17 INFO Detail_aucs is: [0.0]
2025-06-10 10:43:17 ERROR Can not run the algorithm
2025-06-10 10:43:18 INFO Aucs is: [0.0, 0.0]
2025-06-10 10:43:18 INFO Detail_aucs is: [0.0]
2025-06-10 10:43:18 ERROR Can not run the algorithm
2025-06-10 10:43:21 INFO Aucs is: [0.0, 0.0, 0.07370631451239432]
2025-06-10 10:43:21 INFO Detail_aucs is: [0.07370631451239432]
2025-06-10 10:43:40 INFO Run on dim 5, function 1
2025-06-10 10:43:40 INFO FeHistory: [172943.44002605 171533.59765306 161464.0107815  ...  -1081.9837994
  -1081.9837994   -1081.9837994 ]
2025-06-10 10:43:40 INFO Expected Optimum FE: -1081.9837994003399
2025-06-10 10:43:42 INFO Aucs is: [0.8886575565343325]
2025-06-10 10:43:42 INFO Detail_aucs is: [0.8886575565343325]
2025-06-10 10:43:49 INFO Run on dim 5, function 1
2025-06-10 10:43:49 INFO FeHistory: [220399.79983961 133897.75808048 169858.27485745 ...  -1081.98335274
  -1081.98335436  -1081.98335088]
2025-06-10 10:43:49 INFO Expected Optimum FE: -1081.9837994003399
2025-06-10 10:43:50 INFO Aucs is: [0.39055983101945113]
2025-06-10 10:43:50 INFO Detail_aucs is: [0.39055983101945113]
2025-06-10 10:44:08 INFO Run on dim 5, function 8
2025-06-10 10:44:08 INFO FeHistory: [136286.7616535  236185.01135209 185956.32363467 ...   -656.54203793
   -656.55074031   -656.4431269 ]
2025-06-10 10:44:08 INFO Expected Optimum FE: -656.7889979935655
2025-06-10 10:44:09 INFO Aucs is: [0.8886575565343325, 0.7638053580550349]
2025-06-10 10:44:09 INFO Detail_aucs is: [0.7638053580550349]
2025-06-10 10:44:24 INFO Run on dim 5, function 8
2025-06-10 10:44:24 INFO FeHistory: [318097.53415323 188724.80225477 168817.39807947 ...   -656.78856247
   -656.78847142   -656.78827571]
2025-06-10 10:44:24 INFO Expected Optimum FE: -656.7889979935655
2025-06-10 10:44:25 INFO Aucs is: [0.39055983101945113, 0.366047951202673]
2025-06-10 10:44:25 INFO Detail_aucs is: [0.366047951202673]
2025-06-10 10:44:27 INFO Run on dim 5, function 1
2025-06-10 10:44:27 INFO FeHistory: [137697.66734004 182191.70995132 175374.57705507 ...  11888.08174757
  10938.50983002  11605.30757738]
2025-06-10 10:44:27 INFO Expected Optimum FE: -1081.9837994003399
2025-06-10 10:44:29 INFO Aucs is: [0.0]
2025-06-10 10:44:29 INFO Detail_aucs is: [0.0]
2025-06-10 10:45:08 INFO Run on dim 5, function 20
2025-06-10 10:45:08 INFO FeHistory: [-78.35902963 -79.2288326  -77.78871338 ... -97.23815013 -97.37283788
 -96.92348624]
2025-06-10 10:45:08 INFO Expected Optimum FE: -100
2025-06-10 10:45:11 INFO Aucs is: [0.8886575565343325, 0.7638053580550349, 0.1541323262833752]
2025-06-10 10:45:11 INFO Detail_aucs is: [0.1541323262833752]
2025-06-10 10:45:50 INFO Run on dim 5, function 8
2025-06-10 10:45:50 INFO FeHistory: [108623.33784297 275718.52713127 151352.05364372 ...  20580.87730043
  21587.85383409  21380.12867163]
2025-06-10 10:45:50 INFO Expected Optimum FE: -656.7889979935655
2025-06-10 10:45:53 INFO Aucs is: [0.0, 0.0]
2025-06-10 10:45:53 INFO Detail_aucs is: [0.0]
2025-06-10 10:45:55 INFO Run on dim 5, function 20
2025-06-10 10:45:55 INFO FeHistory: [-77.96889743 -75.59400707 -78.52324261 ... -94.24629471 -94.89636548
 -94.37429065]
2025-06-10 10:45:55 INFO Expected Optimum FE: -100
2025-06-10 10:46:02 INFO Aucs is: [0.39055983101945113, 0.366047951202673, 0.13777547272776774]
2025-06-10 10:46:02 INFO Detail_aucs is: [0.13777547272776774]
2025-06-10 10:48:51 INFO Run on dim 5, function 20
2025-06-10 10:48:51 INFO FeHistory: [-78.57502638 -80.60071217 -81.67156891 ... -85.3450818  -85.54587569
 -85.96197282]
2025-06-10 10:48:51 INFO Expected Optimum FE: -100
2025-06-10 10:48:55 INFO Aucs is: [0.0, 0.0, 0.09937185442735562]
2025-06-10 10:48:55 INFO Detail_aucs is: [0.09937185442735562]
