2025-06-12 07:47:11 INFO --- GNBG Problem Parameters for f1 ---
  Dimension: 30, MaxEvals: 500000
  Search Bounds: [-100, 100]
  Number of Components: 1
  Known Optimum Value: -1081.983799
  Lambda (Curvature): [1]
  Mu (Asymmetry/Depth): [0 0]
----------------------------------------
2025-06-12 07:47:11 INFO Run function 1 complete. FEHistory len: 100, AOCC: 0.0000
2025-06-12 07:47:11 INFO FeHistory: [143627.04981192 121718.73057622 187079.8701652  164646.20646473
 200927.57510671 146415.04249112 100267.75523781 147310.71312635
 158260.69342108 218799.55730035 216271.6099602  158826.59860995
 123285.90769682 135743.95073601 115658.79122615 150522.79357513
 170737.13541891 122229.28619217 181165.41749734 164021.46741601
 230853.24437618 112768.84947347 155466.69576863 157048.46240443
 182910.1140392  145649.90253816 132224.23321805 120464.28781097
 123650.74563708 153359.11028145 145128.23063321 236984.06226487
 173872.22117212 190603.80486189 230371.75320271 210092.36382306
 183847.42599918 216439.57701566 185586.96209702 196804.66714008
 175759.72230064 164052.35637957 145468.8809093  168391.71015252
 195829.39299634 119541.56111492 234624.5002102  165359.16338633
 147862.94828177 187360.22837952 145513.16255643 194490.9996871
 173258.31077659 170163.3159223  208944.29149598 152522.86706869
 174221.25881743 215226.42109186 242119.46020258 193607.17362683
 159714.11589844 166296.62717852 184047.89982325 178519.52096247
 146029.59108614 222648.50607077 155702.1953872  226506.38678292
 168034.03175973 144573.95161308 216133.28857942 120529.36149267
 231287.12238662 135566.42726909 186591.76507748 220489.62434264
 122497.85975922 176485.06411523 200362.97603145 220872.68442187
 124889.66108483 141201.80962692 177186.96069026 240741.84523161
 135514.10946105 178620.03362508 180894.9006597  151893.75011554
 226767.22523441 175635.56054969 144469.69795655 182316.37131202
 109463.33554675 177011.00198474 145469.52180717 213502.66048275
 158101.25427388 217792.16627249 141087.521645   202860.67458946]
2025-06-12 07:47:11 INFO Expected Optimum FE: -1081.9837994003399
2025-06-12 07:47:11 INFO --- GNBG Problem Parameters for f8 ---
  Dimension: 30, MaxEvals: 500000
  Search Bounds: [-100, 100]
  Number of Components: 1
  Known Optimum Value: -656.788998
  Lambda (Curvature): [1]
  Mu (Asymmetry/Depth): [0.2 0.2]
----------------------------------------
2025-06-12 07:47:11 INFO Run function 8 complete. FEHistory len: 100, AOCC: 0.0000
2025-06-12 07:47:11 INFO FeHistory: [370381.55858127 128256.95744122 177186.67443233 106646.78349552
 142284.60755846 117480.5255511  154052.96502698 240420.84937801
 221500.15413028 158836.34599109 167068.129895   120719.15400781
 256522.19156543 101663.64731344 160598.67326217 166901.95251334
 233744.73460468 131310.69577363 227009.41323521 225118.5100436
 148417.37875531 118376.71859101 160710.30696393 187190.54184964
 170464.98504306 235482.41205209 153981.50924609 162788.88676543
 246207.24198412 188165.97764474 168320.07211392 191827.79210596
 204597.79438873 118870.03272182 228147.12400319 221452.52694549
  89339.91452205 242557.84761551  83803.91309069 245457.67967244
 197565.25609775 111275.76308314 296125.42520976 214515.8053781
 226134.97848245 183820.1590359  138939.24268553 172654.0913849
 198715.93293052 217247.86317523 273528.52334434 202045.75654207
 109172.38862488 303090.36274297 231811.09924418 205146.08757177
 240566.36881466 200884.56013256 215082.19166726 208587.82348405
 185157.04493658 118766.68109027 140864.70131982 107275.2857153
 152023.96036675 177620.00969575 230737.49334074 259951.56829351
 135021.34309796 168346.63932217 183569.37981379 121946.84023139
 126422.90240921 147084.70890109 182003.91468066 178923.62947964
 240458.95732492 290991.99458075 208259.67252639 176446.97080617
 141644.84010822 182912.91842444 166291.37986137 174405.10625584
 173130.69744384 252844.63255074 185016.69097131 189777.19966435
 156307.1998183  202494.56061103 133673.46420466 170633.69553088
 191026.18684171 261137.79605134 167132.23651028 261106.02316647
 155191.01717536 121649.79126994 199803.14076518 196579.48742137]
2025-06-12 07:47:11 INFO Expected Optimum FE: -656.7889979935655
2025-06-12 07:47:11 INFO --- GNBG Problem Parameters for f20 ---
  Dimension: 30, MaxEvals: 1000000
  Search Bounds: [-100, 100]
  Number of Components: 5
  Known Optimum Value: -100.000000
  Lambda (Curvature): [0.25 0.25 0.25 0.25 0.25]
  Mu (Asymmetry/Depth): [0.4901829  0.25862884 0.37043014 0.37440768 0.26098797 0.491006
 0.27569772 0.45404864 0.42314776 0.27195433]
----------------------------------------
2025-06-12 07:47:11 INFO Run function 20 complete. FEHistory len: 100, AOCC: 0.0716
2025-06-12 07:47:11 INFO FeHistory: [-79.97151071 -80.49644062 -77.99342943 -78.40596617 -76.24360213
 -78.90311699 -76.78962659 -79.13088139 -77.05952268 -77.97158702
 -77.36807158 -79.43321534 -80.5894935  -77.83876017 -77.53571909
 -79.37872144 -79.78835376 -77.446419   -78.75515466 -78.42023595
 -77.63115906 -78.85296412 -79.94764241 -80.81553285 -79.48397533
 -77.23443146 -78.168111   -78.13689534 -77.69901796 -79.1169246
 -80.35186313 -78.07008893 -76.56970864 -80.43674034 -79.18716937
 -75.66961701 -78.27571047 -77.99720006 -77.03815237 -80.19601896
 -78.75548375 -79.42802654 -77.03676646 -77.49899305 -79.29735125
 -76.85447269 -76.85301453 -79.55919091 -77.53045267 -78.49776643
 -77.52193415 -78.92231115 -78.79493416 -79.71385306 -79.01889312
 -78.13804536 -78.45157358 -79.38747896 -77.9501067  -79.45146383
 -78.72186077 -78.88964642 -78.28630348 -75.94467245 -78.12349384
 -79.3551172  -78.14000177 -77.0190036  -78.11807621 -75.46489845
 -77.50857215 -76.27793703 -77.34837456 -80.85209768 -75.75384233
 -79.03193977 -76.77428448 -78.19700002 -77.29423109 -78.62220583
 -78.16505529 -77.10998522 -78.80322589 -79.18038554 -78.2095048
 -77.47530659 -79.01662371 -77.81683649 -77.77056734 -78.75136588
 -78.06945791 -76.81362828 -76.78203413 -78.98662135 -75.99962495
 -78.67538203 -79.90346066 -80.18680441 -78.66823336 -81.29445637]
2025-06-12 07:47:11 INFO Expected Optimum FE: -100
2025-06-12 07:47:11 INFO Unimodal AOCC mean: 0.0000
2025-06-12 07:47:11 INFO Multimodal (single component) AOCC mean: 0.0000
2025-06-12 07:47:11 INFO Multimodal (multiple components) AOCC mean: 0.0716
2025-06-12 07:47:11 INFO AOCC mean: 0.0239
2025-06-12 07:47:11 INFO --- GNBG Problem Parameters for f1 ---
  Dimension: 30, MaxEvals: 500000
  Search Bounds: [-100, 100]
  Number of Components: 1
  Known Optimum Value: -1081.983799
  Lambda (Curvature): [1]
  Mu (Asymmetry/Depth): [0 0]
----------------------------------------
2025-06-12 07:47:11 INFO Run function 1 complete. FEHistory len: 100, AOCC: 0.0000
2025-06-12 07:47:11 INFO FeHistory: [147963.84909107 140996.88254592 213656.56800588 134982.60452046
 139389.86360378 155477.38073346 158062.83396326 112991.23950578
 174547.1360696  107823.4801882  271072.13670746 179101.58104311
 178815.93874541 108211.66327497 142011.35674525 169940.90214773
 253217.0855374  192766.82860397 153979.90202916 196495.18536062
 221092.79479208 182731.23811254  91822.70296009 175345.17516454
 148362.44207855 208236.47980469 141535.90179649 131987.3654174
 117158.36424638 170822.7341369  248253.59367118 199193.70348951
 125672.50138702 197437.49828652 177405.87209309 203526.01230876
 149565.6600899  170478.7191035  211432.94520882 169604.92392871
 164410.61940925 189432.19474991 198281.4668112  173720.28202983
 175588.21864092 164414.98827463 128983.86118316 145038.34071175
  90145.30360754 138753.55967053 237813.42122851 179728.42433047
 222273.54426018 197982.48019589 100272.05065318 180266.09711342
 156991.34787183 132132.77062221 141677.88681455 197659.14735201
 182316.76236424 178313.60021479 125206.67857451 146600.83205585
 173258.33075369 176265.99714398 150811.86011665 171319.37728145
 163143.42042145 137345.52461832 203064.36023134 214917.08298095
 145680.05499707 211617.37726393 206261.95387272 186129.30529604
 189160.3798722  123580.77475457 153468.03814687 195703.35263772
 210127.99167783  85756.07415579 234390.23363249 175885.55282906
 198943.15921878 164014.5307674  274370.136895   153566.71885158
 181285.90904641 196806.68594892 186602.38467292 194178.43094715
 151454.05130643 178178.87782811 161657.51606678 163146.81717477
 178435.21113778 137069.92037921 143499.01310952 132046.56964993]
2025-06-12 07:47:11 INFO Expected Optimum FE: -1081.9837994003399
2025-06-12 07:47:11 INFO --- GNBG Problem Parameters for f8 ---
  Dimension: 30, MaxEvals: 500000
  Search Bounds: [-100, 100]
  Number of Components: 1
  Known Optimum Value: -656.788998
  Lambda (Curvature): [1]
  Mu (Asymmetry/Depth): [0.2 0.2]
----------------------------------------
2025-06-12 07:47:11 INFO Run function 8 complete. FEHistory len: 100, AOCC: 0.0000
2025-06-12 07:47:11 INFO FeHistory: [128357.71319074 123357.55209889 176418.9379933  160706.86645579
 153317.13079377 149234.32842382 240129.99767762 216494.93609449
 311450.86454269 170544.57989607 139320.5317799  112001.77928682
 233751.69796909 187897.8608556  227953.57660495 126617.15451145
 210613.57901982 177939.71281567 214878.5013202  130371.37926704
 101937.93804478 172667.62574635 195232.51741784 185087.93753995
 123302.47068711 205561.33257188 208967.25059732 244517.82132148
 193694.45752476 254657.38367588 137683.08424831 256984.99594155
 152399.88010173 251657.19764744 176733.75498118 172562.26363026
 189797.35274997 145616.9729317  145029.83365545  75140.70767447
 222293.9102024  137134.34983054 269750.48187512 224140.30377976
 151051.22189617 173887.93476756 267537.17228515 156719.06709288
 320546.0322513  239876.10763531 173371.73524708 198728.88448386
 154302.14501141 128465.30256199 214981.35816385 221708.71907471
  74813.97268498 184418.6762109  130736.77024107 251990.82514024
 219804.01991472 192250.9114592  132731.13806689 207572.61659597
 132644.77835935 257995.98187516 243417.10261235 164200.42390508
 232609.48261246 198653.83562249 251797.78993554 200641.00920254
 242334.67257487 158173.21650286 308603.09063197 150444.08706189
 206265.53886439 214960.91736356 195477.9245904  170875.38022926
 206920.03076916 149487.97841511 160082.76082404 194356.68309852
 147999.75461111 150376.19936853 220069.07963313 218588.64060078
 218058.39441437 180977.19723525 164898.55627241 191489.20350757
 241171.90902486 190693.95124927 257501.35973577 133553.3996836
 292156.85988337 279968.47201301 260766.77480056 187608.42164593]
2025-06-12 07:47:11 INFO Expected Optimum FE: -656.7889979935655
2025-06-12 07:47:11 INFO --- GNBG Problem Parameters for f20 ---
  Dimension: 30, MaxEvals: 1000000
  Search Bounds: [-100, 100]
  Number of Components: 5
  Known Optimum Value: -100.000000
  Lambda (Curvature): [0.25 0.25 0.25 0.25 0.25]
  Mu (Asymmetry/Depth): [0.4901829  0.25862884 0.37043014 0.37440768 0.26098797 0.491006
 0.27569772 0.45404864 0.42314776 0.27195433]
----------------------------------------
2025-06-12 07:47:11 INFO Run function 20 complete. FEHistory len: 100, AOCC: 0.0768
2025-06-12 07:47:11 INFO FeHistory: [-79.75298137 -81.81164328 -76.92253027 -82.99781574 -80.09451891
 -75.90043876 -75.79364379 -78.76104118 -75.78488624 -78.9399582
 -78.80718705 -76.15882325 -77.08843346 -79.61315353 -80.01490018
 -75.44171409 -79.18689616 -79.05799609 -78.44352101 -80.38207383
 -76.12791909 -75.77093216 -79.93839116 -77.89719225 -74.95979956
 -75.37344569 -78.91855369 -78.17523793 -77.53536165 -77.40647059
 -76.72508432 -77.68849032 -78.11386445 -79.62492859 -78.29587826
 -79.01116584 -79.35808218 -78.96646412 -77.50118588 -79.12313255
 -79.37074743 -77.89805882 -79.09217878 -76.94809059 -78.43143123
 -77.62850557 -77.77933308 -78.02927791 -76.6034503  -80.46606345
 -78.10393928 -78.31785618 -81.59598319 -81.10644638 -77.89797908
 -79.41683    -79.15433134 -74.78317025 -78.16502501 -81.07967443
 -78.02879748 -77.4677883  -78.57394379 -79.03902905 -77.64301907
 -79.20063164 -77.65624522 -78.15363139 -77.45935942 -80.7155866
 -78.94718027 -78.41075945 -78.64692862 -77.47274341 -79.75421974
 -79.80407949 -77.32242203 -80.16007133 -80.49475958 -76.94794066
 -75.97523336 -78.47605668 -77.51769027 -77.59329921 -79.52397443
 -77.87869516 -76.61121097 -76.78402026 -77.70443072 -79.33911919
 -78.34683866 -79.4686569  -76.36497741 -75.30934874 -77.4125967
 -79.7590571  -78.30772147 -80.60265318 -77.71814817 -77.4079736 ]
2025-06-12 07:47:11 INFO Expected Optimum FE: -100
2025-06-12 07:47:11 INFO Unimodal AOCC mean: 0.0000
2025-06-12 07:47:11 INFO Multimodal (single component) AOCC mean: 0.0000
2025-06-12 07:47:11 INFO Multimodal (multiple components) AOCC mean: 0.0768
2025-06-12 07:47:11 INFO AOCC mean: 0.0256
2025-06-12 07:47:11 INFO --- GNBG Problem Parameters for f1 ---
  Dimension: 30, MaxEvals: 500000
  Search Bounds: [-100, 100]
  Number of Components: 1
  Known Optimum Value: -1081.983799
  Lambda (Curvature): [1]
  Mu (Asymmetry/Depth): [0 0]
----------------------------------------
2025-06-12 07:47:11 INFO Run function 1 complete. FEHistory len: 100, AOCC: 0.0000
2025-06-12 07:47:11 INFO FeHistory: [165051.71022414 168326.89207524 166067.39886894 195024.81225053
 176768.81187595 215319.11520368 186432.14561403 194732.01162531
 174265.20970503 135619.70888914 149726.43306352 162228.2397502
 122799.3483346  198304.61667738 197337.10488757 214606.75268807
 175422.86867544 138512.99458792 273553.52011459 170559.66636956
 146626.90138649 248154.73231478 198634.92908714 215118.40926459
 153321.88105415 143730.58641492 179373.69123229 178685.66492141
 225591.27465915 151506.36286707 179505.95718861 202579.73019414
 173927.96278972 119135.82535749 184144.92837412 208683.73620089
 233908.5340894  150579.54267017 212395.86200488 192730.22889933
 133960.11357131 150808.78524854 190604.90284209 160550.39428038
 177361.41600751 132642.27521237 208401.32106831  99007.1856232
 103173.58688255 210477.93289952 168677.19149906 207352.57750978
 181508.28312848 146110.01947361 229558.19918361 123825.61510673
 145927.12195302 133254.58165272 140836.76895588 183244.63538415
 210077.13235978 147602.17279142 222722.95908193 170036.14026097
 147977.35569703 149819.52896524 156406.80326694 174694.66057129
 148556.90233746 124556.68544842 164099.24311879 153641.53205943
 136130.11036352 192419.64782338 102375.38197176 122523.46782152
 103626.59725512 162203.05605186 115942.98922611 176565.2209698
 206040.25964662 112075.44635301 197056.43613474 156894.00422346
 208396.47580219 192585.49308165 187086.95585195 175506.26649563
 186165.67630541 201864.92818437 200349.34603827 154599.84072241
 176900.9415195   94295.64443961 200260.96072368 180007.76462799
 188068.54938391 157449.4027146  157849.52137317 145514.69504639]
2025-06-12 07:47:11 INFO Expected Optimum FE: -1081.9837994003399
2025-06-12 07:47:11 INFO --- GNBG Problem Parameters for f8 ---
  Dimension: 30, MaxEvals: 500000
  Search Bounds: [-100, 100]
  Number of Components: 1
  Known Optimum Value: -656.788998
  Lambda (Curvature): [1]
  Mu (Asymmetry/Depth): [0.2 0.2]
----------------------------------------
2025-06-12 07:47:11 INFO Run function 8 complete. FEHistory len: 100, AOCC: 0.0000
2025-06-12 07:47:11 INFO FeHistory: [284308.24001374 317718.17296207 258883.97750253 149195.95888196
 155511.57321314 255673.43568106 127319.78628333 244639.77805366
 207579.45078273 169131.60349805 191234.5418011  195521.08945563
 282265.60993338 257607.24839334 133991.58896871 158480.63243869
 238124.99677154 141986.184875   214410.00111854  83274.14621769
 176309.33511127 158126.54657597 198201.78885285 312926.3904632
 155407.95864011 185841.44350584 288609.25666552 162579.9275543
 169266.0739824  147095.41875644 154130.30388894 246462.89089555
 158129.99321655 186338.45236637 197439.41883513 163368.22067381
 160453.73202793 239333.68983591 192940.31243709 244018.72042208
 204215.15310534 170771.09009575 302686.09756012 190873.71998451
 193113.52961454 162706.52691421 156317.81510396 271287.51942689
 183826.02033284 176547.93676666  85615.88601328 302983.74145055
 185006.69190911 204356.07513031 198356.86508009 171558.33383438
 205678.27744729 194826.56144175 163350.74514274 207160.25056606
 115504.47820967 199052.15633644 156657.55380073 246800.01897397
 237525.83365822 199844.28329061 174330.60598418 143661.63057778
 134878.36911736 184753.77193977 170066.22493099 184972.31712058
 221992.21075606 156560.81627258 163832.62326771 218498.80602156
 210846.86360382 176876.39905726 155850.47128524 159234.90418302
 183924.50090113 174317.86146112 181591.15720622 309550.72411752
 177140.10677908 288839.16481173 290022.60894189 215786.92424231
 185803.66076555 164042.57058407 170625.5899567  160721.00734097
 146777.07874407 174702.92837058 203423.81569333 202729.45653432
 159425.62096982 216839.2958008   92027.91003705 205696.27789991]
2025-06-12 07:47:11 INFO Expected Optimum FE: -656.7889979935655
2025-06-12 07:47:11 INFO --- GNBG Problem Parameters for f20 ---
  Dimension: 30, MaxEvals: 1000000
  Search Bounds: [-100, 100]
  Number of Components: 5
  Known Optimum Value: -100.000000
  Lambda (Curvature): [0.25 0.25 0.25 0.25 0.25]
  Mu (Asymmetry/Depth): [0.4901829  0.25862884 0.37043014 0.37440768 0.26098797 0.491006
 0.27569772 0.45404864 0.42314776 0.27195433]
----------------------------------------
2025-06-12 07:47:11 INFO Run function 20 complete. FEHistory len: 100, AOCC: 0.0745
2025-06-12 07:47:11 INFO FeHistory: [-77.76764483 -80.12365225 -80.55238587 -79.46470486 -80.28959494
 -75.74359284 -78.08866365 -77.34825168 -76.65415316 -73.86931001
 -77.70811601 -78.64424865 -78.67816002 -77.02980652 -80.71894495
 -78.23431189 -82.32606351 -77.82611406 -79.77959458 -76.80558993
 -80.60861488 -76.61995274 -78.49567104 -78.21383795 -79.20104151
 -80.1997327  -79.35270088 -77.51178255 -76.556924   -78.4309748
 -79.46539592 -76.83158194 -76.33148169 -76.64626056 -77.55944498
 -77.70234097 -78.38855241 -79.88942882 -77.42966703 -76.65649537
 -76.02943609 -81.30408954 -77.9563957  -76.87943471 -77.29522472
 -78.74074007 -80.07955283 -77.6453445  -77.48704435 -81.0297337
 -77.12637039 -75.59288458 -79.50992296 -80.61920975 -76.34077521
 -79.30848964 -78.935665   -78.18311343 -81.74707139 -76.69571987
 -78.89353493 -81.75319057 -76.03690498 -79.32813216 -78.00980361
 -78.41842357 -77.74098658 -78.8399851  -79.22584468 -80.3088217
 -78.25682506 -76.3906544  -80.72738608 -79.35719039 -78.77933461
 -76.83506512 -79.3787771  -77.96166776 -78.22585663 -79.97185985
 -77.35463373 -77.26727806 -80.17301541 -78.93696913 -76.65993502
 -77.66944148 -78.71770114 -77.43279201 -81.26440457 -81.14280743
 -77.21608161 -79.19411381 -78.67347552 -74.84649991 -77.71865277
 -80.71602648 -79.15454937 -79.57600873 -77.08947146 -77.08520411]
2025-06-12 07:47:11 INFO Expected Optimum FE: -100
2025-06-12 07:47:11 INFO Unimodal AOCC mean: 0.0000
2025-06-12 07:47:11 INFO Multimodal (single component) AOCC mean: 0.0000
2025-06-12 07:47:11 INFO Multimodal (multiple components) AOCC mean: 0.0745
2025-06-12 07:47:11 INFO AOCC mean: 0.0248
2025-06-12 07:47:12 INFO --- GNBG Problem Parameters for f1 ---
  Dimension: 30, MaxEvals: 500000
  Search Bounds: [-100, 100]
  Number of Components: 1
  Known Optimum Value: -1081.983799
  Lambda (Curvature): [1]
  Mu (Asymmetry/Depth): [0 0]
----------------------------------------
2025-06-12 07:47:12 INFO Run function 1 complete. FEHistory len: 100, AOCC: 0.0000
2025-06-12 07:47:12 INFO FeHistory: [253337.01650611 207050.01319376 136742.99029735 227226.3717188
 174760.63029834 118823.19283685 104367.29339076 207466.07618046
 218436.40815951 170320.40627782 152688.56455844 185433.69838798
 125964.03273463 181970.77245999 197832.17891452 181396.36675174
 186428.86583782 105521.22052329 142893.5181472  171975.74703626
 138361.69726916 126550.96589967 144648.77731401 159536.85117147
 164895.92074618 180067.42279191 200489.90909553 196002.31883075
 133423.54063741 168176.40362861 117639.60023832 165841.95723086
 176902.16884107  91897.63828556 186481.82906471 186462.46062799
 134493.27794738 199903.3376508  126391.83732427 228829.96517527
 201251.13654544 176525.32698376 186496.21079344 150356.39258698
 165065.07931411 147813.98505241 190851.39793661 147665.80345457
 159118.07960127 155693.46186155 162630.76894498 225507.12294604
 154412.36687583 149477.28269474 154315.50049632 109492.22911828
 154477.04367346 163863.37379059 159017.70851908 139902.56844674
 159096.43314195 104964.95962087 247593.50867168 125137.90184173
 152993.6926548  136208.78966576 155976.57305535 174206.0038861
 157433.40233318 168173.57980234 128604.86445788 143957.15481313
 134745.13961229 201727.58704182 238088.87750211 159307.47317743
 210610.57698171 175103.77731161 174294.87312678 196832.33686517
 180800.63818781 148586.72423209 153795.09143028 178104.83004511
 232740.97607576 131403.79612951 133290.03596243 158018.98331624
 115801.23830327 155042.27825938 151841.6526489  223833.54631958
 244554.03261845 190759.45934486 195303.46084162 128684.25359514
 189688.56864304 150905.43407973 157852.98093444 160485.01272715]
2025-06-12 07:47:12 INFO Expected Optimum FE: -1081.9837994003399
2025-06-12 07:47:12 INFO --- GNBG Problem Parameters for f8 ---
  Dimension: 30, MaxEvals: 500000
  Search Bounds: [-100, 100]
  Number of Components: 1
  Known Optimum Value: -656.788998
  Lambda (Curvature): [1]
  Mu (Asymmetry/Depth): [0.2 0.2]
----------------------------------------
2025-06-12 07:47:12 INFO Run function 8 complete. FEHistory len: 100, AOCC: 0.0000
2025-06-12 07:47:12 INFO FeHistory: [169000.05420496 147342.46355756 161308.82939786 235600.06813129
 131537.23252473 143072.02981662 256700.32992975 179483.02798809
 198715.26850889 247810.48317932 149248.48882318 179119.54006314
 138209.21014826 273155.19235525 199907.76114182 154215.64428876
 190001.06671932 183357.9149085  160666.73118018 163039.81069142
 168859.40680626 181829.65517745 169933.58582051 128391.63289315
 232750.92979833 232546.09408872 221381.88848463 169616.46340943
 136393.05290602 246122.0368157  203845.05518867 134625.74503099
 209716.84737614 127638.57837663 137101.07586017 198613.28708263
 134761.2931545  208519.6062243  204564.2854803  157206.40976626
 241751.50846914 162862.75353955 198276.26968677 198806.55837916
 151938.12793431 165193.75621608 173291.63467177 135620.31085222
 184369.83160691 258768.4327412  229751.23923377 188197.83531431
 141164.37638421 188171.44884862 178282.36832532 183113.67086094
 277432.88103088 250640.59538044 194557.80205657 139037.82893118
 177389.65264753 193167.96891725 199783.07799991 240695.25568444
 294982.37672552 194041.86164988 198531.08125244 145589.13980286
 182673.00291763 208594.0306696  275894.02116457 244560.6417276
 189977.01879623 208334.52051391 197698.44133139 194081.87984214
 248812.06766953 138946.51534158 152464.63350478 187859.22192904
 185658.02322844 198041.45993309 238497.1881248  214942.34714764
 229929.15093666 106044.57068538 230735.0300216  245779.65387809
 185918.39515327 196835.68698542 164377.64804737 181660.36242235
 168057.48073173 224502.25602732 173506.14097956 244023.06036302
 239090.04064632 236983.81354558 164563.75286236 205688.07893288]
2025-06-12 07:47:12 INFO Expected Optimum FE: -656.7889979935655
2025-06-12 07:47:12 INFO --- GNBG Problem Parameters for f20 ---
  Dimension: 30, MaxEvals: 1000000
  Search Bounds: [-100, 100]
  Number of Components: 5
  Known Optimum Value: -100.000000
  Lambda (Curvature): [0.25 0.25 0.25 0.25 0.25]
  Mu (Asymmetry/Depth): [0.4901829  0.25862884 0.37043014 0.37440768 0.26098797 0.491006
 0.27569772 0.45404864 0.42314776 0.27195433]
----------------------------------------
2025-06-12 07:47:12 INFO Run function 20 complete. FEHistory len: 100, AOCC: 0.0722
2025-06-12 07:47:12 INFO FeHistory: [-79.49524614 -80.20181662 -76.81616557 -78.66851024 -78.84389768
 -80.15551896 -79.00675518 -76.21848738 -75.0679991  -79.15918071
 -77.14633352 -77.55432126 -79.01146437 -78.35450412 -78.53337418
 -76.9006362  -78.67556711 -77.74970867 -78.46195242 -78.01754113
 -79.11834325 -77.93700012 -74.87253456 -78.88602445 -79.24320011
 -80.89020248 -78.91749187 -80.85506174 -77.22604252 -75.54327514
 -79.81959196 -74.89666677 -77.49334464 -78.19286047 -78.13807637
 -78.51006048 -80.41716522 -77.93914914 -76.78916122 -77.88803847
 -78.92928993 -78.09682915 -80.19971362 -79.65969741 -78.94046605
 -78.52940657 -77.560418   -79.11728597 -80.16025062 -78.85834557
 -78.70465805 -78.77988139 -77.29483041 -80.55378936 -77.38963459
 -80.70972766 -81.08212194 -79.72085441 -78.00633293 -78.84113277
 -77.14909439 -76.83489438 -77.67592549 -79.55908687 -80.33345769
 -77.28314864 -78.04855231 -78.07066556 -77.49846346 -78.29048721
 -77.36612948 -76.08053424 -78.69396489 -77.35303374 -81.90126386
 -79.04769895 -79.20810318 -79.74522415 -76.25374646 -79.49290616
 -79.00296904 -77.4928214  -77.89877046 -77.58270217 -80.52010868
 -79.0050212  -79.76235985 -79.4037289  -76.16519488 -78.65494142
 -79.71030799 -78.1862641  -80.98002918 -77.61819502 -80.04125969
 -76.79786759 -77.55180858 -79.44599889 -79.2048221  -76.54331503]
2025-06-12 07:47:12 INFO Expected Optimum FE: -100
2025-06-12 07:47:12 INFO Unimodal AOCC mean: 0.0000
2025-06-12 07:47:12 INFO Multimodal (single component) AOCC mean: 0.0000
2025-06-12 07:47:12 INFO Multimodal (multiple components) AOCC mean: 0.0722
2025-06-12 07:47:12 INFO AOCC mean: 0.0241
2025-06-12 07:47:14 INFO --- GNBG Problem Parameters for f1 ---
  Dimension: 30, MaxEvals: 500000
  Search Bounds: [-100, 100]
  Number of Components: 1
  Known Optimum Value: -1081.983799
  Lambda (Curvature): [1]
  Mu (Asymmetry/Depth): [0 0]
----------------------------------------
2025-06-12 07:47:14 INFO Run function 1 complete. FEHistory len: 100, AOCC: 0.0000
2025-06-12 07:47:14 INFO FeHistory: [171745.6704139  151400.52474449 144126.90350759 139826.21122688
 109149.44311471 176974.71259691 149025.11379756 185711.19160684
 149622.14692423 130817.14558624 142555.94538748 234185.6166431
 188039.50208788 200724.23557855 193368.76578968 161420.93333571
 179856.37083809 144652.547764   130241.15858633 161492.5574419
 177105.13639797 127997.53650827 207856.02391377 131171.42261782
 168019.90518189 178230.56111561 144918.17137278 156107.1053366
 150044.66714321 126984.43248171 227620.02124001 166654.70190909
 141815.45782993 147389.64079192 237554.00199879 133516.24937846
 166752.8467706  117069.67230723 166200.91765954 169130.28233208
 192350.95139019 156627.90364201 121451.53859362 187177.9643946
 166770.75368476 104859.56302249 182088.19232479 105453.17014102
 146877.62716322 149194.15478938 145224.59214821 166327.33076755
 144943.63384765 187161.19568044 129908.89732839 134470.80685319
 105159.71369292 226347.39535141 151689.95073034  88907.75466489
 196621.86150393 111160.98786098 122352.74695083 203576.61528525
 102602.1688628  160419.40311658 212991.09451356 193316.41364635
 170052.34971535 129057.3437816  182484.12986714 182864.60778075
 183732.30997167 200957.24472321 168746.28490512 121269.5100683
 183226.53671911 188788.80310863 182488.49388206 209606.94851826
 143897.38130074 174618.44073784 224517.55064057 205739.9426483
 188301.23351769 171199.65603904 214130.71858721 190986.47812422
 175439.79605346 216848.62241363 126125.42597019 236661.61845579
 159074.94690941 164109.19794165 152447.4009767  156067.4880665
 142523.16978308 127164.73089055 167179.33764968 180305.8207717 ]
2025-06-12 07:47:14 INFO Expected Optimum FE: -1081.9837994003399
2025-06-12 07:47:14 INFO --- GNBG Problem Parameters for f8 ---
  Dimension: 30, MaxEvals: 500000
  Search Bounds: [-100, 100]
  Number of Components: 1
  Known Optimum Value: -656.788998
  Lambda (Curvature): [1]
  Mu (Asymmetry/Depth): [0.2 0.2]
----------------------------------------
2025-06-12 07:47:14 INFO Run function 8 complete. FEHistory len: 100, AOCC: 0.0000
2025-06-12 07:47:14 INFO FeHistory: [139569.19702056 161799.02891217 121219.36079306 201528.32373813
 169659.67511528 112675.76444047 214233.6906775  286874.29946377
 133413.64686083 191464.90798484 203508.53719998 274039.06818462
 196985.92773091 211169.22376872 130764.17646779 122455.34742554
 222892.79548957 220836.96140698 143278.2547609  176398.49169869
 203856.95105599 160997.8680951  135772.21894182 300215.38739469
 154804.80271464 200931.29115787  94981.21299621 240953.62935746
 114268.22315751 188151.44767866 111496.64790139 277998.5419795
 179337.68352932 171553.33249154 134068.7029012  123071.48803067
  87727.60169871 377640.95958144 171741.54585941 122240.25474976
 198648.58887927 205712.98618647 154005.56949192 123170.35026373
 224627.20839469 296501.44086518 207933.92361195 217183.9845986
 126734.38380613 195428.9676877  157122.89654459 226116.01189456
 102154.20515021 236682.61469123 115532.83293433 168344.86872289
 220746.1307428  282620.99629189 207119.14507578 144233.65331547
 152507.88262345 230345.60574296 248111.30099517 267523.93518681
 265440.20969803 209071.31203685 230769.48146292 172433.94210684
 165930.22168005 226900.70782175 148666.45085336 230268.99632139
 187619.05040487 261131.86299626 259977.60259748 296211.13324735
 184838.16664855 208572.91403262 133582.80669021 179647.85959326
 324292.61437213 173515.26406868 212473.93431029 251062.65163582
 209316.74667814 272972.08008403 223430.32957176 270984.35718359
 144156.20526775 172529.5950619  214055.93201988 218232.28460136
 194057.20980835 320103.53923174 196723.62940955 231288.555881
 207520.18412531 188461.28356259 209454.70745777 137549.36930601]
2025-06-12 07:47:14 INFO Expected Optimum FE: -656.7889979935655
2025-06-12 07:47:14 INFO --- GNBG Problem Parameters for f20 ---
  Dimension: 30, MaxEvals: 1000000
  Search Bounds: [-100, 100]
  Number of Components: 5
  Known Optimum Value: -100.000000
  Lambda (Curvature): [0.25 0.25 0.25 0.25 0.25]
  Mu (Asymmetry/Depth): [0.4901829  0.25862884 0.37043014 0.37440768 0.26098797 0.491006
 0.27569772 0.45404864 0.42314776 0.27195433]
----------------------------------------
2025-06-12 07:47:14 INFO Run function 20 complete. FEHistory len: 100, AOCC: 0.0739
2025-06-12 07:47:14 INFO FeHistory: [-79.22574882 -79.55827823 -79.42738459 -78.72424726 -79.80180551
 -79.16614567 -78.42492195 -78.23492356 -77.76545669 -77.1588977
 -78.87290406 -78.96042459 -76.46903271 -78.1897253  -77.86788366
 -78.15755188 -82.12220599 -77.62358573 -78.23719775 -78.58538605
 -79.23044767 -76.46350685 -76.91569686 -79.43863488 -79.42523313
 -79.44575496 -74.56007075 -76.81690176 -79.74898657 -76.89257068
 -80.01807311 -76.13532937 -80.38761986 -78.1730304  -79.13806409
 -80.33858293 -78.20135046 -77.67571636 -79.64421071 -75.81794344
 -77.22128711 -80.4425608  -75.76714843 -79.64092096 -77.30575688
 -77.50346735 -79.0294106  -79.39858129 -76.83076329 -80.23322546
 -77.99000697 -79.38232625 -76.08126864 -80.40774377 -78.13708967
 -77.69225687 -77.11920683 -78.77165447 -80.71283029 -76.60306433
 -81.45837853 -76.65567141 -78.96291497 -79.97647272 -78.00581817
 -75.81377301 -78.40662961 -77.23604712 -79.55615467 -76.60150032
 -77.45523027 -77.69585256 -79.23755835 -78.88471294 -78.0193546
 -77.74092829 -77.10615177 -76.79475881 -76.63649401 -80.58150587
 -79.85405275 -79.21759725 -77.06448436 -80.32545818 -77.12221596
 -79.01676901 -78.34154902 -76.57071515 -80.8040455  -78.4424905
 -79.48684314 -79.59888894 -79.2897685  -77.12186861 -76.6995558
 -75.21452166 -77.99926716 -76.5913864  -79.32523831 -78.73436962]
2025-06-12 07:47:14 INFO Expected Optimum FE: -100
2025-06-12 07:47:14 INFO Unimodal AOCC mean: 0.0000
2025-06-12 07:47:14 INFO Multimodal (single component) AOCC mean: 0.0000
2025-06-12 07:47:14 INFO Multimodal (multiple components) AOCC mean: 0.0739
2025-06-12 07:47:14 INFO AOCC mean: 0.0246
