2025-06-12 08:36:41 INFO --- GNBG Problem Parameters for f1 ---
  Dimension: 30, MaxEvals: 500000
  Search Bounds: [-100, 100]
  Number of Components: 1
  Known Optimum Value: -1081.983799
  Lambda (Curvature): [1]
  Mu (Asymmetry/Depth): [0 0]
----------------------------------------
2025-06-12 08:36:42 INFO Run function 1 complete. FEHistory len: 10000, AOCC: 0.9929
2025-06-12 08:36:42 INFO FeHistory: [131762.89583153 131762.89583153 131762.89583003 ...  12278.0705799
  13890.65174729  12810.93113503]
2025-06-12 08:36:42 INFO Expected Optimum FE: -1081.9837994003399
2025-06-12 08:36:42 INFO --- GNBG Problem Parameters for f2 ---
  Dimension: 30, MaxEvals: 500000
  Search Bounds: [-100, 100]
  Number of Components: 1
  Known Optimum Value: -703.132815
  Lambda (Curvature): [0.05]
  Mu (Asymmetry/Depth): [0 0]
----------------------------------------
2025-06-12 08:36:42 INFO --- GNBG Problem Parameters for f1 ---
  Dimension: 30, MaxEvals: 500000
  Search Bounds: [-100, 100]
  Number of Components: 1
  Known Optimum Value: -1081.983799
  Lambda (Curvature): [1]
  Mu (Asymmetry/Depth): [0 0]
----------------------------------------
2025-06-12 08:36:43 INFO Run function 2 complete. FEHistory len: 10000, AOCC: 0.1804
2025-06-12 08:36:43 INFO FeHistory: [-701.30336655 -701.30336655 -701.30336655 ... -701.52126831 -701.50875926
 -701.52497062]
2025-06-12 08:36:43 INFO Expected Optimum FE: -703.1328146165181
2025-06-12 08:36:43 INFO --- GNBG Problem Parameters for f3 ---
  Dimension: 30, MaxEvals: 500000
  Search Bounds: [-100, 100]
  Number of Components: 1
  Known Optimum Value: -357.579750
  Lambda (Curvature): [1]
  Mu (Asymmetry/Depth): [0 0]
----------------------------------------
2025-06-12 08:36:43 INFO --- GNBG Problem Parameters for f1 ---
  Dimension: 30, MaxEvals: 500000
  Search Bounds: [-100, 100]
  Number of Components: 1
  Known Optimum Value: -1081.983799
  Lambda (Curvature): [1]
  Mu (Asymmetry/Depth): [0 0]
----------------------------------------
2025-06-12 08:36:43 INFO Run function 1 complete. FEHistory len: 1125, AOCC: 0.8930
2025-06-12 08:36:43 INFO FeHistory: [167469.80945059 229857.47183793 197295.75138594 ...  -1081.9837994
  -1081.9837994   -1081.9837994 ]
2025-06-12 08:36:43 INFO Expected Optimum FE: -1081.9837994003399
2025-06-12 08:36:43 INFO --- GNBG Problem Parameters for f2 ---
  Dimension: 30, MaxEvals: 500000
  Search Bounds: [-100, 100]
  Number of Components: 1
  Known Optimum Value: -703.132815
  Lambda (Curvature): [0.05]
  Mu (Asymmetry/Depth): [0 0]
----------------------------------------
2025-06-12 08:36:43 INFO Run function 2 complete. FEHistory len: 1063, AOCC: 0.1750
2025-06-12 08:36:43 INFO FeHistory: [-701.3134049  -701.27201428 -701.29031084 ... -701.35622802 -701.35622802
 -701.35622802]
2025-06-12 08:36:43 INFO Expected Optimum FE: -703.1328146165181
2025-06-12 08:36:43 INFO --- GNBG Problem Parameters for f3 ---
  Dimension: 30, MaxEvals: 500000
  Search Bounds: [-100, 100]
  Number of Components: 1
  Known Optimum Value: -357.579750
  Lambda (Curvature): [1]
  Mu (Asymmetry/Depth): [0 0]
----------------------------------------
2025-06-12 08:36:43 INFO Run function 3 complete. FEHistory len: 3450, AOCC: 0.6023
2025-06-12 08:36:43 INFO FeHistory: [ 8.77425234e+10  1.49640188e+11  1.76276934e+11 ... -3.57579749e+02
 -3.57579749e+02 -3.57579749e+02]
2025-06-12 08:36:43 INFO Expected Optimum FE: -357.5797495903721
2025-06-12 08:36:43 INFO Unimodal AOCC mean: 0.5568
2025-06-12 08:36:43 INFO AOCC mean: 0.5568
2025-06-12 08:36:43 INFO Run function 3 complete. FEHistory len: 10000, AOCC: 0.3160
2025-06-12 08:36:43 INFO FeHistory: [5.31850224e+10 5.31850224e+10 5.31850224e+10 ... 5.32634208e+09
 7.33839001e+09 5.76005323e+09]
2025-06-12 08:36:43 INFO Expected Optimum FE: -357.5797495903721
2025-06-12 08:36:43 INFO Unimodal AOCC mean: 0.4964
2025-06-12 08:36:43 INFO AOCC mean: 0.4964
2025-06-12 08:36:44 INFO --- GNBG Problem Parameters for f1 ---
  Dimension: 30, MaxEvals: 500000
  Search Bounds: [-100, 100]
  Number of Components: 1
  Known Optimum Value: -1081.983799
  Lambda (Curvature): [1]
  Mu (Asymmetry/Depth): [0 0]
----------------------------------------
2025-06-12 08:36:44 ERROR Can not run the algorithm
2025-06-12 08:36:44 INFO Run function 1 complete. FEHistory len: 29, AOCC: 0.0000
2025-06-12 08:36:44 INFO FeHistory: [154154.32111019 152540.88469342 153756.95830966 154111.14147822
 153662.18143154 153573.3770463  153194.57200201 153065.65681269
 152896.23187133 153701.641682   152035.22233492 154899.8543376
 152844.32858178 154992.168221               nan             nan
             nan             nan             nan             nan
             nan             nan             nan             nan
             nan             nan             nan             nan
             nan]
2025-06-12 08:36:44 INFO Expected Optimum FE: -1081.9837994003399
2025-06-12 08:36:44 INFO --- GNBG Problem Parameters for f2 ---
  Dimension: 30, MaxEvals: 500000
  Search Bounds: [-100, 100]
  Number of Components: 1
  Known Optimum Value: -703.132815
  Lambda (Curvature): [0.05]
  Mu (Asymmetry/Depth): [0 0]
----------------------------------------
2025-06-12 08:36:44 ERROR Can not run the algorithm
2025-06-12 08:36:44 INFO Run function 2 complete. FEHistory len: 29, AOCC: 0.1736
2025-06-12 08:36:44 INFO FeHistory: [-701.29453299 -701.29448915 -701.29431967 -701.29410843 -701.29537198
 -701.29394495 -701.29515791 -701.29447686 -701.29472851 -701.29527166
 -701.29463779 -701.29424611 -701.29426358 -701.29490856           nan
           nan           nan           nan           nan           nan
           nan           nan           nan           nan           nan
           nan           nan           nan           nan]
2025-06-12 08:36:44 INFO Expected Optimum FE: -703.1328146165181
2025-06-12 08:36:44 INFO --- GNBG Problem Parameters for f3 ---
  Dimension: 30, MaxEvals: 500000
  Search Bounds: [-100, 100]
  Number of Components: 1
  Known Optimum Value: -357.579750
  Lambda (Curvature): [1]
  Mu (Asymmetry/Depth): [0 0]
----------------------------------------
2025-06-12 08:36:44 ERROR Can not run the algorithm
2025-06-12 08:36:44 INFO Run function 3 complete. FEHistory len: 29, AOCC: 0.0000
2025-06-12 08:36:44 INFO FeHistory: [1.17665944e+11 1.18270593e+11 1.18290693e+11 1.18822857e+11
 1.18097902e+11 1.17303821e+11 1.18550615e+11 1.17944525e+11
 1.17100473e+11 1.18586041e+11 1.17944148e+11 1.17303753e+11
 1.17583855e+11 1.18215457e+11            nan            nan
            nan            nan            nan            nan
            nan            nan            nan            nan
            nan            nan            nan            nan
            nan]
2025-06-12 08:36:44 INFO Expected Optimum FE: -357.5797495903721
2025-06-12 08:36:44 INFO Unimodal AOCC mean: 0.0579
2025-06-12 08:36:44 INFO AOCC mean: 0.0579
2025-06-12 08:36:46 INFO --- GNBG Problem Parameters for f1 ---
  Dimension: 30, MaxEvals: 500000
  Search Bounds: [-100, 100]
  Number of Components: 1
  Known Optimum Value: -1081.983799
  Lambda (Curvature): [1]
  Mu (Asymmetry/Depth): [0 0]
----------------------------------------
2025-06-12 08:36:46 ERROR Can not run the algorithm
2025-06-12 08:36:46 INFO Run function 1 complete. FEHistory len: 300, AOCC: 0.0000
2025-06-12 08:36:46 INFO FeHistory: [172316.9446887  249034.46370265 300479.73295853 199098.08932869
 168166.50058625 212748.91172983 202742.74132239 258873.59939289
 232213.49100638 217543.55558376 215549.11352908 227062.6610659
 243563.37569002 229710.94546901 178494.99971188 152938.76362723
 225249.27181068 135888.33633032 221535.86758199 185724.88816734
 203474.21609246 173479.85539502 185113.01649614 250696.64919022
 272216.59647373 259552.11250264 220439.76980628 188732.9365145
 165137.82508573 246328.31162406 284958.35599645 238820.11565194
 289177.13640009 328017.70526344 270603.72896556 269253.33908015
 265460.30362976 196680.1885956  215404.83851531 134284.46259508
 288821.14174914 200928.82941244 263697.39398698 190123.54127757
 157844.50818042 211836.43722589 183366.88909931 323544.93307572
 177757.41473454 267935.55303263 179328.05778078 168460.20352475
 230712.59904617 216854.82729516 311650.74870743 215589.46869401
 225266.02071561 246660.30319944 253025.65305479 255416.67125125
 263989.50666756 291387.71470029 220156.86395035 227853.47928438
 215198.37101084 310988.30269248 235183.29420826 187418.64306956
 247393.86958668 260239.02423338 193290.00535565 150330.47785669
 234202.59397821 262732.51479166 157872.8091821  249370.02864153
 227555.68495798 224054.69718069 189627.87631803 292567.4395762
 211973.369797   288877.72812079 211270.36087319 180181.34125128
 210300.77515466 234231.54572661 236179.22738088 204026.67433958
 223334.93929682 285442.49499064 240044.56737125 306397.6993108
 177980.80354838 225055.22516029 283347.59615068 304999.53170553
 157212.70496849 210882.87949732 268950.92602417 259935.69384414
 299784.994609   229778.96267051 172071.70919488 204699.65044889
 196511.10156441 203917.64956794 241910.74264829 232701.3638867
 169980.31751996 155750.65761098 235622.13857291 218325.55921761
 250621.21553287 205982.37189699 129671.56573468 228315.59551112
 231714.42750253 228808.32785196 196588.95768897 244606.82306048
 152716.26787049 273889.00183132 229833.66890763 245989.16312412
 173952.85222868 218132.99914717 215967.9068601  250659.03067483
 202096.10803223 208526.69736578 338926.16623727 227011.59740547
 198068.27374063 203643.49721638 236665.45405575 202207.83040124
 239155.41736375 238266.69205206 255819.53883482 290698.4693132
 191668.02991946 236900.08591783 255491.45319023 243729.49066969
 286868.15679592 151497.90216007 183828.57945646 236618.78870247
 263084.15610645 136794.43996008 268595.2100911  260291.16376724
 211609.59599815 300977.89918168 233320.63266488 185108.63374867
 196736.3141524  211162.90493814 198585.19709786 241744.68069874
 260279.06523846 141873.79719468 258821.22502331 205681.947876
 265578.21208228 211831.1089603  307033.182761   169109.5206717
 212455.03653126 219267.3742725  236083.81583307 208878.62295424
 205555.45527831 235168.98385612 210210.56649012 277052.08096424
 214331.29492726 242877.06792456 183931.73857036 334611.9005512
 125976.21773682 195235.69549815 266344.45949745 228666.17152631
 276272.1687466  315035.52454508 252084.12410989 209620.91955444
 247906.10869129 264226.02408037 259597.37798588 162141.65145238
 214104.82154778 262497.00724165 245713.60531489 209924.5345203
 183602.00367756 304178.02261502 144935.49291975 188631.10738207
 208076.39706086 322448.53412408 142282.77021023 250504.4796203
 218487.44309764 176934.89764954 164224.31864314 168143.78461113
 223877.65027833 281725.49011134 191204.44057142 260662.16418136
 315948.39347416 182476.57867174 254340.35906233 324097.53460859
 196870.90281088 254037.72668054 243524.72384494 248062.80086232
 188991.42448461 235733.91185805 209720.4583755  282577.53720213
 289787.34836257 280041.79094802 238351.42409725 150461.70199623
 185902.10665919 293169.10702997 218026.02070609 218913.04255924
 200469.79618387 255468.97818036 235981.76143145 241032.21598838
 161105.24164532 275502.29051552 192067.6299265  247929.72379567
 111929.65574409 275647.70468786 283591.96640369 235314.31400801
 197217.0791455  223908.81738481 217052.19676915 230695.18310931
 212399.47818595 205549.0324006  246953.86629354 244336.76462749
 158508.04494505 229584.12067099 204087.12831776 228070.78328995
 225576.40879804 187048.75937602 235770.40089237 300270.58147039
 175739.20724489 264628.76336223 173208.49555945 347447.16041358
 290661.56067523 210561.3379759  250661.55485152 193040.49825039
 187135.95306441 255202.41031774 225129.68505665 161749.87309845
 186359.76589677 171930.39637701 201350.35748619 296689.19698819
 240826.99359163 213152.06493373 208815.0890195  119423.96945754
 305883.34574492 157474.47006955 232864.64393069 295902.01954159
 299140.90320007 167513.46703065 185912.02424706 234691.45347772
 184458.10900109 233908.93585518 216812.33929849 251911.83111803
 225753.95941659 206960.20633162 289243.15742808 164549.25409413
 203337.50937005 215679.22739324 245410.22912267 145786.51655941]
2025-06-12 08:36:46 INFO Expected Optimum FE: -1081.9837994003399
2025-06-12 08:36:46 INFO --- GNBG Problem Parameters for f2 ---
  Dimension: 30, MaxEvals: 500000
  Search Bounds: [-100, 100]
  Number of Components: 1
  Known Optimum Value: -703.132815
  Lambda (Curvature): [0.05]
  Mu (Asymmetry/Depth): [0 0]
----------------------------------------
2025-06-12 08:36:46 ERROR Can not run the algorithm
2025-06-12 08:36:46 INFO Run function 2 complete. FEHistory len: 300, AOCC: 0.1748
2025-06-12 08:36:46 INFO FeHistory: [-701.27554221 -701.28210254 -701.28186925 -701.2774107  -701.24410233
 -701.25031754 -701.26834225 -701.2943031  -701.28169516 -701.28568416
 -701.28781245 -701.27800866 -701.26087488 -701.25213386 -701.28121033
 -701.26639283 -701.31192826 -701.30920187 -701.26940946 -701.28432515
 -701.28031763 -701.29227003 -701.26347853 -701.30109669 -701.27209976
 -701.28016291 -701.2501505  -701.2832609  -701.29541875 -701.28443839
 -701.30122587 -701.31825506 -701.34563717 -701.29989521 -701.28068616
 -701.27501172 -701.27557205 -701.27454375 -701.31412396 -701.27741013
 -701.26987689 -701.27988688 -701.2681715  -701.29497304 -701.30623478
 -701.26976281 -701.27614957 -701.27311069 -701.28420282 -701.29596782
 -701.25298403 -701.24867341 -701.27805232 -701.30970215 -701.27170619
 -701.28357366 -701.28833076 -701.28414015 -701.27457921 -701.27622786
 -701.26693568 -701.28024405 -701.2856737  -701.27803051 -701.30920653
 -701.28680187 -701.2682412  -701.29241121 -701.28693253 -701.2755328
 -701.25919564 -701.27849159 -701.27251378 -701.26704377 -701.27678147
 -701.28072877 -701.28390931 -701.26991259 -701.30312972 -701.27086614
 -701.27132413 -701.28969799 -701.27918239 -701.27661629 -701.27250765
 -701.30039306 -701.29272177 -701.27988463 -701.30692693 -701.31031142
 -701.27755577 -701.284909   -701.2947683  -701.26440843 -701.32050606
 -701.28311817 -701.27117527 -701.26792608 -701.2701708  -701.29655818
 -701.28247663 -701.27653272 -701.27436505 -701.28220425 -701.26204699
 -701.30234439 -701.32102497 -701.26158083 -701.25639382 -701.29750411
 -701.28805828 -701.2851622  -701.28708974 -701.31938048 -701.27585281
 -701.29364555 -701.29214129 -701.28558663 -701.29129523 -701.29479934
 -701.30401336 -701.31508407 -701.29577164 -701.27239757 -701.28850746
 -701.27474541 -701.2757056  -701.278872   -701.2799862  -701.29872333
 -701.26487455 -701.28737298 -701.30231243 -701.27819414 -701.32116712
 -701.30244764 -701.29760714 -701.26614316 -701.29094768 -701.28437304
 -701.31384767 -701.28734845 -701.26363596 -701.27286695 -701.27757848
 -701.33809482 -701.29514911 -701.29120414 -701.27102187 -701.28501351
 -701.26983719 -701.31589595 -701.25677741 -701.27516255 -701.27211666
 -701.30842101 -701.24955374 -701.26439936 -701.29458839 -701.28763988
 -701.29409922 -701.29763761 -701.26478741 -701.27423592 -701.29803839
 -701.27477088 -701.28313616 -701.30785525 -701.31408456 -701.30283045
 -701.27992635 -701.26773515 -701.29154036 -701.32747013 -701.28831526
 -701.26708836 -701.28863464 -701.28807216 -701.28251948 -701.32178812
 -701.31614387 -701.29216075 -701.30420461 -701.26970343 -701.2731737
 -701.26805719 -701.26526436 -701.26599035 -701.30932986 -701.25391267
 -701.28230191 -701.27746678 -701.27099603 -701.28425288 -701.26144619
 -701.29487803 -701.29117725 -701.27383011 -701.25335939 -701.26223866
 -701.26565236 -701.27140749 -701.29051671 -701.27726339 -701.27555366
 -701.26364618 -701.32288039 -701.2796374  -701.29141766 -701.25848006
 -701.29099969 -701.28311474 -701.26186737 -701.31100287 -701.30679437
 -701.2607889  -701.28462582 -701.27129191 -701.28341374 -701.29786464
 -701.30119637 -701.30207084 -701.26815466 -701.2719252  -701.29008221
 -701.2750697  -701.2612394  -701.29666515 -701.28378969 -701.29421587
 -701.25424252 -701.27491919 -701.3132584  -701.27564813 -701.29150868
 -701.29419496 -701.31909635 -701.29295008 -701.28883447 -701.28558601
 -701.32082914 -701.26418946 -701.25313715 -701.27776401 -701.25928569
 -701.2875011  -701.29196855 -701.27009972 -701.2856167  -701.31658826
 -701.28798403 -701.28375828 -701.27565337 -701.24919588 -701.30444974
 -701.2890234  -701.27590935 -701.27754078 -701.30490552 -701.30016617
 -701.31454561 -701.25607388 -701.26934688 -701.28004515 -701.29078159
 -701.28629154 -701.25814383 -701.26963956 -701.26681962 -701.28711638
 -701.2994439  -701.26971693 -701.30178097 -701.32452336 -701.31040037
 -701.29256865 -701.28567512 -701.27931988 -701.30453365 -701.28725456
 -701.27044763 -701.31526545 -701.24939769 -701.27397321 -701.24120168
 -701.28018805 -701.31486692 -701.29891335 -701.29314106 -701.25822267
 -701.29718536 -701.27184594 -701.2642685  -701.32447209 -701.25232692
 -701.29176476 -701.30104883 -701.3024421  -701.28303331 -701.30180628]
2025-06-12 08:36:46 INFO Expected Optimum FE: -703.1328146165181
2025-06-12 08:36:46 INFO --- GNBG Problem Parameters for f3 ---
  Dimension: 30, MaxEvals: 500000
  Search Bounds: [-100, 100]
  Number of Components: 1
  Known Optimum Value: -357.579750
  Lambda (Curvature): [1]
  Mu (Asymmetry/Depth): [0 0]
----------------------------------------
2025-06-12 08:36:46 ERROR Can not run the algorithm
2025-06-12 08:36:46 INFO Run function 3 complete. FEHistory len: 300, AOCC: 0.0000
2025-06-12 08:36:46 INFO FeHistory: [1.17533005e+11 1.44960782e+11 1.29635349e+11 8.98535687e+10
 7.05694974e+10 1.44577362e+11 1.10565420e+11 1.39406399e+11
 1.22498402e+11 9.03630804e+10 8.44245251e+10 1.40493869e+11
 1.37955646e+11 7.17786561e+10 1.51914743e+11 8.12624586e+10
 1.13410908e+11 7.58581753e+10 9.74822567e+10 1.30818575e+11
 8.34032071e+10 1.28390276e+11 1.04319423e+11 1.20715788e+11
 1.05530118e+11 1.12969245e+11 1.60121485e+11 1.03896975e+11
 1.62457667e+11 1.10119278e+11 1.48371041e+11 1.20622496e+11
 9.27013074e+10 1.09008278e+11 1.24013498e+11 7.16143158e+10
 1.25538503e+11 1.02721538e+11 1.36332680e+11 1.72663970e+11
 1.19595467e+11 1.17964658e+11 1.59268837e+11 1.31321277e+11
 1.03120344e+11 1.42108366e+11 1.13644538e+11 1.19026420e+11
 9.81575665e+10 1.45191373e+11 1.30018332e+11 1.28510643e+11
 1.31622361e+11 1.07029234e+11 1.74853911e+11 1.70311640e+11
 1.41174281e+11 1.44840720e+11 1.44396614e+11 7.88172482e+10
 1.64023657e+11 7.12462870e+10 9.61992532e+10 1.65468814e+11
 1.15993270e+11 1.01563801e+11 1.49793465e+11 1.07185564e+11
 1.10409353e+11 9.35445104e+10 8.89392167e+10 1.14194523e+11
 1.26070906e+11 1.15574756e+11 1.42126728e+11 1.36469701e+11
 1.56458145e+11 1.19617212e+11 5.66309617e+10 9.44031982e+10
 8.33131146e+10 1.48107758e+11 1.41780623e+11 1.01398597e+11
 7.34782230e+10 1.23813906e+11 9.55409364e+10 1.08632876e+11
 1.01384372e+11 1.12713702e+11 1.39828119e+11 8.38274995e+10
 9.83224459e+10 1.51587174e+11 1.13578291e+11 1.68950126e+11
 1.24264948e+11 6.74390130e+10 1.15452374e+11 1.25262502e+11
 9.66618999e+10 8.98793241e+10 1.22580533e+11 8.52948082e+10
 1.19565590e+11 1.16047354e+11 9.27703970e+10 1.14982864e+11
 7.81990529e+10 1.67006867e+11 1.26644340e+11 1.11948120e+11
 9.05073630e+10 1.12605857e+11 1.20435253e+11 9.16663942e+10
 1.41029148e+11 1.28184205e+11 8.30153389e+10 1.04926844e+11
 1.52631196e+11 1.16983821e+11 7.49740510e+10 1.39336186e+11
 8.28531795e+10 1.22853414e+11 1.14378128e+11 1.08618292e+11
 1.05831202e+11 1.15149770e+11 7.64770634e+10 1.38175624e+11
 1.19382572e+11 1.18919271e+11 1.17131805e+11 1.42060650e+11
 9.14542290e+10 1.01051405e+11 1.16934014e+11 9.29273699e+10
 1.25283246e+11 9.95049931e+10 6.64023142e+10 1.56468130e+11
 1.44117654e+11 1.49403764e+11 1.02495448e+11 9.45167870e+10
 1.42440248e+11 8.19202510e+10 1.10870488e+11 1.14497472e+11
 1.42536492e+11 9.70223699e+10 6.63562570e+10 1.13148435e+11
 1.06294448e+11 1.33316356e+11 1.13367407e+11 8.48534934e+10
 1.64522309e+11 1.41041538e+11 1.21285394e+11 1.15586729e+11
 1.00845775e+11 1.71870673e+11 1.42479129e+11 6.82449578e+10
 1.41822573e+11 1.03053321e+11 1.12600126e+11 1.24999077e+11
 1.12334413e+11 8.98280463e+10 7.50357381e+10 1.33394793e+11
 1.34440623e+11 1.47760195e+11 1.50389776e+11 1.20871833e+11
 1.14363419e+11 1.05520177e+11 8.10940475e+10 1.10973091e+11
 1.10276944e+11 1.21490434e+11 1.31498289e+11 1.32502415e+11
 1.52001081e+11 1.13711929e+11 1.24354092e+11 8.60697466e+10
 8.74227844e+10 1.54938421e+11 1.15155667e+11 1.16118986e+11
 1.23268301e+11 9.27148351e+10 1.26828087e+11 1.23215162e+11
 8.76520940e+10 9.67671280e+10 1.47899274e+11 1.25096387e+11
 1.16104956e+11 1.15688187e+11 1.14448267e+11 9.12821012e+10
 1.35458284e+11 1.24756264e+11 1.76124119e+11 1.20356543e+11
 1.49695269e+11 8.45162844e+10 9.06018430e+10 1.42129877e+11
 1.07020339e+11 1.27088066e+11 1.00710180e+11 1.08974482e+11
 1.06936926e+11 1.07203581e+11 9.18523611e+10 9.51096038e+10
 1.11392457e+11 1.45321795e+11 1.54776254e+11 1.41853270e+11
 1.05828451e+11 1.35560408e+11 1.24143064e+11 1.24660625e+11
 1.11272654e+11 1.42907679e+11 1.30557573e+11 9.93928788e+10
 8.63440621e+10 1.00410409e+11 8.98823394e+10 1.04051504e+11
 1.10924582e+11 7.36487163e+10 1.35597984e+11 9.77360828e+10
 8.51588609e+10 1.24475377e+11 9.13097300e+10 9.72668438e+10
 1.11272184e+11 5.69415684e+10 8.84680912e+10 7.71011096e+10
 1.64918231e+11 1.31745226e+11 1.44407559e+11 1.12981447e+11
 1.04782967e+11 1.45197540e+11 1.25876226e+11 1.20254202e+11
 1.72792929e+11 1.02276472e+11 7.71395657e+10 1.23050633e+11
 1.47051015e+11 8.73280623e+10 8.62032018e+10 1.79598423e+11
 8.65644447e+10 1.75238803e+11 1.27454785e+11 1.40476115e+11
 1.33780848e+11 1.08828818e+11 9.87305086e+10 7.37283514e+10
 1.69056995e+11 8.06787956e+10 1.38828975e+11 1.57856345e+11
 8.57864500e+10 1.24997440e+11 8.72222247e+10 1.22155965e+11
 1.89337388e+11 1.23438862e+11 1.60345519e+11 9.78156020e+10
 1.71123202e+11 6.97478025e+10 9.24436708e+10 1.02678982e+11
 9.20881559e+10 1.01888943e+11 1.37992319e+11 1.27283583e+11
 1.33727205e+11 1.08470891e+11 1.20633832e+11 5.09182751e+10]
2025-06-12 08:36:46 INFO Expected Optimum FE: -357.5797495903721
2025-06-12 08:36:46 INFO Unimodal AOCC mean: 0.0583
2025-06-12 08:36:46 INFO AOCC mean: 0.0583
2025-06-12 08:36:53 INFO Run function 1 complete. FEHistory len: 10000, AOCC: 0.9922
2025-06-12 08:36:53 INFO FeHistory: [173522.72398464  71521.0371684   71381.86821471 ...  -1081.9837994
  -1081.9837994   -1081.9837994 ]
2025-06-12 08:36:53 INFO Expected Optimum FE: -1081.9837994003399
2025-06-12 08:36:53 INFO --- GNBG Problem Parameters for f2 ---
  Dimension: 30, MaxEvals: 500000
  Search Bounds: [-100, 100]
  Number of Components: 1
  Known Optimum Value: -703.132815
  Lambda (Curvature): [0.05]
  Mu (Asymmetry/Depth): [0 0]
----------------------------------------
2025-06-12 08:36:58 INFO Run function 2 complete. FEHistory len: 10000, AOCC: 0.1759
2025-06-12 08:36:58 INFO FeHistory: [-701.29426589 -701.38914636 -701.38862259 ... -701.38920906 -701.38920906
 -701.38920906]
2025-06-12 08:36:58 INFO Expected Optimum FE: -703.1328146165181
2025-06-12 08:36:58 INFO --- GNBG Problem Parameters for f3 ---
  Dimension: 30, MaxEvals: 500000
  Search Bounds: [-100, 100]
  Number of Components: 1
  Known Optimum Value: -357.579750
  Lambda (Curvature): [1]
  Mu (Asymmetry/Depth): [0 0]
----------------------------------------
