2025-06-10 10:13:56 INFO Run on dim 5, function 1
2025-06-10 10:13:56 INFO FeHistory: [136417.02767486 159431.49919038 219798.40088335 ... 149645.20334368
 211948.90636129 161756.70207329]
2025-06-10 10:13:56 INFO Expected Optimum FE: -1081.9837994003399
2025-06-10 10:13:57 ERROR Can not run the algorithm
2025-06-10 10:13:57 INFO Run on dim 5, function 1
2025-06-10 10:13:57 INFO FeHistory: [146122.03534268 154067.01403099 170867.4035074  ... 161546.80633715
 164414.70271916 184566.93963915]
2025-06-10 10:13:57 INFO Expected Optimum FE: -1081.9837994003399
2025-06-10 10:13:57 INFO Run on dim 5, function 1
2025-06-10 10:13:57 INFO FeHistory: [165332.42829438 183848.84252442 130435.70559937 ... 222957.00192763
 153646.9415033  103534.66256575]
2025-06-10 10:13:57 INFO Expected Optimum FE: -1081.9837994003399
2025-06-10 10:13:57 ERROR Can not run the algorithm
2025-06-10 10:13:58 INFO Aucs is: [0.0]
2025-06-10 10:13:58 INFO Detail_aucs is: [0.0]
2025-06-10 10:13:58 INFO Run on dim 5, function 8
2025-06-10 10:13:58 INFO FeHistory: [109463.00657833 169635.51431597 200314.89696109 ... 163152.17504133
 331786.35432047 280824.30534694]
2025-06-10 10:13:58 INFO Expected Optimum FE: -656.7889979935655
2025-06-10 10:13:58 INFO Aucs is: [0.0]
2025-06-10 10:13:58 INFO Detail_aucs is: [0.0]
2025-06-10 10:13:58 ERROR Can not run the algorithm
2025-06-10 10:13:58 INFO Aucs is: [0.0]
2025-06-10 10:13:58 INFO Detail_aucs is: [0.0]
2025-06-10 10:13:58 INFO Run on dim 5, function 8
2025-06-10 10:13:58 INFO FeHistory: [212299.61151627 225806.05334808 248574.90387158 ... 226382.38401647
 272407.83515784 171912.57811447]
2025-06-10 10:13:58 INFO Expected Optimum FE: -656.7889979935655
2025-06-10 10:13:59 INFO Aucs is: [0.0]
2025-06-10 10:13:59 INFO Detail_aucs is: [0.0]
2025-06-10 10:13:59 INFO Aucs is: [0.0]
2025-06-10 10:13:59 INFO Detail_aucs is: [0.0]
2025-06-10 10:13:59 ERROR Can not run the algorithm
2025-06-10 10:13:59 INFO Run on dim 5, function 8
2025-06-10 10:13:59 INFO FeHistory: [108796.97073623 316584.57830587 239238.66875175 ... 188557.05867552
 125097.37175862 247942.03148088]
2025-06-10 10:13:59 INFO Expected Optimum FE: -656.7889979935655
2025-06-10 10:13:59 INFO Aucs is: [0.0, 0.0]
2025-06-10 10:13:59 INFO Detail_aucs is: [0.0]
2025-06-10 10:13:59 INFO Aucs is: [0.0, 0.0]
2025-06-10 10:13:59 INFO Detail_aucs is: [0.0]
2025-06-10 10:14:00 ERROR Can not run the algorithm
2025-06-10 10:14:00 INFO Aucs is: [0.0, 0.0]
2025-06-10 10:14:00 INFO Detail_aucs is: [0.0]
2025-06-10 10:14:00 INFO Run on dim 5, function 20
2025-06-10 10:14:00 INFO FeHistory: [-78.01879782 -78.50345243 -79.05600709 ... -78.53845787 -78.09146804
 -79.2612404 ]
2025-06-10 10:14:00 INFO Expected Optimum FE: -100
2025-06-10 10:14:00 INFO Run on dim 5, function 20
2025-06-10 10:14:00 INFO FeHistory: [-79.90436437 -78.0587476  -77.80481537 ... -77.31677264 -74.8810092
 -74.39470728]
2025-06-10 10:14:00 INFO Expected Optimum FE: -100
2025-06-10 10:14:00 INFO Aucs is: [0.0, 0.0]
2025-06-10 10:14:00 INFO Detail_aucs is: [0.0]
2025-06-10 10:14:00 INFO Aucs is: [0.0, 0.0]
2025-06-10 10:14:00 INFO Detail_aucs is: [0.0]
2025-06-10 10:14:01 ERROR Can not run the algorithm
2025-06-10 10:14:01 INFO Run on dim 5, function 20
2025-06-10 10:14:01 INFO FeHistory: [-76.150645   -78.10405633 -79.26624858 ... -76.68242831 -75.76957659
 -81.10439144]
2025-06-10 10:14:01 INFO Expected Optimum FE: -100
2025-06-10 10:14:03 INFO Aucs is: [0.0, 0.0, 0.0765368222149181]
2025-06-10 10:14:03 INFO Detail_aucs is: [0.0765368222149181]
2025-06-10 10:14:03 INFO Aucs is: [0.0, 0.0, 0.07792721147084439]
2025-06-10 10:14:03 INFO Detail_aucs is: [0.07792721147084439]
2025-06-10 10:14:03 INFO Aucs is: [0.0, 0.0, 0.07966493737089816]
2025-06-10 10:14:03 INFO Detail_aucs is: [0.07966493737089816]
2025-06-10 10:14:03 INFO Aucs is: [0.0, 0.0, 0.07768291968838904]
2025-06-10 10:14:03 INFO Detail_aucs is: [0.07768291968838904]
2025-06-10 10:14:04 INFO Aucs is: [0.0, 0.0, 0.07815140515101592]
2025-06-10 10:14:04 INFO Detail_aucs is: [0.07815140515101592]
2025-06-10 10:14:11 INFO Run on dim 5, function 1
2025-06-10 10:14:11 INFO FeHistory: [162012.23436189 152117.88851735 193283.78574239 ... 213254.80453997
 189778.78610099 164336.15784311]
2025-06-10 10:14:11 INFO Expected Optimum FE: -1081.9837994003399
2025-06-10 10:14:12 ERROR Can not run the algorithm
2025-06-10 10:14:12 INFO Run on dim 5, function 1
2025-06-10 10:14:12 INFO FeHistory: [156012.35323794 148617.87683049 158253.55224063 ... 235378.6165496
 144411.1294478   84134.41341239]
2025-06-10 10:14:12 INFO Expected Optimum FE: -1081.9837994003399
2025-06-10 10:14:12 ERROR Can not run the algorithm
2025-06-10 10:14:12 INFO Aucs is: [0.0]
2025-06-10 10:14:12 INFO Detail_aucs is: [0.0]
2025-06-10 10:14:13 ERROR Can not run the algorithm
2025-06-10 10:14:13 INFO Run on dim 5, function 8
2025-06-10 10:14:13 INFO FeHistory: [193358.80425387 172665.06190607 195892.32684476 ... 280083.54984542
 184161.99930668 215071.55143154]
2025-06-10 10:14:13 INFO Expected Optimum FE: -656.7889979935655
2025-06-10 10:14:13 INFO Aucs is: [0.0]
2025-06-10 10:14:13 INFO Detail_aucs is: [0.0]
2025-06-10 10:14:13 ERROR Can not run the algorithm
2025-06-10 10:14:13 INFO Aucs is: [0.0]
2025-06-10 10:14:13 INFO Detail_aucs is: [0.0]
2025-06-10 10:14:14 INFO Run on dim 5, function 8
2025-06-10 10:14:14 INFO FeHistory: [179036.7201054  205388.81281331 172985.64956994 ... 355788.20409514
 201548.26230356  62615.33424013]
2025-06-10 10:14:14 INFO Expected Optimum FE: -656.7889979935655
2025-06-10 10:14:14 INFO Aucs is: [0.0]
2025-06-10 10:14:14 INFO Detail_aucs is: [0.0]
2025-06-10 10:14:14 INFO Aucs is: [0.0]
2025-06-10 10:14:14 INFO Detail_aucs is: [0.0]
2025-06-10 10:14:14 ERROR Can not run the algorithm
2025-06-10 10:14:14 ERROR Can not run the algorithm
2025-06-10 10:14:15 INFO Aucs is: [0.0, 0.0]
2025-06-10 10:14:15 INFO Detail_aucs is: [0.0]
2025-06-10 10:14:15 INFO Aucs is: [0.0, 0.0]
2025-06-10 10:14:15 INFO Detail_aucs is: [0.0]
2025-06-10 10:14:15 ERROR Can not run the algorithm
2025-06-10 10:14:16 INFO Run on dim 5, function 20
2025-06-10 10:14:16 INFO FeHistory: [-77.33636889 -79.90513261 -78.54112006 ... -77.49279314 -79.44095431
 -78.95302518]
2025-06-10 10:14:16 INFO Expected Optimum FE: -100
2025-06-10 10:14:16 INFO Aucs is: [0.0, 0.0]
2025-06-10 10:14:16 INFO Detail_aucs is: [0.0]
2025-06-10 10:14:16 INFO Run on dim 5, function 20
2025-06-10 10:14:16 INFO FeHistory: [-77.93062728 -78.72305947 -78.37976708 ... -75.37677672 -78.20955962
 -80.33833957]
2025-06-10 10:14:16 INFO Expected Optimum FE: -100
2025-06-10 10:14:16 INFO Aucs is: [0.0, 0.0]
2025-06-10 10:14:16 INFO Detail_aucs is: [0.0]
2025-06-10 10:14:17 ERROR Can not run the algorithm
2025-06-10 10:14:17 INFO Aucs is: [0.0, 0.0]
2025-06-10 10:14:17 INFO Detail_aucs is: [0.0]
2025-06-10 10:14:17 ERROR Can not run the algorithm
2025-06-10 10:14:19 INFO Aucs is: [0.0, 0.0, 0.07718536199003954]
2025-06-10 10:14:19 INFO Detail_aucs is: [0.07718536199003954]
2025-06-10 10:14:19 INFO Aucs is: [0.0, 0.0, 0.07652785954262584]
2025-06-10 10:14:19 INFO Detail_aucs is: [0.07652785954262584]
2025-06-10 10:14:20 INFO Aucs is: [0.0, 0.0, 0.07887269662977775]
2025-06-10 10:14:20 INFO Detail_aucs is: [0.07887269662977775]
2025-06-10 10:14:20 INFO Aucs is: [0.0, 0.0, 0.07471566726809409]
2025-06-10 10:14:20 INFO Detail_aucs is: [0.07471566726809409]
2025-06-10 10:14:21 INFO Aucs is: [0.0, 0.0, 0.07449362993572196]
2025-06-10 10:14:21 INFO Detail_aucs is: [0.07449362993572196]
2025-06-10 10:16:31 INFO Run on dim 5, function 1
2025-06-10 10:16:31 INFO FeHistory: [229156.17819202 216127.25916215 180201.4572633  ... 161876.87334946
 205085.70571698 174599.84649633]
2025-06-10 10:16:31 INFO Expected Optimum FE: -1081.9837994003399
2025-06-10 10:16:31 INFO Run on dim 5, function 1
2025-06-10 10:16:31 INFO FeHistory: [221290.82640526 281775.40666248 178054.22829982 ... 183799.0907438
 128176.89932785 156566.0561251 ]
2025-06-10 10:16:31 INFO Expected Optimum FE: -1081.9837994003399
2025-06-10 10:16:31 INFO Run on dim 5, function 1
2025-06-10 10:16:31 INFO FeHistory: [167882.62071868 202687.91740803 166250.62202886 ... 220685.21654426
 182621.85714296 208077.62640838]
2025-06-10 10:16:31 INFO Expected Optimum FE: -1081.9837994003399
2025-06-10 10:16:31 INFO Run on dim 5, function 1
2025-06-10 10:16:31 INFO FeHistory: [184750.93032219 182114.08644281 211150.69360168 ... 408782.47943041
 332443.75047903 347334.68335273]
2025-06-10 10:16:31 INFO Expected Optimum FE: -1081.9837994003399
2025-06-10 10:16:33 INFO Aucs is: [0.0]
2025-06-10 10:16:33 INFO Detail_aucs is: [0.0]
2025-06-10 10:16:33 INFO Run on dim 5, function 8
2025-06-10 10:16:33 INFO FeHistory: [164949.79995181 268185.05952359 113425.15854371 ... 222680.61950597
 207429.27877772 128468.29317901]
2025-06-10 10:16:33 INFO Expected Optimum FE: -656.7889979935655
2025-06-10 10:16:33 INFO Aucs is: [0.0]
2025-06-10 10:16:33 INFO Detail_aucs is: [0.0]
2025-06-10 10:16:33 INFO Aucs is: [0.0]
2025-06-10 10:16:33 INFO Detail_aucs is: [0.0]
2025-06-10 10:16:33 INFO Run on dim 5, function 8
2025-06-10 10:16:33 INFO FeHistory: [247087.52337926 167040.95519552 185534.05943144 ... 308093.95757696
 309890.07814526 193512.26098335]
2025-06-10 10:16:33 INFO Expected Optimum FE: -656.7889979935655
2025-06-10 10:16:33 INFO Aucs is: [0.0]
2025-06-10 10:16:33 INFO Detail_aucs is: [0.0]
2025-06-10 10:16:33 INFO Run on dim 5, function 8
2025-06-10 10:16:33 INFO FeHistory: [143833.89914857 258005.30221871 180508.23703277 ... 220554.12514768
 211989.56268241 151165.54931216]
2025-06-10 10:16:33 INFO Expected Optimum FE: -656.7889979935655
2025-06-10 10:16:34 INFO Run on dim 5, function 8
2025-06-10 10:16:34 INFO FeHistory: [261010.09622018 244190.049928   168504.06651668 ... 352084.45810366
 407919.82108037 370166.07788733]
2025-06-10 10:16:34 INFO Expected Optimum FE: -656.7889979935655
2025-06-10 10:16:35 INFO Aucs is: [0.0, 0.0]
2025-06-10 10:16:35 INFO Detail_aucs is: [0.0]
2025-06-10 10:16:35 INFO Aucs is: [0.0, 0.0]
2025-06-10 10:16:35 INFO Detail_aucs is: [0.0]
2025-06-10 10:16:35 INFO Aucs is: [0.0, 0.0]
2025-06-10 10:16:35 INFO Detail_aucs is: [0.0]
2025-06-10 10:16:35 INFO Run on dim 5, function 20
2025-06-10 10:16:35 INFO FeHistory: [-78.7661847  -77.77971875 -74.70522854 ... -77.7777447  -80.0236101
 -79.89035277]
2025-06-10 10:16:35 INFO Expected Optimum FE: -100
2025-06-10 10:16:35 INFO Aucs is: [0.0, 0.0]
2025-06-10 10:16:35 INFO Detail_aucs is: [0.0]
2025-06-10 10:16:36 INFO Run on dim 5, function 20
2025-06-10 10:16:36 INFO FeHistory: [-78.04037446 -78.66757702 -80.71638366 ... -75.71822017 -78.39487336
 -78.78269417]
2025-06-10 10:16:36 INFO Expected Optimum FE: -100
2025-06-10 10:16:36 INFO Run on dim 5, function 20
2025-06-10 10:16:36 INFO FeHistory: [-78.23320302 -79.21560346 -76.47393152 ... -75.56582191 -78.78770967
 -77.79645489]
2025-06-10 10:16:36 INFO Expected Optimum FE: -100
2025-06-10 10:16:36 INFO Run on dim 5, function 20
2025-06-10 10:16:36 INFO FeHistory: [-79.51559208 -80.00197892 -77.60365873 ... -73.1902656  -73.82755614
 -77.18740899]
2025-06-10 10:16:36 INFO Expected Optimum FE: -100
2025-06-10 10:16:39 INFO Aucs is: [0.0, 0.0, 0.07594734088485025]
2025-06-10 10:16:39 INFO Detail_aucs is: [0.07594734088485025]
2025-06-10 10:16:40 INFO Aucs is: [0.0, 0.0, 0.07596220610844737]
2025-06-10 10:16:40 INFO Detail_aucs is: [0.07596220610844737]
2025-06-10 10:16:40 INFO Aucs is: [0.0, 0.0, 0.08015908783227331]
2025-06-10 10:16:40 INFO Detail_aucs is: [0.08015908783227331]
2025-06-10 10:16:40 INFO Aucs is: [0.0, 0.0, 0.07618168754137734]
2025-06-10 10:16:40 INFO Detail_aucs is: [0.07618168754137734]
2025-06-10 10:17:01 INFO Run on dim 5, function 1
2025-06-10 10:17:01 INFO FeHistory: [157623.89854684 167624.68320456 204294.17962754 ...  26804.87980629
  25615.18446323  33733.1970751 ]
2025-06-10 10:17:01 INFO Expected Optimum FE: -1081.9837994003399
2025-06-10 10:17:03 INFO Aucs is: [0.0]
2025-06-10 10:17:03 INFO Detail_aucs is: [0.0]
2025-06-10 10:17:31 INFO Run on dim 5, function 8
2025-06-10 10:17:31 INFO FeHistory: [196969.34687369 215096.2472934  154726.458846   ...  32488.48193518
  50234.05516685  39086.70861617]
2025-06-10 10:17:31 INFO Expected Optimum FE: -656.7889979935655
2025-06-10 10:17:33 INFO Aucs is: [0.0, 0.0]
2025-06-10 10:17:33 INFO Detail_aucs is: [0.0]
2025-06-10 10:18:45 INFO Run on dim 5, function 20
2025-06-10 10:18:45 INFO FeHistory: [-78.90395744 -78.03851129 -78.14827104 ... -85.98115332 -82.96172065
 -84.70695001]
2025-06-10 10:18:45 INFO Expected Optimum FE: -100
2025-06-10 10:18:48 INFO Aucs is: [0.0, 0.0, 0.09587859571015728]
2025-06-10 10:18:48 INFO Detail_aucs is: [0.09587859571015728]
2025-06-10 10:18:57 ERROR Can not run the algorithm
2025-06-10 10:18:57 INFO Run on dim 5, function 1
2025-06-10 10:18:57 INFO FeHistory: [186531.53344491 179311.52138829 141880.42844941 ... 130685.13299732
 196120.8521501  185985.90651222]
2025-06-10 10:18:57 INFO Expected Optimum FE: -1081.9837994003399
2025-06-10 10:18:58 INFO Aucs is: [0.0]
2025-06-10 10:18:58 INFO Detail_aucs is: [0.0]
2025-06-10 10:18:59 ERROR Can not run the algorithm
2025-06-10 10:18:59 INFO Aucs is: [0.0]
2025-06-10 10:18:59 INFO Detail_aucs is: [0.0]
2025-06-10 10:18:59 INFO Run on dim 5, function 8
2025-06-10 10:18:59 INFO FeHistory: [140466.16833547 170143.17837302 109562.9563842  ... 169277.12055749
 219934.8735274  297615.71862635]
2025-06-10 10:18:59 INFO Expected Optimum FE: -656.7889979935655
2025-06-10 10:19:01 INFO Aucs is: [0.0, 0.0]
2025-06-10 10:19:01 INFO Detail_aucs is: [0.0]
2025-06-10 10:19:01 ERROR Can not run the algorithm
2025-06-10 10:19:01 INFO Aucs is: [0.0, 0.0]
2025-06-10 10:19:01 INFO Detail_aucs is: [0.0]
2025-06-10 10:19:02 INFO Run on dim 5, function 20
2025-06-10 10:19:02 INFO FeHistory: [-77.8816407  -75.48285135 -76.06951783 ... -77.99225745 -78.72833889
 -77.71855952]
2025-06-10 10:19:02 INFO Expected Optimum FE: -100
2025-06-10 10:19:05 INFO Aucs is: [0.0, 0.0, 0.07740939955359892]
2025-06-10 10:19:05 INFO Detail_aucs is: [0.07740939955359892]
2025-06-10 10:19:06 INFO Aucs is: [0.0, 0.0, 0.07718920438613797]
2025-06-10 10:19:06 INFO Detail_aucs is: [0.07718920438613797]
2025-06-10 10:19:33 INFO Run on dim 5, function 1
2025-06-10 10:19:33 INFO FeHistory: [153710.4012323  143825.47484124 198998.86864021 ...  21266.2506839
  25186.88361889  30506.7840404 ]
2025-06-10 10:19:33 INFO Expected Optimum FE: -1081.9837994003399
2025-06-10 10:19:34 INFO Run on dim 5, function 1
2025-06-10 10:19:34 INFO FeHistory: [211132.3114939  138905.66453748 181180.9952173  ...  24267.46014457
  20138.15058409  23415.64176583]
2025-06-10 10:19:34 INFO Expected Optimum FE: -1081.9837994003399
2025-06-10 10:19:34 INFO Run on dim 5, function 1
2025-06-10 10:19:34 INFO FeHistory: [196892.23706734 148874.34373584 185541.77896867 ...  26860.7817889
  25040.02937095  28135.69274551]
2025-06-10 10:19:34 INFO Expected Optimum FE: -1081.9837994003399
2025-06-10 10:19:35 INFO Aucs is: [0.0]
2025-06-10 10:19:35 INFO Detail_aucs is: [0.0]
2025-06-10 10:19:35 INFO Aucs is: [0.0]
2025-06-10 10:19:35 INFO Detail_aucs is: [0.0]
2025-06-10 10:19:36 INFO Aucs is: [0.0]
2025-06-10 10:19:36 INFO Detail_aucs is: [0.0]
2025-06-10 10:20:08 INFO Run on dim 5, function 8
2025-06-10 10:20:08 INFO FeHistory: [210753.71862337 206751.86808743 152774.93928045 ...  59190.31613484
  42984.85706467  42055.46412372]
2025-06-10 10:20:08 INFO Expected Optimum FE: -656.7889979935655
2025-06-10 10:20:09 INFO Run on dim 5, function 8
2025-06-10 10:20:09 INFO FeHistory: [148184.91641672 158910.22869286 194759.50099555 ...  54837.51771393
  37387.50990213  46234.36982028]
2025-06-10 10:20:09 INFO Expected Optimum FE: -656.7889979935655
2025-06-10 10:20:09 INFO Aucs is: [0.0, 0.0]
2025-06-10 10:20:09 INFO Detail_aucs is: [0.0]
2025-06-10 10:20:10 INFO Run on dim 5, function 8
2025-06-10 10:20:10 INFO FeHistory: [181384.55153165 127456.85011757 236107.06155513 ...  43236.53100542
  38769.8398817   41595.63078748]
2025-06-10 10:20:10 INFO Expected Optimum FE: -656.7889979935655
2025-06-10 10:20:11 INFO Aucs is: [0.0, 0.0]
2025-06-10 10:20:11 INFO Detail_aucs is: [0.0]
2025-06-10 10:20:12 INFO Aucs is: [0.0, 0.0]
2025-06-10 10:20:12 INFO Detail_aucs is: [0.0]
2025-06-10 10:21:23 INFO Run on dim 5, function 20
2025-06-10 10:21:23 INFO FeHistory: [-76.41786242 -80.30226545 -79.14954675 ... -84.93932054 -84.45110037
 -81.54576262]
2025-06-10 10:21:23 INFO Expected Optimum FE: -100
2025-06-10 10:21:25 INFO Run on dim 5, function 20
2025-06-10 10:21:25 INFO FeHistory: [-76.42746685 -78.60085489 -78.93232387 ... -84.18301239 -82.82234133
 -83.77706605]
2025-06-10 10:21:25 INFO Expected Optimum FE: -100
2025-06-10 10:21:26 INFO Aucs is: [0.0, 0.0, 0.09434600467445838]
2025-06-10 10:21:26 INFO Detail_aucs is: [0.09434600467445838]
2025-06-10 10:21:27 INFO Run on dim 5, function 20
2025-06-10 10:21:27 INFO FeHistory: [-77.93294676 -78.10062193 -80.33944031 ... -81.05184436 -85.39489673
 -82.3727385 ]
2025-06-10 10:21:27 INFO Expected Optimum FE: -100
2025-06-10 10:21:28 INFO Aucs is: [0.0, 0.0, 0.09386283274817987]
2025-06-10 10:21:28 INFO Detail_aucs is: [0.09386283274817987]
2025-06-10 10:21:30 INFO Aucs is: [0.0, 0.0, 0.09289487630935608]
2025-06-10 10:21:30 INFO Detail_aucs is: [0.09289487630935608]
2025-06-10 10:22:15 ERROR Can not run the algorithm
2025-06-10 10:22:17 INFO Aucs is: [0.0]
2025-06-10 10:22:17 INFO Detail_aucs is: [0.0]
2025-06-10 10:22:17 ERROR Can not run the algorithm
2025-06-10 10:22:20 INFO Aucs is: [0.0, 0.0]
2025-06-10 10:22:20 INFO Detail_aucs is: [0.0]
2025-06-10 10:22:20 ERROR Can not run the algorithm
2025-06-10 10:22:25 INFO Aucs is: [0.0, 0.0, 0.07714345489327268]
2025-06-10 10:22:25 INFO Detail_aucs is: [0.07714345489327268]
2025-06-10 10:23:02 INFO Run on dim 5, function 1
2025-06-10 10:23:02 INFO FeHistory: [145793.26356677 174256.99544137 237713.49421834 ...  16937.73311306
  13600.69546049  22642.48121093]
2025-06-10 10:23:02 INFO Expected Optimum FE: -1081.9837994003399
2025-06-10 10:23:04 INFO Aucs is: [0.0]
2025-06-10 10:23:04 INFO Detail_aucs is: [0.0]
2025-06-10 10:23:04 INFO Run on dim 5, function 1
2025-06-10 10:23:04 INFO FeHistory: [140161.77861765 183695.24699044 163944.46896344 ...  26975.83357518
  26387.83611272  31218.49153993]
2025-06-10 10:23:04 INFO Expected Optimum FE: -1081.9837994003399
2025-06-10 10:23:04 INFO Run on dim 5, function 1
2025-06-10 10:23:04 INFO FeHistory: [225934.72646598 115634.08395705 134601.48516931 ...  27243.42906023
  27621.75627401  23997.50648527]
2025-06-10 10:23:04 INFO Expected Optimum FE: -1081.9837994003399
2025-06-10 10:23:07 INFO Aucs is: [0.0]
2025-06-10 10:23:07 INFO Detail_aucs is: [0.0]
2025-06-10 10:23:07 INFO Aucs is: [0.0]
2025-06-10 10:23:07 INFO Detail_aucs is: [0.0]
2025-06-10 10:23:19 INFO Run on dim 5, function 1
2025-06-10 10:23:19 INFO FeHistory: [138812.8914519  174156.33727778 153579.24606548 ...  24786.09082218
  36582.28411754  33478.84163406]
2025-06-10 10:23:19 INFO Expected Optimum FE: -1081.9837994003399
2025-06-10 10:23:21 INFO Aucs is: [0.0]
2025-06-10 10:23:21 INFO Detail_aucs is: [0.0]
2025-06-10 10:23:46 INFO Run on dim 5, function 8
2025-06-10 10:23:46 INFO FeHistory: [188944.72485561 132620.20132209 238363.71584092 ...  31533.12234238
 108934.16458252  38721.13844126]
2025-06-10 10:23:46 INFO Expected Optimum FE: -656.7889979935655
2025-06-10 10:23:48 INFO Run on dim 5, function 8
2025-06-10 10:23:48 INFO FeHistory: [228116.67558658 252163.6321691  266472.12777543 ...  55655.28572177
  43459.67083614  47208.45320211]
2025-06-10 10:23:48 INFO Expected Optimum FE: -656.7889979935655
2025-06-10 10:23:48 INFO Aucs is: [0.0, 0.0]
2025-06-10 10:23:48 INFO Detail_aucs is: [0.0]
2025-06-10 10:23:50 INFO Aucs is: [0.0, 0.0]
2025-06-10 10:23:50 INFO Detail_aucs is: [0.0]
2025-06-10 10:23:52 INFO Run on dim 5, function 8
2025-06-10 10:23:52 INFO FeHistory: [165663.51802908 193223.57398913 180892.5171281  ...  44176.54595864
  52334.95936144  57869.58575072]
2025-06-10 10:23:52 INFO Expected Optimum FE: -656.7889979935655
2025-06-10 10:23:54 INFO Aucs is: [0.0, 0.0]
2025-06-10 10:23:54 INFO Detail_aucs is: [0.0]
2025-06-10 10:24:18 INFO Run on dim 5, function 8
2025-06-10 10:24:18 INFO FeHistory: [176430.32472429 239300.2783536  194380.89933671 ...  39500.80360349
  58549.33161415  46168.55755017]
2025-06-10 10:24:18 INFO Expected Optimum FE: -656.7889979935655
2025-06-10 10:24:21 INFO Aucs is: [0.0, 0.0]
2025-06-10 10:24:21 INFO Detail_aucs is: [0.0]
2025-06-10 10:25:30 INFO Run on dim 5, function 20
2025-06-10 10:25:30 INFO FeHistory: [-81.00620738 -78.19178166 -75.91086694 ... -82.97819078 -83.45412092
 -83.15910863]
2025-06-10 10:25:30 INFO Expected Optimum FE: -100
2025-06-10 10:25:31 INFO Run on dim 5, function 20
2025-06-10 10:25:31 INFO FeHistory: [-76.28004002 -78.28749992 -79.9360831  ... -83.27180243 -84.0258926
 -85.03093678]
2025-06-10 10:25:31 INFO Expected Optimum FE: -100
2025-06-10 10:25:33 INFO Aucs is: [0.0, 0.0, 0.0976730000574487]
2025-06-10 10:25:33 INFO Detail_aucs is: [0.0976730000574487]
2025-06-10 10:25:34 INFO Aucs is: [0.0, 0.0, 0.09455680271970046]
2025-06-10 10:25:34 INFO Detail_aucs is: [0.09455680271970046]
2025-06-10 10:25:37 INFO Run on dim 5, function 20
2025-06-10 10:25:37 INFO FeHistory: [-79.24499501 -79.80993516 -77.99505298 ... -84.74319493 -84.84181965
 -84.09135454]
2025-06-10 10:25:37 INFO Expected Optimum FE: -100
2025-06-10 10:25:40 INFO Aucs is: [0.0, 0.0, 0.0932290477098873]
2025-06-10 10:25:40 INFO Detail_aucs is: [0.0932290477098873]
2025-06-10 10:26:11 INFO Run on dim 5, function 20
2025-06-10 10:26:11 INFO FeHistory: [-80.35663579 -76.50249141 -79.57806323 ... -84.94837169 -83.48945987
 -83.87462697]
2025-06-10 10:26:11 INFO Expected Optimum FE: -100
2025-06-10 10:26:15 INFO Aucs is: [0.0, 0.0, 0.09422681820307185]
2025-06-10 10:26:15 INFO Detail_aucs is: [0.09422681820307185]
2025-06-10 10:28:19 ERROR Can not run the algorithm
2025-06-10 10:28:20 INFO Aucs is: [0.0]
2025-06-10 10:28:20 INFO Detail_aucs is: [0.0]
2025-06-10 10:28:21 ERROR Can not run the algorithm
2025-06-10 10:28:22 INFO Aucs is: [0.0, 0.0]
2025-06-10 10:28:22 INFO Detail_aucs is: [0.0]
2025-06-10 10:28:22 ERROR Can not run the algorithm
2025-06-10 10:28:26 INFO Aucs is: [0.0, 0.0, 0.07687147092383731]
2025-06-10 10:28:26 INFO Detail_aucs is: [0.07687147092383731]
2025-06-10 10:28:54 INFO Run on dim 5, function 1
2025-06-10 10:28:54 INFO FeHistory: [152309.24177821 214034.50580723 127298.48183667 ...  28425.68226497
  18709.10577538  28477.26942979]
2025-06-10 10:28:54 INFO Expected Optimum FE: -1081.9837994003399
2025-06-10 10:28:56 INFO Aucs is: [0.0]
2025-06-10 10:28:56 INFO Detail_aucs is: [0.0]
2025-06-10 10:28:56 INFO Run on dim 5, function 1
2025-06-10 10:28:56 INFO FeHistory: [186184.05759014 186387.18931136 185433.78269597 ...  27168.19893162
  18006.08221237  35413.56349531]
2025-06-10 10:28:56 INFO Expected Optimum FE: -1081.9837994003399
2025-06-10 10:28:58 INFO Aucs is: [0.0]
2025-06-10 10:28:58 INFO Detail_aucs is: [0.0]
2025-06-10 10:28:58 INFO Run on dim 5, function 1
2025-06-10 10:28:58 INFO FeHistory: [136879.14553719 208101.25099415 249164.75381912 ...  -1081.9837994
  -1081.9837994   -1081.9837994 ]
2025-06-10 10:28:58 INFO Expected Optimum FE: -1081.9837994003399
2025-06-10 10:29:00 INFO Aucs is: [0.7524007917907823]
2025-06-10 10:29:00 INFO Detail_aucs is: [0.7524007917907823]
2025-06-10 10:29:30 INFO Run on dim 5, function 8
2025-06-10 10:29:30 INFO FeHistory: [204827.02591452 194178.84902346 120154.9825447  ...  48487.62668957
  72749.31782617  62667.70055458]
2025-06-10 10:29:30 INFO Expected Optimum FE: -656.7889979935655
2025-06-10 10:29:32 INFO Aucs is: [0.0, 0.0]
2025-06-10 10:29:32 INFO Detail_aucs is: [0.0]
2025-06-10 10:29:34 INFO Run on dim 5, function 8
2025-06-10 10:29:34 INFO FeHistory: [233797.6250575  199491.16330668 119372.32021026 ...  57556.8671543
  69360.61666605  63863.5540932 ]
2025-06-10 10:29:34 INFO Expected Optimum FE: -656.7889979935655
2025-06-10 10:29:36 INFO Aucs is: [0.0, 0.0]
2025-06-10 10:29:36 INFO Detail_aucs is: [0.0]
2025-06-10 10:29:36 INFO Run on dim 5, function 8
2025-06-10 10:29:36 INFO FeHistory: [ 2.56151218e+05  2.51211664e+05  3.08914304e+05 ...  3.81944222e+02
  3.97197498e+02 -7.14577678e+01]
2025-06-10 10:29:36 INFO Expected Optimum FE: -656.7889979935655
2025-06-10 10:29:38 INFO Aucs is: [0.7524007917907823, 0.0]
2025-06-10 10:29:38 INFO Detail_aucs is: [0.0]
2025-06-10 10:30:50 INFO Run on dim 5, function 20
2025-06-10 10:30:50 INFO FeHistory: [-80.9546715  -79.32143449 -77.72201048 ... -84.81712057 -81.77215376
 -85.75437964]
2025-06-10 10:30:50 INFO Expected Optimum FE: -100
2025-06-10 10:30:53 INFO Aucs is: [0.0, 0.0, 0.09573531360255659]
2025-06-10 10:30:53 INFO Detail_aucs is: [0.09573531360255659]
2025-06-10 10:30:55 INFO Run on dim 5, function 20
2025-06-10 10:30:55 INFO FeHistory: [-80.05039836 -78.85678672 -77.74570541 ... -83.13018451 -84.15192542
 -84.08296695]
2025-06-10 10:30:55 INFO Expected Optimum FE: -100
2025-06-10 10:30:58 INFO Run on dim 5, function 20
2025-06-10 10:30:58 INFO FeHistory: [-77.82798748 -77.39659437 -76.61395606 ... -95.09457474 -94.55564133
 -94.42790345]
2025-06-10 10:30:58 INFO Expected Optimum FE: -100
2025-06-10 10:30:59 INFO Aucs is: [0.0, 0.0, 0.09860147122764713]
2025-06-10 10:30:59 INFO Detail_aucs is: [0.09860147122764713]
2025-06-10 10:31:01 INFO Aucs is: [0.7524007917907823, 0.0, 0.1410307986630874]
2025-06-10 10:31:01 INFO Detail_aucs is: [0.1410307986630874]
2025-06-10 10:31:12 INFO An exception occured: Traceback (most recent call last):
  File "/Users/macbook/Documents/Code/LLMdesignedEA-comp/llamea/llamea.py", line 365, in evolve_solution
    evolved_individual = self.evaluate_fitness(evolved_individual)
                         ^^^^^^^^^^^^^^^^^^^^^^^^^^^^^^^^^^^^^^^^^
  File "/Users/macbook/Documents/Code/LLMdesignedEA-comp/llamea/llamea.py", line 248, in evaluate_fitness
    updated_individual = self.f(individual, self.logger)
                         ^^^^^^^^^^^^^^^^^^^^^^^^^^^^^^^
  File "/Users/macbook/Documents/Code/LLMdesignedEA-comp/simple_test_f1.py", line 43, in evaluateGNBG
    exec(code, globals()) # extract the code part inside the string, ex exec("a = 3 + 4") -> print(a) -> 7
    ^^^^^^^^^^^^^^^^^^^^^
  File "<string>", line 63
    self.C = 0.8 * self.C + 0.2 * np.outer(best_archive_sol - np.mean([sol for sol,_ in self.archive], axis=0),best_archive_sol - np.mean([sol for sol,_in self.archive], axis=0)) # Centered CMA update
                                                                                                                                                       ^^^^^^^^^^^^^^^^
SyntaxError: invalid syntax. Perhaps you forgot a comma?
.
2025-06-10 10:31:55 INFO Run on dim 5, function 1
2025-06-10 10:31:55 INFO FeHistory: [209481.83740674 153384.75830452 172736.90039457 ...  -1081.98355574
  -1081.98359772  -1081.98361873]
2025-06-10 10:31:55 INFO Expected Optimum FE: -1081.9837994003399
2025-06-10 10:31:55 INFO Run on dim 5, function 1
2025-06-10 10:31:55 INFO FeHistory: [190484.73906802 147042.17441969 180048.22863313 ...  29283.56842179
  28371.48775861  15618.89606681]
2025-06-10 10:31:55 INFO Expected Optimum FE: -1081.9837994003399
2025-06-10 10:31:56 INFO Run on dim 5, function 1
2025-06-10 10:31:56 INFO FeHistory: [ 1.61855052e+05  1.86079971e+05  2.07446155e+05 ...  2.58266614e+01
 -9.26664715e+02  2.30580457e+02]
2025-06-10 10:31:56 INFO Expected Optimum FE: -1081.9837994003399
2025-06-10 10:31:57 INFO Aucs is: [0.44560222941716654]
2025-06-10 10:31:57 INFO Detail_aucs is: [0.44560222941716654]
2025-06-10 10:31:58 INFO Aucs is: [0.0]
2025-06-10 10:31:58 INFO Detail_aucs is: [0.0]
2025-06-10 10:31:58 INFO Aucs is: [0.03922778798918672]
2025-06-10 10:31:58 INFO Detail_aucs is: [0.03922778798918672]
2025-06-10 10:32:42 INFO Run on dim 5, function 8
2025-06-10 10:32:42 INFO FeHistory: [211785.17140776 232587.19854835 194302.47350232 ...  27714.55073209
  62351.41987419  41783.22463749]
2025-06-10 10:32:42 INFO Expected Optimum FE: -656.7889979935655
2025-06-10 10:32:43 INFO Run on dim 5, function 8
2025-06-10 10:32:43 INFO FeHistory: [2.26008781e+05 1.87625215e+05 1.99295923e+05 ... 1.37443766e+02
 2.62521258e+02 1.68007074e+02]
2025-06-10 10:32:43 INFO Expected Optimum FE: -656.7889979935655
2025-06-10 10:32:43 INFO Run on dim 5, function 8
2025-06-10 10:32:43 INFO FeHistory: [263706.7278308  178717.92397272 164747.8452127  ...   -656.78899795
   -656.78899796   -656.78899796]
2025-06-10 10:32:43 INFO Expected Optimum FE: -656.7889979935655
2025-06-10 10:32:44 INFO Aucs is: [0.0, 0.0]
2025-06-10 10:32:44 INFO Detail_aucs is: [0.0]
2025-06-10 10:32:45 INFO Aucs is: [0.03922778798918672, 0.0]
2025-06-10 10:32:45 INFO Detail_aucs is: [0.0]
2025-06-10 10:32:45 INFO Aucs is: [0.44560222941716654, 0.7332386279754856]
2025-06-10 10:32:45 INFO Detail_aucs is: [0.7332386279754856]
2025-06-10 10:34:12 INFO Run on dim 5, function 20
2025-06-10 10:34:12 INFO FeHistory: [-78.60721813 -77.19235246 -78.89557367 ... -84.93699361 -85.41819014
 -85.09281995]
2025-06-10 10:34:12 INFO Expected Optimum FE: -100
2025-06-10 10:34:16 INFO Aucs is: [0.0, 0.0, 0.09725335731489794]
2025-06-10 10:34:16 INFO Detail_aucs is: [0.09725335731489794]
2025-06-10 10:34:18 INFO Run on dim 5, function 20
2025-06-10 10:34:18 INFO FeHistory: [-78.24712754 -77.24445763 -79.60226451 ... -98.46373417 -98.51415876
 -98.77941537]
2025-06-10 10:34:18 INFO Expected Optimum FE: -100
2025-06-10 10:34:18 INFO Run on dim 5, function 20
2025-06-10 10:34:18 INFO FeHistory: [-84.20659539 -78.053013   -80.34892434 ... -88.60093141 -93.9524498
 -92.58814438]
2025-06-10 10:34:18 INFO Expected Optimum FE: -100
2025-06-10 10:34:21 INFO Aucs is: [0.44560222941716654, 0.7332386279754856, 0.18756003782531386]
2025-06-10 10:34:21 INFO Detail_aucs is: [0.18756003782531386]
2025-06-10 10:34:21 INFO Aucs is: [0.03922778798918672, 0.0, 0.13557115129668523]
2025-06-10 10:34:21 INFO Detail_aucs is: [0.13557115129668523]
2025-06-10 10:34:45 INFO An exception occured: Traceback (most recent call last):
  File "/Users/macbook/Documents/Code/LLMdesignedEA-comp/llamea/llamea.py", line 365, in evolve_solution
    evolved_individual = self.evaluate_fitness(evolved_individual)
                         ^^^^^^^^^^^^^^^^^^^^^^^^^^^^^^^^^^^^^^^^^
  File "/Users/macbook/Documents/Code/LLMdesignedEA-comp/llamea/llamea.py", line 248, in evaluate_fitness
    updated_individual = self.f(individual, self.logger)
                         ^^^^^^^^^^^^^^^^^^^^^^^^^^^^^^^
  File "/Users/macbook/Documents/Code/LLMdesignedEA-comp/simple_test_f1.py", line 43, in evaluateGNBG
    exec(code, globals()) # extract the code part inside the string, ex exec("a = 3 + 4") -> print(a) -> 7
    ^^^^^^^^^^^^^^^^^^^^^
  File "<string>", line 64
    self.C = 0.9 * self.C + 0.1 * np.outer(best_archive_sol - np.mean([sol for sol,_ in self.archive], axis=0),best_archive_sol - np.mean([sol for sol,_in self.archive], axis=0)) #More robust update
                                                                                                                                                       ^^^^^^^^^^^^^^^^
SyntaxError: invalid syntax. Perhaps you forgot a comma?
.
2025-06-10 10:35:09 INFO Run on dim 5, function 1
2025-06-10 10:35:09 INFO FeHistory: [147423.27057464 164508.64199112 144678.05899339 ...  -1081.98379924
  -1081.98379927  -1081.98379927]
2025-06-10 10:35:09 INFO Expected Optimum FE: -1081.9837994003399
2025-06-10 10:35:10 INFO Aucs is: [0.6648282939157935]
2025-06-10 10:35:10 INFO Detail_aucs is: [0.6648282939157935]
2025-06-10 10:35:35 INFO Run on dim 5, function 8
2025-06-10 10:35:35 INFO FeHistory: [228199.0531136  185884.34582398 199990.45554427 ...   -656.78899799
   -656.78899799   -656.78899799]
2025-06-10 10:35:35 INFO Expected Optimum FE: -656.7889979935655
2025-06-10 10:35:37 INFO Aucs is: [0.6648282939157935, 0.8354902825927373]
2025-06-10 10:35:37 INFO Detail_aucs is: [0.8354902825927373]
2025-06-10 10:35:59 INFO Run on dim 5, function 1
2025-06-10 10:35:59 INFO FeHistory: [207269.54906456 158060.56817231 155146.5874853  ...  -1081.98376608
  -1081.98376608  -1081.98376609]
2025-06-10 10:35:59 INFO Expected Optimum FE: -1081.9837994003399
2025-06-10 10:36:01 INFO Run on dim 5, function 1
2025-06-10 10:36:01 INFO FeHistory: [204439.37502913 180113.25095958 131618.00051303 ...  -1070.98093053
  -1068.4290447   -1068.29673856]
2025-06-10 10:36:01 INFO Expected Optimum FE: -1081.9837994003399
2025-06-10 10:36:01 INFO Aucs is: [0.5154883009500781]
2025-06-10 10:36:01 INFO Detail_aucs is: [0.5154883009500781]
2025-06-10 10:36:03 INFO Aucs is: [0.08357927631473522]
2025-06-10 10:36:03 INFO Detail_aucs is: [0.08357927631473522]
2025-06-10 10:36:38 INFO Run on dim 5, function 20
2025-06-10 10:36:38 INFO FeHistory: [-80.47047261 -79.01363459 -78.88934066 ... -97.6445916  -97.6445916
 -97.64459161]
2025-06-10 10:36:38 INFO Expected Optimum FE: -100
2025-06-10 10:36:41 INFO Aucs is: [0.6648282939157935, 0.8354902825927373, 0.1592765549467636]
2025-06-10 10:36:41 INFO Detail_aucs is: [0.1592765549467636]
2025-06-10 10:37:13 INFO Run on dim 5, function 8
2025-06-10 10:37:13 INFO FeHistory: [133495.47085669 142965.32821861 169962.77168741 ...   -656.78899694
   -656.78899751   -656.78899678]
2025-06-10 10:37:13 INFO Expected Optimum FE: -656.7889979935655
2025-06-10 10:37:15 INFO Aucs is: [0.5154883009500781, 0.5942333868371833]
2025-06-10 10:37:15 INFO Detail_aucs is: [0.5942333868371833]
2025-06-10 10:37:16 INFO Run on dim 5, function 8
2025-06-10 10:37:16 INFO FeHistory: [186501.16378101 283449.60895107 216360.93269602 ...   -651.34267152
   -650.92916924   -652.86388434]
2025-06-10 10:37:16 INFO Expected Optimum FE: -656.7889979935655
2025-06-10 10:37:17 INFO Aucs is: [0.08357927631473522, 0.10793290120076598]
2025-06-10 10:37:17 INFO Detail_aucs is: [0.10793290120076598]
2025-06-10 10:39:05 INFO Run on dim 5, function 20
2025-06-10 10:39:05 INFO FeHistory: [-78.06581932 -76.43072985 -81.92426557 ... -99.85961794 -99.8484048
 -99.83995363]
2025-06-10 10:39:05 INFO Expected Optimum FE: -100
2025-06-10 10:39:08 INFO Aucs is: [0.5154883009500781, 0.5942333868371833, 0.2652203981663454]
2025-06-10 10:39:08 INFO Detail_aucs is: [0.2652203981663454]
2025-06-10 10:39:10 INFO Run on dim 5, function 20
2025-06-10 10:39:10 INFO FeHistory: [-80.21855658 -77.21849174 -78.2361526  ... -99.73621863 -99.70706763
 -99.74876575]
2025-06-10 10:39:10 INFO Expected Optimum FE: -100
2025-06-10 10:39:13 INFO Aucs is: [0.08357927631473522, 0.10793290120076598, 0.24779307647205712]
2025-06-10 10:39:13 INFO Detail_aucs is: [0.24779307647205712]
2025-06-10 10:39:25 INFO An exception occured: Traceback (most recent call last):
  File "/Users/macbook/Documents/Code/LLMdesignedEA-comp/llamea/llamea.py", line 365, in evolve_solution
    evolved_individual = self.evaluate_fitness(evolved_individual)
                         ^^^^^^^^^^^^^^^^^^^^^^^^^^^^^^^^^^^^^^^^^
  File "/Users/macbook/Documents/Code/LLMdesignedEA-comp/llamea/llamea.py", line 248, in evaluate_fitness
    updated_individual = self.f(individual, self.logger)
                         ^^^^^^^^^^^^^^^^^^^^^^^^^^^^^^^
  File "/Users/macbook/Documents/Code/LLMdesignedEA-comp/simple_test_f1.py", line 43, in evaluateGNBG
    exec(code, globals()) # extract the code part inside the string, ex exec("a = 3 + 4") -> print(a) -> 7
    ^^^^^^^^^^^^^^^^^^^^^
  File "<string>", line 64
    self.C = (1 - learning_rate) * self.C + learning_rate * np.outer(best_archive_sol - np.mean([sol for sol,_ in self.archive], axis=0),best_archive_sol - np.mean([sol for sol,_in self.archive], axis=0))
                                                                                                                                                                                 ^^^^^^^^^^^^^^^^
SyntaxError: invalid syntax. Perhaps you forgot a comma?
.
2025-06-10 10:39:25 ERROR Can not run the algorithm
2025-06-10 10:39:26 INFO An exception occured: Traceback (most recent call last):
  File "/Users/macbook/Documents/Code/LLMdesignedEA-comp/llamea/llamea.py", line 365, in evolve_solution
    evolved_individual = self.evaluate_fitness(evolved_individual)
                         ^^^^^^^^^^^^^^^^^^^^^^^^^^^^^^^^^^^^^^^^^
  File "/Users/macbook/Documents/Code/LLMdesignedEA-comp/llamea/llamea.py", line 248, in evaluate_fitness
    updated_individual = self.f(individual, self.logger)
                         ^^^^^^^^^^^^^^^^^^^^^^^^^^^^^^^
  File "/Users/macbook/Documents/Code/LLMdesignedEA-comp/simple_test_f1.py", line 43, in evaluateGNBG
    exec(code, globals()) # extract the code part inside the string, ex exec("a = 3 + 4") -> print(a) -> 7
    ^^^^^^^^^^^^^^^^^^^^^
  File "<string>", line 64
    self.C = (1 - learning_rate) * self.C + learning_rate * np.outer(best_archive_sol - np.mean([sol for sol,_ in self.archive], axis=0),best_archive_sol - np.mean([sol for sol,_in self.archive], axis=0))
                                                                                                                                                                                 ^^^^^^^^^^^^^^^^
SyntaxError: invalid syntax. Perhaps you forgot a comma?
.
2025-06-10 10:39:27 INFO Aucs is: [0.0]
2025-06-10 10:39:27 INFO Detail_aucs is: [0.0]
2025-06-10 10:39:27 ERROR Can not run the algorithm
2025-06-10 10:39:28 INFO Aucs is: [0.0, 0.0]
2025-06-10 10:39:28 INFO Detail_aucs is: [0.0]
2025-06-10 10:39:28 ERROR Can not run the algorithm
2025-06-10 10:39:31 INFO Aucs is: [0.0, 0.0, 0.07805475554239553]
2025-06-10 10:39:31 INFO Detail_aucs is: [0.07805475554239553]
2025-06-10 10:40:08 INFO Run on dim 5, function 1
2025-06-10 10:40:08 INFO FeHistory: [228522.51950795 144067.63696964 145647.61985613 ...  -1081.98379815
  -1081.983798    -1081.98379724]
2025-06-10 10:40:08 INFO Expected Optimum FE: -1081.9837994003399
2025-06-10 10:40:10 INFO Aucs is: [0.600475438417799]
2025-06-10 10:40:10 INFO Detail_aucs is: [0.600475438417799]
2025-06-10 10:40:53 INFO Run on dim 5, function 8
2025-06-10 10:40:53 INFO FeHistory: [243454.25738172 204007.79373097 145049.13830169 ...   -656.78899799
   -656.78899799   -656.78899799]
2025-06-10 10:40:53 INFO Expected Optimum FE: -656.7889979935655
2025-06-10 10:40:54 INFO Aucs is: [0.600475438417799, 0.7820089290993039]
2025-06-10 10:40:54 INFO Detail_aucs is: [0.7820089290993039]
2025-06-10 10:42:22 INFO Run on dim 5, function 20
2025-06-10 10:42:22 INFO FeHistory: [-77.30802731 -75.91259119 -74.97841836 ... -99.57312549 -99.57373284
 -99.57282174]
2025-06-10 10:42:22 INFO Expected Optimum FE: -100
2025-06-10 10:42:25 INFO Aucs is: [0.600475438417799, 0.7820089290993039, 0.22223324096052563]
2025-06-10 10:42:25 INFO Detail_aucs is: [0.22223324096052563]
2025-06-10 10:43:16 INFO An exception occured: Traceback (most recent call last):
  File "/Users/macbook/Documents/Code/LLMdesignedEA-comp/llamea/llamea.py", line 365, in evolve_solution
    evolved_individual = self.evaluate_fitness(evolved_individual)
                         ^^^^^^^^^^^^^^^^^^^^^^^^^^^^^^^^^^^^^^^^^
  File "/Users/macbook/Documents/Code/LLMdesignedEA-comp/llamea/llamea.py", line 248, in evaluate_fitness
    updated_individual = self.f(individual, self.logger)
                         ^^^^^^^^^^^^^^^^^^^^^^^^^^^^^^^
  File "/Users/macbook/Documents/Code/LLMdesignedEA-comp/simple_test_f1.py", line 43, in evaluateGNBG
    exec(code, globals()) # extract the code part inside the string, ex exec("a = 3 + 4") -> print(a) -> 7
    ^^^^^^^^^^^^^^^^^^^^^
  File "<string>", line 66
    self.C = 0.9 * self.C + 0.1 * np.outer(best_archive_sol - np.mean([sol for sol,_ in self.archive], axis=0),best_archive_sol - np.mean([sol for sol,_in self.archive], axis=0))
                                                                                                                                                       ^^^^^^^^^^^^^^^^
SyntaxError: invalid syntax. Perhaps you forgot a comma?
.
2025-06-10 10:44:15 INFO Run on dim 5, function 1
2025-06-10 10:44:15 INFO FeHistory: [145131.79538032 176028.99772676 164541.00373312 ...  -1081.98131758
  -1081.98112621  -1081.97881669]
2025-06-10 10:44:15 INFO Expected Optimum FE: -1081.9837994003399
2025-06-10 10:44:15 INFO Run on dim 5, function 1
2025-06-10 10:44:15 INFO FeHistory: [112957.19105426 150275.32159183 173839.6090109  ...  -1081.9837994
  -1081.9837994   -1081.9837994 ]
2025-06-10 10:44:15 INFO Expected Optimum FE: -1081.9837994003399
2025-06-10 10:44:16 INFO Aucs is: [0.332438316837446]
2025-06-10 10:44:16 INFO Detail_aucs is: [0.332438316837446]
2025-06-10 10:44:16 INFO Aucs is: [0.7837903313282286]
2025-06-10 10:44:16 INFO Detail_aucs is: [0.7837903313282286]
2025-06-10 10:44:53 INFO Run on dim 5, function 1
2025-06-10 10:44:53 INFO FeHistory: [105873.1102042  161251.78487066 209331.71974354 ...  -1081.98165967
  -1081.98137223  -1081.98136278]
2025-06-10 10:44:53 INFO Expected Optimum FE: -1081.9837994003399
2025-06-10 10:44:54 INFO Aucs is: [0.31807881171018965]
2025-06-10 10:44:54 INFO Detail_aucs is: [0.31807881171018965]
2025-06-10 10:45:12 INFO Run on dim 5, function 8
2025-06-10 10:45:12 INFO FeHistory: [187873.35976571 134742.71945188 197798.30173015 ...   -656.78854661
   -656.78799054   -656.78791191]
2025-06-10 10:45:12 INFO Expected Optimum FE: -656.7889979935655
2025-06-10 10:45:13 INFO Run on dim 5, function 8
2025-06-10 10:45:13 INFO FeHistory: [139737.08466711 149396.80947008 214768.4727132  ...   -656.78229968
   -656.78483495   -656.78211315]
2025-06-10 10:45:13 INFO Expected Optimum FE: -656.7889979935655
2025-06-10 10:45:14 INFO Aucs is: [0.7837903313282286, 0.3598028419631211]
2025-06-10 10:45:14 INFO Detail_aucs is: [0.3598028419631211]
2025-06-10 10:45:15 INFO Aucs is: [0.332438316837446, 0.32909401233027674]
2025-06-10 10:45:15 INFO Detail_aucs is: [0.32909401233027674]
2025-06-10 10:47:45 INFO Run on dim 5, function 20
2025-06-10 10:47:45 INFO FeHistory: [-78.88687493 -78.55271206 -78.35828912 ... -99.92363582 -99.92925842
 -99.93950104]
2025-06-10 10:47:45 INFO Expected Optimum FE: -100
2025-06-10 10:47:48 INFO Run on dim 5, function 20
2025-06-10 10:47:48 INFO FeHistory: [-77.67267042 -77.57730552 -78.14992444 ... -98.25805713 -98.25687205
 -98.25631733]
2025-06-10 10:47:48 INFO Expected Optimum FE: -100
2025-06-10 10:47:50 INFO Aucs is: [0.7837903313282286, 0.3598028419631211, 0.2974450503069311]
2025-06-10 10:47:50 INFO Detail_aucs is: [0.2974450503069311]
2025-06-10 10:47:53 INFO Aucs is: [0.332438316837446, 0.32909401233027674, 0.1726054200619399]
2025-06-10 10:47:53 INFO Detail_aucs is: [0.1726054200619399]
2025-06-10 10:50:36 INFO Run on dim 5, function 8
2025-06-10 10:50:36 INFO FeHistory: [192558.41174528 215672.73513242 161903.96381046 ...   -656.78014871
   -656.78014816   -656.78014672]
2025-06-10 10:50:36 INFO Expected Optimum FE: -656.7889979935655
2025-06-10 10:50:39 INFO Aucs is: [0.31807881171018965, 0.3327672516013242]
2025-06-10 10:50:39 INFO Detail_aucs is: [0.3327672516013242]
2025-06-10 11:00:31 INFO Run on dim 5, function 20
2025-06-10 11:00:31 INFO FeHistory: [-78.96932914 -79.68635812 -78.1279424  ... -99.69627241 -99.76014826
 -99.76005882]
2025-06-10 11:00:31 INFO Expected Optimum FE: -100
2025-06-10 11:00:34 INFO Aucs is: [0.31807881171018965, 0.3327672516013242, 0.24299328239300355]
2025-06-10 11:00:34 INFO Detail_aucs is: [0.24299328239300355]
2025-06-10 11:00:46 INFO An exception occured: Traceback (most recent call last):
  File "/Users/macbook/Documents/Code/LLMdesignedEA-comp/llamea/llamea.py", line 365, in evolve_solution
    evolved_individual = self.evaluate_fitness(evolved_individual)
                         ^^^^^^^^^^^^^^^^^^^^^^^^^^^^^^^^^^^^^^^^^
  File "/Users/macbook/Documents/Code/LLMdesignedEA-comp/llamea/llamea.py", line 248, in evaluate_fitness
    updated_individual = self.f(individual, self.logger)
                         ^^^^^^^^^^^^^^^^^^^^^^^^^^^^^^^
  File "/Users/macbook/Documents/Code/LLMdesignedEA-comp/simple_test_f1.py", line 43, in evaluateGNBG
    exec(code, globals()) # extract the code part inside the string, ex exec("a = 3 + 4") -> print(a) -> 7
    ^^^^^^^^^^^^^^^^^^^^^
  File "<string>", line 64
    self.C = (1 - learning_rate) * self.C + learning_rate * np.outer(best_archive_sol - np.mean([sol for sol,_ in self.archive], axis=0),best_archive_sol - np.mean([sol for sol,_in self.archive], axis=0))
                                                                                                                                                                                 ^^^^^^^^^^^^^^^^
SyntaxError: invalid syntax. Perhaps you forgot a comma?
.
