2025-06-11 08:23:06 INFO --- GNBG Problem Parameters for f1 ---
  Dimension: 30, MaxEvals: 500000
  Search Bounds: [-100, 100]
  Number of Components: 1
  Known Optimum Value: -1081.983799
  Lambda (Curvature): [1]
  Mu (Asymmetry/Depth): [0 0]
----------------------------------------
2025-06-11 08:23:07 INFO Run function 1 complete. FEHistory len: 5000, AOCC: 0.0000
2025-06-11 08:23:07 INFO FeHistory: [171652.69939993 136005.00541476 129099.58401149 ...   1641.5175177
   1666.34855639   1247.89076011]
2025-06-11 08:23:07 INFO Expected Optimum FE: -1081.9837994003399
2025-06-11 08:23:07 INFO --- GNBG Problem Parameters for f8 ---
  Dimension: 30, MaxEvals: 500000
  Search Bounds: [-100, 100]
  Number of Components: 1
  Known Optimum Value: -656.788998
  Lambda (Curvature): [1]
  Mu (Asymmetry/Depth): [0.2 0.2]
----------------------------------------
2025-06-11 08:23:07 INFO Run function 8 complete. FEHistory len: 5000, AOCC: 0.0000
2025-06-11 08:23:07 INFO FeHistory: [303624.08227711 166566.30664974 177696.10909407 ...   7595.07049432
   7605.71874235   9298.07099118]
2025-06-11 08:23:07 INFO Expected Optimum FE: -656.7889979935655
2025-06-11 08:23:07 INFO --- GNBG Problem Parameters for f20 ---
  Dimension: 30, MaxEvals: 1000000
  Search Bounds: [-100, 100]
  Number of Components: 5
  Known Optimum Value: -100.000000
  Lambda (Curvature): [0.25 0.25 0.25 0.25 0.25]
  Mu (Asymmetry/Depth): [0.4901829  0.25862884 0.37043014 0.37440768 0.26098797 0.491006
 0.27569772 0.45404864 0.42314776 0.27195433]
----------------------------------------
2025-06-11 08:23:07 INFO --- GNBG Problem Parameters for f1 ---
  Dimension: 30, MaxEvals: 500000
  Search Bounds: [-100, 100]
  Number of Components: 1
  Known Optimum Value: -1081.983799
  Lambda (Curvature): [1]
  Mu (Asymmetry/Depth): [0 0]
----------------------------------------
2025-06-11 08:23:07 INFO --- GNBG Problem Parameters for f1 ---
  Dimension: 30, MaxEvals: 500000
  Search Bounds: [-100, 100]
  Number of Components: 1
  Known Optimum Value: -1081.983799
  Lambda (Curvature): [1]
  Mu (Asymmetry/Depth): [0 0]
----------------------------------------
2025-06-11 08:23:08 INFO Run function 1 complete. FEHistory len: 5000, AOCC: 0.0000
2025-06-11 08:23:08 INFO FeHistory: [149341.23614291 144855.4473978  156001.00880219 ... 230032.22129273
 296024.54805953 719278.35002205]
2025-06-11 08:23:08 INFO Expected Optimum FE: -1081.9837994003399
2025-06-11 08:23:08 INFO --- GNBG Problem Parameters for f8 ---
  Dimension: 30, MaxEvals: 500000
  Search Bounds: [-100, 100]
  Number of Components: 1
  Known Optimum Value: -656.788998
  Lambda (Curvature): [1]
  Mu (Asymmetry/Depth): [0.2 0.2]
----------------------------------------
2025-06-11 08:23:08 INFO Run function 1 complete. FEHistory len: 5000, AOCC: 0.0000
2025-06-11 08:23:08 INFO FeHistory: [203631.3561995  212151.44594796 159894.3535768  ... 137014.16306306
 161184.94065016 137191.02458522]
2025-06-11 08:23:08 INFO Expected Optimum FE: -1081.9837994003399
2025-06-11 08:23:08 INFO --- GNBG Problem Parameters for f8 ---
  Dimension: 30, MaxEvals: 500000
  Search Bounds: [-100, 100]
  Number of Components: 1
  Known Optimum Value: -656.788998
  Lambda (Curvature): [1]
  Mu (Asymmetry/Depth): [0.2 0.2]
----------------------------------------
2025-06-11 08:23:08 INFO Run function 8 complete. FEHistory len: 5000, AOCC: 0.0000
2025-06-11 08:23:08 INFO FeHistory: [182146.1261536  160723.54892578 117927.80270167 ... 214159.12255332
 279914.16976585 466849.71481206]
2025-06-11 08:23:08 INFO Expected Optimum FE: -656.7889979935655
2025-06-11 08:23:08 INFO --- GNBG Problem Parameters for f20 ---
  Dimension: 30, MaxEvals: 1000000
  Search Bounds: [-100, 100]
  Number of Components: 5
  Known Optimum Value: -100.000000
  Lambda (Curvature): [0.25 0.25 0.25 0.25 0.25]
  Mu (Asymmetry/Depth): [0.4901829  0.25862884 0.37043014 0.37440768 0.26098797 0.491006
 0.27569772 0.45404864 0.42314776 0.27195433]
----------------------------------------
2025-06-11 08:23:09 INFO Run function 8 complete. FEHistory len: 5000, AOCC: 0.0000
2025-06-11 08:23:09 INFO FeHistory: [213590.40015269 232141.71146321 210522.22169322 ... 146891.35897945
 137497.43947433 111731.59302952]
2025-06-11 08:23:09 INFO Expected Optimum FE: -656.7889979935655
2025-06-11 08:23:09 INFO --- GNBG Problem Parameters for f20 ---
  Dimension: 30, MaxEvals: 1000000
  Search Bounds: [-100, 100]
  Number of Components: 5
  Known Optimum Value: -100.000000
  Lambda (Curvature): [0.25 0.25 0.25 0.25 0.25]
  Mu (Asymmetry/Depth): [0.4901829  0.25862884 0.37043014 0.37440768 0.26098797 0.491006
 0.27569772 0.45404864 0.42314776 0.27195433]
----------------------------------------
2025-06-11 08:23:10 INFO --- GNBG Problem Parameters for f1 ---
  Dimension: 30, MaxEvals: 500000
  Search Bounds: [-100, 100]
  Number of Components: 1
  Known Optimum Value: -1081.983799
  Lambda (Curvature): [1]
  Mu (Asymmetry/Depth): [0 0]
----------------------------------------
2025-06-11 08:23:10 ERROR Can not run the algorithm
2025-06-11 08:23:10 INFO Run function 1 complete. FEHistory len: 900, AOCC: 0.0000
2025-06-11 08:23:10 INFO FeHistory: [153732.95019142 168702.32870697 198898.17590472 217445.6402543
 174970.44101159 143229.51487023 105986.23652895 135826.85773498
  87067.96848261 149795.94032689 160367.32481872 244099.55592196
 156370.8044644  162362.52641697 136904.03022116 151740.49806494
 159857.66539542 203424.76802417 140576.24143663 213883.99976586
 177831.45474731 126431.37419753 180742.23777117 181874.33135969
 214576.84825464 150480.13754311 220631.5105777  191869.46024963
 133176.5638827  179950.94263298 175521.64956176 242656.72513324
 210939.70180266 165983.29763522 124157.36974476 134216.94877343
 236072.82649228 200792.70277041 206598.73938893 168055.25911509
 163370.16898269 161506.8283993  153609.76777843 195345.71618276
 178752.79965228 188418.79915353 192736.64948535 151141.20677197
 137847.75987676 160462.60495302 174976.49631049 188789.96858256
 140090.91994463 205374.45369385 177138.12486204 175824.83935704
 182239.42802205 182215.66932067 133984.19539852 231746.30484071
 152817.73961788 120735.15763964 252241.95459675 174021.93277911
 174162.03700165  98307.30270789 172565.77434783 149990.78746007
 149665.91390998 211354.32177791 152708.36389255 189808.3054565
 214369.03780971 166208.86614452 186630.83856587 234984.2517543
 150760.9998627  164024.1869165  124375.82695244 265034.83376728
 149779.31511864 244858.06153105 197182.42931811 161277.62679808
 134707.56799291 142181.75217255 189908.03440587 159250.04198297
 176753.65487624 205687.91563224 181115.56945096 203933.26427743
 147342.31418509 145233.23786558 159536.34357725 166486.14893384
 148538.69513403 186699.03620384 247670.46208391 136101.90395879
 143855.22501446 191647.15290238 114500.93429574 195333.19678904
 166763.76636527 244766.75574466 255893.04701496 139522.29274007
 197724.74577295 232071.71837701 173967.21345739 181366.13700065
 168106.79183796 153639.30707312 165481.06421095 149439.10940246
 201079.74257547 177681.07917897 195461.25242688 122942.30512309
 183728.50154218 190631.29278401 165298.94013283 145519.82599344
 153950.19574871 128602.36027746 140397.97979739 204414.82333776
 147864.24030142 157634.5259636   99265.84922323 154508.07685935
 164076.19081583 189771.94664073 209074.39594465 196772.91553597
 117845.31020135 171954.28626381 221489.20298782 158781.85583742
 184424.13381659 137186.75937929 215866.71621226 216012.56086679
 195798.37301495 203584.31980425 155757.28779217 139178.18710046
 148607.47794218 145631.29322942 156255.14095904 136502.91651323
 169753.70726788 202090.32246576 238409.2203666  242739.21684938
 211123.59106481 205694.41164085 200324.08220408 125660.3826925
 175411.76557808 162661.501022   155426.91398374 193876.93090111
 184070.07641083 203481.4855603  168075.7908876  162115.01890797
 182665.50764947 212630.13237739 140532.5357577  204231.5513861
 152644.47532481 210036.46258151 181095.30288828 142504.02827065
 183637.87387811 183124.17607355 132446.49074816 118077.64327676
 187884.49209795 266127.47866418 203953.73985514 179957.26324609
 162866.54731286 176927.13907618 138190.25471784 146357.26812253
 182481.78688759 128311.39955037 112248.88537626 131988.66361688
 168656.05903597 228678.56538854 145239.61136553 179317.16107813
 193290.51291279 148466.40033456 248136.2561489  132649.6838109
 175924.78252128 176479.52120032 172349.16072397 169511.03582678
 161406.60769722 218022.7487452  148063.16149014 178166.87838887
 183505.83928958 178461.04325117 165205.21246467 182174.90060805
 161405.2934115  193279.78882469  95079.22318747 219645.68614468
 159795.32342835 140215.26201259 164958.70998019 162502.08373913
 171662.62273543 109676.50002209 182756.37826074 150032.73318028
 193844.87319926 165902.47718195 148325.79945418 206407.66106628
 222941.70360513 186250.32816642 178912.19735089 234146.5502436
 101524.28103783 203390.8908894  118316.00852475 108311.18708627
 153196.52177004 165413.93961363 131250.46937102 154954.68706448
 147791.77092647 151886.50032101 232487.97787215 149838.97884182
 152850.61824293 138789.84952746  75847.56810506 142949.34194043
 194400.0081944  185392.38263864 133366.36104451 171870.64524162
 227318.14536527 148127.2784269  194807.87425945 135603.36557521
 168057.69782295 184653.41079755 196810.40144637 172867.50536985
 189490.06271825 192348.26299025 119258.62034558 177527.60310535
 241497.22565008 171029.79836319 174964.64422973 178190.75774063
 215335.20117393 175765.74382619 171091.22241562 193822.94119553
 165923.18567745 109791.19365145 120696.81035541 190157.70686636
 159448.05034213 190077.649261   224990.53603973 159992.37143332
 141562.75799985 209665.86203247 193095.21201939 165304.73421723
 194907.54102369 211173.56538105 180501.38433695 111008.07096384
 152583.83826847 105468.72958952 289082.47641517 197605.97249491
 222713.98613467 158998.72696229 182272.48782118 198358.54619625
 175263.51343489 171009.71035603  92267.12061784 185838.59646019
 268731.02984166 216141.11099101 318683.83698329 180549.77152093
 183363.99158647 202336.72137947 231851.3425412  169062.63947459
 199110.94760555 226033.0418366  180929.60413956 194165.31212453
 237548.92729998 213301.68237607 178464.08337986 269087.55592547
 256989.89178589 238641.49391937 231481.97895459 250935.99795802
 260121.98237885 214939.47826526 264100.90359256 226857.56217663
 266423.88502005 191662.32685256 237227.4782437  176351.47774172
 151013.29379168 207046.38257729 302655.88961502 217024.97306856
 254554.87440177 285822.76837498 210442.46852514 227657.23166273
 194161.11715452 275194.03116508 209745.26185452 205532.20514746
 184488.2180622  247605.44157877 285415.06212376 205719.55230078
 222145.77666728 170727.48157281 210217.83123715 138272.72481951
 176802.76617072 233033.87886005 243433.75906438 266443.1065717
 140332.36014642 253710.902121   232094.12708088 224451.56793885
 248645.79086381 133885.62301031 152585.48411678 255524.07869414
 184197.33944388 174647.04517377 168684.89806174 177698.88031522
 180396.82049419 196479.52121202 222574.99654461 248000.20224836
 213274.1412851  168487.81636137 103987.38628116 201125.10828316
 261882.3638669  209206.50710144 162480.02828029 231689.04942002
 238725.24616502 194490.71488505 195208.86690751 228735.06441265
 166664.05179391 193028.43144333 163093.94942431 158232.02414435
 146139.43867379 234325.30093619 286320.89467487 164862.13597445
 258307.55230795 247277.38447914 205969.7761051  269803.51772596
 210604.69491666 109325.10060147 214605.80718788 279839.85407036
  90862.72707464 155583.30457561 149204.43592044 198230.10213215
 288337.12123199 136420.19535262 291044.95221611 139727.84309779
 206213.66558948 218704.99316161 161348.51251274 180851.31172545
 245003.89869815 167866.24040018 346745.19149454 168635.67482878
 194080.51019636 213286.028337   206383.10170558  96393.67486351
 236784.87696867 195790.8221094  277181.71208038 263493.09049952
 135741.12476338 241543.92007555 221035.81367566 215171.25851151
 225870.96142084 198576.28126686 211571.10262995 168839.88759355
 168620.24382691 205525.27950308 299904.25755425 182903.06345589
 212154.15688831 199596.34797948 206941.60301018 124885.63727011
 203113.32742749 192133.17823782 244371.99739674 240678.75678292
 152640.72895827 182921.5760408  208956.39028905  82816.84062392
 198795.97624741 161211.04081735 258016.77234158 125342.16926468
 243695.37505161 235941.11095641 218108.86879739 153941.16140748
 214884.77131643 224751.92489175 245594.68140891 190295.53246698
 235649.49055899 164836.94019083 205779.57734848 179118.66128371
 209413.85083014 167968.63847168 153239.36894185 170674.1834205
 193925.85489936 203790.11501073 175347.62468881 293704.5663446
 239013.18111659 183746.98054386 206027.23337631 176492.88509078
 172429.83962668 180048.39058666 233490.04280995 193762.00190656
 230259.80390638 140514.38263793 276227.84504727 142629.80377748
 219146.6955596  251116.65973628 251947.81708927 197121.38194745
 232773.34677544 187851.52962423 226151.87331024 190485.0607958
 200976.2160437  144939.83535558 165144.66414051 160137.66878601
 225887.04797324 193611.9528543  212984.45987688 214656.68971505
 226915.34395661 237261.75063059 113299.65034298 158411.98417536
 152001.00176856 329698.10358553 258160.77465512  87332.36802984
 227693.04699941 179725.85467522 176319.57673357 171572.02906267
 290474.07462549 306181.07638087 318709.97896078 297621.10844642
 164130.7128711  221227.87325781 252691.02848622 217464.67325362
 182257.24146696 170757.67250902 189721.23238481 153177.2371049
 312799.39336885 168061.5904045  206225.61480411 203758.77682445
 225522.9810011  164748.90027988 290469.72015112 167122.70980308
 216826.98479592 221457.08246324 208764.8892927  244747.23920305
 149419.90290228 197655.89272414 259423.81180765 298849.54533626
 323344.53889736 159146.69148957 193812.988269   187539.82549017
 206935.78168323 266009.28960812 282496.72540104 175830.94621589
  92681.17929042 226327.23380784 214148.41120746 318299.74782555
 122811.53819536 175698.95709452 229606.10106241 213600.84688968
 182105.99552027 247662.56917728 183069.99613044 194674.6842165
 204131.19043267 227823.1023555  143869.23121092 210462.17454203
 235800.83511444 187556.37078245 304493.18206129 176225.58739183
 260326.32460407 297541.28764728 187546.09532437 255904.21949021
 152920.12717075 174639.23745413 229568.44195954 148395.75013674
 193288.99785243 251051.84098555 167186.77563088 197858.46958784
 253035.25282364 149051.13785624 162188.05207564 185530.48146496
 212815.63115864 167511.09157385 306885.0162431  175701.8710624
 201121.90714483 230355.1310482  132532.56047003 246463.56440258
 153584.64826935 169751.44679461 251471.06249035 171697.05717558
 149128.00979966 271040.70856364 188575.37078172 292396.91895089
 156917.04757955 230135.5448363  256649.77233121 162878.63861046
 172668.48627092 181565.3347202  223871.92559967  78673.84105584
 137154.74257704 173409.89106366 100475.836869   199389.734093
 153278.33866326 185763.22060748 177086.31126114 147166.28226354
 175104.64004233 208386.53075943 189519.3948724  186935.6448526
 152853.06119202 135395.92449044 141085.44100276 194763.60832907
 192336.70310911 159052.3585094  216299.63667106 188778.99286747
 176666.74967977 230629.89074112 188185.65890096 177269.94084409
 205922.933338   194058.05417235 163618.23412877  99111.94900221
 169489.03460488 199531.92325205 191970.29401208 180656.03131828
 169822.07481436 152093.32705986 179793.5244526  180913.85911024
 140850.85671704 174274.57790434 186973.44754735 224985.23629119
 135348.58643766 240121.86217799 180124.77696216 104687.8893502
 192744.67140785 186436.70624749 200431.74356648 190540.488427
 167408.53018185 237892.39272381 168048.59453422 168673.11978309
 159165.23534197 116526.22309794 142818.36194138 212888.76381778
 152575.31070166 189840.15495211 237766.51288955 174167.42297801
 103842.63905807 221189.27450314 189029.8741749  226933.73702448
 154496.56194419 132158.9259079  219933.45987489 196430.87945373
 217962.61575819 210169.5833547  209734.42843595 136214.08147908
 173973.76827577 175753.01066638 172787.97712936 219843.16287579
 147728.02775894 253165.6383028  248127.92638003 176302.14915715
 180584.59836465 185495.99278354 167370.25645895 192648.55327259
 179385.12138107 218122.41679671 175281.68039031 270483.02955672
 227005.17650655 204145.58483494 149179.17771191 235575.76254175
 141919.08793506 134762.58751415 241171.06638164 216452.91728917
 119825.1432867  164255.89377579 178932.49241858 186425.93397727
 136830.47629168 159070.62945862 255263.14290539 211214.97506394
 177823.02831715 173580.04105828 183899.62124282 193843.20579641
 130871.85079241 120740.9093469  169313.32600701 183798.47392441
 153754.24048085 193868.77947841 149629.54872472 177466.94731083
 168421.24811081 155365.40975499 185465.82528494 155461.54900869
 191429.08599137 206736.07756248 188642.99465148 163180.5510194
 147469.43295293 138143.82665121 134018.93175653 149966.666042
 177717.19352251 185248.44986316 140631.8791886  135778.3202879
 149165.90154196 159539.62404476 171267.65458029 142783.39114171
 170619.74564484 241660.73945865 244393.60415386 184186.39989188
 230544.45548882 122239.06963826 156048.79043635 184516.01242544
 211702.32209394 202825.70004166 213808.69810645 227499.23736222
 200323.02002614 225141.53216899 210528.36675353 183903.40452874
 173133.45402757 113802.67940057 144252.33674902 137728.12182232
 174335.69494087 206317.52923827 213161.40560973 159277.18342021
 179818.01124348 191870.23080915 188900.24222876 174589.98818871
 183572.96160363 163477.20876703 119346.82561255 174800.00625786
 139407.50044371 175982.11030211 193299.43138473 177608.62515319
 165902.87927942 204682.61126728 241711.195582   147700.51540257
 197563.72292849 198972.47829934 174710.59135645 122619.45401436
 162469.84144131 200656.82097029 185069.60737651 159050.73310972
 251488.39018523 176578.03587241 155026.10416168 179317.21681348
 181141.27208936 186088.06628367 220591.03573174 126249.32680709
 239019.51150286 237406.48582423 187477.09650221 224633.10115062
 218315.00856062 252111.49538473 210137.95757081 196547.91494756
 232367.64290879 195530.95310873 201735.84774868 174298.26245048
 212603.93152667 202093.68579897 115601.45662774 112561.57749151
 185404.91449817 163376.05341744 188225.13496386 200527.76129952
 177474.94129602 222479.17262075 214126.60020354 186359.85161178
 224627.8406843  191701.47954442 158558.19183417 185310.40457167
 181279.05573003 197927.61537304 187738.44491356 182733.29153442
 186344.09126208 187899.75959652 188719.08052446 158110.69829892
 149763.83149493 160620.67687494 182322.17362925 211722.02245116
 143494.60076586 177713.94943791 169020.21692508 164436.09712528
 179524.46569051 216327.71215154 191692.50698263 280550.32996818
 137287.05094861 247919.59385266 132546.76918235 184417.153495
 211930.14817527 170080.40209413 188004.91806233 220078.69099536
 189054.94882585 265005.19349357 230386.17259791 193464.81562356
 153749.15976285 181057.50457331 107466.49818852 176767.95149425
 198362.44119912 192431.63631236 102065.82487773 154470.63941729
 204102.37127328 225427.51830302 219979.57411835 189649.74576277
 182688.49521263 222327.81400448 197314.12591854 143410.02995182
 204504.96463349 170816.4848318  177523.64258443 247258.32193063
 169590.34975771 241926.32265785 205577.18037821 239801.84753569
 139174.14560547 216540.77246638 221082.43190511 217616.86035551
 236227.24359378 206130.46154365 196668.56373779 129585.22800022
 147372.66158093 160216.75450067 190716.73975508 214503.12105574
 173793.95860793 207993.78538307 177771.39123846 172701.53880364
 145107.04456257 128720.13688801 177118.38057165 179750.29044056]
2025-06-11 08:23:10 INFO Expected Optimum FE: -1081.9837994003399
2025-06-11 08:23:10 INFO --- GNBG Problem Parameters for f8 ---
  Dimension: 30, MaxEvals: 500000
  Search Bounds: [-100, 100]
  Number of Components: 1
  Known Optimum Value: -656.788998
  Lambda (Curvature): [1]
  Mu (Asymmetry/Depth): [0.2 0.2]
----------------------------------------
2025-06-11 08:23:10 ERROR Can not run the algorithm
2025-06-11 08:23:10 INFO Run function 8 complete. FEHistory len: 900, AOCC: 0.0000
2025-06-11 08:23:10 INFO FeHistory: [172708.38202439 150884.93465284 158518.02040585 159061.89971551
 200764.38227672 179072.359215   351330.15647701 260339.94551445
 102937.41162551 181100.56172953 217849.05861439 204326.95321859
  93375.33685556 172525.73836875 252491.41979567 259221.7411261
 266170.63900317 206558.37306141 148714.48929519 136880.54881491
 192729.65785029 195960.43299012 235665.8137354  273764.65353514
 170430.75290403 180852.51557482 231971.21567331 181836.12160956
 116576.64144515 168076.89444553 205038.25554683 142552.42804012
 157240.56529097 201375.6398134  205077.12772904 259026.43988948
 252201.97138823 160514.27378078 214021.06455344 233244.38644881
 182186.38030706 116312.68695183 140428.58405801 424458.76787036
 151983.46982424 161019.63208897 206867.51391917 185427.39865057
 108574.62802461 151131.82131324 125447.17042422 127724.43892042
 231381.91280765 190543.07876998 233694.95081269 200906.09074104
 273718.36674033 210419.96618681 226963.09435073 168298.76529612
 261428.2179948  147574.44563696 148409.94140204 172120.62089243
 237199.52588752 231651.54724616 167714.34286915 203568.38053716
 275254.43588394 242388.97471157 197165.65657005 169000.6166045
 157524.06487432 163434.01031805 139821.70154497 156646.08133981
 214227.50147992 184020.89425424 227179.93031052 162938.88867748
 236006.69467474 117351.54464301 120088.74786866 206298.16621234
 171621.91193407 224252.9221033  221418.60685725 126336.34781334
 125437.22344203 217653.58434597 124755.09586171 227500.3085031
 187253.19693606 182623.4783266  109520.0706127  209203.72724423
 159793.94419445 172345.20643779 238192.85119911 183655.62868694
 196093.79523883 200520.8739559  149000.01870502 155770.04105534
 147548.12678298 167567.98263911 156392.59042787 200176.95025282
 274728.49544789 206304.85142145 217795.25148137 233857.93392478
 158971.08371602 135053.02478947 163928.70760296 128482.71041277
 220389.82853127 193234.4825249  160688.41833528 179204.0301156
 389857.16691734 204821.20639959 178521.36893807 162471.61075521
 280678.08007447 215253.79830325 178314.4154019  234646.12804292
 179369.03840278 127977.07964531 272027.34509523 157306.70064801
 265198.86901589 264965.92464246 166776.76228052 258851.29397622
 145750.82287079 144026.84577672 203002.61605941 240887.56574876
 117125.53254468 254436.07943355 242053.23677386 205125.1604131
 160673.69981894 111408.02832666 225692.35129317 238274.32954394
 177172.32528075 189996.68065531 237354.32756102 160260.71181804
 101623.39548002 232592.67453809 187912.38273217 284695.84411718
 181498.98885041 179305.11256904 154482.7979756  141382.66932548
 163686.65383415 216582.52623202 240685.93166281 234440.78647818
  76909.63445883 234641.76602639 256504.65260438 276571.84324917
 173004.78217073 147718.85098011 305478.37163736 142965.15269187
 168250.81449398 179178.70443398 195794.8760175  133841.75976544
 212993.67034083 208837.06364905 126638.313104   212631.605914
 195007.57100757 214516.84886839 143059.25456785 214070.34448922
 264179.9457071  295184.45361074 230055.12120369 363307.14541849
 192944.81746586 117656.68513917 229064.39999356 122915.42126833
 246182.9411326  162427.36157451 243973.98422295 204975.00006674
 153962.05241218 196270.3204376  189529.91962964 282406.18250429
 267022.6765317  229292.49807331 160121.42163351 261425.54061755
 252376.41736054 240821.37905156 268923.57599405 176013.11861224
 199151.04891743 123549.93604977 146755.89727431 186257.49822034
 217139.01397579 224431.31708637 188631.60185369 131520.26228515
 257494.74177985 221929.47864069 162756.70669535 182056.44559228
 154881.13269127 189211.17711365 206438.15414557 132784.73110158
 194984.36658034 189807.05525634 219784.10298223 189493.04058915
 225446.58216211 168226.77791772 118047.59309039 171963.51216857
 181473.74006067 140314.62128001 180455.69364542  99124.12052741
 220557.15673951 144677.06109624 202426.86338248 187240.96031589
 189763.14727735 199186.65098989 275450.87909388 158681.08947252
 272804.13512862 195200.40597296 277113.60706386 218127.01204703
 179884.61342063 240505.12020036 114103.35691137 165412.59040799
 150399.62548024 189820.4670202  193858.35693324 117272.35317406
 205759.30679701 289159.77624402 137624.37743525 258963.56603319
 178945.92236114 147826.48586721 196198.89364294 189576.51786254
 128464.50967488 187947.60250555 200136.06926351 134831.3940825
 245136.98083285 211535.44943548 193274.27790028 201627.11644255
 155421.05051442 153581.08954883 232342.4023414  184442.72009571
 248870.94401963 192077.56356378 138369.50245606 128787.70058427
 141413.87158019 202411.95065029 146829.43706386 165163.97353977
 155391.2611583  170396.51499461 156028.48667439 225373.66527934
 110301.97971254 307775.42133745 168739.96039382 173472.64660936
 148366.37541461 253321.68107392 185755.865311   229732.72291282
 156089.66358895 174073.92735514 231708.05094985 197352.65894833
 252270.7982497  268757.36346808 182667.91803198 224818.08231978
 204713.81995452 196060.84268375 264346.37345348 246583.51872696
 199358.48098635 302781.23185392 190529.46479036 162976.83977871
 262695.31382532 131738.57309954 294577.51969774 281296.79882242
 221120.68658193 206471.98100523 281840.12183032 187203.22574137
 306640.33909653 191453.86403819 232781.62814987 231567.16033998
 262109.03010687 262855.05129784 172866.01128167 226042.21585718
 171254.82682133 403333.767475   285113.36295116 235686.40610112
 189372.72814546 147890.0780043  267053.84691961 227217.13464074
 221128.57244378 211999.76103932 263836.74913086 210275.36617257
 226485.93613576 261182.93224657 235489.34525608 225154.04710431
 191285.94118887 180277.4883877  100349.11007741 263657.63325636
 279524.10780836 174001.97822826 243309.68018507 184973.22026655
 275538.15632832 230553.98580888 336935.09961098 275990.65658936
 233543.27410668 267421.87257464 244231.8618933  207516.43119947
 249112.85792297 205394.08305752 289589.86925143 250929.24030345
 126943.07215445 214938.65529182 206341.86858152 148957.44807244
 273152.2874267  230077.63191831 269786.47190359 256341.22555982
 177915.27221878 183884.58756769 351706.23165591 329402.92201382
 249586.63887852 246136.03895353 141135.72803799 188150.23943087
 239097.1140351  302106.15524394 397759.51059188 227668.55717735
 240510.56427547 225496.42484739 171008.51335959 230830.71701339
 179259.0430862  222923.63354721 156801.97910818 189857.24962129
 273163.64721827 166081.86857787 200150.51090263 248114.45378585
 234861.23028965 147205.34113734 246599.76881597 237098.14835859
 184481.92095248 243298.29302528 125907.31347055 167897.98272235
 179214.53493406 299398.52617732 195767.43878863 330000.3014141
 223156.83266375 199845.3942364  256363.89296474 141183.07368082
 290815.00804323 179636.91371511 215392.48599323 230310.95400365
 260488.66164628 300503.5899697  137276.96645907 155054.95508469
 198571.57258017 237459.60092987 188568.98616816 187533.98827634
 180267.89366913 261258.64971019 212121.5543172  302959.99022976
 198051.55503511 219058.89007528 257858.79205605 122760.94393998
 305960.60618218 129215.72024301 189822.2354272  248889.55947476
 186820.26924959 156001.2382483  206977.73480995 191722.44164279
 198238.41851857 243133.57116638 195256.94564476 176299.34733763
 259233.31345963 248859.47280396 219049.51883314 161651.57031601
 189652.37084175 194610.69323461 197446.83284406 242470.30804964
 257685.83717682 269535.56502718 137264.05734496 292802.78877904
 161488.62168176 335401.89045265 249569.21835334 200670.47519481
 225607.16704858 232988.1296178  349009.04481939  81152.97524038
 197027.01711558 181376.85688679 255228.25956099 312288.91802265
 263206.15003691 150381.3846234  218152.95214018 294310.67049644
 152777.80436513 178405.0620416  298995.21250875 158414.14641128
 194415.9297186  217302.37639293 160684.01841723 184380.98277877
 220042.75139994 181724.55786998 213421.51900639 189542.99089964
 230420.1395616  305638.91383315 256008.84563545 224255.75379506
 239504.43812321 289855.9796833  217242.15956841 186149.18526655
 164885.04662614 162057.06862428 110797.07968514 195933.08913998
 198430.50549361 245354.93472084 201428.01142504 217530.95422703
 192250.14570755 189817.40722321 180398.40405537 190801.72465545
 274935.19634655 239533.85287941 220081.55680365 174593.26189512
 222346.02096105 208658.87186128 261269.40202857 386456.16304
 169264.18390372 163424.62614693 241568.96304968 210268.6527553
 264447.34492685 195266.7304091  183684.69976965 165148.49608471
 305935.44703953 251859.98070938 234394.6468991  241345.73163936
 245414.416004   310912.91494038 215176.77222165 155124.03244803
 178089.07566206 354528.80055469 151035.45216385 197605.37046837
 192399.31131506 218238.3625366  157640.8741788  130433.98649111
 162457.44811714 201982.35220164 179101.88364559 173545.55212441
 253009.49747114 241405.58605568 149074.71445835 201892.62647909
 140365.60679557 251113.75076691 257330.81006147 374784.15095056
 281898.04310377 322137.02004165 262990.90662457 289139.80892487
 232334.88478947 215411.39318617 331827.62913634 209871.14641395
 165972.51600109 188622.88832232 320863.7697647  184894.69923166
 196907.41900285 168906.97412144 374565.59561754 172726.81482743
 324544.52145503 222126.63760227 183556.12474604 148246.72225652
 185757.60102405 129352.74363991 310126.53507567 191945.95005019
 291038.65899232 195285.29840085 260957.20380551 213775.32303637
 281458.23559953 182243.84319283 175234.67301528 261491.80390471
 162620.26352648 241799.12657493 279097.77287899 189157.72087995
 219548.72392474 245638.23554929 141891.21143507 229983.71065425
 244304.93059728 307858.18217527 256286.63419969 199582.89971879
 157245.99050623 216393.39872104 228618.68862708 167555.08297601
 234055.89156144 119266.78557847 270119.5006333  559123.28294555
 154584.81375732 153880.41248189 169518.68065243 186244.853218
 263361.90760122 119895.27605143 133996.33019993 205111.408455
 257861.04920998 158473.13857051 242931.56478685 136916.34855189
 168310.92213295 122502.01711744 240621.54824818 245118.6615121
 148473.4494742  169887.35311343 156152.20564758 201988.91073663
 147536.50666294 158224.50892414 203288.08374043 197582.28631974
 205759.86041622 239395.37102649 230490.72379005 140432.22182642
 190082.26374514 173787.84345403 135439.06631784 146761.37964725
 270726.73672887 249483.96486584 149982.57388531 254135.87783255
 208005.24549204 205872.93082886 244193.62443188 121916.67350648
 293963.3377205  163810.30561034 124159.01890597 201431.7750188
 221657.20587433 251537.96069431 120504.55788799 222163.83429191
 285708.55744111 265430.50164382 180740.94467299 155587.8010218
 174958.95390215 198933.73976929 268037.52903488 230627.99292002
 233573.93603004 179881.91929214 161160.93125232 212318.19331951
 183910.1136025  275178.44884747 185484.14702664 240970.22091969
 164919.6886266  145686.06169933 281772.92145834 213279.93859472
 267625.64991273 363239.38691431 273212.52235982 226049.73649168
 176897.15345152 118392.94722065 116590.27924467 257258.50525162
 280353.15264038 209757.60261742 198195.43959368 240859.51225056
 245722.98274346 210618.23897938 225678.76616379 208266.65198083
 242920.19615342 198472.94813596 190939.35080479 299029.45430295
 181733.67447349 166523.30349621 162200.61534447 195640.3718024
 187279.34079793 174529.60001746 137892.56537149 170861.6456091
 160496.8266487  149180.14908616 192856.0228162  182879.07350861
 126006.3399991  241907.78065891 236920.38394492 222674.87334804
 260276.19416478 197226.81028907 146799.06125061 225391.51838813
 248685.73766279 218398.40612033 205117.81129027 163247.71744709
 196872.52264498 244841.04387149 222379.98772984 186100.47111413
 156325.57799151 195587.88222597 120840.15634275 196547.72310667
 187618.0993386  215789.50164155 192175.14214814 187213.01910635
 329056.54057491 106556.41405852 237122.75361293 172501.71720343
 132958.24403311 135403.69362241 276654.17157475 202189.48619609
 266301.65242223 209956.84275274 190855.67137604 250107.32775083
 185263.58679832 174134.84455587 202665.70304306 236586.79915388
 394023.61768917 281362.76283298 212005.67391512 236713.30899517
 285457.36644005 218732.4124452  206772.15359875 260499.67962564
 135195.0168381  176443.54630125 142050.91631535 147417.29311426
 135590.90943395 219918.92315897 143183.40582823 124114.95095848
 228006.38213566 261602.41260605 340668.30690046 160813.64322875
 230002.3480478  239708.69718613 294482.02734066 195220.60892058
 168625.32073601 228515.75680567 268410.35710108 185082.27317985
 143144.05470669 244427.53115747 394596.48775683 129663.99047328
 243559.47152456 143126.18951037 178148.59265551 191641.34853564
 189215.7566862  271934.77164362 147480.4663649  136500.31582677
 264852.52239484 238335.12410496 158067.28984265 169052.38944026
 205309.67990689 277942.26251329 217602.46714113 152167.73478409
 214087.65519101 240548.60503014 120084.61314249 192245.36048782
 155662.50486959 242118.10977651 257733.33515993 165270.11168782
 223418.07077883 252574.62558751 176812.44245615 214166.43885162
 143179.36949332 194185.28871945 142629.19582664 198225.14745064
 255262.59151945 184569.6900134  283292.93869906 186790.80341329
 270643.46106577 147821.09240239 275859.8045674  234400.4589577
 198516.53119873 266251.52578401 150481.75831451 189866.87666965
 167538.52499709 158780.19345394 283802.62102242 194412.52966074
 192984.43457875 141838.76684318 246944.18280422 309073.87106399
 286437.29598468 199552.82600856 184525.91816461 198624.66175063
 245737.2544575  179908.76237263 298802.016312   212329.92784585
 213348.90443652 154304.49335478 230311.30330681 171641.28453854
 159497.26797283 185513.19152068 129287.53581318 157438.37674523
 224443.20098582 208255.10212145 319004.60965573 233742.10253848
 177376.50604906 206244.29463989 213115.62597554 270226.58044407
 256230.63502899 254925.51021503 260821.16950406 248924.61124214
 179676.34029961 229754.27458995 157332.2166747  118211.45867312
 184412.04350065 212444.23715629 103762.73589874 283572.32274158
 181978.09375481 185353.34835296 194061.809975   178949.8901515
 258423.75681698 208850.47801924 147610.46391863 280892.11541217
 220267.41688909 173505.28176004 174510.27381503 199594.76233712
 183082.42074251 181572.52636808 187183.41032785 231940.26590734
 248603.4869275  178445.00620968 176298.19289465 237010.42049372
 155990.3715728  192808.68843425 198185.0041096  141273.90047566
 221817.4964913  215852.49853064 101692.0585019  191637.1695782
 251250.49965736 162115.15445943 148688.81728869 194066.57601521
 158120.88488458 213077.61845643 259399.69656173 176579.33465627
 162298.53894663 261583.04817851 228613.7668658  255626.80143744]
2025-06-11 08:23:10 INFO Expected Optimum FE: -656.7889979935655
2025-06-11 08:23:10 INFO --- GNBG Problem Parameters for f20 ---
  Dimension: 30, MaxEvals: 1000000
  Search Bounds: [-100, 100]
  Number of Components: 5
  Known Optimum Value: -100.000000
  Lambda (Curvature): [0.25 0.25 0.25 0.25 0.25]
  Mu (Asymmetry/Depth): [0.4901829  0.25862884 0.37043014 0.37440768 0.26098797 0.491006
 0.27569772 0.45404864 0.42314776 0.27195433]
----------------------------------------
2025-06-11 08:23:10 ERROR Can not run the algorithm
2025-06-11 08:23:10 INFO Run function 20 complete. FEHistory len: 900, AOCC: 0.0718
2025-06-11 08:23:10 INFO FeHistory: [-77.8106336  -78.19980142 -77.51996632 -79.56475771 -78.50979833
 -77.68864239 -77.25851745 -75.62031763 -76.87979534 -78.99192398
 -78.30285734 -77.112674   -80.44135513 -78.11329354 -76.28341388
 -76.89318164 -80.93274534 -77.43590749 -78.78922213 -79.3607663
 -76.36077038 -76.74822662 -79.0969018  -76.44925431 -78.40182108
 -78.38064105 -80.55532261 -80.19884022 -79.96723795 -78.80122861
 -78.01018886 -78.22235815 -76.64505211 -78.8372265  -78.26898311
 -77.85147182 -78.99818531 -77.55014154 -77.83447968 -78.67135037
 -80.12543267 -76.84977203 -79.83093884 -80.67577891 -78.06681438
 -79.39064326 -81.16513005 -78.41006788 -80.35073085 -78.94003694
 -78.31050148 -77.73234645 -79.96737878 -77.41629126 -78.52748972
 -80.20753507 -77.53931159 -77.62287556 -79.7647507  -77.72630777
 -80.47542013 -79.87014028 -79.31942509 -79.34215795 -81.1030229
 -77.71574435 -80.87698656 -80.73885407 -76.30180506 -78.00196161
 -78.2308796  -81.18249815 -78.75744684 -77.84104009 -80.38895243
 -75.90670262 -78.38168566 -76.35899843 -80.48604507 -77.18144715
 -79.13559694 -78.2677352  -77.35457711 -78.7805832  -78.83607344
 -78.8817733  -78.59120342 -79.85502805 -78.21808142 -78.35578967
 -78.46235018 -79.18244906 -77.17999391 -79.03945626 -78.87067467
 -77.97292832 -77.25165142 -79.58669409 -80.10848878 -79.3580325
 -78.64631925 -76.51632431 -79.50523845 -79.36332417 -76.16142689
 -79.53230261 -81.01471409 -79.60806209 -78.83560934 -76.40516776
 -77.89302372 -75.95367365 -79.37760681 -75.38600781 -76.877966
 -78.68541454 -77.30327924 -77.96977272 -78.66133581 -78.84955908
 -77.37837824 -76.48282734 -80.12985216 -79.77161316 -77.38821892
 -77.54347964 -75.89867696 -78.90239811 -80.03867531 -78.07499941
 -79.75066955 -79.87351747 -82.09532572 -80.40865062 -82.05846755
 -78.01375523 -79.37117159 -78.28332786 -78.57313184 -74.7448718
 -76.87235871 -76.09836281 -80.03066217 -76.91289034 -78.80065192
 -76.54932569 -81.45166426 -80.81435074 -78.44821971 -76.89916736
 -76.25069479 -78.6409316  -78.37611993 -78.24848837 -78.01274536
 -79.78058306 -77.06519501 -77.77553212 -76.92465749 -78.72397305
 -78.32089406 -78.50534386 -81.41497313 -77.0053606  -78.31491827
 -77.7433903  -79.04887488 -78.02833143 -76.4090412  -77.28040732
 -78.66706484 -76.48452148 -75.41503111 -80.11577199 -76.51168882
 -77.47829901 -78.37599505 -75.14583605 -76.20578408 -76.79569737
 -79.98784142 -80.3575349  -76.45561148 -80.72397162 -76.88834932
 -78.98141837 -78.55335299 -77.3901392  -80.75721507 -78.90796922
 -79.49051031 -77.55845224 -74.53540995 -78.58402235 -76.62264579
 -77.10504373 -78.48186543 -76.90304177 -79.93065462 -76.28776287
 -77.24108527 -78.20018926 -77.75291317 -76.18136657 -79.6062618
 -79.49701231 -78.03925949 -80.13716718 -80.38047168 -78.77028625
 -76.5366964  -80.55216514 -78.45320748 -78.72927795 -80.25036564
 -80.34168206 -81.79771389 -81.26225125 -77.48645589 -78.25819091
 -81.14099089 -79.17964963 -78.90848298 -79.82431044 -80.60087989
 -79.26470686 -79.98588022 -77.25856886 -79.08789776 -77.00023047
 -79.44781318 -80.92469493 -81.57468702 -74.69994865 -76.89913388
 -75.83175228 -77.94107163 -77.58530666 -74.19833343 -78.71564116
 -78.6331562  -79.05443726 -80.54779614 -76.47910399 -74.95762191
 -76.85344458 -77.33999149 -78.14796692 -78.87869531 -80.35986099
 -77.73850527 -80.63569336 -78.02626093 -76.94795067 -75.18859827
 -75.21680453 -79.45531692 -79.70560583 -78.74472757 -78.09543995
 -81.70438696 -77.83920585 -78.65060265 -76.97723442 -76.51776302
 -79.52650443 -77.21274789 -79.94091121 -77.72376512 -78.53432677
 -80.27110523 -77.11440335 -77.10296232 -77.44985709 -78.63040183
 -79.53096903 -80.27290664 -79.27908122 -76.20942445 -80.09134542
 -78.73101287 -78.1852498  -76.53918682 -80.75816172 -78.54878633
 -78.48212233 -76.27557886 -77.9465315  -78.69168361 -79.85015626
 -76.84224634 -78.81095473 -77.34171815 -79.79589985 -78.43182732
 -76.73384901 -75.69428933 -77.00034744 -80.69560373 -77.87449226
 -76.3862476  -76.78077612 -77.3681308  -76.76461447 -76.97300503
 -77.77188426 -80.2734822  -78.62346037 -75.81874508 -74.07347738
 -74.99825283 -78.02747055 -75.15857095 -80.20472752 -76.11690776
 -76.1697229  -78.15998596 -78.20963638 -77.52910679 -76.62301483
 -76.65253529 -77.79236885 -78.88544747 -73.9191535  -75.63385565
 -73.82351226 -75.84266665 -77.72202759 -77.14955922 -79.70323166
 -79.45884253 -77.21439981 -78.16359598 -76.23837251 -76.5888884
 -76.68112325 -77.79507938 -75.95398075 -75.67836338 -76.97013469
 -80.57850943 -79.97511638 -78.5756462  -76.46830411 -78.34573927
 -73.227461   -78.01548996 -76.19593442 -75.46422151 -77.20910742
 -77.73332854 -79.07458591 -79.22224534 -74.73971285 -80.40159508
 -78.88881945 -76.08198949 -77.696482   -76.8804121  -78.86076531
 -80.14829943 -77.80707317 -80.3578035  -80.82936006 -75.89518563
 -77.13369744 -75.53550516 -74.68793484 -81.08109855 -78.34401733
 -75.0811752  -78.03074579 -74.96792109 -77.90363315 -78.22623728
 -77.21723697 -78.197799   -76.28218314 -77.4411696  -76.72199174
 -77.51753841 -79.11541839 -78.37977945 -77.7397597  -79.27726425
 -76.08841678 -76.68571375 -75.90963895 -81.54593246 -77.07293127
 -75.37439499 -76.16031711 -78.21630805 -74.72322807 -76.37087611
 -74.39143862 -77.26051705 -78.71792271 -79.58144838 -81.724208
 -80.34218814 -78.42159719 -82.15904693 -80.98218285 -77.49422469
 -76.08819262 -76.01990743 -80.38776127 -76.61637449 -75.82515946
 -75.92220201 -76.30297909 -78.05717458 -76.77091729 -75.94525053
 -77.83063218 -78.68820588 -76.48176363 -77.14258733 -75.80324032
 -78.14393641 -76.51949721 -76.1755059  -76.84319533 -79.55560525
 -77.73342046 -79.27230907 -79.22749214 -80.85706143 -78.90718937
 -79.42961419 -79.76021223 -77.30822986 -76.894491   -77.7398246
 -76.3894453  -81.76454908 -76.56135462 -77.53735633 -76.25704096
 -76.71207356 -79.27370004 -80.00957892 -78.69521824 -77.82411101
 -77.1083716  -73.5612878  -78.53665533 -74.90401017 -77.75509661
 -77.74396735 -80.98376654 -76.924189   -73.7390596  -78.54404638
 -77.31553866 -78.01896535 -72.33624894 -76.41161264 -76.53608592
 -78.08301159 -77.32148038 -77.37704379 -79.99272118 -76.73156082
 -76.66506773 -77.78624547 -78.11390183 -77.23390492 -76.46498106
 -73.47062234 -78.88011221 -78.44976462 -74.7491732  -77.66991185
 -75.48419785 -78.37665436 -75.10370955 -77.41344603 -78.25165034
 -80.01386651 -77.90647336 -77.87491555 -78.34695869 -76.24118974
 -79.69985788 -77.39676715 -80.21634688 -76.54520126 -77.09410467
 -74.93939404 -77.42126884 -78.90682847 -77.39282627 -79.75947803
 -80.23967151 -77.27747375 -77.16408964 -78.6789455  -76.74971333
 -75.66974075 -77.54945038 -76.58249219 -76.24523213 -77.34886036
 -77.25745495 -79.13008345 -75.46869058 -77.94969152 -78.36103182
 -76.40901147 -80.82165171 -75.09052337 -74.12414277 -80.43247019
 -75.60616793 -76.29291154 -78.94078797 -78.30287482 -77.90568099
 -78.80862688 -76.6331632  -76.52940531 -78.48021317 -75.5040841
 -75.44455816 -77.91161303 -79.78435803 -76.05509468 -75.67766126
 -77.24545303 -78.04191013 -78.23818062 -77.86924173 -76.86260999
 -77.41645874 -76.64027747 -74.49619516 -75.71724715 -77.2504996
 -74.65675064 -78.69531916 -81.00836587 -76.5539401  -76.94124235
 -79.13142202 -77.49531957 -75.92962306 -76.6130997  -79.00692368
 -78.17149905 -78.9265559  -77.78818628 -77.59021769 -79.34268073
 -77.76629106 -81.43347255 -75.92369079 -80.65906248 -74.95253239
 -77.53573817 -76.20740209 -75.55725295 -75.80159785 -75.65353011
 -78.19623361 -76.97280441 -79.54980571 -76.98359263 -75.17829168
 -75.79145635 -78.56103694 -76.89509925 -77.03179434 -76.476911
 -78.11051313 -77.18882384 -77.36727645 -76.86805381 -81.39679553
 -78.40744984 -75.36109802 -77.52068045 -75.61283878 -77.54198101
 -78.92322237 -76.53900326 -76.77616924 -79.62011436 -76.75798314
 -76.2745529  -76.42674952 -76.31877583 -74.2346018  -76.54693265
 -81.15548633 -74.79956182 -77.67338521 -77.8664503  -76.42492414
 -76.29202503 -77.96492033 -79.44655862 -79.69283054 -79.22666577
 -76.72018151 -77.74287432 -77.99414175 -76.47826916 -80.08680215
 -75.6865454  -75.34036541 -77.9840513  -77.60305433 -78.45782214
 -80.67379923 -79.1070686  -78.61911242 -77.2121507  -78.21548814
 -78.90304693 -78.85030249 -77.65510146 -76.93553557 -80.50361891
 -76.61885037 -78.97782667 -82.1057869  -78.46596588 -78.34772211
 -74.72255283 -77.11070154 -79.76154329 -77.03979713 -75.60037576
 -77.57714484 -76.91756095 -78.26147609 -78.5914651  -77.05775739
 -76.57069929 -76.86291641 -81.23899314 -77.54060899 -78.7079899
 -78.13587084 -77.57230408 -76.36153653 -78.3317138  -76.13826443
 -76.13574274 -76.7459629  -79.27968111 -75.52024102 -78.18254402
 -78.56815579 -77.39184091 -79.34852927 -76.64661451 -76.54234893
 -77.48075335 -79.58191423 -80.03315105 -78.95583785 -76.40637392
 -81.65754645 -75.2682495  -78.88585199 -78.47627876 -76.88367543
 -80.15410134 -76.8243797  -75.70126651 -78.38101229 -76.41550643
 -77.51943081 -76.02018261 -79.3535205  -77.72283793 -78.24355981
 -80.10223761 -78.61747783 -78.42881901 -77.86376392 -77.25883839
 -76.76499651 -75.45448329 -76.60139806 -77.42135019 -76.94697343
 -79.22354673 -77.46247091 -76.50207815 -79.1865809  -78.64118409
 -79.09194016 -77.36513488 -77.63301562 -79.30128709 -80.21829951
 -77.76565637 -75.78393842 -76.96853235 -77.09530752 -78.00005495
 -75.36694144 -79.15684539 -76.26896971 -79.83768765 -77.81723571
 -77.94081435 -79.06976857 -74.49020107 -78.70798009 -79.39948032
 -77.59254771 -79.00902979 -80.88275287 -80.562937   -76.30625076
 -76.39090407 -76.67203098 -78.90864104 -79.03463376 -80.13775121
 -76.27319177 -78.00564611 -75.87448214 -79.07276404 -79.64506338
 -75.46380637 -76.98904995 -79.47755485 -77.52937075 -78.47473388
 -77.52670453 -74.81473455 -78.0503022  -77.5410876  -76.46665185
 -77.96149116 -78.08827991 -80.59776072 -77.98519488 -76.7620915
 -76.50846757 -77.32928551 -78.52396104 -78.65611456 -79.21026873
 -76.87691236 -78.3396454  -79.38538322 -74.29790251 -76.76925197
 -77.88071383 -77.41126774 -75.12796192 -77.60173441 -79.27209677
 -77.22731147 -75.61289258 -75.45802639 -79.96759498 -80.81066855
 -79.58830546 -77.07308383 -75.6945259  -76.39650134 -77.48238718
 -78.4777932  -76.96104232 -81.55594574 -75.79747315 -77.88169578
 -77.17058955 -76.02744424 -76.77888552 -75.47766808 -79.48817496
 -79.24321589 -77.59402631 -76.69861576 -75.67461115 -79.17588763
 -78.79822746 -76.92922465 -80.42408112 -80.40876422 -76.23718477
 -79.15095698 -77.74133304 -77.9509069  -78.55798585 -78.21318565
 -78.42380678 -76.45221651 -77.9060572  -79.99793763 -77.6845693
 -77.45965295 -76.02256748 -77.20242353 -79.58877312 -77.36135039
 -77.99841725 -77.32988935 -79.66638556 -80.33620754 -79.96780385
 -75.24717351 -77.9557864  -75.34664769 -76.29365987 -77.63131962
 -78.55301087 -78.44467092 -77.516422   -78.88554331 -77.63064185
 -80.30598325 -75.52478142 -77.85446065 -77.27609735 -75.83010532
 -78.62577907 -80.64107306 -80.27344857 -80.72156927 -77.71501212
 -81.45871459 -77.38687448 -79.71660746 -77.42828763 -76.45001292
 -76.69216968 -76.3310738  -76.09958249 -76.37094    -78.05657066
 -75.73227782 -77.46356198 -78.70450826 -76.34988828 -78.90067556
 -79.07131605 -77.5082362  -78.10829817 -78.19949547 -78.13904322
 -78.15758554 -80.19150394 -77.42689333 -78.9987102  -75.72436297
 -78.24482839 -78.99967509 -76.99269724 -76.13141637 -77.52728831
 -78.33012031 -77.58265939 -75.98093357 -79.15550245 -75.44570031
 -77.39403553 -79.77738444 -78.5899384  -79.70837167 -80.52623143
 -76.60684524 -76.37861841 -80.41466115 -77.663537   -76.72389825
 -77.96314179 -78.55005007 -76.7269646  -76.43455587 -78.19561505
 -78.826377   -77.10811843 -79.85523154 -76.71335152 -77.88927447
 -80.49574248 -77.99867217 -80.30501875 -76.40367323 -76.18665216
 -78.58752076 -76.02372154 -77.58558944 -77.13229381 -78.46991412
 -77.02030212 -77.20307087 -77.0298346  -78.72742451 -80.0220657 ]
2025-06-11 08:23:10 INFO Expected Optimum FE: -100
2025-06-11 08:23:10 INFO Unimodal AOCC mean: 0.0000
2025-06-11 08:23:10 INFO Multimodal (single component) AOCC mean: 0.0000
2025-06-11 08:23:10 INFO Multimodal (multiple components) AOCC mean: 0.0718
2025-06-11 08:23:10 INFO AOCC mean: 0.0239
2025-06-11 08:23:10 INFO --- GNBG Problem Parameters for f1 ---
  Dimension: 30, MaxEvals: 500000
  Search Bounds: [-100, 100]
  Number of Components: 1
  Known Optimum Value: -1081.983799
  Lambda (Curvature): [1]
  Mu (Asymmetry/Depth): [0 0]
----------------------------------------
2025-06-11 08:23:10 ERROR Can not run the algorithm
2025-06-11 08:23:10 INFO Run function 1 complete. FEHistory len: 600, AOCC: 0.0000
2025-06-11 08:23:10 INFO FeHistory: [164275.38645069 141143.5700493  112971.82194684 138140.6413099
 139814.56697972 196934.08692229 194406.37729572 234004.68737454
 169859.35969283 200049.9572185  143291.56970209 215021.23196283
 200091.17388752 172944.36249991 125588.23264635 183322.16732721
 143438.59529775 203834.40731999 180732.64539526 170685.38794474
 168948.84021323 172859.74105994 131476.43918241 205403.52180359
 132742.84943591 208212.53199836 196065.13405078 222931.68735125
 161736.74796426 225043.76852393 175848.4948749  184474.44568472
 264128.34788236 150658.48834314 138304.13783075 135032.87024655
 243428.7666926  162353.47403203 140289.17696865 171688.11026542
 105733.06518971 157903.10815885 195879.58843995 254501.16170589
 179991.4583459  231924.62429307 120421.87444428 170004.79234736
 156887.74518866 184656.29772113 193552.90078784 161750.82518003
 182240.06828861 156224.46583221 219703.49564772 214347.59527454
 142020.72945008 186857.69829432 122932.49175624 133479.01404673
 212747.80000745 158325.23457073 125323.21744934 188477.53933299
 203230.48954358 166947.89513309 108452.47585305 171456.45084623
 153130.9979393  223101.24076277 191086.36675249 147974.55311605
 146895.71035012 203342.50478994 201869.74563386 140209.2827477
 178191.45087241 113493.29068571 161816.15465027 197478.56488079
 179726.34406034 227682.22429079 179717.77412487 211830.2120665
 189584.27756725 221127.62515691 137215.67940798 161663.20042791
 163381.24320021 145247.42638802 218071.75087895 203684.22174651
 135815.76036299 126878.60367269 170609.75747456 220737.2612398
 135451.24315418 214061.48550941 247604.79550494 212591.56913694
 103290.64359038 189919.8791047  169442.66501584 136174.69940117
 213799.46476214 128662.48675944 147972.38217761 135003.65806384
 146152.18087899 175816.81745208 169839.83638654 190302.25505284
 146286.96136094 210270.15783059 141827.59876128 127400.51827709
 155252.47665729 149393.81883038 116702.34443271 249922.02652134
 152247.59928187 204899.21204799 210035.54969223 131286.41401902
 253781.47252213 182823.32923877 158715.79318444 227414.05668434
 233470.22017054 137015.15893961 156773.91167555 217630.56599432
 222198.0108498  204888.00559953 168089.29120976 136442.17710603
 246895.92924186 170378.02042371 214805.65495377 237825.13428527
 184483.0213062  131245.94452739 168790.88109346 175806.41278433
 162603.65026901 141865.471521   185732.33629738 115881.23020993
 149645.43512845 152012.67574497 146350.25791029 193801.79085152
 160261.31937847 157601.25454345 192815.51785196 180139.37168494
 147142.95840532 141032.10708559 187382.46453846 176241.01025728
 170212.88405025 257669.3907403  177245.18933078 162513.48986055
 183488.4504917  117417.05793369 187098.12308363 173781.94009987
 197674.37723459 152728.38867702 159650.120855   188908.73363061
 160502.07483188 145682.63576737 195509.50664702 199162.34006768
 160455.6333591  109454.40224923 145421.60013473 270885.10867789
 232489.2650936  178203.02503256 181534.00651077 214227.19343383
 214004.60056951 150073.07019004 157570.13803368 226563.34017871
 133974.53876904 159075.58921261 160055.7017866  130591.09025408
 198028.07979797 160452.59737564 188372.70091411 223278.81130617
 179169.1376959  160381.44088788 201824.02365492 178290.35136705
 169789.78009157 155654.06238912 128478.6413053  161362.08232662
 160483.25353858 194911.97185619 143534.05700689 153231.53766386
 148313.7274823  194682.97624806  95476.29044224 251370.63121211
 199802.30269467 165402.22316287 186948.87962803 169781.41623472
 139196.64352726 146638.88013869 197254.30594986 240694.15182406
  92011.4390659  219339.55281633 169100.12812891 192362.16845172
 214243.01854072 158202.25384569 173269.13865107 154414.04179017
 179604.63652534 190477.00747359 209926.35459439 185114.42904103
 118851.62421971 158197.42224989 170598.22804316 114249.81672791
 175096.97836978 126612.33613825 112949.82773517 165659.75950916
 160471.07317984 168337.46577691 121523.75518323 153814.92332433
 117874.97700507 187224.97735239 160652.28955259 144806.87338772
 135112.2224216  128879.2381027  218300.90759199 145093.47201117
 202808.21432018 182332.53458943 177980.43154488 191653.37840245
 174137.61158557 207232.80075057 164564.2795056  212160.64334169
 158271.7227521  182869.55736918 221878.42553906 196180.39984397
 199959.52798011 105819.38861256 231513.163164   234421.98125862
 157608.76050646 144382.21042007 150125.71076123 172609.57417231
 186925.52981043 152604.81550361 177234.12248195 169465.57228254
 181538.23485768 149042.37766482 190328.92586033 140917.76588139
 187166.04429014 180476.95703785 184352.98478918 151806.89819972
 189222.32347646 164418.2874395  198333.49704919 162641.1722159
 151915.58606444 141176.73163744 128354.80499183 198622.00867317
 179960.70909519 161493.76148482 261933.88268152 146967.54691542
 180514.13532569 181251.33727925 183436.15014054 191342.97499312
 132914.0412899  124557.4705687  145295.36397398 228068.76262884
 228917.50173734 190001.66114851 202817.36111941 246830.05997866
 236632.10503521 159034.76313345 150137.32322551 191812.28137521
 242177.01207197 143637.25741249 138303.49519138 232715.13860456
 182856.85803181 152426.88670575 199836.44448964 214582.03821568
 171044.68352306 169071.88611539 148046.89114051 179344.83717401
 224379.89916514 181825.94704981 157308.84478254 136170.35290072
 229331.24109362 213902.88908312 141465.7002986  160951.13330247
 225461.53708154 216766.33975519 211789.60834756 146984.49327977
 189041.06665919 216980.94877862 184104.53430137 133708.66608958
 187462.6825401  134163.95297182 148374.25827301 242841.57170526
 109245.67610194 218604.44498509 185968.4029504  212952.61456875
 185176.30346688 124876.70860968 171969.89392006 153122.56852529
 168152.62733488 218451.59472213 248461.07770183 190012.75235935
 183631.2422121  132689.36422792 146116.33303678 223950.5552025
 209798.48668024 145437.30042942 271015.98526913 246157.35426899
 222210.21389633 242160.50129263 236798.06559383 197434.02118823
 204009.57547893 219508.57165343 177413.54809214 193543.34361619
 137790.23186951 231616.73023844 174635.74808322 190039.83833472
 204471.1499925  150366.75773875 171051.04515805 161264.82345376
 224165.2233317  121246.91276837 245497.23746699 164706.69382617
 239640.14350518 148602.42205997 208271.04851963 125791.42895503
 133452.5412584  111857.65385282 172497.76680691 160774.79175259
 212740.57211114 120438.57494112 146493.84678261 150066.44767162
 245868.90942002 173402.5624786  164118.19119524 190385.66202444
 147752.89304487 184045.86466968 153596.59055593 171299.62613737
 189784.67161414 139520.25937126 161718.46533286 131876.98094987
 144271.37866547 151328.01615202 156517.80160079 198071.71218133
 155672.51467442 172815.39275764  94711.32390485 177963.82567042
 176080.29353538 200808.66464173 207628.81139753 212432.85404486
 155299.36610532 168306.4695577  217436.36932646 227982.9031956
 216225.35355846 146432.47227437 180716.02293099 163782.17433628
 166595.38215702 157415.45497102 189130.69065135 189286.96426941
 163981.4788337  233537.63391873 176368.88352508 210141.62598233
 131132.40995638 210499.34978007 121685.90805381 138448.27158732
 152472.75026775 161418.62257    170775.73164967 214847.71148279
 198847.55720521 195413.57615224 150063.15504631 244492.93113565
 179974.37184468 206740.65058461 222027.82691976 248412.33939954
 133839.03039496 250845.14627702 206755.30072698 201324.18427987
 173554.48836596 174290.63585084 191025.67839285 119529.94870748
 226623.61882447 274574.37402199 201801.87501066 228063.08224231
 160304.13290443 119865.53071539 191158.51253031 123597.46910059
 145314.98598779  91481.55217266 160176.37746647 128803.08836393
 166799.50297321 146268.90712207 198198.0390256  146027.58201039
 189338.549224   194522.6375964  132657.58003117 227149.9173737
 194310.65796884 248187.10960408 159888.26713568 180979.28102925
 161805.51983481 160085.60613971 185907.0216083  131731.87646642
 119322.68391858 249264.6808108  229214.65988573 172004.02505683
 240735.54992651 184826.61010387 168494.60529367 144204.18028882
 144583.08096187 131768.44653571 118651.57645671 162858.41309809
 133490.47479669 122820.15280344 189124.75630618 151652.54589015
 143341.3969791  154417.08291334 143491.89591974 208249.62222104
 189735.82426168 185718.2481075  217311.35929383 183848.89206656
 203179.68680169 225402.49814202 180177.36685296 183694.24752608
 172598.21519127 147226.0386416  169989.73295166 172912.07654221
 121265.34456916 176599.1295166  183002.94210046 228219.25908443
 212311.88634837 169250.54500321 215904.80021464 193154.05770809
 234087.19406273 247864.13528381 125688.67306803 170603.24706058
 198512.0299476  191336.72492194 168034.37953793 172517.21316991
 156700.19895095 166707.09387646 153971.44522489 172475.867638
 197292.43917868 158666.79337608 260741.37013135 169999.72559411
 136155.72958056 192883.6038097  138987.08154978 177979.71491198
 163968.99610405 155586.42582534 106741.83396549 112852.83806203
 214332.37316745 119649.71158788 184754.17047235 200822.64340816
 204279.64595659 160652.45314524 133499.41610642 179481.35680142
 171789.84201157 207500.69501359 176187.79589269 154390.34104893
 196238.96336044 195827.1750247  159807.77987508 153394.06271118
 169918.87157555 173784.65135795 154705.25946209 188377.23240931
 122346.38400627 198139.16425964 152388.76339797 160092.40033637
 136914.87205417 197524.62468158 107636.29021557 173860.56831359
 201106.20531293 134896.19105103 180642.82077301 168521.66115376
 175120.49909796 212505.05750744 223592.66537962 126870.53779015
 190409.53033077 168421.46020134 207260.32606594 184014.33309713
 208716.24270453 150692.48953037 225862.0328238  184933.31446384
 210504.63388634 159960.55493647 167515.04039977 180941.27951519]
2025-06-11 08:23:10 INFO Expected Optimum FE: -1081.9837994003399
2025-06-11 08:23:10 INFO --- GNBG Problem Parameters for f8 ---
  Dimension: 30, MaxEvals: 500000
  Search Bounds: [-100, 100]
  Number of Components: 1
  Known Optimum Value: -656.788998
  Lambda (Curvature): [1]
  Mu (Asymmetry/Depth): [0.2 0.2]
----------------------------------------
2025-06-11 08:23:10 INFO Run function 20 complete. FEHistory len: 10000, AOCC: 0.0728
2025-06-11 08:23:10 INFO FeHistory: [-78.45816599 -79.94601165 -80.74290389 ... -84.36636849 -84.10829345
 -83.92120281]
2025-06-11 08:23:10 INFO Expected Optimum FE: -100
2025-06-11 08:23:10 INFO Unimodal AOCC mean: 0.0000
2025-06-11 08:23:10 INFO Multimodal (single component) AOCC mean: 0.0000
2025-06-11 08:23:10 INFO Multimodal (multiple components) AOCC mean: 0.0728
2025-06-11 08:23:10 INFO AOCC mean: 0.0243
2025-06-11 08:23:10 ERROR Can not run the algorithm
2025-06-11 08:23:10 INFO Run function 8 complete. FEHistory len: 600, AOCC: 0.0000
2025-06-11 08:23:10 INFO FeHistory: [109317.16005708 166796.35645977 206415.44215731 170040.23019799
 173562.95088399 146187.85708963 269320.63512402 201095.29801598
 285870.05753713 278094.41545471 178351.32693058 213231.34395983
 133326.33087073 232765.24170999 193465.04600649 267156.46971191
 219929.06226429 245983.86019135 175925.25892897 188237.25743614
 363408.05607862 224436.68878182 110497.83585201 195035.86388826
 218280.70381577 170205.58006906 247332.90551947 163804.42232994
 133291.63753272 248389.25550399 198865.00566432 147410.22525495
 185505.54086886 125221.68256523 179524.34105373 312695.68310417
 234563.30344608 148139.58253689 109416.38360984 162908.38005872
 179135.90623956 213380.75381534 151967.54811866 119248.48441353
 159598.33514352 219022.03799669 280741.93008797 192376.86307654
 200094.15065477 114829.24419978 146918.83004824 174560.36187382
 259145.69039226 190741.32140794 255430.48178022 210206.19638116
 188138.63417494 199156.55056144 132895.52528619 259077.90925003
 121305.71539011 187905.1910575  128536.75111512 139512.57029074
 115891.94061552 190490.05390308 139061.17544812 142114.18410349
 221658.34734668 185530.9393346  160090.19156327 200799.1368961
 198669.03167318 178057.36359096 170419.71347213 166859.99111442
 197711.29639938 270334.71876005 221242.46248428 198393.51358696
 200599.75500394 276930.93737009 222435.96851244 216318.68027408
 146579.81490053 222765.45106707 140734.99369494 217192.1461535
 209124.12538593 204866.95972536 212895.13012532 149670.18047843
 191128.72056115 158958.12525099 144660.12723176 152993.55086944
 202109.12060582 247372.65522351 192388.08701109 186712.53541466
 244286.04684675 296843.45082707 228193.71291756 115511.83658744
 187323.81866088 269086.30731136 201210.31024628 127891.43144362
 214508.97790252 115923.58092403 127477.66646235 104601.05882981
 277850.17365754 214331.79634891 129565.61219262 248268.21824962
 125489.28141099 190967.12828115 205851.52938887 238229.24656047
 279780.03662399 253124.45577118 146738.95189809 201345.5471715
 177544.36762901 134759.77511788 232846.9712476  192466.94085646
 237671.50307177 167589.53263372 180776.30567844 230777.53106361
 214027.35029353 231227.2623821  177637.76497377 160776.46166711
 151033.30961523 105612.74941694  96806.97802699 146408.97471352
 117635.30706955 197695.43194247 283555.10022192 135887.30948187
 131920.52411397 164844.41829548 257651.98628643 198060.59105659
 239201.96543437 167691.46524644 210146.08862139 182345.40461565
 193783.10818904 166878.17322277 187670.69517445 176103.1871122
 169706.88941668 237982.89214936 234368.81236066 214807.26447043
 189921.69127269 229722.46742419 136364.3977323  192089.49768525
 229550.59115921 207877.20413065 167039.82044462 165060.89395046
 103774.63191455 183025.34116454 216405.07626292 256035.50015701
 202373.35926369 283812.87673286 180381.506461   234272.90705756
 266806.69279125 242578.3485748  186868.77478113  82676.93713223
 276838.53709178 278028.6565429  129081.14856136 134719.84598326
 132709.46158839 141243.8455919  322136.61891933 170656.86304192
 155772.39629572 346840.41785953 233529.67640034 148517.2575054
 248003.39017794 225703.97094324 174732.95656014 173400.24796358
 291378.37013097 232866.84584674 168470.54296358 112250.6352632
 150561.26366057 208511.82748274 250981.31833802 152698.41054259
 112723.13814943 163392.04492314 210379.99531346 168536.39556731
 176755.2650181  161580.91531499 189802.32462359 137463.51088052
 127944.73616748 175435.55121038 106284.54402544 181256.7817115
 135022.46147878 192061.38800981 185552.02764938 188805.70133503
 150143.75073722 184867.89672544 149514.65022163 167456.28573862
 280834.61712501 190784.27821741 222226.93867444 280405.09086463
 141523.97726699  77202.33732037 166493.27741998 150188.94415856
 142507.05012674 247373.634381   201375.67870716 183311.80717773
 209915.37726822 181920.2596802  228035.82972276 160699.83012369
 350355.96080599 157708.80824753 180831.34410565 203040.13036607
 196008.69512207 239120.87543259 160572.66295572 125981.19925244
 205766.44260433 169833.04136461 241556.35089783 213225.77617208
 226664.741263   243023.31025136 127581.11506411 249136.06658186
 220055.84726259 276685.77061925 231380.49522682 230377.90991671
 193752.42176605 188079.39370507 166016.65325291 208336.01768555
 192224.34133755 108466.26622316 225736.7821044  172180.14717165
 230876.81578988 223262.70089476 172363.379046   201992.26193492
 188211.97995936 157900.43305956 302681.97949223 228728.6655614
 260272.97052531 187924.7503477  180988.17640595 185885.02895243
 154067.96916382 241302.29129046 137772.87818342 189144.02449934
 102476.50216597  85775.44270385 142802.15533431 252644.23171775
 188404.84871298 251095.73145683 277696.46846257 187771.48120772
 286862.11270464 215645.54530101 196271.86939487 319548.2729095
 212140.31131368 180867.25682582 169207.68382247 269414.41667881
 248035.14954493  99231.90718639 186543.5251259  223448.08680624
 104578.93421134 170521.2793474  231686.91627529 149060.1687508
 182770.68545606 312282.89368144 216768.08925012 151852.34617315
 183670.79354343 143880.43466505 242928.58744183 235178.57198962
 194916.85083222 270875.77703715 256417.98139844 219346.91645229
 231834.26685069 164378.3534865  220404.71813932 223236.3388106
 156653.23326441 184809.59081637 222158.02163697 187427.99483866
 255300.27784225 233038.42546875 144251.26214764 166606.55260808
 202891.2942719  302955.17478542 222150.77622931 211028.9521252
 173652.79541353 197034.34633091 116435.67735293 203082.94653384
 227689.55230931 152723.41994883 281503.79624651 215592.8383432
 167030.66163962 133782.93128148 304817.91038487 196332.3728627
 219585.64144581 200584.23018475 122211.41856639 141522.37712592
 238123.54565692 249150.92564785 179965.36450037 191647.23797576
 213978.3505303  130614.52005872 207889.41962142 130156.17134356
 210509.39773906 296643.75205951 141277.84183391 238196.30540485
 170404.92548739 239187.21732509 197378.77083569 219844.60106947
 271326.21922933 156027.57348959 188732.19371554 123222.81971364
 215145.85920695 162550.96516027 212562.42663582 185482.66921418
 193859.29636958 115639.63068271 116944.258608   136618.33675778
 211321.60862417 181181.71556289 252572.71389845 201915.39866216
 224361.25294429 184131.49467938 161634.19564929 147930.77773204
 142843.56639869 202779.11365588 140379.14554803 240275.36799488
 169978.69487602 275928.83203283 177404.32742207 121072.59883722
 242318.14726169 178535.34818578 186091.74484039 192122.63257914
 196047.50448698 189031.26360057 179262.22792727  93611.75484223
 152109.53911153 269109.78009269 125354.17418596 170625.06888532
 157514.54610321 162554.66988424 233469.34322175 223194.12226286
 129214.01833105 186192.12459523 138908.72244029 248121.23029042
 111076.19190517 194154.70729402 211809.43338569 306022.88043866
 221708.65988435 285223.49739675 202873.17604851 157919.80898565
  95155.39154508 253545.24971446 118856.97847724 154424.09852766
 246891.77563075 187732.94234546 159826.9718531  246472.19394263
 306369.88803416 200282.19121056 177131.5034942  104997.80127457
 180394.52182878 148479.12857318 187288.36070251 195109.11963284
 179076.64822826 196148.93513734 311228.85200142 129387.20023484
 153329.43727944 237428.63582763 247824.24109355 115328.5589645
 149007.9692768  172185.95401224 179605.12249289 122108.35441424
 151755.31150065  99290.42977385 207158.80818957 143769.51502066
 177986.78129645 164448.23380092 216425.78943512 274487.08951462
 262202.42798369 185208.89291764 202199.53855956 212538.00634916
 299618.85169711 161823.26042051 213242.8275696  169905.82162276
  97209.09385956 256744.95985883 267438.43750122 142054.85205926
 140594.9030019  252456.27385295 165622.3240646  229145.29366949
 206348.43388507 121760.34412922 151221.0127603  129694.547662
 207270.19069741 146626.76505627 220567.74204902 132958.57848376
 298768.2723285  186536.3446158  177247.95289783 160829.28679211
 225756.76053421 165774.8245753  166539.29158799 185733.41481836
 191012.10781269 254529.56242842 214679.34550991  87514.9407363
 181043.81719166 173027.29394018 225447.89172892 149678.47732656
 240895.04669377 141149.72178282 136210.28827761 174836.05452702
 295799.50792165 209333.37291386 126686.44737808 183476.89355151
 237778.66689389 139629.20916641 150152.86975286 240975.34837644
 143128.59904316 116958.41254309 265195.44791511 217954.00126102
 199728.15449265 171964.38411049 220043.55277452 167392.88218791
 186954.88916438 180064.03691669 189573.61632115 152586.61796623
 160435.5805912  253414.6922169  228375.11788249 224763.77938444
 200530.19025746 232607.06633621 189256.13868645 207097.38977533
 182053.06818101 163487.39716845 221000.19917584 222883.22938486
 166710.60141406 208039.49279399 149942.85895846 227649.42436865
 263595.10907276 167371.13719384 130734.23486474 212089.53480942
 154013.56587107 193958.20950607 197021.03387591 145725.99974427
 150569.76377277 130226.02417026 200506.81593468 253652.83249989
 120667.95452953 228627.80769132 143441.66474181 133539.31051641
 212128.53802626 122065.40254891 183984.28515775 175502.68549301
 188511.54927956 240851.57743982 178685.22348054 185910.46913002
 147892.32315481 175947.84606775 159976.38854136 140731.42481447
 200119.85472185 172637.66861671 192575.93601707 180969.49160893
 141078.98430399 241831.22742781 209822.5194337  168530.43732981
 170447.68300114 106342.9150188  171460.75695519 201587.2492068
 181963.07311811 219435.65509819 197907.00754122 276160.3801608
 213772.007645   195261.44418453 151999.84174179 222350.54165937
 168846.14553443 156440.93559522 253432.5486487  272781.90384295
 240033.69530747 120039.5167816  195805.68057543 229901.19481131
 215959.86382652 195006.68359085 249576.05121527 334884.7632169 ]
2025-06-11 08:23:10 INFO Expected Optimum FE: -656.7889979935655
2025-06-11 08:23:10 INFO --- GNBG Problem Parameters for f20 ---
  Dimension: 30, MaxEvals: 1000000
  Search Bounds: [-100, 100]
  Number of Components: 5
  Known Optimum Value: -100.000000
  Lambda (Curvature): [0.25 0.25 0.25 0.25 0.25]
  Mu (Asymmetry/Depth): [0.4901829  0.25862884 0.37043014 0.37440768 0.26098797 0.491006
 0.27569772 0.45404864 0.42314776 0.27195433]
----------------------------------------
2025-06-11 08:23:10 ERROR Can not run the algorithm
2025-06-11 08:23:10 INFO Run function 20 complete. FEHistory len: 600, AOCC: 0.0733
2025-06-11 08:23:10 INFO FeHistory: [-79.04942253 -78.0169257  -75.5995759  -77.6069531  -79.69199173
 -78.02632429 -78.35815916 -78.34644413 -79.60642075 -79.2224217
 -80.52869383 -75.95940552 -78.48585487 -78.89382801 -77.7518931
 -78.06866205 -79.21847724 -77.14891729 -75.62568384 -80.80852267
 -77.71356184 -78.02101251 -78.64466562 -79.48266663 -78.78707065
 -77.01953904 -77.57807909 -77.62821423 -76.86605716 -77.40023285
 -79.72740153 -75.15776956 -81.28563221 -80.4184131  -79.93657638
 -79.05521015 -77.2992967  -76.0157363  -76.68643617 -77.72516832
 -80.35390815 -76.73627058 -78.1948194  -77.0779348  -79.66652626
 -78.91024636 -77.91077735 -78.31128504 -81.55580325 -76.25901343
 -81.24854375 -78.13893672 -75.03944607 -82.37473044 -77.8560708
 -80.49337902 -80.35311291 -77.19392208 -79.77939976 -80.20632062
 -80.57220242 -77.63891441 -79.12795157 -79.09785082 -77.22766682
 -76.76371695 -79.79064313 -76.54179711 -77.80205031 -77.89230527
 -78.26451997 -79.63133437 -79.02338755 -77.33238895 -80.57021498
 -78.44339147 -78.48113108 -79.58180424 -76.62844171 -78.15539331
 -80.39789366 -81.23821137 -77.71904055 -79.72374182 -79.30154436
 -79.20505795 -80.43246035 -78.55467876 -77.57851329 -76.39570472
 -78.0046152  -77.54969721 -77.10266211 -76.23275582 -76.55482847
 -78.56197861 -79.00121376 -78.59030097 -77.49822706 -78.09220434
 -77.53721839 -76.3280395  -80.65113146 -77.24666626 -78.97387118
 -76.60176028 -79.48632004 -81.10792201 -77.06420271 -77.93022294
 -81.02856457 -79.59783552 -78.0068714  -78.58664997 -80.65991151
 -78.52977966 -78.42631674 -77.10874548 -77.04733637 -78.30298689
 -77.99792294 -79.02419495 -77.73126474 -78.32234304 -77.28166558
 -76.43914263 -80.78710216 -76.12908327 -79.72637119 -79.96602875
 -79.25843177 -77.69501759 -79.50400356 -79.56436631 -77.76744951
 -76.19611114 -76.21543784 -77.09725916 -74.3048953  -79.07021387
 -75.67942742 -75.97220248 -75.73525836 -77.38199198 -79.01140388
 -79.08590612 -77.7316262  -78.42231306 -75.8283747  -77.88853291
 -76.85022921 -76.18853884 -77.61345684 -78.2359126  -77.37206066
 -78.24475982 -78.06791153 -76.29641828 -77.98768525 -73.82997782
 -80.08807389 -77.93505258 -77.31205781 -79.10248763 -77.7923653
 -79.40743524 -78.2236267  -77.33999772 -76.68590117 -78.02080249
 -79.75787376 -81.78963161 -78.41999857 -78.38127572 -78.98277014
 -76.93517387 -80.30768493 -78.47658929 -78.33746085 -78.92688618
 -76.43745223 -77.91234618 -78.80261796 -78.14588063 -75.9037827
 -77.48584471 -76.54863888 -78.1553515  -75.67903474 -77.94390837
 -82.02369623 -76.38993709 -79.47709462 -76.83366159 -80.57564885
 -80.14660256 -81.01297748 -79.64971243 -80.8519029  -76.32628834
 -77.35680457 -79.57861495 -78.27828987 -79.82594298 -78.49413605
 -81.47704126 -80.6186324  -77.62169886 -79.36453279 -81.44518112
 -81.54819427 -75.32206734 -79.1147535  -79.05337957 -76.33705322
 -75.30071512 -76.15222315 -79.32340337 -75.40800045 -78.76398316
 -77.74199187 -77.66921891 -78.08559103 -79.05267042 -78.45148682
 -77.43560651 -77.31958222 -76.18096104 -77.09389017 -77.18074259
 -79.17778668 -77.93251629 -75.79901148 -77.27641744 -78.33881067
 -76.7943577  -76.81388506 -77.1824944  -75.89810257 -79.79802939
 -78.38477606 -77.48146976 -78.46551816 -77.06881219 -77.0210195
 -76.774965   -80.71464304 -78.50605493 -79.28627676 -78.26057388
 -79.13946745 -75.34568531 -79.63730851 -76.66090706 -77.86932848
 -78.07283653 -77.59022807 -77.39099411 -77.46058678 -78.41944817
 -78.37359411 -79.74117993 -77.3927403  -77.55545019 -79.32194431
 -80.71011959 -78.1411954  -76.98710895 -78.29997498 -78.86324466
 -76.0008996  -78.30099824 -81.24231208 -80.51986881 -77.95592169
 -77.88362327 -76.21625303 -77.52649828 -77.63008646 -77.16679983
 -77.1051722  -78.38939285 -79.1121984  -76.35931768 -76.50395129
 -78.53801503 -78.30765247 -78.45933622 -77.50538765 -77.42371397
 -82.1451079  -76.86564164 -77.88492814 -78.97194075 -78.72386594
 -78.17202123 -77.35959924 -78.7845472  -78.43534051 -80.09178168
 -76.88091586 -76.19913239 -75.41257928 -77.29623581 -78.72943439
 -80.97408205 -79.73889812 -80.58960369 -78.03545544 -77.83504417
 -75.66796702 -80.49715825 -76.90813964 -77.57017288 -80.01323514
 -78.71463078 -79.79025441 -76.17281419 -79.28089872 -76.9830966
 -79.71145042 -82.35872525 -76.84740081 -78.77155614 -79.27242904
 -79.56567508 -79.94444053 -78.67283154 -77.72514359 -77.71700493
 -76.16998437 -78.87499382 -77.46099234 -78.2403759  -79.49027743
 -76.80471979 -79.87091093 -77.90933894 -79.44359697 -76.07527862
 -75.85358211 -76.36290855 -82.17457185 -77.49570854 -80.50312486
 -79.30209493 -79.10940473 -79.30507661 -77.34384063 -77.50094987
 -78.57670439 -76.39922628 -76.68092567 -78.98316119 -77.46395357
 -76.60652392 -77.34321962 -77.69358307 -79.5597535  -76.50059663
 -79.14902088 -80.35023691 -75.48927591 -77.25691152 -76.83160545
 -76.93011401 -77.84403552 -76.74954788 -78.76327006 -81.03472269
 -78.21530781 -78.86396864 -79.03467315 -78.72627186 -78.03790742
 -76.54446895 -78.5036694  -78.85427771 -78.13033238 -77.02283046
 -77.30965196 -76.34469884 -81.60275878 -79.93725524 -78.53103854
 -76.00243876 -77.76190251 -78.01187996 -77.64141919 -82.36416134
 -77.70593587 -77.4719804  -80.91122297 -78.96672474 -78.11930871
 -78.0877606  -79.17823544 -80.9718771  -77.91813887 -77.69199491
 -81.18171931 -77.85265008 -78.40492586 -78.4251911  -79.91045832
 -78.98266371 -77.03244533 -78.57472982 -77.70086535 -77.20857299
 -79.24291692 -77.98062318 -76.09437406 -78.33575923 -83.02037573
 -77.23866648 -76.762835   -76.95088908 -80.19865395 -77.57466565
 -77.98559761 -77.16898773 -79.32137527 -75.15949987 -79.80718143
 -76.08950365 -77.45566162 -77.52608702 -78.37758338 -78.81483275
 -78.46213925 -78.54732785 -77.08632128 -79.59088221 -78.54241247
 -73.36951013 -78.09224852 -78.29906196 -77.5814088  -77.62983838
 -78.78805892 -79.46014166 -77.72962298 -76.44612176 -80.05900154
 -78.56372514 -77.37601388 -78.28726765 -78.07984474 -80.36535127
 -77.77819609 -77.82532345 -77.22716072 -75.56618617 -77.93973624
 -76.98445892 -78.23485086 -79.73720688 -79.0415728  -78.61037885
 -79.8103686  -76.8456024  -76.01106958 -80.23684281 -75.79184933
 -81.09094135 -79.71505266 -77.54202583 -77.98254911 -76.69424016
 -82.5479197  -81.63494536 -77.40693306 -79.66484873 -75.726525
 -78.23345434 -77.73465535 -80.46724718 -76.39314732 -79.21506477
 -79.17647701 -78.67306683 -76.27129544 -80.46662179 -78.51042141
 -79.21308075 -76.54482685 -77.08120933 -77.17233422 -78.33861954
 -76.38992754 -77.56593119 -77.9925209  -78.66780689 -81.13920565
 -77.97752059 -81.69621108 -78.53523132 -80.05916206 -78.2019114
 -78.93027439 -81.35202849 -80.10975628 -76.41450626 -75.6098175
 -76.83524695 -78.69798643 -79.0275491  -77.73633504 -78.18550911
 -77.04766157 -75.10072304 -76.72077391 -78.92326163 -79.46355797
 -78.96327441 -78.761285   -76.53955348 -77.36762784 -77.2158466
 -79.3762777  -76.82271146 -79.64562943 -79.32616541 -77.00274371
 -77.59078108 -76.32397731 -78.81638883 -75.26570301 -76.23941043
 -77.11321451 -80.40779507 -75.0565442  -78.4730519  -77.85318348
 -76.75749653 -79.14695669 -77.12381211 -77.48141753 -76.78915395
 -77.52608916 -77.40646823 -77.20818622 -79.51161402 -76.56130885
 -77.26867461 -77.97110589 -75.23317325 -76.96005837 -76.75666798
 -79.72469307 -77.68311012 -77.19257169 -76.96523222 -78.12656865
 -77.82682643 -77.91081424 -76.33395009 -76.52775234 -77.82433975
 -80.7907219  -81.08344443 -78.46715328 -79.21914296 -78.00653536
 -79.70218621 -80.73063086 -77.43952707 -77.99701087 -77.59096048
 -77.6973943  -76.37730632 -80.426487   -81.51591881 -77.21195944
 -79.38219019 -78.69342025 -77.72981981 -76.54075211 -78.09507198
 -77.48083616 -77.66991212 -78.90999862 -77.44419204 -78.26583035
 -77.93787733 -76.93858269 -75.92078473 -76.03108198 -75.81606282
 -78.77958186 -80.58773905 -77.65913167 -82.25802602 -77.57214061
 -75.10057756 -79.43400465 -76.81846772 -80.18143797 -77.82293611]
2025-06-11 08:23:10 INFO Expected Optimum FE: -100
2025-06-11 08:23:10 INFO Unimodal AOCC mean: 0.0000
2025-06-11 08:23:10 INFO Multimodal (single component) AOCC mean: 0.0000
2025-06-11 08:23:10 INFO Multimodal (multiple components) AOCC mean: 0.0733
2025-06-11 08:23:10 INFO AOCC mean: 0.0244
2025-06-11 08:23:10 INFO Run function 20 complete. FEHistory len: 3000, AOCC: 0.0730
2025-06-11 08:23:10 INFO FeHistory: [-77.46978155 -80.39859783 -77.73377776 ... -78.54530263 -76.69182765
 -79.0939336 ]
2025-06-11 08:23:10 INFO Expected Optimum FE: -100
2025-06-11 08:23:10 INFO Unimodal AOCC mean: 0.0000
2025-06-11 08:23:10 INFO Multimodal (single component) AOCC mean: 0.0000
2025-06-11 08:23:10 INFO Multimodal (multiple components) AOCC mean: 0.0730
2025-06-11 08:23:10 INFO AOCC mean: 0.0243
2025-06-11 08:23:11 INFO Run function 20 complete. FEHistory len: 10000, AOCC: 0.0727
2025-06-11 08:23:11 INFO FeHistory: [-77.04266229 -80.1752246  -77.52544682 ... -72.93733512 -78.43305915
 -69.85269392]
2025-06-11 08:23:11 INFO Expected Optimum FE: -100
2025-06-11 08:23:11 INFO Unimodal AOCC mean: 0.0000
2025-06-11 08:23:11 INFO Multimodal (single component) AOCC mean: 0.0000
2025-06-11 08:23:11 INFO Multimodal (multiple components) AOCC mean: 0.0727
2025-06-11 08:23:11 INFO AOCC mean: 0.0242
2025-06-11 08:23:19 INFO --- GNBG Problem Parameters for f1 ---
  Dimension: 30, MaxEvals: 500000
  Search Bounds: [-100, 100]
  Number of Components: 1
  Known Optimum Value: -1081.983799
  Lambda (Curvature): [1]
  Mu (Asymmetry/Depth): [0 0]
----------------------------------------
2025-06-11 08:23:19 INFO Run function 1 complete. FEHistory len: 5000, AOCC: 0.0000
2025-06-11 08:23:19 INFO FeHistory: [184100.48821633 183681.33017263 174779.90860513 ...   2586.07096055
   1817.82340079   1596.11196318]
2025-06-11 08:23:19 INFO Expected Optimum FE: -1081.9837994003399
2025-06-11 08:23:19 INFO --- GNBG Problem Parameters for f8 ---
  Dimension: 30, MaxEvals: 500000
  Search Bounds: [-100, 100]
  Number of Components: 1
  Known Optimum Value: -656.788998
  Lambda (Curvature): [1]
  Mu (Asymmetry/Depth): [0.2 0.2]
----------------------------------------
2025-06-11 08:23:20 INFO --- GNBG Problem Parameters for f1 ---
  Dimension: 30, MaxEvals: 500000
  Search Bounds: [-100, 100]
  Number of Components: 1
  Known Optimum Value: -1081.983799
  Lambda (Curvature): [1]
  Mu (Asymmetry/Depth): [0 0]
----------------------------------------
2025-06-11 08:23:20 INFO Run function 8 complete. FEHistory len: 5000, AOCC: 0.0000
2025-06-11 08:23:20 INFO FeHistory: [199049.74584401 193382.97981192  95146.64181312 ...   6355.15151532
   5959.07065141   7149.11596384]
2025-06-11 08:23:20 INFO Expected Optimum FE: -656.7889979935655
2025-06-11 08:23:20 INFO --- GNBG Problem Parameters for f20 ---
  Dimension: 30, MaxEvals: 1000000
  Search Bounds: [-100, 100]
  Number of Components: 5
  Known Optimum Value: -100.000000
  Lambda (Curvature): [0.25 0.25 0.25 0.25 0.25]
  Mu (Asymmetry/Depth): [0.4901829  0.25862884 0.37043014 0.37440768 0.26098797 0.491006
 0.27569772 0.45404864 0.42314776 0.27195433]
----------------------------------------
2025-06-11 08:23:20 INFO --- GNBG Problem Parameters for f1 ---
  Dimension: 30, MaxEvals: 500000
  Search Bounds: [-100, 100]
  Number of Components: 1
  Known Optimum Value: -1081.983799
  Lambda (Curvature): [1]
  Mu (Asymmetry/Depth): [0 0]
----------------------------------------
2025-06-11 08:23:20 INFO --- GNBG Problem Parameters for f1 ---
  Dimension: 30, MaxEvals: 500000
  Search Bounds: [-100, 100]
  Number of Components: 1
  Known Optimum Value: -1081.983799
  Lambda (Curvature): [1]
  Mu (Asymmetry/Depth): [0 0]
----------------------------------------
2025-06-11 08:23:20 INFO --- GNBG Problem Parameters for f1 ---
  Dimension: 30, MaxEvals: 500000
  Search Bounds: [-100, 100]
  Number of Components: 1
  Known Optimum Value: -1081.983799
  Lambda (Curvature): [1]
  Mu (Asymmetry/Depth): [0 0]
----------------------------------------
2025-06-11 08:23:20 INFO Run function 1 complete. FEHistory len: 5000, AOCC: 0.0000
2025-06-11 08:23:20 INFO FeHistory: [2.17342199e+05 1.18674927e+05 2.11207636e+05 ... 4.08978961e+05
 3.05787801e+05 5.69380893e+14]
2025-06-11 08:23:20 INFO Expected Optimum FE: -1081.9837994003399
2025-06-11 08:23:20 INFO --- GNBG Problem Parameters for f8 ---
  Dimension: 30, MaxEvals: 500000
  Search Bounds: [-100, 100]
  Number of Components: 1
  Known Optimum Value: -656.788998
  Lambda (Curvature): [1]
  Mu (Asymmetry/Depth): [0.2 0.2]
----------------------------------------
2025-06-11 08:23:20 INFO Run function 1 complete. FEHistory len: 5000, AOCC: 0.0000
2025-06-11 08:23:20 INFO FeHistory: [146154.01587157 205036.29539504 162680.28603233 ... 306059.23087701
 232219.09632362 443690.57157632]
2025-06-11 08:23:20 INFO Expected Optimum FE: -1081.9837994003399
2025-06-11 08:23:20 INFO --- GNBG Problem Parameters for f8 ---
  Dimension: 30, MaxEvals: 500000
  Search Bounds: [-100, 100]
  Number of Components: 1
  Known Optimum Value: -656.788998
  Lambda (Curvature): [1]
  Mu (Asymmetry/Depth): [0.2 0.2]
----------------------------------------
2025-06-11 08:23:21 INFO Run function 1 complete. FEHistory len: 5000, AOCC: 0.0000
2025-06-11 08:23:21 INFO FeHistory: [147157.12779256 154567.48125899 168938.07783808 ... 204893.78902286
 232119.35849908 349273.2019247 ]
2025-06-11 08:23:21 INFO Expected Optimum FE: -1081.9837994003399
2025-06-11 08:23:21 INFO --- GNBG Problem Parameters for f8 ---
  Dimension: 30, MaxEvals: 500000
  Search Bounds: [-100, 100]
  Number of Components: 1
  Known Optimum Value: -656.788998
  Lambda (Curvature): [1]
  Mu (Asymmetry/Depth): [0.2 0.2]
----------------------------------------
2025-06-11 08:23:21 INFO Run function 1 complete. FEHistory len: 5000, AOCC: 0.0000
2025-06-11 08:23:21 INFO FeHistory: [176901.3378765  217141.46576468 182813.08062309 ... 104916.9551311
  94615.5586829  112683.64109139]
2025-06-11 08:23:21 INFO Expected Optimum FE: -1081.9837994003399
2025-06-11 08:23:21 INFO --- GNBG Problem Parameters for f8 ---
  Dimension: 30, MaxEvals: 500000
  Search Bounds: [-100, 100]
  Number of Components: 1
  Known Optimum Value: -656.788998
  Lambda (Curvature): [1]
  Mu (Asymmetry/Depth): [0.2 0.2]
----------------------------------------
2025-06-11 08:23:21 INFO Run function 8 complete. FEHistory len: 5000, AOCC: 0.0000
2025-06-11 08:23:21 INFO FeHistory: [2.23475952e+05 2.15092880e+05 1.94433477e+05 ... 4.36022854e+05
 3.83696942e+05 6.37789599e+14]
2025-06-11 08:23:21 INFO Expected Optimum FE: -656.7889979935655
2025-06-11 08:23:21 INFO --- GNBG Problem Parameters for f20 ---
  Dimension: 30, MaxEvals: 1000000
  Search Bounds: [-100, 100]
  Number of Components: 5
  Known Optimum Value: -100.000000
  Lambda (Curvature): [0.25 0.25 0.25 0.25 0.25]
  Mu (Asymmetry/Depth): [0.4901829  0.25862884 0.37043014 0.37440768 0.26098797 0.491006
 0.27569772 0.45404864 0.42314776 0.27195433]
----------------------------------------
2025-06-11 08:23:21 INFO Run function 8 complete. FEHistory len: 5000, AOCC: 0.0000
2025-06-11 08:23:21 INFO FeHistory: [140241.80592494 250219.82720204 166777.42268537 ... 138205.7129804
 285562.88782058 372118.47776833]
2025-06-11 08:23:21 INFO Expected Optimum FE: -656.7889979935655
2025-06-11 08:23:21 INFO --- GNBG Problem Parameters for f20 ---
  Dimension: 30, MaxEvals: 1000000
  Search Bounds: [-100, 100]
  Number of Components: 5
  Known Optimum Value: -100.000000
  Lambda (Curvature): [0.25 0.25 0.25 0.25 0.25]
  Mu (Asymmetry/Depth): [0.4901829  0.25862884 0.37043014 0.37440768 0.26098797 0.491006
 0.27569772 0.45404864 0.42314776 0.27195433]
----------------------------------------
2025-06-11 08:23:21 INFO Run function 8 complete. FEHistory len: 5000, AOCC: 0.0000
2025-06-11 08:23:21 INFO FeHistory: [166944.54556674 214797.64792119 277696.84606185 ... 231368.69146169
 253525.85088932 239196.68225215]
2025-06-11 08:23:21 INFO Expected Optimum FE: -656.7889979935655
2025-06-11 08:23:21 INFO --- GNBG Problem Parameters for f20 ---
  Dimension: 30, MaxEvals: 1000000
  Search Bounds: [-100, 100]
  Number of Components: 5
  Known Optimum Value: -100.000000
  Lambda (Curvature): [0.25 0.25 0.25 0.25 0.25]
  Mu (Asymmetry/Depth): [0.4901829  0.25862884 0.37043014 0.37440768 0.26098797 0.491006
 0.27569772 0.45404864 0.42314776 0.27195433]
----------------------------------------
2025-06-11 08:23:22 INFO Run function 8 complete. FEHistory len: 5000, AOCC: 0.0000
2025-06-11 08:23:22 INFO FeHistory: [228192.91097141 131893.84714065 260758.68462535 ... 172279.05622892
 171837.05605086 135860.03980608]
2025-06-11 08:23:22 INFO Expected Optimum FE: -656.7889979935655
2025-06-11 08:23:22 INFO --- GNBG Problem Parameters for f20 ---
  Dimension: 30, MaxEvals: 1000000
  Search Bounds: [-100, 100]
  Number of Components: 5
  Known Optimum Value: -100.000000
  Lambda (Curvature): [0.25 0.25 0.25 0.25 0.25]
  Mu (Asymmetry/Depth): [0.4901829  0.25862884 0.37043014 0.37440768 0.26098797 0.491006
 0.27569772 0.45404864 0.42314776 0.27195433]
----------------------------------------
2025-06-11 08:23:23 INFO Run function 20 complete. FEHistory len: 10000, AOCC: 0.0721
2025-06-11 08:23:23 INFO FeHistory: [-77.90643523 -78.3057985  -78.28872149 ... -86.70086012 -87.16779949
 -84.74896916]
2025-06-11 08:23:23 INFO Expected Optimum FE: -100
2025-06-11 08:23:23 INFO Unimodal AOCC mean: 0.0000
2025-06-11 08:23:23 INFO Multimodal (single component) AOCC mean: 0.0000
2025-06-11 08:23:23 INFO Multimodal (multiple components) AOCC mean: 0.0721
2025-06-11 08:23:23 INFO AOCC mean: 0.0240
2025-06-11 08:23:23 INFO Run function 20 complete. FEHistory len: 3000, AOCC: 0.0740
2025-06-11 08:23:23 INFO FeHistory: [-78.65991936 -75.98687384 -76.04177152 ... -77.6120756  -77.93013553
 -80.18212587]
2025-06-11 08:23:23 INFO Expected Optimum FE: -100
2025-06-11 08:23:23 INFO Unimodal AOCC mean: 0.0000
2025-06-11 08:23:23 INFO Multimodal (single component) AOCC mean: 0.0000
2025-06-11 08:23:23 INFO Multimodal (multiple components) AOCC mean: 0.0740
2025-06-11 08:23:23 INFO AOCC mean: 0.0247
2025-06-11 08:23:24 INFO Run function 20 complete. FEHistory len: 10000, AOCC: 0.0717
2025-06-11 08:23:24 INFO FeHistory: [-78.42339529 -80.57800318 -80.35570798 ... -75.90977313 -74.26830502
 -68.65803896]
2025-06-11 08:23:24 INFO Expected Optimum FE: -100
2025-06-11 08:23:24 INFO Unimodal AOCC mean: 0.0000
2025-06-11 08:23:24 INFO Multimodal (single component) AOCC mean: 0.0000
2025-06-11 08:23:24 INFO Multimodal (multiple components) AOCC mean: 0.0717
2025-06-11 08:23:24 INFO AOCC mean: 0.0239
2025-06-11 08:23:24 INFO Run function 20 complete. FEHistory len: 10000, AOCC: 0.0757
2025-06-11 08:23:24 INFO FeHistory: [-80.32570609 -82.45492325 -77.72761106 ... -78.21371439 -75.51708422
 -72.2801925 ]
2025-06-11 08:23:24 INFO Expected Optimum FE: -100
2025-06-11 08:23:24 INFO Unimodal AOCC mean: 0.0000
2025-06-11 08:23:24 INFO Multimodal (single component) AOCC mean: 0.0000
2025-06-11 08:23:24 INFO Multimodal (multiple components) AOCC mean: 0.0757
2025-06-11 08:23:24 INFO AOCC mean: 0.0252
2025-06-11 08:23:25 INFO Run function 20 complete. FEHistory len: 10000, AOCC: 0.0727
2025-06-11 08:23:25 INFO FeHistory: [-74.89763457 -77.92556652 -77.80502626 ... -74.21541032 -79.87826889
 -75.81722022]
2025-06-11 08:23:25 INFO Expected Optimum FE: -100
2025-06-11 08:23:25 INFO Unimodal AOCC mean: 0.0000
2025-06-11 08:23:25 INFO Multimodal (single component) AOCC mean: 0.0000
2025-06-11 08:23:25 INFO Multimodal (multiple components) AOCC mean: 0.0727
2025-06-11 08:23:25 INFO AOCC mean: 0.0242
