2025-06-10 16:29:55 INFO --- GNBG Problem Parameters for f1 ---
  Dimension: 30, MaxEvals: 500000
  Search Bounds: [-100, 100]
  Number of Components: 1
  Known Optimum Value: -1081.983799
  Lambda (Curvature): [1]
  Mu (Asymmetry/Depth): [0 0]
----------------------------------------
2025-06-10 16:30:32 INFO Run function 1 complete. FEHistory len: 5000, AOCC: 0.0000
2025-06-10 16:30:32 INFO FeHistory: [133850.16410219 111460.83034108 191075.50966072 ...  46387.02533279
  64810.0948439   56750.48189464]
2025-06-10 16:30:32 INFO Expected Optimum FE: -1081.9837994003399
2025-06-10 16:30:32 INFO --- GNBG Problem Parameters for f8 ---
  Dimension: 30, MaxEvals: 500000
  Search Bounds: [-100, 100]
  Number of Components: 1
  Known Optimum Value: -656.788998
  Lambda (Curvature): [1]
  Mu (Asymmetry/Depth): [0.2 0.2]
----------------------------------------
2025-06-10 16:31:09 INFO Run function 8 complete. FEHistory len: 5000, AOCC: 0.0000
2025-06-10 16:31:09 INFO FeHistory: [157816.65156009 105721.85826175 150919.57662307 ...  86347.40526502
  94857.9759732  103835.20156095]
2025-06-10 16:31:09 INFO Expected Optimum FE: -656.7889979935655
2025-06-10 16:31:09 INFO --- GNBG Problem Parameters for f20 ---
  Dimension: 30, MaxEvals: 1000000
  Search Bounds: [-100, 100]
  Number of Components: 5
  Known Optimum Value: -100.000000
  Lambda (Curvature): [0.25 0.25 0.25 0.25 0.25]
  Mu (Asymmetry/Depth): [0.4901829  0.25862884 0.37043014 0.37440768 0.26098797 0.491006
 0.27569772 0.45404864 0.42314776 0.27195433]
----------------------------------------
2025-06-10 16:32:13 INFO Run function 20 complete. FEHistory len: 10000, AOCC: 0.0750
2025-06-10 16:32:13 INFO FeHistory: [-81.15027184 -79.77612186 -77.86738738 ... -83.84280132 -79.22240931
 -82.46052919]
2025-06-10 16:32:13 INFO Expected Optimum FE: -100
2025-06-10 16:32:13 INFO Unimodal AOCC mean: 0.0000
2025-06-10 16:32:13 INFO Multimodal (single component) AOCC mean: 0.0000
2025-06-10 16:32:13 INFO Multimodal (multiple components) AOCC mean: 0.0750
2025-06-10 16:32:13 INFO AOCC mean: 0.0250
