2025-06-14 22:59:23 INFO --- GNBG Problem Parameters for f8 ---
  Dimension: 30, MaxEvals: 500000
  Search Bounds: [-100, 100]
  Number of Components: 1
  Known Optimum Value: -656.788998
  Lambda (Curvature): [1]
  Mu (Asymmetry/Depth): [0.2 0.2]
----------------------------------------
2025-06-14 22:59:23 INFO --- GNBG Problem Parameters for f8 ---
  Dimension: 30, MaxEvals: 500000
  Search Bounds: [-100, 100]
  Number of Components: 1
  Known Optimum Value: -656.788998
  Lambda (Curvature): [1]
  Mu (Asymmetry/Depth): [0.2 0.2]
----------------------------------------
2025-06-14 22:59:23 INFO --- GNBG Problem Parameters for f8 ---
  Dimension: 30, MaxEvals: 500000
  Search Bounds: [-100, 100]
  Number of Components: 1
  Known Optimum Value: -656.788998
  Lambda (Curvature): [1]
  Mu (Asymmetry/Depth): [0.2 0.2]
----------------------------------------
2025-06-14 22:59:23 ERROR Can not run the algorithm
2025-06-14 22:59:24 INFO --- GNBG Problem Parameters for f8 ---
  Dimension: 30, MaxEvals: 500000
  Search Bounds: [-100, 100]
  Number of Components: 1
  Known Optimum Value: -656.788998
  Lambda (Curvature): [1]
  Mu (Asymmetry/Depth): [0.2 0.2]
----------------------------------------
2025-06-14 22:59:24 INFO Run function 8 complete. FEHistory len: 20, AOCC: 0.0000
2025-06-14 22:59:24 INFO FeHistory: [225124.43894149 159371.63393592 231283.16456121 149720.5854881
 144272.58083362 209457.11609601 213596.61885121 224811.42290162
 186905.14638123 230361.8684671  171195.51103899 247233.05928158
 226452.14381271 280398.89731495 216191.94906137 228031.32274005
 329768.67951086 246003.74086122 210332.60961835 214282.58701685]
2025-06-14 22:59:24 INFO Expected Optimum FE: -656.7889979935655
2025-06-14 22:59:24 INFO Multimodal (single component) AOCC mean: 0.0000
2025-06-14 22:59:24 INFO AOCC mean: 0.0000
2025-06-14 22:59:24 INFO --- GNBG Problem Parameters for f8 ---
  Dimension: 30, MaxEvals: 500000
  Search Bounds: [-100, 100]
  Number of Components: 1
  Known Optimum Value: -656.788998
  Lambda (Curvature): [1]
  Mu (Asymmetry/Depth): [0.2 0.2]
----------------------------------------
2025-06-14 22:59:40 INFO Run function 8 complete. FEHistory len: 100000, AOCC: 0.0000
2025-06-14 22:59:40 INFO FeHistory: [200574.11803936 161510.50189779 286860.9080919  ...   6418.73107894
   4671.67437687   4061.11410201]
2025-06-14 22:59:40 INFO Expected Optimum FE: -656.7889979935655
2025-06-14 22:59:40 INFO Multimodal (single component) AOCC mean: 0.0000
2025-06-14 22:59:40 INFO AOCC mean: 0.0000
2025-06-14 22:59:41 INFO Run function 8 complete. FEHistory len: 100000, AOCC: 0.0000
2025-06-14 22:59:41 INFO FeHistory: [207966.28166248 228439.95383692 133097.07141864 ...  56391.8959074
  56385.16236777  56383.0110952 ]
2025-06-14 22:59:41 INFO Expected Optimum FE: -656.7889979935655
2025-06-14 22:59:41 INFO Multimodal (single component) AOCC mean: 0.0000
2025-06-14 22:59:41 INFO AOCC mean: 0.0000
2025-06-14 22:59:41 INFO Run function 8 complete. FEHistory len: 100000, AOCC: 0.0000
2025-06-14 22:59:41 INFO FeHistory: [242213.01978208 168355.80624643 176474.39043177 ...  37681.50738293
  33914.62738303  33504.81425331]
2025-06-14 22:59:41 INFO Expected Optimum FE: -656.7889979935655
2025-06-14 22:59:41 INFO Multimodal (single component) AOCC mean: 0.0000
2025-06-14 22:59:41 INFO AOCC mean: 0.0000
2025-06-14 22:59:43 INFO Run function 8 complete. FEHistory len: 100000, AOCC: 0.0000
2025-06-14 22:59:43 INFO FeHistory: [184902.58858437 276159.80851204 124876.32750629 ... 170984.51617276
 107233.16882914 198460.37639145]
2025-06-14 22:59:43 INFO Expected Optimum FE: -656.7889979935655
2025-06-14 22:59:43 INFO Multimodal (single component) AOCC mean: 0.0000
2025-06-14 22:59:43 INFO AOCC mean: 0.0000
