2025-06-15 06:55:24 INFO --- GNBG Problem Parameters for f8 ---
  Dimension: 30, MaxEvals: 500000
  Search Bounds: [-100, 100]
  Number of Components: 1
  Known Optimum Value: -656.788998
  Lambda (Curvature): [1]
  Mu (Asymmetry/Depth): [0.2 0.2]
----------------------------------------
2025-06-15 06:55:24 ERROR Can not run the algorithm
2025-06-15 06:55:24 INFO --- GNBG Problem Parameters for f8 ---
  Dimension: 30, MaxEvals: 500000
  Search Bounds: [-100, 100]
  Number of Components: 1
  Known Optimum Value: -656.788998
  Lambda (Curvature): [1]
  Mu (Asymmetry/Depth): [0.2 0.2]
----------------------------------------
2025-06-15 06:55:24 INFO Run function 8 complete. FEHistory len: 1, AOCC: 0.0000
2025-06-15 06:55:24 INFO FeHistory: [220153.03308489]
2025-06-15 06:55:24 INFO Expected Optimum FE: -656.7889979935655
2025-06-15 06:55:24 INFO Multimodal (single component) AOCC mean: 0.0000
2025-06-15 06:55:24 INFO AOCC mean: 0.0000
2025-06-15 06:55:25 INFO --- GNBG Problem Parameters for f8 ---
  Dimension: 30, MaxEvals: 500000
  Search Bounds: [-100, 100]
  Number of Components: 1
  Known Optimum Value: -656.788998
  Lambda (Curvature): [1]
  Mu (Asymmetry/Depth): [0.2 0.2]
----------------------------------------
2025-06-15 06:55:25 ERROR Can not run the algorithm
2025-06-15 06:55:25 INFO Run function 8 complete. FEHistory len: 20, AOCC: 0.0000
2025-06-15 06:55:25 INFO FeHistory: [103171.0902965  133271.10431024 189361.32217205 122803.12675505
 248718.72599855 206129.55098166 184690.37929147 404995.66343633
 220037.24068567 241475.62234652 278673.18197781 139345.27052187
 188146.24720009 128791.98499199 251459.37679758 212416.70043408
 203284.47152133 125861.46339291 226690.47701913 229996.7632881 ]
2025-06-15 06:55:25 INFO Expected Optimum FE: -656.7889979935655
2025-06-15 06:55:25 INFO Multimodal (single component) AOCC mean: 0.0000
2025-06-15 06:55:25 INFO AOCC mean: 0.0000
2025-06-15 06:55:26 INFO --- GNBG Problem Parameters for f8 ---
  Dimension: 30, MaxEvals: 500000
  Search Bounds: [-100, 100]
  Number of Components: 1
  Known Optimum Value: -656.788998
  Lambda (Curvature): [1]
  Mu (Asymmetry/Depth): [0.2 0.2]
----------------------------------------
2025-06-15 06:55:28 INFO --- GNBG Problem Parameters for f8 ---
  Dimension: 30, MaxEvals: 500000
  Search Bounds: [-100, 100]
  Number of Components: 1
  Known Optimum Value: -656.788998
  Lambda (Curvature): [1]
  Mu (Asymmetry/Depth): [0.2 0.2]
----------------------------------------
2025-06-15 06:55:28 ERROR Can not run the algorithm
2025-06-15 06:55:28 INFO Run function 8 complete. FEHistory len: 300, AOCC: 0.0000
2025-06-15 06:55:28 INFO FeHistory: [199578.94040058 198827.89623542 169180.37589051 144793.24749309
 171463.06791021 193646.52842728 204650.73087428 233399.7440676
 127572.8628418  159616.81536769 295117.63414292 154753.14432972
 207664.21286962 205876.80621322 107684.75941812 239958.88089243
 171124.68769264 169762.34394679 130723.81478498 188453.9743985
 145962.88409266 119992.09279924 120949.51461553 230420.94511468
 233992.66105504 233393.59572317 155009.91306742 251790.64136063
 177046.5238382  217934.18123678 147010.0581655  190084.59433641
 233742.16349043 200045.43760132 200551.38472134 142030.79929241
 145515.80978142 118473.28231075 214763.38261215 174018.79493594
 171285.75476614 164536.93506318 174752.01237448 239342.58060013
 129397.34047811 229219.93884615 149350.82088977 186549.05095967
 201121.43072975 234784.61556298 239248.85739591 129839.98927236
 128017.16052386 229199.92533658 162927.09722015 161133.1843287
 131127.15042043 229206.94327133 195352.92346944 263622.65980974
 206239.01536661 157270.80667554 174414.06224391 122392.06363651
 229071.05045934 200843.3330086  287982.63658602 206849.10456205
 130952.39542219 226800.77925707  88989.39382971 225881.1757871
 210655.89019049 217774.09486103 186124.36047403 150427.50198524
 162623.5194325  269623.94793192 148527.73069122 299519.44062758
 213082.22152131 167835.73518967 216880.40819677 174569.73718334
 167460.64697848 254603.91749127  89803.16415182 177764.55540314
 167180.05737313 171192.58617031 180382.54086055 221097.43715495
 131887.01537215 128588.04494378 243633.41810011 254357.76131438
 184930.12290424 127831.6523859  265590.2189931  151199.3676459
 204274.28807979 249466.56515254 236984.2313494  172545.65734564
 243994.78392177 272006.18063722 187680.28764258 168999.72528544
 247974.23122622 240778.63099327 281864.12781067 178098.33568849
 279669.21776991 198694.9187742  215212.95198486 214131.73484255
 218446.29868435 194680.2138264  166081.47384781  83914.4601054
 164768.67729467 287901.3163234  168269.08234896 185355.39782262
 170424.85001028 172879.90878013 177232.89244923 150966.66250919
 262722.21067768 149471.0438568  112426.06371491 165424.88320318
 157472.57989043 204210.33355376 178740.66246075 167649.69743919
 176045.28020754 185241.67526424 131968.78547608 131370.2577038
  93378.69571902 235183.56835308 196305.46646528 177463.72349203
 241184.44249744 171052.19424324 167777.40356126 215127.45006703
 195150.55096757 213449.77925332 174980.35648859 324528.14222755
 164555.65567357 101293.79195231 212573.27749846 195369.93412178
 121771.48682355 165541.35559816 131518.14877185 164307.93628566
 178753.53842757 177599.55926356 162476.29276942 123876.90924064
 230090.80629327  98867.53679874 244220.29623625 191529.7657692
 221601.02735266 119350.82209257 220686.45891265 161420.81006998
 182566.36418398 207890.67832004 132898.2231294  178260.2289978
 153971.69487196 120609.24799189 264708.91260907 152064.73661838
 161322.00846028 200052.16619749 161578.08523839 220672.17040387
 174892.67743399  86023.94846256 150188.5046512  255125.60908398
 252183.78076274 174602.79734342 333046.43147848 226313.69087216
 246502.58810424 197420.31000612 119451.31675754 204442.55737875
 265801.63828671 164000.18559796 156415.6078738  282814.14766696
 182298.88961274 172298.03270159 234310.32542111 171046.23295141
 124087.91677328 158277.65235209 191011.09436435 179748.11277069
 278003.10138207 122956.60305854 143636.20145221 112020.20716071
 162377.62939232 290697.58470237 178733.05489657 193205.68968793
 129544.93955911  89479.22994314 139361.69719387 234791.53153988
 221011.92511877 189376.06964671 174400.18804355 262329.18748911
 128248.99522377 176921.47063326 125258.87842719 180893.91848345
 219450.79914579 243408.17259883 211630.64047274 130755.5718821
 230928.67240927 275334.16003731 217539.67427943 150382.30307387
 211779.90482273 226918.13816409 249871.11406033 174009.90330915
 155829.52101538 169489.59573721 171473.82202982 219661.35066922
 122685.97630438 123752.68184996 202853.49648508 163478.02730406
 187085.3204349  163769.59111443 223281.21146483 210232.74059276
 211769.53014863 216430.59049666 124213.08357012 234469.76024147
 320526.31480563 213289.52310419 176969.10754329 255241.17423394
 130018.73372841 289558.36888328 256497.04943072 130115.42365449
 153119.31843204 199197.98124085 178952.52089615 239100.94430149
 231544.63565687 151198.72175885 266975.41612488  93510.07054361
 143709.09801179 183251.19277364 162891.00884234 163345.66048764
 173333.00831411 236506.07774459 203082.8691311  205498.5051169
 209589.13096191 244083.13623495 187231.31200257 177094.03076017
 250832.93378525 107334.5705492  132402.92138096 171516.4498494
 135644.21263443 193184.73644966 182295.42826548 194840.9740367
 226631.23719285  91832.28620769 160944.46959919 163283.48020877
 246612.49464287 147259.4464472  125649.16193491 237767.77761964]
2025-06-15 06:55:28 INFO Expected Optimum FE: -656.7889979935655
2025-06-15 06:55:28 INFO Multimodal (single component) AOCC mean: 0.0000
2025-06-15 06:55:28 INFO AOCC mean: 0.0000
2025-06-15 06:55:36 INFO Run function 8 complete. FEHistory len: 100000, AOCC: 0.0000
2025-06-15 06:55:36 INFO FeHistory: [206039.97712979 258181.36143141 168097.05086183 ... 129570.82298277
 134220.48463265 170766.6047696 ]
2025-06-15 06:55:36 INFO Expected Optimum FE: -656.7889979935655
2025-06-15 06:55:36 INFO Multimodal (single component) AOCC mean: 0.0000
2025-06-15 06:55:36 INFO AOCC mean: 0.0000
2025-06-15 06:58:31 INFO Run function 8 complete. FEHistory len: 100000, AOCC: 0.0000
2025-06-15 06:58:31 INFO FeHistory: [258456.74906264 271829.72232985 162518.41110374 ...  41160.72507367
  41158.84372212  41159.89464744]
2025-06-15 06:58:31 INFO Expected Optimum FE: -656.7889979935655
2025-06-15 06:58:31 INFO Multimodal (single component) AOCC mean: 0.0000
2025-06-15 06:58:31 INFO AOCC mean: 0.0000
2025-06-15 06:58:38 INFO --- GNBG Problem Parameters for f8 ---
  Dimension: 30, MaxEvals: 500000
  Search Bounds: [-100, 100]
  Number of Components: 1
  Known Optimum Value: -656.788998
  Lambda (Curvature): [1]
  Mu (Asymmetry/Depth): [0.2 0.2]
----------------------------------------
2025-06-15 06:58:38 ERROR Can not run the algorithm
2025-06-15 06:58:38 INFO Run function 8 complete. FEHistory len: 1, AOCC: 0.0000
2025-06-15 06:58:38 INFO FeHistory: [256315.23063974]
2025-06-15 06:58:38 INFO Expected Optimum FE: -656.7889979935655
2025-06-15 06:58:38 INFO Multimodal (single component) AOCC mean: 0.0000
2025-06-15 06:58:38 INFO AOCC mean: 0.0000
2025-06-15 06:58:40 INFO --- GNBG Problem Parameters for f8 ---
  Dimension: 30, MaxEvals: 500000
  Search Bounds: [-100, 100]
  Number of Components: 1
  Known Optimum Value: -656.788998
  Lambda (Curvature): [1]
  Mu (Asymmetry/Depth): [0.2 0.2]
----------------------------------------
2025-06-15 06:58:40 ERROR Can not run the algorithm
2025-06-15 06:58:40 INFO Run function 8 complete. FEHistory len: 30, AOCC: 0.0000
2025-06-15 06:58:40 INFO FeHistory: [136631.03900999 230355.88126585 118161.59120546 138222.30580366
 267522.65512291 180881.30348113 199173.44167399 151453.65090821
 170853.97182509 205470.45322975 175499.54054616 229938.97615545
 117739.37752309 140099.34608346 311630.61714727 241749.08619182
 216511.76877285 188360.07439558 185155.46273705 205208.11110156
 175579.02222766 231365.04496505 118677.47785223 142444.28350859
 310732.1913478  243838.47996891 218126.06870047 186178.32933755
 183926.15545546 204961.3382192 ]
2025-06-15 06:58:40 INFO Expected Optimum FE: -656.7889979935655
2025-06-15 06:58:40 INFO Multimodal (single component) AOCC mean: 0.0000
2025-06-15 06:58:40 INFO AOCC mean: 0.0000
2025-06-15 06:58:40 INFO --- GNBG Problem Parameters for f8 ---
  Dimension: 30, MaxEvals: 500000
  Search Bounds: [-100, 100]
  Number of Components: 1
  Known Optimum Value: -656.788998
  Lambda (Curvature): [1]
  Mu (Asymmetry/Depth): [0.2 0.2]
----------------------------------------
2025-06-15 06:58:42 INFO --- GNBG Problem Parameters for f8 ---
  Dimension: 30, MaxEvals: 500000
  Search Bounds: [-100, 100]
  Number of Components: 1
  Known Optimum Value: -656.788998
  Lambda (Curvature): [1]
  Mu (Asymmetry/Depth): [0.2 0.2]
----------------------------------------
2025-06-15 06:58:42 ERROR Can not run the algorithm
2025-06-15 06:58:42 INFO --- GNBG Problem Parameters for f8 ---
  Dimension: 30, MaxEvals: 500000
  Search Bounds: [-100, 100]
  Number of Components: 1
  Known Optimum Value: -656.788998
  Lambda (Curvature): [1]
  Mu (Asymmetry/Depth): [0.2 0.2]
----------------------------------------
2025-06-15 06:58:42 ERROR Can not run the algorithm
2025-06-15 06:58:42 INFO Run function 8 complete. FEHistory len: 300, AOCC: 0.0000
2025-06-15 06:58:42 INFO FeHistory: [149095.44051759 186103.04575365 158583.67703493 147847.43427389
 240138.94903807 146086.3117929  249908.57060366 212099.024992
 145533.12158068 159226.92168942 198618.29302369 228903.16588734
 139031.5146837  216495.39525648 139007.01470714 130140.38423009
 200474.15571221 144590.00102385 170522.66414306 140858.84137637
 154842.30623098 282128.19994718 135329.0055923  174104.76878643
 215632.40383135 174928.80922955 122468.38297382 191178.1179208
 203862.05014695 209407.96136473 196856.5197433  126781.40854313
 193087.39075523 199824.59160034 183032.01437675 120134.39507292
 173319.48976987 279937.40715651 211397.74305401 142331.72647153
 143533.33258415 141671.27685117 182632.88693656 180623.67699236
 132085.39176755 207122.09173461 179228.13022892 247145.35538015
 182679.12162938 168328.59198901 171818.01396872 145499.1424767
 118972.31723647 266028.94317978 253839.90301944 183536.3581533
 190699.61481924 176905.72955541 267247.57279186 210498.32651794
 144430.43545025 147580.49369391 162272.87323764 170870.54923084
 178716.0049645  194879.72003932 181974.00767961 204694.82398104
 177840.08124161 300183.92509461 184580.96106506 237307.30595973
 162176.49172382 198742.59609659 168372.70569177 168770.76352666
 192326.98285694 182581.86272519 232710.54617365 191794.67805716
 194994.60229289 231261.35206081 200752.42986804 117832.83316018
 169683.94881436 158172.43532043 215011.62639203 183265.83147813
 171496.24597823 251148.955766   100968.65001915 214570.69123224
 139778.34826627 148434.15810981 238236.32811289 155913.5892249
 184924.3035843  227175.94158083 264006.52133502 177080.63115048
 186823.50343984 160874.5194483  218551.35973285 116328.6082004
 227169.17757267 183330.81755528 165868.36717571 132271.03591309
 189575.9800731  187249.60460447 141427.89626352 183493.45165051
 238485.07614517 209886.3791265  160440.69921662 120286.25204991
 133731.06581652 160940.73731931 157896.01201929 130189.61925877
 247791.41098564 228216.16655485 157461.14256313 199129.48205699
 193512.80853108 222539.05030445 114145.11352544 184740.58496109
 216055.60554988 129239.63785448 174819.8658098  176394.15558506
 273571.01306919 170308.26209726 248002.84435502 316913.92125192
 203365.65279836 143536.36740678 223628.41113502 188215.34253262
 114988.15341044 245517.88304411 215963.34861233 217620.16217046
 146788.65853406 239229.91024992 157710.07885834 197222.10085965
 194485.93709635 206988.92199567 190157.26678284 178881.77599365
 181158.91999514 200117.12825599 247090.4854694  192463.40142004
 135056.87597317 100801.58328942 194491.9530799  224489.77756516
 173287.87810444 177529.43156685 286560.48186936 188541.11852349
 168406.11340711 165800.48777074 234669.9845242  229296.4535104
 223517.91762814 145412.38937313 118328.35220082 156333.44828494
 183692.83045925 291483.29901261 184266.92946224 180996.16535763
 199499.1101253  235933.47267706 139594.63723453 205540.22323151
 230455.46189492 213224.06500849 197449.02072921 240215.13737632
 259238.26104738 187627.01922043 185839.3330414  159447.94410222
 158931.84746712 220985.52273264 173362.25249425 186285.26884617
 167791.7499218  194025.44711212 309445.92802187 277609.83469442
 249083.18671325 190412.58901963 156414.98914137 186678.76959951
 142695.78934419 181217.4323934  130009.3944029  153256.20575915
 135023.00501331 171546.26734208 231067.32470281 260438.49203125
 204620.2471562  177376.25209011 213382.70940396 161036.56094491
 106018.36040876 276164.90204031 170758.17786842 287244.39193317
 270848.63404048 280339.36465296 214107.76431299 206403.15952666
 185436.44785972 208079.31251028 157300.87333646 204932.77326461
 146144.4425939  196048.97008445 199746.11396667 250380.26360462
 172388.71792738 200994.88883735 210854.21909443 139257.93788643
 189553.7625994  298923.40510819 235821.61824287 173215.27339655
 183357.12946611 119735.60113704 187830.32777956 231043.78537366
 141351.99074484 258491.28118698 135997.2509107  158259.72724213
 212058.34058314 158401.07625044 141229.99701379 221101.33951193
 169000.30360018 118650.87477059 318271.43583239 189736.40409877
 134680.98989475 173148.34139007 323705.95554596 121065.37161483
 309601.05228774 163066.74680918 134754.67734478 130067.85433311
 242492.81499192 221751.33798583 276090.51064414  88455.88003337
 269751.19549576 147256.73216175 211839.45892278 199866.28188304
 203991.46542871 187026.15146913 202974.9909955  191850.0846229
 279297.20835964 158019.05801758 111953.37154687 186345.99497184
 215112.40166923 193094.85343004 128222.25610742 230283.39155221
 272697.85947113  84932.84987544 245856.25179189 251999.91138053
 229331.64114404 226937.65933077 195091.55464157 180259.21228621
 230406.08462533 187136.25549424 194037.08846099 164275.3147847
 216873.96839381 176704.59182713 154364.03345978 155238.92348268
 179967.49672621 242899.48086621 140485.23772074 176565.57070853]
2025-06-15 06:58:42 INFO Expected Optimum FE: -656.7889979935655
2025-06-15 06:58:42 INFO Multimodal (single component) AOCC mean: 0.0000
2025-06-15 06:58:42 INFO AOCC mean: 0.0000
2025-06-15 06:58:42 INFO Run function 8 complete. FEHistory len: 300, AOCC: 0.0000
2025-06-15 06:58:42 INFO FeHistory: [230023.70676249 152099.92228468 239615.45548938 204798.21633344
 227078.54025259 117484.06166584 172113.58770135 295055.3592493
 182910.74487383 187266.6865446  239744.41071987 210559.74429454
 152754.64675198 185117.36574166 228973.19194733 210125.91131194
 180137.67363654 158774.85035384 164359.23615772 204598.90054679
 259254.71644806 128783.91594226 202316.18871422 174057.46912159
 221148.76987694 157849.6968683  168209.3749243  204076.09854464
 148293.50186688 131400.86833449 175966.02066736 170070.09214492
 166830.70291315 128620.94850834 201797.61554942 156798.03457727
 137640.64299246 203011.35811088 161372.96888487 112403.51322247
 249556.19328501 330607.00697764 339312.169594   259729.45416504
 156854.2288991  193164.43470086 186023.28831132 115909.04725987
 200714.3917909  201667.21650851 151457.52250683 200073.86997978
 220050.93924832 280214.56454292 179854.04473137 145591.57298681
 222609.83622004 105591.75913813 110471.97036569 105766.19998301
 162668.02576202 143069.55884387 179440.30962365 188959.03669116
 167930.01959141 115622.55425447 294734.23345844 179811.64940749
 172386.66701247 259958.15863685 165092.26267746 157961.7399074
 180798.99740331 188047.22983046 227568.3054377  186974.20213359
 235667.37427827 256004.70399499 170003.94560365 228114.15992966
 197872.86058583 113900.00091521 223576.15599449 146528.63387504
 104130.04686014 174620.28943066 199529.66204499 170772.22798371
 128979.0221413  183599.96307433 157415.42126881 244635.88895024
 202612.50300634 250145.45996546 181828.94497177 142017.97478098
 206196.66123229 252814.19987797 179195.22181721 126642.17121143
 250345.21564738 248459.27121594 237813.08072671 171169.96358791
 217162.31842929 235488.70060415 137871.66411022 234050.51345543
 258327.36409597 237003.04970745 235039.48153825 279787.7440124
 198666.32581709 211528.97439877 214127.16614198 115991.24110711
 203316.82333293 234889.45324807 214668.26413185 273161.63202412
 106006.04826573 127134.58099834 254347.60832617 204443.95006
 214613.39580654 365938.21368766 226868.45537962 217633.99316716
 127809.37038909 270499.13457064 285111.86242697 194515.59524183
 128518.61110231 133975.41224543 211011.59180839 272587.98021437
 207851.18304018 189163.81543964 273525.90052531 138075.90194962
 144804.45092499 308360.97904639 178017.70684768 288682.80825813
 260863.37842261 169022.37303043 221324.87173354 193061.31644108
 282767.27919306 223711.05670813 112720.27318362 138701.7585044
 146182.69156447 186254.74192259 110053.79856435 153306.57955488
 154838.204664   208184.75632261 291084.37718445 111665.2440053
 130027.71440644 195717.49536928 219917.72424306 150613.0531666
 252329.45867324 148942.81388512 209078.41860827 165270.83723875
 115006.43617593 223923.11105555 264378.94313531 202010.07410616
 142142.72105101 249780.91916585 232427.33256507 191674.68844328
 166660.72407295 133305.86201207 143350.58829649 229564.81359599
 157504.69114909 233528.29825354 287288.57173147 234039.41674493
 154376.71593618 165777.9955376  157132.58506008 145438.79902891
 137910.7995694  198145.50276053 302550.64697634 191758.43332415
 152623.29730163 249318.30178293 157043.07689414 138177.16501324
 153991.75761183 147228.97117261 123212.07918036 281059.18300114
 314627.99822147 159321.82491624 209589.57042406 215510.10450203
 268814.9585079  226660.27507551 237568.73151444  84522.65409807
 260856.79321265  89619.08708382 196926.24238498 174779.46954505
 206403.81486961 159940.13256617 190685.54731512 319569.66995262
 118267.92518602 202273.75184144 157974.16714602 139715.97331079
  86344.66938294 175504.89526252 199465.6378693  183129.62204923
 256420.73703444 233772.30214742 138461.62949704 221727.29780912
 132562.98691547 152233.47405444 224082.33065596 148896.46935873
 146751.94379729 124950.31398695 149184.06184643 252227.81438714
 214577.07541007  97207.79898316 152009.09863868 292774.10811813
 206151.05896502 206933.52703338 180937.52280048 264498.82558744
 229021.58619708 173171.14151466 220865.84119575 176915.16249646
 289760.13924339 180385.8879834  247834.07418346 180781.02698305
 216503.14966526 167118.15576071 170511.19688355 224857.23931947
 269042.94615553 154939.32674428 161029.06108491 178952.75402738
 229189.5749537   98249.39027054 222257.53510217 183689.15005934
 180348.36967918 312767.19455586 144484.91937027 143829.99423968
 251029.26332199 111400.72438867 113660.50870515 200221.86114535
 180755.53353175 287772.09011033 144251.51246077 144810.6813857
 172559.06667738 179942.79326753 291662.72879387 244033.68831578
  93523.39606971 167530.72877627 164995.32101037 168080.42316831
 197316.13013027 209602.10729612 102490.21409907 166104.59038226
 167490.77372444 276089.88381322 154499.39659976 163066.94137512
 198978.88832097 236838.80248137 220981.88691721 260396.85187178
 133988.37079835 194196.90207504 143566.26743154 122968.44539837]
2025-06-15 06:58:42 INFO Expected Optimum FE: -656.7889979935655
2025-06-15 06:58:42 INFO Multimodal (single component) AOCC mean: 0.0000
2025-06-15 06:58:42 INFO AOCC mean: 0.0000
2025-06-15 06:58:52 INFO Run function 8 complete. FEHistory len: 100000, AOCC: 0.0000
2025-06-15 06:58:52 INFO FeHistory: [175784.75716977 216578.45253099 259447.30435776 ... 133274.80791892
 170736.45185715 167061.56583666]
2025-06-15 06:58:52 INFO Expected Optimum FE: -656.7889979935655
2025-06-15 06:58:52 INFO Multimodal (single component) AOCC mean: 0.0000
2025-06-15 06:58:52 INFO AOCC mean: 0.0000
2025-06-15 07:16:24 INFO --- GNBG Problem Parameters for f8 ---
  Dimension: 30, MaxEvals: 500000
  Search Bounds: [-100, 100]
  Number of Components: 1
  Known Optimum Value: -656.788998
  Lambda (Curvature): [1]
  Mu (Asymmetry/Depth): [0.2 0.2]
----------------------------------------
2025-06-15 07:16:35 INFO Run function 8 complete. FEHistory len: 100000, AOCC: 0.0000
2025-06-15 07:16:35 INFO FeHistory: [304640.59262729 224134.3964393  292526.48949766 ... 183545.96296605
 240667.48641868 122242.21765322]
2025-06-15 07:16:35 INFO Expected Optimum FE: -656.7889979935655
2025-06-15 07:16:35 INFO Multimodal (single component) AOCC mean: 0.0000
2025-06-15 07:16:35 INFO AOCC mean: 0.0000
