2025-06-14 22:58:59 INFO --- GNBG Problem Parameters for f8 ---
  Dimension: 30, MaxEvals: 500000
  Search Bounds: [-100, 100]
  Number of Components: 1
  Known Optimum Value: -656.788998
  Lambda (Curvature): [1]
  Mu (Asymmetry/Depth): [0.2 0.2]
----------------------------------------
2025-06-14 22:58:59 ERROR Can not run the algorithm
2025-06-14 22:58:59 INFO Run function 8 complete. FEHistory len: 30, AOCC: 0.0000
2025-06-14 22:58:59 INFO FeHistory: [162217.22947945 177609.39780428 199153.66739405 260477.84760902
 169389.81653777 192036.40384291 183472.16881833 169475.66983567
 226664.46203789 161421.08893926 207358.64000881 184826.59913572
 265888.76832554 289930.62668163 175566.15199389 130432.00184039
 207497.21454478 194598.25946854 273623.34167151 232785.13850746
 133122.88665093 146857.89711456 237027.49728291 246713.40252781
 192126.15334764 231351.88864441 131479.51961858 200679.75118067
 291881.79905604 219315.94910539]
2025-06-14 22:58:59 INFO Expected Optimum FE: -656.7889979935655
2025-06-14 22:58:59 INFO Multimodal (single component) AOCC mean: 0.0000
2025-06-14 22:58:59 INFO AOCC mean: 0.0000
2025-06-14 22:58:59 INFO --- GNBG Problem Parameters for f8 ---
  Dimension: 30, MaxEvals: 500000
  Search Bounds: [-100, 100]
  Number of Components: 1
  Known Optimum Value: -656.788998
  Lambda (Curvature): [1]
  Mu (Asymmetry/Depth): [0.2 0.2]
----------------------------------------
2025-06-14 22:58:59 INFO --- GNBG Problem Parameters for f8 ---
  Dimension: 30, MaxEvals: 500000
  Search Bounds: [-100, 100]
  Number of Components: 1
  Known Optimum Value: -656.788998
  Lambda (Curvature): [1]
  Mu (Asymmetry/Depth): [0.2 0.2]
----------------------------------------
2025-06-14 22:59:01 INFO --- GNBG Problem Parameters for f8 ---
  Dimension: 30, MaxEvals: 500000
  Search Bounds: [-100, 100]
  Number of Components: 1
  Known Optimum Value: -656.788998
  Lambda (Curvature): [1]
  Mu (Asymmetry/Depth): [0.2 0.2]
----------------------------------------
2025-06-14 22:59:01 INFO --- GNBG Problem Parameters for f8 ---
  Dimension: 30, MaxEvals: 500000
  Search Bounds: [-100, 100]
  Number of Components: 1
  Known Optimum Value: -656.788998
  Lambda (Curvature): [1]
  Mu (Asymmetry/Depth): [0.2 0.2]
----------------------------------------
2025-06-14 22:59:09 INFO Run function 8 complete. FEHistory len: 100000, AOCC: 0.0000
2025-06-14 22:59:09 INFO FeHistory: [187279.94140316 243171.04473172 194470.73819225 ...  30670.17204049
  30670.41423375  30664.73585126]
2025-06-14 22:59:09 INFO Expected Optimum FE: -656.7889979935655
2025-06-14 22:59:09 INFO Multimodal (single component) AOCC mean: 0.0000
2025-06-14 22:59:09 INFO AOCC mean: 0.0000
2025-06-14 22:59:12 INFO Run function 8 complete. FEHistory len: 100000, AOCC: 0.0000
2025-06-14 22:59:12 INFO FeHistory: [202059.05439459 209069.4229384  164738.75011181 ... 370886.95695091
 177452.93964952 345702.21212122]
2025-06-14 22:59:12 INFO Expected Optimum FE: -656.7889979935655
2025-06-14 22:59:12 INFO Multimodal (single component) AOCC mean: 0.0000
2025-06-14 22:59:12 INFO AOCC mean: 0.0000
2025-06-14 22:59:12 INFO Run function 8 complete. FEHistory len: 100000, AOCC: 0.0000
2025-06-14 22:59:12 INFO FeHistory: [143503.04615446 172537.79592663 213311.77160332 ...   6658.58340791
   6658.58245424   6658.58509944]
2025-06-14 22:59:12 INFO Expected Optimum FE: -656.7889979935655
2025-06-14 22:59:12 INFO Multimodal (single component) AOCC mean: 0.0000
2025-06-14 22:59:12 INFO AOCC mean: 0.0000
2025-06-14 22:59:12 INFO Run function 8 complete. FEHistory len: 100000, AOCC: 0.0000
2025-06-14 22:59:12 INFO FeHistory: [138349.81393174 381397.46653983 127410.31187475 ...   3034.0381033
   1320.36248703   2254.0247658 ]
2025-06-14 22:59:12 INFO Expected Optimum FE: -656.7889979935655
2025-06-14 22:59:12 INFO Multimodal (single component) AOCC mean: 0.0000
2025-06-14 22:59:12 INFO AOCC mean: 0.0000
2025-06-14 22:59:20 INFO --- GNBG Problem Parameters for f8 ---
  Dimension: 30, MaxEvals: 500000
  Search Bounds: [-100, 100]
  Number of Components: 1
  Known Optimum Value: -656.788998
  Lambda (Curvature): [1]
  Mu (Asymmetry/Depth): [0.2 0.2]
----------------------------------------
2025-06-14 22:59:20 INFO --- GNBG Problem Parameters for f8 ---
  Dimension: 30, MaxEvals: 500000
  Search Bounds: [-100, 100]
  Number of Components: 1
  Known Optimum Value: -656.788998
  Lambda (Curvature): [1]
  Mu (Asymmetry/Depth): [0.2 0.2]
----------------------------------------
2025-06-14 22:59:21 INFO --- GNBG Problem Parameters for f8 ---
  Dimension: 30, MaxEvals: 500000
  Search Bounds: [-100, 100]
  Number of Components: 1
  Known Optimum Value: -656.788998
  Lambda (Curvature): [1]
  Mu (Asymmetry/Depth): [0.2 0.2]
----------------------------------------
2025-06-14 22:59:21 INFO --- GNBG Problem Parameters for f8 ---
  Dimension: 30, MaxEvals: 500000
  Search Bounds: [-100, 100]
  Number of Components: 1
  Known Optimum Value: -656.788998
  Lambda (Curvature): [1]
  Mu (Asymmetry/Depth): [0.2 0.2]
----------------------------------------
2025-06-14 22:59:21 INFO --- GNBG Problem Parameters for f8 ---
  Dimension: 30, MaxEvals: 500000
  Search Bounds: [-100, 100]
  Number of Components: 1
  Known Optimum Value: -656.788998
  Lambda (Curvature): [1]
  Mu (Asymmetry/Depth): [0.2 0.2]
----------------------------------------
2025-06-14 22:59:37 INFO Run function 8 complete. FEHistory len: 100000, AOCC: 0.0000
2025-06-14 22:59:37 INFO FeHistory: [220512.59898085 160933.46911068 225667.90509059 ...  16167.32474504
  17304.3178689   19061.69117891]
2025-06-14 22:59:37 INFO Expected Optimum FE: -656.7889979935655
2025-06-14 22:59:37 INFO Multimodal (single component) AOCC mean: 0.0000
2025-06-14 22:59:37 INFO AOCC mean: 0.0000
2025-06-14 22:59:37 INFO Run function 8 complete. FEHistory len: 100000, AOCC: 0.0000
2025-06-14 22:59:37 INFO FeHistory: [201845.17509589 148624.15778224 188210.69158364 ...  16154.0537175
  16154.05371751  16154.05371756]
2025-06-14 22:59:37 INFO Expected Optimum FE: -656.7889979935655
2025-06-14 22:59:37 INFO Multimodal (single component) AOCC mean: 0.0000
2025-06-14 22:59:37 INFO AOCC mean: 0.0000
2025-06-14 22:59:43 INFO Run function 8 complete. FEHistory len: 100000, AOCC: 0.0000
2025-06-14 22:59:43 INFO FeHistory: [160563.2923187  159014.03462996 219084.93745338 ...  71087.24407169
  31995.047259    35962.86983834]
2025-06-14 22:59:43 INFO Expected Optimum FE: -656.7889979935655
2025-06-14 22:59:43 INFO Multimodal (single component) AOCC mean: 0.0000
2025-06-14 22:59:43 INFO AOCC mean: 0.0000
2025-06-14 22:59:44 INFO Run function 8 complete. FEHistory len: 100000, AOCC: 0.0000
2025-06-14 22:59:44 INFO FeHistory: [198115.81792652 191202.7882523  284662.37711337 ... 332796.1897397
 276250.98051554 208951.08461494]
2025-06-14 22:59:44 INFO Expected Optimum FE: -656.7889979935655
2025-06-14 22:59:44 INFO Multimodal (single component) AOCC mean: 0.0000
2025-06-14 22:59:44 INFO AOCC mean: 0.0000
