2025-06-14 22:38:20 INFO --- GNBG Problem Parameters for f8 ---
  Dimension: 30, MaxEvals: 500000
  Search Bounds: [-100, 100]
  Number of Components: 1
  Known Optimum Value: -656.788998
  Lambda (Curvature): [1]
  Mu (Asymmetry/Depth): [0.2 0.2]
----------------------------------------
2025-06-14 22:38:20 ERROR Can not run the algorithm
2025-06-14 22:38:20 INFO Run function 8 complete. FEHistory len: 0, AOCC: 0.0000
2025-06-14 22:38:20 INFO FeHistory: []
2025-06-14 22:38:20 INFO Expected Optimum FE: -656.7889979935655
2025-06-14 22:38:20 INFO Multimodal (single component) AOCC mean: 0.0000
2025-06-14 22:38:20 INFO AOCC mean: 0.0000
2025-06-14 22:38:21 INFO --- GNBG Problem Parameters for f8 ---
  Dimension: 30, MaxEvals: 500000
  Search Bounds: [-100, 100]
  Number of Components: 1
  Known Optimum Value: -656.788998
  Lambda (Curvature): [1]
  Mu (Asymmetry/Depth): [0.2 0.2]
----------------------------------------
2025-06-14 22:38:22 INFO --- GNBG Problem Parameters for f8 ---
  Dimension: 30, MaxEvals: 500000
  Search Bounds: [-100, 100]
  Number of Components: 1
  Known Optimum Value: -656.788998
  Lambda (Curvature): [1]
  Mu (Asymmetry/Depth): [0.2 0.2]
----------------------------------------
2025-06-14 22:38:23 INFO --- GNBG Problem Parameters for f8 ---
  Dimension: 30, MaxEvals: 500000
  Search Bounds: [-100, 100]
  Number of Components: 1
  Known Optimum Value: -656.788998
  Lambda (Curvature): [1]
  Mu (Asymmetry/Depth): [0.2 0.2]
----------------------------------------
2025-06-14 22:38:23 ERROR Can not run the algorithm
2025-06-14 22:38:23 INFO Run function 8 complete. FEHistory len: 300, AOCC: 0.0000
2025-06-14 22:38:23 INFO FeHistory: [165574.25120172 138099.06487378 152625.77065208 200862.92539698
 226363.89667163 204766.29155173 193915.8635737  192388.60788813
 114787.35448287 230383.89287474 226194.90036333 141790.14907402
 239290.15729213 189912.1954913  264194.85107528 210299.95124882
 123560.687924   203082.38910079 205071.49435827 125036.66174892
 228562.05046901 192043.25162887 160974.24887194 153906.79567935
 171117.34382325 164269.17239949 204718.77061381 300198.86600875
 137726.06602772  87185.8682578  123051.19508455 189776.66423554
 150232.17342072 250429.94724877 250140.89283617 226644.70102305
 194705.18682252 141547.10522446 132461.57243401 223205.40696897
 229799.87482524 157758.36836489 197123.25449825 143709.26930921
 120190.24321094 201112.60214006 173196.721395   171302.320173
 206076.57263738 219557.64143256 191362.4654815  162289.44497225
 150254.90923259 158637.83714104 129992.72936645 250943.13331574
 170872.27333177 245438.6691777  192313.5785876  249065.92051556
 157557.73222317 159719.54032618 265793.17042951 180874.99591085
 181309.47961541 163828.37454606 157290.13520875 184085.52199845
 131446.45134951 276353.45971021 340461.84521221 122575.89720374
 301495.9049162  229603.33791714 284730.56553445 242036.94241683
 233358.31017682 180962.23011508 263662.12093775 223121.17267264
 182375.35729541 247230.35064989 211353.61676189 203140.48464671
 244042.77866835 114322.03271871 157363.47492764 225062.60957184
 195440.83929109 181168.93837967 106060.1109529  156071.02971191
 223558.86099294 194874.53764806 177148.94008946 232271.40830756
 192079.59489533 213290.7602355  161952.05888438 130240.5949525
 214854.15790653 191368.79929871 148918.11176298 274891.71565689
 176191.78405524 231096.41075104 261191.17031943 152337.74622603
 201246.99868631 110621.77556309 177767.22982765 235486.70982856
 134640.11049899 166130.51616148 108981.57917914 197560.01482386
 129402.18161954 165439.16656461 146661.38418805 188548.70778122
 120232.14796795 219889.04527981  82481.56147921 157803.99901199
 321990.96405342 310085.05388367 312867.2564784  114043.18182306
 215861.02070423 259953.13505251 225498.43347452 128913.57733936
 284438.71441183 159766.40427422 204576.09133484 227194.74906488
 186242.5728042  217111.50554121 149539.26838468 205028.79106258
 205405.21818138 188964.70861446 313885.27970068 144248.99973159
 146598.69241959 176798.21761464 167841.49011706 210551.64368365
 277906.90748694 161148.24904824 144041.07718441 200860.57961714
 218722.89883171 157175.6563027  180561.88942611 152214.83162166
 156245.74559777 163528.1605165  190869.05598798 224873.11688398
 147914.55845588 144905.22815608 134207.58261968 192045.79847532
 209520.77213793 124377.63475421 158509.92031461 169202.15675364
 165555.13012318 150071.20591602 128857.06559319  88086.18395261
 248517.61478181 138432.18502324 124074.91264058 247151.00716237
 183358.29234027 249670.61892538 168977.88203049 241658.51297116
 175753.0755379  215327.02345918 227336.61545665 221187.59367989
 135435.88210455 112769.98178834 195902.56586673 219015.47950082
 166149.27239447 162851.86630429  65849.22412952 155268.22755111
 185452.76124799 184660.47242527 241175.86366165 146699.68251937
 203640.68212828 151925.02639988 211421.16893414 252059.07549006
 140738.90058544 173538.70543094 128633.91614849 347992.37858188
 126119.48851009 191965.28630693 292497.81358161 186035.69105072
 185786.14193172  82754.51359971 208977.47155824 117504.06282144
 121430.84191989 207990.65759089 123225.38120769 140433.90447271
 193925.43231342 187548.83064828 107263.9382214  220753.84590266
 258613.91370395 247436.20481678 212880.55933529 233365.96536144
 144346.57040332 245263.26579166 167040.43508398 198127.88267611
 201408.91289624 280078.66238042 193642.03452165 242062.7799562
 160443.36117655 178385.89900446 215823.57787068 187600.80767791
 192896.67306717 152467.24061578 261456.41677965 215630.92571753
 154849.79362839 163293.41747283 165674.38544817 162568.16027559
 134511.59368783 205838.03158781 245573.37872502 266453.85730493
 116425.69225028 238489.4806358  118255.86118192 185998.06878711
 244741.71756436 249439.68432976 255034.52807754 142794.80548504
 328444.12406641 125176.20704169 223445.81605288 253971.48790899
 241757.17761422 250936.47727119 256412.43104071 244845.57778927
 201667.33749609 212266.54648539 214237.69478104 127908.48076841
 180353.43185439 247585.8822564  194170.8097345  213674.7334511
 196201.75369825 180308.50256529 167412.13041476 264727.56239144
 117795.2488391  155790.19233492 162027.31782619 267370.36529277
 175695.39064821 125848.82713124 162578.42412876 206630.02421585
 236719.53003071 201299.87430394 137024.15248195 241785.09157241
 180937.26353898 144890.05721543 174845.9434088   85518.89682
 238744.4123402  225933.45377165 152448.51688328 263067.31195978
 156404.13747666 155460.86344147 288473.59780366 183328.2456329 ]
2025-06-14 22:38:23 INFO Expected Optimum FE: -656.7889979935655
2025-06-14 22:38:23 INFO Multimodal (single component) AOCC mean: 0.0000
2025-06-14 22:38:23 INFO AOCC mean: 0.0000
2025-06-14 22:38:23 INFO --- GNBG Problem Parameters for f8 ---
  Dimension: 30, MaxEvals: 500000
  Search Bounds: [-100, 100]
  Number of Components: 1
  Known Optimum Value: -656.788998
  Lambda (Curvature): [1]
  Mu (Asymmetry/Depth): [0.2 0.2]
----------------------------------------
2025-06-14 22:38:23 ERROR Can not run the algorithm
2025-06-14 22:38:23 INFO Run function 8 complete. FEHistory len: 20, AOCC: 0.0000
2025-06-14 22:38:23 INFO FeHistory: [252376.07285044 223598.53413422 229169.14009143 194868.71332116
 205292.46910762 203355.67446513 219534.69778921 213467.61582372
 166342.23074318 218272.59026228 178834.07734814 191286.88493208
 165666.03068352 258581.63085672 147026.84988739 167222.46893465
 208916.65096814 170695.17578982 191078.89738261 322456.50322216]
2025-06-14 22:38:23 INFO Expected Optimum FE: -656.7889979935655
2025-06-14 22:38:23 INFO Multimodal (single component) AOCC mean: 0.0000
2025-06-14 22:38:23 INFO AOCC mean: 0.0000
2025-06-14 22:38:32 INFO Run function 8 complete. FEHistory len: 100000, AOCC: 0.0000
2025-06-14 22:38:32 INFO FeHistory: [181335.69774793 182183.8609505  150668.70637814 ... 156863.08316151
 191972.04751801 114829.79410944]
2025-06-14 22:38:32 INFO Expected Optimum FE: -656.7889979935655
2025-06-14 22:38:32 INFO Multimodal (single component) AOCC mean: 0.0000
2025-06-14 22:38:32 INFO AOCC mean: 0.0000
2025-06-14 22:38:32 INFO Run function 8 complete. FEHistory len: 100000, AOCC: 0.0000
2025-06-14 22:38:32 INFO FeHistory: [164798.00881818 129328.67524643 198180.59834544 ...  23605.18635622
  22341.05678479  23198.62278957]
2025-06-14 22:38:32 INFO Expected Optimum FE: -656.7889979935655
2025-06-14 22:38:32 INFO Multimodal (single component) AOCC mean: 0.0000
2025-06-14 22:38:32 INFO AOCC mean: 0.0000
